[2024-05-09T15:15:08.463+0000] {processor.py:156} INFO - Started process (PID=167) to work on /opt/airflow/dags/scraping-data-api.py
[2024-05-09T15:15:08.464+0000] {processor.py:758} INFO - Processing file /opt/airflow/dags/scraping-data-api.py for tasks to queue
[2024-05-09T15:15:08.464+0000] {logging_mixin.py:117} INFO - [2024-05-09T15:15:08.464+0000] {dagbag.py:525} INFO - Filling up the DagBag from /opt/airflow/dags/scraping-data-api.py
[2024-05-09T15:15:10.538+0000] {processor.py:768} INFO - DAG(s) dict_keys(['quarterly_lambda_trigger']) retrieved from /opt/airflow/dags/scraping-data-api.py
[2024-05-09T15:15:10.684+0000] {logging_mixin.py:117} INFO - [2024-05-09T15:15:10.684+0000] {manager.py:507} INFO - Created Permission View: can delete on DAG:quarterly_lambda_trigger
[2024-05-09T15:15:10.706+0000] {logging_mixin.py:117} INFO - [2024-05-09T15:15:10.706+0000] {manager.py:507} INFO - Created Permission View: can read on DAG:quarterly_lambda_trigger
[2024-05-09T15:15:10.718+0000] {logging_mixin.py:117} INFO - [2024-05-09T15:15:10.718+0000] {manager.py:507} INFO - Created Permission View: can edit on DAG:quarterly_lambda_trigger
[2024-05-09T15:15:10.719+0000] {logging_mixin.py:117} INFO - [2024-05-09T15:15:10.718+0000] {dag.py:2573} INFO - Sync 1 DAGs
[2024-05-09T15:15:10.745+0000] {logging_mixin.py:117} INFO - [2024-05-09T15:15:10.744+0000] {dag.py:2594} INFO - Creating ORM DAG for quarterly_lambda_trigger
[2024-05-09T15:15:10.775+0000] {logging_mixin.py:117} INFO - [2024-05-09T15:15:10.775+0000] {dag.py:3328} INFO - Setting next_dagrun for quarterly_lambda_trigger to 2024-04-01T10:00:00+00:00, run_after=2024-04-04T10:00:00+00:00
[2024-05-09T15:15:10.836+0000] {processor.py:178} INFO - Processing /opt/airflow/dags/scraping-data-api.py took 2.376 seconds
[2024-05-09T15:15:40.937+0000] {processor.py:156} INFO - Started process (PID=391) to work on /opt/airflow/dags/scraping-data-api.py
[2024-05-09T15:15:40.937+0000] {processor.py:758} INFO - Processing file /opt/airflow/dags/scraping-data-api.py for tasks to queue
[2024-05-09T15:15:40.938+0000] {logging_mixin.py:117} INFO - [2024-05-09T15:15:40.938+0000] {dagbag.py:525} INFO - Filling up the DagBag from /opt/airflow/dags/scraping-data-api.py
[2024-05-09T15:15:41.341+0000] {processor.py:768} INFO - DAG(s) dict_keys(['quarterly_lambda_trigger']) retrieved from /opt/airflow/dags/scraping-data-api.py
[2024-05-09T15:15:41.365+0000] {logging_mixin.py:117} INFO - [2024-05-09T15:15:41.365+0000] {dag.py:2573} INFO - Sync 1 DAGs
[2024-05-09T15:15:41.387+0000] {logging_mixin.py:117} INFO - [2024-05-09T15:15:41.387+0000] {dag.py:3328} INFO - Setting next_dagrun for quarterly_lambda_trigger to 2024-04-01T10:00:00+00:00, run_after=2024-04-04T10:00:00+00:00
[2024-05-09T15:15:41.408+0000] {processor.py:178} INFO - Processing /opt/airflow/dags/scraping-data-api.py took 0.473 seconds
[2024-05-09T15:16:12.127+0000] {processor.py:156} INFO - Started process (PID=606) to work on /opt/airflow/dags/scraping-data-api.py
[2024-05-09T15:16:12.128+0000] {processor.py:758} INFO - Processing file /opt/airflow/dags/scraping-data-api.py for tasks to queue
[2024-05-09T15:16:12.128+0000] {logging_mixin.py:117} INFO - [2024-05-09T15:16:12.128+0000] {dagbag.py:525} INFO - Filling up the DagBag from /opt/airflow/dags/scraping-data-api.py
[2024-05-09T15:16:12.549+0000] {processor.py:768} INFO - DAG(s) dict_keys(['quarterly_lambda_trigger']) retrieved from /opt/airflow/dags/scraping-data-api.py
[2024-05-09T15:16:12.576+0000] {logging_mixin.py:117} INFO - [2024-05-09T15:16:12.575+0000] {dag.py:2573} INFO - Sync 1 DAGs
[2024-05-09T15:16:12.598+0000] {logging_mixin.py:117} INFO - [2024-05-09T15:16:12.598+0000] {dag.py:3328} INFO - Setting next_dagrun for quarterly_lambda_trigger to 2024-04-01T10:00:00+00:00, run_after=2024-04-04T10:00:00+00:00
[2024-05-09T15:16:12.619+0000] {processor.py:178} INFO - Processing /opt/airflow/dags/scraping-data-api.py took 0.494 seconds
[2024-05-09T15:16:42.886+0000] {processor.py:156} INFO - Started process (PID=824) to work on /opt/airflow/dags/scraping-data-api.py
[2024-05-09T15:16:42.886+0000] {processor.py:758} INFO - Processing file /opt/airflow/dags/scraping-data-api.py for tasks to queue
[2024-05-09T15:16:42.887+0000] {logging_mixin.py:117} INFO - [2024-05-09T15:16:42.887+0000] {dagbag.py:525} INFO - Filling up the DagBag from /opt/airflow/dags/scraping-data-api.py
[2024-05-09T15:16:43.284+0000] {processor.py:768} INFO - DAG(s) dict_keys(['quarterly_lambda_trigger']) retrieved from /opt/airflow/dags/scraping-data-api.py
[2024-05-09T15:16:43.304+0000] {logging_mixin.py:117} INFO - [2024-05-09T15:16:43.303+0000] {dag.py:2573} INFO - Sync 1 DAGs
[2024-05-09T15:16:43.331+0000] {logging_mixin.py:117} INFO - [2024-05-09T15:16:43.330+0000] {dag.py:3328} INFO - Setting next_dagrun for quarterly_lambda_trigger to 2024-04-01T10:00:00+00:00, run_after=2024-04-04T10:00:00+00:00
[2024-05-09T15:16:43.351+0000] {processor.py:178} INFO - Processing /opt/airflow/dags/scraping-data-api.py took 0.468 seconds
[2024-05-09T15:17:13.459+0000] {processor.py:156} INFO - Started process (PID=1024) to work on /opt/airflow/dags/scraping-data-api.py
[2024-05-09T15:17:13.460+0000] {processor.py:758} INFO - Processing file /opt/airflow/dags/scraping-data-api.py for tasks to queue
[2024-05-09T15:17:13.461+0000] {logging_mixin.py:117} INFO - [2024-05-09T15:17:13.461+0000] {dagbag.py:525} INFO - Filling up the DagBag from /opt/airflow/dags/scraping-data-api.py
[2024-05-09T15:17:13.967+0000] {processor.py:768} INFO - DAG(s) dict_keys(['quarterly_lambda_trigger']) retrieved from /opt/airflow/dags/scraping-data-api.py
[2024-05-09T15:17:13.996+0000] {logging_mixin.py:117} INFO - [2024-05-09T15:17:13.995+0000] {dag.py:2573} INFO - Sync 1 DAGs
[2024-05-09T15:17:14.026+0000] {logging_mixin.py:117} INFO - [2024-05-09T15:17:14.026+0000] {dag.py:3328} INFO - Setting next_dagrun for quarterly_lambda_trigger to 2024-04-01T10:00:00+00:00, run_after=2024-04-04T10:00:00+00:00
[2024-05-09T15:17:14.060+0000] {processor.py:178} INFO - Processing /opt/airflow/dags/scraping-data-api.py took 0.604 seconds
[2024-05-09T15:17:44.193+0000] {processor.py:156} INFO - Started process (PID=1243) to work on /opt/airflow/dags/scraping-data-api.py
[2024-05-09T15:17:44.193+0000] {processor.py:758} INFO - Processing file /opt/airflow/dags/scraping-data-api.py for tasks to queue
[2024-05-09T15:17:44.194+0000] {logging_mixin.py:117} INFO - [2024-05-09T15:17:44.194+0000] {dagbag.py:525} INFO - Filling up the DagBag from /opt/airflow/dags/scraping-data-api.py
[2024-05-09T15:17:44.603+0000] {processor.py:768} INFO - DAG(s) dict_keys(['quarterly_lambda_trigger']) retrieved from /opt/airflow/dags/scraping-data-api.py
[2024-05-09T15:17:44.621+0000] {logging_mixin.py:117} INFO - [2024-05-09T15:17:44.621+0000] {dag.py:2573} INFO - Sync 1 DAGs
[2024-05-09T15:17:44.640+0000] {logging_mixin.py:117} INFO - [2024-05-09T15:17:44.640+0000] {dag.py:3328} INFO - Setting next_dagrun for quarterly_lambda_trigger to 2024-04-01T10:00:00+00:00, run_after=2024-04-04T10:00:00+00:00
[2024-05-09T15:17:44.657+0000] {processor.py:178} INFO - Processing /opt/airflow/dags/scraping-data-api.py took 0.467 seconds
[2024-05-09T15:18:14.774+0000] {processor.py:156} INFO - Started process (PID=1459) to work on /opt/airflow/dags/scraping-data-api.py
[2024-05-09T15:18:14.774+0000] {processor.py:758} INFO - Processing file /opt/airflow/dags/scraping-data-api.py for tasks to queue
[2024-05-09T15:18:14.775+0000] {logging_mixin.py:117} INFO - [2024-05-09T15:18:14.775+0000] {dagbag.py:525} INFO - Filling up the DagBag from /opt/airflow/dags/scraping-data-api.py
[2024-05-09T15:18:15.138+0000] {processor.py:768} INFO - DAG(s) dict_keys(['quarterly_lambda_trigger']) retrieved from /opt/airflow/dags/scraping-data-api.py
[2024-05-09T15:18:15.155+0000] {logging_mixin.py:117} INFO - [2024-05-09T15:18:15.155+0000] {dag.py:2573} INFO - Sync 1 DAGs
[2024-05-09T15:18:15.174+0000] {logging_mixin.py:117} INFO - [2024-05-09T15:18:15.174+0000] {dag.py:3328} INFO - Setting next_dagrun for quarterly_lambda_trigger to 2024-04-01T10:00:00+00:00, run_after=2024-04-04T10:00:00+00:00
[2024-05-09T15:18:15.193+0000] {processor.py:178} INFO - Processing /opt/airflow/dags/scraping-data-api.py took 0.422 seconds
[2024-05-09T15:18:45.767+0000] {processor.py:156} INFO - Started process (PID=1665) to work on /opt/airflow/dags/scraping-data-api.py
[2024-05-09T15:18:45.768+0000] {processor.py:758} INFO - Processing file /opt/airflow/dags/scraping-data-api.py for tasks to queue
[2024-05-09T15:18:45.769+0000] {logging_mixin.py:117} INFO - [2024-05-09T15:18:45.769+0000] {dagbag.py:525} INFO - Filling up the DagBag from /opt/airflow/dags/scraping-data-api.py
[2024-05-09T15:18:46.114+0000] {processor.py:768} INFO - DAG(s) dict_keys(['quarterly_lambda_trigger']) retrieved from /opt/airflow/dags/scraping-data-api.py
[2024-05-09T15:18:46.136+0000] {logging_mixin.py:117} INFO - [2024-05-09T15:18:46.135+0000] {dag.py:2573} INFO - Sync 1 DAGs
[2024-05-09T15:18:46.166+0000] {logging_mixin.py:117} INFO - [2024-05-09T15:18:46.166+0000] {dag.py:3328} INFO - Setting next_dagrun for quarterly_lambda_trigger to 2024-04-01T10:00:00+00:00, run_after=2024-04-04T10:00:00+00:00
[2024-05-09T15:18:46.187+0000] {processor.py:178} INFO - Processing /opt/airflow/dags/scraping-data-api.py took 0.423 seconds
[2024-05-09T15:19:16.537+0000] {processor.py:156} INFO - Started process (PID=1870) to work on /opt/airflow/dags/scraping-data-api.py
[2024-05-09T15:19:16.538+0000] {processor.py:758} INFO - Processing file /opt/airflow/dags/scraping-data-api.py for tasks to queue
[2024-05-09T15:19:16.538+0000] {logging_mixin.py:117} INFO - [2024-05-09T15:19:16.538+0000] {dagbag.py:525} INFO - Filling up the DagBag from /opt/airflow/dags/scraping-data-api.py
[2024-05-09T15:19:16.866+0000] {processor.py:768} INFO - DAG(s) dict_keys(['quarterly_lambda_trigger']) retrieved from /opt/airflow/dags/scraping-data-api.py
[2024-05-09T15:19:16.889+0000] {logging_mixin.py:117} INFO - [2024-05-09T15:19:16.888+0000] {dag.py:2573} INFO - Sync 1 DAGs
[2024-05-09T15:19:16.921+0000] {logging_mixin.py:117} INFO - [2024-05-09T15:19:16.921+0000] {dag.py:3328} INFO - Setting next_dagrun for quarterly_lambda_trigger to 2024-04-01T10:00:00+00:00, run_after=2024-04-04T10:00:00+00:00
[2024-05-09T15:19:16.944+0000] {processor.py:178} INFO - Processing /opt/airflow/dags/scraping-data-api.py took 0.410 seconds
[2024-05-09T15:19:47.325+0000] {processor.py:156} INFO - Started process (PID=2083) to work on /opt/airflow/dags/scraping-data-api.py
[2024-05-09T15:19:47.326+0000] {processor.py:758} INFO - Processing file /opt/airflow/dags/scraping-data-api.py for tasks to queue
[2024-05-09T15:19:47.326+0000] {logging_mixin.py:117} INFO - [2024-05-09T15:19:47.326+0000] {dagbag.py:525} INFO - Filling up the DagBag from /opt/airflow/dags/scraping-data-api.py
[2024-05-09T15:19:47.638+0000] {processor.py:768} INFO - DAG(s) dict_keys(['quarterly_lambda_trigger']) retrieved from /opt/airflow/dags/scraping-data-api.py
[2024-05-09T15:19:47.669+0000] {logging_mixin.py:117} INFO - [2024-05-09T15:19:47.669+0000] {dag.py:2573} INFO - Sync 1 DAGs
[2024-05-09T15:19:47.702+0000] {logging_mixin.py:117} INFO - [2024-05-09T15:19:47.702+0000] {dag.py:3328} INFO - Setting next_dagrun for quarterly_lambda_trigger to 2024-04-01T10:00:00+00:00, run_after=2024-04-04T10:00:00+00:00
[2024-05-09T15:19:47.725+0000] {processor.py:178} INFO - Processing /opt/airflow/dags/scraping-data-api.py took 0.402 seconds
[2024-05-09T15:20:18.153+0000] {processor.py:156} INFO - Started process (PID=2297) to work on /opt/airflow/dags/scraping-data-api.py
[2024-05-09T15:20:18.154+0000] {processor.py:758} INFO - Processing file /opt/airflow/dags/scraping-data-api.py for tasks to queue
[2024-05-09T15:20:18.155+0000] {logging_mixin.py:117} INFO - [2024-05-09T15:20:18.155+0000] {dagbag.py:525} INFO - Filling up the DagBag from /opt/airflow/dags/scraping-data-api.py
[2024-05-09T15:20:18.454+0000] {processor.py:768} INFO - DAG(s) dict_keys(['quarterly_lambda_trigger']) retrieved from /opt/airflow/dags/scraping-data-api.py
[2024-05-09T15:20:18.476+0000] {logging_mixin.py:117} INFO - [2024-05-09T15:20:18.476+0000] {dag.py:2573} INFO - Sync 1 DAGs
[2024-05-09T15:20:18.499+0000] {logging_mixin.py:117} INFO - [2024-05-09T15:20:18.499+0000] {dag.py:3328} INFO - Setting next_dagrun for quarterly_lambda_trigger to 2024-04-01T10:00:00+00:00, run_after=2024-04-04T10:00:00+00:00
[2024-05-09T15:20:18.519+0000] {processor.py:178} INFO - Processing /opt/airflow/dags/scraping-data-api.py took 0.369 seconds
[2024-05-09T15:20:49.105+0000] {processor.py:156} INFO - Started process (PID=2510) to work on /opt/airflow/dags/scraping-data-api.py
[2024-05-09T15:20:49.107+0000] {processor.py:758} INFO - Processing file /opt/airflow/dags/scraping-data-api.py for tasks to queue
[2024-05-09T15:20:49.107+0000] {logging_mixin.py:117} INFO - [2024-05-09T15:20:49.107+0000] {dagbag.py:525} INFO - Filling up the DagBag from /opt/airflow/dags/scraping-data-api.py
[2024-05-09T15:20:49.431+0000] {processor.py:768} INFO - DAG(s) dict_keys(['quarterly_lambda_trigger']) retrieved from /opt/airflow/dags/scraping-data-api.py
[2024-05-09T15:20:49.455+0000] {logging_mixin.py:117} INFO - [2024-05-09T15:20:49.455+0000] {dag.py:2573} INFO - Sync 1 DAGs
[2024-05-09T15:20:49.487+0000] {logging_mixin.py:117} INFO - [2024-05-09T15:20:49.487+0000] {dag.py:3328} INFO - Setting next_dagrun for quarterly_lambda_trigger to 2024-04-01T10:00:00+00:00, run_after=2024-04-04T10:00:00+00:00
[2024-05-09T15:20:49.509+0000] {processor.py:178} INFO - Processing /opt/airflow/dags/scraping-data-api.py took 0.407 seconds
[2024-05-09T15:21:19.776+0000] {processor.py:156} INFO - Started process (PID=2714) to work on /opt/airflow/dags/scraping-data-api.py
[2024-05-09T15:21:19.777+0000] {processor.py:758} INFO - Processing file /opt/airflow/dags/scraping-data-api.py for tasks to queue
[2024-05-09T15:21:19.778+0000] {logging_mixin.py:117} INFO - [2024-05-09T15:21:19.778+0000] {dagbag.py:525} INFO - Filling up the DagBag from /opt/airflow/dags/scraping-data-api.py
[2024-05-09T15:21:20.103+0000] {processor.py:768} INFO - DAG(s) dict_keys(['quarterly_lambda_trigger']) retrieved from /opt/airflow/dags/scraping-data-api.py
[2024-05-09T15:21:20.124+0000] {logging_mixin.py:117} INFO - [2024-05-09T15:21:20.124+0000] {dag.py:2573} INFO - Sync 1 DAGs
[2024-05-09T15:21:20.146+0000] {logging_mixin.py:117} INFO - [2024-05-09T15:21:20.146+0000] {dag.py:3328} INFO - Setting next_dagrun for quarterly_lambda_trigger to 2024-04-01T10:00:00+00:00, run_after=2024-04-04T10:00:00+00:00
[2024-05-09T15:21:20.168+0000] {processor.py:178} INFO - Processing /opt/airflow/dags/scraping-data-api.py took 0.395 seconds
[2024-05-09T16:29:50.631+0000] {processor.py:156} INFO - Started process (PID=176) to work on /opt/airflow/dags/scraping-data-api.py
[2024-05-09T16:29:50.638+0000] {processor.py:758} INFO - Processing file /opt/airflow/dags/scraping-data-api.py for tasks to queue
[2024-05-09T16:29:50.638+0000] {logging_mixin.py:117} INFO - [2024-05-09T16:29:50.638+0000] {dagbag.py:525} INFO - Filling up the DagBag from /opt/airflow/dags/scraping-data-api.py
[2024-05-09T16:29:52.554+0000] {processor.py:768} INFO - DAG(s) dict_keys(['quarterly_lambda_trigger']) retrieved from /opt/airflow/dags/scraping-data-api.py
[2024-05-09T16:29:52.580+0000] {logging_mixin.py:117} INFO - [2024-05-09T16:29:52.579+0000] {dag.py:2573} INFO - Sync 1 DAGs
[2024-05-09T16:29:52.612+0000] {logging_mixin.py:117} INFO - [2024-05-09T16:29:52.612+0000] {dag.py:3328} INFO - Setting next_dagrun for quarterly_lambda_trigger to 2024-04-01T10:00:00+00:00, run_after=2024-04-04T10:00:00+00:00
[2024-05-09T16:29:52.636+0000] {processor.py:178} INFO - Processing /opt/airflow/dags/scraping-data-api.py took 2.009 seconds
[2024-05-09T16:30:25.283+0000] {processor.py:156} INFO - Started process (PID=165) to work on /opt/airflow/dags/scraping-data-api.py
[2024-05-09T16:30:25.284+0000] {processor.py:758} INFO - Processing file /opt/airflow/dags/scraping-data-api.py for tasks to queue
[2024-05-09T16:30:25.284+0000] {logging_mixin.py:117} INFO - [2024-05-09T16:30:25.284+0000] {dagbag.py:525} INFO - Filling up the DagBag from /opt/airflow/dags/scraping-data-api.py
[2024-05-09T16:30:25.809+0000] {processor.py:768} INFO - DAG(s) dict_keys(['quarterly_lambda_trigger']) retrieved from /opt/airflow/dags/scraping-data-api.py
[2024-05-09T16:30:25.832+0000] {logging_mixin.py:117} INFO - [2024-05-09T16:30:25.832+0000] {dag.py:2573} INFO - Sync 1 DAGs
[2024-05-09T16:30:25.865+0000] {logging_mixin.py:117} INFO - [2024-05-09T16:30:25.865+0000] {dag.py:3328} INFO - Setting next_dagrun for quarterly_lambda_trigger to 2024-04-01T10:00:00+00:00, run_after=2024-04-04T10:00:00+00:00
[2024-05-09T16:30:25.894+0000] {processor.py:178} INFO - Processing /opt/airflow/dags/scraping-data-api.py took 0.614 seconds
[2024-05-09T16:30:56.446+0000] {processor.py:156} INFO - Started process (PID=379) to work on /opt/airflow/dags/scraping-data-api.py
[2024-05-09T16:30:56.447+0000] {processor.py:758} INFO - Processing file /opt/airflow/dags/scraping-data-api.py for tasks to queue
[2024-05-09T16:30:56.448+0000] {logging_mixin.py:117} INFO - [2024-05-09T16:30:56.448+0000] {dagbag.py:525} INFO - Filling up the DagBag from /opt/airflow/dags/scraping-data-api.py
[2024-05-09T16:30:56.853+0000] {processor.py:768} INFO - DAG(s) dict_keys(['quarterly_lambda_trigger']) retrieved from /opt/airflow/dags/scraping-data-api.py
[2024-05-09T16:30:56.873+0000] {logging_mixin.py:117} INFO - [2024-05-09T16:30:56.872+0000] {dag.py:2573} INFO - Sync 1 DAGs
[2024-05-09T16:30:56.900+0000] {logging_mixin.py:117} INFO - [2024-05-09T16:30:56.900+0000] {dag.py:3328} INFO - Setting next_dagrun for quarterly_lambda_trigger to 2024-04-01T10:00:00+00:00, run_after=2024-04-04T10:00:00+00:00
[2024-05-09T16:30:56.921+0000] {processor.py:178} INFO - Processing /opt/airflow/dags/scraping-data-api.py took 0.477 seconds
[2024-05-09T16:31:27.564+0000] {processor.py:156} INFO - Started process (PID=593) to work on /opt/airflow/dags/scraping-data-api.py
[2024-05-09T16:31:27.565+0000] {processor.py:758} INFO - Processing file /opt/airflow/dags/scraping-data-api.py for tasks to queue
[2024-05-09T16:31:27.566+0000] {logging_mixin.py:117} INFO - [2024-05-09T16:31:27.566+0000] {dagbag.py:525} INFO - Filling up the DagBag from /opt/airflow/dags/scraping-data-api.py
[2024-05-09T16:31:28.180+0000] {processor.py:768} INFO - DAG(s) dict_keys(['quarterly_lambda_trigger']) retrieved from /opt/airflow/dags/scraping-data-api.py
[2024-05-09T16:31:28.205+0000] {logging_mixin.py:117} INFO - [2024-05-09T16:31:28.205+0000] {dag.py:2573} INFO - Sync 1 DAGs
[2024-05-09T16:31:28.233+0000] {logging_mixin.py:117} INFO - [2024-05-09T16:31:28.233+0000] {dag.py:3328} INFO - Setting next_dagrun for quarterly_lambda_trigger to 2024-04-01T10:00:00+00:00, run_after=2024-04-04T10:00:00+00:00
[2024-05-09T16:31:28.264+0000] {processor.py:178} INFO - Processing /opt/airflow/dags/scraping-data-api.py took 0.703 seconds
[2024-05-09T16:31:58.812+0000] {processor.py:156} INFO - Started process (PID=803) to work on /opt/airflow/dags/scraping-data-api.py
[2024-05-09T16:31:58.813+0000] {processor.py:758} INFO - Processing file /opt/airflow/dags/scraping-data-api.py for tasks to queue
[2024-05-09T16:31:58.813+0000] {logging_mixin.py:117} INFO - [2024-05-09T16:31:58.813+0000] {dagbag.py:525} INFO - Filling up the DagBag from /opt/airflow/dags/scraping-data-api.py
[2024-05-09T16:31:59.225+0000] {processor.py:768} INFO - DAG(s) dict_keys(['quarterly_lambda_trigger']) retrieved from /opt/airflow/dags/scraping-data-api.py
[2024-05-09T16:31:59.244+0000] {logging_mixin.py:117} INFO - [2024-05-09T16:31:59.244+0000] {dag.py:2573} INFO - Sync 1 DAGs
[2024-05-09T16:31:59.275+0000] {logging_mixin.py:117} INFO - [2024-05-09T16:31:59.275+0000] {dag.py:3328} INFO - Setting next_dagrun for quarterly_lambda_trigger to 2024-04-01T10:00:00+00:00, run_after=2024-04-04T10:00:00+00:00
[2024-05-09T16:31:59.296+0000] {processor.py:178} INFO - Processing /opt/airflow/dags/scraping-data-api.py took 0.486 seconds
[2024-05-09T16:32:29.479+0000] {processor.py:156} INFO - Started process (PID=1021) to work on /opt/airflow/dags/scraping-data-api.py
[2024-05-09T16:32:29.479+0000] {processor.py:758} INFO - Processing file /opt/airflow/dags/scraping-data-api.py for tasks to queue
[2024-05-09T16:32:29.480+0000] {logging_mixin.py:117} INFO - [2024-05-09T16:32:29.480+0000] {dagbag.py:525} INFO - Filling up the DagBag from /opt/airflow/dags/scraping-data-api.py
[2024-05-09T16:32:29.918+0000] {processor.py:768} INFO - DAG(s) dict_keys(['quarterly_lambda_trigger']) retrieved from /opt/airflow/dags/scraping-data-api.py
[2024-05-09T16:32:29.936+0000] {logging_mixin.py:117} INFO - [2024-05-09T16:32:29.935+0000] {dag.py:2573} INFO - Sync 1 DAGs
[2024-05-09T16:32:29.957+0000] {logging_mixin.py:117} INFO - [2024-05-09T16:32:29.956+0000] {dag.py:3328} INFO - Setting next_dagrun for quarterly_lambda_trigger to 2024-04-01T10:00:00+00:00, run_after=2024-04-04T10:00:00+00:00
[2024-05-09T16:32:29.976+0000] {processor.py:178} INFO - Processing /opt/airflow/dags/scraping-data-api.py took 0.501 seconds
[2024-05-09T16:33:00.067+0000] {processor.py:156} INFO - Started process (PID=1239) to work on /opt/airflow/dags/scraping-data-api.py
[2024-05-09T16:33:00.068+0000] {processor.py:758} INFO - Processing file /opt/airflow/dags/scraping-data-api.py for tasks to queue
[2024-05-09T16:33:00.068+0000] {logging_mixin.py:117} INFO - [2024-05-09T16:33:00.068+0000] {dagbag.py:525} INFO - Filling up the DagBag from /opt/airflow/dags/scraping-data-api.py
[2024-05-09T16:33:00.527+0000] {processor.py:768} INFO - DAG(s) dict_keys(['quarterly_lambda_trigger']) retrieved from /opt/airflow/dags/scraping-data-api.py
[2024-05-09T16:33:00.548+0000] {logging_mixin.py:117} INFO - [2024-05-09T16:33:00.548+0000] {dag.py:2573} INFO - Sync 1 DAGs
[2024-05-09T16:33:00.572+0000] {logging_mixin.py:117} INFO - [2024-05-09T16:33:00.572+0000] {dag.py:3328} INFO - Setting next_dagrun for quarterly_lambda_trigger to 2024-04-01T10:00:00+00:00, run_after=2024-04-04T10:00:00+00:00
[2024-05-09T16:33:00.591+0000] {processor.py:178} INFO - Processing /opt/airflow/dags/scraping-data-api.py took 0.527 seconds
[2024-05-09T16:33:30.826+0000] {processor.py:156} INFO - Started process (PID=1453) to work on /opt/airflow/dags/scraping-data-api.py
[2024-05-09T16:33:30.826+0000] {processor.py:758} INFO - Processing file /opt/airflow/dags/scraping-data-api.py for tasks to queue
[2024-05-09T16:33:30.827+0000] {logging_mixin.py:117} INFO - [2024-05-09T16:33:30.826+0000] {dagbag.py:525} INFO - Filling up the DagBag from /opt/airflow/dags/scraping-data-api.py
[2024-05-09T16:33:31.194+0000] {processor.py:768} INFO - DAG(s) dict_keys(['quarterly_lambda_trigger']) retrieved from /opt/airflow/dags/scraping-data-api.py
[2024-05-09T16:33:31.212+0000] {logging_mixin.py:117} INFO - [2024-05-09T16:33:31.211+0000] {dag.py:2573} INFO - Sync 1 DAGs
[2024-05-09T16:33:31.230+0000] {logging_mixin.py:117} INFO - [2024-05-09T16:33:31.230+0000] {dag.py:3328} INFO - Setting next_dagrun for quarterly_lambda_trigger to 2024-04-01T10:00:00+00:00, run_after=2024-04-04T10:00:00+00:00
[2024-05-09T16:33:31.249+0000] {processor.py:178} INFO - Processing /opt/airflow/dags/scraping-data-api.py took 0.426 seconds
[2024-05-09T16:34:01.904+0000] {processor.py:156} INFO - Started process (PID=1666) to work on /opt/airflow/dags/scraping-data-api.py
[2024-05-09T16:34:01.905+0000] {processor.py:758} INFO - Processing file /opt/airflow/dags/scraping-data-api.py for tasks to queue
[2024-05-09T16:34:01.906+0000] {logging_mixin.py:117} INFO - [2024-05-09T16:34:01.906+0000] {dagbag.py:525} INFO - Filling up the DagBag from /opt/airflow/dags/scraping-data-api.py
[2024-05-09T16:34:02.399+0000] {processor.py:768} INFO - DAG(s) dict_keys(['quarterly_lambda_trigger']) retrieved from /opt/airflow/dags/scraping-data-api.py
[2024-05-09T16:34:02.416+0000] {logging_mixin.py:117} INFO - [2024-05-09T16:34:02.415+0000] {dag.py:2573} INFO - Sync 1 DAGs
[2024-05-09T16:34:02.435+0000] {logging_mixin.py:117} INFO - [2024-05-09T16:34:02.435+0000] {dag.py:3328} INFO - Setting next_dagrun for quarterly_lambda_trigger to 2024-04-01T10:00:00+00:00, run_after=2024-04-04T10:00:00+00:00
[2024-05-09T16:34:02.453+0000] {processor.py:178} INFO - Processing /opt/airflow/dags/scraping-data-api.py took 0.551 seconds
[2024-05-09T16:34:32.851+0000] {processor.py:156} INFO - Started process (PID=1882) to work on /opt/airflow/dags/scraping-data-api.py
[2024-05-09T16:34:32.851+0000] {processor.py:758} INFO - Processing file /opt/airflow/dags/scraping-data-api.py for tasks to queue
[2024-05-09T16:34:32.852+0000] {logging_mixin.py:117} INFO - [2024-05-09T16:34:32.852+0000] {dagbag.py:525} INFO - Filling up the DagBag from /opt/airflow/dags/scraping-data-api.py
[2024-05-09T16:34:33.299+0000] {processor.py:768} INFO - DAG(s) dict_keys(['quarterly_lambda_trigger']) retrieved from /opt/airflow/dags/scraping-data-api.py
[2024-05-09T16:34:33.318+0000] {logging_mixin.py:117} INFO - [2024-05-09T16:34:33.318+0000] {dag.py:2573} INFO - Sync 1 DAGs
[2024-05-09T16:34:33.343+0000] {logging_mixin.py:117} INFO - [2024-05-09T16:34:33.343+0000] {dag.py:3328} INFO - Setting next_dagrun for quarterly_lambda_trigger to 2024-04-01T10:00:00+00:00, run_after=2024-04-04T10:00:00+00:00
[2024-05-09T16:34:33.364+0000] {processor.py:178} INFO - Processing /opt/airflow/dags/scraping-data-api.py took 0.516 seconds
[2024-05-09T16:35:03.398+0000] {processor.py:156} INFO - Started process (PID=2095) to work on /opt/airflow/dags/scraping-data-api.py
[2024-05-09T16:35:03.399+0000] {processor.py:758} INFO - Processing file /opt/airflow/dags/scraping-data-api.py for tasks to queue
[2024-05-09T16:35:03.399+0000] {logging_mixin.py:117} INFO - [2024-05-09T16:35:03.399+0000] {dagbag.py:525} INFO - Filling up the DagBag from /opt/airflow/dags/scraping-data-api.py
[2024-05-09T16:35:03.801+0000] {processor.py:768} INFO - DAG(s) dict_keys(['quarterly_lambda_trigger']) retrieved from /opt/airflow/dags/scraping-data-api.py
[2024-05-09T16:35:03.819+0000] {logging_mixin.py:117} INFO - [2024-05-09T16:35:03.818+0000] {dag.py:2573} INFO - Sync 1 DAGs
[2024-05-09T16:35:03.838+0000] {logging_mixin.py:117} INFO - [2024-05-09T16:35:03.838+0000] {dag.py:3328} INFO - Setting next_dagrun for quarterly_lambda_trigger to 2024-04-01T10:00:00+00:00, run_after=2024-04-04T10:00:00+00:00
[2024-05-09T16:35:03.857+0000] {processor.py:178} INFO - Processing /opt/airflow/dags/scraping-data-api.py took 0.462 seconds
[2024-05-09T16:35:34.048+0000] {processor.py:156} INFO - Started process (PID=2303) to work on /opt/airflow/dags/scraping-data-api.py
[2024-05-09T16:35:34.049+0000] {processor.py:758} INFO - Processing file /opt/airflow/dags/scraping-data-api.py for tasks to queue
[2024-05-09T16:35:34.049+0000] {logging_mixin.py:117} INFO - [2024-05-09T16:35:34.049+0000] {dagbag.py:525} INFO - Filling up the DagBag from /opt/airflow/dags/scraping-data-api.py
[2024-05-09T16:35:34.451+0000] {processor.py:768} INFO - DAG(s) dict_keys(['quarterly_lambda_trigger']) retrieved from /opt/airflow/dags/scraping-data-api.py
[2024-05-09T16:35:34.467+0000] {logging_mixin.py:117} INFO - [2024-05-09T16:35:34.467+0000] {dag.py:2573} INFO - Sync 1 DAGs
[2024-05-09T16:35:34.487+0000] {logging_mixin.py:117} INFO - [2024-05-09T16:35:34.486+0000] {dag.py:3328} INFO - Setting next_dagrun for quarterly_lambda_trigger to 2024-04-01T10:00:00+00:00, run_after=2024-04-04T10:00:00+00:00
[2024-05-09T16:35:34.507+0000] {processor.py:178} INFO - Processing /opt/airflow/dags/scraping-data-api.py took 0.462 seconds
[2024-05-09T16:36:04.667+0000] {processor.py:156} INFO - Started process (PID=2522) to work on /opt/airflow/dags/scraping-data-api.py
[2024-05-09T16:36:04.668+0000] {processor.py:758} INFO - Processing file /opt/airflow/dags/scraping-data-api.py for tasks to queue
[2024-05-09T16:36:04.668+0000] {logging_mixin.py:117} INFO - [2024-05-09T16:36:04.668+0000] {dagbag.py:525} INFO - Filling up the DagBag from /opt/airflow/dags/scraping-data-api.py
[2024-05-09T16:36:05.058+0000] {processor.py:768} INFO - DAG(s) dict_keys(['quarterly_lambda_trigger']) retrieved from /opt/airflow/dags/scraping-data-api.py
[2024-05-09T16:36:05.082+0000] {logging_mixin.py:117} INFO - [2024-05-09T16:36:05.082+0000] {dag.py:2573} INFO - Sync 1 DAGs
[2024-05-09T16:36:05.105+0000] {logging_mixin.py:117} INFO - [2024-05-09T16:36:05.105+0000] {dag.py:3328} INFO - Setting next_dagrun for quarterly_lambda_trigger to 2024-04-01T10:00:00+00:00, run_after=2024-04-04T10:00:00+00:00
[2024-05-09T16:36:05.125+0000] {processor.py:178} INFO - Processing /opt/airflow/dags/scraping-data-api.py took 0.461 seconds
[2024-05-09T16:36:35.170+0000] {processor.py:156} INFO - Started process (PID=2740) to work on /opt/airflow/dags/scraping-data-api.py
[2024-05-09T16:36:35.171+0000] {processor.py:758} INFO - Processing file /opt/airflow/dags/scraping-data-api.py for tasks to queue
[2024-05-09T16:36:35.172+0000] {logging_mixin.py:117} INFO - [2024-05-09T16:36:35.172+0000] {dagbag.py:525} INFO - Filling up the DagBag from /opt/airflow/dags/scraping-data-api.py
[2024-05-09T16:36:35.579+0000] {processor.py:768} INFO - DAG(s) dict_keys(['quarterly_lambda_trigger']) retrieved from /opt/airflow/dags/scraping-data-api.py
[2024-05-09T16:36:35.596+0000] {logging_mixin.py:117} INFO - [2024-05-09T16:36:35.596+0000] {dag.py:2573} INFO - Sync 1 DAGs
[2024-05-09T16:36:35.618+0000] {logging_mixin.py:117} INFO - [2024-05-09T16:36:35.618+0000] {dag.py:3328} INFO - Setting next_dagrun for quarterly_lambda_trigger to 2024-04-01T10:00:00+00:00, run_after=2024-04-04T10:00:00+00:00
[2024-05-09T16:36:35.636+0000] {processor.py:178} INFO - Processing /opt/airflow/dags/scraping-data-api.py took 0.468 seconds
[2024-05-09T16:37:06.554+0000] {processor.py:156} INFO - Started process (PID=2956) to work on /opt/airflow/dags/scraping-data-api.py
[2024-05-09T16:37:06.555+0000] {processor.py:758} INFO - Processing file /opt/airflow/dags/scraping-data-api.py for tasks to queue
[2024-05-09T16:37:06.555+0000] {logging_mixin.py:117} INFO - [2024-05-09T16:37:06.555+0000] {dagbag.py:525} INFO - Filling up the DagBag from /opt/airflow/dags/scraping-data-api.py
[2024-05-09T16:37:07.074+0000] {processor.py:768} INFO - DAG(s) dict_keys(['quarterly_lambda_trigger']) retrieved from /opt/airflow/dags/scraping-data-api.py
[2024-05-09T16:37:07.103+0000] {logging_mixin.py:117} INFO - [2024-05-09T16:37:07.102+0000] {dag.py:2573} INFO - Sync 1 DAGs
[2024-05-09T16:37:07.133+0000] {logging_mixin.py:117} INFO - [2024-05-09T16:37:07.133+0000] {dag.py:3328} INFO - Setting next_dagrun for quarterly_lambda_trigger to 2024-04-01T10:00:00+00:00, run_after=2024-04-04T10:00:00+00:00
[2024-05-09T16:37:07.156+0000] {processor.py:178} INFO - Processing /opt/airflow/dags/scraping-data-api.py took 0.606 seconds
[2024-05-09T16:37:37.313+0000] {processor.py:156} INFO - Started process (PID=3165) to work on /opt/airflow/dags/scraping-data-api.py
[2024-05-09T16:37:37.314+0000] {processor.py:758} INFO - Processing file /opt/airflow/dags/scraping-data-api.py for tasks to queue
[2024-05-09T16:37:37.314+0000] {logging_mixin.py:117} INFO - [2024-05-09T16:37:37.314+0000] {dagbag.py:525} INFO - Filling up the DagBag from /opt/airflow/dags/scraping-data-api.py
[2024-05-09T16:37:37.673+0000] {processor.py:768} INFO - DAG(s) dict_keys(['quarterly_lambda_trigger']) retrieved from /opt/airflow/dags/scraping-data-api.py
[2024-05-09T16:37:37.689+0000] {logging_mixin.py:117} INFO - [2024-05-09T16:37:37.689+0000] {dag.py:2573} INFO - Sync 1 DAGs
[2024-05-09T16:37:37.708+0000] {logging_mixin.py:117} INFO - [2024-05-09T16:37:37.708+0000] {dag.py:3328} INFO - Setting next_dagrun for quarterly_lambda_trigger to 2024-04-01T10:00:00+00:00, run_after=2024-04-04T10:00:00+00:00
[2024-05-09T16:37:37.727+0000] {processor.py:178} INFO - Processing /opt/airflow/dags/scraping-data-api.py took 0.417 seconds
