[2024-05-09T15:15:15.388+0000] {processor.py:156} INFO - Started process (PID=271) to work on /home/airflow/.local/lib/python3.7/site-packages/airflow/example_dags/example_task_group.py
[2024-05-09T15:15:15.389+0000] {processor.py:758} INFO - Processing file /home/airflow/.local/lib/python3.7/site-packages/airflow/example_dags/example_task_group.py for tasks to queue
[2024-05-09T15:15:15.390+0000] {logging_mixin.py:117} INFO - [2024-05-09T15:15:15.390+0000] {dagbag.py:525} INFO - Filling up the DagBag from /home/airflow/.local/lib/python3.7/site-packages/airflow/example_dags/example_task_group.py
[2024-05-09T15:15:15.414+0000] {processor.py:768} INFO - DAG(s) dict_keys(['example_task_group']) retrieved from /home/airflow/.local/lib/python3.7/site-packages/airflow/example_dags/example_task_group.py
[2024-05-09T15:15:15.822+0000] {logging_mixin.py:117} INFO - [2024-05-09T15:15:15.822+0000] {manager.py:507} INFO - Created Permission View: can delete on DAG:example_task_group
[2024-05-09T15:15:15.847+0000] {logging_mixin.py:117} INFO - [2024-05-09T15:15:15.847+0000] {manager.py:507} INFO - Created Permission View: can read on DAG:example_task_group
[2024-05-09T15:15:15.865+0000] {logging_mixin.py:117} INFO - [2024-05-09T15:15:15.864+0000] {manager.py:507} INFO - Created Permission View: can edit on DAG:example_task_group
[2024-05-09T15:15:15.865+0000] {logging_mixin.py:117} INFO - [2024-05-09T15:15:15.865+0000] {dag.py:2573} INFO - Sync 1 DAGs
[2024-05-09T15:15:15.889+0000] {logging_mixin.py:117} INFO - [2024-05-09T15:15:15.889+0000] {dag.py:2594} INFO - Creating ORM DAG for example_task_group
[2024-05-09T15:15:15.911+0000] {logging_mixin.py:117} INFO - [2024-05-09T15:15:15.910+0000] {dag.py:3328} INFO - Setting next_dagrun for example_task_group to 2024-05-08T15:15:15.910601+00:00, run_after=2024-05-09T15:15:15.910601+00:00
[2024-05-09T15:15:15.950+0000] {processor.py:178} INFO - Processing /home/airflow/.local/lib/python3.7/site-packages/airflow/example_dags/example_task_group.py took 0.570 seconds
[2024-05-09T15:15:46.652+0000] {processor.py:156} INFO - Started process (PID=487) to work on /home/airflow/.local/lib/python3.7/site-packages/airflow/example_dags/example_task_group.py
[2024-05-09T15:15:46.653+0000] {processor.py:758} INFO - Processing file /home/airflow/.local/lib/python3.7/site-packages/airflow/example_dags/example_task_group.py for tasks to queue
[2024-05-09T15:15:46.654+0000] {logging_mixin.py:117} INFO - [2024-05-09T15:15:46.653+0000] {dagbag.py:525} INFO - Filling up the DagBag from /home/airflow/.local/lib/python3.7/site-packages/airflow/example_dags/example_task_group.py
[2024-05-09T15:15:46.669+0000] {processor.py:768} INFO - DAG(s) dict_keys(['example_task_group']) retrieved from /home/airflow/.local/lib/python3.7/site-packages/airflow/example_dags/example_task_group.py
[2024-05-09T15:15:46.713+0000] {logging_mixin.py:117} INFO - [2024-05-09T15:15:46.713+0000] {dag.py:2573} INFO - Sync 1 DAGs
[2024-05-09T15:15:46.743+0000] {logging_mixin.py:117} INFO - [2024-05-09T15:15:46.742+0000] {dag.py:3328} INFO - Setting next_dagrun for example_task_group to 2024-05-08T15:15:46.742687+00:00, run_after=2024-05-09T15:15:46.742687+00:00
[2024-05-09T15:15:46.879+0000] {processor.py:178} INFO - Processing /home/airflow/.local/lib/python3.7/site-packages/airflow/example_dags/example_task_group.py took 0.229 seconds
[2024-05-09T15:16:17.164+0000] {processor.py:156} INFO - Started process (PID=692) to work on /home/airflow/.local/lib/python3.7/site-packages/airflow/example_dags/example_task_group.py
[2024-05-09T15:16:17.165+0000] {processor.py:758} INFO - Processing file /home/airflow/.local/lib/python3.7/site-packages/airflow/example_dags/example_task_group.py for tasks to queue
[2024-05-09T15:16:17.166+0000] {logging_mixin.py:117} INFO - [2024-05-09T15:16:17.166+0000] {dagbag.py:525} INFO - Filling up the DagBag from /home/airflow/.local/lib/python3.7/site-packages/airflow/example_dags/example_task_group.py
[2024-05-09T15:16:17.179+0000] {processor.py:768} INFO - DAG(s) dict_keys(['example_task_group']) retrieved from /home/airflow/.local/lib/python3.7/site-packages/airflow/example_dags/example_task_group.py
[2024-05-09T15:16:17.216+0000] {logging_mixin.py:117} INFO - [2024-05-09T15:16:17.216+0000] {dag.py:2573} INFO - Sync 1 DAGs
[2024-05-09T15:16:17.363+0000] {logging_mixin.py:117} INFO - [2024-05-09T15:16:17.363+0000] {dag.py:3328} INFO - Setting next_dagrun for example_task_group to 2024-05-08T15:16:17.363452+00:00, run_after=2024-05-09T15:16:17.363452+00:00
[2024-05-09T15:16:17.396+0000] {processor.py:178} INFO - Processing /home/airflow/.local/lib/python3.7/site-packages/airflow/example_dags/example_task_group.py took 0.235 seconds
[2024-05-09T15:16:47.900+0000] {processor.py:156} INFO - Started process (PID=905) to work on /home/airflow/.local/lib/python3.7/site-packages/airflow/example_dags/example_task_group.py
[2024-05-09T15:16:47.900+0000] {processor.py:758} INFO - Processing file /home/airflow/.local/lib/python3.7/site-packages/airflow/example_dags/example_task_group.py for tasks to queue
[2024-05-09T15:16:47.901+0000] {logging_mixin.py:117} INFO - [2024-05-09T15:16:47.901+0000] {dagbag.py:525} INFO - Filling up the DagBag from /home/airflow/.local/lib/python3.7/site-packages/airflow/example_dags/example_task_group.py
[2024-05-09T15:16:47.919+0000] {processor.py:768} INFO - DAG(s) dict_keys(['example_task_group']) retrieved from /home/airflow/.local/lib/python3.7/site-packages/airflow/example_dags/example_task_group.py
[2024-05-09T15:16:48.071+0000] {logging_mixin.py:117} INFO - [2024-05-09T15:16:48.071+0000] {dag.py:2573} INFO - Sync 1 DAGs
[2024-05-09T15:16:48.089+0000] {logging_mixin.py:117} INFO - [2024-05-09T15:16:48.089+0000] {dag.py:3328} INFO - Setting next_dagrun for example_task_group to 2024-05-08T15:16:48.089600+00:00, run_after=2024-05-09T15:16:48.089600+00:00
[2024-05-09T15:16:48.112+0000] {processor.py:178} INFO - Processing /home/airflow/.local/lib/python3.7/site-packages/airflow/example_dags/example_task_group.py took 0.215 seconds
[2024-05-09T15:17:18.395+0000] {processor.py:156} INFO - Started process (PID=1119) to work on /home/airflow/.local/lib/python3.7/site-packages/airflow/example_dags/example_task_group.py
[2024-05-09T15:17:18.396+0000] {processor.py:758} INFO - Processing file /home/airflow/.local/lib/python3.7/site-packages/airflow/example_dags/example_task_group.py for tasks to queue
[2024-05-09T15:17:18.396+0000] {logging_mixin.py:117} INFO - [2024-05-09T15:17:18.396+0000] {dagbag.py:525} INFO - Filling up the DagBag from /home/airflow/.local/lib/python3.7/site-packages/airflow/example_dags/example_task_group.py
[2024-05-09T15:17:18.411+0000] {processor.py:768} INFO - DAG(s) dict_keys(['example_task_group']) retrieved from /home/airflow/.local/lib/python3.7/site-packages/airflow/example_dags/example_task_group.py
[2024-05-09T15:17:18.559+0000] {logging_mixin.py:117} INFO - [2024-05-09T15:17:18.559+0000] {dag.py:2573} INFO - Sync 1 DAGs
[2024-05-09T15:17:18.578+0000] {logging_mixin.py:117} INFO - [2024-05-09T15:17:18.578+0000] {dag.py:3328} INFO - Setting next_dagrun for example_task_group to 2024-05-08T15:17:18.577873+00:00, run_after=2024-05-09T15:17:18.577873+00:00
[2024-05-09T15:17:18.597+0000] {processor.py:178} INFO - Processing /home/airflow/.local/lib/python3.7/site-packages/airflow/example_dags/example_task_group.py took 0.204 seconds
[2024-05-09T15:17:49.171+0000] {processor.py:156} INFO - Started process (PID=1332) to work on /home/airflow/.local/lib/python3.7/site-packages/airflow/example_dags/example_task_group.py
[2024-05-09T15:17:49.172+0000] {processor.py:758} INFO - Processing file /home/airflow/.local/lib/python3.7/site-packages/airflow/example_dags/example_task_group.py for tasks to queue
[2024-05-09T15:17:49.172+0000] {logging_mixin.py:117} INFO - [2024-05-09T15:17:49.172+0000] {dagbag.py:525} INFO - Filling up the DagBag from /home/airflow/.local/lib/python3.7/site-packages/airflow/example_dags/example_task_group.py
[2024-05-09T15:17:49.303+0000] {processor.py:768} INFO - DAG(s) dict_keys(['example_task_group']) retrieved from /home/airflow/.local/lib/python3.7/site-packages/airflow/example_dags/example_task_group.py
[2024-05-09T15:17:49.333+0000] {logging_mixin.py:117} INFO - [2024-05-09T15:17:49.333+0000] {dag.py:2573} INFO - Sync 1 DAGs
[2024-05-09T15:17:49.353+0000] {logging_mixin.py:117} INFO - [2024-05-09T15:17:49.353+0000] {dag.py:3328} INFO - Setting next_dagrun for example_task_group to 2024-05-08T15:17:49.353606+00:00, run_after=2024-05-09T15:17:49.353606+00:00
[2024-05-09T15:17:49.379+0000] {processor.py:178} INFO - Processing /home/airflow/.local/lib/python3.7/site-packages/airflow/example_dags/example_task_group.py took 0.210 seconds
[2024-05-09T15:18:20.033+0000] {processor.py:156} INFO - Started process (PID=1537) to work on /home/airflow/.local/lib/python3.7/site-packages/airflow/example_dags/example_task_group.py
[2024-05-09T15:18:20.033+0000] {processor.py:758} INFO - Processing file /home/airflow/.local/lib/python3.7/site-packages/airflow/example_dags/example_task_group.py for tasks to queue
[2024-05-09T15:18:20.034+0000] {logging_mixin.py:117} INFO - [2024-05-09T15:18:20.034+0000] {dagbag.py:525} INFO - Filling up the DagBag from /home/airflow/.local/lib/python3.7/site-packages/airflow/example_dags/example_task_group.py
[2024-05-09T15:18:20.053+0000] {processor.py:768} INFO - DAG(s) dict_keys(['example_task_group']) retrieved from /home/airflow/.local/lib/python3.7/site-packages/airflow/example_dags/example_task_group.py
[2024-05-09T15:18:20.100+0000] {logging_mixin.py:117} INFO - [2024-05-09T15:18:20.100+0000] {dag.py:2573} INFO - Sync 1 DAGs
[2024-05-09T15:18:20.124+0000] {logging_mixin.py:117} INFO - [2024-05-09T15:18:20.124+0000] {dag.py:3328} INFO - Setting next_dagrun for example_task_group to 2024-05-08T15:18:20.123962+00:00, run_after=2024-05-09T15:18:20.123962+00:00
[2024-05-09T15:18:20.147+0000] {processor.py:178} INFO - Processing /home/airflow/.local/lib/python3.7/site-packages/airflow/example_dags/example_task_group.py took 0.117 seconds
[2024-05-09T15:18:51.055+0000] {processor.py:156} INFO - Started process (PID=1751) to work on /home/airflow/.local/lib/python3.7/site-packages/airflow/example_dags/example_task_group.py
[2024-05-09T15:18:51.056+0000] {processor.py:758} INFO - Processing file /home/airflow/.local/lib/python3.7/site-packages/airflow/example_dags/example_task_group.py for tasks to queue
[2024-05-09T15:18:51.057+0000] {logging_mixin.py:117} INFO - [2024-05-09T15:18:51.057+0000] {dagbag.py:525} INFO - Filling up the DagBag from /home/airflow/.local/lib/python3.7/site-packages/airflow/example_dags/example_task_group.py
[2024-05-09T15:18:51.072+0000] {processor.py:768} INFO - DAG(s) dict_keys(['example_task_group']) retrieved from /home/airflow/.local/lib/python3.7/site-packages/airflow/example_dags/example_task_group.py
[2024-05-09T15:18:51.106+0000] {logging_mixin.py:117} INFO - [2024-05-09T15:18:51.106+0000] {dag.py:2573} INFO - Sync 1 DAGs
[2024-05-09T15:18:51.129+0000] {logging_mixin.py:117} INFO - [2024-05-09T15:18:51.129+0000] {dag.py:3328} INFO - Setting next_dagrun for example_task_group to 2024-05-08T15:18:51.129456+00:00, run_after=2024-05-09T15:18:51.129456+00:00
[2024-05-09T15:18:51.154+0000] {processor.py:178} INFO - Processing /home/airflow/.local/lib/python3.7/site-packages/airflow/example_dags/example_task_group.py took 0.101 seconds
[2024-05-09T15:19:21.937+0000] {processor.py:156} INFO - Started process (PID=1965) to work on /home/airflow/.local/lib/python3.7/site-packages/airflow/example_dags/example_task_group.py
[2024-05-09T15:19:21.937+0000] {processor.py:758} INFO - Processing file /home/airflow/.local/lib/python3.7/site-packages/airflow/example_dags/example_task_group.py for tasks to queue
[2024-05-09T15:19:21.938+0000] {logging_mixin.py:117} INFO - [2024-05-09T15:19:21.938+0000] {dagbag.py:525} INFO - Filling up the DagBag from /home/airflow/.local/lib/python3.7/site-packages/airflow/example_dags/example_task_group.py
[2024-05-09T15:19:21.953+0000] {processor.py:768} INFO - DAG(s) dict_keys(['example_task_group']) retrieved from /home/airflow/.local/lib/python3.7/site-packages/airflow/example_dags/example_task_group.py
[2024-05-09T15:19:21.988+0000] {logging_mixin.py:117} INFO - [2024-05-09T15:19:21.988+0000] {dag.py:2573} INFO - Sync 1 DAGs
[2024-05-09T15:19:22.010+0000] {logging_mixin.py:117} INFO - [2024-05-09T15:19:22.010+0000] {dag.py:3328} INFO - Setting next_dagrun for example_task_group to 2024-05-08T15:19:22.010533+00:00, run_after=2024-05-09T15:19:22.010533+00:00
[2024-05-09T15:19:22.030+0000] {processor.py:178} INFO - Processing /home/airflow/.local/lib/python3.7/site-packages/airflow/example_dags/example_task_group.py took 0.097 seconds
[2024-05-09T15:19:52.694+0000] {processor.py:156} INFO - Started process (PID=2179) to work on /home/airflow/.local/lib/python3.7/site-packages/airflow/example_dags/example_task_group.py
[2024-05-09T15:19:52.695+0000] {processor.py:758} INFO - Processing file /home/airflow/.local/lib/python3.7/site-packages/airflow/example_dags/example_task_group.py for tasks to queue
[2024-05-09T15:19:52.695+0000] {logging_mixin.py:117} INFO - [2024-05-09T15:19:52.695+0000] {dagbag.py:525} INFO - Filling up the DagBag from /home/airflow/.local/lib/python3.7/site-packages/airflow/example_dags/example_task_group.py
[2024-05-09T15:19:52.715+0000] {processor.py:768} INFO - DAG(s) dict_keys(['example_task_group']) retrieved from /home/airflow/.local/lib/python3.7/site-packages/airflow/example_dags/example_task_group.py
[2024-05-09T15:19:52.759+0000] {logging_mixin.py:117} INFO - [2024-05-09T15:19:52.759+0000] {dag.py:2573} INFO - Sync 1 DAGs
[2024-05-09T15:19:52.791+0000] {logging_mixin.py:117} INFO - [2024-05-09T15:19:52.791+0000] {dag.py:3328} INFO - Setting next_dagrun for example_task_group to 2024-05-08T15:19:52.791493+00:00, run_after=2024-05-09T15:19:52.791493+00:00
[2024-05-09T15:19:52.818+0000] {processor.py:178} INFO - Processing /home/airflow/.local/lib/python3.7/site-packages/airflow/example_dags/example_task_group.py took 0.126 seconds
[2024-05-09T15:20:23.441+0000] {processor.py:156} INFO - Started process (PID=2383) to work on /home/airflow/.local/lib/python3.7/site-packages/airflow/example_dags/example_task_group.py
[2024-05-09T15:20:23.442+0000] {processor.py:758} INFO - Processing file /home/airflow/.local/lib/python3.7/site-packages/airflow/example_dags/example_task_group.py for tasks to queue
[2024-05-09T15:20:23.442+0000] {logging_mixin.py:117} INFO - [2024-05-09T15:20:23.442+0000] {dagbag.py:525} INFO - Filling up the DagBag from /home/airflow/.local/lib/python3.7/site-packages/airflow/example_dags/example_task_group.py
[2024-05-09T15:20:23.461+0000] {processor.py:768} INFO - DAG(s) dict_keys(['example_task_group']) retrieved from /home/airflow/.local/lib/python3.7/site-packages/airflow/example_dags/example_task_group.py
[2024-05-09T15:20:23.505+0000] {logging_mixin.py:117} INFO - [2024-05-09T15:20:23.505+0000] {dag.py:2573} INFO - Sync 1 DAGs
[2024-05-09T15:20:23.534+0000] {logging_mixin.py:117} INFO - [2024-05-09T15:20:23.533+0000] {dag.py:3328} INFO - Setting next_dagrun for example_task_group to 2024-05-08T15:20:23.533659+00:00, run_after=2024-05-09T15:20:23.533659+00:00
[2024-05-09T15:20:23.557+0000] {processor.py:178} INFO - Processing /home/airflow/.local/lib/python3.7/site-packages/airflow/example_dags/example_task_group.py took 0.118 seconds
[2024-05-09T15:20:54.359+0000] {processor.py:156} INFO - Started process (PID=2596) to work on /home/airflow/.local/lib/python3.7/site-packages/airflow/example_dags/example_task_group.py
[2024-05-09T15:20:54.360+0000] {processor.py:758} INFO - Processing file /home/airflow/.local/lib/python3.7/site-packages/airflow/example_dags/example_task_group.py for tasks to queue
[2024-05-09T15:20:54.361+0000] {logging_mixin.py:117} INFO - [2024-05-09T15:20:54.361+0000] {dagbag.py:525} INFO - Filling up the DagBag from /home/airflow/.local/lib/python3.7/site-packages/airflow/example_dags/example_task_group.py
[2024-05-09T15:20:54.380+0000] {processor.py:768} INFO - DAG(s) dict_keys(['example_task_group']) retrieved from /home/airflow/.local/lib/python3.7/site-packages/airflow/example_dags/example_task_group.py
[2024-05-09T15:20:54.418+0000] {logging_mixin.py:117} INFO - [2024-05-09T15:20:54.418+0000] {dag.py:2573} INFO - Sync 1 DAGs
[2024-05-09T15:20:54.438+0000] {logging_mixin.py:117} INFO - [2024-05-09T15:20:54.438+0000] {dag.py:3328} INFO - Setting next_dagrun for example_task_group to 2024-05-08T15:20:54.438247+00:00, run_after=2024-05-09T15:20:54.438247+00:00
[2024-05-09T15:20:54.457+0000] {processor.py:178} INFO - Processing /home/airflow/.local/lib/python3.7/site-packages/airflow/example_dags/example_task_group.py took 0.101 seconds
[2024-05-09T16:29:53.391+0000] {processor.py:156} INFO - Started process (PID=270) to work on /home/airflow/.local/lib/python3.7/site-packages/airflow/example_dags/example_task_group.py
[2024-05-09T16:29:53.394+0000] {processor.py:758} INFO - Processing file /home/airflow/.local/lib/python3.7/site-packages/airflow/example_dags/example_task_group.py for tasks to queue
[2024-05-09T16:29:53.394+0000] {logging_mixin.py:117} INFO - [2024-05-09T16:29:53.394+0000] {dagbag.py:525} INFO - Filling up the DagBag from /home/airflow/.local/lib/python3.7/site-packages/airflow/example_dags/example_task_group.py
[2024-05-09T16:29:53.409+0000] {processor.py:768} INFO - DAG(s) dict_keys(['example_task_group']) retrieved from /home/airflow/.local/lib/python3.7/site-packages/airflow/example_dags/example_task_group.py
[2024-05-09T16:29:53.444+0000] {logging_mixin.py:117} INFO - [2024-05-09T16:29:53.444+0000] {dag.py:2573} INFO - Sync 1 DAGs
[2024-05-09T16:29:53.466+0000] {logging_mixin.py:117} INFO - [2024-05-09T16:29:53.465+0000] {dag.py:3328} INFO - Setting next_dagrun for example_task_group to 2024-05-08T16:29:53.465704+00:00, run_after=2024-05-09T16:29:53.465704+00:00
[2024-05-09T16:29:53.490+0000] {processor.py:178} INFO - Processing /home/airflow/.local/lib/python3.7/site-packages/airflow/example_dags/example_task_group.py took 0.101 seconds
[2024-05-09T16:30:27.218+0000] {processor.py:156} INFO - Started process (PID=260) to work on /home/airflow/.local/lib/python3.7/site-packages/airflow/example_dags/example_task_group.py
[2024-05-09T16:30:27.219+0000] {processor.py:758} INFO - Processing file /home/airflow/.local/lib/python3.7/site-packages/airflow/example_dags/example_task_group.py for tasks to queue
[2024-05-09T16:30:27.219+0000] {logging_mixin.py:117} INFO - [2024-05-09T16:30:27.219+0000] {dagbag.py:525} INFO - Filling up the DagBag from /home/airflow/.local/lib/python3.7/site-packages/airflow/example_dags/example_task_group.py
[2024-05-09T16:30:27.242+0000] {processor.py:768} INFO - DAG(s) dict_keys(['example_task_group']) retrieved from /home/airflow/.local/lib/python3.7/site-packages/airflow/example_dags/example_task_group.py
[2024-05-09T16:30:27.304+0000] {logging_mixin.py:117} INFO - [2024-05-09T16:30:27.304+0000] {dag.py:2573} INFO - Sync 1 DAGs
[2024-05-09T16:30:27.337+0000] {logging_mixin.py:117} INFO - [2024-05-09T16:30:27.337+0000] {dag.py:3328} INFO - Setting next_dagrun for example_task_group to 2024-05-08T16:30:27.336890+00:00, run_after=2024-05-09T16:30:27.336890+00:00
[2024-05-09T16:30:27.364+0000] {processor.py:178} INFO - Processing /home/airflow/.local/lib/python3.7/site-packages/airflow/example_dags/example_task_group.py took 0.149 seconds
[2024-05-09T16:30:58.014+0000] {processor.py:156} INFO - Started process (PID=475) to work on /home/airflow/.local/lib/python3.7/site-packages/airflow/example_dags/example_task_group.py
[2024-05-09T16:30:58.015+0000] {processor.py:758} INFO - Processing file /home/airflow/.local/lib/python3.7/site-packages/airflow/example_dags/example_task_group.py for tasks to queue
[2024-05-09T16:30:58.015+0000] {logging_mixin.py:117} INFO - [2024-05-09T16:30:58.015+0000] {dagbag.py:525} INFO - Filling up the DagBag from /home/airflow/.local/lib/python3.7/site-packages/airflow/example_dags/example_task_group.py
[2024-05-09T16:30:58.028+0000] {processor.py:768} INFO - DAG(s) dict_keys(['example_task_group']) retrieved from /home/airflow/.local/lib/python3.7/site-packages/airflow/example_dags/example_task_group.py
[2024-05-09T16:30:58.059+0000] {logging_mixin.py:117} INFO - [2024-05-09T16:30:58.059+0000] {dag.py:2573} INFO - Sync 1 DAGs
[2024-05-09T16:30:58.080+0000] {logging_mixin.py:117} INFO - [2024-05-09T16:30:58.080+0000] {dag.py:3328} INFO - Setting next_dagrun for example_task_group to 2024-05-08T16:30:58.080135+00:00, run_after=2024-05-09T16:30:58.080135+00:00
[2024-05-09T16:30:58.100+0000] {processor.py:178} INFO - Processing /home/airflow/.local/lib/python3.7/site-packages/airflow/example_dags/example_task_group.py took 0.088 seconds
[2024-05-09T16:31:29.415+0000] {processor.py:156} INFO - Started process (PID=687) to work on /home/airflow/.local/lib/python3.7/site-packages/airflow/example_dags/example_task_group.py
[2024-05-09T16:31:29.415+0000] {processor.py:758} INFO - Processing file /home/airflow/.local/lib/python3.7/site-packages/airflow/example_dags/example_task_group.py for tasks to queue
[2024-05-09T16:31:29.416+0000] {logging_mixin.py:117} INFO - [2024-05-09T16:31:29.416+0000] {dagbag.py:525} INFO - Filling up the DagBag from /home/airflow/.local/lib/python3.7/site-packages/airflow/example_dags/example_task_group.py
[2024-05-09T16:31:29.434+0000] {processor.py:768} INFO - DAG(s) dict_keys(['example_task_group']) retrieved from /home/airflow/.local/lib/python3.7/site-packages/airflow/example_dags/example_task_group.py
[2024-05-09T16:31:29.467+0000] {logging_mixin.py:117} INFO - [2024-05-09T16:31:29.466+0000] {dag.py:2573} INFO - Sync 1 DAGs
[2024-05-09T16:31:29.486+0000] {logging_mixin.py:117} INFO - [2024-05-09T16:31:29.486+0000] {dag.py:3328} INFO - Setting next_dagrun for example_task_group to 2024-05-08T16:31:29.486624+00:00, run_after=2024-05-09T16:31:29.486624+00:00
[2024-05-09T16:31:29.506+0000] {processor.py:178} INFO - Processing /home/airflow/.local/lib/python3.7/site-packages/airflow/example_dags/example_task_group.py took 0.094 seconds
[2024-05-09T16:32:00.370+0000] {processor.py:156} INFO - Started process (PID=892) to work on /home/airflow/.local/lib/python3.7/site-packages/airflow/example_dags/example_task_group.py
[2024-05-09T16:32:00.371+0000] {processor.py:758} INFO - Processing file /home/airflow/.local/lib/python3.7/site-packages/airflow/example_dags/example_task_group.py for tasks to queue
[2024-05-09T16:32:00.371+0000] {logging_mixin.py:117} INFO - [2024-05-09T16:32:00.371+0000] {dagbag.py:525} INFO - Filling up the DagBag from /home/airflow/.local/lib/python3.7/site-packages/airflow/example_dags/example_task_group.py
[2024-05-09T16:32:00.385+0000] {processor.py:768} INFO - DAG(s) dict_keys(['example_task_group']) retrieved from /home/airflow/.local/lib/python3.7/site-packages/airflow/example_dags/example_task_group.py
[2024-05-09T16:32:00.425+0000] {logging_mixin.py:117} INFO - [2024-05-09T16:32:00.425+0000] {dag.py:2573} INFO - Sync 1 DAGs
[2024-05-09T16:32:00.448+0000] {logging_mixin.py:117} INFO - [2024-05-09T16:32:00.447+0000] {dag.py:3328} INFO - Setting next_dagrun for example_task_group to 2024-05-08T16:32:00.447799+00:00, run_after=2024-05-09T16:32:00.447799+00:00
[2024-05-09T16:32:00.469+0000] {processor.py:178} INFO - Processing /home/airflow/.local/lib/python3.7/site-packages/airflow/example_dags/example_task_group.py took 0.102 seconds
[2024-05-09T16:32:31.510+0000] {processor.py:156} INFO - Started process (PID=1105) to work on /home/airflow/.local/lib/python3.7/site-packages/airflow/example_dags/example_task_group.py
[2024-05-09T16:32:31.510+0000] {processor.py:758} INFO - Processing file /home/airflow/.local/lib/python3.7/site-packages/airflow/example_dags/example_task_group.py for tasks to queue
[2024-05-09T16:32:31.511+0000] {logging_mixin.py:117} INFO - [2024-05-09T16:32:31.511+0000] {dagbag.py:525} INFO - Filling up the DagBag from /home/airflow/.local/lib/python3.7/site-packages/airflow/example_dags/example_task_group.py
[2024-05-09T16:32:31.528+0000] {processor.py:768} INFO - DAG(s) dict_keys(['example_task_group']) retrieved from /home/airflow/.local/lib/python3.7/site-packages/airflow/example_dags/example_task_group.py
[2024-05-09T16:32:31.574+0000] {logging_mixin.py:117} INFO - [2024-05-09T16:32:31.574+0000] {dag.py:2573} INFO - Sync 1 DAGs
[2024-05-09T16:32:31.600+0000] {logging_mixin.py:117} INFO - [2024-05-09T16:32:31.600+0000] {dag.py:3328} INFO - Setting next_dagrun for example_task_group to 2024-05-08T16:32:31.600661+00:00, run_after=2024-05-09T16:32:31.600661+00:00
[2024-05-09T16:32:31.627+0000] {processor.py:178} INFO - Processing /home/airflow/.local/lib/python3.7/site-packages/airflow/example_dags/example_task_group.py took 0.120 seconds
[2024-05-09T16:33:02.270+0000] {processor.py:156} INFO - Started process (PID=1318) to work on /home/airflow/.local/lib/python3.7/site-packages/airflow/example_dags/example_task_group.py
[2024-05-09T16:33:02.271+0000] {processor.py:758} INFO - Processing file /home/airflow/.local/lib/python3.7/site-packages/airflow/example_dags/example_task_group.py for tasks to queue
[2024-05-09T16:33:02.271+0000] {logging_mixin.py:117} INFO - [2024-05-09T16:33:02.271+0000] {dagbag.py:525} INFO - Filling up the DagBag from /home/airflow/.local/lib/python3.7/site-packages/airflow/example_dags/example_task_group.py
[2024-05-09T16:33:02.287+0000] {processor.py:768} INFO - DAG(s) dict_keys(['example_task_group']) retrieved from /home/airflow/.local/lib/python3.7/site-packages/airflow/example_dags/example_task_group.py
[2024-05-09T16:33:02.322+0000] {logging_mixin.py:117} INFO - [2024-05-09T16:33:02.322+0000] {dag.py:2573} INFO - Sync 1 DAGs
[2024-05-09T16:33:02.461+0000] {logging_mixin.py:117} INFO - [2024-05-09T16:33:02.460+0000] {dag.py:3328} INFO - Setting next_dagrun for example_task_group to 2024-05-08T16:33:02.460684+00:00, run_after=2024-05-09T16:33:02.460684+00:00
[2024-05-09T16:33:02.482+0000] {processor.py:178} INFO - Processing /home/airflow/.local/lib/python3.7/site-packages/airflow/example_dags/example_task_group.py took 0.215 seconds
[2024-05-09T16:33:33.863+0000] {processor.py:156} INFO - Started process (PID=1533) to work on /home/airflow/.local/lib/python3.7/site-packages/airflow/example_dags/example_task_group.py
[2024-05-09T16:33:33.864+0000] {processor.py:758} INFO - Processing file /home/airflow/.local/lib/python3.7/site-packages/airflow/example_dags/example_task_group.py for tasks to queue
[2024-05-09T16:33:33.864+0000] {logging_mixin.py:117} INFO - [2024-05-09T16:33:33.864+0000] {dagbag.py:525} INFO - Filling up the DagBag from /home/airflow/.local/lib/python3.7/site-packages/airflow/example_dags/example_task_group.py
[2024-05-09T16:33:33.879+0000] {processor.py:768} INFO - DAG(s) dict_keys(['example_task_group']) retrieved from /home/airflow/.local/lib/python3.7/site-packages/airflow/example_dags/example_task_group.py
[2024-05-09T16:33:33.920+0000] {logging_mixin.py:117} INFO - [2024-05-09T16:33:33.920+0000] {dag.py:2573} INFO - Sync 1 DAGs
[2024-05-09T16:33:34.050+0000] {logging_mixin.py:117} INFO - [2024-05-09T16:33:34.050+0000] {dag.py:3328} INFO - Setting next_dagrun for example_task_group to 2024-05-08T16:33:34.050211+00:00, run_after=2024-05-09T16:33:34.050211+00:00
[2024-05-09T16:33:34.070+0000] {processor.py:178} INFO - Processing /home/airflow/.local/lib/python3.7/site-packages/airflow/example_dags/example_task_group.py took 0.210 seconds
[2024-05-09T16:34:04.287+0000] {processor.py:156} INFO - Started process (PID=1737) to work on /home/airflow/.local/lib/python3.7/site-packages/airflow/example_dags/example_task_group.py
[2024-05-09T16:34:04.288+0000] {processor.py:758} INFO - Processing file /home/airflow/.local/lib/python3.7/site-packages/airflow/example_dags/example_task_group.py for tasks to queue
[2024-05-09T16:34:04.288+0000] {logging_mixin.py:117} INFO - [2024-05-09T16:34:04.288+0000] {dagbag.py:525} INFO - Filling up the DagBag from /home/airflow/.local/lib/python3.7/site-packages/airflow/example_dags/example_task_group.py
[2024-05-09T16:34:04.302+0000] {processor.py:768} INFO - DAG(s) dict_keys(['example_task_group']) retrieved from /home/airflow/.local/lib/python3.7/site-packages/airflow/example_dags/example_task_group.py
[2024-05-09T16:34:04.439+0000] {logging_mixin.py:117} INFO - [2024-05-09T16:34:04.439+0000] {dag.py:2573} INFO - Sync 1 DAGs
[2024-05-09T16:34:04.462+0000] {logging_mixin.py:117} INFO - [2024-05-09T16:34:04.462+0000] {dag.py:3328} INFO - Setting next_dagrun for example_task_group to 2024-05-08T16:34:04.461991+00:00, run_after=2024-05-09T16:34:04.461991+00:00
[2024-05-09T16:34:04.481+0000] {processor.py:178} INFO - Processing /home/airflow/.local/lib/python3.7/site-packages/airflow/example_dags/example_task_group.py took 0.196 seconds
[2024-05-09T16:34:34.979+0000] {processor.py:156} INFO - Started process (PID=1951) to work on /home/airflow/.local/lib/python3.7/site-packages/airflow/example_dags/example_task_group.py
[2024-05-09T16:34:34.979+0000] {processor.py:758} INFO - Processing file /home/airflow/.local/lib/python3.7/site-packages/airflow/example_dags/example_task_group.py for tasks to queue
[2024-05-09T16:34:34.980+0000] {logging_mixin.py:117} INFO - [2024-05-09T16:34:34.980+0000] {dagbag.py:525} INFO - Filling up the DagBag from /home/airflow/.local/lib/python3.7/site-packages/airflow/example_dags/example_task_group.py
[2024-05-09T16:34:34.994+0000] {processor.py:768} INFO - DAG(s) dict_keys(['example_task_group']) retrieved from /home/airflow/.local/lib/python3.7/site-packages/airflow/example_dags/example_task_group.py
[2024-05-09T16:34:35.145+0000] {logging_mixin.py:117} INFO - [2024-05-09T16:34:35.145+0000] {dag.py:2573} INFO - Sync 1 DAGs
[2024-05-09T16:34:35.178+0000] {logging_mixin.py:117} INFO - [2024-05-09T16:34:35.178+0000] {dag.py:3328} INFO - Setting next_dagrun for example_task_group to 2024-05-08T16:34:35.177798+00:00, run_after=2024-05-09T16:34:35.177798+00:00
[2024-05-09T16:34:35.205+0000] {processor.py:178} INFO - Processing /home/airflow/.local/lib/python3.7/site-packages/airflow/example_dags/example_task_group.py took 0.229 seconds
[2024-05-09T16:35:05.480+0000] {processor.py:156} INFO - Started process (PID=2164) to work on /home/airflow/.local/lib/python3.7/site-packages/airflow/example_dags/example_task_group.py
[2024-05-09T16:35:05.481+0000] {processor.py:758} INFO - Processing file /home/airflow/.local/lib/python3.7/site-packages/airflow/example_dags/example_task_group.py for tasks to queue
[2024-05-09T16:35:05.481+0000] {logging_mixin.py:117} INFO - [2024-05-09T16:35:05.481+0000] {dagbag.py:525} INFO - Filling up the DagBag from /home/airflow/.local/lib/python3.7/site-packages/airflow/example_dags/example_task_group.py
[2024-05-09T16:35:05.496+0000] {processor.py:768} INFO - DAG(s) dict_keys(['example_task_group']) retrieved from /home/airflow/.local/lib/python3.7/site-packages/airflow/example_dags/example_task_group.py
[2024-05-09T16:35:05.537+0000] {logging_mixin.py:117} INFO - [2024-05-09T16:35:05.537+0000] {dag.py:2573} INFO - Sync 1 DAGs
[2024-05-09T16:35:05.558+0000] {logging_mixin.py:117} INFO - [2024-05-09T16:35:05.558+0000] {dag.py:3328} INFO - Setting next_dagrun for example_task_group to 2024-05-08T16:35:05.558564+00:00, run_after=2024-05-09T16:35:05.558564+00:00
[2024-05-09T16:35:05.691+0000] {processor.py:178} INFO - Processing /home/airflow/.local/lib/python3.7/site-packages/airflow/example_dags/example_task_group.py took 0.214 seconds
[2024-05-09T16:35:35.915+0000] {processor.py:156} INFO - Started process (PID=2367) to work on /home/airflow/.local/lib/python3.7/site-packages/airflow/example_dags/example_task_group.py
[2024-05-09T16:35:35.916+0000] {processor.py:758} INFO - Processing file /home/airflow/.local/lib/python3.7/site-packages/airflow/example_dags/example_task_group.py for tasks to queue
[2024-05-09T16:35:35.917+0000] {logging_mixin.py:117} INFO - [2024-05-09T16:35:35.917+0000] {dagbag.py:525} INFO - Filling up the DagBag from /home/airflow/.local/lib/python3.7/site-packages/airflow/example_dags/example_task_group.py
[2024-05-09T16:35:35.935+0000] {processor.py:768} INFO - DAG(s) dict_keys(['example_task_group']) retrieved from /home/airflow/.local/lib/python3.7/site-packages/airflow/example_dags/example_task_group.py
[2024-05-09T16:35:35.982+0000] {logging_mixin.py:117} INFO - [2024-05-09T16:35:35.982+0000] {dag.py:2573} INFO - Sync 1 DAGs
[2024-05-09T16:35:36.185+0000] {logging_mixin.py:117} INFO - [2024-05-09T16:35:36.185+0000] {dag.py:3328} INFO - Setting next_dagrun for example_task_group to 2024-05-08T16:35:36.184741+00:00, run_after=2024-05-09T16:35:36.184741+00:00
[2024-05-09T16:35:36.209+0000] {processor.py:178} INFO - Processing /home/airflow/.local/lib/python3.7/site-packages/airflow/example_dags/example_task_group.py took 0.297 seconds
[2024-05-09T16:36:06.657+0000] {processor.py:156} INFO - Started process (PID=2583) to work on /home/airflow/.local/lib/python3.7/site-packages/airflow/example_dags/example_task_group.py
[2024-05-09T16:36:06.657+0000] {processor.py:758} INFO - Processing file /home/airflow/.local/lib/python3.7/site-packages/airflow/example_dags/example_task_group.py for tasks to queue
[2024-05-09T16:36:06.658+0000] {logging_mixin.py:117} INFO - [2024-05-09T16:36:06.658+0000] {dagbag.py:525} INFO - Filling up the DagBag from /home/airflow/.local/lib/python3.7/site-packages/airflow/example_dags/example_task_group.py
[2024-05-09T16:36:06.677+0000] {processor.py:768} INFO - DAG(s) dict_keys(['example_task_group']) retrieved from /home/airflow/.local/lib/python3.7/site-packages/airflow/example_dags/example_task_group.py
[2024-05-09T16:36:06.829+0000] {logging_mixin.py:117} INFO - [2024-05-09T16:36:06.829+0000] {dag.py:2573} INFO - Sync 1 DAGs
[2024-05-09T16:36:06.848+0000] {logging_mixin.py:117} INFO - [2024-05-09T16:36:06.848+0000] {dag.py:3328} INFO - Setting next_dagrun for example_task_group to 2024-05-08T16:36:06.848296+00:00, run_after=2024-05-09T16:36:06.848296+00:00
[2024-05-09T16:36:06.867+0000] {processor.py:178} INFO - Processing /home/airflow/.local/lib/python3.7/site-packages/airflow/example_dags/example_task_group.py took 0.213 seconds
[2024-05-09T16:36:36.907+0000] {processor.py:156} INFO - Started process (PID=2796) to work on /home/airflow/.local/lib/python3.7/site-packages/airflow/example_dags/example_task_group.py
[2024-05-09T16:36:36.908+0000] {processor.py:758} INFO - Processing file /home/airflow/.local/lib/python3.7/site-packages/airflow/example_dags/example_task_group.py for tasks to queue
[2024-05-09T16:36:36.908+0000] {logging_mixin.py:117} INFO - [2024-05-09T16:36:36.908+0000] {dagbag.py:525} INFO - Filling up the DagBag from /home/airflow/.local/lib/python3.7/site-packages/airflow/example_dags/example_task_group.py
[2024-05-09T16:36:36.927+0000] {processor.py:768} INFO - DAG(s) dict_keys(['example_task_group']) retrieved from /home/airflow/.local/lib/python3.7/site-packages/airflow/example_dags/example_task_group.py
[2024-05-09T16:36:37.095+0000] {logging_mixin.py:117} INFO - [2024-05-09T16:36:37.095+0000] {dag.py:2573} INFO - Sync 1 DAGs
[2024-05-09T16:36:37.117+0000] {logging_mixin.py:117} INFO - [2024-05-09T16:36:37.117+0000] {dag.py:3328} INFO - Setting next_dagrun for example_task_group to 2024-05-08T16:36:37.117500+00:00, run_after=2024-05-09T16:36:37.117500+00:00
[2024-05-09T16:36:37.140+0000] {processor.py:178} INFO - Processing /home/airflow/.local/lib/python3.7/site-packages/airflow/example_dags/example_task_group.py took 0.236 seconds
[2024-05-09T16:37:08.205+0000] {processor.py:156} INFO - Started process (PID=3007) to work on /home/airflow/.local/lib/python3.7/site-packages/airflow/example_dags/example_task_group.py
[2024-05-09T16:37:08.206+0000] {processor.py:758} INFO - Processing file /home/airflow/.local/lib/python3.7/site-packages/airflow/example_dags/example_task_group.py for tasks to queue
[2024-05-09T16:37:08.207+0000] {logging_mixin.py:117} INFO - [2024-05-09T16:37:08.206+0000] {dagbag.py:525} INFO - Filling up the DagBag from /home/airflow/.local/lib/python3.7/site-packages/airflow/example_dags/example_task_group.py
[2024-05-09T16:37:08.226+0000] {processor.py:768} INFO - DAG(s) dict_keys(['example_task_group']) retrieved from /home/airflow/.local/lib/python3.7/site-packages/airflow/example_dags/example_task_group.py
[2024-05-09T16:37:08.269+0000] {logging_mixin.py:117} INFO - [2024-05-09T16:37:08.269+0000] {dag.py:2573} INFO - Sync 1 DAGs
[2024-05-09T16:37:08.291+0000] {logging_mixin.py:117} INFO - [2024-05-09T16:37:08.291+0000] {dag.py:3328} INFO - Setting next_dagrun for example_task_group to 2024-05-08T16:37:08.291283+00:00, run_after=2024-05-09T16:37:08.291283+00:00
[2024-05-09T16:37:08.428+0000] {processor.py:178} INFO - Processing /home/airflow/.local/lib/python3.7/site-packages/airflow/example_dags/example_task_group.py took 0.225 seconds
[2024-05-09T16:37:38.751+0000] {processor.py:156} INFO - Started process (PID=3211) to work on /home/airflow/.local/lib/python3.7/site-packages/airflow/example_dags/example_task_group.py
[2024-05-09T16:37:38.752+0000] {processor.py:758} INFO - Processing file /home/airflow/.local/lib/python3.7/site-packages/airflow/example_dags/example_task_group.py for tasks to queue
[2024-05-09T16:37:38.752+0000] {logging_mixin.py:117} INFO - [2024-05-09T16:37:38.752+0000] {dagbag.py:525} INFO - Filling up the DagBag from /home/airflow/.local/lib/python3.7/site-packages/airflow/example_dags/example_task_group.py
[2024-05-09T16:37:38.766+0000] {processor.py:768} INFO - DAG(s) dict_keys(['example_task_group']) retrieved from /home/airflow/.local/lib/python3.7/site-packages/airflow/example_dags/example_task_group.py
[2024-05-09T16:37:38.800+0000] {logging_mixin.py:117} INFO - [2024-05-09T16:37:38.800+0000] {dag.py:2573} INFO - Sync 1 DAGs
[2024-05-09T16:37:38.929+0000] {logging_mixin.py:117} INFO - [2024-05-09T16:37:38.929+0000] {dag.py:3328} INFO - Setting next_dagrun for example_task_group to 2024-05-08T16:37:38.928883+00:00, run_after=2024-05-09T16:37:38.928883+00:00
[2024-05-09T16:37:38.951+0000] {processor.py:178} INFO - Processing /home/airflow/.local/lib/python3.7/site-packages/airflow/example_dags/example_task_group.py took 0.202 seconds
