[2024-05-09T15:15:11.911+0000] {processor.py:156} INFO - Started process (PID=216) to work on /home/airflow/.local/lib/python3.7/site-packages/airflow/example_dags/example_xcom.py
[2024-05-09T15:15:11.912+0000] {processor.py:758} INFO - Processing file /home/airflow/.local/lib/python3.7/site-packages/airflow/example_dags/example_xcom.py for tasks to queue
[2024-05-09T15:15:11.912+0000] {logging_mixin.py:117} INFO - [2024-05-09T15:15:11.912+0000] {dagbag.py:525} INFO - Filling up the DagBag from /home/airflow/.local/lib/python3.7/site-packages/airflow/example_dags/example_xcom.py
[2024-05-09T15:15:11.937+0000] {processor.py:768} INFO - DAG(s) dict_keys(['example_xcom']) retrieved from /home/airflow/.local/lib/python3.7/site-packages/airflow/example_dags/example_xcom.py
[2024-05-09T15:15:12.245+0000] {logging_mixin.py:117} INFO - [2024-05-09T15:15:12.244+0000] {manager.py:507} INFO - Created Permission View: can delete on DAG:example_xcom
[2024-05-09T15:15:12.260+0000] {logging_mixin.py:117} INFO - [2024-05-09T15:15:12.260+0000] {manager.py:507} INFO - Created Permission View: can read on DAG:example_xcom
[2024-05-09T15:15:12.273+0000] {logging_mixin.py:117} INFO - [2024-05-09T15:15:12.273+0000] {manager.py:507} INFO - Created Permission View: can edit on DAG:example_xcom
[2024-05-09T15:15:12.274+0000] {logging_mixin.py:117} INFO - [2024-05-09T15:15:12.274+0000] {dag.py:2573} INFO - Sync 1 DAGs
[2024-05-09T15:15:12.288+0000] {logging_mixin.py:117} INFO - [2024-05-09T15:15:12.288+0000] {dag.py:2594} INFO - Creating ORM DAG for example_xcom
[2024-05-09T15:15:12.302+0000] {logging_mixin.py:117} INFO - [2024-05-09T15:15:12.301+0000] {dag.py:3328} INFO - Setting next_dagrun for example_xcom to 2021-01-01T00:00:00+00:00, run_after=2021-01-01T00:00:00+00:00
[2024-05-09T15:15:12.329+0000] {processor.py:178} INFO - Processing /home/airflow/.local/lib/python3.7/site-packages/airflow/example_dags/example_xcom.py took 0.421 seconds
[2024-05-09T15:15:42.394+0000] {processor.py:156} INFO - Started process (PID=422) to work on /home/airflow/.local/lib/python3.7/site-packages/airflow/example_dags/example_xcom.py
[2024-05-09T15:15:42.395+0000] {processor.py:758} INFO - Processing file /home/airflow/.local/lib/python3.7/site-packages/airflow/example_dags/example_xcom.py for tasks to queue
[2024-05-09T15:15:42.395+0000] {logging_mixin.py:117} INFO - [2024-05-09T15:15:42.395+0000] {dagbag.py:525} INFO - Filling up the DagBag from /home/airflow/.local/lib/python3.7/site-packages/airflow/example_dags/example_xcom.py
[2024-05-09T15:15:42.418+0000] {processor.py:768} INFO - DAG(s) dict_keys(['example_xcom']) retrieved from /home/airflow/.local/lib/python3.7/site-packages/airflow/example_dags/example_xcom.py
[2024-05-09T15:15:42.449+0000] {logging_mixin.py:117} INFO - [2024-05-09T15:15:42.449+0000] {dag.py:2573} INFO - Sync 1 DAGs
[2024-05-09T15:15:42.567+0000] {logging_mixin.py:117} INFO - [2024-05-09T15:15:42.566+0000] {dag.py:3328} INFO - Setting next_dagrun for example_xcom to 2021-01-01T00:00:00+00:00, run_after=2021-01-01T00:00:00+00:00
[2024-05-09T15:15:42.586+0000] {processor.py:178} INFO - Processing /home/airflow/.local/lib/python3.7/site-packages/airflow/example_dags/example_xcom.py took 0.195 seconds
[2024-05-09T15:16:12.946+0000] {processor.py:156} INFO - Started process (PID=635) to work on /home/airflow/.local/lib/python3.7/site-packages/airflow/example_dags/example_xcom.py
[2024-05-09T15:16:12.946+0000] {processor.py:758} INFO - Processing file /home/airflow/.local/lib/python3.7/site-packages/airflow/example_dags/example_xcom.py for tasks to queue
[2024-05-09T15:16:12.947+0000] {logging_mixin.py:117} INFO - [2024-05-09T15:16:12.947+0000] {dagbag.py:525} INFO - Filling up the DagBag from /home/airflow/.local/lib/python3.7/site-packages/airflow/example_dags/example_xcom.py
[2024-05-09T15:16:12.974+0000] {processor.py:768} INFO - DAG(s) dict_keys(['example_xcom']) retrieved from /home/airflow/.local/lib/python3.7/site-packages/airflow/example_dags/example_xcom.py
[2024-05-09T15:16:13.010+0000] {logging_mixin.py:117} INFO - [2024-05-09T15:16:13.009+0000] {dag.py:2573} INFO - Sync 1 DAGs
[2024-05-09T15:16:13.134+0000] {logging_mixin.py:117} INFO - [2024-05-09T15:16:13.134+0000] {dag.py:3328} INFO - Setting next_dagrun for example_xcom to 2021-01-01T00:00:00+00:00, run_after=2021-01-01T00:00:00+00:00
[2024-05-09T15:16:13.154+0000] {processor.py:178} INFO - Processing /home/airflow/.local/lib/python3.7/site-packages/airflow/example_dags/example_xcom.py took 0.212 seconds
[2024-05-09T15:16:43.593+0000] {processor.py:156} INFO - Started process (PID=848) to work on /home/airflow/.local/lib/python3.7/site-packages/airflow/example_dags/example_xcom.py
[2024-05-09T15:16:43.593+0000] {processor.py:758} INFO - Processing file /home/airflow/.local/lib/python3.7/site-packages/airflow/example_dags/example_xcom.py for tasks to queue
[2024-05-09T15:16:43.594+0000] {logging_mixin.py:117} INFO - [2024-05-09T15:16:43.594+0000] {dagbag.py:525} INFO - Filling up the DagBag from /home/airflow/.local/lib/python3.7/site-packages/airflow/example_dags/example_xcom.py
[2024-05-09T15:16:43.613+0000] {processor.py:768} INFO - DAG(s) dict_keys(['example_xcom']) retrieved from /home/airflow/.local/lib/python3.7/site-packages/airflow/example_dags/example_xcom.py
[2024-05-09T15:16:43.777+0000] {logging_mixin.py:117} INFO - [2024-05-09T15:16:43.777+0000] {dag.py:2573} INFO - Sync 1 DAGs
[2024-05-09T15:16:43.798+0000] {logging_mixin.py:117} INFO - [2024-05-09T15:16:43.798+0000] {dag.py:3328} INFO - Setting next_dagrun for example_xcom to 2021-01-01T00:00:00+00:00, run_after=2021-01-01T00:00:00+00:00
[2024-05-09T15:16:43.820+0000] {processor.py:178} INFO - Processing /home/airflow/.local/lib/python3.7/site-packages/airflow/example_dags/example_xcom.py took 0.230 seconds
[2024-05-09T15:17:14.664+0000] {processor.py:156} INFO - Started process (PID=1062) to work on /home/airflow/.local/lib/python3.7/site-packages/airflow/example_dags/example_xcom.py
[2024-05-09T15:17:14.665+0000] {processor.py:758} INFO - Processing file /home/airflow/.local/lib/python3.7/site-packages/airflow/example_dags/example_xcom.py for tasks to queue
[2024-05-09T15:17:14.666+0000] {logging_mixin.py:117} INFO - [2024-05-09T15:17:14.666+0000] {dagbag.py:525} INFO - Filling up the DagBag from /home/airflow/.local/lib/python3.7/site-packages/airflow/example_dags/example_xcom.py
[2024-05-09T15:17:14.720+0000] {processor.py:768} INFO - DAG(s) dict_keys(['example_xcom']) retrieved from /home/airflow/.local/lib/python3.7/site-packages/airflow/example_dags/example_xcom.py
[2024-05-09T15:17:15.088+0000] {logging_mixin.py:117} INFO - [2024-05-09T15:17:15.087+0000] {dag.py:2573} INFO - Sync 1 DAGs
[2024-05-09T15:17:15.127+0000] {logging_mixin.py:117} INFO - [2024-05-09T15:17:15.127+0000] {dag.py:3328} INFO - Setting next_dagrun for example_xcom to 2021-01-01T00:00:00+00:00, run_after=2021-01-01T00:00:00+00:00
[2024-05-09T15:17:15.201+0000] {processor.py:178} INFO - Processing /home/airflow/.local/lib/python3.7/site-packages/airflow/example_dags/example_xcom.py took 0.540 seconds
[2024-05-09T15:17:45.702+0000] {processor.py:156} INFO - Started process (PID=1267) to work on /home/airflow/.local/lib/python3.7/site-packages/airflow/example_dags/example_xcom.py
[2024-05-09T15:17:45.703+0000] {processor.py:758} INFO - Processing file /home/airflow/.local/lib/python3.7/site-packages/airflow/example_dags/example_xcom.py for tasks to queue
[2024-05-09T15:17:45.703+0000] {logging_mixin.py:117} INFO - [2024-05-09T15:17:45.703+0000] {dagbag.py:525} INFO - Filling up the DagBag from /home/airflow/.local/lib/python3.7/site-packages/airflow/example_dags/example_xcom.py
[2024-05-09T15:17:45.833+0000] {processor.py:768} INFO - DAG(s) dict_keys(['example_xcom']) retrieved from /home/airflow/.local/lib/python3.7/site-packages/airflow/example_dags/example_xcom.py
[2024-05-09T15:17:45.865+0000] {logging_mixin.py:117} INFO - [2024-05-09T15:17:45.865+0000] {dag.py:2573} INFO - Sync 1 DAGs
[2024-05-09T15:17:45.892+0000] {logging_mixin.py:117} INFO - [2024-05-09T15:17:45.892+0000] {dag.py:3328} INFO - Setting next_dagrun for example_xcom to 2021-01-01T00:00:00+00:00, run_after=2021-01-01T00:00:00+00:00
[2024-05-09T15:17:45.915+0000] {processor.py:178} INFO - Processing /home/airflow/.local/lib/python3.7/site-packages/airflow/example_dags/example_xcom.py took 0.215 seconds
[2024-05-09T15:18:16.485+0000] {processor.py:156} INFO - Started process (PID=1480) to work on /home/airflow/.local/lib/python3.7/site-packages/airflow/example_dags/example_xcom.py
[2024-05-09T15:18:16.486+0000] {processor.py:758} INFO - Processing file /home/airflow/.local/lib/python3.7/site-packages/airflow/example_dags/example_xcom.py for tasks to queue
[2024-05-09T15:18:16.486+0000] {logging_mixin.py:117} INFO - [2024-05-09T15:18:16.486+0000] {dagbag.py:525} INFO - Filling up the DagBag from /home/airflow/.local/lib/python3.7/site-packages/airflow/example_dags/example_xcom.py
[2024-05-09T15:18:16.619+0000] {processor.py:768} INFO - DAG(s) dict_keys(['example_xcom']) retrieved from /home/airflow/.local/lib/python3.7/site-packages/airflow/example_dags/example_xcom.py
[2024-05-09T15:18:16.648+0000] {logging_mixin.py:117} INFO - [2024-05-09T15:18:16.648+0000] {dag.py:2573} INFO - Sync 1 DAGs
[2024-05-09T15:18:16.668+0000] {logging_mixin.py:117} INFO - [2024-05-09T15:18:16.668+0000] {dag.py:3328} INFO - Setting next_dagrun for example_xcom to 2021-01-01T00:00:00+00:00, run_after=2021-01-01T00:00:00+00:00
[2024-05-09T15:18:16.698+0000] {processor.py:178} INFO - Processing /home/airflow/.local/lib/python3.7/site-packages/airflow/example_dags/example_xcom.py took 0.215 seconds
[2024-05-09T15:18:47.256+0000] {processor.py:156} INFO - Started process (PID=1694) to work on /home/airflow/.local/lib/python3.7/site-packages/airflow/example_dags/example_xcom.py
[2024-05-09T15:18:47.257+0000] {processor.py:758} INFO - Processing file /home/airflow/.local/lib/python3.7/site-packages/airflow/example_dags/example_xcom.py for tasks to queue
[2024-05-09T15:18:47.257+0000] {logging_mixin.py:117} INFO - [2024-05-09T15:18:47.257+0000] {dagbag.py:525} INFO - Filling up the DagBag from /home/airflow/.local/lib/python3.7/site-packages/airflow/example_dags/example_xcom.py
[2024-05-09T15:18:47.277+0000] {processor.py:768} INFO - DAG(s) dict_keys(['example_xcom']) retrieved from /home/airflow/.local/lib/python3.7/site-packages/airflow/example_dags/example_xcom.py
[2024-05-09T15:18:47.315+0000] {logging_mixin.py:117} INFO - [2024-05-09T15:18:47.314+0000] {dag.py:2573} INFO - Sync 1 DAGs
[2024-05-09T15:18:47.343+0000] {logging_mixin.py:117} INFO - [2024-05-09T15:18:47.342+0000] {dag.py:3328} INFO - Setting next_dagrun for example_xcom to 2021-01-01T00:00:00+00:00, run_after=2021-01-01T00:00:00+00:00
[2024-05-09T15:18:47.372+0000] {processor.py:178} INFO - Processing /home/airflow/.local/lib/python3.7/site-packages/airflow/example_dags/example_xcom.py took 0.118 seconds
[2024-05-09T15:19:18.029+0000] {processor.py:156} INFO - Started process (PID=1908) to work on /home/airflow/.local/lib/python3.7/site-packages/airflow/example_dags/example_xcom.py
[2024-05-09T15:19:18.030+0000] {processor.py:758} INFO - Processing file /home/airflow/.local/lib/python3.7/site-packages/airflow/example_dags/example_xcom.py for tasks to queue
[2024-05-09T15:19:18.031+0000] {logging_mixin.py:117} INFO - [2024-05-09T15:19:18.031+0000] {dagbag.py:525} INFO - Filling up the DagBag from /home/airflow/.local/lib/python3.7/site-packages/airflow/example_dags/example_xcom.py
[2024-05-09T15:19:18.059+0000] {processor.py:768} INFO - DAG(s) dict_keys(['example_xcom']) retrieved from /home/airflow/.local/lib/python3.7/site-packages/airflow/example_dags/example_xcom.py
[2024-05-09T15:19:18.104+0000] {logging_mixin.py:117} INFO - [2024-05-09T15:19:18.104+0000] {dag.py:2573} INFO - Sync 1 DAGs
[2024-05-09T15:19:18.133+0000] {logging_mixin.py:117} INFO - [2024-05-09T15:19:18.133+0000] {dag.py:3328} INFO - Setting next_dagrun for example_xcom to 2021-01-01T00:00:00+00:00, run_after=2021-01-01T00:00:00+00:00
[2024-05-09T15:19:18.165+0000] {processor.py:178} INFO - Processing /home/airflow/.local/lib/python3.7/site-packages/airflow/example_dags/example_xcom.py took 0.139 seconds
[2024-05-09T15:19:48.810+0000] {processor.py:156} INFO - Started process (PID=2112) to work on /home/airflow/.local/lib/python3.7/site-packages/airflow/example_dags/example_xcom.py
[2024-05-09T15:19:48.810+0000] {processor.py:758} INFO - Processing file /home/airflow/.local/lib/python3.7/site-packages/airflow/example_dags/example_xcom.py for tasks to queue
[2024-05-09T15:19:48.811+0000] {logging_mixin.py:117} INFO - [2024-05-09T15:19:48.811+0000] {dagbag.py:525} INFO - Filling up the DagBag from /home/airflow/.local/lib/python3.7/site-packages/airflow/example_dags/example_xcom.py
[2024-05-09T15:19:48.832+0000] {processor.py:768} INFO - DAG(s) dict_keys(['example_xcom']) retrieved from /home/airflow/.local/lib/python3.7/site-packages/airflow/example_dags/example_xcom.py
[2024-05-09T15:19:48.865+0000] {logging_mixin.py:117} INFO - [2024-05-09T15:19:48.864+0000] {dag.py:2573} INFO - Sync 1 DAGs
[2024-05-09T15:19:48.885+0000] {logging_mixin.py:117} INFO - [2024-05-09T15:19:48.885+0000] {dag.py:3328} INFO - Setting next_dagrun for example_xcom to 2021-01-01T00:00:00+00:00, run_after=2021-01-01T00:00:00+00:00
[2024-05-09T15:19:48.907+0000] {processor.py:178} INFO - Processing /home/airflow/.local/lib/python3.7/site-packages/airflow/example_dags/example_xcom.py took 0.100 seconds
[2024-05-09T15:20:19.624+0000] {processor.py:156} INFO - Started process (PID=2326) to work on /home/airflow/.local/lib/python3.7/site-packages/airflow/example_dags/example_xcom.py
[2024-05-09T15:20:19.625+0000] {processor.py:758} INFO - Processing file /home/airflow/.local/lib/python3.7/site-packages/airflow/example_dags/example_xcom.py for tasks to queue
[2024-05-09T15:20:19.625+0000] {logging_mixin.py:117} INFO - [2024-05-09T15:20:19.625+0000] {dagbag.py:525} INFO - Filling up the DagBag from /home/airflow/.local/lib/python3.7/site-packages/airflow/example_dags/example_xcom.py
[2024-05-09T15:20:19.644+0000] {processor.py:768} INFO - DAG(s) dict_keys(['example_xcom']) retrieved from /home/airflow/.local/lib/python3.7/site-packages/airflow/example_dags/example_xcom.py
[2024-05-09T15:20:19.678+0000] {logging_mixin.py:117} INFO - [2024-05-09T15:20:19.678+0000] {dag.py:2573} INFO - Sync 1 DAGs
[2024-05-09T15:20:19.701+0000] {logging_mixin.py:117} INFO - [2024-05-09T15:20:19.701+0000] {dag.py:3328} INFO - Setting next_dagrun for example_xcom to 2021-01-01T00:00:00+00:00, run_after=2021-01-01T00:00:00+00:00
[2024-05-09T15:20:19.724+0000] {processor.py:178} INFO - Processing /home/airflow/.local/lib/python3.7/site-packages/airflow/example_dags/example_xcom.py took 0.103 seconds
