[2024-05-09T15:15:11.587+0000] {processor.py:156} INFO - Started process (PID=211) to work on /home/airflow/.local/lib/python3.7/site-packages/airflow/example_dags/example_local_kubernetes_executor.py
[2024-05-09T15:15:11.588+0000] {processor.py:758} INFO - Processing file /home/airflow/.local/lib/python3.7/site-packages/airflow/example_dags/example_local_kubernetes_executor.py for tasks to queue
[2024-05-09T15:15:11.589+0000] {logging_mixin.py:117} INFO - [2024-05-09T15:15:11.588+0000] {dagbag.py:525} INFO - Filling up the DagBag from /home/airflow/.local/lib/python3.7/site-packages/airflow/example_dags/example_local_kubernetes_executor.py
[2024-05-09T15:15:11.620+0000] {processor.py:768} INFO - DAG(s) dict_keys(['example_local_kubernetes_executor']) retrieved from /home/airflow/.local/lib/python3.7/site-packages/airflow/example_dags/example_local_kubernetes_executor.py
[2024-05-09T15:15:11.912+0000] {logging_mixin.py:117} INFO - [2024-05-09T15:15:11.912+0000] {manager.py:507} INFO - Created Permission View: can delete on DAG:example_local_kubernetes_executor
[2024-05-09T15:15:11.928+0000] {logging_mixin.py:117} INFO - [2024-05-09T15:15:11.928+0000] {manager.py:507} INFO - Created Permission View: can read on DAG:example_local_kubernetes_executor
[2024-05-09T15:15:11.939+0000] {logging_mixin.py:117} INFO - [2024-05-09T15:15:11.939+0000] {manager.py:507} INFO - Created Permission View: can edit on DAG:example_local_kubernetes_executor
[2024-05-09T15:15:11.940+0000] {logging_mixin.py:117} INFO - [2024-05-09T15:15:11.940+0000] {dag.py:2573} INFO - Sync 1 DAGs
[2024-05-09T15:15:11.955+0000] {logging_mixin.py:117} INFO - [2024-05-09T15:15:11.954+0000] {dag.py:2594} INFO - Creating ORM DAG for example_local_kubernetes_executor
[2024-05-09T15:15:11.966+0000] {logging_mixin.py:117} INFO - [2024-05-09T15:15:11.966+0000] {dag.py:3328} INFO - Setting next_dagrun for example_local_kubernetes_executor to None, run_after=None
[2024-05-09T15:15:11.992+0000] {processor.py:178} INFO - Processing /home/airflow/.local/lib/python3.7/site-packages/airflow/example_dags/example_local_kubernetes_executor.py took 0.409 seconds
[2024-05-09T15:15:42.182+0000] {processor.py:156} INFO - Started process (PID=417) to work on /home/airflow/.local/lib/python3.7/site-packages/airflow/example_dags/example_local_kubernetes_executor.py
[2024-05-09T15:15:42.182+0000] {processor.py:758} INFO - Processing file /home/airflow/.local/lib/python3.7/site-packages/airflow/example_dags/example_local_kubernetes_executor.py for tasks to queue
[2024-05-09T15:15:42.183+0000] {logging_mixin.py:117} INFO - [2024-05-09T15:15:42.183+0000] {dagbag.py:525} INFO - Filling up the DagBag from /home/airflow/.local/lib/python3.7/site-packages/airflow/example_dags/example_local_kubernetes_executor.py
[2024-05-09T15:15:42.203+0000] {processor.py:768} INFO - DAG(s) dict_keys(['example_local_kubernetes_executor']) retrieved from /home/airflow/.local/lib/python3.7/site-packages/airflow/example_dags/example_local_kubernetes_executor.py
[2024-05-09T15:15:42.232+0000] {logging_mixin.py:117} INFO - [2024-05-09T15:15:42.232+0000] {dag.py:2573} INFO - Sync 1 DAGs
[2024-05-09T15:15:42.251+0000] {logging_mixin.py:117} INFO - [2024-05-09T15:15:42.251+0000] {dag.py:3328} INFO - Setting next_dagrun for example_local_kubernetes_executor to None, run_after=None
[2024-05-09T15:15:42.366+0000] {processor.py:178} INFO - Processing /home/airflow/.local/lib/python3.7/site-packages/airflow/example_dags/example_local_kubernetes_executor.py took 0.186 seconds
[2024-05-09T15:16:12.932+0000] {processor.py:156} INFO - Started process (PID=632) to work on /home/airflow/.local/lib/python3.7/site-packages/airflow/example_dags/example_local_kubernetes_executor.py
[2024-05-09T15:16:12.933+0000] {processor.py:758} INFO - Processing file /home/airflow/.local/lib/python3.7/site-packages/airflow/example_dags/example_local_kubernetes_executor.py for tasks to queue
[2024-05-09T15:16:12.934+0000] {logging_mixin.py:117} INFO - [2024-05-09T15:16:12.934+0000] {dagbag.py:525} INFO - Filling up the DagBag from /home/airflow/.local/lib/python3.7/site-packages/airflow/example_dags/example_local_kubernetes_executor.py
[2024-05-09T15:16:12.960+0000] {processor.py:768} INFO - DAG(s) dict_keys(['example_local_kubernetes_executor']) retrieved from /home/airflow/.local/lib/python3.7/site-packages/airflow/example_dags/example_local_kubernetes_executor.py
[2024-05-09T15:16:12.997+0000] {logging_mixin.py:117} INFO - [2024-05-09T15:16:12.997+0000] {dag.py:2573} INFO - Sync 1 DAGs
[2024-05-09T15:16:13.129+0000] {logging_mixin.py:117} INFO - [2024-05-09T15:16:13.129+0000] {dag.py:3328} INFO - Setting next_dagrun for example_local_kubernetes_executor to None, run_after=None
[2024-05-09T15:16:13.149+0000] {processor.py:178} INFO - Processing /home/airflow/.local/lib/python3.7/site-packages/airflow/example_dags/example_local_kubernetes_executor.py took 0.219 seconds
[2024-05-09T15:16:43.588+0000] {processor.py:156} INFO - Started process (PID=845) to work on /home/airflow/.local/lib/python3.7/site-packages/airflow/example_dags/example_local_kubernetes_executor.py
[2024-05-09T15:16:43.589+0000] {processor.py:758} INFO - Processing file /home/airflow/.local/lib/python3.7/site-packages/airflow/example_dags/example_local_kubernetes_executor.py for tasks to queue
[2024-05-09T15:16:43.590+0000] {logging_mixin.py:117} INFO - [2024-05-09T15:16:43.589+0000] {dagbag.py:525} INFO - Filling up the DagBag from /home/airflow/.local/lib/python3.7/site-packages/airflow/example_dags/example_local_kubernetes_executor.py
[2024-05-09T15:16:43.609+0000] {processor.py:768} INFO - DAG(s) dict_keys(['example_local_kubernetes_executor']) retrieved from /home/airflow/.local/lib/python3.7/site-packages/airflow/example_dags/example_local_kubernetes_executor.py
[2024-05-09T15:16:43.773+0000] {logging_mixin.py:117} INFO - [2024-05-09T15:16:43.773+0000] {dag.py:2573} INFO - Sync 1 DAGs
[2024-05-09T15:16:43.794+0000] {logging_mixin.py:117} INFO - [2024-05-09T15:16:43.794+0000] {dag.py:3328} INFO - Setting next_dagrun for example_local_kubernetes_executor to None, run_after=None
[2024-05-09T15:16:43.814+0000] {processor.py:178} INFO - Processing /home/airflow/.local/lib/python3.7/site-packages/airflow/example_dags/example_local_kubernetes_executor.py took 0.228 seconds
[2024-05-09T15:17:14.510+0000] {processor.py:156} INFO - Started process (PID=1057) to work on /home/airflow/.local/lib/python3.7/site-packages/airflow/example_dags/example_local_kubernetes_executor.py
[2024-05-09T15:17:14.511+0000] {processor.py:758} INFO - Processing file /home/airflow/.local/lib/python3.7/site-packages/airflow/example_dags/example_local_kubernetes_executor.py for tasks to queue
[2024-05-09T15:17:14.512+0000] {logging_mixin.py:117} INFO - [2024-05-09T15:17:14.512+0000] {dagbag.py:525} INFO - Filling up the DagBag from /home/airflow/.local/lib/python3.7/site-packages/airflow/example_dags/example_local_kubernetes_executor.py
[2024-05-09T15:17:14.575+0000] {processor.py:768} INFO - DAG(s) dict_keys(['example_local_kubernetes_executor']) retrieved from /home/airflow/.local/lib/python3.7/site-packages/airflow/example_dags/example_local_kubernetes_executor.py
[2024-05-09T15:17:14.816+0000] {logging_mixin.py:117} INFO - [2024-05-09T15:17:14.815+0000] {dag.py:2573} INFO - Sync 1 DAGs
[2024-05-09T15:17:14.868+0000] {logging_mixin.py:117} INFO - [2024-05-09T15:17:14.868+0000] {dag.py:3328} INFO - Setting next_dagrun for example_local_kubernetes_executor to None, run_after=None
[2024-05-09T15:17:14.920+0000] {processor.py:178} INFO - Processing /home/airflow/.local/lib/python3.7/site-packages/airflow/example_dags/example_local_kubernetes_executor.py took 0.413 seconds
[2024-05-09T15:17:45.698+0000] {processor.py:156} INFO - Started process (PID=1264) to work on /home/airflow/.local/lib/python3.7/site-packages/airflow/example_dags/example_local_kubernetes_executor.py
[2024-05-09T15:17:45.698+0000] {processor.py:758} INFO - Processing file /home/airflow/.local/lib/python3.7/site-packages/airflow/example_dags/example_local_kubernetes_executor.py for tasks to queue
[2024-05-09T15:17:45.699+0000] {logging_mixin.py:117} INFO - [2024-05-09T15:17:45.699+0000] {dagbag.py:525} INFO - Filling up the DagBag from /home/airflow/.local/lib/python3.7/site-packages/airflow/example_dags/example_local_kubernetes_executor.py
[2024-05-09T15:17:45.833+0000] {processor.py:768} INFO - DAG(s) dict_keys(['example_local_kubernetes_executor']) retrieved from /home/airflow/.local/lib/python3.7/site-packages/airflow/example_dags/example_local_kubernetes_executor.py
[2024-05-09T15:17:45.864+0000] {logging_mixin.py:117} INFO - [2024-05-09T15:17:45.864+0000] {dag.py:2573} INFO - Sync 1 DAGs
[2024-05-09T15:17:45.892+0000] {logging_mixin.py:117} INFO - [2024-05-09T15:17:45.892+0000] {dag.py:3328} INFO - Setting next_dagrun for example_local_kubernetes_executor to None, run_after=None
[2024-05-09T15:17:45.916+0000] {processor.py:178} INFO - Processing /home/airflow/.local/lib/python3.7/site-packages/airflow/example_dags/example_local_kubernetes_executor.py took 0.221 seconds
[2024-05-09T15:18:16.480+0000] {processor.py:156} INFO - Started process (PID=1477) to work on /home/airflow/.local/lib/python3.7/site-packages/airflow/example_dags/example_local_kubernetes_executor.py
[2024-05-09T15:18:16.481+0000] {processor.py:758} INFO - Processing file /home/airflow/.local/lib/python3.7/site-packages/airflow/example_dags/example_local_kubernetes_executor.py for tasks to queue
[2024-05-09T15:18:16.482+0000] {logging_mixin.py:117} INFO - [2024-05-09T15:18:16.482+0000] {dagbag.py:525} INFO - Filling up the DagBag from /home/airflow/.local/lib/python3.7/site-packages/airflow/example_dags/example_local_kubernetes_executor.py
[2024-05-09T15:18:16.615+0000] {processor.py:768} INFO - DAG(s) dict_keys(['example_local_kubernetes_executor']) retrieved from /home/airflow/.local/lib/python3.7/site-packages/airflow/example_dags/example_local_kubernetes_executor.py
[2024-05-09T15:18:16.645+0000] {logging_mixin.py:117} INFO - [2024-05-09T15:18:16.645+0000] {dag.py:2573} INFO - Sync 1 DAGs
[2024-05-09T15:18:16.665+0000] {logging_mixin.py:117} INFO - [2024-05-09T15:18:16.664+0000] {dag.py:3328} INFO - Setting next_dagrun for example_local_kubernetes_executor to None, run_after=None
[2024-05-09T15:18:16.692+0000] {processor.py:178} INFO - Processing /home/airflow/.local/lib/python3.7/site-packages/airflow/example_dags/example_local_kubernetes_executor.py took 0.215 seconds
[2024-05-09T15:18:47.252+0000] {processor.py:156} INFO - Started process (PID=1691) to work on /home/airflow/.local/lib/python3.7/site-packages/airflow/example_dags/example_local_kubernetes_executor.py
[2024-05-09T15:18:47.252+0000] {processor.py:758} INFO - Processing file /home/airflow/.local/lib/python3.7/site-packages/airflow/example_dags/example_local_kubernetes_executor.py for tasks to queue
[2024-05-09T15:18:47.253+0000] {logging_mixin.py:117} INFO - [2024-05-09T15:18:47.253+0000] {dagbag.py:525} INFO - Filling up the DagBag from /home/airflow/.local/lib/python3.7/site-packages/airflow/example_dags/example_local_kubernetes_executor.py
[2024-05-09T15:18:47.273+0000] {processor.py:768} INFO - DAG(s) dict_keys(['example_local_kubernetes_executor']) retrieved from /home/airflow/.local/lib/python3.7/site-packages/airflow/example_dags/example_local_kubernetes_executor.py
[2024-05-09T15:18:47.308+0000] {logging_mixin.py:117} INFO - [2024-05-09T15:18:47.308+0000] {dag.py:2573} INFO - Sync 1 DAGs
[2024-05-09T15:18:47.344+0000] {logging_mixin.py:117} INFO - [2024-05-09T15:18:47.344+0000] {dag.py:3328} INFO - Setting next_dagrun for example_local_kubernetes_executor to None, run_after=None
[2024-05-09T15:18:47.377+0000] {processor.py:178} INFO - Processing /home/airflow/.local/lib/python3.7/site-packages/airflow/example_dags/example_local_kubernetes_executor.py took 0.129 seconds
[2024-05-09T15:19:18.021+0000] {processor.py:156} INFO - Started process (PID=1905) to work on /home/airflow/.local/lib/python3.7/site-packages/airflow/example_dags/example_local_kubernetes_executor.py
[2024-05-09T15:19:18.022+0000] {processor.py:758} INFO - Processing file /home/airflow/.local/lib/python3.7/site-packages/airflow/example_dags/example_local_kubernetes_executor.py for tasks to queue
[2024-05-09T15:19:18.023+0000] {logging_mixin.py:117} INFO - [2024-05-09T15:19:18.022+0000] {dagbag.py:525} INFO - Filling up the DagBag from /home/airflow/.local/lib/python3.7/site-packages/airflow/example_dags/example_local_kubernetes_executor.py
[2024-05-09T15:19:18.050+0000] {processor.py:768} INFO - DAG(s) dict_keys(['example_local_kubernetes_executor']) retrieved from /home/airflow/.local/lib/python3.7/site-packages/airflow/example_dags/example_local_kubernetes_executor.py
[2024-05-09T15:19:18.100+0000] {logging_mixin.py:117} INFO - [2024-05-09T15:19:18.099+0000] {dag.py:2573} INFO - Sync 1 DAGs
[2024-05-09T15:19:18.130+0000] {logging_mixin.py:117} INFO - [2024-05-09T15:19:18.130+0000] {dag.py:3328} INFO - Setting next_dagrun for example_local_kubernetes_executor to None, run_after=None
[2024-05-09T15:19:18.160+0000] {processor.py:178} INFO - Processing /home/airflow/.local/lib/python3.7/site-packages/airflow/example_dags/example_local_kubernetes_executor.py took 0.143 seconds
[2024-05-09T15:19:48.804+0000] {processor.py:156} INFO - Started process (PID=2109) to work on /home/airflow/.local/lib/python3.7/site-packages/airflow/example_dags/example_local_kubernetes_executor.py
[2024-05-09T15:19:48.804+0000] {processor.py:758} INFO - Processing file /home/airflow/.local/lib/python3.7/site-packages/airflow/example_dags/example_local_kubernetes_executor.py for tasks to queue
[2024-05-09T15:19:48.805+0000] {logging_mixin.py:117} INFO - [2024-05-09T15:19:48.805+0000] {dagbag.py:525} INFO - Filling up the DagBag from /home/airflow/.local/lib/python3.7/site-packages/airflow/example_dags/example_local_kubernetes_executor.py
[2024-05-09T15:19:48.827+0000] {processor.py:768} INFO - DAG(s) dict_keys(['example_local_kubernetes_executor']) retrieved from /home/airflow/.local/lib/python3.7/site-packages/airflow/example_dags/example_local_kubernetes_executor.py
[2024-05-09T15:19:48.860+0000] {logging_mixin.py:117} INFO - [2024-05-09T15:19:48.859+0000] {dag.py:2573} INFO - Sync 1 DAGs
[2024-05-09T15:19:48.881+0000] {logging_mixin.py:117} INFO - [2024-05-09T15:19:48.881+0000] {dag.py:3328} INFO - Setting next_dagrun for example_local_kubernetes_executor to None, run_after=None
[2024-05-09T15:19:48.901+0000] {processor.py:178} INFO - Processing /home/airflow/.local/lib/python3.7/site-packages/airflow/example_dags/example_local_kubernetes_executor.py took 0.100 seconds
[2024-05-09T15:20:19.620+0000] {processor.py:156} INFO - Started process (PID=2323) to work on /home/airflow/.local/lib/python3.7/site-packages/airflow/example_dags/example_local_kubernetes_executor.py
[2024-05-09T15:20:19.621+0000] {processor.py:758} INFO - Processing file /home/airflow/.local/lib/python3.7/site-packages/airflow/example_dags/example_local_kubernetes_executor.py for tasks to queue
[2024-05-09T15:20:19.621+0000] {logging_mixin.py:117} INFO - [2024-05-09T15:20:19.621+0000] {dagbag.py:525} INFO - Filling up the DagBag from /home/airflow/.local/lib/python3.7/site-packages/airflow/example_dags/example_local_kubernetes_executor.py
[2024-05-09T15:20:19.641+0000] {processor.py:768} INFO - DAG(s) dict_keys(['example_local_kubernetes_executor']) retrieved from /home/airflow/.local/lib/python3.7/site-packages/airflow/example_dags/example_local_kubernetes_executor.py
[2024-05-09T15:20:19.674+0000] {logging_mixin.py:117} INFO - [2024-05-09T15:20:19.674+0000] {dag.py:2573} INFO - Sync 1 DAGs
[2024-05-09T15:20:19.697+0000] {logging_mixin.py:117} INFO - [2024-05-09T15:20:19.697+0000] {dag.py:3328} INFO - Setting next_dagrun for example_local_kubernetes_executor to None, run_after=None
[2024-05-09T15:20:19.719+0000] {processor.py:178} INFO - Processing /home/airflow/.local/lib/python3.7/site-packages/airflow/example_dags/example_local_kubernetes_executor.py took 0.103 seconds
[2024-05-09T15:20:50.572+0000] {processor.py:156} INFO - Started process (PID=2536) to work on /home/airflow/.local/lib/python3.7/site-packages/airflow/example_dags/example_local_kubernetes_executor.py
[2024-05-09T15:20:50.573+0000] {processor.py:758} INFO - Processing file /home/airflow/.local/lib/python3.7/site-packages/airflow/example_dags/example_local_kubernetes_executor.py for tasks to queue
[2024-05-09T15:20:50.574+0000] {logging_mixin.py:117} INFO - [2024-05-09T15:20:50.574+0000] {dagbag.py:525} INFO - Filling up the DagBag from /home/airflow/.local/lib/python3.7/site-packages/airflow/example_dags/example_local_kubernetes_executor.py
[2024-05-09T15:20:50.593+0000] {processor.py:768} INFO - DAG(s) dict_keys(['example_local_kubernetes_executor']) retrieved from /home/airflow/.local/lib/python3.7/site-packages/airflow/example_dags/example_local_kubernetes_executor.py
[2024-05-09T15:20:50.629+0000] {logging_mixin.py:117} INFO - [2024-05-09T15:20:50.629+0000] {dag.py:2573} INFO - Sync 1 DAGs
[2024-05-09T15:20:50.657+0000] {logging_mixin.py:117} INFO - [2024-05-09T15:20:50.657+0000] {dag.py:3328} INFO - Setting next_dagrun for example_local_kubernetes_executor to None, run_after=None
[2024-05-09T15:20:50.679+0000] {processor.py:178} INFO - Processing /home/airflow/.local/lib/python3.7/site-packages/airflow/example_dags/example_local_kubernetes_executor.py took 0.110 seconds
[2024-05-09T15:21:21.240+0000] {processor.py:156} INFO - Started process (PID=2740) to work on /home/airflow/.local/lib/python3.7/site-packages/airflow/example_dags/example_local_kubernetes_executor.py
[2024-05-09T15:21:21.241+0000] {processor.py:758} INFO - Processing file /home/airflow/.local/lib/python3.7/site-packages/airflow/example_dags/example_local_kubernetes_executor.py for tasks to queue
[2024-05-09T15:21:21.242+0000] {logging_mixin.py:117} INFO - [2024-05-09T15:21:21.242+0000] {dagbag.py:525} INFO - Filling up the DagBag from /home/airflow/.local/lib/python3.7/site-packages/airflow/example_dags/example_local_kubernetes_executor.py
[2024-05-09T15:21:21.269+0000] {processor.py:768} INFO - DAG(s) dict_keys(['example_local_kubernetes_executor']) retrieved from /home/airflow/.local/lib/python3.7/site-packages/airflow/example_dags/example_local_kubernetes_executor.py
[2024-05-09T15:21:21.320+0000] {logging_mixin.py:117} INFO - [2024-05-09T15:21:21.320+0000] {dag.py:2573} INFO - Sync 1 DAGs
[2024-05-09T15:21:21.362+0000] {logging_mixin.py:117} INFO - [2024-05-09T15:21:21.362+0000] {dag.py:3328} INFO - Setting next_dagrun for example_local_kubernetes_executor to None, run_after=None
[2024-05-09T15:21:21.388+0000] {processor.py:178} INFO - Processing /home/airflow/.local/lib/python3.7/site-packages/airflow/example_dags/example_local_kubernetes_executor.py took 0.151 seconds
[2024-05-09T16:29:52.162+0000] {processor.py:156} INFO - Started process (PID=210) to work on /home/airflow/.local/lib/python3.7/site-packages/airflow/example_dags/example_local_kubernetes_executor.py
[2024-05-09T16:29:52.166+0000] {processor.py:758} INFO - Processing file /home/airflow/.local/lib/python3.7/site-packages/airflow/example_dags/example_local_kubernetes_executor.py for tasks to queue
[2024-05-09T16:29:52.167+0000] {logging_mixin.py:117} INFO - [2024-05-09T16:29:52.167+0000] {dagbag.py:525} INFO - Filling up the DagBag from /home/airflow/.local/lib/python3.7/site-packages/airflow/example_dags/example_local_kubernetes_executor.py
[2024-05-09T16:29:52.200+0000] {processor.py:768} INFO - DAG(s) dict_keys(['example_local_kubernetes_executor']) retrieved from /home/airflow/.local/lib/python3.7/site-packages/airflow/example_dags/example_local_kubernetes_executor.py
[2024-05-09T16:29:52.244+0000] {logging_mixin.py:117} INFO - [2024-05-09T16:29:52.243+0000] {dag.py:2573} INFO - Sync 1 DAGs
[2024-05-09T16:29:52.267+0000] {logging_mixin.py:117} INFO - [2024-05-09T16:29:52.267+0000] {dag.py:3328} INFO - Setting next_dagrun for example_local_kubernetes_executor to None, run_after=None
[2024-05-09T16:29:52.290+0000] {processor.py:178} INFO - Processing /home/airflow/.local/lib/python3.7/site-packages/airflow/example_dags/example_local_kubernetes_executor.py took 0.131 seconds
[2024-05-09T16:30:26.089+0000] {processor.py:156} INFO - Started process (PID=202) to work on /home/airflow/.local/lib/python3.7/site-packages/airflow/example_dags/example_local_kubernetes_executor.py
[2024-05-09T16:30:26.089+0000] {processor.py:758} INFO - Processing file /home/airflow/.local/lib/python3.7/site-packages/airflow/example_dags/example_local_kubernetes_executor.py for tasks to queue
[2024-05-09T16:30:26.090+0000] {logging_mixin.py:117} INFO - [2024-05-09T16:30:26.090+0000] {dagbag.py:525} INFO - Filling up the DagBag from /home/airflow/.local/lib/python3.7/site-packages/airflow/example_dags/example_local_kubernetes_executor.py
[2024-05-09T16:30:26.121+0000] {processor.py:768} INFO - DAG(s) dict_keys(['example_local_kubernetes_executor']) retrieved from /home/airflow/.local/lib/python3.7/site-packages/airflow/example_dags/example_local_kubernetes_executor.py
[2024-05-09T16:30:26.164+0000] {logging_mixin.py:117} INFO - [2024-05-09T16:30:26.162+0000] {dag.py:2573} INFO - Sync 1 DAGs
[2024-05-09T16:30:26.191+0000] {logging_mixin.py:117} INFO - [2024-05-09T16:30:26.191+0000] {dag.py:3328} INFO - Setting next_dagrun for example_local_kubernetes_executor to None, run_after=None
[2024-05-09T16:30:26.219+0000] {processor.py:178} INFO - Processing /home/airflow/.local/lib/python3.7/site-packages/airflow/example_dags/example_local_kubernetes_executor.py took 0.133 seconds
