[2024-05-09T15:15:08.483+0000] {processor.py:156} INFO - Started process (PID=170) to work on /home/airflow/.local/lib/python3.7/site-packages/airflow/example_dags/example_datasets.py
[2024-05-09T15:15:08.484+0000] {processor.py:758} INFO - Processing file /home/airflow/.local/lib/python3.7/site-packages/airflow/example_dags/example_datasets.py for tasks to queue
[2024-05-09T15:15:08.485+0000] {logging_mixin.py:117} INFO - [2024-05-09T15:15:08.485+0000] {dagbag.py:525} INFO - Filling up the DagBag from /home/airflow/.local/lib/python3.7/site-packages/airflow/example_dags/example_datasets.py
[2024-05-09T15:15:08.521+0000] {processor.py:768} INFO - DAG(s) dict_keys(['dataset_produces_1', 'dataset_consumes_1', 'dataset_consumes_unknown_never_scheduled', 'dataset_consumes_1_never_scheduled', 'dataset_consumes_1_and_2', 'dataset_produces_2']) retrieved from /home/airflow/.local/lib/python3.7/site-packages/airflow/example_dags/example_datasets.py
[2024-05-09T15:15:08.975+0000] {logging_mixin.py:117} INFO - [2024-05-09T15:15:08.975+0000] {manager.py:507} INFO - Created Permission View: can delete on DAG:dataset_produces_1
[2024-05-09T15:15:08.993+0000] {logging_mixin.py:117} INFO - [2024-05-09T15:15:08.993+0000] {manager.py:507} INFO - Created Permission View: can read on DAG:dataset_produces_1
[2024-05-09T15:15:09.007+0000] {logging_mixin.py:117} INFO - [2024-05-09T15:15:09.007+0000] {manager.py:507} INFO - Created Permission View: can edit on DAG:dataset_produces_1
[2024-05-09T15:15:09.040+0000] {logging_mixin.py:117} INFO - [2024-05-09T15:15:09.040+0000] {manager.py:507} INFO - Created Permission View: can delete on DAG:dataset_consumes_1
[2024-05-09T15:15:09.054+0000] {logging_mixin.py:117} INFO - [2024-05-09T15:15:09.054+0000] {manager.py:507} INFO - Created Permission View: can read on DAG:dataset_consumes_1
[2024-05-09T15:15:09.074+0000] {logging_mixin.py:117} INFO - [2024-05-09T15:15:09.074+0000] {manager.py:507} INFO - Created Permission View: can edit on DAG:dataset_consumes_1
[2024-05-09T15:15:09.142+0000] {logging_mixin.py:117} INFO - [2024-05-09T15:15:09.142+0000] {manager.py:507} INFO - Created Permission View: can delete on DAG:dataset_consumes_unknown_never_scheduled
[2024-05-09T15:15:09.175+0000] {logging_mixin.py:117} INFO - [2024-05-09T15:15:09.175+0000] {manager.py:507} INFO - Created Permission View: can read on DAG:dataset_consumes_unknown_never_scheduled
[2024-05-09T15:15:09.216+0000] {logging_mixin.py:117} INFO - [2024-05-09T15:15:09.209+0000] {manager.py:507} INFO - Created Permission View: can edit on DAG:dataset_consumes_unknown_never_scheduled
[2024-05-09T15:15:09.288+0000] {logging_mixin.py:117} INFO - [2024-05-09T15:15:09.288+0000] {manager.py:507} INFO - Created Permission View: can delete on DAG:dataset_consumes_1_never_scheduled
[2024-05-09T15:15:09.321+0000] {logging_mixin.py:117} INFO - [2024-05-09T15:15:09.321+0000] {manager.py:507} INFO - Created Permission View: can read on DAG:dataset_consumes_1_never_scheduled
[2024-05-09T15:15:09.420+0000] {logging_mixin.py:117} INFO - [2024-05-09T15:15:09.419+0000] {manager.py:507} INFO - Created Permission View: can edit on DAG:dataset_consumes_1_never_scheduled
[2024-05-09T15:15:09.458+0000] {logging_mixin.py:117} INFO - [2024-05-09T15:15:09.458+0000] {manager.py:507} INFO - Created Permission View: can delete on DAG:dataset_consumes_1_and_2
[2024-05-09T15:15:09.473+0000] {logging_mixin.py:117} INFO - [2024-05-09T15:15:09.473+0000] {manager.py:507} INFO - Created Permission View: can read on DAG:dataset_consumes_1_and_2
[2024-05-09T15:15:09.510+0000] {logging_mixin.py:117} INFO - [2024-05-09T15:15:09.510+0000] {manager.py:507} INFO - Created Permission View: can edit on DAG:dataset_consumes_1_and_2
[2024-05-09T15:15:09.563+0000] {logging_mixin.py:117} INFO - [2024-05-09T15:15:09.563+0000] {manager.py:507} INFO - Created Permission View: can delete on DAG:dataset_produces_2
[2024-05-09T15:15:09.587+0000] {logging_mixin.py:117} INFO - [2024-05-09T15:15:09.587+0000] {manager.py:507} INFO - Created Permission View: can read on DAG:dataset_produces_2
[2024-05-09T15:15:09.625+0000] {logging_mixin.py:117} INFO - [2024-05-09T15:15:09.625+0000] {manager.py:507} INFO - Created Permission View: can edit on DAG:dataset_produces_2
[2024-05-09T15:15:09.626+0000] {logging_mixin.py:117} INFO - [2024-05-09T15:15:09.625+0000] {dag.py:2573} INFO - Sync 6 DAGs
[2024-05-09T15:15:09.646+0000] {logging_mixin.py:117} INFO - [2024-05-09T15:15:09.645+0000] {dag.py:2594} INFO - Creating ORM DAG for dataset_produces_1
[2024-05-09T15:15:09.646+0000] {logging_mixin.py:117} INFO - [2024-05-09T15:15:09.646+0000] {dag.py:2594} INFO - Creating ORM DAG for dataset_consumes_1_never_scheduled
[2024-05-09T15:15:09.647+0000] {logging_mixin.py:117} INFO - [2024-05-09T15:15:09.647+0000] {dag.py:2594} INFO - Creating ORM DAG for dataset_consumes_unknown_never_scheduled
[2024-05-09T15:15:09.647+0000] {logging_mixin.py:117} INFO - [2024-05-09T15:15:09.647+0000] {dag.py:2594} INFO - Creating ORM DAG for dataset_consumes_1_and_2
[2024-05-09T15:15:09.648+0000] {logging_mixin.py:117} INFO - [2024-05-09T15:15:09.648+0000] {dag.py:2594} INFO - Creating ORM DAG for dataset_consumes_1
[2024-05-09T15:15:09.648+0000] {logging_mixin.py:117} INFO - [2024-05-09T15:15:09.648+0000] {dag.py:2594} INFO - Creating ORM DAG for dataset_produces_2
[2024-05-09T15:15:09.661+0000] {logging_mixin.py:117} INFO - [2024-05-09T15:15:09.661+0000] {dag.py:3328} INFO - Setting next_dagrun for dataset_consumes_1 to None, run_after=None
[2024-05-09T15:15:09.661+0000] {logging_mixin.py:117} INFO - [2024-05-09T15:15:09.661+0000] {dag.py:3328} INFO - Setting next_dagrun for dataset_consumes_1_and_2 to None, run_after=None
[2024-05-09T15:15:09.662+0000] {logging_mixin.py:117} INFO - [2024-05-09T15:15:09.662+0000] {dag.py:3328} INFO - Setting next_dagrun for dataset_consumes_1_never_scheduled to None, run_after=None
[2024-05-09T15:15:09.662+0000] {logging_mixin.py:117} INFO - [2024-05-09T15:15:09.662+0000] {dag.py:3328} INFO - Setting next_dagrun for dataset_consumes_unknown_never_scheduled to None, run_after=None
[2024-05-09T15:15:09.665+0000] {logging_mixin.py:117} INFO - [2024-05-09T15:15:09.665+0000] {dag.py:3328} INFO - Setting next_dagrun for dataset_produces_1 to 2024-05-08T00:00:00+00:00, run_after=2024-05-09T00:00:00+00:00
[2024-05-09T15:15:09.666+0000] {logging_mixin.py:117} INFO - [2024-05-09T15:15:09.665+0000] {dag.py:3328} INFO - Setting next_dagrun for dataset_produces_2 to None, run_after=None
[2024-05-09T15:15:09.753+0000] {processor.py:178} INFO - Processing /home/airflow/.local/lib/python3.7/site-packages/airflow/example_dags/example_datasets.py took 1.272 seconds
[2024-05-09T15:15:40.478+0000] {processor.py:156} INFO - Started process (PID=381) to work on /home/airflow/.local/lib/python3.7/site-packages/airflow/example_dags/example_datasets.py
[2024-05-09T15:15:40.478+0000] {processor.py:758} INFO - Processing file /home/airflow/.local/lib/python3.7/site-packages/airflow/example_dags/example_datasets.py for tasks to queue
[2024-05-09T15:15:40.479+0000] {logging_mixin.py:117} INFO - [2024-05-09T15:15:40.479+0000] {dagbag.py:525} INFO - Filling up the DagBag from /home/airflow/.local/lib/python3.7/site-packages/airflow/example_dags/example_datasets.py
[2024-05-09T15:15:40.495+0000] {processor.py:768} INFO - DAG(s) dict_keys(['dataset_consumes_1_never_scheduled', 'dataset_consumes_1_and_2', 'dataset_consumes_unknown_never_scheduled', 'dataset_produces_1', 'dataset_consumes_1', 'dataset_produces_2']) retrieved from /home/airflow/.local/lib/python3.7/site-packages/airflow/example_dags/example_datasets.py
[2024-05-09T15:15:40.535+0000] {logging_mixin.py:117} INFO - [2024-05-09T15:15:40.535+0000] {dag.py:2573} INFO - Sync 6 DAGs
[2024-05-09T15:15:40.555+0000] {logging_mixin.py:117} INFO - [2024-05-09T15:15:40.555+0000] {dag.py:3328} INFO - Setting next_dagrun for dataset_consumes_1 to None, run_after=None
[2024-05-09T15:15:40.558+0000] {logging_mixin.py:117} INFO - [2024-05-09T15:15:40.558+0000] {dag.py:3328} INFO - Setting next_dagrun for dataset_consumes_1_and_2 to None, run_after=None
[2024-05-09T15:15:40.559+0000] {logging_mixin.py:117} INFO - [2024-05-09T15:15:40.559+0000] {dag.py:3328} INFO - Setting next_dagrun for dataset_consumes_1_never_scheduled to None, run_after=None
[2024-05-09T15:15:40.560+0000] {logging_mixin.py:117} INFO - [2024-05-09T15:15:40.560+0000] {dag.py:3328} INFO - Setting next_dagrun for dataset_consumes_unknown_never_scheduled to None, run_after=None
[2024-05-09T15:15:40.562+0000] {logging_mixin.py:117} INFO - [2024-05-09T15:15:40.562+0000] {dag.py:3328} INFO - Setting next_dagrun for dataset_produces_1 to 2024-05-08T00:00:00+00:00, run_after=2024-05-09T00:00:00+00:00
[2024-05-09T15:15:40.563+0000] {logging_mixin.py:117} INFO - [2024-05-09T15:15:40.563+0000] {dag.py:3328} INFO - Setting next_dagrun for dataset_produces_2 to None, run_after=None
[2024-05-09T15:15:40.689+0000] {processor.py:178} INFO - Processing /home/airflow/.local/lib/python3.7/site-packages/airflow/example_dags/example_datasets.py took 0.214 seconds
[2024-05-09T15:16:10.860+0000] {processor.py:156} INFO - Started process (PID=596) to work on /home/airflow/.local/lib/python3.7/site-packages/airflow/example_dags/example_datasets.py
[2024-05-09T15:16:10.861+0000] {processor.py:758} INFO - Processing file /home/airflow/.local/lib/python3.7/site-packages/airflow/example_dags/example_datasets.py for tasks to queue
[2024-05-09T15:16:10.861+0000] {logging_mixin.py:117} INFO - [2024-05-09T15:16:10.861+0000] {dagbag.py:525} INFO - Filling up the DagBag from /home/airflow/.local/lib/python3.7/site-packages/airflow/example_dags/example_datasets.py
[2024-05-09T15:16:10.876+0000] {processor.py:768} INFO - DAG(s) dict_keys(['dataset_consumes_1_never_scheduled', 'dataset_consumes_unknown_never_scheduled', 'dataset_produces_1', 'dataset_produces_2', 'dataset_consumes_1_and_2', 'dataset_consumes_1']) retrieved from /home/airflow/.local/lib/python3.7/site-packages/airflow/example_dags/example_datasets.py
[2024-05-09T15:16:10.916+0000] {logging_mixin.py:117} INFO - [2024-05-09T15:16:10.916+0000] {dag.py:2573} INFO - Sync 6 DAGs
[2024-05-09T15:16:11.042+0000] {logging_mixin.py:117} INFO - [2024-05-09T15:16:11.041+0000] {dag.py:3328} INFO - Setting next_dagrun for dataset_consumes_1 to None, run_after=None
[2024-05-09T15:16:11.045+0000] {logging_mixin.py:117} INFO - [2024-05-09T15:16:11.044+0000] {dag.py:3328} INFO - Setting next_dagrun for dataset_consumes_1_and_2 to None, run_after=None
[2024-05-09T15:16:11.046+0000] {logging_mixin.py:117} INFO - [2024-05-09T15:16:11.046+0000] {dag.py:3328} INFO - Setting next_dagrun for dataset_consumes_1_never_scheduled to None, run_after=None
[2024-05-09T15:16:11.047+0000] {logging_mixin.py:117} INFO - [2024-05-09T15:16:11.046+0000] {dag.py:3328} INFO - Setting next_dagrun for dataset_consumes_unknown_never_scheduled to None, run_after=None
[2024-05-09T15:16:11.049+0000] {logging_mixin.py:117} INFO - [2024-05-09T15:16:11.049+0000] {dag.py:3328} INFO - Setting next_dagrun for dataset_produces_1 to 2024-05-08T00:00:00+00:00, run_after=2024-05-09T00:00:00+00:00
[2024-05-09T15:16:11.050+0000] {logging_mixin.py:117} INFO - [2024-05-09T15:16:11.050+0000] {dag.py:3328} INFO - Setting next_dagrun for dataset_produces_2 to None, run_after=None
[2024-05-09T15:16:11.094+0000] {processor.py:178} INFO - Processing /home/airflow/.local/lib/python3.7/site-packages/airflow/example_dags/example_datasets.py took 0.236 seconds
[2024-05-09T15:16:41.369+0000] {processor.py:156} INFO - Started process (PID=809) to work on /home/airflow/.local/lib/python3.7/site-packages/airflow/example_dags/example_datasets.py
[2024-05-09T15:16:41.370+0000] {processor.py:758} INFO - Processing file /home/airflow/.local/lib/python3.7/site-packages/airflow/example_dags/example_datasets.py for tasks to queue
[2024-05-09T15:16:41.370+0000] {logging_mixin.py:117} INFO - [2024-05-09T15:16:41.370+0000] {dagbag.py:525} INFO - Filling up the DagBag from /home/airflow/.local/lib/python3.7/site-packages/airflow/example_dags/example_datasets.py
[2024-05-09T15:16:41.386+0000] {processor.py:768} INFO - DAG(s) dict_keys(['dataset_consumes_1', 'dataset_consumes_1_and_2', 'dataset_produces_1', 'dataset_produces_2', 'dataset_consumes_unknown_never_scheduled', 'dataset_consumes_1_never_scheduled']) retrieved from /home/airflow/.local/lib/python3.7/site-packages/airflow/example_dags/example_datasets.py
[2024-05-09T15:16:41.434+0000] {logging_mixin.py:117} INFO - [2024-05-09T15:16:41.434+0000] {dag.py:2573} INFO - Sync 6 DAGs
[2024-05-09T15:16:41.584+0000] {logging_mixin.py:117} INFO - [2024-05-09T15:16:41.584+0000] {dag.py:3328} INFO - Setting next_dagrun for dataset_consumes_1 to None, run_after=None
[2024-05-09T15:16:41.587+0000] {logging_mixin.py:117} INFO - [2024-05-09T15:16:41.587+0000] {dag.py:3328} INFO - Setting next_dagrun for dataset_consumes_1_and_2 to None, run_after=None
[2024-05-09T15:16:41.588+0000] {logging_mixin.py:117} INFO - [2024-05-09T15:16:41.588+0000] {dag.py:3328} INFO - Setting next_dagrun for dataset_consumes_1_never_scheduled to None, run_after=None
[2024-05-09T15:16:41.589+0000] {logging_mixin.py:117} INFO - [2024-05-09T15:16:41.589+0000] {dag.py:3328} INFO - Setting next_dagrun for dataset_consumes_unknown_never_scheduled to None, run_after=None
[2024-05-09T15:16:41.592+0000] {logging_mixin.py:117} INFO - [2024-05-09T15:16:41.591+0000] {dag.py:3328} INFO - Setting next_dagrun for dataset_produces_1 to 2024-05-08T00:00:00+00:00, run_after=2024-05-09T00:00:00+00:00
[2024-05-09T15:16:41.592+0000] {logging_mixin.py:117} INFO - [2024-05-09T15:16:41.592+0000] {dag.py:3328} INFO - Setting next_dagrun for dataset_produces_2 to None, run_after=None
[2024-05-09T15:16:41.618+0000] {processor.py:178} INFO - Processing /home/airflow/.local/lib/python3.7/site-packages/airflow/example_dags/example_datasets.py took 0.251 seconds
[2024-05-09T15:17:12.170+0000] {processor.py:156} INFO - Started process (PID=1014) to work on /home/airflow/.local/lib/python3.7/site-packages/airflow/example_dags/example_datasets.py
[2024-05-09T15:17:12.171+0000] {processor.py:758} INFO - Processing file /home/airflow/.local/lib/python3.7/site-packages/airflow/example_dags/example_datasets.py for tasks to queue
[2024-05-09T15:17:12.172+0000] {logging_mixin.py:117} INFO - [2024-05-09T15:17:12.172+0000] {dagbag.py:525} INFO - Filling up the DagBag from /home/airflow/.local/lib/python3.7/site-packages/airflow/example_dags/example_datasets.py
[2024-05-09T15:17:12.190+0000] {processor.py:768} INFO - DAG(s) dict_keys(['dataset_consumes_1', 'dataset_consumes_1_never_scheduled', 'dataset_produces_1', 'dataset_consumes_unknown_never_scheduled', 'dataset_produces_2', 'dataset_consumes_1_and_2']) retrieved from /home/airflow/.local/lib/python3.7/site-packages/airflow/example_dags/example_datasets.py
[2024-05-09T15:17:12.376+0000] {logging_mixin.py:117} INFO - [2024-05-09T15:17:12.376+0000] {dag.py:2573} INFO - Sync 6 DAGs
[2024-05-09T15:17:12.398+0000] {logging_mixin.py:117} INFO - [2024-05-09T15:17:12.398+0000] {dag.py:3328} INFO - Setting next_dagrun for dataset_consumes_1 to None, run_after=None
[2024-05-09T15:17:12.402+0000] {logging_mixin.py:117} INFO - [2024-05-09T15:17:12.402+0000] {dag.py:3328} INFO - Setting next_dagrun for dataset_consumes_1_and_2 to None, run_after=None
[2024-05-09T15:17:12.403+0000] {logging_mixin.py:117} INFO - [2024-05-09T15:17:12.403+0000] {dag.py:3328} INFO - Setting next_dagrun for dataset_consumes_1_never_scheduled to None, run_after=None
[2024-05-09T15:17:12.404+0000] {logging_mixin.py:117} INFO - [2024-05-09T15:17:12.404+0000] {dag.py:3328} INFO - Setting next_dagrun for dataset_consumes_unknown_never_scheduled to None, run_after=None
[2024-05-09T15:17:12.407+0000] {logging_mixin.py:117} INFO - [2024-05-09T15:17:12.407+0000] {dag.py:3328} INFO - Setting next_dagrun for dataset_produces_1 to 2024-05-08T00:00:00+00:00, run_after=2024-05-09T00:00:00+00:00
[2024-05-09T15:17:12.408+0000] {logging_mixin.py:117} INFO - [2024-05-09T15:17:12.408+0000] {dag.py:3328} INFO - Setting next_dagrun for dataset_produces_2 to None, run_after=None
[2024-05-09T15:17:12.438+0000] {processor.py:178} INFO - Processing /home/airflow/.local/lib/python3.7/site-packages/airflow/example_dags/example_datasets.py took 0.271 seconds
[2024-05-09T15:17:42.680+0000] {processor.py:156} INFO - Started process (PID=1228) to work on /home/airflow/.local/lib/python3.7/site-packages/airflow/example_dags/example_datasets.py
[2024-05-09T15:17:42.681+0000] {processor.py:758} INFO - Processing file /home/airflow/.local/lib/python3.7/site-packages/airflow/example_dags/example_datasets.py for tasks to queue
[2024-05-09T15:17:42.682+0000] {logging_mixin.py:117} INFO - [2024-05-09T15:17:42.682+0000] {dagbag.py:525} INFO - Filling up the DagBag from /home/airflow/.local/lib/python3.7/site-packages/airflow/example_dags/example_datasets.py
[2024-05-09T15:17:42.698+0000] {processor.py:768} INFO - DAG(s) dict_keys(['dataset_produces_2', 'dataset_consumes_unknown_never_scheduled', 'dataset_consumes_1_never_scheduled', 'dataset_produces_1', 'dataset_consumes_1_and_2', 'dataset_consumes_1']) retrieved from /home/airflow/.local/lib/python3.7/site-packages/airflow/example_dags/example_datasets.py
[2024-05-09T15:17:42.881+0000] {logging_mixin.py:117} INFO - [2024-05-09T15:17:42.881+0000] {dag.py:2573} INFO - Sync 6 DAGs
[2024-05-09T15:17:42.900+0000] {logging_mixin.py:117} INFO - [2024-05-09T15:17:42.900+0000] {dag.py:3328} INFO - Setting next_dagrun for dataset_consumes_1 to None, run_after=None
[2024-05-09T15:17:42.902+0000] {logging_mixin.py:117} INFO - [2024-05-09T15:17:42.902+0000] {dag.py:3328} INFO - Setting next_dagrun for dataset_consumes_1_and_2 to None, run_after=None
[2024-05-09T15:17:42.903+0000] {logging_mixin.py:117} INFO - [2024-05-09T15:17:42.903+0000] {dag.py:3328} INFO - Setting next_dagrun for dataset_consumes_1_never_scheduled to None, run_after=None
[2024-05-09T15:17:42.904+0000] {logging_mixin.py:117} INFO - [2024-05-09T15:17:42.904+0000] {dag.py:3328} INFO - Setting next_dagrun for dataset_consumes_unknown_never_scheduled to None, run_after=None
[2024-05-09T15:17:42.906+0000] {logging_mixin.py:117} INFO - [2024-05-09T15:17:42.906+0000] {dag.py:3328} INFO - Setting next_dagrun for dataset_produces_1 to 2024-05-08T00:00:00+00:00, run_after=2024-05-09T00:00:00+00:00
[2024-05-09T15:17:42.907+0000] {logging_mixin.py:117} INFO - [2024-05-09T15:17:42.907+0000] {dag.py:3328} INFO - Setting next_dagrun for dataset_produces_2 to None, run_after=None
[2024-05-09T15:17:42.935+0000] {processor.py:178} INFO - Processing /home/airflow/.local/lib/python3.7/site-packages/airflow/example_dags/example_datasets.py took 0.257 seconds
[2024-05-09T15:18:13.289+0000] {processor.py:156} INFO - Started process (PID=1441) to work on /home/airflow/.local/lib/python3.7/site-packages/airflow/example_dags/example_datasets.py
[2024-05-09T15:18:13.290+0000] {processor.py:758} INFO - Processing file /home/airflow/.local/lib/python3.7/site-packages/airflow/example_dags/example_datasets.py for tasks to queue
[2024-05-09T15:18:13.290+0000] {logging_mixin.py:117} INFO - [2024-05-09T15:18:13.290+0000] {dagbag.py:525} INFO - Filling up the DagBag from /home/airflow/.local/lib/python3.7/site-packages/airflow/example_dags/example_datasets.py
[2024-05-09T15:18:13.419+0000] {processor.py:768} INFO - DAG(s) dict_keys(['dataset_consumes_1_and_2', 'dataset_consumes_unknown_never_scheduled', 'dataset_produces_1', 'dataset_consumes_1_never_scheduled', 'dataset_produces_2', 'dataset_consumes_1']) retrieved from /home/airflow/.local/lib/python3.7/site-packages/airflow/example_dags/example_datasets.py
[2024-05-09T15:18:13.461+0000] {logging_mixin.py:117} INFO - [2024-05-09T15:18:13.461+0000] {dag.py:2573} INFO - Sync 6 DAGs
[2024-05-09T15:18:13.480+0000] {logging_mixin.py:117} INFO - [2024-05-09T15:18:13.480+0000] {dag.py:3328} INFO - Setting next_dagrun for dataset_consumes_1 to None, run_after=None
[2024-05-09T15:18:13.483+0000] {logging_mixin.py:117} INFO - [2024-05-09T15:18:13.483+0000] {dag.py:3328} INFO - Setting next_dagrun for dataset_consumes_1_and_2 to None, run_after=None
[2024-05-09T15:18:13.484+0000] {logging_mixin.py:117} INFO - [2024-05-09T15:18:13.484+0000] {dag.py:3328} INFO - Setting next_dagrun for dataset_consumes_1_never_scheduled to None, run_after=None
[2024-05-09T15:18:13.485+0000] {logging_mixin.py:117} INFO - [2024-05-09T15:18:13.485+0000] {dag.py:3328} INFO - Setting next_dagrun for dataset_consumes_unknown_never_scheduled to None, run_after=None
[2024-05-09T15:18:13.487+0000] {logging_mixin.py:117} INFO - [2024-05-09T15:18:13.487+0000] {dag.py:3328} INFO - Setting next_dagrun for dataset_produces_1 to 2024-05-08T00:00:00+00:00, run_after=2024-05-09T00:00:00+00:00
[2024-05-09T15:18:13.488+0000] {logging_mixin.py:117} INFO - [2024-05-09T15:18:13.488+0000] {dag.py:3328} INFO - Setting next_dagrun for dataset_produces_2 to None, run_after=None
[2024-05-09T15:18:13.514+0000] {processor.py:178} INFO - Processing /home/airflow/.local/lib/python3.7/site-packages/airflow/example_dags/example_datasets.py took 0.228 seconds
[2024-05-09T15:18:43.574+0000] {processor.py:156} INFO - Started process (PID=1646) to work on /home/airflow/.local/lib/python3.7/site-packages/airflow/example_dags/example_datasets.py
[2024-05-09T15:18:43.575+0000] {processor.py:758} INFO - Processing file /home/airflow/.local/lib/python3.7/site-packages/airflow/example_dags/example_datasets.py for tasks to queue
[2024-05-09T15:18:43.575+0000] {logging_mixin.py:117} INFO - [2024-05-09T15:18:43.575+0000] {dagbag.py:525} INFO - Filling up the DagBag from /home/airflow/.local/lib/python3.7/site-packages/airflow/example_dags/example_datasets.py
[2024-05-09T15:18:43.599+0000] {processor.py:768} INFO - DAG(s) dict_keys(['dataset_consumes_1_and_2', 'dataset_consumes_1', 'dataset_consumes_unknown_never_scheduled', 'dataset_produces_2', 'dataset_produces_1', 'dataset_consumes_1_never_scheduled']) retrieved from /home/airflow/.local/lib/python3.7/site-packages/airflow/example_dags/example_datasets.py
[2024-05-09T15:18:43.662+0000] {logging_mixin.py:117} INFO - [2024-05-09T15:18:43.662+0000] {dag.py:2573} INFO - Sync 6 DAGs
[2024-05-09T15:18:43.695+0000] {logging_mixin.py:117} INFO - [2024-05-09T15:18:43.695+0000] {dag.py:3328} INFO - Setting next_dagrun for dataset_consumes_1 to None, run_after=None
[2024-05-09T15:18:43.699+0000] {logging_mixin.py:117} INFO - [2024-05-09T15:18:43.699+0000] {dag.py:3328} INFO - Setting next_dagrun for dataset_consumes_1_and_2 to None, run_after=None
[2024-05-09T15:18:43.700+0000] {logging_mixin.py:117} INFO - [2024-05-09T15:18:43.700+0000] {dag.py:3328} INFO - Setting next_dagrun for dataset_consumes_1_never_scheduled to None, run_after=None
[2024-05-09T15:18:43.702+0000] {logging_mixin.py:117} INFO - [2024-05-09T15:18:43.701+0000] {dag.py:3328} INFO - Setting next_dagrun for dataset_consumes_unknown_never_scheduled to None, run_after=None
[2024-05-09T15:18:43.705+0000] {logging_mixin.py:117} INFO - [2024-05-09T15:18:43.705+0000] {dag.py:3328} INFO - Setting next_dagrun for dataset_produces_1 to 2024-05-08T00:00:00+00:00, run_after=2024-05-09T00:00:00+00:00
[2024-05-09T15:18:43.707+0000] {logging_mixin.py:117} INFO - [2024-05-09T15:18:43.706+0000] {dag.py:3328} INFO - Setting next_dagrun for dataset_produces_2 to None, run_after=None
[2024-05-09T15:18:43.737+0000] {processor.py:178} INFO - Processing /home/airflow/.local/lib/python3.7/site-packages/airflow/example_dags/example_datasets.py took 0.165 seconds
[2024-05-09T15:19:14.369+0000] {processor.py:156} INFO - Started process (PID=1860) to work on /home/airflow/.local/lib/python3.7/site-packages/airflow/example_dags/example_datasets.py
[2024-05-09T15:19:14.369+0000] {processor.py:758} INFO - Processing file /home/airflow/.local/lib/python3.7/site-packages/airflow/example_dags/example_datasets.py for tasks to queue
[2024-05-09T15:19:14.370+0000] {logging_mixin.py:117} INFO - [2024-05-09T15:19:14.370+0000] {dagbag.py:525} INFO - Filling up the DagBag from /home/airflow/.local/lib/python3.7/site-packages/airflow/example_dags/example_datasets.py
[2024-05-09T15:19:14.387+0000] {processor.py:768} INFO - DAG(s) dict_keys(['dataset_consumes_unknown_never_scheduled', 'dataset_consumes_1_and_2', 'dataset_produces_1', 'dataset_consumes_1', 'dataset_produces_2', 'dataset_consumes_1_never_scheduled']) retrieved from /home/airflow/.local/lib/python3.7/site-packages/airflow/example_dags/example_datasets.py
[2024-05-09T15:19:14.446+0000] {logging_mixin.py:117} INFO - [2024-05-09T15:19:14.446+0000] {dag.py:2573} INFO - Sync 6 DAGs
[2024-05-09T15:19:14.471+0000] {logging_mixin.py:117} INFO - [2024-05-09T15:19:14.471+0000] {dag.py:3328} INFO - Setting next_dagrun for dataset_consumes_1 to None, run_after=None
[2024-05-09T15:19:14.474+0000] {logging_mixin.py:117} INFO - [2024-05-09T15:19:14.474+0000] {dag.py:3328} INFO - Setting next_dagrun for dataset_consumes_1_and_2 to None, run_after=None
[2024-05-09T15:19:14.475+0000] {logging_mixin.py:117} INFO - [2024-05-09T15:19:14.475+0000] {dag.py:3328} INFO - Setting next_dagrun for dataset_consumes_1_never_scheduled to None, run_after=None
[2024-05-09T15:19:14.476+0000] {logging_mixin.py:117} INFO - [2024-05-09T15:19:14.476+0000] {dag.py:3328} INFO - Setting next_dagrun for dataset_consumes_unknown_never_scheduled to None, run_after=None
[2024-05-09T15:19:14.478+0000] {logging_mixin.py:117} INFO - [2024-05-09T15:19:14.478+0000] {dag.py:3328} INFO - Setting next_dagrun for dataset_produces_1 to 2024-05-08T00:00:00+00:00, run_after=2024-05-09T00:00:00+00:00
[2024-05-09T15:19:14.479+0000] {logging_mixin.py:117} INFO - [2024-05-09T15:19:14.479+0000] {dag.py:3328} INFO - Setting next_dagrun for dataset_produces_2 to None, run_after=None
[2024-05-09T15:19:14.512+0000] {processor.py:178} INFO - Processing /home/airflow/.local/lib/python3.7/site-packages/airflow/example_dags/example_datasets.py took 0.146 seconds
[2024-05-09T15:19:45.189+0000] {processor.py:156} INFO - Started process (PID=2073) to work on /home/airflow/.local/lib/python3.7/site-packages/airflow/example_dags/example_datasets.py
[2024-05-09T15:19:45.190+0000] {processor.py:758} INFO - Processing file /home/airflow/.local/lib/python3.7/site-packages/airflow/example_dags/example_datasets.py for tasks to queue
[2024-05-09T15:19:45.190+0000] {logging_mixin.py:117} INFO - [2024-05-09T15:19:45.190+0000] {dagbag.py:525} INFO - Filling up the DagBag from /home/airflow/.local/lib/python3.7/site-packages/airflow/example_dags/example_datasets.py
[2024-05-09T15:19:45.207+0000] {processor.py:768} INFO - DAG(s) dict_keys(['dataset_produces_1', 'dataset_consumes_1_and_2', 'dataset_consumes_1_never_scheduled', 'dataset_consumes_1', 'dataset_consumes_unknown_never_scheduled', 'dataset_produces_2']) retrieved from /home/airflow/.local/lib/python3.7/site-packages/airflow/example_dags/example_datasets.py
[2024-05-09T15:19:45.252+0000] {logging_mixin.py:117} INFO - [2024-05-09T15:19:45.252+0000] {dag.py:2573} INFO - Sync 6 DAGs
[2024-05-09T15:19:45.275+0000] {logging_mixin.py:117} INFO - [2024-05-09T15:19:45.275+0000] {dag.py:3328} INFO - Setting next_dagrun for dataset_consumes_1 to None, run_after=None
[2024-05-09T15:19:45.278+0000] {logging_mixin.py:117} INFO - [2024-05-09T15:19:45.277+0000] {dag.py:3328} INFO - Setting next_dagrun for dataset_consumes_1_and_2 to None, run_after=None
[2024-05-09T15:19:45.279+0000] {logging_mixin.py:117} INFO - [2024-05-09T15:19:45.278+0000] {dag.py:3328} INFO - Setting next_dagrun for dataset_consumes_1_never_scheduled to None, run_after=None
[2024-05-09T15:19:45.280+0000] {logging_mixin.py:117} INFO - [2024-05-09T15:19:45.280+0000] {dag.py:3328} INFO - Setting next_dagrun for dataset_consumes_unknown_never_scheduled to None, run_after=None
[2024-05-09T15:19:45.282+0000] {logging_mixin.py:117} INFO - [2024-05-09T15:19:45.282+0000] {dag.py:3328} INFO - Setting next_dagrun for dataset_produces_1 to 2024-05-08T00:00:00+00:00, run_after=2024-05-09T00:00:00+00:00
[2024-05-09T15:19:45.283+0000] {logging_mixin.py:117} INFO - [2024-05-09T15:19:45.283+0000] {dag.py:3328} INFO - Setting next_dagrun for dataset_produces_2 to None, run_after=None
[2024-05-09T15:19:45.312+0000] {processor.py:178} INFO - Processing /home/airflow/.local/lib/python3.7/site-packages/airflow/example_dags/example_datasets.py took 0.126 seconds
[2024-05-09T15:20:15.984+0000] {processor.py:156} INFO - Started process (PID=2287) to work on /home/airflow/.local/lib/python3.7/site-packages/airflow/example_dags/example_datasets.py
[2024-05-09T15:20:15.984+0000] {processor.py:758} INFO - Processing file /home/airflow/.local/lib/python3.7/site-packages/airflow/example_dags/example_datasets.py for tasks to queue
[2024-05-09T15:20:15.985+0000] {logging_mixin.py:117} INFO - [2024-05-09T15:20:15.985+0000] {dagbag.py:525} INFO - Filling up the DagBag from /home/airflow/.local/lib/python3.7/site-packages/airflow/example_dags/example_datasets.py
[2024-05-09T15:20:16.002+0000] {processor.py:768} INFO - DAG(s) dict_keys(['dataset_consumes_1', 'dataset_produces_1', 'dataset_produces_2', 'dataset_consumes_1_never_scheduled', 'dataset_consumes_1_and_2', 'dataset_consumes_unknown_never_scheduled']) retrieved from /home/airflow/.local/lib/python3.7/site-packages/airflow/example_dags/example_datasets.py
[2024-05-09T15:20:16.063+0000] {logging_mixin.py:117} INFO - [2024-05-09T15:20:16.063+0000] {dag.py:2573} INFO - Sync 6 DAGs
[2024-05-09T15:20:16.096+0000] {logging_mixin.py:117} INFO - [2024-05-09T15:20:16.096+0000] {dag.py:3328} INFO - Setting next_dagrun for dataset_consumes_1 to None, run_after=None
[2024-05-09T15:20:16.099+0000] {logging_mixin.py:117} INFO - [2024-05-09T15:20:16.099+0000] {dag.py:3328} INFO - Setting next_dagrun for dataset_consumes_1_and_2 to None, run_after=None
[2024-05-09T15:20:16.100+0000] {logging_mixin.py:117} INFO - [2024-05-09T15:20:16.100+0000] {dag.py:3328} INFO - Setting next_dagrun for dataset_consumes_1_never_scheduled to None, run_after=None
[2024-05-09T15:20:16.101+0000] {logging_mixin.py:117} INFO - [2024-05-09T15:20:16.101+0000] {dag.py:3328} INFO - Setting next_dagrun for dataset_consumes_unknown_never_scheduled to None, run_after=None
[2024-05-09T15:20:16.104+0000] {logging_mixin.py:117} INFO - [2024-05-09T15:20:16.104+0000] {dag.py:3328} INFO - Setting next_dagrun for dataset_produces_1 to 2024-05-08T00:00:00+00:00, run_after=2024-05-09T00:00:00+00:00
[2024-05-09T15:20:16.105+0000] {logging_mixin.py:117} INFO - [2024-05-09T15:20:16.105+0000] {dag.py:3328} INFO - Setting next_dagrun for dataset_produces_2 to None, run_after=None
[2024-05-09T15:20:16.133+0000] {processor.py:178} INFO - Processing /home/airflow/.local/lib/python3.7/site-packages/airflow/example_dags/example_datasets.py took 0.152 seconds
[2024-05-09T15:20:46.955+0000] {processor.py:156} INFO - Started process (PID=2491) to work on /home/airflow/.local/lib/python3.7/site-packages/airflow/example_dags/example_datasets.py
[2024-05-09T15:20:46.956+0000] {processor.py:758} INFO - Processing file /home/airflow/.local/lib/python3.7/site-packages/airflow/example_dags/example_datasets.py for tasks to queue
[2024-05-09T15:20:46.956+0000] {logging_mixin.py:117} INFO - [2024-05-09T15:20:46.956+0000] {dagbag.py:525} INFO - Filling up the DagBag from /home/airflow/.local/lib/python3.7/site-packages/airflow/example_dags/example_datasets.py
[2024-05-09T15:20:46.977+0000] {processor.py:768} INFO - DAG(s) dict_keys(['dataset_consumes_1_never_scheduled', 'dataset_consumes_1_and_2', 'dataset_consumes_unknown_never_scheduled', 'dataset_produces_2', 'dataset_produces_1', 'dataset_consumes_1']) retrieved from /home/airflow/.local/lib/python3.7/site-packages/airflow/example_dags/example_datasets.py
[2024-05-09T15:20:47.031+0000] {logging_mixin.py:117} INFO - [2024-05-09T15:20:47.031+0000] {dag.py:2573} INFO - Sync 6 DAGs
[2024-05-09T15:20:47.051+0000] {logging_mixin.py:117} INFO - [2024-05-09T15:20:47.051+0000] {dag.py:3328} INFO - Setting next_dagrun for dataset_consumes_1 to None, run_after=None
[2024-05-09T15:20:47.054+0000] {logging_mixin.py:117} INFO - [2024-05-09T15:20:47.054+0000] {dag.py:3328} INFO - Setting next_dagrun for dataset_consumes_1_and_2 to None, run_after=None
[2024-05-09T15:20:47.055+0000] {logging_mixin.py:117} INFO - [2024-05-09T15:20:47.055+0000] {dag.py:3328} INFO - Setting next_dagrun for dataset_consumes_1_never_scheduled to None, run_after=None
[2024-05-09T15:20:47.056+0000] {logging_mixin.py:117} INFO - [2024-05-09T15:20:47.056+0000] {dag.py:3328} INFO - Setting next_dagrun for dataset_consumes_unknown_never_scheduled to None, run_after=None
[2024-05-09T15:20:47.058+0000] {logging_mixin.py:117} INFO - [2024-05-09T15:20:47.058+0000] {dag.py:3328} INFO - Setting next_dagrun for dataset_produces_1 to 2024-05-08T00:00:00+00:00, run_after=2024-05-09T00:00:00+00:00
[2024-05-09T15:20:47.059+0000] {logging_mixin.py:117} INFO - [2024-05-09T15:20:47.059+0000] {dag.py:3328} INFO - Setting next_dagrun for dataset_produces_2 to None, run_after=None
[2024-05-09T15:20:47.085+0000] {processor.py:178} INFO - Processing /home/airflow/.local/lib/python3.7/site-packages/airflow/example_dags/example_datasets.py took 0.133 seconds
[2024-05-09T15:21:17.633+0000] {processor.py:156} INFO - Started process (PID=2704) to work on /home/airflow/.local/lib/python3.7/site-packages/airflow/example_dags/example_datasets.py
[2024-05-09T15:21:17.633+0000] {processor.py:758} INFO - Processing file /home/airflow/.local/lib/python3.7/site-packages/airflow/example_dags/example_datasets.py for tasks to queue
[2024-05-09T15:21:17.634+0000] {logging_mixin.py:117} INFO - [2024-05-09T15:21:17.634+0000] {dagbag.py:525} INFO - Filling up the DagBag from /home/airflow/.local/lib/python3.7/site-packages/airflow/example_dags/example_datasets.py
[2024-05-09T15:21:17.651+0000] {processor.py:768} INFO - DAG(s) dict_keys(['dataset_produces_1', 'dataset_consumes_unknown_never_scheduled', 'dataset_consumes_1_and_2', 'dataset_consumes_1_never_scheduled', 'dataset_produces_2', 'dataset_consumes_1']) retrieved from /home/airflow/.local/lib/python3.7/site-packages/airflow/example_dags/example_datasets.py
[2024-05-09T15:21:17.698+0000] {logging_mixin.py:117} INFO - [2024-05-09T15:21:17.698+0000] {dag.py:2573} INFO - Sync 6 DAGs
[2024-05-09T15:21:17.718+0000] {logging_mixin.py:117} INFO - [2024-05-09T15:21:17.718+0000] {dag.py:3328} INFO - Setting next_dagrun for dataset_consumes_1 to None, run_after=None
[2024-05-09T15:21:17.721+0000] {logging_mixin.py:117} INFO - [2024-05-09T15:21:17.721+0000] {dag.py:3328} INFO - Setting next_dagrun for dataset_consumes_1_and_2 to None, run_after=None
[2024-05-09T15:21:17.722+0000] {logging_mixin.py:117} INFO - [2024-05-09T15:21:17.722+0000] {dag.py:3328} INFO - Setting next_dagrun for dataset_consumes_1_never_scheduled to None, run_after=None
[2024-05-09T15:21:17.723+0000] {logging_mixin.py:117} INFO - [2024-05-09T15:21:17.723+0000] {dag.py:3328} INFO - Setting next_dagrun for dataset_consumes_unknown_never_scheduled to None, run_after=None
[2024-05-09T15:21:17.725+0000] {logging_mixin.py:117} INFO - [2024-05-09T15:21:17.725+0000] {dag.py:3328} INFO - Setting next_dagrun for dataset_produces_1 to 2024-05-08T00:00:00+00:00, run_after=2024-05-09T00:00:00+00:00
[2024-05-09T15:21:17.726+0000] {logging_mixin.py:117} INFO - [2024-05-09T15:21:17.726+0000] {dag.py:3328} INFO - Setting next_dagrun for dataset_produces_2 to None, run_after=None
[2024-05-09T15:21:17.756+0000] {processor.py:178} INFO - Processing /home/airflow/.local/lib/python3.7/site-packages/airflow/example_dags/example_datasets.py took 0.126 seconds
[2024-05-09T16:29:50.664+0000] {processor.py:156} INFO - Started process (PID=179) to work on /home/airflow/.local/lib/python3.7/site-packages/airflow/example_dags/example_datasets.py
[2024-05-09T16:29:50.671+0000] {processor.py:758} INFO - Processing file /home/airflow/.local/lib/python3.7/site-packages/airflow/example_dags/example_datasets.py for tasks to queue
[2024-05-09T16:29:50.673+0000] {logging_mixin.py:117} INFO - [2024-05-09T16:29:50.672+0000] {dagbag.py:525} INFO - Filling up the DagBag from /home/airflow/.local/lib/python3.7/site-packages/airflow/example_dags/example_datasets.py
[2024-05-09T16:29:50.847+0000] {processor.py:768} INFO - DAG(s) dict_keys(['dataset_produces_1', 'dataset_produces_2', 'dataset_consumes_1', 'dataset_consumes_unknown_never_scheduled', 'dataset_consumes_1_and_2', 'dataset_consumes_1_never_scheduled']) retrieved from /home/airflow/.local/lib/python3.7/site-packages/airflow/example_dags/example_datasets.py
[2024-05-09T16:29:51.075+0000] {logging_mixin.py:117} INFO - [2024-05-09T16:29:51.075+0000] {dag.py:2573} INFO - Sync 6 DAGs
[2024-05-09T16:29:51.127+0000] {logging_mixin.py:117} INFO - [2024-05-09T16:29:51.127+0000] {dag.py:3328} INFO - Setting next_dagrun for dataset_consumes_1 to None, run_after=None
[2024-05-09T16:29:51.132+0000] {logging_mixin.py:117} INFO - [2024-05-09T16:29:51.131+0000] {dag.py:3328} INFO - Setting next_dagrun for dataset_consumes_1_and_2 to None, run_after=None
[2024-05-09T16:29:51.134+0000] {logging_mixin.py:117} INFO - [2024-05-09T16:29:51.134+0000] {dag.py:3328} INFO - Setting next_dagrun for dataset_consumes_1_never_scheduled to None, run_after=None
[2024-05-09T16:29:51.135+0000] {logging_mixin.py:117} INFO - [2024-05-09T16:29:51.135+0000] {dag.py:3328} INFO - Setting next_dagrun for dataset_consumes_unknown_never_scheduled to None, run_after=None
[2024-05-09T16:29:51.139+0000] {logging_mixin.py:117} INFO - [2024-05-09T16:29:51.139+0000] {dag.py:3328} INFO - Setting next_dagrun for dataset_produces_1 to 2024-05-08T00:00:00+00:00, run_after=2024-05-09T00:00:00+00:00
[2024-05-09T16:29:51.140+0000] {logging_mixin.py:117} INFO - [2024-05-09T16:29:51.140+0000] {dag.py:3328} INFO - Setting next_dagrun for dataset_produces_2 to None, run_after=None
[2024-05-09T16:29:51.190+0000] {processor.py:178} INFO - Processing /home/airflow/.local/lib/python3.7/site-packages/airflow/example_dags/example_datasets.py took 0.528 seconds
[2024-05-09T16:30:25.307+0000] {processor.py:156} INFO - Started process (PID=168) to work on /home/airflow/.local/lib/python3.7/site-packages/airflow/example_dags/example_datasets.py
[2024-05-09T16:30:25.308+0000] {processor.py:758} INFO - Processing file /home/airflow/.local/lib/python3.7/site-packages/airflow/example_dags/example_datasets.py for tasks to queue
[2024-05-09T16:30:25.309+0000] {logging_mixin.py:117} INFO - [2024-05-09T16:30:25.309+0000] {dagbag.py:525} INFO - Filling up the DagBag from /home/airflow/.local/lib/python3.7/site-packages/airflow/example_dags/example_datasets.py
[2024-05-09T16:30:25.330+0000] {processor.py:768} INFO - DAG(s) dict_keys(['dataset_produces_1', 'dataset_consumes_1', 'dataset_consumes_unknown_never_scheduled', 'dataset_produces_2', 'dataset_consumes_1_and_2', 'dataset_consumes_1_never_scheduled']) retrieved from /home/airflow/.local/lib/python3.7/site-packages/airflow/example_dags/example_datasets.py
[2024-05-09T16:30:25.468+0000] {logging_mixin.py:117} INFO - [2024-05-09T16:30:25.468+0000] {dag.py:2573} INFO - Sync 6 DAGs
[2024-05-09T16:30:25.502+0000] {logging_mixin.py:117} INFO - [2024-05-09T16:30:25.501+0000] {dag.py:3328} INFO - Setting next_dagrun for dataset_consumes_1 to None, run_after=None
[2024-05-09T16:30:25.505+0000] {logging_mixin.py:117} INFO - [2024-05-09T16:30:25.505+0000] {dag.py:3328} INFO - Setting next_dagrun for dataset_consumes_1_and_2 to None, run_after=None
[2024-05-09T16:30:25.506+0000] {logging_mixin.py:117} INFO - [2024-05-09T16:30:25.506+0000] {dag.py:3328} INFO - Setting next_dagrun for dataset_consumes_1_never_scheduled to None, run_after=None
[2024-05-09T16:30:25.507+0000] {logging_mixin.py:117} INFO - [2024-05-09T16:30:25.507+0000] {dag.py:3328} INFO - Setting next_dagrun for dataset_consumes_unknown_never_scheduled to None, run_after=None
[2024-05-09T16:30:25.511+0000] {logging_mixin.py:117} INFO - [2024-05-09T16:30:25.510+0000] {dag.py:3328} INFO - Setting next_dagrun for dataset_produces_1 to 2024-05-08T00:00:00+00:00, run_after=2024-05-09T00:00:00+00:00
[2024-05-09T16:30:25.512+0000] {logging_mixin.py:117} INFO - [2024-05-09T16:30:25.512+0000] {dag.py:3328} INFO - Setting next_dagrun for dataset_produces_2 to None, run_after=None
[2024-05-09T16:30:25.540+0000] {processor.py:178} INFO - Processing /home/airflow/.local/lib/python3.7/site-packages/airflow/example_dags/example_datasets.py took 0.235 seconds
[2024-05-09T16:30:56.450+0000] {processor.py:156} INFO - Started process (PID=382) to work on /home/airflow/.local/lib/python3.7/site-packages/airflow/example_dags/example_datasets.py
[2024-05-09T16:30:56.451+0000] {processor.py:758} INFO - Processing file /home/airflow/.local/lib/python3.7/site-packages/airflow/example_dags/example_datasets.py for tasks to queue
[2024-05-09T16:30:56.451+0000] {logging_mixin.py:117} INFO - [2024-05-09T16:30:56.451+0000] {dagbag.py:525} INFO - Filling up the DagBag from /home/airflow/.local/lib/python3.7/site-packages/airflow/example_dags/example_datasets.py
[2024-05-09T16:30:56.467+0000] {processor.py:768} INFO - DAG(s) dict_keys(['dataset_consumes_unknown_never_scheduled', 'dataset_consumes_1_and_2', 'dataset_produces_2', 'dataset_produces_1', 'dataset_consumes_1', 'dataset_consumes_1_never_scheduled']) retrieved from /home/airflow/.local/lib/python3.7/site-packages/airflow/example_dags/example_datasets.py
[2024-05-09T16:30:56.510+0000] {logging_mixin.py:117} INFO - [2024-05-09T16:30:56.509+0000] {dag.py:2573} INFO - Sync 6 DAGs
[2024-05-09T16:30:56.532+0000] {logging_mixin.py:117} INFO - [2024-05-09T16:30:56.532+0000] {dag.py:3328} INFO - Setting next_dagrun for dataset_consumes_1 to None, run_after=None
[2024-05-09T16:30:56.535+0000] {logging_mixin.py:117} INFO - [2024-05-09T16:30:56.535+0000] {dag.py:3328} INFO - Setting next_dagrun for dataset_consumes_1_and_2 to None, run_after=None
[2024-05-09T16:30:56.536+0000] {logging_mixin.py:117} INFO - [2024-05-09T16:30:56.535+0000] {dag.py:3328} INFO - Setting next_dagrun for dataset_consumes_1_never_scheduled to None, run_after=None
[2024-05-09T16:30:56.536+0000] {logging_mixin.py:117} INFO - [2024-05-09T16:30:56.536+0000] {dag.py:3328} INFO - Setting next_dagrun for dataset_consumes_unknown_never_scheduled to None, run_after=None
[2024-05-09T16:30:56.539+0000] {logging_mixin.py:117} INFO - [2024-05-09T16:30:56.539+0000] {dag.py:3328} INFO - Setting next_dagrun for dataset_produces_1 to 2024-05-08T00:00:00+00:00, run_after=2024-05-09T00:00:00+00:00
[2024-05-09T16:30:56.540+0000] {logging_mixin.py:117} INFO - [2024-05-09T16:30:56.540+0000] {dag.py:3328} INFO - Setting next_dagrun for dataset_produces_2 to None, run_after=None
[2024-05-09T16:30:56.573+0000] {processor.py:178} INFO - Processing /home/airflow/.local/lib/python3.7/site-packages/airflow/example_dags/example_datasets.py took 0.125 seconds
[2024-05-09T16:31:27.575+0000] {processor.py:156} INFO - Started process (PID=596) to work on /home/airflow/.local/lib/python3.7/site-packages/airflow/example_dags/example_datasets.py
[2024-05-09T16:31:27.576+0000] {processor.py:758} INFO - Processing file /home/airflow/.local/lib/python3.7/site-packages/airflow/example_dags/example_datasets.py for tasks to queue
[2024-05-09T16:31:27.577+0000] {logging_mixin.py:117} INFO - [2024-05-09T16:31:27.576+0000] {dagbag.py:525} INFO - Filling up the DagBag from /home/airflow/.local/lib/python3.7/site-packages/airflow/example_dags/example_datasets.py
[2024-05-09T16:31:27.598+0000] {processor.py:768} INFO - DAG(s) dict_keys(['dataset_consumes_1_and_2', 'dataset_consumes_unknown_never_scheduled', 'dataset_produces_1', 'dataset_consumes_1', 'dataset_produces_2', 'dataset_consumes_1_never_scheduled']) retrieved from /home/airflow/.local/lib/python3.7/site-packages/airflow/example_dags/example_datasets.py
[2024-05-09T16:31:27.662+0000] {logging_mixin.py:117} INFO - [2024-05-09T16:31:27.662+0000] {dag.py:2573} INFO - Sync 6 DAGs
[2024-05-09T16:31:27.707+0000] {logging_mixin.py:117} INFO - [2024-05-09T16:31:27.707+0000] {dag.py:3328} INFO - Setting next_dagrun for dataset_consumes_1 to None, run_after=None
[2024-05-09T16:31:27.713+0000] {logging_mixin.py:117} INFO - [2024-05-09T16:31:27.713+0000] {dag.py:3328} INFO - Setting next_dagrun for dataset_consumes_1_and_2 to None, run_after=None
[2024-05-09T16:31:27.716+0000] {logging_mixin.py:117} INFO - [2024-05-09T16:31:27.716+0000] {dag.py:3328} INFO - Setting next_dagrun for dataset_consumes_1_never_scheduled to None, run_after=None
[2024-05-09T16:31:27.718+0000] {logging_mixin.py:117} INFO - [2024-05-09T16:31:27.718+0000] {dag.py:3328} INFO - Setting next_dagrun for dataset_consumes_unknown_never_scheduled to None, run_after=None
[2024-05-09T16:31:27.723+0000] {logging_mixin.py:117} INFO - [2024-05-09T16:31:27.723+0000] {dag.py:3328} INFO - Setting next_dagrun for dataset_produces_1 to 2024-05-08T00:00:00+00:00, run_after=2024-05-09T00:00:00+00:00
[2024-05-09T16:31:27.724+0000] {logging_mixin.py:117} INFO - [2024-05-09T16:31:27.724+0000] {dag.py:3328} INFO - Setting next_dagrun for dataset_produces_2 to None, run_after=None
[2024-05-09T16:31:27.765+0000] {processor.py:178} INFO - Processing /home/airflow/.local/lib/python3.7/site-packages/airflow/example_dags/example_datasets.py took 0.192 seconds
[2024-05-09T16:31:57.798+0000] {processor.py:156} INFO - Started process (PID=798) to work on /home/airflow/.local/lib/python3.7/site-packages/airflow/example_dags/example_datasets.py
[2024-05-09T16:31:57.799+0000] {processor.py:758} INFO - Processing file /home/airflow/.local/lib/python3.7/site-packages/airflow/example_dags/example_datasets.py for tasks to queue
[2024-05-09T16:31:57.800+0000] {logging_mixin.py:117} INFO - [2024-05-09T16:31:57.799+0000] {dagbag.py:525} INFO - Filling up the DagBag from /home/airflow/.local/lib/python3.7/site-packages/airflow/example_dags/example_datasets.py
[2024-05-09T16:31:57.814+0000] {processor.py:768} INFO - DAG(s) dict_keys(['dataset_produces_1', 'dataset_consumes_1', 'dataset_consumes_1_and_2', 'dataset_consumes_unknown_never_scheduled', 'dataset_consumes_1_never_scheduled', 'dataset_produces_2']) retrieved from /home/airflow/.local/lib/python3.7/site-packages/airflow/example_dags/example_datasets.py
[2024-05-09T16:31:57.859+0000] {logging_mixin.py:117} INFO - [2024-05-09T16:31:57.859+0000] {dag.py:2573} INFO - Sync 6 DAGs
[2024-05-09T16:31:57.880+0000] {logging_mixin.py:117} INFO - [2024-05-09T16:31:57.880+0000] {dag.py:3328} INFO - Setting next_dagrun for dataset_consumes_1 to None, run_after=None
[2024-05-09T16:31:57.882+0000] {logging_mixin.py:117} INFO - [2024-05-09T16:31:57.882+0000] {dag.py:3328} INFO - Setting next_dagrun for dataset_consumes_1_and_2 to None, run_after=None
[2024-05-09T16:31:57.883+0000] {logging_mixin.py:117} INFO - [2024-05-09T16:31:57.883+0000] {dag.py:3328} INFO - Setting next_dagrun for dataset_consumes_1_never_scheduled to None, run_after=None
[2024-05-09T16:31:57.884+0000] {logging_mixin.py:117} INFO - [2024-05-09T16:31:57.884+0000] {dag.py:3328} INFO - Setting next_dagrun for dataset_consumes_unknown_never_scheduled to None, run_after=None
[2024-05-09T16:31:57.886+0000] {logging_mixin.py:117} INFO - [2024-05-09T16:31:57.886+0000] {dag.py:3328} INFO - Setting next_dagrun for dataset_produces_1 to 2024-05-08T00:00:00+00:00, run_after=2024-05-09T00:00:00+00:00
[2024-05-09T16:31:57.887+0000] {logging_mixin.py:117} INFO - [2024-05-09T16:31:57.887+0000] {dag.py:3328} INFO - Setting next_dagrun for dataset_produces_2 to None, run_after=None
[2024-05-09T16:31:57.912+0000] {processor.py:178} INFO - Processing /home/airflow/.local/lib/python3.7/site-packages/airflow/example_dags/example_datasets.py took 0.116 seconds
[2024-05-09T16:32:28.230+0000] {processor.py:156} INFO - Started process (PID=1011) to work on /home/airflow/.local/lib/python3.7/site-packages/airflow/example_dags/example_datasets.py
[2024-05-09T16:32:28.231+0000] {processor.py:758} INFO - Processing file /home/airflow/.local/lib/python3.7/site-packages/airflow/example_dags/example_datasets.py for tasks to queue
[2024-05-09T16:32:28.231+0000] {logging_mixin.py:117} INFO - [2024-05-09T16:32:28.231+0000] {dagbag.py:525} INFO - Filling up the DagBag from /home/airflow/.local/lib/python3.7/site-packages/airflow/example_dags/example_datasets.py
[2024-05-09T16:32:28.247+0000] {processor.py:768} INFO - DAG(s) dict_keys(['dataset_produces_2', 'dataset_consumes_1_and_2', 'dataset_produces_1', 'dataset_consumes_1', 'dataset_consumes_1_never_scheduled', 'dataset_consumes_unknown_never_scheduled']) retrieved from /home/airflow/.local/lib/python3.7/site-packages/airflow/example_dags/example_datasets.py
[2024-05-09T16:32:28.288+0000] {logging_mixin.py:117} INFO - [2024-05-09T16:32:28.288+0000] {dag.py:2573} INFO - Sync 6 DAGs
[2024-05-09T16:32:28.308+0000] {logging_mixin.py:117} INFO - [2024-05-09T16:32:28.308+0000] {dag.py:3328} INFO - Setting next_dagrun for dataset_consumes_1 to None, run_after=None
[2024-05-09T16:32:28.311+0000] {logging_mixin.py:117} INFO - [2024-05-09T16:32:28.311+0000] {dag.py:3328} INFO - Setting next_dagrun for dataset_consumes_1_and_2 to None, run_after=None
[2024-05-09T16:32:28.312+0000] {logging_mixin.py:117} INFO - [2024-05-09T16:32:28.312+0000] {dag.py:3328} INFO - Setting next_dagrun for dataset_consumes_1_never_scheduled to None, run_after=None
[2024-05-09T16:32:28.312+0000] {logging_mixin.py:117} INFO - [2024-05-09T16:32:28.312+0000] {dag.py:3328} INFO - Setting next_dagrun for dataset_consumes_unknown_never_scheduled to None, run_after=None
[2024-05-09T16:32:28.315+0000] {logging_mixin.py:117} INFO - [2024-05-09T16:32:28.314+0000] {dag.py:3328} INFO - Setting next_dagrun for dataset_produces_1 to 2024-05-08T00:00:00+00:00, run_after=2024-05-09T00:00:00+00:00
[2024-05-09T16:32:28.315+0000] {logging_mixin.py:117} INFO - [2024-05-09T16:32:28.315+0000] {dag.py:3328} INFO - Setting next_dagrun for dataset_produces_2 to None, run_after=None
[2024-05-09T16:32:28.443+0000] {processor.py:178} INFO - Processing /home/airflow/.local/lib/python3.7/site-packages/airflow/example_dags/example_datasets.py took 0.217 seconds
[2024-05-09T16:32:58.555+0000] {processor.py:156} INFO - Started process (PID=1224) to work on /home/airflow/.local/lib/python3.7/site-packages/airflow/example_dags/example_datasets.py
[2024-05-09T16:32:58.556+0000] {processor.py:758} INFO - Processing file /home/airflow/.local/lib/python3.7/site-packages/airflow/example_dags/example_datasets.py for tasks to queue
[2024-05-09T16:32:58.556+0000] {logging_mixin.py:117} INFO - [2024-05-09T16:32:58.556+0000] {dagbag.py:525} INFO - Filling up the DagBag from /home/airflow/.local/lib/python3.7/site-packages/airflow/example_dags/example_datasets.py
[2024-05-09T16:32:58.571+0000] {processor.py:768} INFO - DAG(s) dict_keys(['dataset_produces_2', 'dataset_consumes_1_never_scheduled', 'dataset_produces_1', 'dataset_consumes_1_and_2', 'dataset_consumes_1', 'dataset_consumes_unknown_never_scheduled']) retrieved from /home/airflow/.local/lib/python3.7/site-packages/airflow/example_dags/example_datasets.py
[2024-05-09T16:32:58.613+0000] {logging_mixin.py:117} INFO - [2024-05-09T16:32:58.613+0000] {dag.py:2573} INFO - Sync 6 DAGs
[2024-05-09T16:32:58.743+0000] {logging_mixin.py:117} INFO - [2024-05-09T16:32:58.743+0000] {dag.py:3328} INFO - Setting next_dagrun for dataset_consumes_1 to None, run_after=None
[2024-05-09T16:32:58.746+0000] {logging_mixin.py:117} INFO - [2024-05-09T16:32:58.746+0000] {dag.py:3328} INFO - Setting next_dagrun for dataset_consumes_1_and_2 to None, run_after=None
[2024-05-09T16:32:58.747+0000] {logging_mixin.py:117} INFO - [2024-05-09T16:32:58.747+0000] {dag.py:3328} INFO - Setting next_dagrun for dataset_consumes_1_never_scheduled to None, run_after=None
[2024-05-09T16:32:58.748+0000] {logging_mixin.py:117} INFO - [2024-05-09T16:32:58.747+0000] {dag.py:3328} INFO - Setting next_dagrun for dataset_consumes_unknown_never_scheduled to None, run_after=None
[2024-05-09T16:32:58.750+0000] {logging_mixin.py:117} INFO - [2024-05-09T16:32:58.750+0000] {dag.py:3328} INFO - Setting next_dagrun for dataset_produces_1 to 2024-05-08T00:00:00+00:00, run_after=2024-05-09T00:00:00+00:00
[2024-05-09T16:32:58.751+0000] {logging_mixin.py:117} INFO - [2024-05-09T16:32:58.750+0000] {dag.py:3328} INFO - Setting next_dagrun for dataset_produces_2 to None, run_after=None
[2024-05-09T16:32:58.777+0000] {processor.py:178} INFO - Processing /home/airflow/.local/lib/python3.7/site-packages/airflow/example_dags/example_datasets.py took 0.225 seconds
[2024-05-09T16:33:29.654+0000] {processor.py:156} INFO - Started process (PID=1428) to work on /home/airflow/.local/lib/python3.7/site-packages/airflow/example_dags/example_datasets.py
[2024-05-09T16:33:29.655+0000] {processor.py:758} INFO - Processing file /home/airflow/.local/lib/python3.7/site-packages/airflow/example_dags/example_datasets.py for tasks to queue
[2024-05-09T16:33:29.655+0000] {logging_mixin.py:117} INFO - [2024-05-09T16:33:29.655+0000] {dagbag.py:525} INFO - Filling up the DagBag from /home/airflow/.local/lib/python3.7/site-packages/airflow/example_dags/example_datasets.py
[2024-05-09T16:33:29.670+0000] {processor.py:768} INFO - DAG(s) dict_keys(['dataset_consumes_unknown_never_scheduled', 'dataset_consumes_1', 'dataset_consumes_1_never_scheduled', 'dataset_produces_2', 'dataset_consumes_1_and_2', 'dataset_produces_1']) retrieved from /home/airflow/.local/lib/python3.7/site-packages/airflow/example_dags/example_datasets.py
[2024-05-09T16:33:29.715+0000] {logging_mixin.py:117} INFO - [2024-05-09T16:33:29.715+0000] {dag.py:2573} INFO - Sync 6 DAGs
[2024-05-09T16:33:29.838+0000] {logging_mixin.py:117} INFO - [2024-05-09T16:33:29.838+0000] {dag.py:3328} INFO - Setting next_dagrun for dataset_consumes_1 to None, run_after=None
[2024-05-09T16:33:29.840+0000] {logging_mixin.py:117} INFO - [2024-05-09T16:33:29.840+0000] {dag.py:3328} INFO - Setting next_dagrun for dataset_consumes_1_and_2 to None, run_after=None
[2024-05-09T16:33:29.841+0000] {logging_mixin.py:117} INFO - [2024-05-09T16:33:29.841+0000] {dag.py:3328} INFO - Setting next_dagrun for dataset_consumes_1_never_scheduled to None, run_after=None
[2024-05-09T16:33:29.842+0000] {logging_mixin.py:117} INFO - [2024-05-09T16:33:29.842+0000] {dag.py:3328} INFO - Setting next_dagrun for dataset_consumes_unknown_never_scheduled to None, run_after=None
[2024-05-09T16:33:29.844+0000] {logging_mixin.py:117} INFO - [2024-05-09T16:33:29.844+0000] {dag.py:3328} INFO - Setting next_dagrun for dataset_produces_1 to 2024-05-08T00:00:00+00:00, run_after=2024-05-09T00:00:00+00:00
[2024-05-09T16:33:29.845+0000] {logging_mixin.py:117} INFO - [2024-05-09T16:33:29.845+0000] {dag.py:3328} INFO - Setting next_dagrun for dataset_produces_2 to None, run_after=None
[2024-05-09T16:33:29.869+0000] {processor.py:178} INFO - Processing /home/airflow/.local/lib/python3.7/site-packages/airflow/example_dags/example_datasets.py took 0.218 seconds
[2024-05-09T16:34:00.092+0000] {processor.py:156} INFO - Started process (PID=1641) to work on /home/airflow/.local/lib/python3.7/site-packages/airflow/example_dags/example_datasets.py
[2024-05-09T16:34:00.092+0000] {processor.py:758} INFO - Processing file /home/airflow/.local/lib/python3.7/site-packages/airflow/example_dags/example_datasets.py for tasks to queue
[2024-05-09T16:34:00.093+0000] {logging_mixin.py:117} INFO - [2024-05-09T16:34:00.093+0000] {dagbag.py:525} INFO - Filling up the DagBag from /home/airflow/.local/lib/python3.7/site-packages/airflow/example_dags/example_datasets.py
[2024-05-09T16:34:00.108+0000] {processor.py:768} INFO - DAG(s) dict_keys(['dataset_produces_1', 'dataset_produces_2', 'dataset_consumes_unknown_never_scheduled', 'dataset_consumes_1_never_scheduled', 'dataset_consumes_1_and_2', 'dataset_consumes_1']) retrieved from /home/airflow/.local/lib/python3.7/site-packages/airflow/example_dags/example_datasets.py
[2024-05-09T16:34:00.277+0000] {logging_mixin.py:117} INFO - [2024-05-09T16:34:00.277+0000] {dag.py:2573} INFO - Sync 6 DAGs
[2024-05-09T16:34:00.300+0000] {logging_mixin.py:117} INFO - [2024-05-09T16:34:00.300+0000] {dag.py:3328} INFO - Setting next_dagrun for dataset_consumes_1 to None, run_after=None
[2024-05-09T16:34:00.303+0000] {logging_mixin.py:117} INFO - [2024-05-09T16:34:00.303+0000] {dag.py:3328} INFO - Setting next_dagrun for dataset_consumes_1_and_2 to None, run_after=None
[2024-05-09T16:34:00.304+0000] {logging_mixin.py:117} INFO - [2024-05-09T16:34:00.304+0000] {dag.py:3328} INFO - Setting next_dagrun for dataset_consumes_1_never_scheduled to None, run_after=None
[2024-05-09T16:34:00.304+0000] {logging_mixin.py:117} INFO - [2024-05-09T16:34:00.304+0000] {dag.py:3328} INFO - Setting next_dagrun for dataset_consumes_unknown_never_scheduled to None, run_after=None
[2024-05-09T16:34:00.307+0000] {logging_mixin.py:117} INFO - [2024-05-09T16:34:00.306+0000] {dag.py:3328} INFO - Setting next_dagrun for dataset_produces_1 to 2024-05-08T00:00:00+00:00, run_after=2024-05-09T00:00:00+00:00
[2024-05-09T16:34:00.307+0000] {logging_mixin.py:117} INFO - [2024-05-09T16:34:00.307+0000] {dag.py:3328} INFO - Setting next_dagrun for dataset_produces_2 to None, run_after=None
[2024-05-09T16:34:00.334+0000] {processor.py:178} INFO - Processing /home/airflow/.local/lib/python3.7/site-packages/airflow/example_dags/example_datasets.py took 0.245 seconds
[2024-05-09T16:34:31.318+0000] {processor.py:156} INFO - Started process (PID=1857) to work on /home/airflow/.local/lib/python3.7/site-packages/airflow/example_dags/example_datasets.py
[2024-05-09T16:34:31.319+0000] {processor.py:758} INFO - Processing file /home/airflow/.local/lib/python3.7/site-packages/airflow/example_dags/example_datasets.py for tasks to queue
[2024-05-09T16:34:31.319+0000] {logging_mixin.py:117} INFO - [2024-05-09T16:34:31.319+0000] {dagbag.py:525} INFO - Filling up the DagBag from /home/airflow/.local/lib/python3.7/site-packages/airflow/example_dags/example_datasets.py
[2024-05-09T16:34:31.340+0000] {processor.py:768} INFO - DAG(s) dict_keys(['dataset_produces_2', 'dataset_produces_1', 'dataset_consumes_1_and_2', 'dataset_consumes_1', 'dataset_consumes_1_never_scheduled', 'dataset_consumes_unknown_never_scheduled']) retrieved from /home/airflow/.local/lib/python3.7/site-packages/airflow/example_dags/example_datasets.py
[2024-05-09T16:34:31.513+0000] {logging_mixin.py:117} INFO - [2024-05-09T16:34:31.513+0000] {dag.py:2573} INFO - Sync 6 DAGs
[2024-05-09T16:34:31.534+0000] {logging_mixin.py:117} INFO - [2024-05-09T16:34:31.534+0000] {dag.py:3328} INFO - Setting next_dagrun for dataset_consumes_1 to None, run_after=None
[2024-05-09T16:34:31.538+0000] {logging_mixin.py:117} INFO - [2024-05-09T16:34:31.538+0000] {dag.py:3328} INFO - Setting next_dagrun for dataset_consumes_1_and_2 to None, run_after=None
[2024-05-09T16:34:31.539+0000] {logging_mixin.py:117} INFO - [2024-05-09T16:34:31.539+0000] {dag.py:3328} INFO - Setting next_dagrun for dataset_consumes_1_never_scheduled to None, run_after=None
[2024-05-09T16:34:31.540+0000] {logging_mixin.py:117} INFO - [2024-05-09T16:34:31.540+0000] {dag.py:3328} INFO - Setting next_dagrun for dataset_consumes_unknown_never_scheduled to None, run_after=None
[2024-05-09T16:34:31.544+0000] {logging_mixin.py:117} INFO - [2024-05-09T16:34:31.543+0000] {dag.py:3328} INFO - Setting next_dagrun for dataset_produces_1 to 2024-05-08T00:00:00+00:00, run_after=2024-05-09T00:00:00+00:00
[2024-05-09T16:34:31.545+0000] {logging_mixin.py:117} INFO - [2024-05-09T16:34:31.544+0000] {dag.py:3328} INFO - Setting next_dagrun for dataset_produces_2 to None, run_after=None
[2024-05-09T16:34:31.580+0000] {processor.py:178} INFO - Processing /home/airflow/.local/lib/python3.7/site-packages/airflow/example_dags/example_datasets.py took 0.264 seconds
[2024-05-09T16:35:01.623+0000] {processor.py:156} INFO - Started process (PID=2061) to work on /home/airflow/.local/lib/python3.7/site-packages/airflow/example_dags/example_datasets.py
[2024-05-09T16:35:01.623+0000] {processor.py:758} INFO - Processing file /home/airflow/.local/lib/python3.7/site-packages/airflow/example_dags/example_datasets.py for tasks to queue
[2024-05-09T16:35:01.624+0000] {logging_mixin.py:117} INFO - [2024-05-09T16:35:01.624+0000] {dagbag.py:525} INFO - Filling up the DagBag from /home/airflow/.local/lib/python3.7/site-packages/airflow/example_dags/example_datasets.py
[2024-05-09T16:35:01.757+0000] {processor.py:768} INFO - DAG(s) dict_keys(['dataset_consumes_1_never_scheduled', 'dataset_produces_2', 'dataset_consumes_1_and_2', 'dataset_produces_1', 'dataset_consumes_1', 'dataset_consumes_unknown_never_scheduled']) retrieved from /home/airflow/.local/lib/python3.7/site-packages/airflow/example_dags/example_datasets.py
[2024-05-09T16:35:01.816+0000] {logging_mixin.py:117} INFO - [2024-05-09T16:35:01.816+0000] {dag.py:2573} INFO - Sync 6 DAGs
[2024-05-09T16:35:01.854+0000] {logging_mixin.py:117} INFO - [2024-05-09T16:35:01.854+0000] {dag.py:3328} INFO - Setting next_dagrun for dataset_consumes_1 to None, run_after=None
[2024-05-09T16:35:01.865+0000] {logging_mixin.py:117} INFO - [2024-05-09T16:35:01.864+0000] {dag.py:3328} INFO - Setting next_dagrun for dataset_consumes_1_and_2 to None, run_after=None
[2024-05-09T16:35:01.867+0000] {logging_mixin.py:117} INFO - [2024-05-09T16:35:01.867+0000] {dag.py:3328} INFO - Setting next_dagrun for dataset_consumes_1_never_scheduled to None, run_after=None
[2024-05-09T16:35:01.868+0000] {logging_mixin.py:117} INFO - [2024-05-09T16:35:01.868+0000] {dag.py:3328} INFO - Setting next_dagrun for dataset_consumes_unknown_never_scheduled to None, run_after=None
[2024-05-09T16:35:01.871+0000] {logging_mixin.py:117} INFO - [2024-05-09T16:35:01.871+0000] {dag.py:3328} INFO - Setting next_dagrun for dataset_produces_1 to 2024-05-08T00:00:00+00:00, run_after=2024-05-09T00:00:00+00:00
[2024-05-09T16:35:01.873+0000] {logging_mixin.py:117} INFO - [2024-05-09T16:35:01.872+0000] {dag.py:3328} INFO - Setting next_dagrun for dataset_produces_2 to None, run_after=None
[2024-05-09T16:35:01.908+0000] {processor.py:178} INFO - Processing /home/airflow/.local/lib/python3.7/site-packages/airflow/example_dags/example_datasets.py took 0.288 seconds
[2024-05-09T16:35:32.049+0000] {processor.py:156} INFO - Started process (PID=2273) to work on /home/airflow/.local/lib/python3.7/site-packages/airflow/example_dags/example_datasets.py
[2024-05-09T16:35:32.050+0000] {processor.py:758} INFO - Processing file /home/airflow/.local/lib/python3.7/site-packages/airflow/example_dags/example_datasets.py for tasks to queue
[2024-05-09T16:35:32.051+0000] {logging_mixin.py:117} INFO - [2024-05-09T16:35:32.050+0000] {dagbag.py:525} INFO - Filling up the DagBag from /home/airflow/.local/lib/python3.7/site-packages/airflow/example_dags/example_datasets.py
[2024-05-09T16:35:32.072+0000] {processor.py:768} INFO - DAG(s) dict_keys(['dataset_produces_2', 'dataset_consumes_unknown_never_scheduled', 'dataset_consumes_1_never_scheduled', 'dataset_consumes_1_and_2', 'dataset_produces_1', 'dataset_consumes_1']) retrieved from /home/airflow/.local/lib/python3.7/site-packages/airflow/example_dags/example_datasets.py
[2024-05-09T16:35:32.125+0000] {logging_mixin.py:117} INFO - [2024-05-09T16:35:32.124+0000] {dag.py:2573} INFO - Sync 6 DAGs
[2024-05-09T16:35:32.257+0000] {logging_mixin.py:117} INFO - [2024-05-09T16:35:32.256+0000] {dag.py:3328} INFO - Setting next_dagrun for dataset_consumes_1 to None, run_after=None
[2024-05-09T16:35:32.260+0000] {logging_mixin.py:117} INFO - [2024-05-09T16:35:32.260+0000] {dag.py:3328} INFO - Setting next_dagrun for dataset_consumes_1_and_2 to None, run_after=None
[2024-05-09T16:35:32.261+0000] {logging_mixin.py:117} INFO - [2024-05-09T16:35:32.261+0000] {dag.py:3328} INFO - Setting next_dagrun for dataset_consumes_1_never_scheduled to None, run_after=None
[2024-05-09T16:35:32.262+0000] {logging_mixin.py:117} INFO - [2024-05-09T16:35:32.262+0000] {dag.py:3328} INFO - Setting next_dagrun for dataset_consumes_unknown_never_scheduled to None, run_after=None
[2024-05-09T16:35:32.264+0000] {logging_mixin.py:117} INFO - [2024-05-09T16:35:32.264+0000] {dag.py:3328} INFO - Setting next_dagrun for dataset_produces_1 to 2024-05-08T00:00:00+00:00, run_after=2024-05-09T00:00:00+00:00
[2024-05-09T16:35:32.265+0000] {logging_mixin.py:117} INFO - [2024-05-09T16:35:32.265+0000] {dag.py:3328} INFO - Setting next_dagrun for dataset_produces_2 to None, run_after=None
[2024-05-09T16:35:32.292+0000] {processor.py:178} INFO - Processing /home/airflow/.local/lib/python3.7/site-packages/airflow/example_dags/example_datasets.py took 0.246 seconds
[2024-05-09T16:36:02.655+0000] {processor.py:156} INFO - Started process (PID=2487) to work on /home/airflow/.local/lib/python3.7/site-packages/airflow/example_dags/example_datasets.py
[2024-05-09T16:36:02.655+0000] {processor.py:758} INFO - Processing file /home/airflow/.local/lib/python3.7/site-packages/airflow/example_dags/example_datasets.py for tasks to queue
[2024-05-09T16:36:02.656+0000] {logging_mixin.py:117} INFO - [2024-05-09T16:36:02.656+0000] {dagbag.py:525} INFO - Filling up the DagBag from /home/airflow/.local/lib/python3.7/site-packages/airflow/example_dags/example_datasets.py
[2024-05-09T16:36:02.671+0000] {processor.py:768} INFO - DAG(s) dict_keys(['dataset_consumes_1_never_scheduled', 'dataset_produces_2', 'dataset_consumes_unknown_never_scheduled', 'dataset_consumes_1', 'dataset_produces_1', 'dataset_consumes_1_and_2']) retrieved from /home/airflow/.local/lib/python3.7/site-packages/airflow/example_dags/example_datasets.py
[2024-05-09T16:36:02.845+0000] {logging_mixin.py:117} INFO - [2024-05-09T16:36:02.845+0000] {dag.py:2573} INFO - Sync 6 DAGs
[2024-05-09T16:36:02.865+0000] {logging_mixin.py:117} INFO - [2024-05-09T16:36:02.865+0000] {dag.py:3328} INFO - Setting next_dagrun for dataset_consumes_1 to None, run_after=None
[2024-05-09T16:36:02.867+0000] {logging_mixin.py:117} INFO - [2024-05-09T16:36:02.867+0000] {dag.py:3328} INFO - Setting next_dagrun for dataset_consumes_1_and_2 to None, run_after=None
[2024-05-09T16:36:02.868+0000] {logging_mixin.py:117} INFO - [2024-05-09T16:36:02.868+0000] {dag.py:3328} INFO - Setting next_dagrun for dataset_consumes_1_never_scheduled to None, run_after=None
[2024-05-09T16:36:02.869+0000] {logging_mixin.py:117} INFO - [2024-05-09T16:36:02.869+0000] {dag.py:3328} INFO - Setting next_dagrun for dataset_consumes_unknown_never_scheduled to None, run_after=None
[2024-05-09T16:36:02.871+0000] {logging_mixin.py:117} INFO - [2024-05-09T16:36:02.871+0000] {dag.py:3328} INFO - Setting next_dagrun for dataset_produces_1 to 2024-05-08T00:00:00+00:00, run_after=2024-05-09T00:00:00+00:00
[2024-05-09T16:36:02.872+0000] {logging_mixin.py:117} INFO - [2024-05-09T16:36:02.872+0000] {dag.py:3328} INFO - Setting next_dagrun for dataset_produces_2 to None, run_after=None
[2024-05-09T16:36:02.897+0000] {processor.py:178} INFO - Processing /home/airflow/.local/lib/python3.7/site-packages/airflow/example_dags/example_datasets.py took 0.245 seconds
[2024-05-09T16:36:33.042+0000] {processor.py:156} INFO - Started process (PID=2700) to work on /home/airflow/.local/lib/python3.7/site-packages/airflow/example_dags/example_datasets.py
[2024-05-09T16:36:33.043+0000] {processor.py:758} INFO - Processing file /home/airflow/.local/lib/python3.7/site-packages/airflow/example_dags/example_datasets.py for tasks to queue
[2024-05-09T16:36:33.044+0000] {logging_mixin.py:117} INFO - [2024-05-09T16:36:33.044+0000] {dagbag.py:525} INFO - Filling up the DagBag from /home/airflow/.local/lib/python3.7/site-packages/airflow/example_dags/example_datasets.py
[2024-05-09T16:36:33.066+0000] {processor.py:768} INFO - DAG(s) dict_keys(['dataset_consumes_unknown_never_scheduled', 'dataset_produces_1', 'dataset_consumes_1_never_scheduled', 'dataset_consumes_1', 'dataset_consumes_1_and_2', 'dataset_produces_2']) retrieved from /home/airflow/.local/lib/python3.7/site-packages/airflow/example_dags/example_datasets.py
[2024-05-09T16:36:33.263+0000] {logging_mixin.py:117} INFO - [2024-05-09T16:36:33.263+0000] {dag.py:2573} INFO - Sync 6 DAGs
[2024-05-09T16:36:33.293+0000] {logging_mixin.py:117} INFO - [2024-05-09T16:36:33.292+0000] {dag.py:3328} INFO - Setting next_dagrun for dataset_consumes_1 to None, run_after=None
[2024-05-09T16:36:33.296+0000] {logging_mixin.py:117} INFO - [2024-05-09T16:36:33.296+0000] {dag.py:3328} INFO - Setting next_dagrun for dataset_consumes_1_and_2 to None, run_after=None
[2024-05-09T16:36:33.297+0000] {logging_mixin.py:117} INFO - [2024-05-09T16:36:33.297+0000] {dag.py:3328} INFO - Setting next_dagrun for dataset_consumes_1_never_scheduled to None, run_after=None
[2024-05-09T16:36:33.298+0000] {logging_mixin.py:117} INFO - [2024-05-09T16:36:33.298+0000] {dag.py:3328} INFO - Setting next_dagrun for dataset_consumes_unknown_never_scheduled to None, run_after=None
[2024-05-09T16:36:33.302+0000] {logging_mixin.py:117} INFO - [2024-05-09T16:36:33.302+0000] {dag.py:3328} INFO - Setting next_dagrun for dataset_produces_1 to 2024-05-08T00:00:00+00:00, run_after=2024-05-09T00:00:00+00:00
[2024-05-09T16:36:33.303+0000] {logging_mixin.py:117} INFO - [2024-05-09T16:36:33.303+0000] {dag.py:3328} INFO - Setting next_dagrun for dataset_produces_2 to None, run_after=None
[2024-05-09T16:36:33.337+0000] {processor.py:178} INFO - Processing /home/airflow/.local/lib/python3.7/site-packages/airflow/example_dags/example_datasets.py took 0.298 seconds
[2024-05-09T16:37:04.196+0000] {processor.py:156} INFO - Started process (PID=2904) to work on /home/airflow/.local/lib/python3.7/site-packages/airflow/example_dags/example_datasets.py
[2024-05-09T16:37:04.197+0000] {processor.py:758} INFO - Processing file /home/airflow/.local/lib/python3.7/site-packages/airflow/example_dags/example_datasets.py for tasks to queue
[2024-05-09T16:37:04.197+0000] {logging_mixin.py:117} INFO - [2024-05-09T16:37:04.197+0000] {dagbag.py:525} INFO - Filling up the DagBag from /home/airflow/.local/lib/python3.7/site-packages/airflow/example_dags/example_datasets.py
[2024-05-09T16:37:04.352+0000] {processor.py:768} INFO - DAG(s) dict_keys(['dataset_produces_1', 'dataset_consumes_unknown_never_scheduled', 'dataset_consumes_1_and_2', 'dataset_produces_2', 'dataset_consumes_1', 'dataset_consumes_1_never_scheduled']) retrieved from /home/airflow/.local/lib/python3.7/site-packages/airflow/example_dags/example_datasets.py
[2024-05-09T16:37:04.403+0000] {logging_mixin.py:117} INFO - [2024-05-09T16:37:04.403+0000] {dag.py:2573} INFO - Sync 6 DAGs
[2024-05-09T16:37:04.430+0000] {logging_mixin.py:117} INFO - [2024-05-09T16:37:04.430+0000] {dag.py:3328} INFO - Setting next_dagrun for dataset_consumes_1 to None, run_after=None
[2024-05-09T16:37:04.433+0000] {logging_mixin.py:117} INFO - [2024-05-09T16:37:04.433+0000] {dag.py:3328} INFO - Setting next_dagrun for dataset_consumes_1_and_2 to None, run_after=None
[2024-05-09T16:37:04.434+0000] {logging_mixin.py:117} INFO - [2024-05-09T16:37:04.434+0000] {dag.py:3328} INFO - Setting next_dagrun for dataset_consumes_1_never_scheduled to None, run_after=None
[2024-05-09T16:37:04.435+0000] {logging_mixin.py:117} INFO - [2024-05-09T16:37:04.435+0000] {dag.py:3328} INFO - Setting next_dagrun for dataset_consumes_unknown_never_scheduled to None, run_after=None
[2024-05-09T16:37:04.437+0000] {logging_mixin.py:117} INFO - [2024-05-09T16:37:04.437+0000] {dag.py:3328} INFO - Setting next_dagrun for dataset_produces_1 to 2024-05-08T00:00:00+00:00, run_after=2024-05-09T00:00:00+00:00
[2024-05-09T16:37:04.438+0000] {logging_mixin.py:117} INFO - [2024-05-09T16:37:04.438+0000] {dag.py:3328} INFO - Setting next_dagrun for dataset_produces_2 to None, run_after=None
[2024-05-09T16:37:04.464+0000] {processor.py:178} INFO - Processing /home/airflow/.local/lib/python3.7/site-packages/airflow/example_dags/example_datasets.py took 0.271 seconds
[2024-05-09T16:37:35.077+0000] {processor.py:156} INFO - Started process (PID=3117) to work on /home/airflow/.local/lib/python3.7/site-packages/airflow/example_dags/example_datasets.py
[2024-05-09T16:37:35.078+0000] {processor.py:758} INFO - Processing file /home/airflow/.local/lib/python3.7/site-packages/airflow/example_dags/example_datasets.py for tasks to queue
[2024-05-09T16:37:35.079+0000] {logging_mixin.py:117} INFO - [2024-05-09T16:37:35.079+0000] {dagbag.py:525} INFO - Filling up the DagBag from /home/airflow/.local/lib/python3.7/site-packages/airflow/example_dags/example_datasets.py
[2024-05-09T16:37:35.099+0000] {processor.py:768} INFO - DAG(s) dict_keys(['dataset_produces_2', 'dataset_produces_1', 'dataset_consumes_1_never_scheduled', 'dataset_consumes_1', 'dataset_consumes_1_and_2', 'dataset_consumes_unknown_never_scheduled']) retrieved from /home/airflow/.local/lib/python3.7/site-packages/airflow/example_dags/example_datasets.py
[2024-05-09T16:37:35.162+0000] {logging_mixin.py:117} INFO - [2024-05-09T16:37:35.161+0000] {dag.py:2573} INFO - Sync 6 DAGs
[2024-05-09T16:37:35.297+0000] {logging_mixin.py:117} INFO - [2024-05-09T16:37:35.297+0000] {dag.py:3328} INFO - Setting next_dagrun for dataset_consumes_1 to None, run_after=None
[2024-05-09T16:37:35.300+0000] {logging_mixin.py:117} INFO - [2024-05-09T16:37:35.300+0000] {dag.py:3328} INFO - Setting next_dagrun for dataset_consumes_1_and_2 to None, run_after=None
[2024-05-09T16:37:35.301+0000] {logging_mixin.py:117} INFO - [2024-05-09T16:37:35.301+0000] {dag.py:3328} INFO - Setting next_dagrun for dataset_consumes_1_never_scheduled to None, run_after=None
[2024-05-09T16:37:35.302+0000] {logging_mixin.py:117} INFO - [2024-05-09T16:37:35.302+0000] {dag.py:3328} INFO - Setting next_dagrun for dataset_consumes_unknown_never_scheduled to None, run_after=None
[2024-05-09T16:37:35.306+0000] {logging_mixin.py:117} INFO - [2024-05-09T16:37:35.305+0000] {dag.py:3328} INFO - Setting next_dagrun for dataset_produces_1 to 2024-05-08T00:00:00+00:00, run_after=2024-05-09T00:00:00+00:00
[2024-05-09T16:37:35.306+0000] {logging_mixin.py:117} INFO - [2024-05-09T16:37:35.306+0000] {dag.py:3328} INFO - Setting next_dagrun for dataset_produces_2 to None, run_after=None
[2024-05-09T16:37:35.333+0000] {processor.py:178} INFO - Processing /home/airflow/.local/lib/python3.7/site-packages/airflow/example_dags/example_datasets.py took 0.258 seconds
[2024-05-09T16:38:05.842+0000] {processor.py:156} INFO - Started process (PID=3330) to work on /home/airflow/.local/lib/python3.7/site-packages/airflow/example_dags/example_datasets.py
[2024-05-09T16:38:05.843+0000] {processor.py:758} INFO - Processing file /home/airflow/.local/lib/python3.7/site-packages/airflow/example_dags/example_datasets.py for tasks to queue
[2024-05-09T16:38:05.843+0000] {logging_mixin.py:117} INFO - [2024-05-09T16:38:05.843+0000] {dagbag.py:525} INFO - Filling up the DagBag from /home/airflow/.local/lib/python3.7/site-packages/airflow/example_dags/example_datasets.py
[2024-05-09T16:38:05.860+0000] {processor.py:768} INFO - DAG(s) dict_keys(['dataset_consumes_1_never_scheduled', 'dataset_produces_1', 'dataset_consumes_1', 'dataset_consumes_1_and_2', 'dataset_produces_2', 'dataset_consumes_unknown_never_scheduled']) retrieved from /home/airflow/.local/lib/python3.7/site-packages/airflow/example_dags/example_datasets.py
[2024-05-09T16:38:06.022+0000] {logging_mixin.py:117} INFO - [2024-05-09T16:38:06.022+0000] {dag.py:2573} INFO - Sync 6 DAGs
[2024-05-09T16:38:06.044+0000] {logging_mixin.py:117} INFO - [2024-05-09T16:38:06.044+0000] {dag.py:3328} INFO - Setting next_dagrun for dataset_consumes_1 to None, run_after=None
[2024-05-09T16:38:06.047+0000] {logging_mixin.py:117} INFO - [2024-05-09T16:38:06.047+0000] {dag.py:3328} INFO - Setting next_dagrun for dataset_consumes_1_and_2 to None, run_after=None
[2024-05-09T16:38:06.048+0000] {logging_mixin.py:117} INFO - [2024-05-09T16:38:06.048+0000] {dag.py:3328} INFO - Setting next_dagrun for dataset_consumes_1_never_scheduled to None, run_after=None
[2024-05-09T16:38:06.049+0000] {logging_mixin.py:117} INFO - [2024-05-09T16:38:06.049+0000] {dag.py:3328} INFO - Setting next_dagrun for dataset_consumes_unknown_never_scheduled to None, run_after=None
[2024-05-09T16:38:06.051+0000] {logging_mixin.py:117} INFO - [2024-05-09T16:38:06.051+0000] {dag.py:3328} INFO - Setting next_dagrun for dataset_produces_1 to 2024-05-08T00:00:00+00:00, run_after=2024-05-09T00:00:00+00:00
[2024-05-09T16:38:06.052+0000] {logging_mixin.py:117} INFO - [2024-05-09T16:38:06.052+0000] {dag.py:3328} INFO - Setting next_dagrun for dataset_produces_2 to None, run_after=None
[2024-05-09T16:38:06.078+0000] {processor.py:178} INFO - Processing /home/airflow/.local/lib/python3.7/site-packages/airflow/example_dags/example_datasets.py took 0.239 seconds
