[2024-05-09T15:15:12.928+0000] {processor.py:156} INFO - Started process (PID=236) to work on /home/airflow/.local/lib/python3.7/site-packages/airflow/example_dags/example_branch_day_of_week_operator.py
[2024-05-09T15:15:12.929+0000] {processor.py:758} INFO - Processing file /home/airflow/.local/lib/python3.7/site-packages/airflow/example_dags/example_branch_day_of_week_operator.py for tasks to queue
[2024-05-09T15:15:12.929+0000] {logging_mixin.py:117} INFO - [2024-05-09T15:15:12.929+0000] {dagbag.py:525} INFO - Filling up the DagBag from /home/airflow/.local/lib/python3.7/site-packages/airflow/example_dags/example_branch_day_of_week_operator.py
[2024-05-09T15:15:12.966+0000] {processor.py:768} INFO - DAG(s) dict_keys(['example_weekday_branch_operator']) retrieved from /home/airflow/.local/lib/python3.7/site-packages/airflow/example_dags/example_branch_day_of_week_operator.py
[2024-05-09T15:15:13.324+0000] {logging_mixin.py:117} INFO - [2024-05-09T15:15:13.324+0000] {manager.py:507} INFO - Created Permission View: can delete on DAG:example_weekday_branch_operator
[2024-05-09T15:15:13.339+0000] {logging_mixin.py:117} INFO - [2024-05-09T15:15:13.339+0000] {manager.py:507} INFO - Created Permission View: can read on DAG:example_weekday_branch_operator
[2024-05-09T15:15:13.359+0000] {logging_mixin.py:117} INFO - [2024-05-09T15:15:13.359+0000] {manager.py:507} INFO - Created Permission View: can edit on DAG:example_weekday_branch_operator
[2024-05-09T15:15:13.360+0000] {logging_mixin.py:117} INFO - [2024-05-09T15:15:13.360+0000] {dag.py:2573} INFO - Sync 1 DAGs
[2024-05-09T15:15:13.386+0000] {logging_mixin.py:117} INFO - [2024-05-09T15:15:13.386+0000] {dag.py:2594} INFO - Creating ORM DAG for example_weekday_branch_operator
[2024-05-09T15:15:13.413+0000] {logging_mixin.py:117} INFO - [2024-05-09T15:15:13.413+0000] {dag.py:3328} INFO - Setting next_dagrun for example_weekday_branch_operator to 2024-05-08T00:00:00+00:00, run_after=2024-05-09T00:00:00+00:00
[2024-05-09T15:15:13.447+0000] {processor.py:178} INFO - Processing /home/airflow/.local/lib/python3.7/site-packages/airflow/example_dags/example_branch_day_of_week_operator.py took 0.522 seconds
[2024-05-09T15:15:43.773+0000] {processor.py:156} INFO - Started process (PID=440) to work on /home/airflow/.local/lib/python3.7/site-packages/airflow/example_dags/example_branch_day_of_week_operator.py
[2024-05-09T15:15:43.774+0000] {processor.py:758} INFO - Processing file /home/airflow/.local/lib/python3.7/site-packages/airflow/example_dags/example_branch_day_of_week_operator.py for tasks to queue
[2024-05-09T15:15:43.774+0000] {logging_mixin.py:117} INFO - [2024-05-09T15:15:43.774+0000] {dagbag.py:525} INFO - Filling up the DagBag from /home/airflow/.local/lib/python3.7/site-packages/airflow/example_dags/example_branch_day_of_week_operator.py
[2024-05-09T15:15:43.790+0000] {processor.py:768} INFO - DAG(s) dict_keys(['example_weekday_branch_operator']) retrieved from /home/airflow/.local/lib/python3.7/site-packages/airflow/example_dags/example_branch_day_of_week_operator.py
[2024-05-09T15:15:43.824+0000] {logging_mixin.py:117} INFO - [2024-05-09T15:15:43.823+0000] {dag.py:2573} INFO - Sync 1 DAGs
[2024-05-09T15:15:43.844+0000] {logging_mixin.py:117} INFO - [2024-05-09T15:15:43.844+0000] {dag.py:3328} INFO - Setting next_dagrun for example_weekday_branch_operator to 2024-05-08T00:00:00+00:00, run_after=2024-05-09T00:00:00+00:00
[2024-05-09T15:15:43.864+0000] {processor.py:178} INFO - Processing /home/airflow/.local/lib/python3.7/site-packages/airflow/example_dags/example_branch_day_of_week_operator.py took 0.093 seconds
[2024-05-09T15:16:14.458+0000] {processor.py:156} INFO - Started process (PID=657) to work on /home/airflow/.local/lib/python3.7/site-packages/airflow/example_dags/example_branch_day_of_week_operator.py
[2024-05-09T15:16:14.458+0000] {processor.py:758} INFO - Processing file /home/airflow/.local/lib/python3.7/site-packages/airflow/example_dags/example_branch_day_of_week_operator.py for tasks to queue
[2024-05-09T15:16:14.459+0000] {logging_mixin.py:117} INFO - [2024-05-09T15:16:14.459+0000] {dagbag.py:525} INFO - Filling up the DagBag from /home/airflow/.local/lib/python3.7/site-packages/airflow/example_dags/example_branch_day_of_week_operator.py
[2024-05-09T15:16:14.472+0000] {processor.py:768} INFO - DAG(s) dict_keys(['example_weekday_branch_operator']) retrieved from /home/airflow/.local/lib/python3.7/site-packages/airflow/example_dags/example_branch_day_of_week_operator.py
[2024-05-09T15:16:14.503+0000] {logging_mixin.py:117} INFO - [2024-05-09T15:16:14.503+0000] {dag.py:2573} INFO - Sync 1 DAGs
[2024-05-09T15:16:14.631+0000] {logging_mixin.py:117} INFO - [2024-05-09T15:16:14.631+0000] {dag.py:3328} INFO - Setting next_dagrun for example_weekday_branch_operator to 2024-05-08T00:00:00+00:00, run_after=2024-05-09T00:00:00+00:00
[2024-05-09T15:16:14.652+0000] {processor.py:178} INFO - Processing /home/airflow/.local/lib/python3.7/site-packages/airflow/example_dags/example_branch_day_of_week_operator.py took 0.196 seconds
[2024-05-09T15:16:45.114+0000] {processor.py:156} INFO - Started process (PID=870) to work on /home/airflow/.local/lib/python3.7/site-packages/airflow/example_dags/example_branch_day_of_week_operator.py
[2024-05-09T15:16:45.115+0000] {processor.py:758} INFO - Processing file /home/airflow/.local/lib/python3.7/site-packages/airflow/example_dags/example_branch_day_of_week_operator.py for tasks to queue
[2024-05-09T15:16:45.115+0000] {logging_mixin.py:117} INFO - [2024-05-09T15:16:45.115+0000] {dagbag.py:525} INFO - Filling up the DagBag from /home/airflow/.local/lib/python3.7/site-packages/airflow/example_dags/example_branch_day_of_week_operator.py
[2024-05-09T15:16:45.132+0000] {processor.py:768} INFO - DAG(s) dict_keys(['example_weekday_branch_operator']) retrieved from /home/airflow/.local/lib/python3.7/site-packages/airflow/example_dags/example_branch_day_of_week_operator.py
[2024-05-09T15:16:45.164+0000] {logging_mixin.py:117} INFO - [2024-05-09T15:16:45.164+0000] {dag.py:2573} INFO - Sync 1 DAGs
[2024-05-09T15:16:45.289+0000] {logging_mixin.py:117} INFO - [2024-05-09T15:16:45.289+0000] {dag.py:3328} INFO - Setting next_dagrun for example_weekday_branch_operator to 2024-05-08T00:00:00+00:00, run_after=2024-05-09T00:00:00+00:00
[2024-05-09T15:16:45.308+0000] {processor.py:178} INFO - Processing /home/airflow/.local/lib/python3.7/site-packages/airflow/example_dags/example_branch_day_of_week_operator.py took 0.198 seconds
[2024-05-09T15:17:15.630+0000] {processor.py:156} INFO - Started process (PID=1082) to work on /home/airflow/.local/lib/python3.7/site-packages/airflow/example_dags/example_branch_day_of_week_operator.py
[2024-05-09T15:17:15.631+0000] {processor.py:758} INFO - Processing file /home/airflow/.local/lib/python3.7/site-packages/airflow/example_dags/example_branch_day_of_week_operator.py for tasks to queue
[2024-05-09T15:17:15.631+0000] {logging_mixin.py:117} INFO - [2024-05-09T15:17:15.631+0000] {dagbag.py:525} INFO - Filling up the DagBag from /home/airflow/.local/lib/python3.7/site-packages/airflow/example_dags/example_branch_day_of_week_operator.py
[2024-05-09T15:17:15.654+0000] {processor.py:768} INFO - DAG(s) dict_keys(['example_weekday_branch_operator']) retrieved from /home/airflow/.local/lib/python3.7/site-packages/airflow/example_dags/example_branch_day_of_week_operator.py
[2024-05-09T15:17:15.809+0000] {logging_mixin.py:117} INFO - [2024-05-09T15:17:15.809+0000] {dag.py:2573} INFO - Sync 1 DAGs
[2024-05-09T15:17:15.829+0000] {logging_mixin.py:117} INFO - [2024-05-09T15:17:15.829+0000] {dag.py:3328} INFO - Setting next_dagrun for example_weekday_branch_operator to 2024-05-08T00:00:00+00:00, run_after=2024-05-09T00:00:00+00:00
[2024-05-09T15:17:15.847+0000] {processor.py:178} INFO - Processing /home/airflow/.local/lib/python3.7/site-packages/airflow/example_dags/example_branch_day_of_week_operator.py took 0.220 seconds
[2024-05-09T15:17:46.407+0000] {processor.py:156} INFO - Started process (PID=1289) to work on /home/airflow/.local/lib/python3.7/site-packages/airflow/example_dags/example_branch_day_of_week_operator.py
[2024-05-09T15:17:46.407+0000] {processor.py:758} INFO - Processing file /home/airflow/.local/lib/python3.7/site-packages/airflow/example_dags/example_branch_day_of_week_operator.py for tasks to queue
[2024-05-09T15:17:46.408+0000] {logging_mixin.py:117} INFO - [2024-05-09T15:17:46.408+0000] {dagbag.py:525} INFO - Filling up the DagBag from /home/airflow/.local/lib/python3.7/site-packages/airflow/example_dags/example_branch_day_of_week_operator.py
[2024-05-09T15:17:46.422+0000] {processor.py:768} INFO - DAG(s) dict_keys(['example_weekday_branch_operator']) retrieved from /home/airflow/.local/lib/python3.7/site-packages/airflow/example_dags/example_branch_day_of_week_operator.py
[2024-05-09T15:17:46.557+0000] {logging_mixin.py:117} INFO - [2024-05-09T15:17:46.557+0000] {dag.py:2573} INFO - Sync 1 DAGs
[2024-05-09T15:17:46.576+0000] {logging_mixin.py:117} INFO - [2024-05-09T15:17:46.576+0000] {dag.py:3328} INFO - Setting next_dagrun for example_weekday_branch_operator to 2024-05-08T00:00:00+00:00, run_after=2024-05-09T00:00:00+00:00
[2024-05-09T15:17:46.594+0000] {processor.py:178} INFO - Processing /home/airflow/.local/lib/python3.7/site-packages/airflow/example_dags/example_branch_day_of_week_operator.py took 0.190 seconds
[2024-05-09T15:18:17.294+0000] {processor.py:156} INFO - Started process (PID=1502) to work on /home/airflow/.local/lib/python3.7/site-packages/airflow/example_dags/example_branch_day_of_week_operator.py
[2024-05-09T15:18:17.294+0000] {processor.py:758} INFO - Processing file /home/airflow/.local/lib/python3.7/site-packages/airflow/example_dags/example_branch_day_of_week_operator.py for tasks to queue
[2024-05-09T15:18:17.295+0000] {logging_mixin.py:117} INFO - [2024-05-09T15:18:17.294+0000] {dagbag.py:525} INFO - Filling up the DagBag from /home/airflow/.local/lib/python3.7/site-packages/airflow/example_dags/example_branch_day_of_week_operator.py
[2024-05-09T15:18:17.306+0000] {processor.py:768} INFO - DAG(s) dict_keys(['example_weekday_branch_operator']) retrieved from /home/airflow/.local/lib/python3.7/site-packages/airflow/example_dags/example_branch_day_of_week_operator.py
[2024-05-09T15:18:17.334+0000] {logging_mixin.py:117} INFO - [2024-05-09T15:18:17.334+0000] {dag.py:2573} INFO - Sync 1 DAGs
[2024-05-09T15:18:17.354+0000] {logging_mixin.py:117} INFO - [2024-05-09T15:18:17.353+0000] {dag.py:3328} INFO - Setting next_dagrun for example_weekday_branch_operator to 2024-05-08T00:00:00+00:00, run_after=2024-05-09T00:00:00+00:00
[2024-05-09T15:18:17.372+0000] {processor.py:178} INFO - Processing /home/airflow/.local/lib/python3.7/site-packages/airflow/example_dags/example_branch_day_of_week_operator.py took 0.191 seconds
[2024-05-09T15:18:47.656+0000] {processor.py:156} INFO - Started process (PID=1716) to work on /home/airflow/.local/lib/python3.7/site-packages/airflow/example_dags/example_branch_day_of_week_operator.py
[2024-05-09T15:18:47.657+0000] {processor.py:758} INFO - Processing file /home/airflow/.local/lib/python3.7/site-packages/airflow/example_dags/example_branch_day_of_week_operator.py for tasks to queue
[2024-05-09T15:18:47.657+0000] {logging_mixin.py:117} INFO - [2024-05-09T15:18:47.657+0000] {dagbag.py:525} INFO - Filling up the DagBag from /home/airflow/.local/lib/python3.7/site-packages/airflow/example_dags/example_branch_day_of_week_operator.py
[2024-05-09T15:18:47.670+0000] {processor.py:768} INFO - DAG(s) dict_keys(['example_weekday_branch_operator']) retrieved from /home/airflow/.local/lib/python3.7/site-packages/airflow/example_dags/example_branch_day_of_week_operator.py
[2024-05-09T15:18:47.702+0000] {logging_mixin.py:117} INFO - [2024-05-09T15:18:47.702+0000] {dag.py:2573} INFO - Sync 1 DAGs
[2024-05-09T15:18:47.722+0000] {logging_mixin.py:117} INFO - [2024-05-09T15:18:47.722+0000] {dag.py:3328} INFO - Setting next_dagrun for example_weekday_branch_operator to 2024-05-08T00:00:00+00:00, run_after=2024-05-09T00:00:00+00:00
[2024-05-09T15:18:47.741+0000] {processor.py:178} INFO - Processing /home/airflow/.local/lib/python3.7/site-packages/airflow/example_dags/example_branch_day_of_week_operator.py took 0.087 seconds
[2024-05-09T15:19:18.527+0000] {processor.py:156} INFO - Started process (PID=1930) to work on /home/airflow/.local/lib/python3.7/site-packages/airflow/example_dags/example_branch_day_of_week_operator.py
[2024-05-09T15:19:18.528+0000] {processor.py:758} INFO - Processing file /home/airflow/.local/lib/python3.7/site-packages/airflow/example_dags/example_branch_day_of_week_operator.py for tasks to queue
[2024-05-09T15:19:18.529+0000] {logging_mixin.py:117} INFO - [2024-05-09T15:19:18.528+0000] {dagbag.py:525} INFO - Filling up the DagBag from /home/airflow/.local/lib/python3.7/site-packages/airflow/example_dags/example_branch_day_of_week_operator.py
[2024-05-09T15:19:18.546+0000] {processor.py:768} INFO - DAG(s) dict_keys(['example_weekday_branch_operator']) retrieved from /home/airflow/.local/lib/python3.7/site-packages/airflow/example_dags/example_branch_day_of_week_operator.py
[2024-05-09T15:19:18.579+0000] {logging_mixin.py:117} INFO - [2024-05-09T15:19:18.579+0000] {dag.py:2573} INFO - Sync 1 DAGs
[2024-05-09T15:19:18.601+0000] {logging_mixin.py:117} INFO - [2024-05-09T15:19:18.600+0000] {dag.py:3328} INFO - Setting next_dagrun for example_weekday_branch_operator to 2024-05-08T00:00:00+00:00, run_after=2024-05-09T00:00:00+00:00
[2024-05-09T15:19:18.621+0000] {processor.py:178} INFO - Processing /home/airflow/.local/lib/python3.7/site-packages/airflow/example_dags/example_branch_day_of_week_operator.py took 0.097 seconds
[2024-05-09T15:19:49.190+0000] {processor.py:156} INFO - Started process (PID=2134) to work on /home/airflow/.local/lib/python3.7/site-packages/airflow/example_dags/example_branch_day_of_week_operator.py
[2024-05-09T15:19:49.190+0000] {processor.py:758} INFO - Processing file /home/airflow/.local/lib/python3.7/site-packages/airflow/example_dags/example_branch_day_of_week_operator.py for tasks to queue
[2024-05-09T15:19:49.191+0000] {logging_mixin.py:117} INFO - [2024-05-09T15:19:49.191+0000] {dagbag.py:525} INFO - Filling up the DagBag from /home/airflow/.local/lib/python3.7/site-packages/airflow/example_dags/example_branch_day_of_week_operator.py
[2024-05-09T15:19:49.206+0000] {processor.py:768} INFO - DAG(s) dict_keys(['example_weekday_branch_operator']) retrieved from /home/airflow/.local/lib/python3.7/site-packages/airflow/example_dags/example_branch_day_of_week_operator.py
[2024-05-09T15:19:49.237+0000] {logging_mixin.py:117} INFO - [2024-05-09T15:19:49.237+0000] {dag.py:2573} INFO - Sync 1 DAGs
[2024-05-09T15:19:49.257+0000] {logging_mixin.py:117} INFO - [2024-05-09T15:19:49.257+0000] {dag.py:3328} INFO - Setting next_dagrun for example_weekday_branch_operator to 2024-05-08T00:00:00+00:00, run_after=2024-05-09T00:00:00+00:00
[2024-05-09T15:19:49.276+0000] {processor.py:178} INFO - Processing /home/airflow/.local/lib/python3.7/site-packages/airflow/example_dags/example_branch_day_of_week_operator.py took 0.088 seconds
[2024-05-09T15:20:20.013+0000] {processor.py:156} INFO - Started process (PID=2348) to work on /home/airflow/.local/lib/python3.7/site-packages/airflow/example_dags/example_branch_day_of_week_operator.py
[2024-05-09T15:20:20.014+0000] {processor.py:758} INFO - Processing file /home/airflow/.local/lib/python3.7/site-packages/airflow/example_dags/example_branch_day_of_week_operator.py for tasks to queue
[2024-05-09T15:20:20.015+0000] {logging_mixin.py:117} INFO - [2024-05-09T15:20:20.015+0000] {dagbag.py:525} INFO - Filling up the DagBag from /home/airflow/.local/lib/python3.7/site-packages/airflow/example_dags/example_branch_day_of_week_operator.py
[2024-05-09T15:20:20.036+0000] {processor.py:768} INFO - DAG(s) dict_keys(['example_weekday_branch_operator']) retrieved from /home/airflow/.local/lib/python3.7/site-packages/airflow/example_dags/example_branch_day_of_week_operator.py
[2024-05-09T15:20:20.074+0000] {logging_mixin.py:117} INFO - [2024-05-09T15:20:20.074+0000] {dag.py:2573} INFO - Sync 1 DAGs
[2024-05-09T15:20:20.100+0000] {logging_mixin.py:117} INFO - [2024-05-09T15:20:20.100+0000] {dag.py:3328} INFO - Setting next_dagrun for example_weekday_branch_operator to 2024-05-08T00:00:00+00:00, run_after=2024-05-09T00:00:00+00:00
[2024-05-09T15:20:20.119+0000] {processor.py:178} INFO - Processing /home/airflow/.local/lib/python3.7/site-packages/airflow/example_dags/example_branch_day_of_week_operator.py took 0.108 seconds
[2024-05-09T15:20:50.957+0000] {processor.py:156} INFO - Started process (PID=2561) to work on /home/airflow/.local/lib/python3.7/site-packages/airflow/example_dags/example_branch_day_of_week_operator.py
[2024-05-09T15:20:50.957+0000] {processor.py:758} INFO - Processing file /home/airflow/.local/lib/python3.7/site-packages/airflow/example_dags/example_branch_day_of_week_operator.py for tasks to queue
[2024-05-09T15:20:50.958+0000] {logging_mixin.py:117} INFO - [2024-05-09T15:20:50.958+0000] {dagbag.py:525} INFO - Filling up the DagBag from /home/airflow/.local/lib/python3.7/site-packages/airflow/example_dags/example_branch_day_of_week_operator.py
[2024-05-09T15:20:50.972+0000] {processor.py:768} INFO - DAG(s) dict_keys(['example_weekday_branch_operator']) retrieved from /home/airflow/.local/lib/python3.7/site-packages/airflow/example_dags/example_branch_day_of_week_operator.py
[2024-05-09T15:20:51.002+0000] {logging_mixin.py:117} INFO - [2024-05-09T15:20:51.002+0000] {dag.py:2573} INFO - Sync 1 DAGs
[2024-05-09T15:20:51.022+0000] {logging_mixin.py:117} INFO - [2024-05-09T15:20:51.022+0000] {dag.py:3328} INFO - Setting next_dagrun for example_weekday_branch_operator to 2024-05-08T00:00:00+00:00, run_after=2024-05-09T00:00:00+00:00
[2024-05-09T15:20:51.041+0000] {processor.py:178} INFO - Processing /home/airflow/.local/lib/python3.7/site-packages/airflow/example_dags/example_branch_day_of_week_operator.py took 0.087 seconds
[2024-05-09T15:21:21.674+0000] {processor.py:156} INFO - Started process (PID=2770) to work on /home/airflow/.local/lib/python3.7/site-packages/airflow/example_dags/example_branch_day_of_week_operator.py
[2024-05-09T15:21:21.675+0000] {processor.py:758} INFO - Processing file /home/airflow/.local/lib/python3.7/site-packages/airflow/example_dags/example_branch_day_of_week_operator.py for tasks to queue
[2024-05-09T15:21:21.675+0000] {logging_mixin.py:117} INFO - [2024-05-09T15:21:21.675+0000] {dagbag.py:525} INFO - Filling up the DagBag from /home/airflow/.local/lib/python3.7/site-packages/airflow/example_dags/example_branch_day_of_week_operator.py
[2024-05-09T15:21:21.696+0000] {processor.py:768} INFO - DAG(s) dict_keys(['example_weekday_branch_operator']) retrieved from /home/airflow/.local/lib/python3.7/site-packages/airflow/example_dags/example_branch_day_of_week_operator.py
[2024-05-09T15:21:21.744+0000] {logging_mixin.py:117} INFO - [2024-05-09T15:21:21.744+0000] {dag.py:2573} INFO - Sync 1 DAGs
[2024-05-09T15:21:21.781+0000] {logging_mixin.py:117} INFO - [2024-05-09T15:21:21.780+0000] {dag.py:3328} INFO - Setting next_dagrun for example_weekday_branch_operator to 2024-05-08T00:00:00+00:00, run_after=2024-05-09T00:00:00+00:00
[2024-05-09T15:21:21.807+0000] {processor.py:178} INFO - Processing /home/airflow/.local/lib/python3.7/site-packages/airflow/example_dags/example_branch_day_of_week_operator.py took 0.136 seconds
[2024-05-09T16:29:52.792+0000] {processor.py:156} INFO - Started process (PID=235) to work on /home/airflow/.local/lib/python3.7/site-packages/airflow/example_dags/example_branch_day_of_week_operator.py
[2024-05-09T16:29:52.793+0000] {processor.py:758} INFO - Processing file /home/airflow/.local/lib/python3.7/site-packages/airflow/example_dags/example_branch_day_of_week_operator.py for tasks to queue
[2024-05-09T16:29:52.795+0000] {logging_mixin.py:117} INFO - [2024-05-09T16:29:52.795+0000] {dagbag.py:525} INFO - Filling up the DagBag from /home/airflow/.local/lib/python3.7/site-packages/airflow/example_dags/example_branch_day_of_week_operator.py
[2024-05-09T16:29:52.820+0000] {processor.py:768} INFO - DAG(s) dict_keys(['example_weekday_branch_operator']) retrieved from /home/airflow/.local/lib/python3.7/site-packages/airflow/example_dags/example_branch_day_of_week_operator.py
[2024-05-09T16:29:52.865+0000] {logging_mixin.py:117} INFO - [2024-05-09T16:29:52.860+0000] {dag.py:2573} INFO - Sync 1 DAGs
[2024-05-09T16:29:52.898+0000] {logging_mixin.py:117} INFO - [2024-05-09T16:29:52.898+0000] {dag.py:3328} INFO - Setting next_dagrun for example_weekday_branch_operator to 2024-05-08T00:00:00+00:00, run_after=2024-05-09T00:00:00+00:00
[2024-05-09T16:29:52.922+0000] {processor.py:178} INFO - Processing /home/airflow/.local/lib/python3.7/site-packages/airflow/example_dags/example_branch_day_of_week_operator.py took 0.133 seconds
[2024-05-09T16:30:26.526+0000] {processor.py:156} INFO - Started process (PID=227) to work on /home/airflow/.local/lib/python3.7/site-packages/airflow/example_dags/example_branch_day_of_week_operator.py
[2024-05-09T16:30:26.526+0000] {processor.py:758} INFO - Processing file /home/airflow/.local/lib/python3.7/site-packages/airflow/example_dags/example_branch_day_of_week_operator.py for tasks to queue
[2024-05-09T16:30:26.527+0000] {logging_mixin.py:117} INFO - [2024-05-09T16:30:26.527+0000] {dagbag.py:525} INFO - Filling up the DagBag from /home/airflow/.local/lib/python3.7/site-packages/airflow/example_dags/example_branch_day_of_week_operator.py
[2024-05-09T16:30:26.545+0000] {processor.py:768} INFO - DAG(s) dict_keys(['example_weekday_branch_operator']) retrieved from /home/airflow/.local/lib/python3.7/site-packages/airflow/example_dags/example_branch_day_of_week_operator.py
[2024-05-09T16:30:26.589+0000] {logging_mixin.py:117} INFO - [2024-05-09T16:30:26.589+0000] {dag.py:2573} INFO - Sync 1 DAGs
[2024-05-09T16:30:26.616+0000] {logging_mixin.py:117} INFO - [2024-05-09T16:30:26.616+0000] {dag.py:3328} INFO - Setting next_dagrun for example_weekday_branch_operator to 2024-05-08T00:00:00+00:00, run_after=2024-05-09T00:00:00+00:00
[2024-05-09T16:30:26.635+0000] {processor.py:178} INFO - Processing /home/airflow/.local/lib/python3.7/site-packages/airflow/example_dags/example_branch_day_of_week_operator.py took 0.112 seconds
