[2024-05-09T15:15:17.214+0000] {processor.py:156} INFO - Started process (PID=301) to work on /home/airflow/.local/lib/python3.7/site-packages/airflow/example_dags/example_python_operator.py
[2024-05-09T15:15:17.219+0000] {processor.py:758} INFO - Processing file /home/airflow/.local/lib/python3.7/site-packages/airflow/example_dags/example_python_operator.py for tasks to queue
[2024-05-09T15:15:17.220+0000] {logging_mixin.py:117} INFO - [2024-05-09T15:15:17.220+0000] {dagbag.py:525} INFO - Filling up the DagBag from /home/airflow/.local/lib/python3.7/site-packages/airflow/example_dags/example_python_operator.py
[2024-05-09T15:15:17.289+0000] {processor.py:768} INFO - DAG(s) dict_keys(['example_python_operator']) retrieved from /home/airflow/.local/lib/python3.7/site-packages/airflow/example_dags/example_python_operator.py
[2024-05-09T15:15:17.767+0000] {logging_mixin.py:117} INFO - [2024-05-09T15:15:17.767+0000] {manager.py:507} INFO - Created Permission View: can delete on DAG:example_python_operator
[2024-05-09T15:15:17.788+0000] {logging_mixin.py:117} INFO - [2024-05-09T15:15:17.788+0000] {manager.py:507} INFO - Created Permission View: can read on DAG:example_python_operator
[2024-05-09T15:15:17.802+0000] {logging_mixin.py:117} INFO - [2024-05-09T15:15:17.802+0000] {manager.py:507} INFO - Created Permission View: can edit on DAG:example_python_operator
[2024-05-09T15:15:17.803+0000] {logging_mixin.py:117} INFO - [2024-05-09T15:15:17.803+0000] {dag.py:2573} INFO - Sync 1 DAGs
[2024-05-09T15:15:17.833+0000] {logging_mixin.py:117} INFO - [2024-05-09T15:15:17.833+0000] {dag.py:2594} INFO - Creating ORM DAG for example_python_operator
[2024-05-09T15:15:17.876+0000] {logging_mixin.py:117} INFO - [2024-05-09T15:15:17.876+0000] {dag.py:3328} INFO - Setting next_dagrun for example_python_operator to None, run_after=None
[2024-05-09T15:15:17.920+0000] {processor.py:178} INFO - Processing /home/airflow/.local/lib/python3.7/site-packages/airflow/example_dags/example_python_operator.py took 0.709 seconds
[2024-05-09T15:15:48.274+0000] {processor.py:156} INFO - Started process (PID=515) to work on /home/airflow/.local/lib/python3.7/site-packages/airflow/example_dags/example_python_operator.py
[2024-05-09T15:15:48.274+0000] {processor.py:758} INFO - Processing file /home/airflow/.local/lib/python3.7/site-packages/airflow/example_dags/example_python_operator.py for tasks to queue
[2024-05-09T15:15:48.275+0000] {logging_mixin.py:117} INFO - [2024-05-09T15:15:48.275+0000] {dagbag.py:525} INFO - Filling up the DagBag from /home/airflow/.local/lib/python3.7/site-packages/airflow/example_dags/example_python_operator.py
[2024-05-09T15:15:48.297+0000] {processor.py:768} INFO - DAG(s) dict_keys(['example_python_operator']) retrieved from /home/airflow/.local/lib/python3.7/site-packages/airflow/example_dags/example_python_operator.py
[2024-05-09T15:15:48.329+0000] {logging_mixin.py:117} INFO - [2024-05-09T15:15:48.329+0000] {dag.py:2573} INFO - Sync 1 DAGs
[2024-05-09T15:15:48.463+0000] {logging_mixin.py:117} INFO - [2024-05-09T15:15:48.463+0000] {dag.py:3328} INFO - Setting next_dagrun for example_python_operator to None, run_after=None
[2024-05-09T15:15:48.483+0000] {processor.py:178} INFO - Processing /home/airflow/.local/lib/python3.7/site-packages/airflow/example_dags/example_python_operator.py took 0.211 seconds
[2024-05-09T15:16:18.760+0000] {processor.py:156} INFO - Started process (PID=729) to work on /home/airflow/.local/lib/python3.7/site-packages/airflow/example_dags/example_python_operator.py
[2024-05-09T15:16:18.761+0000] {processor.py:758} INFO - Processing file /home/airflow/.local/lib/python3.7/site-packages/airflow/example_dags/example_python_operator.py for tasks to queue
[2024-05-09T15:16:18.761+0000] {logging_mixin.py:117} INFO - [2024-05-09T15:16:18.761+0000] {dagbag.py:525} INFO - Filling up the DagBag from /home/airflow/.local/lib/python3.7/site-packages/airflow/example_dags/example_python_operator.py
[2024-05-09T15:16:18.792+0000] {processor.py:768} INFO - DAG(s) dict_keys(['example_python_operator']) retrieved from /home/airflow/.local/lib/python3.7/site-packages/airflow/example_dags/example_python_operator.py
[2024-05-09T15:16:18.834+0000] {logging_mixin.py:117} INFO - [2024-05-09T15:16:18.834+0000] {dag.py:2573} INFO - Sync 1 DAGs
[2024-05-09T15:16:18.977+0000] {logging_mixin.py:117} INFO - [2024-05-09T15:16:18.977+0000] {dag.py:3328} INFO - Setting next_dagrun for example_python_operator to None, run_after=None
[2024-05-09T15:16:18.996+0000] {processor.py:178} INFO - Processing /home/airflow/.local/lib/python3.7/site-packages/airflow/example_dags/example_python_operator.py took 0.238 seconds
[2024-05-09T15:16:49.421+0000] {processor.py:156} INFO - Started process (PID=933) to work on /home/airflow/.local/lib/python3.7/site-packages/airflow/example_dags/example_python_operator.py
[2024-05-09T15:16:49.422+0000] {processor.py:758} INFO - Processing file /home/airflow/.local/lib/python3.7/site-packages/airflow/example_dags/example_python_operator.py for tasks to queue
[2024-05-09T15:16:49.423+0000] {logging_mixin.py:117} INFO - [2024-05-09T15:16:49.422+0000] {dagbag.py:525} INFO - Filling up the DagBag from /home/airflow/.local/lib/python3.7/site-packages/airflow/example_dags/example_python_operator.py
[2024-05-09T15:16:49.453+0000] {processor.py:768} INFO - DAG(s) dict_keys(['example_python_operator']) retrieved from /home/airflow/.local/lib/python3.7/site-packages/airflow/example_dags/example_python_operator.py
[2024-05-09T15:16:49.602+0000] {logging_mixin.py:117} INFO - [2024-05-09T15:16:49.602+0000] {dag.py:2573} INFO - Sync 1 DAGs
[2024-05-09T15:16:49.625+0000] {logging_mixin.py:117} INFO - [2024-05-09T15:16:49.625+0000] {dag.py:3328} INFO - Setting next_dagrun for example_python_operator to None, run_after=None
[2024-05-09T15:16:49.647+0000] {processor.py:178} INFO - Processing /home/airflow/.local/lib/python3.7/site-packages/airflow/example_dags/example_python_operator.py took 0.229 seconds
[2024-05-09T15:17:20.091+0000] {processor.py:156} INFO - Started process (PID=1147) to work on /home/airflow/.local/lib/python3.7/site-packages/airflow/example_dags/example_python_operator.py
[2024-05-09T15:17:20.091+0000] {processor.py:758} INFO - Processing file /home/airflow/.local/lib/python3.7/site-packages/airflow/example_dags/example_python_operator.py for tasks to queue
[2024-05-09T15:17:20.092+0000] {logging_mixin.py:117} INFO - [2024-05-09T15:17:20.092+0000] {dagbag.py:525} INFO - Filling up the DagBag from /home/airflow/.local/lib/python3.7/site-packages/airflow/example_dags/example_python_operator.py
[2024-05-09T15:17:20.123+0000] {processor.py:768} INFO - DAG(s) dict_keys(['example_python_operator']) retrieved from /home/airflow/.local/lib/python3.7/site-packages/airflow/example_dags/example_python_operator.py
[2024-05-09T15:17:20.287+0000] {logging_mixin.py:117} INFO - [2024-05-09T15:17:20.287+0000] {dag.py:2573} INFO - Sync 1 DAGs
[2024-05-09T15:17:20.311+0000] {logging_mixin.py:117} INFO - [2024-05-09T15:17:20.311+0000] {dag.py:3328} INFO - Setting next_dagrun for example_python_operator to None, run_after=None
[2024-05-09T15:17:20.332+0000] {processor.py:178} INFO - Processing /home/airflow/.local/lib/python3.7/site-packages/airflow/example_dags/example_python_operator.py took 0.245 seconds
[2024-05-09T15:17:50.718+0000] {processor.py:156} INFO - Started process (PID=1360) to work on /home/airflow/.local/lib/python3.7/site-packages/airflow/example_dags/example_python_operator.py
[2024-05-09T15:17:50.719+0000] {processor.py:758} INFO - Processing file /home/airflow/.local/lib/python3.7/site-packages/airflow/example_dags/example_python_operator.py for tasks to queue
[2024-05-09T15:17:50.719+0000] {logging_mixin.py:117} INFO - [2024-05-09T15:17:50.719+0000] {dagbag.py:525} INFO - Filling up the DagBag from /home/airflow/.local/lib/python3.7/site-packages/airflow/example_dags/example_python_operator.py
[2024-05-09T15:17:50.861+0000] {processor.py:768} INFO - DAG(s) dict_keys(['example_python_operator']) retrieved from /home/airflow/.local/lib/python3.7/site-packages/airflow/example_dags/example_python_operator.py
[2024-05-09T15:17:50.896+0000] {logging_mixin.py:117} INFO - [2024-05-09T15:17:50.896+0000] {dag.py:2573} INFO - Sync 1 DAGs
[2024-05-09T15:17:50.922+0000] {logging_mixin.py:117} INFO - [2024-05-09T15:17:50.922+0000] {dag.py:3328} INFO - Setting next_dagrun for example_python_operator to None, run_after=None
[2024-05-09T15:17:50.944+0000] {processor.py:178} INFO - Processing /home/airflow/.local/lib/python3.7/site-packages/airflow/example_dags/example_python_operator.py took 0.228 seconds
[2024-05-09T15:18:21.324+0000] {processor.py:156} INFO - Started process (PID=1565) to work on /home/airflow/.local/lib/python3.7/site-packages/airflow/example_dags/example_python_operator.py
[2024-05-09T15:18:21.325+0000] {processor.py:758} INFO - Processing file /home/airflow/.local/lib/python3.7/site-packages/airflow/example_dags/example_python_operator.py for tasks to queue
[2024-05-09T15:18:21.325+0000] {logging_mixin.py:117} INFO - [2024-05-09T15:18:21.325+0000] {dagbag.py:525} INFO - Filling up the DagBag from /home/airflow/.local/lib/python3.7/site-packages/airflow/example_dags/example_python_operator.py
[2024-05-09T15:18:21.351+0000] {processor.py:768} INFO - DAG(s) dict_keys(['example_python_operator']) retrieved from /home/airflow/.local/lib/python3.7/site-packages/airflow/example_dags/example_python_operator.py
[2024-05-09T15:18:21.393+0000] {logging_mixin.py:117} INFO - [2024-05-09T15:18:21.393+0000] {dag.py:2573} INFO - Sync 1 DAGs
[2024-05-09T15:18:21.423+0000] {logging_mixin.py:117} INFO - [2024-05-09T15:18:21.423+0000] {dag.py:3328} INFO - Setting next_dagrun for example_python_operator to None, run_after=None
[2024-05-09T15:18:21.445+0000] {processor.py:178} INFO - Processing /home/airflow/.local/lib/python3.7/site-packages/airflow/example_dags/example_python_operator.py took 0.124 seconds
[2024-05-09T15:18:52.353+0000] {processor.py:156} INFO - Started process (PID=1779) to work on /home/airflow/.local/lib/python3.7/site-packages/airflow/example_dags/example_python_operator.py
[2024-05-09T15:18:52.353+0000] {processor.py:758} INFO - Processing file /home/airflow/.local/lib/python3.7/site-packages/airflow/example_dags/example_python_operator.py for tasks to queue
[2024-05-09T15:18:52.354+0000] {logging_mixin.py:117} INFO - [2024-05-09T15:18:52.354+0000] {dagbag.py:525} INFO - Filling up the DagBag from /home/airflow/.local/lib/python3.7/site-packages/airflow/example_dags/example_python_operator.py
[2024-05-09T15:18:52.375+0000] {processor.py:768} INFO - DAG(s) dict_keys(['example_python_operator']) retrieved from /home/airflow/.local/lib/python3.7/site-packages/airflow/example_dags/example_python_operator.py
[2024-05-09T15:18:52.416+0000] {logging_mixin.py:117} INFO - [2024-05-09T15:18:52.416+0000] {dag.py:2573} INFO - Sync 1 DAGs
[2024-05-09T15:18:52.439+0000] {logging_mixin.py:117} INFO - [2024-05-09T15:18:52.439+0000] {dag.py:3328} INFO - Setting next_dagrun for example_python_operator to None, run_after=None
[2024-05-09T15:18:52.464+0000] {processor.py:178} INFO - Processing /home/airflow/.local/lib/python3.7/site-packages/airflow/example_dags/example_python_operator.py took 0.114 seconds
[2024-05-09T15:19:23.208+0000] {processor.py:156} INFO - Started process (PID=1993) to work on /home/airflow/.local/lib/python3.7/site-packages/airflow/example_dags/example_python_operator.py
[2024-05-09T15:19:23.209+0000] {processor.py:758} INFO - Processing file /home/airflow/.local/lib/python3.7/site-packages/airflow/example_dags/example_python_operator.py for tasks to queue
[2024-05-09T15:19:23.209+0000] {logging_mixin.py:117} INFO - [2024-05-09T15:19:23.209+0000] {dagbag.py:525} INFO - Filling up the DagBag from /home/airflow/.local/lib/python3.7/site-packages/airflow/example_dags/example_python_operator.py
[2024-05-09T15:19:23.231+0000] {processor.py:768} INFO - DAG(s) dict_keys(['example_python_operator']) retrieved from /home/airflow/.local/lib/python3.7/site-packages/airflow/example_dags/example_python_operator.py
[2024-05-09T15:19:23.263+0000] {logging_mixin.py:117} INFO - [2024-05-09T15:19:23.263+0000] {dag.py:2573} INFO - Sync 1 DAGs
[2024-05-09T15:19:23.286+0000] {logging_mixin.py:117} INFO - [2024-05-09T15:19:23.286+0000] {dag.py:3328} INFO - Setting next_dagrun for example_python_operator to None, run_after=None
[2024-05-09T15:19:23.309+0000] {processor.py:178} INFO - Processing /home/airflow/.local/lib/python3.7/site-packages/airflow/example_dags/example_python_operator.py took 0.103 seconds
[2024-05-09T15:19:54.070+0000] {processor.py:156} INFO - Started process (PID=2207) to work on /home/airflow/.local/lib/python3.7/site-packages/airflow/example_dags/example_python_operator.py
[2024-05-09T15:19:54.071+0000] {processor.py:758} INFO - Processing file /home/airflow/.local/lib/python3.7/site-packages/airflow/example_dags/example_python_operator.py for tasks to queue
[2024-05-09T15:19:54.072+0000] {logging_mixin.py:117} INFO - [2024-05-09T15:19:54.071+0000] {dagbag.py:525} INFO - Filling up the DagBag from /home/airflow/.local/lib/python3.7/site-packages/airflow/example_dags/example_python_operator.py
[2024-05-09T15:19:54.096+0000] {processor.py:768} INFO - DAG(s) dict_keys(['example_python_operator']) retrieved from /home/airflow/.local/lib/python3.7/site-packages/airflow/example_dags/example_python_operator.py
[2024-05-09T15:19:54.141+0000] {logging_mixin.py:117} INFO - [2024-05-09T15:19:54.141+0000] {dag.py:2573} INFO - Sync 1 DAGs
[2024-05-09T15:19:54.171+0000] {logging_mixin.py:117} INFO - [2024-05-09T15:19:54.171+0000] {dag.py:3328} INFO - Setting next_dagrun for example_python_operator to None, run_after=None
[2024-05-09T15:19:54.195+0000] {processor.py:178} INFO - Processing /home/airflow/.local/lib/python3.7/site-packages/airflow/example_dags/example_python_operator.py took 0.128 seconds
[2024-05-09T15:20:24.757+0000] {processor.py:156} INFO - Started process (PID=2411) to work on /home/airflow/.local/lib/python3.7/site-packages/airflow/example_dags/example_python_operator.py
[2024-05-09T15:20:24.758+0000] {processor.py:758} INFO - Processing file /home/airflow/.local/lib/python3.7/site-packages/airflow/example_dags/example_python_operator.py for tasks to queue
[2024-05-09T15:20:24.758+0000] {logging_mixin.py:117} INFO - [2024-05-09T15:20:24.758+0000] {dagbag.py:525} INFO - Filling up the DagBag from /home/airflow/.local/lib/python3.7/site-packages/airflow/example_dags/example_python_operator.py
[2024-05-09T15:20:24.793+0000] {processor.py:768} INFO - DAG(s) dict_keys(['example_python_operator']) retrieved from /home/airflow/.local/lib/python3.7/site-packages/airflow/example_dags/example_python_operator.py
[2024-05-09T15:20:24.845+0000] {logging_mixin.py:117} INFO - [2024-05-09T15:20:24.845+0000] {dag.py:2573} INFO - Sync 1 DAGs
[2024-05-09T15:20:24.887+0000] {logging_mixin.py:117} INFO - [2024-05-09T15:20:24.887+0000] {dag.py:3328} INFO - Setting next_dagrun for example_python_operator to None, run_after=None
[2024-05-09T15:20:24.917+0000] {processor.py:178} INFO - Processing /home/airflow/.local/lib/python3.7/site-packages/airflow/example_dags/example_python_operator.py took 0.164 seconds
[2024-05-09T15:20:55.629+0000] {processor.py:156} INFO - Started process (PID=2624) to work on /home/airflow/.local/lib/python3.7/site-packages/airflow/example_dags/example_python_operator.py
[2024-05-09T15:20:55.630+0000] {processor.py:758} INFO - Processing file /home/airflow/.local/lib/python3.7/site-packages/airflow/example_dags/example_python_operator.py for tasks to queue
[2024-05-09T15:20:55.631+0000] {logging_mixin.py:117} INFO - [2024-05-09T15:20:55.631+0000] {dagbag.py:525} INFO - Filling up the DagBag from /home/airflow/.local/lib/python3.7/site-packages/airflow/example_dags/example_python_operator.py
[2024-05-09T15:20:55.653+0000] {processor.py:768} INFO - DAG(s) dict_keys(['example_python_operator']) retrieved from /home/airflow/.local/lib/python3.7/site-packages/airflow/example_dags/example_python_operator.py
[2024-05-09T15:20:55.687+0000] {logging_mixin.py:117} INFO - [2024-05-09T15:20:55.687+0000] {dag.py:2573} INFO - Sync 1 DAGs
[2024-05-09T15:20:55.710+0000] {logging_mixin.py:117} INFO - [2024-05-09T15:20:55.710+0000] {dag.py:3328} INFO - Setting next_dagrun for example_python_operator to None, run_after=None
[2024-05-09T15:20:55.730+0000] {processor.py:178} INFO - Processing /home/airflow/.local/lib/python3.7/site-packages/airflow/example_dags/example_python_operator.py took 0.104 seconds
[2024-05-09T16:29:53.967+0000] {processor.py:156} INFO - Started process (PID=302) to work on /home/airflow/.local/lib/python3.7/site-packages/airflow/example_dags/example_python_operator.py
[2024-05-09T16:29:53.968+0000] {processor.py:758} INFO - Processing file /home/airflow/.local/lib/python3.7/site-packages/airflow/example_dags/example_python_operator.py for tasks to queue
[2024-05-09T16:29:53.968+0000] {logging_mixin.py:117} INFO - [2024-05-09T16:29:53.968+0000] {dagbag.py:525} INFO - Filling up the DagBag from /home/airflow/.local/lib/python3.7/site-packages/airflow/example_dags/example_python_operator.py
[2024-05-09T16:29:53.994+0000] {processor.py:768} INFO - DAG(s) dict_keys(['example_python_operator']) retrieved from /home/airflow/.local/lib/python3.7/site-packages/airflow/example_dags/example_python_operator.py
[2024-05-09T16:29:54.027+0000] {logging_mixin.py:117} INFO - [2024-05-09T16:29:54.027+0000] {dag.py:2573} INFO - Sync 1 DAGs
[2024-05-09T16:29:54.049+0000] {logging_mixin.py:117} INFO - [2024-05-09T16:29:54.049+0000] {dag.py:3328} INFO - Setting next_dagrun for example_python_operator to None, run_after=None
[2024-05-09T16:29:54.072+0000] {processor.py:178} INFO - Processing /home/airflow/.local/lib/python3.7/site-packages/airflow/example_dags/example_python_operator.py took 0.108 seconds
[2024-05-09T16:30:27.672+0000] {processor.py:156} INFO - Started process (PID=290) to work on /home/airflow/.local/lib/python3.7/site-packages/airflow/example_dags/example_python_operator.py
[2024-05-09T16:30:27.673+0000] {processor.py:758} INFO - Processing file /home/airflow/.local/lib/python3.7/site-packages/airflow/example_dags/example_python_operator.py for tasks to queue
[2024-05-09T16:30:27.673+0000] {logging_mixin.py:117} INFO - [2024-05-09T16:30:27.673+0000] {dagbag.py:525} INFO - Filling up the DagBag from /home/airflow/.local/lib/python3.7/site-packages/airflow/example_dags/example_python_operator.py
[2024-05-09T16:30:27.697+0000] {processor.py:768} INFO - DAG(s) dict_keys(['example_python_operator']) retrieved from /home/airflow/.local/lib/python3.7/site-packages/airflow/example_dags/example_python_operator.py
[2024-05-09T16:30:27.737+0000] {logging_mixin.py:117} INFO - [2024-05-09T16:30:27.737+0000] {dag.py:2573} INFO - Sync 1 DAGs
[2024-05-09T16:30:27.767+0000] {logging_mixin.py:117} INFO - [2024-05-09T16:30:27.766+0000] {dag.py:3328} INFO - Setting next_dagrun for example_python_operator to None, run_after=None
[2024-05-09T16:30:27.791+0000] {processor.py:178} INFO - Processing /home/airflow/.local/lib/python3.7/site-packages/airflow/example_dags/example_python_operator.py took 0.121 seconds
[2024-05-09T16:30:58.480+0000] {processor.py:156} INFO - Started process (PID=505) to work on /home/airflow/.local/lib/python3.7/site-packages/airflow/example_dags/example_python_operator.py
[2024-05-09T16:30:58.480+0000] {processor.py:758} INFO - Processing file /home/airflow/.local/lib/python3.7/site-packages/airflow/example_dags/example_python_operator.py for tasks to queue
[2024-05-09T16:30:58.481+0000] {logging_mixin.py:117} INFO - [2024-05-09T16:30:58.481+0000] {dagbag.py:525} INFO - Filling up the DagBag from /home/airflow/.local/lib/python3.7/site-packages/airflow/example_dags/example_python_operator.py
[2024-05-09T16:30:58.509+0000] {processor.py:768} INFO - DAG(s) dict_keys(['example_python_operator']) retrieved from /home/airflow/.local/lib/python3.7/site-packages/airflow/example_dags/example_python_operator.py
[2024-05-09T16:30:58.543+0000] {logging_mixin.py:117} INFO - [2024-05-09T16:30:58.543+0000] {dag.py:2573} INFO - Sync 1 DAGs
[2024-05-09T16:30:58.564+0000] {logging_mixin.py:117} INFO - [2024-05-09T16:30:58.564+0000] {dag.py:3328} INFO - Setting next_dagrun for example_python_operator to None, run_after=None
[2024-05-09T16:30:58.583+0000] {processor.py:178} INFO - Processing /home/airflow/.local/lib/python3.7/site-packages/airflow/example_dags/example_python_operator.py took 0.106 seconds
[2024-05-09T16:31:29.776+0000] {processor.py:156} INFO - Started process (PID=717) to work on /home/airflow/.local/lib/python3.7/site-packages/airflow/example_dags/example_python_operator.py
[2024-05-09T16:31:29.776+0000] {processor.py:758} INFO - Processing file /home/airflow/.local/lib/python3.7/site-packages/airflow/example_dags/example_python_operator.py for tasks to queue
[2024-05-09T16:31:29.777+0000] {logging_mixin.py:117} INFO - [2024-05-09T16:31:29.777+0000] {dagbag.py:525} INFO - Filling up the DagBag from /home/airflow/.local/lib/python3.7/site-packages/airflow/example_dags/example_python_operator.py
[2024-05-09T16:31:29.800+0000] {processor.py:768} INFO - DAG(s) dict_keys(['example_python_operator']) retrieved from /home/airflow/.local/lib/python3.7/site-packages/airflow/example_dags/example_python_operator.py
[2024-05-09T16:31:29.839+0000] {logging_mixin.py:117} INFO - [2024-05-09T16:31:29.839+0000] {dag.py:2573} INFO - Sync 1 DAGs
[2024-05-09T16:31:29.864+0000] {logging_mixin.py:117} INFO - [2024-05-09T16:31:29.864+0000] {dag.py:3328} INFO - Setting next_dagrun for example_python_operator to None, run_after=None
[2024-05-09T16:31:29.883+0000] {processor.py:178} INFO - Processing /home/airflow/.local/lib/python3.7/site-packages/airflow/example_dags/example_python_operator.py took 0.110 seconds
[2024-05-09T16:32:00.717+0000] {processor.py:156} INFO - Started process (PID=922) to work on /home/airflow/.local/lib/python3.7/site-packages/airflow/example_dags/example_python_operator.py
[2024-05-09T16:32:00.718+0000] {processor.py:758} INFO - Processing file /home/airflow/.local/lib/python3.7/site-packages/airflow/example_dags/example_python_operator.py for tasks to queue
[2024-05-09T16:32:00.719+0000] {logging_mixin.py:117} INFO - [2024-05-09T16:32:00.719+0000] {dagbag.py:525} INFO - Filling up the DagBag from /home/airflow/.local/lib/python3.7/site-packages/airflow/example_dags/example_python_operator.py
[2024-05-09T16:32:00.744+0000] {processor.py:768} INFO - DAG(s) dict_keys(['example_python_operator']) retrieved from /home/airflow/.local/lib/python3.7/site-packages/airflow/example_dags/example_python_operator.py
[2024-05-09T16:32:00.785+0000] {logging_mixin.py:117} INFO - [2024-05-09T16:32:00.785+0000] {dag.py:2573} INFO - Sync 1 DAGs
[2024-05-09T16:32:00.809+0000] {logging_mixin.py:117} INFO - [2024-05-09T16:32:00.808+0000] {dag.py:3328} INFO - Setting next_dagrun for example_python_operator to None, run_after=None
[2024-05-09T16:32:00.835+0000] {processor.py:178} INFO - Processing /home/airflow/.local/lib/python3.7/site-packages/airflow/example_dags/example_python_operator.py took 0.120 seconds
[2024-05-09T16:32:31.989+0000] {processor.py:156} INFO - Started process (PID=1135) to work on /home/airflow/.local/lib/python3.7/site-packages/airflow/example_dags/example_python_operator.py
[2024-05-09T16:32:31.989+0000] {processor.py:758} INFO - Processing file /home/airflow/.local/lib/python3.7/site-packages/airflow/example_dags/example_python_operator.py for tasks to queue
[2024-05-09T16:32:31.990+0000] {logging_mixin.py:117} INFO - [2024-05-09T16:32:31.990+0000] {dagbag.py:525} INFO - Filling up the DagBag from /home/airflow/.local/lib/python3.7/site-packages/airflow/example_dags/example_python_operator.py
[2024-05-09T16:32:32.014+0000] {processor.py:768} INFO - DAG(s) dict_keys(['example_python_operator']) retrieved from /home/airflow/.local/lib/python3.7/site-packages/airflow/example_dags/example_python_operator.py
[2024-05-09T16:32:32.047+0000] {logging_mixin.py:117} INFO - [2024-05-09T16:32:32.047+0000] {dag.py:2573} INFO - Sync 1 DAGs
[2024-05-09T16:32:32.069+0000] {logging_mixin.py:117} INFO - [2024-05-09T16:32:32.069+0000] {dag.py:3328} INFO - Setting next_dagrun for example_python_operator to None, run_after=None
[2024-05-09T16:32:32.201+0000] {processor.py:178} INFO - Processing /home/airflow/.local/lib/python3.7/site-packages/airflow/example_dags/example_python_operator.py took 0.216 seconds
[2024-05-09T16:33:02.990+0000] {processor.py:156} INFO - Started process (PID=1348) to work on /home/airflow/.local/lib/python3.7/site-packages/airflow/example_dags/example_python_operator.py
[2024-05-09T16:33:02.991+0000] {processor.py:758} INFO - Processing file /home/airflow/.local/lib/python3.7/site-packages/airflow/example_dags/example_python_operator.py for tasks to queue
[2024-05-09T16:33:02.991+0000] {logging_mixin.py:117} INFO - [2024-05-09T16:33:02.991+0000] {dagbag.py:525} INFO - Filling up the DagBag from /home/airflow/.local/lib/python3.7/site-packages/airflow/example_dags/example_python_operator.py
[2024-05-09T16:33:03.013+0000] {processor.py:768} INFO - DAG(s) dict_keys(['example_python_operator']) retrieved from /home/airflow/.local/lib/python3.7/site-packages/airflow/example_dags/example_python_operator.py
[2024-05-09T16:33:03.046+0000] {logging_mixin.py:117} INFO - [2024-05-09T16:33:03.046+0000] {dag.py:2573} INFO - Sync 1 DAGs
[2024-05-09T16:33:03.184+0000] {logging_mixin.py:117} INFO - [2024-05-09T16:33:03.183+0000] {dag.py:3328} INFO - Setting next_dagrun for example_python_operator to None, run_after=None
[2024-05-09T16:33:03.210+0000] {processor.py:178} INFO - Processing /home/airflow/.local/lib/python3.7/site-packages/airflow/example_dags/example_python_operator.py took 0.222 seconds
[2024-05-09T16:33:34.605+0000] {processor.py:156} INFO - Started process (PID=1561) to work on /home/airflow/.local/lib/python3.7/site-packages/airflow/example_dags/example_python_operator.py
[2024-05-09T16:33:34.606+0000] {processor.py:758} INFO - Processing file /home/airflow/.local/lib/python3.7/site-packages/airflow/example_dags/example_python_operator.py for tasks to queue
[2024-05-09T16:33:34.606+0000] {logging_mixin.py:117} INFO - [2024-05-09T16:33:34.606+0000] {dagbag.py:525} INFO - Filling up the DagBag from /home/airflow/.local/lib/python3.7/site-packages/airflow/example_dags/example_python_operator.py
[2024-05-09T16:33:34.628+0000] {processor.py:768} INFO - DAG(s) dict_keys(['example_python_operator']) retrieved from /home/airflow/.local/lib/python3.7/site-packages/airflow/example_dags/example_python_operator.py
[2024-05-09T16:33:34.800+0000] {logging_mixin.py:117} INFO - [2024-05-09T16:33:34.799+0000] {dag.py:2573} INFO - Sync 1 DAGs
[2024-05-09T16:33:34.817+0000] {logging_mixin.py:117} INFO - [2024-05-09T16:33:34.817+0000] {dag.py:3328} INFO - Setting next_dagrun for example_python_operator to None, run_after=None
[2024-05-09T16:33:34.837+0000] {processor.py:178} INFO - Processing /home/airflow/.local/lib/python3.7/site-packages/airflow/example_dags/example_python_operator.py took 0.235 seconds
[2024-05-09T16:34:05.219+0000] {processor.py:156} INFO - Started process (PID=1765) to work on /home/airflow/.local/lib/python3.7/site-packages/airflow/example_dags/example_python_operator.py
[2024-05-09T16:34:05.220+0000] {processor.py:758} INFO - Processing file /home/airflow/.local/lib/python3.7/site-packages/airflow/example_dags/example_python_operator.py for tasks to queue
[2024-05-09T16:34:05.221+0000] {logging_mixin.py:117} INFO - [2024-05-09T16:34:05.221+0000] {dagbag.py:525} INFO - Filling up the DagBag from /home/airflow/.local/lib/python3.7/site-packages/airflow/example_dags/example_python_operator.py
[2024-05-09T16:34:05.253+0000] {processor.py:768} INFO - DAG(s) dict_keys(['example_python_operator']) retrieved from /home/airflow/.local/lib/python3.7/site-packages/airflow/example_dags/example_python_operator.py
[2024-05-09T16:34:05.442+0000] {logging_mixin.py:117} INFO - [2024-05-09T16:34:05.441+0000] {dag.py:2573} INFO - Sync 1 DAGs
[2024-05-09T16:34:05.470+0000] {logging_mixin.py:117} INFO - [2024-05-09T16:34:05.469+0000] {dag.py:3328} INFO - Setting next_dagrun for example_python_operator to None, run_after=None
[2024-05-09T16:34:05.498+0000] {processor.py:178} INFO - Processing /home/airflow/.local/lib/python3.7/site-packages/airflow/example_dags/example_python_operator.py took 0.282 seconds
[2024-05-09T16:34:35.932+0000] {processor.py:156} INFO - Started process (PID=1981) to work on /home/airflow/.local/lib/python3.7/site-packages/airflow/example_dags/example_python_operator.py
[2024-05-09T16:34:35.933+0000] {processor.py:758} INFO - Processing file /home/airflow/.local/lib/python3.7/site-packages/airflow/example_dags/example_python_operator.py for tasks to queue
[2024-05-09T16:34:35.933+0000] {logging_mixin.py:117} INFO - [2024-05-09T16:34:35.933+0000] {dagbag.py:525} INFO - Filling up the DagBag from /home/airflow/.local/lib/python3.7/site-packages/airflow/example_dags/example_python_operator.py
[2024-05-09T16:34:36.097+0000] {processor.py:768} INFO - DAG(s) dict_keys(['example_python_operator']) retrieved from /home/airflow/.local/lib/python3.7/site-packages/airflow/example_dags/example_python_operator.py
[2024-05-09T16:34:36.130+0000] {logging_mixin.py:117} INFO - [2024-05-09T16:34:36.130+0000] {dag.py:2573} INFO - Sync 1 DAGs
[2024-05-09T16:34:36.159+0000] {logging_mixin.py:117} INFO - [2024-05-09T16:34:36.158+0000] {dag.py:3328} INFO - Setting next_dagrun for example_python_operator to None, run_after=None
[2024-05-09T16:34:36.180+0000] {processor.py:178} INFO - Processing /home/airflow/.local/lib/python3.7/site-packages/airflow/example_dags/example_python_operator.py took 0.251 seconds
[2024-05-09T16:35:06.222+0000] {processor.py:156} INFO - Started process (PID=2194) to work on /home/airflow/.local/lib/python3.7/site-packages/airflow/example_dags/example_python_operator.py
[2024-05-09T16:35:06.222+0000] {processor.py:758} INFO - Processing file /home/airflow/.local/lib/python3.7/site-packages/airflow/example_dags/example_python_operator.py for tasks to queue
[2024-05-09T16:35:06.223+0000] {logging_mixin.py:117} INFO - [2024-05-09T16:35:06.223+0000] {dagbag.py:525} INFO - Filling up the DagBag from /home/airflow/.local/lib/python3.7/site-packages/airflow/example_dags/example_python_operator.py
[2024-05-09T16:35:06.253+0000] {processor.py:768} INFO - DAG(s) dict_keys(['example_python_operator']) retrieved from /home/airflow/.local/lib/python3.7/site-packages/airflow/example_dags/example_python_operator.py
[2024-05-09T16:35:06.290+0000] {logging_mixin.py:117} INFO - [2024-05-09T16:35:06.290+0000] {dag.py:2573} INFO - Sync 1 DAGs
[2024-05-09T16:35:06.412+0000] {logging_mixin.py:117} INFO - [2024-05-09T16:35:06.412+0000] {dag.py:3328} INFO - Setting next_dagrun for example_python_operator to None, run_after=None
[2024-05-09T16:35:06.429+0000] {processor.py:178} INFO - Processing /home/airflow/.local/lib/python3.7/site-packages/airflow/example_dags/example_python_operator.py took 0.211 seconds
[2024-05-09T16:35:36.918+0000] {processor.py:156} INFO - Started process (PID=2407) to work on /home/airflow/.local/lib/python3.7/site-packages/airflow/example_dags/example_python_operator.py
[2024-05-09T16:35:36.919+0000] {processor.py:758} INFO - Processing file /home/airflow/.local/lib/python3.7/site-packages/airflow/example_dags/example_python_operator.py for tasks to queue
[2024-05-09T16:35:36.919+0000] {logging_mixin.py:117} INFO - [2024-05-09T16:35:36.919+0000] {dagbag.py:525} INFO - Filling up the DagBag from /home/airflow/.local/lib/python3.7/site-packages/airflow/example_dags/example_python_operator.py
[2024-05-09T16:35:36.948+0000] {processor.py:768} INFO - DAG(s) dict_keys(['example_python_operator']) retrieved from /home/airflow/.local/lib/python3.7/site-packages/airflow/example_dags/example_python_operator.py
[2024-05-09T16:35:37.130+0000] {logging_mixin.py:117} INFO - [2024-05-09T16:35:37.130+0000] {dag.py:2573} INFO - Sync 1 DAGs
[2024-05-09T16:35:37.159+0000] {logging_mixin.py:117} INFO - [2024-05-09T16:35:37.159+0000] {dag.py:3328} INFO - Setting next_dagrun for example_python_operator to None, run_after=None
[2024-05-09T16:35:37.184+0000] {processor.py:178} INFO - Processing /home/airflow/.local/lib/python3.7/site-packages/airflow/example_dags/example_python_operator.py took 0.270 seconds
[2024-05-09T16:36:07.363+0000] {processor.py:156} INFO - Started process (PID=2611) to work on /home/airflow/.local/lib/python3.7/site-packages/airflow/example_dags/example_python_operator.py
[2024-05-09T16:36:07.363+0000] {processor.py:758} INFO - Processing file /home/airflow/.local/lib/python3.7/site-packages/airflow/example_dags/example_python_operator.py for tasks to queue
[2024-05-09T16:36:07.364+0000] {logging_mixin.py:117} INFO - [2024-05-09T16:36:07.364+0000] {dagbag.py:525} INFO - Filling up the DagBag from /home/airflow/.local/lib/python3.7/site-packages/airflow/example_dags/example_python_operator.py
[2024-05-09T16:36:07.393+0000] {processor.py:768} INFO - DAG(s) dict_keys(['example_python_operator']) retrieved from /home/airflow/.local/lib/python3.7/site-packages/airflow/example_dags/example_python_operator.py
[2024-05-09T16:36:07.532+0000] {logging_mixin.py:117} INFO - [2024-05-09T16:36:07.532+0000] {dag.py:2573} INFO - Sync 1 DAGs
[2024-05-09T16:36:07.554+0000] {logging_mixin.py:117} INFO - [2024-05-09T16:36:07.554+0000] {dag.py:3328} INFO - Setting next_dagrun for example_python_operator to None, run_after=None
[2024-05-09T16:36:07.576+0000] {processor.py:178} INFO - Processing /home/airflow/.local/lib/python3.7/site-packages/airflow/example_dags/example_python_operator.py took 0.216 seconds
[2024-05-09T16:36:37.620+0000] {processor.py:156} INFO - Started process (PID=2824) to work on /home/airflow/.local/lib/python3.7/site-packages/airflow/example_dags/example_python_operator.py
[2024-05-09T16:36:37.620+0000] {processor.py:758} INFO - Processing file /home/airflow/.local/lib/python3.7/site-packages/airflow/example_dags/example_python_operator.py for tasks to queue
[2024-05-09T16:36:37.621+0000] {logging_mixin.py:117} INFO - [2024-05-09T16:36:37.621+0000] {dagbag.py:525} INFO - Filling up the DagBag from /home/airflow/.local/lib/python3.7/site-packages/airflow/example_dags/example_python_operator.py
[2024-05-09T16:36:37.761+0000] {processor.py:768} INFO - DAG(s) dict_keys(['example_python_operator']) retrieved from /home/airflow/.local/lib/python3.7/site-packages/airflow/example_dags/example_python_operator.py
[2024-05-09T16:36:37.798+0000] {logging_mixin.py:117} INFO - [2024-05-09T16:36:37.798+0000] {dag.py:2573} INFO - Sync 1 DAGs
[2024-05-09T16:36:37.826+0000] {logging_mixin.py:117} INFO - [2024-05-09T16:36:37.826+0000] {dag.py:3328} INFO - Setting next_dagrun for example_python_operator to None, run_after=None
[2024-05-09T16:36:37.850+0000] {processor.py:178} INFO - Processing /home/airflow/.local/lib/python3.7/site-packages/airflow/example_dags/example_python_operator.py took 0.232 seconds
[2024-05-09T16:37:09.185+0000] {processor.py:156} INFO - Started process (PID=3037) to work on /home/airflow/.local/lib/python3.7/site-packages/airflow/example_dags/example_python_operator.py
[2024-05-09T16:37:09.185+0000] {processor.py:758} INFO - Processing file /home/airflow/.local/lib/python3.7/site-packages/airflow/example_dags/example_python_operator.py for tasks to queue
[2024-05-09T16:37:09.186+0000] {logging_mixin.py:117} INFO - [2024-05-09T16:37:09.186+0000] {dagbag.py:525} INFO - Filling up the DagBag from /home/airflow/.local/lib/python3.7/site-packages/airflow/example_dags/example_python_operator.py
[2024-05-09T16:37:09.215+0000] {processor.py:768} INFO - DAG(s) dict_keys(['example_python_operator']) retrieved from /home/airflow/.local/lib/python3.7/site-packages/airflow/example_dags/example_python_operator.py
[2024-05-09T16:37:09.256+0000] {logging_mixin.py:117} INFO - [2024-05-09T16:37:09.256+0000] {dag.py:2573} INFO - Sync 1 DAGs
[2024-05-09T16:37:09.417+0000] {logging_mixin.py:117} INFO - [2024-05-09T16:37:09.417+0000] {dag.py:3328} INFO - Setting next_dagrun for example_python_operator to None, run_after=None
[2024-05-09T16:37:09.438+0000] {processor.py:178} INFO - Processing /home/airflow/.local/lib/python3.7/site-packages/airflow/example_dags/example_python_operator.py took 0.255 seconds
[2024-05-09T16:37:39.463+0000] {processor.py:156} INFO - Started process (PID=3238) to work on /home/airflow/.local/lib/python3.7/site-packages/airflow/example_dags/example_python_operator.py
[2024-05-09T16:37:39.464+0000] {processor.py:758} INFO - Processing file /home/airflow/.local/lib/python3.7/site-packages/airflow/example_dags/example_python_operator.py for tasks to queue
[2024-05-09T16:37:39.464+0000] {logging_mixin.py:117} INFO - [2024-05-09T16:37:39.464+0000] {dagbag.py:525} INFO - Filling up the DagBag from /home/airflow/.local/lib/python3.7/site-packages/airflow/example_dags/example_python_operator.py
[2024-05-09T16:37:39.486+0000] {processor.py:768} INFO - DAG(s) dict_keys(['example_python_operator']) retrieved from /home/airflow/.local/lib/python3.7/site-packages/airflow/example_dags/example_python_operator.py
[2024-05-09T16:37:39.620+0000] {logging_mixin.py:117} INFO - [2024-05-09T16:37:39.620+0000] {dag.py:2573} INFO - Sync 1 DAGs
[2024-05-09T16:37:39.638+0000] {logging_mixin.py:117} INFO - [2024-05-09T16:37:39.638+0000] {dag.py:3328} INFO - Setting next_dagrun for example_python_operator to None, run_after=None
[2024-05-09T16:37:39.656+0000] {processor.py:178} INFO - Processing /home/airflow/.local/lib/python3.7/site-packages/airflow/example_dags/example_python_operator.py took 0.195 seconds
[2024-05-09T16:38:10.144+0000] {processor.py:156} INFO - Started process (PID=3451) to work on /home/airflow/.local/lib/python3.7/site-packages/airflow/example_dags/example_python_operator.py
[2024-05-09T16:38:10.144+0000] {processor.py:758} INFO - Processing file /home/airflow/.local/lib/python3.7/site-packages/airflow/example_dags/example_python_operator.py for tasks to queue
[2024-05-09T16:38:10.145+0000] {logging_mixin.py:117} INFO - [2024-05-09T16:38:10.145+0000] {dagbag.py:525} INFO - Filling up the DagBag from /home/airflow/.local/lib/python3.7/site-packages/airflow/example_dags/example_python_operator.py
[2024-05-09T16:38:10.172+0000] {processor.py:768} INFO - DAG(s) dict_keys(['example_python_operator']) retrieved from /home/airflow/.local/lib/python3.7/site-packages/airflow/example_dags/example_python_operator.py
[2024-05-09T16:38:10.327+0000] {logging_mixin.py:117} INFO - [2024-05-09T16:38:10.327+0000] {dag.py:2573} INFO - Sync 1 DAGs
[2024-05-09T16:38:10.353+0000] {logging_mixin.py:117} INFO - [2024-05-09T16:38:10.353+0000] {dag.py:3328} INFO - Setting next_dagrun for example_python_operator to None, run_after=None
[2024-05-09T16:38:10.376+0000] {processor.py:178} INFO - Processing /home/airflow/.local/lib/python3.7/site-packages/airflow/example_dags/example_python_operator.py took 0.235 seconds
[2024-05-09T16:38:40.696+0000] {processor.py:156} INFO - Started process (PID=3668) to work on /home/airflow/.local/lib/python3.7/site-packages/airflow/example_dags/example_python_operator.py
[2024-05-09T16:38:40.697+0000] {processor.py:758} INFO - Processing file /home/airflow/.local/lib/python3.7/site-packages/airflow/example_dags/example_python_operator.py for tasks to queue
[2024-05-09T16:38:40.698+0000] {logging_mixin.py:117} INFO - [2024-05-09T16:38:40.698+0000] {dagbag.py:525} INFO - Filling up the DagBag from /home/airflow/.local/lib/python3.7/site-packages/airflow/example_dags/example_python_operator.py
[2024-05-09T16:38:40.862+0000] {processor.py:768} INFO - DAG(s) dict_keys(['example_python_operator']) retrieved from /home/airflow/.local/lib/python3.7/site-packages/airflow/example_dags/example_python_operator.py
[2024-05-09T16:38:40.902+0000] {logging_mixin.py:117} INFO - [2024-05-09T16:38:40.902+0000] {dag.py:2573} INFO - Sync 1 DAGs
[2024-05-09T16:38:40.932+0000] {logging_mixin.py:117} INFO - [2024-05-09T16:38:40.932+0000] {dag.py:3328} INFO - Setting next_dagrun for example_python_operator to None, run_after=None
[2024-05-09T16:38:40.956+0000] {processor.py:178} INFO - Processing /home/airflow/.local/lib/python3.7/site-packages/airflow/example_dags/example_python_operator.py took 0.262 seconds
[2024-05-09T16:39:11.915+0000] {processor.py:156} INFO - Started process (PID=3881) to work on /home/airflow/.local/lib/python3.7/site-packages/airflow/example_dags/example_python_operator.py
[2024-05-09T16:39:11.915+0000] {processor.py:758} INFO - Processing file /home/airflow/.local/lib/python3.7/site-packages/airflow/example_dags/example_python_operator.py for tasks to queue
[2024-05-09T16:39:11.916+0000] {logging_mixin.py:117} INFO - [2024-05-09T16:39:11.916+0000] {dagbag.py:525} INFO - Filling up the DagBag from /home/airflow/.local/lib/python3.7/site-packages/airflow/example_dags/example_python_operator.py
[2024-05-09T16:39:12.079+0000] {processor.py:768} INFO - DAG(s) dict_keys(['example_python_operator']) retrieved from /home/airflow/.local/lib/python3.7/site-packages/airflow/example_dags/example_python_operator.py
[2024-05-09T16:39:12.120+0000] {logging_mixin.py:117} INFO - [2024-05-09T16:39:12.120+0000] {dag.py:2573} INFO - Sync 1 DAGs
[2024-05-09T16:39:12.140+0000] {logging_mixin.py:117} INFO - [2024-05-09T16:39:12.140+0000] {dag.py:3328} INFO - Setting next_dagrun for example_python_operator to None, run_after=None
[2024-05-09T16:39:12.159+0000] {processor.py:178} INFO - Processing /home/airflow/.local/lib/python3.7/site-packages/airflow/example_dags/example_python_operator.py took 0.247 seconds
[2024-05-09T16:39:42.729+0000] {processor.py:156} INFO - Started process (PID=4085) to work on /home/airflow/.local/lib/python3.7/site-packages/airflow/example_dags/example_python_operator.py
[2024-05-09T16:39:42.730+0000] {processor.py:758} INFO - Processing file /home/airflow/.local/lib/python3.7/site-packages/airflow/example_dags/example_python_operator.py for tasks to queue
[2024-05-09T16:39:42.731+0000] {logging_mixin.py:117} INFO - [2024-05-09T16:39:42.731+0000] {dagbag.py:525} INFO - Filling up the DagBag from /home/airflow/.local/lib/python3.7/site-packages/airflow/example_dags/example_python_operator.py
[2024-05-09T16:39:42.757+0000] {processor.py:768} INFO - DAG(s) dict_keys(['example_python_operator']) retrieved from /home/airflow/.local/lib/python3.7/site-packages/airflow/example_dags/example_python_operator.py
[2024-05-09T16:39:42.795+0000] {logging_mixin.py:117} INFO - [2024-05-09T16:39:42.795+0000] {dag.py:2573} INFO - Sync 1 DAGs
[2024-05-09T16:39:42.822+0000] {logging_mixin.py:117} INFO - [2024-05-09T16:39:42.822+0000] {dag.py:3328} INFO - Setting next_dagrun for example_python_operator to None, run_after=None
[2024-05-09T16:39:42.847+0000] {processor.py:178} INFO - Processing /home/airflow/.local/lib/python3.7/site-packages/airflow/example_dags/example_python_operator.py took 0.121 seconds
[2024-05-09T16:40:13.678+0000] {processor.py:156} INFO - Started process (PID=4300) to work on /home/airflow/.local/lib/python3.7/site-packages/airflow/example_dags/example_python_operator.py
[2024-05-09T16:40:13.679+0000] {processor.py:758} INFO - Processing file /home/airflow/.local/lib/python3.7/site-packages/airflow/example_dags/example_python_operator.py for tasks to queue
[2024-05-09T16:40:13.680+0000] {logging_mixin.py:117} INFO - [2024-05-09T16:40:13.679+0000] {dagbag.py:525} INFO - Filling up the DagBag from /home/airflow/.local/lib/python3.7/site-packages/airflow/example_dags/example_python_operator.py
[2024-05-09T16:40:13.705+0000] {processor.py:768} INFO - DAG(s) dict_keys(['example_python_operator']) retrieved from /home/airflow/.local/lib/python3.7/site-packages/airflow/example_dags/example_python_operator.py
[2024-05-09T16:40:13.743+0000] {logging_mixin.py:117} INFO - [2024-05-09T16:40:13.743+0000] {dag.py:2573} INFO - Sync 1 DAGs
[2024-05-09T16:40:13.763+0000] {logging_mixin.py:117} INFO - [2024-05-09T16:40:13.763+0000] {dag.py:3328} INFO - Setting next_dagrun for example_python_operator to None, run_after=None
[2024-05-09T16:40:13.785+0000] {processor.py:178} INFO - Processing /home/airflow/.local/lib/python3.7/site-packages/airflow/example_dags/example_python_operator.py took 0.109 seconds
[2024-05-09T16:40:44.665+0000] {processor.py:156} INFO - Started process (PID=4513) to work on /home/airflow/.local/lib/python3.7/site-packages/airflow/example_dags/example_python_operator.py
[2024-05-09T16:40:44.666+0000] {processor.py:758} INFO - Processing file /home/airflow/.local/lib/python3.7/site-packages/airflow/example_dags/example_python_operator.py for tasks to queue
[2024-05-09T16:40:44.667+0000] {logging_mixin.py:117} INFO - [2024-05-09T16:40:44.666+0000] {dagbag.py:525} INFO - Filling up the DagBag from /home/airflow/.local/lib/python3.7/site-packages/airflow/example_dags/example_python_operator.py
[2024-05-09T16:40:44.689+0000] {processor.py:768} INFO - DAG(s) dict_keys(['example_python_operator']) retrieved from /home/airflow/.local/lib/python3.7/site-packages/airflow/example_dags/example_python_operator.py
[2024-05-09T16:40:44.727+0000] {logging_mixin.py:117} INFO - [2024-05-09T16:40:44.727+0000] {dag.py:2573} INFO - Sync 1 DAGs
[2024-05-09T16:40:44.753+0000] {logging_mixin.py:117} INFO - [2024-05-09T16:40:44.753+0000] {dag.py:3328} INFO - Setting next_dagrun for example_python_operator to None, run_after=None
[2024-05-09T16:40:44.776+0000] {processor.py:178} INFO - Processing /home/airflow/.local/lib/python3.7/site-packages/airflow/example_dags/example_python_operator.py took 0.113 seconds
[2024-05-09T16:41:15.678+0000] {processor.py:156} INFO - Started process (PID=4726) to work on /home/airflow/.local/lib/python3.7/site-packages/airflow/example_dags/example_python_operator.py
[2024-05-09T16:41:15.679+0000] {processor.py:758} INFO - Processing file /home/airflow/.local/lib/python3.7/site-packages/airflow/example_dags/example_python_operator.py for tasks to queue
[2024-05-09T16:41:15.679+0000] {logging_mixin.py:117} INFO - [2024-05-09T16:41:15.679+0000] {dagbag.py:525} INFO - Filling up the DagBag from /home/airflow/.local/lib/python3.7/site-packages/airflow/example_dags/example_python_operator.py
[2024-05-09T16:41:15.704+0000] {processor.py:768} INFO - DAG(s) dict_keys(['example_python_operator']) retrieved from /home/airflow/.local/lib/python3.7/site-packages/airflow/example_dags/example_python_operator.py
[2024-05-09T16:41:15.737+0000] {logging_mixin.py:117} INFO - [2024-05-09T16:41:15.737+0000] {dag.py:2573} INFO - Sync 1 DAGs
[2024-05-09T16:41:15.764+0000] {logging_mixin.py:117} INFO - [2024-05-09T16:41:15.764+0000] {dag.py:3328} INFO - Setting next_dagrun for example_python_operator to None, run_after=None
[2024-05-09T16:41:15.789+0000] {processor.py:178} INFO - Processing /home/airflow/.local/lib/python3.7/site-packages/airflow/example_dags/example_python_operator.py took 0.114 seconds
[2024-05-09T16:41:46.395+0000] {processor.py:156} INFO - Started process (PID=4930) to work on /home/airflow/.local/lib/python3.7/site-packages/airflow/example_dags/example_python_operator.py
[2024-05-09T16:41:46.396+0000] {processor.py:758} INFO - Processing file /home/airflow/.local/lib/python3.7/site-packages/airflow/example_dags/example_python_operator.py for tasks to queue
[2024-05-09T16:41:46.396+0000] {logging_mixin.py:117} INFO - [2024-05-09T16:41:46.396+0000] {dagbag.py:525} INFO - Filling up the DagBag from /home/airflow/.local/lib/python3.7/site-packages/airflow/example_dags/example_python_operator.py
[2024-05-09T16:41:46.419+0000] {processor.py:768} INFO - DAG(s) dict_keys(['example_python_operator']) retrieved from /home/airflow/.local/lib/python3.7/site-packages/airflow/example_dags/example_python_operator.py
[2024-05-09T16:41:46.467+0000] {logging_mixin.py:117} INFO - [2024-05-09T16:41:46.467+0000] {dag.py:2573} INFO - Sync 1 DAGs
[2024-05-09T16:41:46.498+0000] {logging_mixin.py:117} INFO - [2024-05-09T16:41:46.498+0000] {dag.py:3328} INFO - Setting next_dagrun for example_python_operator to None, run_after=None
[2024-05-09T16:41:46.520+0000] {processor.py:178} INFO - Processing /home/airflow/.local/lib/python3.7/site-packages/airflow/example_dags/example_python_operator.py took 0.127 seconds
[2024-05-09T16:42:16.569+0000] {processor.py:156} INFO - Started process (PID=5143) to work on /home/airflow/.local/lib/python3.7/site-packages/airflow/example_dags/example_python_operator.py
[2024-05-09T16:42:16.570+0000] {processor.py:758} INFO - Processing file /home/airflow/.local/lib/python3.7/site-packages/airflow/example_dags/example_python_operator.py for tasks to queue
[2024-05-09T16:42:16.571+0000] {logging_mixin.py:117} INFO - [2024-05-09T16:42:16.570+0000] {dagbag.py:525} INFO - Filling up the DagBag from /home/airflow/.local/lib/python3.7/site-packages/airflow/example_dags/example_python_operator.py
[2024-05-09T16:42:16.599+0000] {processor.py:768} INFO - DAG(s) dict_keys(['example_python_operator']) retrieved from /home/airflow/.local/lib/python3.7/site-packages/airflow/example_dags/example_python_operator.py
[2024-05-09T16:42:16.637+0000] {logging_mixin.py:117} INFO - [2024-05-09T16:42:16.637+0000] {dag.py:2573} INFO - Sync 1 DAGs
[2024-05-09T16:42:16.664+0000] {logging_mixin.py:117} INFO - [2024-05-09T16:42:16.663+0000] {dag.py:3328} INFO - Setting next_dagrun for example_python_operator to None, run_after=None
[2024-05-09T16:42:16.686+0000] {processor.py:178} INFO - Processing /home/airflow/.local/lib/python3.7/site-packages/airflow/example_dags/example_python_operator.py took 0.119 seconds
[2024-05-09T16:42:47.542+0000] {processor.py:156} INFO - Started process (PID=5357) to work on /home/airflow/.local/lib/python3.7/site-packages/airflow/example_dags/example_python_operator.py
[2024-05-09T16:42:47.542+0000] {processor.py:758} INFO - Processing file /home/airflow/.local/lib/python3.7/site-packages/airflow/example_dags/example_python_operator.py for tasks to queue
[2024-05-09T16:42:47.543+0000] {logging_mixin.py:117} INFO - [2024-05-09T16:42:47.543+0000] {dagbag.py:525} INFO - Filling up the DagBag from /home/airflow/.local/lib/python3.7/site-packages/airflow/example_dags/example_python_operator.py
[2024-05-09T16:42:47.569+0000] {processor.py:768} INFO - DAG(s) dict_keys(['example_python_operator']) retrieved from /home/airflow/.local/lib/python3.7/site-packages/airflow/example_dags/example_python_operator.py
[2024-05-09T16:42:47.602+0000] {logging_mixin.py:117} INFO - [2024-05-09T16:42:47.602+0000] {dag.py:2573} INFO - Sync 1 DAGs
[2024-05-09T16:42:47.623+0000] {logging_mixin.py:117} INFO - [2024-05-09T16:42:47.623+0000] {dag.py:3328} INFO - Setting next_dagrun for example_python_operator to None, run_after=None
[2024-05-09T16:42:47.644+0000] {processor.py:178} INFO - Processing /home/airflow/.local/lib/python3.7/site-packages/airflow/example_dags/example_python_operator.py took 0.106 seconds
[2024-05-09T16:43:18.775+0000] {processor.py:156} INFO - Started process (PID=5570) to work on /home/airflow/.local/lib/python3.7/site-packages/airflow/example_dags/example_python_operator.py
[2024-05-09T16:43:18.776+0000] {processor.py:758} INFO - Processing file /home/airflow/.local/lib/python3.7/site-packages/airflow/example_dags/example_python_operator.py for tasks to queue
[2024-05-09T16:43:18.778+0000] {logging_mixin.py:117} INFO - [2024-05-09T16:43:18.777+0000] {dagbag.py:525} INFO - Filling up the DagBag from /home/airflow/.local/lib/python3.7/site-packages/airflow/example_dags/example_python_operator.py
[2024-05-09T16:43:18.810+0000] {processor.py:768} INFO - DAG(s) dict_keys(['example_python_operator']) retrieved from /home/airflow/.local/lib/python3.7/site-packages/airflow/example_dags/example_python_operator.py
[2024-05-09T16:43:18.857+0000] {logging_mixin.py:117} INFO - [2024-05-09T16:43:18.857+0000] {dag.py:2573} INFO - Sync 1 DAGs
[2024-05-09T16:43:18.882+0000] {logging_mixin.py:117} INFO - [2024-05-09T16:43:18.882+0000] {dag.py:3328} INFO - Setting next_dagrun for example_python_operator to None, run_after=None
[2024-05-09T16:43:18.903+0000] {processor.py:178} INFO - Processing /home/airflow/.local/lib/python3.7/site-packages/airflow/example_dags/example_python_operator.py took 0.131 seconds
[2024-05-09T16:43:49.863+0000] {processor.py:156} INFO - Started process (PID=5776) to work on /home/airflow/.local/lib/python3.7/site-packages/airflow/example_dags/example_python_operator.py
[2024-05-09T16:43:49.864+0000] {processor.py:758} INFO - Processing file /home/airflow/.local/lib/python3.7/site-packages/airflow/example_dags/example_python_operator.py for tasks to queue
[2024-05-09T16:43:49.864+0000] {logging_mixin.py:117} INFO - [2024-05-09T16:43:49.864+0000] {dagbag.py:525} INFO - Filling up the DagBag from /home/airflow/.local/lib/python3.7/site-packages/airflow/example_dags/example_python_operator.py
[2024-05-09T16:43:49.886+0000] {processor.py:768} INFO - DAG(s) dict_keys(['example_python_operator']) retrieved from /home/airflow/.local/lib/python3.7/site-packages/airflow/example_dags/example_python_operator.py
[2024-05-09T16:43:49.918+0000] {logging_mixin.py:117} INFO - [2024-05-09T16:43:49.918+0000] {dag.py:2573} INFO - Sync 1 DAGs
[2024-05-09T16:43:49.937+0000] {logging_mixin.py:117} INFO - [2024-05-09T16:43:49.937+0000] {dag.py:3328} INFO - Setting next_dagrun for example_python_operator to None, run_after=None
[2024-05-09T16:43:49.955+0000] {processor.py:178} INFO - Processing /home/airflow/.local/lib/python3.7/site-packages/airflow/example_dags/example_python_operator.py took 0.094 seconds
[2024-05-09T16:44:20.314+0000] {processor.py:156} INFO - Started process (PID=5990) to work on /home/airflow/.local/lib/python3.7/site-packages/airflow/example_dags/example_python_operator.py
[2024-05-09T16:44:20.315+0000] {processor.py:758} INFO - Processing file /home/airflow/.local/lib/python3.7/site-packages/airflow/example_dags/example_python_operator.py for tasks to queue
[2024-05-09T16:44:20.315+0000] {logging_mixin.py:117} INFO - [2024-05-09T16:44:20.315+0000] {dagbag.py:525} INFO - Filling up the DagBag from /home/airflow/.local/lib/python3.7/site-packages/airflow/example_dags/example_python_operator.py
[2024-05-09T16:44:20.338+0000] {processor.py:768} INFO - DAG(s) dict_keys(['example_python_operator']) retrieved from /home/airflow/.local/lib/python3.7/site-packages/airflow/example_dags/example_python_operator.py
[2024-05-09T16:44:20.369+0000] {logging_mixin.py:117} INFO - [2024-05-09T16:44:20.369+0000] {dag.py:2573} INFO - Sync 1 DAGs
[2024-05-09T16:44:20.389+0000] {logging_mixin.py:117} INFO - [2024-05-09T16:44:20.389+0000] {dag.py:3328} INFO - Setting next_dagrun for example_python_operator to None, run_after=None
[2024-05-09T16:44:20.409+0000] {processor.py:178} INFO - Processing /home/airflow/.local/lib/python3.7/site-packages/airflow/example_dags/example_python_operator.py took 0.097 seconds
[2024-05-09T16:44:50.520+0000] {processor.py:156} INFO - Started process (PID=6204) to work on /home/airflow/.local/lib/python3.7/site-packages/airflow/example_dags/example_python_operator.py
[2024-05-09T16:44:50.520+0000] {processor.py:758} INFO - Processing file /home/airflow/.local/lib/python3.7/site-packages/airflow/example_dags/example_python_operator.py for tasks to queue
[2024-05-09T16:44:50.521+0000] {logging_mixin.py:117} INFO - [2024-05-09T16:44:50.521+0000] {dagbag.py:525} INFO - Filling up the DagBag from /home/airflow/.local/lib/python3.7/site-packages/airflow/example_dags/example_python_operator.py
[2024-05-09T16:44:50.542+0000] {processor.py:768} INFO - DAG(s) dict_keys(['example_python_operator']) retrieved from /home/airflow/.local/lib/python3.7/site-packages/airflow/example_dags/example_python_operator.py
[2024-05-09T16:44:50.578+0000] {logging_mixin.py:117} INFO - [2024-05-09T16:44:50.578+0000] {dag.py:2573} INFO - Sync 1 DAGs
[2024-05-09T16:44:50.599+0000] {logging_mixin.py:117} INFO - [2024-05-09T16:44:50.598+0000] {dag.py:3328} INFO - Setting next_dagrun for example_python_operator to None, run_after=None
[2024-05-09T16:44:50.617+0000] {processor.py:178} INFO - Processing /home/airflow/.local/lib/python3.7/site-packages/airflow/example_dags/example_python_operator.py took 0.100 seconds
[2024-05-09T16:45:21.548+0000] {processor.py:156} INFO - Started process (PID=6415) to work on /home/airflow/.local/lib/python3.7/site-packages/airflow/example_dags/example_python_operator.py
[2024-05-09T16:45:21.549+0000] {processor.py:758} INFO - Processing file /home/airflow/.local/lib/python3.7/site-packages/airflow/example_dags/example_python_operator.py for tasks to queue
[2024-05-09T16:45:21.550+0000] {logging_mixin.py:117} INFO - [2024-05-09T16:45:21.550+0000] {dagbag.py:525} INFO - Filling up the DagBag from /home/airflow/.local/lib/python3.7/site-packages/airflow/example_dags/example_python_operator.py
[2024-05-09T16:45:21.582+0000] {processor.py:768} INFO - DAG(s) dict_keys(['example_python_operator']) retrieved from /home/airflow/.local/lib/python3.7/site-packages/airflow/example_dags/example_python_operator.py
[2024-05-09T16:45:21.631+0000] {logging_mixin.py:117} INFO - [2024-05-09T16:45:21.631+0000] {dag.py:2573} INFO - Sync 1 DAGs
[2024-05-09T16:45:21.662+0000] {logging_mixin.py:117} INFO - [2024-05-09T16:45:21.662+0000] {dag.py:3328} INFO - Setting next_dagrun for example_python_operator to None, run_after=None
[2024-05-09T16:45:21.687+0000] {processor.py:178} INFO - Processing /home/airflow/.local/lib/python3.7/site-packages/airflow/example_dags/example_python_operator.py took 0.142 seconds
[2024-05-09T16:45:51.970+0000] {processor.py:156} INFO - Started process (PID=6621) to work on /home/airflow/.local/lib/python3.7/site-packages/airflow/example_dags/example_python_operator.py
[2024-05-09T16:45:51.971+0000] {processor.py:758} INFO - Processing file /home/airflow/.local/lib/python3.7/site-packages/airflow/example_dags/example_python_operator.py for tasks to queue
[2024-05-09T16:45:51.971+0000] {logging_mixin.py:117} INFO - [2024-05-09T16:45:51.971+0000] {dagbag.py:525} INFO - Filling up the DagBag from /home/airflow/.local/lib/python3.7/site-packages/airflow/example_dags/example_python_operator.py
[2024-05-09T16:45:51.996+0000] {processor.py:768} INFO - DAG(s) dict_keys(['example_python_operator']) retrieved from /home/airflow/.local/lib/python3.7/site-packages/airflow/example_dags/example_python_operator.py
[2024-05-09T16:45:52.036+0000] {logging_mixin.py:117} INFO - [2024-05-09T16:45:52.036+0000] {dag.py:2573} INFO - Sync 1 DAGs
[2024-05-09T16:45:52.068+0000] {logging_mixin.py:117} INFO - [2024-05-09T16:45:52.068+0000] {dag.py:3328} INFO - Setting next_dagrun for example_python_operator to None, run_after=None
[2024-05-09T16:45:52.090+0000] {processor.py:178} INFO - Processing /home/airflow/.local/lib/python3.7/site-packages/airflow/example_dags/example_python_operator.py took 0.122 seconds
[2024-05-09T16:46:22.291+0000] {processor.py:156} INFO - Started process (PID=6836) to work on /home/airflow/.local/lib/python3.7/site-packages/airflow/example_dags/example_python_operator.py
[2024-05-09T16:46:22.292+0000] {processor.py:758} INFO - Processing file /home/airflow/.local/lib/python3.7/site-packages/airflow/example_dags/example_python_operator.py for tasks to queue
[2024-05-09T16:46:22.292+0000] {logging_mixin.py:117} INFO - [2024-05-09T16:46:22.292+0000] {dagbag.py:525} INFO - Filling up the DagBag from /home/airflow/.local/lib/python3.7/site-packages/airflow/example_dags/example_python_operator.py
[2024-05-09T16:46:22.315+0000] {processor.py:768} INFO - DAG(s) dict_keys(['example_python_operator']) retrieved from /home/airflow/.local/lib/python3.7/site-packages/airflow/example_dags/example_python_operator.py
[2024-05-09T16:46:22.347+0000] {logging_mixin.py:117} INFO - [2024-05-09T16:46:22.347+0000] {dag.py:2573} INFO - Sync 1 DAGs
[2024-05-09T16:46:22.366+0000] {logging_mixin.py:117} INFO - [2024-05-09T16:46:22.366+0000] {dag.py:3328} INFO - Setting next_dagrun for example_python_operator to None, run_after=None
[2024-05-09T16:46:22.386+0000] {processor.py:178} INFO - Processing /home/airflow/.local/lib/python3.7/site-packages/airflow/example_dags/example_python_operator.py took 0.097 seconds
[2024-05-09T16:46:53.585+0000] {processor.py:156} INFO - Started process (PID=7049) to work on /home/airflow/.local/lib/python3.7/site-packages/airflow/example_dags/example_python_operator.py
[2024-05-09T16:46:53.586+0000] {processor.py:758} INFO - Processing file /home/airflow/.local/lib/python3.7/site-packages/airflow/example_dags/example_python_operator.py for tasks to queue
[2024-05-09T16:46:53.586+0000] {logging_mixin.py:117} INFO - [2024-05-09T16:46:53.586+0000] {dagbag.py:525} INFO - Filling up the DagBag from /home/airflow/.local/lib/python3.7/site-packages/airflow/example_dags/example_python_operator.py
[2024-05-09T16:46:53.608+0000] {processor.py:768} INFO - DAG(s) dict_keys(['example_python_operator']) retrieved from /home/airflow/.local/lib/python3.7/site-packages/airflow/example_dags/example_python_operator.py
[2024-05-09T16:46:53.639+0000] {logging_mixin.py:117} INFO - [2024-05-09T16:46:53.639+0000] {dag.py:2573} INFO - Sync 1 DAGs
[2024-05-09T16:46:53.662+0000] {logging_mixin.py:117} INFO - [2024-05-09T16:46:53.662+0000] {dag.py:3328} INFO - Setting next_dagrun for example_python_operator to None, run_after=None
[2024-05-09T16:46:53.681+0000] {processor.py:178} INFO - Processing /home/airflow/.local/lib/python3.7/site-packages/airflow/example_dags/example_python_operator.py took 0.098 seconds
[2024-05-09T16:47:23.742+0000] {processor.py:156} INFO - Started process (PID=7254) to work on /home/airflow/.local/lib/python3.7/site-packages/airflow/example_dags/example_python_operator.py
[2024-05-09T16:47:23.743+0000] {processor.py:758} INFO - Processing file /home/airflow/.local/lib/python3.7/site-packages/airflow/example_dags/example_python_operator.py for tasks to queue
[2024-05-09T16:47:23.743+0000] {logging_mixin.py:117} INFO - [2024-05-09T16:47:23.743+0000] {dagbag.py:525} INFO - Filling up the DagBag from /home/airflow/.local/lib/python3.7/site-packages/airflow/example_dags/example_python_operator.py
[2024-05-09T16:47:23.764+0000] {processor.py:768} INFO - DAG(s) dict_keys(['example_python_operator']) retrieved from /home/airflow/.local/lib/python3.7/site-packages/airflow/example_dags/example_python_operator.py
[2024-05-09T16:47:23.797+0000] {logging_mixin.py:117} INFO - [2024-05-09T16:47:23.797+0000] {dag.py:2573} INFO - Sync 1 DAGs
[2024-05-09T16:47:23.816+0000] {logging_mixin.py:117} INFO - [2024-05-09T16:47:23.815+0000] {dag.py:3328} INFO - Setting next_dagrun for example_python_operator to None, run_after=None
[2024-05-09T16:47:23.834+0000] {processor.py:178} INFO - Processing /home/airflow/.local/lib/python3.7/site-packages/airflow/example_dags/example_python_operator.py took 0.094 seconds
[2024-05-09T16:47:54.056+0000] {processor.py:156} INFO - Started process (PID=7466) to work on /home/airflow/.local/lib/python3.7/site-packages/airflow/example_dags/example_python_operator.py
[2024-05-09T16:47:54.057+0000] {processor.py:758} INFO - Processing file /home/airflow/.local/lib/python3.7/site-packages/airflow/example_dags/example_python_operator.py for tasks to queue
[2024-05-09T16:47:54.058+0000] {logging_mixin.py:117} INFO - [2024-05-09T16:47:54.058+0000] {dagbag.py:525} INFO - Filling up the DagBag from /home/airflow/.local/lib/python3.7/site-packages/airflow/example_dags/example_python_operator.py
[2024-05-09T16:47:54.080+0000] {processor.py:768} INFO - DAG(s) dict_keys(['example_python_operator']) retrieved from /home/airflow/.local/lib/python3.7/site-packages/airflow/example_dags/example_python_operator.py
[2024-05-09T16:47:54.123+0000] {logging_mixin.py:117} INFO - [2024-05-09T16:47:54.123+0000] {dag.py:2573} INFO - Sync 1 DAGs
[2024-05-09T16:47:54.152+0000] {logging_mixin.py:117} INFO - [2024-05-09T16:47:54.152+0000] {dag.py:3328} INFO - Setting next_dagrun for example_python_operator to None, run_after=None
[2024-05-09T16:47:54.177+0000] {processor.py:178} INFO - Processing /home/airflow/.local/lib/python3.7/site-packages/airflow/example_dags/example_python_operator.py took 0.123 seconds
[2024-05-09T16:48:25.088+0000] {processor.py:156} INFO - Started process (PID=7680) to work on /home/airflow/.local/lib/python3.7/site-packages/airflow/example_dags/example_python_operator.py
[2024-05-09T16:48:25.089+0000] {processor.py:758} INFO - Processing file /home/airflow/.local/lib/python3.7/site-packages/airflow/example_dags/example_python_operator.py for tasks to queue
[2024-05-09T16:48:25.090+0000] {logging_mixin.py:117} INFO - [2024-05-09T16:48:25.089+0000] {dagbag.py:525} INFO - Filling up the DagBag from /home/airflow/.local/lib/python3.7/site-packages/airflow/example_dags/example_python_operator.py
[2024-05-09T16:48:25.112+0000] {processor.py:768} INFO - DAG(s) dict_keys(['example_python_operator']) retrieved from /home/airflow/.local/lib/python3.7/site-packages/airflow/example_dags/example_python_operator.py
[2024-05-09T16:48:25.150+0000] {logging_mixin.py:117} INFO - [2024-05-09T16:48:25.150+0000] {dag.py:2573} INFO - Sync 1 DAGs
[2024-05-09T16:48:25.184+0000] {logging_mixin.py:117} INFO - [2024-05-09T16:48:25.184+0000] {dag.py:3328} INFO - Setting next_dagrun for example_python_operator to None, run_after=None
[2024-05-09T16:48:25.208+0000] {processor.py:178} INFO - Processing /home/airflow/.local/lib/python3.7/site-packages/airflow/example_dags/example_python_operator.py took 0.123 seconds
