[2024-05-09T15:15:20.045+0000] {processor.py:156} INFO - Started process (PID=336) to work on /home/airflow/.local/lib/python3.7/site-packages/airflow/example_dags/example_branch_operator.py
[2024-05-09T15:15:20.046+0000] {processor.py:758} INFO - Processing file /home/airflow/.local/lib/python3.7/site-packages/airflow/example_dags/example_branch_operator.py for tasks to queue
[2024-05-09T15:15:20.047+0000] {logging_mixin.py:117} INFO - [2024-05-09T15:15:20.047+0000] {dagbag.py:525} INFO - Filling up the DagBag from /home/airflow/.local/lib/python3.7/site-packages/airflow/example_dags/example_branch_operator.py
[2024-05-09T15:15:20.071+0000] {processor.py:768} INFO - DAG(s) dict_keys(['example_branch_operator']) retrieved from /home/airflow/.local/lib/python3.7/site-packages/airflow/example_dags/example_branch_operator.py
[2024-05-09T15:15:20.471+0000] {logging_mixin.py:117} INFO - [2024-05-09T15:15:20.471+0000] {manager.py:507} INFO - Created Permission View: can delete on DAG:example_branch_operator
[2024-05-09T15:15:20.507+0000] {logging_mixin.py:117} INFO - [2024-05-09T15:15:20.507+0000] {manager.py:507} INFO - Created Permission View: can read on DAG:example_branch_operator
[2024-05-09T15:15:20.522+0000] {logging_mixin.py:117} INFO - [2024-05-09T15:15:20.522+0000] {manager.py:507} INFO - Created Permission View: can edit on DAG:example_branch_operator
[2024-05-09T15:15:20.523+0000] {logging_mixin.py:117} INFO - [2024-05-09T15:15:20.522+0000] {dag.py:2573} INFO - Sync 1 DAGs
[2024-05-09T15:15:20.550+0000] {logging_mixin.py:117} INFO - [2024-05-09T15:15:20.550+0000] {dag.py:2594} INFO - Creating ORM DAG for example_branch_operator
[2024-05-09T15:15:20.572+0000] {logging_mixin.py:117} INFO - [2024-05-09T15:15:20.571+0000] {dag.py:3328} INFO - Setting next_dagrun for example_branch_operator to 2024-05-08T00:00:00+00:00, run_after=2024-05-09T00:00:00+00:00
[2024-05-09T15:15:20.610+0000] {processor.py:178} INFO - Processing /home/airflow/.local/lib/python3.7/site-packages/airflow/example_dags/example_branch_operator.py took 0.568 seconds
[2024-05-09T15:15:51.186+0000] {processor.py:156} INFO - Started process (PID=550) to work on /home/airflow/.local/lib/python3.7/site-packages/airflow/example_dags/example_branch_operator.py
[2024-05-09T15:15:51.187+0000] {processor.py:758} INFO - Processing file /home/airflow/.local/lib/python3.7/site-packages/airflow/example_dags/example_branch_operator.py for tasks to queue
[2024-05-09T15:15:51.187+0000] {logging_mixin.py:117} INFO - [2024-05-09T15:15:51.187+0000] {dagbag.py:525} INFO - Filling up the DagBag from /home/airflow/.local/lib/python3.7/site-packages/airflow/example_dags/example_branch_operator.py
[2024-05-09T15:15:51.210+0000] {processor.py:768} INFO - DAG(s) dict_keys(['example_branch_operator']) retrieved from /home/airflow/.local/lib/python3.7/site-packages/airflow/example_dags/example_branch_operator.py
[2024-05-09T15:15:51.246+0000] {logging_mixin.py:117} INFO - [2024-05-09T15:15:51.246+0000] {dag.py:2573} INFO - Sync 1 DAGs
[2024-05-09T15:15:51.269+0000] {logging_mixin.py:117} INFO - [2024-05-09T15:15:51.269+0000] {dag.py:3328} INFO - Setting next_dagrun for example_branch_operator to 2024-05-08T00:00:00+00:00, run_after=2024-05-09T00:00:00+00:00
[2024-05-09T15:15:51.390+0000] {processor.py:178} INFO - Processing /home/airflow/.local/lib/python3.7/site-packages/airflow/example_dags/example_branch_operator.py took 0.207 seconds
[2024-05-09T15:16:21.701+0000] {processor.py:156} INFO - Started process (PID=764) to work on /home/airflow/.local/lib/python3.7/site-packages/airflow/example_dags/example_branch_operator.py
[2024-05-09T15:16:21.701+0000] {processor.py:758} INFO - Processing file /home/airflow/.local/lib/python3.7/site-packages/airflow/example_dags/example_branch_operator.py for tasks to queue
[2024-05-09T15:16:21.702+0000] {logging_mixin.py:117} INFO - [2024-05-09T15:16:21.702+0000] {dagbag.py:525} INFO - Filling up the DagBag from /home/airflow/.local/lib/python3.7/site-packages/airflow/example_dags/example_branch_operator.py
[2024-05-09T15:16:21.721+0000] {processor.py:768} INFO - DAG(s) dict_keys(['example_branch_operator']) retrieved from /home/airflow/.local/lib/python3.7/site-packages/airflow/example_dags/example_branch_operator.py
[2024-05-09T15:16:21.761+0000] {logging_mixin.py:117} INFO - [2024-05-09T15:16:21.761+0000] {dag.py:2573} INFO - Sync 1 DAGs
[2024-05-09T15:16:21.895+0000] {logging_mixin.py:117} INFO - [2024-05-09T15:16:21.895+0000] {dag.py:3328} INFO - Setting next_dagrun for example_branch_operator to 2024-05-08T00:00:00+00:00, run_after=2024-05-09T00:00:00+00:00
[2024-05-09T15:16:21.920+0000] {processor.py:178} INFO - Processing /home/airflow/.local/lib/python3.7/site-packages/airflow/example_dags/example_branch_operator.py took 0.222 seconds
[2024-05-09T15:16:52.517+0000] {processor.py:156} INFO - Started process (PID=978) to work on /home/airflow/.local/lib/python3.7/site-packages/airflow/example_dags/example_branch_operator.py
[2024-05-09T15:16:52.518+0000] {processor.py:758} INFO - Processing file /home/airflow/.local/lib/python3.7/site-packages/airflow/example_dags/example_branch_operator.py for tasks to queue
[2024-05-09T15:16:52.518+0000] {logging_mixin.py:117} INFO - [2024-05-09T15:16:52.518+0000] {dagbag.py:525} INFO - Filling up the DagBag from /home/airflow/.local/lib/python3.7/site-packages/airflow/example_dags/example_branch_operator.py
[2024-05-09T15:16:52.537+0000] {processor.py:768} INFO - DAG(s) dict_keys(['example_branch_operator']) retrieved from /home/airflow/.local/lib/python3.7/site-packages/airflow/example_dags/example_branch_operator.py
[2024-05-09T15:16:52.685+0000] {logging_mixin.py:117} INFO - [2024-05-09T15:16:52.684+0000] {dag.py:2573} INFO - Sync 1 DAGs
[2024-05-09T15:16:52.707+0000] {logging_mixin.py:117} INFO - [2024-05-09T15:16:52.707+0000] {dag.py:3328} INFO - Setting next_dagrun for example_branch_operator to 2024-05-08T00:00:00+00:00, run_after=2024-05-09T00:00:00+00:00
[2024-05-09T15:16:52.731+0000] {processor.py:178} INFO - Processing /home/airflow/.local/lib/python3.7/site-packages/airflow/example_dags/example_branch_operator.py took 0.218 seconds
[2024-05-09T15:17:23.088+0000] {processor.py:156} INFO - Started process (PID=1182) to work on /home/airflow/.local/lib/python3.7/site-packages/airflow/example_dags/example_branch_operator.py
[2024-05-09T15:17:23.088+0000] {processor.py:758} INFO - Processing file /home/airflow/.local/lib/python3.7/site-packages/airflow/example_dags/example_branch_operator.py for tasks to queue
[2024-05-09T15:17:23.089+0000] {logging_mixin.py:117} INFO - [2024-05-09T15:17:23.089+0000] {dagbag.py:525} INFO - Filling up the DagBag from /home/airflow/.local/lib/python3.7/site-packages/airflow/example_dags/example_branch_operator.py
[2024-05-09T15:17:23.103+0000] {processor.py:768} INFO - DAG(s) dict_keys(['example_branch_operator']) retrieved from /home/airflow/.local/lib/python3.7/site-packages/airflow/example_dags/example_branch_operator.py
[2024-05-09T15:17:23.248+0000] {logging_mixin.py:117} INFO - [2024-05-09T15:17:23.248+0000] {dag.py:2573} INFO - Sync 1 DAGs
[2024-05-09T15:17:23.276+0000] {logging_mixin.py:117} INFO - [2024-05-09T15:17:23.276+0000] {dag.py:3328} INFO - Setting next_dagrun for example_branch_operator to 2024-05-08T00:00:00+00:00, run_after=2024-05-09T00:00:00+00:00
[2024-05-09T15:17:23.297+0000] {processor.py:178} INFO - Processing /home/airflow/.local/lib/python3.7/site-packages/airflow/example_dags/example_branch_operator.py took 0.212 seconds
[2024-05-09T15:17:53.701+0000] {processor.py:156} INFO - Started process (PID=1395) to work on /home/airflow/.local/lib/python3.7/site-packages/airflow/example_dags/example_branch_operator.py
[2024-05-09T15:17:53.702+0000] {processor.py:758} INFO - Processing file /home/airflow/.local/lib/python3.7/site-packages/airflow/example_dags/example_branch_operator.py for tasks to queue
[2024-05-09T15:17:53.702+0000] {logging_mixin.py:117} INFO - [2024-05-09T15:17:53.702+0000] {dagbag.py:525} INFO - Filling up the DagBag from /home/airflow/.local/lib/python3.7/site-packages/airflow/example_dags/example_branch_operator.py
[2024-05-09T15:17:53.827+0000] {processor.py:768} INFO - DAG(s) dict_keys(['example_branch_operator']) retrieved from /home/airflow/.local/lib/python3.7/site-packages/airflow/example_dags/example_branch_operator.py
[2024-05-09T15:17:53.854+0000] {logging_mixin.py:117} INFO - [2024-05-09T15:17:53.854+0000] {dag.py:2573} INFO - Sync 1 DAGs
[2024-05-09T15:17:53.874+0000] {logging_mixin.py:117} INFO - [2024-05-09T15:17:53.874+0000] {dag.py:3328} INFO - Setting next_dagrun for example_branch_operator to 2024-05-08T00:00:00+00:00, run_after=2024-05-09T00:00:00+00:00
[2024-05-09T15:17:53.893+0000] {processor.py:178} INFO - Processing /home/airflow/.local/lib/python3.7/site-packages/airflow/example_dags/example_branch_operator.py took 0.194 seconds
[2024-05-09T15:18:24.019+0000] {processor.py:156} INFO - Started process (PID=1607) to work on /home/airflow/.local/lib/python3.7/site-packages/airflow/example_dags/example_branch_operator.py
[2024-05-09T15:18:24.020+0000] {processor.py:758} INFO - Processing file /home/airflow/.local/lib/python3.7/site-packages/airflow/example_dags/example_branch_operator.py for tasks to queue
[2024-05-09T15:18:24.020+0000] {logging_mixin.py:117} INFO - [2024-05-09T15:18:24.020+0000] {dagbag.py:525} INFO - Filling up the DagBag from /home/airflow/.local/lib/python3.7/site-packages/airflow/example_dags/example_branch_operator.py
[2024-05-09T15:18:24.035+0000] {processor.py:768} INFO - DAG(s) dict_keys(['example_branch_operator']) retrieved from /home/airflow/.local/lib/python3.7/site-packages/airflow/example_dags/example_branch_operator.py
[2024-05-09T15:18:24.072+0000] {logging_mixin.py:117} INFO - [2024-05-09T15:18:24.072+0000] {dag.py:2573} INFO - Sync 1 DAGs
[2024-05-09T15:18:24.095+0000] {logging_mixin.py:117} INFO - [2024-05-09T15:18:24.095+0000] {dag.py:3328} INFO - Setting next_dagrun for example_branch_operator to 2024-05-08T00:00:00+00:00, run_after=2024-05-09T00:00:00+00:00
[2024-05-09T15:18:24.120+0000] {processor.py:178} INFO - Processing /home/airflow/.local/lib/python3.7/site-packages/airflow/example_dags/example_branch_operator.py took 0.103 seconds
[2024-05-09T15:18:54.902+0000] {processor.py:156} INFO - Started process (PID=1814) to work on /home/airflow/.local/lib/python3.7/site-packages/airflow/example_dags/example_branch_operator.py
[2024-05-09T15:18:54.903+0000] {processor.py:758} INFO - Processing file /home/airflow/.local/lib/python3.7/site-packages/airflow/example_dags/example_branch_operator.py for tasks to queue
[2024-05-09T15:18:54.904+0000] {logging_mixin.py:117} INFO - [2024-05-09T15:18:54.904+0000] {dagbag.py:525} INFO - Filling up the DagBag from /home/airflow/.local/lib/python3.7/site-packages/airflow/example_dags/example_branch_operator.py
[2024-05-09T15:18:54.924+0000] {processor.py:768} INFO - DAG(s) dict_keys(['example_branch_operator']) retrieved from /home/airflow/.local/lib/python3.7/site-packages/airflow/example_dags/example_branch_operator.py
[2024-05-09T15:18:54.964+0000] {logging_mixin.py:117} INFO - [2024-05-09T15:18:54.964+0000] {dag.py:2573} INFO - Sync 1 DAGs
[2024-05-09T15:18:54.985+0000] {logging_mixin.py:117} INFO - [2024-05-09T15:18:54.985+0000] {dag.py:3328} INFO - Setting next_dagrun for example_branch_operator to 2024-05-08T00:00:00+00:00, run_after=2024-05-09T00:00:00+00:00
[2024-05-09T15:18:55.004+0000] {processor.py:178} INFO - Processing /home/airflow/.local/lib/python3.7/site-packages/airflow/example_dags/example_branch_operator.py took 0.104 seconds
[2024-05-09T15:19:25.704+0000] {processor.py:156} INFO - Started process (PID=2028) to work on /home/airflow/.local/lib/python3.7/site-packages/airflow/example_dags/example_branch_operator.py
[2024-05-09T15:19:25.705+0000] {processor.py:758} INFO - Processing file /home/airflow/.local/lib/python3.7/site-packages/airflow/example_dags/example_branch_operator.py for tasks to queue
[2024-05-09T15:19:25.705+0000] {logging_mixin.py:117} INFO - [2024-05-09T15:19:25.705+0000] {dagbag.py:525} INFO - Filling up the DagBag from /home/airflow/.local/lib/python3.7/site-packages/airflow/example_dags/example_branch_operator.py
[2024-05-09T15:19:25.720+0000] {processor.py:768} INFO - DAG(s) dict_keys(['example_branch_operator']) retrieved from /home/airflow/.local/lib/python3.7/site-packages/airflow/example_dags/example_branch_operator.py
[2024-05-09T15:19:25.759+0000] {logging_mixin.py:117} INFO - [2024-05-09T15:19:25.759+0000] {dag.py:2573} INFO - Sync 1 DAGs
[2024-05-09T15:19:25.787+0000] {logging_mixin.py:117} INFO - [2024-05-09T15:19:25.787+0000] {dag.py:3328} INFO - Setting next_dagrun for example_branch_operator to 2024-05-08T00:00:00+00:00, run_after=2024-05-09T00:00:00+00:00
[2024-05-09T15:19:25.809+0000] {processor.py:178} INFO - Processing /home/airflow/.local/lib/python3.7/site-packages/airflow/example_dags/example_branch_operator.py took 0.108 seconds
[2024-05-09T15:19:56.510+0000] {processor.py:156} INFO - Started process (PID=2242) to work on /home/airflow/.local/lib/python3.7/site-packages/airflow/example_dags/example_branch_operator.py
[2024-05-09T15:19:56.510+0000] {processor.py:758} INFO - Processing file /home/airflow/.local/lib/python3.7/site-packages/airflow/example_dags/example_branch_operator.py for tasks to queue
[2024-05-09T15:19:56.511+0000] {logging_mixin.py:117} INFO - [2024-05-09T15:19:56.511+0000] {dagbag.py:525} INFO - Filling up the DagBag from /home/airflow/.local/lib/python3.7/site-packages/airflow/example_dags/example_branch_operator.py
[2024-05-09T15:19:56.532+0000] {processor.py:768} INFO - DAG(s) dict_keys(['example_branch_operator']) retrieved from /home/airflow/.local/lib/python3.7/site-packages/airflow/example_dags/example_branch_operator.py
[2024-05-09T15:19:56.567+0000] {logging_mixin.py:117} INFO - [2024-05-09T15:19:56.567+0000] {dag.py:2573} INFO - Sync 1 DAGs
[2024-05-09T15:19:56.590+0000] {logging_mixin.py:117} INFO - [2024-05-09T15:19:56.590+0000] {dag.py:3328} INFO - Setting next_dagrun for example_branch_operator to 2024-05-08T00:00:00+00:00, run_after=2024-05-09T00:00:00+00:00
[2024-05-09T15:19:56.613+0000] {processor.py:178} INFO - Processing /home/airflow/.local/lib/python3.7/site-packages/airflow/example_dags/example_branch_operator.py took 0.105 seconds
[2024-05-09T15:20:27.489+0000] {processor.py:156} INFO - Started process (PID=2455) to work on /home/airflow/.local/lib/python3.7/site-packages/airflow/example_dags/example_branch_operator.py
[2024-05-09T15:20:27.489+0000] {processor.py:758} INFO - Processing file /home/airflow/.local/lib/python3.7/site-packages/airflow/example_dags/example_branch_operator.py for tasks to queue
[2024-05-09T15:20:27.490+0000] {logging_mixin.py:117} INFO - [2024-05-09T15:20:27.490+0000] {dagbag.py:525} INFO - Filling up the DagBag from /home/airflow/.local/lib/python3.7/site-packages/airflow/example_dags/example_branch_operator.py
[2024-05-09T15:20:27.507+0000] {processor.py:768} INFO - DAG(s) dict_keys(['example_branch_operator']) retrieved from /home/airflow/.local/lib/python3.7/site-packages/airflow/example_dags/example_branch_operator.py
[2024-05-09T15:20:27.548+0000] {logging_mixin.py:117} INFO - [2024-05-09T15:20:27.548+0000] {dag.py:2573} INFO - Sync 1 DAGs
[2024-05-09T15:20:27.570+0000] {logging_mixin.py:117} INFO - [2024-05-09T15:20:27.570+0000] {dag.py:3328} INFO - Setting next_dagrun for example_branch_operator to 2024-05-08T00:00:00+00:00, run_after=2024-05-09T00:00:00+00:00
[2024-05-09T15:20:27.591+0000] {processor.py:178} INFO - Processing /home/airflow/.local/lib/python3.7/site-packages/airflow/example_dags/example_branch_operator.py took 0.105 seconds
[2024-05-09T15:20:58.142+0000] {processor.py:156} INFO - Started process (PID=2659) to work on /home/airflow/.local/lib/python3.7/site-packages/airflow/example_dags/example_branch_operator.py
[2024-05-09T15:20:58.142+0000] {processor.py:758} INFO - Processing file /home/airflow/.local/lib/python3.7/site-packages/airflow/example_dags/example_branch_operator.py for tasks to queue
[2024-05-09T15:20:58.143+0000] {logging_mixin.py:117} INFO - [2024-05-09T15:20:58.143+0000] {dagbag.py:525} INFO - Filling up the DagBag from /home/airflow/.local/lib/python3.7/site-packages/airflow/example_dags/example_branch_operator.py
[2024-05-09T15:20:58.159+0000] {processor.py:768} INFO - DAG(s) dict_keys(['example_branch_operator']) retrieved from /home/airflow/.local/lib/python3.7/site-packages/airflow/example_dags/example_branch_operator.py
[2024-05-09T15:20:58.205+0000] {logging_mixin.py:117} INFO - [2024-05-09T15:20:58.205+0000] {dag.py:2573} INFO - Sync 1 DAGs
[2024-05-09T15:20:58.231+0000] {logging_mixin.py:117} INFO - [2024-05-09T15:20:58.231+0000] {dag.py:3328} INFO - Setting next_dagrun for example_branch_operator to 2024-05-08T00:00:00+00:00, run_after=2024-05-09T00:00:00+00:00
[2024-05-09T15:20:58.263+0000] {processor.py:178} INFO - Processing /home/airflow/.local/lib/python3.7/site-packages/airflow/example_dags/example_branch_operator.py took 0.123 seconds
[2024-05-09T16:29:54.558+0000] {processor.py:156} INFO - Started process (PID=335) to work on /home/airflow/.local/lib/python3.7/site-packages/airflow/example_dags/example_branch_operator.py
[2024-05-09T16:29:54.558+0000] {processor.py:758} INFO - Processing file /home/airflow/.local/lib/python3.7/site-packages/airflow/example_dags/example_branch_operator.py for tasks to queue
[2024-05-09T16:29:54.559+0000] {logging_mixin.py:117} INFO - [2024-05-09T16:29:54.559+0000] {dagbag.py:525} INFO - Filling up the DagBag from /home/airflow/.local/lib/python3.7/site-packages/airflow/example_dags/example_branch_operator.py
[2024-05-09T16:29:54.582+0000] {processor.py:768} INFO - DAG(s) dict_keys(['example_branch_operator']) retrieved from /home/airflow/.local/lib/python3.7/site-packages/airflow/example_dags/example_branch_operator.py
[2024-05-09T16:29:54.632+0000] {logging_mixin.py:117} INFO - [2024-05-09T16:29:54.632+0000] {dag.py:2573} INFO - Sync 1 DAGs
[2024-05-09T16:29:54.655+0000] {logging_mixin.py:117} INFO - [2024-05-09T16:29:54.654+0000] {dag.py:3328} INFO - Setting next_dagrun for example_branch_operator to 2024-05-08T00:00:00+00:00, run_after=2024-05-09T00:00:00+00:00
[2024-05-09T16:29:54.674+0000] {processor.py:178} INFO - Processing /home/airflow/.local/lib/python3.7/site-packages/airflow/example_dags/example_branch_operator.py took 0.120 seconds
[2024-05-09T16:30:28.594+0000] {processor.py:156} INFO - Started process (PID=325) to work on /home/airflow/.local/lib/python3.7/site-packages/airflow/example_dags/example_branch_operator.py
[2024-05-09T16:30:28.595+0000] {processor.py:758} INFO - Processing file /home/airflow/.local/lib/python3.7/site-packages/airflow/example_dags/example_branch_operator.py for tasks to queue
[2024-05-09T16:30:28.596+0000] {logging_mixin.py:117} INFO - [2024-05-09T16:30:28.596+0000] {dagbag.py:525} INFO - Filling up the DagBag from /home/airflow/.local/lib/python3.7/site-packages/airflow/example_dags/example_branch_operator.py
[2024-05-09T16:30:28.623+0000] {processor.py:768} INFO - DAG(s) dict_keys(['example_branch_operator']) retrieved from /home/airflow/.local/lib/python3.7/site-packages/airflow/example_dags/example_branch_operator.py
[2024-05-09T16:30:28.681+0000] {logging_mixin.py:117} INFO - [2024-05-09T16:30:28.681+0000] {dag.py:2573} INFO - Sync 1 DAGs
[2024-05-09T16:30:28.714+0000] {logging_mixin.py:117} INFO - [2024-05-09T16:30:28.714+0000] {dag.py:3328} INFO - Setting next_dagrun for example_branch_operator to 2024-05-08T00:00:00+00:00, run_after=2024-05-09T00:00:00+00:00
[2024-05-09T16:30:28.750+0000] {processor.py:178} INFO - Processing /home/airflow/.local/lib/python3.7/site-packages/airflow/example_dags/example_branch_operator.py took 0.159 seconds
[2024-05-09T16:30:58.929+0000] {processor.py:156} INFO - Started process (PID=533) to work on /home/airflow/.local/lib/python3.7/site-packages/airflow/example_dags/example_branch_operator.py
[2024-05-09T16:30:58.930+0000] {processor.py:758} INFO - Processing file /home/airflow/.local/lib/python3.7/site-packages/airflow/example_dags/example_branch_operator.py for tasks to queue
[2024-05-09T16:30:58.930+0000] {logging_mixin.py:117} INFO - [2024-05-09T16:30:58.930+0000] {dagbag.py:525} INFO - Filling up the DagBag from /home/airflow/.local/lib/python3.7/site-packages/airflow/example_dags/example_branch_operator.py
[2024-05-09T16:30:58.945+0000] {processor.py:768} INFO - DAG(s) dict_keys(['example_branch_operator']) retrieved from /home/airflow/.local/lib/python3.7/site-packages/airflow/example_dags/example_branch_operator.py
[2024-05-09T16:30:58.984+0000] {logging_mixin.py:117} INFO - [2024-05-09T16:30:58.984+0000] {dag.py:2573} INFO - Sync 1 DAGs
[2024-05-09T16:30:59.008+0000] {logging_mixin.py:117} INFO - [2024-05-09T16:30:59.008+0000] {dag.py:3328} INFO - Setting next_dagrun for example_branch_operator to 2024-05-08T00:00:00+00:00, run_after=2024-05-09T00:00:00+00:00
[2024-05-09T16:30:59.027+0000] {processor.py:178} INFO - Processing /home/airflow/.local/lib/python3.7/site-packages/airflow/example_dags/example_branch_operator.py took 0.102 seconds
[2024-05-09T16:31:30.401+0000] {processor.py:156} INFO - Started process (PID=752) to work on /home/airflow/.local/lib/python3.7/site-packages/airflow/example_dags/example_branch_operator.py
[2024-05-09T16:31:30.402+0000] {processor.py:758} INFO - Processing file /home/airflow/.local/lib/python3.7/site-packages/airflow/example_dags/example_branch_operator.py for tasks to queue
[2024-05-09T16:31:30.403+0000] {logging_mixin.py:117} INFO - [2024-05-09T16:31:30.403+0000] {dagbag.py:525} INFO - Filling up the DagBag from /home/airflow/.local/lib/python3.7/site-packages/airflow/example_dags/example_branch_operator.py
[2024-05-09T16:31:30.424+0000] {processor.py:768} INFO - DAG(s) dict_keys(['example_branch_operator']) retrieved from /home/airflow/.local/lib/python3.7/site-packages/airflow/example_dags/example_branch_operator.py
[2024-05-09T16:31:30.464+0000] {logging_mixin.py:117} INFO - [2024-05-09T16:31:30.464+0000] {dag.py:2573} INFO - Sync 1 DAGs
[2024-05-09T16:31:30.484+0000] {logging_mixin.py:117} INFO - [2024-05-09T16:31:30.484+0000] {dag.py:3328} INFO - Setting next_dagrun for example_branch_operator to 2024-05-08T00:00:00+00:00, run_after=2024-05-09T00:00:00+00:00
[2024-05-09T16:31:30.504+0000] {processor.py:178} INFO - Processing /home/airflow/.local/lib/python3.7/site-packages/airflow/example_dags/example_branch_operator.py took 0.107 seconds
[2024-05-09T16:32:01.512+0000] {processor.py:156} INFO - Started process (PID=966) to work on /home/airflow/.local/lib/python3.7/site-packages/airflow/example_dags/example_branch_operator.py
[2024-05-09T16:32:01.512+0000] {processor.py:758} INFO - Processing file /home/airflow/.local/lib/python3.7/site-packages/airflow/example_dags/example_branch_operator.py for tasks to queue
[2024-05-09T16:32:01.513+0000] {logging_mixin.py:117} INFO - [2024-05-09T16:32:01.513+0000] {dagbag.py:525} INFO - Filling up the DagBag from /home/airflow/.local/lib/python3.7/site-packages/airflow/example_dags/example_branch_operator.py
[2024-05-09T16:32:01.536+0000] {processor.py:768} INFO - DAG(s) dict_keys(['example_branch_operator']) retrieved from /home/airflow/.local/lib/python3.7/site-packages/airflow/example_dags/example_branch_operator.py
[2024-05-09T16:32:01.586+0000] {logging_mixin.py:117} INFO - [2024-05-09T16:32:01.586+0000] {dag.py:2573} INFO - Sync 1 DAGs
[2024-05-09T16:32:01.634+0000] {logging_mixin.py:117} INFO - [2024-05-09T16:32:01.634+0000] {dag.py:3328} INFO - Setting next_dagrun for example_branch_operator to 2024-05-08T00:00:00+00:00, run_after=2024-05-09T00:00:00+00:00
[2024-05-09T16:32:01.676+0000] {processor.py:178} INFO - Processing /home/airflow/.local/lib/python3.7/site-packages/airflow/example_dags/example_branch_operator.py took 0.168 seconds
[2024-05-09T16:32:32.999+0000] {processor.py:156} INFO - Started process (PID=1170) to work on /home/airflow/.local/lib/python3.7/site-packages/airflow/example_dags/example_branch_operator.py
[2024-05-09T16:32:33.000+0000] {processor.py:758} INFO - Processing file /home/airflow/.local/lib/python3.7/site-packages/airflow/example_dags/example_branch_operator.py for tasks to queue
[2024-05-09T16:32:33.001+0000] {logging_mixin.py:117} INFO - [2024-05-09T16:32:33.000+0000] {dagbag.py:525} INFO - Filling up the DagBag from /home/airflow/.local/lib/python3.7/site-packages/airflow/example_dags/example_branch_operator.py
[2024-05-09T16:32:33.021+0000] {processor.py:768} INFO - DAG(s) dict_keys(['example_branch_operator']) retrieved from /home/airflow/.local/lib/python3.7/site-packages/airflow/example_dags/example_branch_operator.py
[2024-05-09T16:32:33.065+0000] {logging_mixin.py:117} INFO - [2024-05-09T16:32:33.065+0000] {dag.py:2573} INFO - Sync 1 DAGs
[2024-05-09T16:32:33.094+0000] {logging_mixin.py:117} INFO - [2024-05-09T16:32:33.093+0000] {dag.py:3328} INFO - Setting next_dagrun for example_branch_operator to 2024-05-08T00:00:00+00:00, run_after=2024-05-09T00:00:00+00:00
[2024-05-09T16:32:33.227+0000] {processor.py:178} INFO - Processing /home/airflow/.local/lib/python3.7/site-packages/airflow/example_dags/example_branch_operator.py took 0.231 seconds
[2024-05-09T16:33:04.018+0000] {processor.py:156} INFO - Started process (PID=1383) to work on /home/airflow/.local/lib/python3.7/site-packages/airflow/example_dags/example_branch_operator.py
[2024-05-09T16:33:04.019+0000] {processor.py:758} INFO - Processing file /home/airflow/.local/lib/python3.7/site-packages/airflow/example_dags/example_branch_operator.py for tasks to queue
[2024-05-09T16:33:04.019+0000] {logging_mixin.py:117} INFO - [2024-05-09T16:33:04.019+0000] {dagbag.py:525} INFO - Filling up the DagBag from /home/airflow/.local/lib/python3.7/site-packages/airflow/example_dags/example_branch_operator.py
[2024-05-09T16:33:04.041+0000] {processor.py:768} INFO - DAG(s) dict_keys(['example_branch_operator']) retrieved from /home/airflow/.local/lib/python3.7/site-packages/airflow/example_dags/example_branch_operator.py
[2024-05-09T16:33:04.080+0000] {logging_mixin.py:117} INFO - [2024-05-09T16:33:04.080+0000] {dag.py:2573} INFO - Sync 1 DAGs
[2024-05-09T16:33:04.210+0000] {logging_mixin.py:117} INFO - [2024-05-09T16:33:04.210+0000] {dag.py:3328} INFO - Setting next_dagrun for example_branch_operator to 2024-05-08T00:00:00+00:00, run_after=2024-05-09T00:00:00+00:00
[2024-05-09T16:33:04.229+0000] {processor.py:178} INFO - Processing /home/airflow/.local/lib/python3.7/site-packages/airflow/example_dags/example_branch_operator.py took 0.215 seconds
[2024-05-09T16:33:35.536+0000] {processor.py:156} INFO - Started process (PID=1596) to work on /home/airflow/.local/lib/python3.7/site-packages/airflow/example_dags/example_branch_operator.py
[2024-05-09T16:33:35.537+0000] {processor.py:758} INFO - Processing file /home/airflow/.local/lib/python3.7/site-packages/airflow/example_dags/example_branch_operator.py for tasks to queue
[2024-05-09T16:33:35.538+0000] {logging_mixin.py:117} INFO - [2024-05-09T16:33:35.538+0000] {dagbag.py:525} INFO - Filling up the DagBag from /home/airflow/.local/lib/python3.7/site-packages/airflow/example_dags/example_branch_operator.py
[2024-05-09T16:33:35.558+0000] {processor.py:768} INFO - DAG(s) dict_keys(['example_branch_operator']) retrieved from /home/airflow/.local/lib/python3.7/site-packages/airflow/example_dags/example_branch_operator.py
[2024-05-09T16:33:35.602+0000] {logging_mixin.py:117} INFO - [2024-05-09T16:33:35.601+0000] {dag.py:2573} INFO - Sync 1 DAGs
[2024-05-09T16:33:35.751+0000] {logging_mixin.py:117} INFO - [2024-05-09T16:33:35.751+0000] {dag.py:3328} INFO - Setting next_dagrun for example_branch_operator to 2024-05-08T00:00:00+00:00, run_after=2024-05-09T00:00:00+00:00
[2024-05-09T16:33:35.775+0000] {processor.py:178} INFO - Processing /home/airflow/.local/lib/python3.7/site-packages/airflow/example_dags/example_branch_operator.py took 0.242 seconds
[2024-05-09T16:34:06.664+0000] {processor.py:156} INFO - Started process (PID=1810) to work on /home/airflow/.local/lib/python3.7/site-packages/airflow/example_dags/example_branch_operator.py
[2024-05-09T16:34:06.665+0000] {processor.py:758} INFO - Processing file /home/airflow/.local/lib/python3.7/site-packages/airflow/example_dags/example_branch_operator.py for tasks to queue
[2024-05-09T16:34:06.665+0000] {logging_mixin.py:117} INFO - [2024-05-09T16:34:06.665+0000] {dagbag.py:525} INFO - Filling up the DagBag from /home/airflow/.local/lib/python3.7/site-packages/airflow/example_dags/example_branch_operator.py
[2024-05-09T16:34:06.687+0000] {processor.py:768} INFO - DAG(s) dict_keys(['example_branch_operator']) retrieved from /home/airflow/.local/lib/python3.7/site-packages/airflow/example_dags/example_branch_operator.py
[2024-05-09T16:34:06.877+0000] {logging_mixin.py:117} INFO - [2024-05-09T16:34:06.877+0000] {dag.py:2573} INFO - Sync 1 DAGs
[2024-05-09T16:34:06.904+0000] {logging_mixin.py:117} INFO - [2024-05-09T16:34:06.904+0000] {dag.py:3328} INFO - Setting next_dagrun for example_branch_operator to 2024-05-08T00:00:00+00:00, run_after=2024-05-09T00:00:00+00:00
[2024-05-09T16:34:06.927+0000] {processor.py:178} INFO - Processing /home/airflow/.local/lib/python3.7/site-packages/airflow/example_dags/example_branch_operator.py took 0.267 seconds
[2024-05-09T16:34:36.961+0000] {processor.py:156} INFO - Started process (PID=2021) to work on /home/airflow/.local/lib/python3.7/site-packages/airflow/example_dags/example_branch_operator.py
[2024-05-09T16:34:36.962+0000] {processor.py:758} INFO - Processing file /home/airflow/.local/lib/python3.7/site-packages/airflow/example_dags/example_branch_operator.py for tasks to queue
[2024-05-09T16:34:36.962+0000] {logging_mixin.py:117} INFO - [2024-05-09T16:34:36.962+0000] {dagbag.py:525} INFO - Filling up the DagBag from /home/airflow/.local/lib/python3.7/site-packages/airflow/example_dags/example_branch_operator.py
[2024-05-09T16:34:36.978+0000] {processor.py:768} INFO - DAG(s) dict_keys(['example_branch_operator']) retrieved from /home/airflow/.local/lib/python3.7/site-packages/airflow/example_dags/example_branch_operator.py
[2024-05-09T16:34:37.130+0000] {logging_mixin.py:117} INFO - [2024-05-09T16:34:37.130+0000] {dag.py:2573} INFO - Sync 1 DAGs
[2024-05-09T16:34:37.162+0000] {logging_mixin.py:117} INFO - [2024-05-09T16:34:37.161+0000] {dag.py:3328} INFO - Setting next_dagrun for example_branch_operator to 2024-05-08T00:00:00+00:00, run_after=2024-05-09T00:00:00+00:00
[2024-05-09T16:34:37.188+0000] {processor.py:178} INFO - Processing /home/airflow/.local/lib/python3.7/site-packages/airflow/example_dags/example_branch_operator.py took 0.229 seconds
[2024-05-09T16:35:07.350+0000] {processor.py:156} INFO - Started process (PID=2234) to work on /home/airflow/.local/lib/python3.7/site-packages/airflow/example_dags/example_branch_operator.py
[2024-05-09T16:35:07.351+0000] {processor.py:758} INFO - Processing file /home/airflow/.local/lib/python3.7/site-packages/airflow/example_dags/example_branch_operator.py for tasks to queue
[2024-05-09T16:35:07.351+0000] {logging_mixin.py:117} INFO - [2024-05-09T16:35:07.351+0000] {dagbag.py:525} INFO - Filling up the DagBag from /home/airflow/.local/lib/python3.7/site-packages/airflow/example_dags/example_branch_operator.py
[2024-05-09T16:35:07.366+0000] {processor.py:768} INFO - DAG(s) dict_keys(['example_branch_operator']) retrieved from /home/airflow/.local/lib/python3.7/site-packages/airflow/example_dags/example_branch_operator.py
[2024-05-09T16:35:07.413+0000] {logging_mixin.py:117} INFO - [2024-05-09T16:35:07.413+0000] {dag.py:2573} INFO - Sync 1 DAGs
[2024-05-09T16:35:07.565+0000] {logging_mixin.py:117} INFO - [2024-05-09T16:35:07.565+0000] {dag.py:3328} INFO - Setting next_dagrun for example_branch_operator to 2024-05-08T00:00:00+00:00, run_after=2024-05-09T00:00:00+00:00
[2024-05-09T16:35:07.585+0000] {processor.py:178} INFO - Processing /home/airflow/.local/lib/python3.7/site-packages/airflow/example_dags/example_branch_operator.py took 0.239 seconds
[2024-05-09T16:35:37.985+0000] {processor.py:156} INFO - Started process (PID=2437) to work on /home/airflow/.local/lib/python3.7/site-packages/airflow/example_dags/example_branch_operator.py
[2024-05-09T16:35:37.986+0000] {processor.py:758} INFO - Processing file /home/airflow/.local/lib/python3.7/site-packages/airflow/example_dags/example_branch_operator.py for tasks to queue
[2024-05-09T16:35:37.986+0000] {logging_mixin.py:117} INFO - [2024-05-09T16:35:37.986+0000] {dagbag.py:525} INFO - Filling up the DagBag from /home/airflow/.local/lib/python3.7/site-packages/airflow/example_dags/example_branch_operator.py
[2024-05-09T16:35:38.003+0000] {processor.py:768} INFO - DAG(s) dict_keys(['example_branch_operator']) retrieved from /home/airflow/.local/lib/python3.7/site-packages/airflow/example_dags/example_branch_operator.py
[2024-05-09T16:35:38.042+0000] {logging_mixin.py:117} INFO - [2024-05-09T16:35:38.042+0000] {dag.py:2573} INFO - Sync 1 DAGs
[2024-05-09T16:35:38.194+0000] {logging_mixin.py:117} INFO - [2024-05-09T16:35:38.194+0000] {dag.py:3328} INFO - Setting next_dagrun for example_branch_operator to 2024-05-08T00:00:00+00:00, run_after=2024-05-09T00:00:00+00:00
[2024-05-09T16:35:38.214+0000] {processor.py:178} INFO - Processing /home/airflow/.local/lib/python3.7/site-packages/airflow/example_dags/example_branch_operator.py took 0.231 seconds
[2024-05-09T16:36:08.415+0000] {processor.py:156} INFO - Started process (PID=2646) to work on /home/airflow/.local/lib/python3.7/site-packages/airflow/example_dags/example_branch_operator.py
[2024-05-09T16:36:08.415+0000] {processor.py:758} INFO - Processing file /home/airflow/.local/lib/python3.7/site-packages/airflow/example_dags/example_branch_operator.py for tasks to queue
[2024-05-09T16:36:08.416+0000] {logging_mixin.py:117} INFO - [2024-05-09T16:36:08.416+0000] {dagbag.py:525} INFO - Filling up the DagBag from /home/airflow/.local/lib/python3.7/site-packages/airflow/example_dags/example_branch_operator.py
[2024-05-09T16:36:08.431+0000] {processor.py:768} INFO - DAG(s) dict_keys(['example_branch_operator']) retrieved from /home/airflow/.local/lib/python3.7/site-packages/airflow/example_dags/example_branch_operator.py
[2024-05-09T16:36:08.595+0000] {logging_mixin.py:117} INFO - [2024-05-09T16:36:08.595+0000] {dag.py:2573} INFO - Sync 1 DAGs
[2024-05-09T16:36:08.620+0000] {logging_mixin.py:117} INFO - [2024-05-09T16:36:08.620+0000] {dag.py:3328} INFO - Setting next_dagrun for example_branch_operator to 2024-05-08T00:00:00+00:00, run_after=2024-05-09T00:00:00+00:00
[2024-05-09T16:36:08.642+0000] {processor.py:178} INFO - Processing /home/airflow/.local/lib/python3.7/site-packages/airflow/example_dags/example_branch_operator.py took 0.230 seconds
[2024-05-09T16:36:39.401+0000] {processor.py:156} INFO - Started process (PID=2854) to work on /home/airflow/.local/lib/python3.7/site-packages/airflow/example_dags/example_branch_operator.py
[2024-05-09T16:36:39.402+0000] {processor.py:758} INFO - Processing file /home/airflow/.local/lib/python3.7/site-packages/airflow/example_dags/example_branch_operator.py for tasks to queue
[2024-05-09T16:36:39.402+0000] {logging_mixin.py:117} INFO - [2024-05-09T16:36:39.402+0000] {dagbag.py:525} INFO - Filling up the DagBag from /home/airflow/.local/lib/python3.7/site-packages/airflow/example_dags/example_branch_operator.py
[2024-05-09T16:36:39.422+0000] {processor.py:768} INFO - DAG(s) dict_keys(['example_branch_operator']) retrieved from /home/airflow/.local/lib/python3.7/site-packages/airflow/example_dags/example_branch_operator.py
[2024-05-09T16:36:39.574+0000] {logging_mixin.py:117} INFO - [2024-05-09T16:36:39.574+0000] {dag.py:2573} INFO - Sync 1 DAGs
[2024-05-09T16:36:39.597+0000] {logging_mixin.py:117} INFO - [2024-05-09T16:36:39.596+0000] {dag.py:3328} INFO - Setting next_dagrun for example_branch_operator to 2024-05-08T00:00:00+00:00, run_after=2024-05-09T00:00:00+00:00
[2024-05-09T16:36:39.617+0000] {processor.py:178} INFO - Processing /home/airflow/.local/lib/python3.7/site-packages/airflow/example_dags/example_branch_operator.py took 0.219 seconds
[2024-05-09T16:37:10.320+0000] {processor.py:156} INFO - Started process (PID=3067) to work on /home/airflow/.local/lib/python3.7/site-packages/airflow/example_dags/example_branch_operator.py
[2024-05-09T16:37:10.321+0000] {processor.py:758} INFO - Processing file /home/airflow/.local/lib/python3.7/site-packages/airflow/example_dags/example_branch_operator.py for tasks to queue
[2024-05-09T16:37:10.321+0000] {logging_mixin.py:117} INFO - [2024-05-09T16:37:10.321+0000] {dagbag.py:525} INFO - Filling up the DagBag from /home/airflow/.local/lib/python3.7/site-packages/airflow/example_dags/example_branch_operator.py
[2024-05-09T16:37:10.338+0000] {processor.py:768} INFO - DAG(s) dict_keys(['example_branch_operator']) retrieved from /home/airflow/.local/lib/python3.7/site-packages/airflow/example_dags/example_branch_operator.py
[2024-05-09T16:37:10.373+0000] {logging_mixin.py:117} INFO - [2024-05-09T16:37:10.372+0000] {dag.py:2573} INFO - Sync 1 DAGs
[2024-05-09T16:37:10.522+0000] {logging_mixin.py:117} INFO - [2024-05-09T16:37:10.522+0000] {dag.py:3328} INFO - Setting next_dagrun for example_branch_operator to 2024-05-08T00:00:00+00:00, run_after=2024-05-09T00:00:00+00:00
[2024-05-09T16:37:10.543+0000] {processor.py:178} INFO - Processing /home/airflow/.local/lib/python3.7/site-packages/airflow/example_dags/example_branch_operator.py took 0.226 seconds
[2024-05-09T16:37:40.951+0000] {processor.py:156} INFO - Started process (PID=3281) to work on /home/airflow/.local/lib/python3.7/site-packages/airflow/example_dags/example_branch_operator.py
[2024-05-09T16:37:40.952+0000] {processor.py:758} INFO - Processing file /home/airflow/.local/lib/python3.7/site-packages/airflow/example_dags/example_branch_operator.py for tasks to queue
[2024-05-09T16:37:40.953+0000] {logging_mixin.py:117} INFO - [2024-05-09T16:37:40.953+0000] {dagbag.py:525} INFO - Filling up the DagBag from /home/airflow/.local/lib/python3.7/site-packages/airflow/example_dags/example_branch_operator.py
[2024-05-09T16:37:40.975+0000] {processor.py:768} INFO - DAG(s) dict_keys(['example_branch_operator']) retrieved from /home/airflow/.local/lib/python3.7/site-packages/airflow/example_dags/example_branch_operator.py
[2024-05-09T16:37:41.039+0000] {logging_mixin.py:117} INFO - [2024-05-09T16:37:41.039+0000] {dag.py:2573} INFO - Sync 1 DAGs
[2024-05-09T16:37:41.220+0000] {logging_mixin.py:117} INFO - [2024-05-09T16:37:41.220+0000] {dag.py:3328} INFO - Setting next_dagrun for example_branch_operator to 2024-05-08T00:00:00+00:00, run_after=2024-05-09T00:00:00+00:00
[2024-05-09T16:37:41.249+0000] {processor.py:178} INFO - Processing /home/airflow/.local/lib/python3.7/site-packages/airflow/example_dags/example_branch_operator.py took 0.301 seconds
