[2024-05-09T15:15:15.014+0000] {processor.py:156} INFO - Started process (PID=266) to work on /home/airflow/.local/lib/python3.7/site-packages/airflow/example_dags/example_trigger_controller_dag.py
[2024-05-09T15:15:15.014+0000] {processor.py:758} INFO - Processing file /home/airflow/.local/lib/python3.7/site-packages/airflow/example_dags/example_trigger_controller_dag.py for tasks to queue
[2024-05-09T15:15:15.015+0000] {logging_mixin.py:117} INFO - [2024-05-09T15:15:15.015+0000] {dagbag.py:525} INFO - Filling up the DagBag from /home/airflow/.local/lib/python3.7/site-packages/airflow/example_dags/example_trigger_controller_dag.py
[2024-05-09T15:15:15.030+0000] {processor.py:768} INFO - DAG(s) dict_keys(['example_trigger_controller_dag']) retrieved from /home/airflow/.local/lib/python3.7/site-packages/airflow/example_dags/example_trigger_controller_dag.py
[2024-05-09T15:15:15.363+0000] {logging_mixin.py:117} INFO - [2024-05-09T15:15:15.363+0000] {manager.py:507} INFO - Created Permission View: can delete on DAG:example_trigger_controller_dag
[2024-05-09T15:15:15.387+0000] {logging_mixin.py:117} INFO - [2024-05-09T15:15:15.387+0000] {manager.py:507} INFO - Created Permission View: can read on DAG:example_trigger_controller_dag
[2024-05-09T15:15:15.401+0000] {logging_mixin.py:117} INFO - [2024-05-09T15:15:15.400+0000] {manager.py:507} INFO - Created Permission View: can edit on DAG:example_trigger_controller_dag
[2024-05-09T15:15:15.401+0000] {logging_mixin.py:117} INFO - [2024-05-09T15:15:15.401+0000] {dag.py:2573} INFO - Sync 1 DAGs
[2024-05-09T15:15:15.425+0000] {logging_mixin.py:117} INFO - [2024-05-09T15:15:15.425+0000] {dag.py:2594} INFO - Creating ORM DAG for example_trigger_controller_dag
[2024-05-09T15:15:15.446+0000] {logging_mixin.py:117} INFO - [2024-05-09T15:15:15.445+0000] {dag.py:3328} INFO - Setting next_dagrun for example_trigger_controller_dag to 2021-01-01T00:00:00+00:00, run_after=2021-01-01T00:00:00+00:00
[2024-05-09T15:15:15.500+0000] {processor.py:178} INFO - Processing /home/airflow/.local/lib/python3.7/site-packages/airflow/example_dags/example_trigger_controller_dag.py took 0.489 seconds
[2024-05-09T15:15:45.585+0000] {processor.py:156} INFO - Started process (PID=480) to work on /home/airflow/.local/lib/python3.7/site-packages/airflow/example_dags/example_trigger_controller_dag.py
[2024-05-09T15:15:45.586+0000] {processor.py:758} INFO - Processing file /home/airflow/.local/lib/python3.7/site-packages/airflow/example_dags/example_trigger_controller_dag.py for tasks to queue
[2024-05-09T15:15:45.586+0000] {logging_mixin.py:117} INFO - [2024-05-09T15:15:45.586+0000] {dagbag.py:525} INFO - Filling up the DagBag from /home/airflow/.local/lib/python3.7/site-packages/airflow/example_dags/example_trigger_controller_dag.py
[2024-05-09T15:15:45.601+0000] {processor.py:768} INFO - DAG(s) dict_keys(['example_trigger_controller_dag']) retrieved from /home/airflow/.local/lib/python3.7/site-packages/airflow/example_dags/example_trigger_controller_dag.py
[2024-05-09T15:15:45.636+0000] {logging_mixin.py:117} INFO - [2024-05-09T15:15:45.636+0000] {dag.py:2573} INFO - Sync 1 DAGs
[2024-05-09T15:15:45.655+0000] {logging_mixin.py:117} INFO - [2024-05-09T15:15:45.655+0000] {dag.py:3328} INFO - Setting next_dagrun for example_trigger_controller_dag to 2021-01-01T00:00:00+00:00, run_after=2021-01-01T00:00:00+00:00
[2024-05-09T15:15:45.674+0000] {processor.py:178} INFO - Processing /home/airflow/.local/lib/python3.7/site-packages/airflow/example_dags/example_trigger_controller_dag.py took 0.092 seconds
[2024-05-09T15:16:16.067+0000] {processor.py:156} INFO - Started process (PID=685) to work on /home/airflow/.local/lib/python3.7/site-packages/airflow/example_dags/example_trigger_controller_dag.py
[2024-05-09T15:16:16.068+0000] {processor.py:758} INFO - Processing file /home/airflow/.local/lib/python3.7/site-packages/airflow/example_dags/example_trigger_controller_dag.py for tasks to queue
[2024-05-09T15:16:16.068+0000] {logging_mixin.py:117} INFO - [2024-05-09T15:16:16.068+0000] {dagbag.py:525} INFO - Filling up the DagBag from /home/airflow/.local/lib/python3.7/site-packages/airflow/example_dags/example_trigger_controller_dag.py
[2024-05-09T15:16:16.079+0000] {processor.py:768} INFO - DAG(s) dict_keys(['example_trigger_controller_dag']) retrieved from /home/airflow/.local/lib/python3.7/site-packages/airflow/example_dags/example_trigger_controller_dag.py
[2024-05-09T15:16:16.112+0000] {logging_mixin.py:117} INFO - [2024-05-09T15:16:16.112+0000] {dag.py:2573} INFO - Sync 1 DAGs
[2024-05-09T15:16:16.264+0000] {logging_mixin.py:117} INFO - [2024-05-09T15:16:16.264+0000] {dag.py:3328} INFO - Setting next_dagrun for example_trigger_controller_dag to 2021-01-01T00:00:00+00:00, run_after=2021-01-01T00:00:00+00:00
[2024-05-09T15:16:16.282+0000] {processor.py:178} INFO - Processing /home/airflow/.local/lib/python3.7/site-packages/airflow/example_dags/example_trigger_controller_dag.py took 0.217 seconds
[2024-05-09T15:16:46.752+0000] {processor.py:156} INFO - Started process (PID=898) to work on /home/airflow/.local/lib/python3.7/site-packages/airflow/example_dags/example_trigger_controller_dag.py
[2024-05-09T15:16:46.752+0000] {processor.py:758} INFO - Processing file /home/airflow/.local/lib/python3.7/site-packages/airflow/example_dags/example_trigger_controller_dag.py for tasks to queue
[2024-05-09T15:16:46.753+0000] {logging_mixin.py:117} INFO - [2024-05-09T15:16:46.753+0000] {dagbag.py:525} INFO - Filling up the DagBag from /home/airflow/.local/lib/python3.7/site-packages/airflow/example_dags/example_trigger_controller_dag.py
[2024-05-09T15:16:46.763+0000] {processor.py:768} INFO - DAG(s) dict_keys(['example_trigger_controller_dag']) retrieved from /home/airflow/.local/lib/python3.7/site-packages/airflow/example_dags/example_trigger_controller_dag.py
[2024-05-09T15:16:46.813+0000] {logging_mixin.py:117} INFO - [2024-05-09T15:16:46.813+0000] {dag.py:2573} INFO - Sync 1 DAGs
[2024-05-09T15:16:46.952+0000] {logging_mixin.py:117} INFO - [2024-05-09T15:16:46.952+0000] {dag.py:3328} INFO - Setting next_dagrun for example_trigger_controller_dag to 2021-01-01T00:00:00+00:00, run_after=2021-01-01T00:00:00+00:00
[2024-05-09T15:16:46.970+0000] {processor.py:178} INFO - Processing /home/airflow/.local/lib/python3.7/site-packages/airflow/example_dags/example_trigger_controller_dag.py took 0.220 seconds
