[2024-05-09T15:15:12.362+0000] {processor.py:156} INFO - Started process (PID=226) to work on /home/airflow/.local/lib/python3.7/site-packages/airflow/example_dags/example_task_group_decorator.py
[2024-05-09T15:15:12.362+0000] {processor.py:758} INFO - Processing file /home/airflow/.local/lib/python3.7/site-packages/airflow/example_dags/example_task_group_decorator.py for tasks to queue
[2024-05-09T15:15:12.363+0000] {logging_mixin.py:117} INFO - [2024-05-09T15:15:12.363+0000] {dagbag.py:525} INFO - Filling up the DagBag from /home/airflow/.local/lib/python3.7/site-packages/airflow/example_dags/example_task_group_decorator.py
[2024-05-09T15:15:12.408+0000] {processor.py:768} INFO - DAG(s) dict_keys(['example_task_group_decorator']) retrieved from /home/airflow/.local/lib/python3.7/site-packages/airflow/example_dags/example_task_group_decorator.py
[2024-05-09T15:15:12.757+0000] {logging_mixin.py:117} INFO - [2024-05-09T15:15:12.757+0000] {manager.py:507} INFO - Created Permission View: can delete on DAG:example_task_group_decorator
[2024-05-09T15:15:12.773+0000] {logging_mixin.py:117} INFO - [2024-05-09T15:15:12.773+0000] {manager.py:507} INFO - Created Permission View: can read on DAG:example_task_group_decorator
[2024-05-09T15:15:12.791+0000] {logging_mixin.py:117} INFO - [2024-05-09T15:15:12.790+0000] {manager.py:507} INFO - Created Permission View: can edit on DAG:example_task_group_decorator
[2024-05-09T15:15:12.791+0000] {logging_mixin.py:117} INFO - [2024-05-09T15:15:12.791+0000] {dag.py:2573} INFO - Sync 1 DAGs
[2024-05-09T15:15:12.807+0000] {logging_mixin.py:117} INFO - [2024-05-09T15:15:12.807+0000] {dag.py:2594} INFO - Creating ORM DAG for example_task_group_decorator
[2024-05-09T15:15:12.821+0000] {logging_mixin.py:117} INFO - [2024-05-09T15:15:12.821+0000] {dag.py:3328} INFO - Setting next_dagrun for example_task_group_decorator to 2024-05-08T15:15:12.821086+00:00, run_after=2024-05-09T15:15:12.821086+00:00
[2024-05-09T15:15:12.850+0000] {processor.py:178} INFO - Processing /home/airflow/.local/lib/python3.7/site-packages/airflow/example_dags/example_task_group_decorator.py took 0.491 seconds
[2024-05-09T15:15:43.619+0000] {processor.py:156} INFO - Started process (PID=432) to work on /home/airflow/.local/lib/python3.7/site-packages/airflow/example_dags/example_task_group_decorator.py
[2024-05-09T15:15:43.620+0000] {processor.py:758} INFO - Processing file /home/airflow/.local/lib/python3.7/site-packages/airflow/example_dags/example_task_group_decorator.py for tasks to queue
[2024-05-09T15:15:43.620+0000] {logging_mixin.py:117} INFO - [2024-05-09T15:15:43.620+0000] {dagbag.py:525} INFO - Filling up the DagBag from /home/airflow/.local/lib/python3.7/site-packages/airflow/example_dags/example_task_group_decorator.py
[2024-05-09T15:15:43.660+0000] {processor.py:768} INFO - DAG(s) dict_keys(['example_task_group_decorator']) retrieved from /home/airflow/.local/lib/python3.7/site-packages/airflow/example_dags/example_task_group_decorator.py
[2024-05-09T15:15:43.700+0000] {logging_mixin.py:117} INFO - [2024-05-09T15:15:43.700+0000] {dag.py:2573} INFO - Sync 1 DAGs
[2024-05-09T15:15:43.864+0000] {logging_mixin.py:117} INFO - [2024-05-09T15:15:43.864+0000] {dag.py:3328} INFO - Setting next_dagrun for example_task_group_decorator to 2024-05-08T15:15:43.864275+00:00, run_after=2024-05-09T15:15:43.864275+00:00
[2024-05-09T15:15:43.887+0000] {processor.py:178} INFO - Processing /home/airflow/.local/lib/python3.7/site-packages/airflow/example_dags/example_task_group_decorator.py took 0.270 seconds
[2024-05-09T15:16:14.184+0000] {processor.py:156} INFO - Started process (PID=647) to work on /home/airflow/.local/lib/python3.7/site-packages/airflow/example_dags/example_task_group_decorator.py
[2024-05-09T15:16:14.185+0000] {processor.py:758} INFO - Processing file /home/airflow/.local/lib/python3.7/site-packages/airflow/example_dags/example_task_group_decorator.py for tasks to queue
[2024-05-09T15:16:14.185+0000] {logging_mixin.py:117} INFO - [2024-05-09T15:16:14.185+0000] {dagbag.py:525} INFO - Filling up the DagBag from /home/airflow/.local/lib/python3.7/site-packages/airflow/example_dags/example_task_group_decorator.py
[2024-05-09T15:16:14.228+0000] {processor.py:768} INFO - DAG(s) dict_keys(['example_task_group_decorator']) retrieved from /home/airflow/.local/lib/python3.7/site-packages/airflow/example_dags/example_task_group_decorator.py
[2024-05-09T15:16:14.273+0000] {logging_mixin.py:117} INFO - [2024-05-09T15:16:14.273+0000] {dag.py:2573} INFO - Sync 1 DAGs
[2024-05-09T15:16:14.416+0000] {logging_mixin.py:117} INFO - [2024-05-09T15:16:14.416+0000] {dag.py:3328} INFO - Setting next_dagrun for example_task_group_decorator to 2024-05-08T15:16:14.416646+00:00, run_after=2024-05-09T15:16:14.416646+00:00
[2024-05-09T15:16:14.439+0000] {processor.py:178} INFO - Processing /home/airflow/.local/lib/python3.7/site-packages/airflow/example_dags/example_task_group_decorator.py took 0.258 seconds
[2024-05-09T15:16:44.848+0000] {processor.py:156} INFO - Started process (PID=860) to work on /home/airflow/.local/lib/python3.7/site-packages/airflow/example_dags/example_task_group_decorator.py
[2024-05-09T15:16:44.848+0000] {processor.py:758} INFO - Processing file /home/airflow/.local/lib/python3.7/site-packages/airflow/example_dags/example_task_group_decorator.py for tasks to queue
[2024-05-09T15:16:44.849+0000] {logging_mixin.py:117} INFO - [2024-05-09T15:16:44.849+0000] {dagbag.py:525} INFO - Filling up the DagBag from /home/airflow/.local/lib/python3.7/site-packages/airflow/example_dags/example_task_group_decorator.py
[2024-05-09T15:16:44.890+0000] {processor.py:768} INFO - DAG(s) dict_keys(['example_task_group_decorator']) retrieved from /home/airflow/.local/lib/python3.7/site-packages/airflow/example_dags/example_task_group_decorator.py
[2024-05-09T15:16:45.040+0000] {logging_mixin.py:117} INFO - [2024-05-09T15:16:45.039+0000] {dag.py:2573} INFO - Sync 1 DAGs
[2024-05-09T15:16:45.066+0000] {logging_mixin.py:117} INFO - [2024-05-09T15:16:45.066+0000] {dag.py:3328} INFO - Setting next_dagrun for example_task_group_decorator to 2024-05-08T15:16:45.066463+00:00, run_after=2024-05-09T15:16:45.066463+00:00
[2024-05-09T15:16:45.093+0000] {processor.py:178} INFO - Processing /home/airflow/.local/lib/python3.7/site-packages/airflow/example_dags/example_task_group_decorator.py took 0.247 seconds
[2024-05-09T15:17:15.285+0000] {processor.py:156} INFO - Started process (PID=1072) to work on /home/airflow/.local/lib/python3.7/site-packages/airflow/example_dags/example_task_group_decorator.py
[2024-05-09T15:17:15.287+0000] {processor.py:758} INFO - Processing file /home/airflow/.local/lib/python3.7/site-packages/airflow/example_dags/example_task_group_decorator.py for tasks to queue
[2024-05-09T15:17:15.287+0000] {logging_mixin.py:117} INFO - [2024-05-09T15:17:15.287+0000] {dagbag.py:525} INFO - Filling up the DagBag from /home/airflow/.local/lib/python3.7/site-packages/airflow/example_dags/example_task_group_decorator.py
[2024-05-09T15:17:15.330+0000] {processor.py:768} INFO - DAG(s) dict_keys(['example_task_group_decorator']) retrieved from /home/airflow/.local/lib/python3.7/site-packages/airflow/example_dags/example_task_group_decorator.py
[2024-05-09T15:17:15.537+0000] {logging_mixin.py:117} INFO - [2024-05-09T15:17:15.537+0000] {dag.py:2573} INFO - Sync 1 DAGs
[2024-05-09T15:17:15.569+0000] {logging_mixin.py:117} INFO - [2024-05-09T15:17:15.568+0000] {dag.py:3328} INFO - Setting next_dagrun for example_task_group_decorator to 2024-05-08T15:17:15.568521+00:00, run_after=2024-05-09T15:17:15.568521+00:00
[2024-05-09T15:17:15.593+0000] {processor.py:178} INFO - Processing /home/airflow/.local/lib/python3.7/site-packages/airflow/example_dags/example_task_group_decorator.py took 0.311 seconds
[2024-05-09T15:17:46.158+0000] {processor.py:156} INFO - Started process (PID=1279) to work on /home/airflow/.local/lib/python3.7/site-packages/airflow/example_dags/example_task_group_decorator.py
[2024-05-09T15:17:46.159+0000] {processor.py:758} INFO - Processing file /home/airflow/.local/lib/python3.7/site-packages/airflow/example_dags/example_task_group_decorator.py for tasks to queue
[2024-05-09T15:17:46.160+0000] {logging_mixin.py:117} INFO - [2024-05-09T15:17:46.160+0000] {dagbag.py:525} INFO - Filling up the DagBag from /home/airflow/.local/lib/python3.7/site-packages/airflow/example_dags/example_task_group_decorator.py
[2024-05-09T15:17:46.301+0000] {processor.py:768} INFO - DAG(s) dict_keys(['example_task_group_decorator']) retrieved from /home/airflow/.local/lib/python3.7/site-packages/airflow/example_dags/example_task_group_decorator.py
[2024-05-09T15:17:46.340+0000] {logging_mixin.py:117} INFO - [2024-05-09T15:17:46.340+0000] {dag.py:2573} INFO - Sync 1 DAGs
[2024-05-09T15:17:46.364+0000] {logging_mixin.py:117} INFO - [2024-05-09T15:17:46.364+0000] {dag.py:3328} INFO - Setting next_dagrun for example_task_group_decorator to 2024-05-08T15:17:46.364666+00:00, run_after=2024-05-09T15:17:46.364666+00:00
[2024-05-09T15:17:46.388+0000] {processor.py:178} INFO - Processing /home/airflow/.local/lib/python3.7/site-packages/airflow/example_dags/example_task_group_decorator.py took 0.233 seconds
[2024-05-09T15:18:16.934+0000] {processor.py:156} INFO - Started process (PID=1492) to work on /home/airflow/.local/lib/python3.7/site-packages/airflow/example_dags/example_task_group_decorator.py
[2024-05-09T15:18:16.935+0000] {processor.py:758} INFO - Processing file /home/airflow/.local/lib/python3.7/site-packages/airflow/example_dags/example_task_group_decorator.py for tasks to queue
[2024-05-09T15:18:16.935+0000] {logging_mixin.py:117} INFO - [2024-05-09T15:18:16.935+0000] {dagbag.py:525} INFO - Filling up the DagBag from /home/airflow/.local/lib/python3.7/site-packages/airflow/example_dags/example_task_group_decorator.py
[2024-05-09T15:18:17.076+0000] {processor.py:768} INFO - DAG(s) dict_keys(['example_task_group_decorator']) retrieved from /home/airflow/.local/lib/python3.7/site-packages/airflow/example_dags/example_task_group_decorator.py
[2024-05-09T15:18:17.116+0000] {logging_mixin.py:117} INFO - [2024-05-09T15:18:17.116+0000] {dag.py:2573} INFO - Sync 1 DAGs
[2024-05-09T15:18:17.139+0000] {logging_mixin.py:117} INFO - [2024-05-09T15:18:17.139+0000] {dag.py:3328} INFO - Setting next_dagrun for example_task_group_decorator to 2024-05-08T15:18:17.139566+00:00, run_after=2024-05-09T15:18:17.139566+00:00
[2024-05-09T15:18:17.164+0000] {processor.py:178} INFO - Processing /home/airflow/.local/lib/python3.7/site-packages/airflow/example_dags/example_task_group_decorator.py took 0.233 seconds
[2024-05-09T15:18:47.515+0000] {processor.py:156} INFO - Started process (PID=1706) to work on /home/airflow/.local/lib/python3.7/site-packages/airflow/example_dags/example_task_group_decorator.py
[2024-05-09T15:18:47.516+0000] {processor.py:758} INFO - Processing file /home/airflow/.local/lib/python3.7/site-packages/airflow/example_dags/example_task_group_decorator.py for tasks to queue
[2024-05-09T15:18:47.516+0000] {logging_mixin.py:117} INFO - [2024-05-09T15:18:47.516+0000] {dagbag.py:525} INFO - Filling up the DagBag from /home/airflow/.local/lib/python3.7/site-packages/airflow/example_dags/example_task_group_decorator.py
[2024-05-09T15:18:47.543+0000] {processor.py:768} INFO - DAG(s) dict_keys(['example_task_group_decorator']) retrieved from /home/airflow/.local/lib/python3.7/site-packages/airflow/example_dags/example_task_group_decorator.py
[2024-05-09T15:18:47.582+0000] {logging_mixin.py:117} INFO - [2024-05-09T15:18:47.582+0000] {dag.py:2573} INFO - Sync 1 DAGs
[2024-05-09T15:18:47.608+0000] {logging_mixin.py:117} INFO - [2024-05-09T15:18:47.608+0000] {dag.py:3328} INFO - Setting next_dagrun for example_task_group_decorator to 2024-05-08T15:18:47.608570+00:00, run_after=2024-05-09T15:18:47.608570+00:00
[2024-05-09T15:18:47.632+0000] {processor.py:178} INFO - Processing /home/airflow/.local/lib/python3.7/site-packages/airflow/example_dags/example_task_group_decorator.py took 0.120 seconds
[2024-05-09T15:19:18.354+0000] {processor.py:156} INFO - Started process (PID=1920) to work on /home/airflow/.local/lib/python3.7/site-packages/airflow/example_dags/example_task_group_decorator.py
[2024-05-09T15:19:18.355+0000] {processor.py:758} INFO - Processing file /home/airflow/.local/lib/python3.7/site-packages/airflow/example_dags/example_task_group_decorator.py for tasks to queue
[2024-05-09T15:19:18.355+0000] {logging_mixin.py:117} INFO - [2024-05-09T15:19:18.355+0000] {dagbag.py:525} INFO - Filling up the DagBag from /home/airflow/.local/lib/python3.7/site-packages/airflow/example_dags/example_task_group_decorator.py
[2024-05-09T15:19:18.399+0000] {processor.py:768} INFO - DAG(s) dict_keys(['example_task_group_decorator']) retrieved from /home/airflow/.local/lib/python3.7/site-packages/airflow/example_dags/example_task_group_decorator.py
[2024-05-09T15:19:18.452+0000] {logging_mixin.py:117} INFO - [2024-05-09T15:19:18.451+0000] {dag.py:2573} INFO - Sync 1 DAGs
[2024-05-09T15:19:18.481+0000] {logging_mixin.py:117} INFO - [2024-05-09T15:19:18.481+0000] {dag.py:3328} INFO - Setting next_dagrun for example_task_group_decorator to 2024-05-08T15:19:18.481513+00:00, run_after=2024-05-09T15:19:18.481513+00:00
[2024-05-09T15:19:18.508+0000] {processor.py:178} INFO - Processing /home/airflow/.local/lib/python3.7/site-packages/airflow/example_dags/example_task_group_decorator.py took 0.157 seconds
[2024-05-09T15:19:49.040+0000] {processor.py:156} INFO - Started process (PID=2124) to work on /home/airflow/.local/lib/python3.7/site-packages/airflow/example_dags/example_task_group_decorator.py
[2024-05-09T15:19:49.041+0000] {processor.py:758} INFO - Processing file /home/airflow/.local/lib/python3.7/site-packages/airflow/example_dags/example_task_group_decorator.py for tasks to queue
[2024-05-09T15:19:49.041+0000] {logging_mixin.py:117} INFO - [2024-05-09T15:19:49.041+0000] {dagbag.py:525} INFO - Filling up the DagBag from /home/airflow/.local/lib/python3.7/site-packages/airflow/example_dags/example_task_group_decorator.py
[2024-05-09T15:19:49.076+0000] {processor.py:768} INFO - DAG(s) dict_keys(['example_task_group_decorator']) retrieved from /home/airflow/.local/lib/python3.7/site-packages/airflow/example_dags/example_task_group_decorator.py
[2024-05-09T15:19:49.124+0000] {logging_mixin.py:117} INFO - [2024-05-09T15:19:49.123+0000] {dag.py:2573} INFO - Sync 1 DAGs
[2024-05-09T15:19:49.151+0000] {logging_mixin.py:117} INFO - [2024-05-09T15:19:49.151+0000] {dag.py:3328} INFO - Setting next_dagrun for example_task_group_decorator to 2024-05-08T15:19:49.151583+00:00, run_after=2024-05-09T15:19:49.151583+00:00
[2024-05-09T15:19:49.173+0000] {processor.py:178} INFO - Processing /home/airflow/.local/lib/python3.7/site-packages/airflow/example_dags/example_task_group_decorator.py took 0.136 seconds
[2024-05-09T15:20:19.850+0000] {processor.py:156} INFO - Started process (PID=2338) to work on /home/airflow/.local/lib/python3.7/site-packages/airflow/example_dags/example_task_group_decorator.py
[2024-05-09T15:20:19.851+0000] {processor.py:758} INFO - Processing file /home/airflow/.local/lib/python3.7/site-packages/airflow/example_dags/example_task_group_decorator.py for tasks to queue
[2024-05-09T15:20:19.851+0000] {logging_mixin.py:117} INFO - [2024-05-09T15:20:19.851+0000] {dagbag.py:525} INFO - Filling up the DagBag from /home/airflow/.local/lib/python3.7/site-packages/airflow/example_dags/example_task_group_decorator.py
[2024-05-09T15:20:19.892+0000] {processor.py:768} INFO - DAG(s) dict_keys(['example_task_group_decorator']) retrieved from /home/airflow/.local/lib/python3.7/site-packages/airflow/example_dags/example_task_group_decorator.py
[2024-05-09T15:20:19.929+0000] {logging_mixin.py:117} INFO - [2024-05-09T15:20:19.929+0000] {dag.py:2573} INFO - Sync 1 DAGs
[2024-05-09T15:20:19.954+0000] {logging_mixin.py:117} INFO - [2024-05-09T15:20:19.954+0000] {dag.py:3328} INFO - Setting next_dagrun for example_task_group_decorator to 2024-05-08T15:20:19.954167+00:00, run_after=2024-05-09T15:20:19.954167+00:00
[2024-05-09T15:20:19.981+0000] {processor.py:178} INFO - Processing /home/airflow/.local/lib/python3.7/site-packages/airflow/example_dags/example_task_group_decorator.py took 0.133 seconds
[2024-05-09T15:20:50.814+0000] {processor.py:156} INFO - Started process (PID=2551) to work on /home/airflow/.local/lib/python3.7/site-packages/airflow/example_dags/example_task_group_decorator.py
[2024-05-09T15:20:50.815+0000] {processor.py:758} INFO - Processing file /home/airflow/.local/lib/python3.7/site-packages/airflow/example_dags/example_task_group_decorator.py for tasks to queue
[2024-05-09T15:20:50.815+0000] {logging_mixin.py:117} INFO - [2024-05-09T15:20:50.815+0000] {dagbag.py:525} INFO - Filling up the DagBag from /home/airflow/.local/lib/python3.7/site-packages/airflow/example_dags/example_task_group_decorator.py
[2024-05-09T15:20:50.855+0000] {processor.py:768} INFO - DAG(s) dict_keys(['example_task_group_decorator']) retrieved from /home/airflow/.local/lib/python3.7/site-packages/airflow/example_dags/example_task_group_decorator.py
[2024-05-09T15:20:50.892+0000] {logging_mixin.py:117} INFO - [2024-05-09T15:20:50.892+0000] {dag.py:2573} INFO - Sync 1 DAGs
[2024-05-09T15:20:50.913+0000] {logging_mixin.py:117} INFO - [2024-05-09T15:20:50.913+0000] {dag.py:3328} INFO - Setting next_dagrun for example_task_group_decorator to 2024-05-08T15:20:50.913289+00:00, run_after=2024-05-09T15:20:50.913289+00:00
[2024-05-09T15:20:50.933+0000] {processor.py:178} INFO - Processing /home/airflow/.local/lib/python3.7/site-packages/airflow/example_dags/example_task_group_decorator.py took 0.121 seconds
[2024-05-09T15:21:21.458+0000] {processor.py:156} INFO - Started process (PID=2758) to work on /home/airflow/.local/lib/python3.7/site-packages/airflow/example_dags/example_task_group_decorator.py
[2024-05-09T15:21:21.459+0000] {processor.py:758} INFO - Processing file /home/airflow/.local/lib/python3.7/site-packages/airflow/example_dags/example_task_group_decorator.py for tasks to queue
[2024-05-09T15:21:21.460+0000] {logging_mixin.py:117} INFO - [2024-05-09T15:21:21.460+0000] {dagbag.py:525} INFO - Filling up the DagBag from /home/airflow/.local/lib/python3.7/site-packages/airflow/example_dags/example_task_group_decorator.py
[2024-05-09T15:21:21.525+0000] {processor.py:768} INFO - DAG(s) dict_keys(['example_task_group_decorator']) retrieved from /home/airflow/.local/lib/python3.7/site-packages/airflow/example_dags/example_task_group_decorator.py
[2024-05-09T15:21:21.578+0000] {logging_mixin.py:117} INFO - [2024-05-09T15:21:21.578+0000] {dag.py:2573} INFO - Sync 1 DAGs
[2024-05-09T15:21:21.608+0000] {logging_mixin.py:117} INFO - [2024-05-09T15:21:21.607+0000] {dag.py:3328} INFO - Setting next_dagrun for example_task_group_decorator to 2024-05-08T15:21:21.607690+00:00, run_after=2024-05-09T15:21:21.607690+00:00
[2024-05-09T15:21:21.638+0000] {processor.py:178} INFO - Processing /home/airflow/.local/lib/python3.7/site-packages/airflow/example_dags/example_task_group_decorator.py took 0.184 seconds
[2024-05-09T16:29:52.600+0000] {processor.py:156} INFO - Started process (PID=225) to work on /home/airflow/.local/lib/python3.7/site-packages/airflow/example_dags/example_task_group_decorator.py
[2024-05-09T16:29:52.602+0000] {processor.py:758} INFO - Processing file /home/airflow/.local/lib/python3.7/site-packages/airflow/example_dags/example_task_group_decorator.py for tasks to queue
[2024-05-09T16:29:52.603+0000] {logging_mixin.py:117} INFO - [2024-05-09T16:29:52.603+0000] {dagbag.py:525} INFO - Filling up the DagBag from /home/airflow/.local/lib/python3.7/site-packages/airflow/example_dags/example_task_group_decorator.py
[2024-05-09T16:29:52.641+0000] {processor.py:768} INFO - DAG(s) dict_keys(['example_task_group_decorator']) retrieved from /home/airflow/.local/lib/python3.7/site-packages/airflow/example_dags/example_task_group_decorator.py
[2024-05-09T16:29:52.688+0000] {logging_mixin.py:117} INFO - [2024-05-09T16:29:52.688+0000] {dag.py:2573} INFO - Sync 1 DAGs
[2024-05-09T16:29:52.727+0000] {logging_mixin.py:117} INFO - [2024-05-09T16:29:52.726+0000] {dag.py:3328} INFO - Setting next_dagrun for example_task_group_decorator to 2024-05-08T16:29:52.726656+00:00, run_after=2024-05-09T16:29:52.726656+00:00
[2024-05-09T16:29:52.758+0000] {processor.py:178} INFO - Processing /home/airflow/.local/lib/python3.7/site-packages/airflow/example_dags/example_task_group_decorator.py took 0.160 seconds
[2024-05-09T16:30:26.359+0000] {processor.py:156} INFO - Started process (PID=217) to work on /home/airflow/.local/lib/python3.7/site-packages/airflow/example_dags/example_task_group_decorator.py
[2024-05-09T16:30:26.359+0000] {processor.py:758} INFO - Processing file /home/airflow/.local/lib/python3.7/site-packages/airflow/example_dags/example_task_group_decorator.py for tasks to queue
[2024-05-09T16:30:26.360+0000] {logging_mixin.py:117} INFO - [2024-05-09T16:30:26.360+0000] {dagbag.py:525} INFO - Filling up the DagBag from /home/airflow/.local/lib/python3.7/site-packages/airflow/example_dags/example_task_group_decorator.py
[2024-05-09T16:30:26.406+0000] {processor.py:768} INFO - DAG(s) dict_keys(['example_task_group_decorator']) retrieved from /home/airflow/.local/lib/python3.7/site-packages/airflow/example_dags/example_task_group_decorator.py
[2024-05-09T16:30:26.452+0000] {logging_mixin.py:117} INFO - [2024-05-09T16:30:26.452+0000] {dag.py:2573} INFO - Sync 1 DAGs
[2024-05-09T16:30:26.490+0000] {logging_mixin.py:117} INFO - [2024-05-09T16:30:26.490+0000] {dag.py:3328} INFO - Setting next_dagrun for example_task_group_decorator to 2024-05-08T16:30:26.489816+00:00, run_after=2024-05-09T16:30:26.489816+00:00
[2024-05-09T16:30:26.514+0000] {processor.py:178} INFO - Processing /home/airflow/.local/lib/python3.7/site-packages/airflow/example_dags/example_task_group_decorator.py took 0.158 seconds
[2024-05-09T16:30:57.284+0000] {processor.py:156} INFO - Started process (PID=428) to work on /home/airflow/.local/lib/python3.7/site-packages/airflow/example_dags/example_task_group_decorator.py
[2024-05-09T16:30:57.285+0000] {processor.py:758} INFO - Processing file /home/airflow/.local/lib/python3.7/site-packages/airflow/example_dags/example_task_group_decorator.py for tasks to queue
[2024-05-09T16:30:57.286+0000] {logging_mixin.py:117} INFO - [2024-05-09T16:30:57.285+0000] {dagbag.py:525} INFO - Filling up the DagBag from /home/airflow/.local/lib/python3.7/site-packages/airflow/example_dags/example_task_group_decorator.py
[2024-05-09T16:30:57.318+0000] {processor.py:768} INFO - DAG(s) dict_keys(['example_task_group_decorator']) retrieved from /home/airflow/.local/lib/python3.7/site-packages/airflow/example_dags/example_task_group_decorator.py
[2024-05-09T16:30:57.357+0000] {logging_mixin.py:117} INFO - [2024-05-09T16:30:57.357+0000] {dag.py:2573} INFO - Sync 1 DAGs
[2024-05-09T16:30:57.389+0000] {logging_mixin.py:117} INFO - [2024-05-09T16:30:57.389+0000] {dag.py:3328} INFO - Setting next_dagrun for example_task_group_decorator to 2024-05-08T16:30:57.389267+00:00, run_after=2024-05-09T16:30:57.389267+00:00
[2024-05-09T16:30:57.412+0000] {processor.py:178} INFO - Processing /home/airflow/.local/lib/python3.7/site-packages/airflow/example_dags/example_task_group_decorator.py took 0.131 seconds
[2024-05-09T16:31:28.712+0000] {processor.py:156} INFO - Started process (PID=642) to work on /home/airflow/.local/lib/python3.7/site-packages/airflow/example_dags/example_task_group_decorator.py
[2024-05-09T16:31:28.713+0000] {processor.py:758} INFO - Processing file /home/airflow/.local/lib/python3.7/site-packages/airflow/example_dags/example_task_group_decorator.py for tasks to queue
[2024-05-09T16:31:28.714+0000] {logging_mixin.py:117} INFO - [2024-05-09T16:31:28.714+0000] {dagbag.py:525} INFO - Filling up the DagBag from /home/airflow/.local/lib/python3.7/site-packages/airflow/example_dags/example_task_group_decorator.py
[2024-05-09T16:31:28.740+0000] {processor.py:768} INFO - DAG(s) dict_keys(['example_task_group_decorator']) retrieved from /home/airflow/.local/lib/python3.7/site-packages/airflow/example_dags/example_task_group_decorator.py
[2024-05-09T16:31:28.786+0000] {logging_mixin.py:117} INFO - [2024-05-09T16:31:28.785+0000] {dag.py:2573} INFO - Sync 1 DAGs
[2024-05-09T16:31:28.806+0000] {logging_mixin.py:117} INFO - [2024-05-09T16:31:28.805+0000] {dag.py:3328} INFO - Setting next_dagrun for example_task_group_decorator to 2024-05-08T16:31:28.805742+00:00, run_after=2024-05-09T16:31:28.805742+00:00
[2024-05-09T16:31:28.825+0000] {processor.py:178} INFO - Processing /home/airflow/.local/lib/python3.7/site-packages/airflow/example_dags/example_task_group_decorator.py took 0.114 seconds
[2024-05-09T16:31:59.668+0000] {processor.py:156} INFO - Started process (PID=847) to work on /home/airflow/.local/lib/python3.7/site-packages/airflow/example_dags/example_task_group_decorator.py
[2024-05-09T16:31:59.669+0000] {processor.py:758} INFO - Processing file /home/airflow/.local/lib/python3.7/site-packages/airflow/example_dags/example_task_group_decorator.py for tasks to queue
[2024-05-09T16:31:59.670+0000] {logging_mixin.py:117} INFO - [2024-05-09T16:31:59.670+0000] {dagbag.py:525} INFO - Filling up the DagBag from /home/airflow/.local/lib/python3.7/site-packages/airflow/example_dags/example_task_group_decorator.py
[2024-05-09T16:31:59.704+0000] {processor.py:768} INFO - DAG(s) dict_keys(['example_task_group_decorator']) retrieved from /home/airflow/.local/lib/python3.7/site-packages/airflow/example_dags/example_task_group_decorator.py
[2024-05-09T16:31:59.746+0000] {logging_mixin.py:117} INFO - [2024-05-09T16:31:59.746+0000] {dag.py:2573} INFO - Sync 1 DAGs
[2024-05-09T16:31:59.767+0000] {logging_mixin.py:117} INFO - [2024-05-09T16:31:59.766+0000] {dag.py:3328} INFO - Setting next_dagrun for example_task_group_decorator to 2024-05-08T16:31:59.766552+00:00, run_after=2024-05-09T16:31:59.766552+00:00
[2024-05-09T16:31:59.791+0000] {processor.py:178} INFO - Processing /home/airflow/.local/lib/python3.7/site-packages/airflow/example_dags/example_task_group_decorator.py took 0.125 seconds
[2024-05-09T16:32:30.520+0000] {processor.py:156} INFO - Started process (PID=1060) to work on /home/airflow/.local/lib/python3.7/site-packages/airflow/example_dags/example_task_group_decorator.py
[2024-05-09T16:32:30.521+0000] {processor.py:758} INFO - Processing file /home/airflow/.local/lib/python3.7/site-packages/airflow/example_dags/example_task_group_decorator.py for tasks to queue
[2024-05-09T16:32:30.521+0000] {logging_mixin.py:117} INFO - [2024-05-09T16:32:30.521+0000] {dagbag.py:525} INFO - Filling up the DagBag from /home/airflow/.local/lib/python3.7/site-packages/airflow/example_dags/example_task_group_decorator.py
[2024-05-09T16:32:30.558+0000] {processor.py:768} INFO - DAG(s) dict_keys(['example_task_group_decorator']) retrieved from /home/airflow/.local/lib/python3.7/site-packages/airflow/example_dags/example_task_group_decorator.py
[2024-05-09T16:32:30.593+0000] {logging_mixin.py:117} INFO - [2024-05-09T16:32:30.593+0000] {dag.py:2573} INFO - Sync 1 DAGs
[2024-05-09T16:32:30.614+0000] {logging_mixin.py:117} INFO - [2024-05-09T16:32:30.614+0000] {dag.py:3328} INFO - Setting next_dagrun for example_task_group_decorator to 2024-05-08T16:32:30.614660+00:00, run_after=2024-05-09T16:32:30.614660+00:00
[2024-05-09T16:32:30.760+0000] {processor.py:178} INFO - Processing /home/airflow/.local/lib/python3.7/site-packages/airflow/example_dags/example_task_group_decorator.py took 0.242 seconds
[2024-05-09T16:33:01.135+0000] {processor.py:156} INFO - Started process (PID=1273) to work on /home/airflow/.local/lib/python3.7/site-packages/airflow/example_dags/example_task_group_decorator.py
[2024-05-09T16:33:01.135+0000] {processor.py:758} INFO - Processing file /home/airflow/.local/lib/python3.7/site-packages/airflow/example_dags/example_task_group_decorator.py for tasks to queue
[2024-05-09T16:33:01.136+0000] {logging_mixin.py:117} INFO - [2024-05-09T16:33:01.136+0000] {dagbag.py:525} INFO - Filling up the DagBag from /home/airflow/.local/lib/python3.7/site-packages/airflow/example_dags/example_task_group_decorator.py
[2024-05-09T16:33:01.166+0000] {processor.py:768} INFO - DAG(s) dict_keys(['example_task_group_decorator']) retrieved from /home/airflow/.local/lib/python3.7/site-packages/airflow/example_dags/example_task_group_decorator.py
[2024-05-09T16:33:01.199+0000] {logging_mixin.py:117} INFO - [2024-05-09T16:33:01.199+0000] {dag.py:2573} INFO - Sync 1 DAGs
[2024-05-09T16:33:01.330+0000] {logging_mixin.py:117} INFO - [2024-05-09T16:33:01.330+0000] {dag.py:3328} INFO - Setting next_dagrun for example_task_group_decorator to 2024-05-08T16:33:01.330512+00:00, run_after=2024-05-09T16:33:01.330512+00:00
[2024-05-09T16:33:01.351+0000] {processor.py:178} INFO - Processing /home/airflow/.local/lib/python3.7/site-packages/airflow/example_dags/example_task_group_decorator.py took 0.218 seconds
[2024-05-09T16:33:32.182+0000] {processor.py:156} INFO - Started process (PID=1488) to work on /home/airflow/.local/lib/python3.7/site-packages/airflow/example_dags/example_task_group_decorator.py
[2024-05-09T16:33:32.183+0000] {processor.py:758} INFO - Processing file /home/airflow/.local/lib/python3.7/site-packages/airflow/example_dags/example_task_group_decorator.py for tasks to queue
[2024-05-09T16:33:32.183+0000] {logging_mixin.py:117} INFO - [2024-05-09T16:33:32.183+0000] {dagbag.py:525} INFO - Filling up the DagBag from /home/airflow/.local/lib/python3.7/site-packages/airflow/example_dags/example_task_group_decorator.py
[2024-05-09T16:33:32.267+0000] {processor.py:768} INFO - DAG(s) dict_keys(['example_task_group_decorator']) retrieved from /home/airflow/.local/lib/python3.7/site-packages/airflow/example_dags/example_task_group_decorator.py
[2024-05-09T16:33:32.462+0000] {logging_mixin.py:117} INFO - [2024-05-09T16:33:32.461+0000] {dag.py:2573} INFO - Sync 1 DAGs
[2024-05-09T16:33:32.487+0000] {logging_mixin.py:117} INFO - [2024-05-09T16:33:32.487+0000] {dag.py:3328} INFO - Setting next_dagrun for example_task_group_decorator to 2024-05-08T16:33:32.487462+00:00, run_after=2024-05-09T16:33:32.487462+00:00
[2024-05-09T16:33:32.511+0000] {processor.py:178} INFO - Processing /home/airflow/.local/lib/python3.7/site-packages/airflow/example_dags/example_task_group_decorator.py took 0.332 seconds
[2024-05-09T16:34:02.738+0000] {processor.py:156} INFO - Started process (PID=1692) to work on /home/airflow/.local/lib/python3.7/site-packages/airflow/example_dags/example_task_group_decorator.py
[2024-05-09T16:34:02.738+0000] {processor.py:758} INFO - Processing file /home/airflow/.local/lib/python3.7/site-packages/airflow/example_dags/example_task_group_decorator.py for tasks to queue
[2024-05-09T16:34:02.739+0000] {logging_mixin.py:117} INFO - [2024-05-09T16:34:02.739+0000] {dagbag.py:525} INFO - Filling up the DagBag from /home/airflow/.local/lib/python3.7/site-packages/airflow/example_dags/example_task_group_decorator.py
[2024-05-09T16:34:02.766+0000] {processor.py:768} INFO - DAG(s) dict_keys(['example_task_group_decorator']) retrieved from /home/airflow/.local/lib/python3.7/site-packages/airflow/example_dags/example_task_group_decorator.py
[2024-05-09T16:34:02.904+0000] {logging_mixin.py:117} INFO - [2024-05-09T16:34:02.904+0000] {dag.py:2573} INFO - Sync 1 DAGs
[2024-05-09T16:34:02.924+0000] {logging_mixin.py:117} INFO - [2024-05-09T16:34:02.924+0000] {dag.py:3328} INFO - Setting next_dagrun for example_task_group_decorator to 2024-05-08T16:34:02.924637+00:00, run_after=2024-05-09T16:34:02.924637+00:00
[2024-05-09T16:34:02.945+0000] {processor.py:178} INFO - Processing /home/airflow/.local/lib/python3.7/site-packages/airflow/example_dags/example_task_group_decorator.py took 0.209 seconds
[2024-05-09T16:34:33.605+0000] {processor.py:156} INFO - Started process (PID=1906) to work on /home/airflow/.local/lib/python3.7/site-packages/airflow/example_dags/example_task_group_decorator.py
[2024-05-09T16:34:33.606+0000] {processor.py:758} INFO - Processing file /home/airflow/.local/lib/python3.7/site-packages/airflow/example_dags/example_task_group_decorator.py for tasks to queue
[2024-05-09T16:34:33.607+0000] {logging_mixin.py:117} INFO - [2024-05-09T16:34:33.607+0000] {dagbag.py:525} INFO - Filling up the DagBag from /home/airflow/.local/lib/python3.7/site-packages/airflow/example_dags/example_task_group_decorator.py
[2024-05-09T16:34:33.781+0000] {processor.py:768} INFO - DAG(s) dict_keys(['example_task_group_decorator']) retrieved from /home/airflow/.local/lib/python3.7/site-packages/airflow/example_dags/example_task_group_decorator.py
[2024-05-09T16:34:33.818+0000] {logging_mixin.py:117} INFO - [2024-05-09T16:34:33.818+0000] {dag.py:2573} INFO - Sync 1 DAGs
[2024-05-09T16:34:33.845+0000] {logging_mixin.py:117} INFO - [2024-05-09T16:34:33.845+0000] {dag.py:3328} INFO - Setting next_dagrun for example_task_group_decorator to 2024-05-08T16:34:33.845616+00:00, run_after=2024-05-09T16:34:33.845616+00:00
[2024-05-09T16:34:33.864+0000] {processor.py:178} INFO - Processing /home/airflow/.local/lib/python3.7/site-packages/airflow/example_dags/example_task_group_decorator.py took 0.262 seconds
[2024-05-09T16:35:04.100+0000] {processor.py:156} INFO - Started process (PID=2121) to work on /home/airflow/.local/lib/python3.7/site-packages/airflow/example_dags/example_task_group_decorator.py
[2024-05-09T16:35:04.100+0000] {processor.py:758} INFO - Processing file /home/airflow/.local/lib/python3.7/site-packages/airflow/example_dags/example_task_group_decorator.py for tasks to queue
[2024-05-09T16:35:04.101+0000] {logging_mixin.py:117} INFO - [2024-05-09T16:35:04.101+0000] {dagbag.py:525} INFO - Filling up the DagBag from /home/airflow/.local/lib/python3.7/site-packages/airflow/example_dags/example_task_group_decorator.py
[2024-05-09T16:35:04.142+0000] {processor.py:768} INFO - DAG(s) dict_keys(['example_task_group_decorator']) retrieved from /home/airflow/.local/lib/python3.7/site-packages/airflow/example_dags/example_task_group_decorator.py
[2024-05-09T16:35:04.180+0000] {logging_mixin.py:117} INFO - [2024-05-09T16:35:04.180+0000] {dag.py:2573} INFO - Sync 1 DAGs
[2024-05-09T16:35:04.312+0000] {logging_mixin.py:117} INFO - [2024-05-09T16:35:04.312+0000] {dag.py:3328} INFO - Setting next_dagrun for example_task_group_decorator to 2024-05-08T16:35:04.312383+00:00, run_after=2024-05-09T16:35:04.312383+00:00
[2024-05-09T16:35:04.331+0000] {processor.py:178} INFO - Processing /home/airflow/.local/lib/python3.7/site-packages/airflow/example_dags/example_task_group_decorator.py took 0.234 seconds
[2024-05-09T16:35:34.541+0000] {processor.py:156} INFO - Started process (PID=2322) to work on /home/airflow/.local/lib/python3.7/site-packages/airflow/example_dags/example_task_group_decorator.py
[2024-05-09T16:35:34.542+0000] {processor.py:758} INFO - Processing file /home/airflow/.local/lib/python3.7/site-packages/airflow/example_dags/example_task_group_decorator.py for tasks to queue
[2024-05-09T16:35:34.542+0000] {logging_mixin.py:117} INFO - [2024-05-09T16:35:34.542+0000] {dagbag.py:525} INFO - Filling up the DagBag from /home/airflow/.local/lib/python3.7/site-packages/airflow/example_dags/example_task_group_decorator.py
[2024-05-09T16:35:34.570+0000] {processor.py:768} INFO - DAG(s) dict_keys(['example_task_group_decorator']) retrieved from /home/airflow/.local/lib/python3.7/site-packages/airflow/example_dags/example_task_group_decorator.py
[2024-05-09T16:35:34.725+0000] {logging_mixin.py:117} INFO - [2024-05-09T16:35:34.725+0000] {dag.py:2573} INFO - Sync 1 DAGs
[2024-05-09T16:35:34.748+0000] {logging_mixin.py:117} INFO - [2024-05-09T16:35:34.748+0000] {dag.py:3328} INFO - Setting next_dagrun for example_task_group_decorator to 2024-05-08T16:35:34.748078+00:00, run_after=2024-05-09T16:35:34.748078+00:00
[2024-05-09T16:35:34.778+0000] {processor.py:178} INFO - Processing /home/airflow/.local/lib/python3.7/site-packages/airflow/example_dags/example_task_group_decorator.py took 0.241 seconds
[2024-05-09T16:36:05.134+0000] {processor.py:156} INFO - Started process (PID=2538) to work on /home/airflow/.local/lib/python3.7/site-packages/airflow/example_dags/example_task_group_decorator.py
[2024-05-09T16:36:05.135+0000] {processor.py:758} INFO - Processing file /home/airflow/.local/lib/python3.7/site-packages/airflow/example_dags/example_task_group_decorator.py for tasks to queue
[2024-05-09T16:36:05.136+0000] {logging_mixin.py:117} INFO - [2024-05-09T16:36:05.136+0000] {dagbag.py:525} INFO - Filling up the DagBag from /home/airflow/.local/lib/python3.7/site-packages/airflow/example_dags/example_task_group_decorator.py
[2024-05-09T16:36:05.172+0000] {processor.py:768} INFO - DAG(s) dict_keys(['example_task_group_decorator']) retrieved from /home/airflow/.local/lib/python3.7/site-packages/airflow/example_dags/example_task_group_decorator.py
[2024-05-09T16:36:05.352+0000] {logging_mixin.py:117} INFO - [2024-05-09T16:36:05.352+0000] {dag.py:2573} INFO - Sync 1 DAGs
[2024-05-09T16:36:05.380+0000] {logging_mixin.py:117} INFO - [2024-05-09T16:36:05.379+0000] {dag.py:3328} INFO - Setting next_dagrun for example_task_group_decorator to 2024-05-08T16:36:05.379635+00:00, run_after=2024-05-09T16:36:05.379635+00:00
[2024-05-09T16:36:05.400+0000] {processor.py:178} INFO - Processing /home/airflow/.local/lib/python3.7/site-packages/airflow/example_dags/example_task_group_decorator.py took 0.268 seconds
[2024-05-09T16:36:35.429+0000] {processor.py:156} INFO - Started process (PID=2749) to work on /home/airflow/.local/lib/python3.7/site-packages/airflow/example_dags/example_task_group_decorator.py
[2024-05-09T16:36:35.430+0000] {processor.py:758} INFO - Processing file /home/airflow/.local/lib/python3.7/site-packages/airflow/example_dags/example_task_group_decorator.py for tasks to queue
[2024-05-09T16:36:35.431+0000] {logging_mixin.py:117} INFO - [2024-05-09T16:36:35.431+0000] {dagbag.py:525} INFO - Filling up the DagBag from /home/airflow/.local/lib/python3.7/site-packages/airflow/example_dags/example_task_group_decorator.py
[2024-05-09T16:36:35.569+0000] {processor.py:768} INFO - DAG(s) dict_keys(['example_task_group_decorator']) retrieved from /home/airflow/.local/lib/python3.7/site-packages/airflow/example_dags/example_task_group_decorator.py
[2024-05-09T16:36:35.599+0000] {logging_mixin.py:117} INFO - [2024-05-09T16:36:35.599+0000] {dag.py:2573} INFO - Sync 1 DAGs
[2024-05-09T16:36:35.620+0000] {logging_mixin.py:117} INFO - [2024-05-09T16:36:35.620+0000] {dag.py:3328} INFO - Setting next_dagrun for example_task_group_decorator to 2024-05-08T16:36:35.620233+00:00, run_after=2024-05-09T16:36:35.620233+00:00
[2024-05-09T16:36:35.641+0000] {processor.py:178} INFO - Processing /home/airflow/.local/lib/python3.7/site-packages/airflow/example_dags/example_task_group_decorator.py took 0.215 seconds
[2024-05-09T16:37:06.766+0000] {processor.py:156} INFO - Started process (PID=2962) to work on /home/airflow/.local/lib/python3.7/site-packages/airflow/example_dags/example_task_group_decorator.py
[2024-05-09T16:37:06.767+0000] {processor.py:758} INFO - Processing file /home/airflow/.local/lib/python3.7/site-packages/airflow/example_dags/example_task_group_decorator.py for tasks to queue
[2024-05-09T16:37:06.768+0000] {logging_mixin.py:117} INFO - [2024-05-09T16:37:06.768+0000] {dagbag.py:525} INFO - Filling up the DagBag from /home/airflow/.local/lib/python3.7/site-packages/airflow/example_dags/example_task_group_decorator.py
[2024-05-09T16:37:06.809+0000] {processor.py:768} INFO - DAG(s) dict_keys(['example_task_group_decorator']) retrieved from /home/airflow/.local/lib/python3.7/site-packages/airflow/example_dags/example_task_group_decorator.py
[2024-05-09T16:37:06.859+0000] {logging_mixin.py:117} INFO - [2024-05-09T16:37:06.859+0000] {dag.py:2573} INFO - Sync 1 DAGs
[2024-05-09T16:37:07.035+0000] {logging_mixin.py:117} INFO - [2024-05-09T16:37:07.035+0000] {dag.py:3328} INFO - Setting next_dagrun for example_task_group_decorator to 2024-05-08T16:37:07.035371+00:00, run_after=2024-05-09T16:37:07.035371+00:00
[2024-05-09T16:37:07.067+0000] {processor.py:178} INFO - Processing /home/airflow/.local/lib/python3.7/site-packages/airflow/example_dags/example_task_group_decorator.py took 0.304 seconds
[2024-05-09T16:37:37.110+0000] {processor.py:156} INFO - Started process (PID=3160) to work on /home/airflow/.local/lib/python3.7/site-packages/airflow/example_dags/example_task_group_decorator.py
[2024-05-09T16:37:37.111+0000] {processor.py:758} INFO - Processing file /home/airflow/.local/lib/python3.7/site-packages/airflow/example_dags/example_task_group_decorator.py for tasks to queue
[2024-05-09T16:37:37.112+0000] {logging_mixin.py:117} INFO - [2024-05-09T16:37:37.111+0000] {dagbag.py:525} INFO - Filling up the DagBag from /home/airflow/.local/lib/python3.7/site-packages/airflow/example_dags/example_task_group_decorator.py
[2024-05-09T16:37:37.140+0000] {processor.py:768} INFO - DAG(s) dict_keys(['example_task_group_decorator']) retrieved from /home/airflow/.local/lib/python3.7/site-packages/airflow/example_dags/example_task_group_decorator.py
[2024-05-09T16:37:37.177+0000] {logging_mixin.py:117} INFO - [2024-05-09T16:37:37.177+0000] {dag.py:2573} INFO - Sync 1 DAGs
[2024-05-09T16:37:37.304+0000] {logging_mixin.py:117} INFO - [2024-05-09T16:37:37.304+0000] {dag.py:3328} INFO - Setting next_dagrun for example_task_group_decorator to 2024-05-08T16:37:37.303847+00:00, run_after=2024-05-09T16:37:37.303847+00:00
[2024-05-09T16:37:37.325+0000] {processor.py:178} INFO - Processing /home/airflow/.local/lib/python3.7/site-packages/airflow/example_dags/example_task_group_decorator.py took 0.218 seconds
[2024-05-09T16:38:07.966+0000] {processor.py:156} INFO - Started process (PID=3373) to work on /home/airflow/.local/lib/python3.7/site-packages/airflow/example_dags/example_task_group_decorator.py
[2024-05-09T16:38:07.966+0000] {processor.py:758} INFO - Processing file /home/airflow/.local/lib/python3.7/site-packages/airflow/example_dags/example_task_group_decorator.py for tasks to queue
[2024-05-09T16:38:07.967+0000] {logging_mixin.py:117} INFO - [2024-05-09T16:38:07.967+0000] {dagbag.py:525} INFO - Filling up the DagBag from /home/airflow/.local/lib/python3.7/site-packages/airflow/example_dags/example_task_group_decorator.py
[2024-05-09T16:38:08.002+0000] {processor.py:768} INFO - DAG(s) dict_keys(['example_task_group_decorator']) retrieved from /home/airflow/.local/lib/python3.7/site-packages/airflow/example_dags/example_task_group_decorator.py
[2024-05-09T16:38:08.163+0000] {logging_mixin.py:117} INFO - [2024-05-09T16:38:08.163+0000] {dag.py:2573} INFO - Sync 1 DAGs
[2024-05-09T16:38:08.184+0000] {logging_mixin.py:117} INFO - [2024-05-09T16:38:08.184+0000] {dag.py:3328} INFO - Setting next_dagrun for example_task_group_decorator to 2024-05-08T16:38:08.184030+00:00, run_after=2024-05-09T16:38:08.184030+00:00
[2024-05-09T16:38:08.207+0000] {processor.py:178} INFO - Processing /home/airflow/.local/lib/python3.7/site-packages/airflow/example_dags/example_task_group_decorator.py took 0.243 seconds
[2024-05-09T16:38:38.462+0000] {processor.py:156} INFO - Started process (PID=3587) to work on /home/airflow/.local/lib/python3.7/site-packages/airflow/example_dags/example_task_group_decorator.py
[2024-05-09T16:38:38.463+0000] {processor.py:758} INFO - Processing file /home/airflow/.local/lib/python3.7/site-packages/airflow/example_dags/example_task_group_decorator.py for tasks to queue
[2024-05-09T16:38:38.464+0000] {logging_mixin.py:117} INFO - [2024-05-09T16:38:38.463+0000] {dagbag.py:525} INFO - Filling up the DagBag from /home/airflow/.local/lib/python3.7/site-packages/airflow/example_dags/example_task_group_decorator.py
[2024-05-09T16:38:38.492+0000] {processor.py:768} INFO - DAG(s) dict_keys(['example_task_group_decorator']) retrieved from /home/airflow/.local/lib/python3.7/site-packages/airflow/example_dags/example_task_group_decorator.py
[2024-05-09T16:38:38.647+0000] {logging_mixin.py:117} INFO - [2024-05-09T16:38:38.647+0000] {dag.py:2573} INFO - Sync 1 DAGs
[2024-05-09T16:38:38.666+0000] {logging_mixin.py:117} INFO - [2024-05-09T16:38:38.666+0000] {dag.py:3328} INFO - Setting next_dagrun for example_task_group_decorator to 2024-05-08T16:38:38.666614+00:00, run_after=2024-05-09T16:38:38.666614+00:00
[2024-05-09T16:38:38.689+0000] {processor.py:178} INFO - Processing /home/airflow/.local/lib/python3.7/site-packages/airflow/example_dags/example_task_group_decorator.py took 0.229 seconds
[2024-05-09T16:39:09.193+0000] {processor.py:156} INFO - Started process (PID=3791) to work on /home/airflow/.local/lib/python3.7/site-packages/airflow/example_dags/example_task_group_decorator.py
[2024-05-09T16:39:09.194+0000] {processor.py:758} INFO - Processing file /home/airflow/.local/lib/python3.7/site-packages/airflow/example_dags/example_task_group_decorator.py for tasks to queue
[2024-05-09T16:39:09.194+0000] {logging_mixin.py:117} INFO - [2024-05-09T16:39:09.194+0000] {dagbag.py:525} INFO - Filling up the DagBag from /home/airflow/.local/lib/python3.7/site-packages/airflow/example_dags/example_task_group_decorator.py
[2024-05-09T16:39:09.355+0000] {processor.py:768} INFO - DAG(s) dict_keys(['example_task_group_decorator']) retrieved from /home/airflow/.local/lib/python3.7/site-packages/airflow/example_dags/example_task_group_decorator.py
[2024-05-09T16:39:09.395+0000] {logging_mixin.py:117} INFO - [2024-05-09T16:39:09.395+0000] {dag.py:2573} INFO - Sync 1 DAGs
[2024-05-09T16:39:09.421+0000] {logging_mixin.py:117} INFO - [2024-05-09T16:39:09.421+0000] {dag.py:3328} INFO - Setting next_dagrun for example_task_group_decorator to 2024-05-08T16:39:09.421436+00:00, run_after=2024-05-09T16:39:09.421436+00:00
[2024-05-09T16:39:09.444+0000] {processor.py:178} INFO - Processing /home/airflow/.local/lib/python3.7/site-packages/airflow/example_dags/example_task_group_decorator.py took 0.254 seconds
[2024-05-09T16:39:40.502+0000] {processor.py:156} INFO - Started process (PID=4012) to work on /home/airflow/.local/lib/python3.7/site-packages/airflow/example_dags/example_task_group_decorator.py
[2024-05-09T16:39:40.503+0000] {processor.py:758} INFO - Processing file /home/airflow/.local/lib/python3.7/site-packages/airflow/example_dags/example_task_group_decorator.py for tasks to queue
[2024-05-09T16:39:40.504+0000] {logging_mixin.py:117} INFO - [2024-05-09T16:39:40.504+0000] {dagbag.py:525} INFO - Filling up the DagBag from /home/airflow/.local/lib/python3.7/site-packages/airflow/example_dags/example_task_group_decorator.py
[2024-05-09T16:39:40.543+0000] {processor.py:768} INFO - DAG(s) dict_keys(['example_task_group_decorator']) retrieved from /home/airflow/.local/lib/python3.7/site-packages/airflow/example_dags/example_task_group_decorator.py
[2024-05-09T16:39:40.581+0000] {logging_mixin.py:117} INFO - [2024-05-09T16:39:40.581+0000] {dag.py:2573} INFO - Sync 1 DAGs
[2024-05-09T16:39:40.603+0000] {logging_mixin.py:117} INFO - [2024-05-09T16:39:40.603+0000] {dag.py:3328} INFO - Setting next_dagrun for example_task_group_decorator to 2024-05-08T16:39:40.603546+00:00, run_after=2024-05-09T16:39:40.603546+00:00
[2024-05-09T16:39:40.626+0000] {processor.py:178} INFO - Processing /home/airflow/.local/lib/python3.7/site-packages/airflow/example_dags/example_task_group_decorator.py took 0.126 seconds
[2024-05-09T16:40:11.506+0000] {processor.py:156} INFO - Started process (PID=4225) to work on /home/airflow/.local/lib/python3.7/site-packages/airflow/example_dags/example_task_group_decorator.py
[2024-05-09T16:40:11.507+0000] {processor.py:758} INFO - Processing file /home/airflow/.local/lib/python3.7/site-packages/airflow/example_dags/example_task_group_decorator.py for tasks to queue
[2024-05-09T16:40:11.507+0000] {logging_mixin.py:117} INFO - [2024-05-09T16:40:11.507+0000] {dagbag.py:525} INFO - Filling up the DagBag from /home/airflow/.local/lib/python3.7/site-packages/airflow/example_dags/example_task_group_decorator.py
[2024-05-09T16:40:11.544+0000] {processor.py:768} INFO - DAG(s) dict_keys(['example_task_group_decorator']) retrieved from /home/airflow/.local/lib/python3.7/site-packages/airflow/example_dags/example_task_group_decorator.py
[2024-05-09T16:40:11.585+0000] {logging_mixin.py:117} INFO - [2024-05-09T16:40:11.585+0000] {dag.py:2573} INFO - Sync 1 DAGs
[2024-05-09T16:40:11.614+0000] {logging_mixin.py:117} INFO - [2024-05-09T16:40:11.614+0000] {dag.py:3328} INFO - Setting next_dagrun for example_task_group_decorator to 2024-05-08T16:40:11.613979+00:00, run_after=2024-05-09T16:40:11.613979+00:00
[2024-05-09T16:40:11.639+0000] {processor.py:178} INFO - Processing /home/airflow/.local/lib/python3.7/site-packages/airflow/example_dags/example_task_group_decorator.py took 0.138 seconds
[2024-05-09T16:40:42.473+0000] {processor.py:156} INFO - Started process (PID=4438) to work on /home/airflow/.local/lib/python3.7/site-packages/airflow/example_dags/example_task_group_decorator.py
[2024-05-09T16:40:42.474+0000] {processor.py:758} INFO - Processing file /home/airflow/.local/lib/python3.7/site-packages/airflow/example_dags/example_task_group_decorator.py for tasks to queue
[2024-05-09T16:40:42.474+0000] {logging_mixin.py:117} INFO - [2024-05-09T16:40:42.474+0000] {dagbag.py:525} INFO - Filling up the DagBag from /home/airflow/.local/lib/python3.7/site-packages/airflow/example_dags/example_task_group_decorator.py
[2024-05-09T16:40:42.502+0000] {processor.py:768} INFO - DAG(s) dict_keys(['example_task_group_decorator']) retrieved from /home/airflow/.local/lib/python3.7/site-packages/airflow/example_dags/example_task_group_decorator.py
[2024-05-09T16:40:42.535+0000] {logging_mixin.py:117} INFO - [2024-05-09T16:40:42.535+0000] {dag.py:2573} INFO - Sync 1 DAGs
[2024-05-09T16:40:42.555+0000] {logging_mixin.py:117} INFO - [2024-05-09T16:40:42.555+0000] {dag.py:3328} INFO - Setting next_dagrun for example_task_group_decorator to 2024-05-08T16:40:42.555467+00:00, run_after=2024-05-09T16:40:42.555467+00:00
[2024-05-09T16:40:42.576+0000] {processor.py:178} INFO - Processing /home/airflow/.local/lib/python3.7/site-packages/airflow/example_dags/example_task_group_decorator.py took 0.104 seconds
[2024-05-09T16:41:13.297+0000] {processor.py:156} INFO - Started process (PID=4642) to work on /home/airflow/.local/lib/python3.7/site-packages/airflow/example_dags/example_task_group_decorator.py
[2024-05-09T16:41:13.298+0000] {processor.py:758} INFO - Processing file /home/airflow/.local/lib/python3.7/site-packages/airflow/example_dags/example_task_group_decorator.py for tasks to queue
[2024-05-09T16:41:13.299+0000] {logging_mixin.py:117} INFO - [2024-05-09T16:41:13.298+0000] {dagbag.py:525} INFO - Filling up the DagBag from /home/airflow/.local/lib/python3.7/site-packages/airflow/example_dags/example_task_group_decorator.py
[2024-05-09T16:41:13.329+0000] {processor.py:768} INFO - DAG(s) dict_keys(['example_task_group_decorator']) retrieved from /home/airflow/.local/lib/python3.7/site-packages/airflow/example_dags/example_task_group_decorator.py
[2024-05-09T16:41:13.372+0000] {logging_mixin.py:117} INFO - [2024-05-09T16:41:13.372+0000] {dag.py:2573} INFO - Sync 1 DAGs
[2024-05-09T16:41:13.395+0000] {logging_mixin.py:117} INFO - [2024-05-09T16:41:13.395+0000] {dag.py:3328} INFO - Setting next_dagrun for example_task_group_decorator to 2024-05-08T16:41:13.395533+00:00, run_after=2024-05-09T16:41:13.395533+00:00
[2024-05-09T16:41:13.417+0000] {processor.py:178} INFO - Processing /home/airflow/.local/lib/python3.7/site-packages/airflow/example_dags/example_task_group_decorator.py took 0.123 seconds
[2024-05-09T16:41:44.268+0000] {processor.py:156} INFO - Started process (PID=4855) to work on /home/airflow/.local/lib/python3.7/site-packages/airflow/example_dags/example_task_group_decorator.py
[2024-05-09T16:41:44.269+0000] {processor.py:758} INFO - Processing file /home/airflow/.local/lib/python3.7/site-packages/airflow/example_dags/example_task_group_decorator.py for tasks to queue
[2024-05-09T16:41:44.269+0000] {logging_mixin.py:117} INFO - [2024-05-09T16:41:44.269+0000] {dagbag.py:525} INFO - Filling up the DagBag from /home/airflow/.local/lib/python3.7/site-packages/airflow/example_dags/example_task_group_decorator.py
[2024-05-09T16:41:44.296+0000] {processor.py:768} INFO - DAG(s) dict_keys(['example_task_group_decorator']) retrieved from /home/airflow/.local/lib/python3.7/site-packages/airflow/example_dags/example_task_group_decorator.py
[2024-05-09T16:41:44.335+0000] {logging_mixin.py:117} INFO - [2024-05-09T16:41:44.334+0000] {dag.py:2573} INFO - Sync 1 DAGs
[2024-05-09T16:41:44.356+0000] {logging_mixin.py:117} INFO - [2024-05-09T16:41:44.356+0000] {dag.py:3328} INFO - Setting next_dagrun for example_task_group_decorator to 2024-05-08T16:41:44.356254+00:00, run_after=2024-05-09T16:41:44.356254+00:00
[2024-05-09T16:41:44.378+0000] {processor.py:178} INFO - Processing /home/airflow/.local/lib/python3.7/site-packages/airflow/example_dags/example_task_group_decorator.py took 0.113 seconds
[2024-05-09T16:42:15.362+0000] {processor.py:156} INFO - Started process (PID=5068) to work on /home/airflow/.local/lib/python3.7/site-packages/airflow/example_dags/example_task_group_decorator.py
[2024-05-09T16:42:15.363+0000] {processor.py:758} INFO - Processing file /home/airflow/.local/lib/python3.7/site-packages/airflow/example_dags/example_task_group_decorator.py for tasks to queue
[2024-05-09T16:42:15.364+0000] {logging_mixin.py:117} INFO - [2024-05-09T16:42:15.363+0000] {dagbag.py:525} INFO - Filling up the DagBag from /home/airflow/.local/lib/python3.7/site-packages/airflow/example_dags/example_task_group_decorator.py
[2024-05-09T16:42:15.405+0000] {processor.py:768} INFO - DAG(s) dict_keys(['example_task_group_decorator']) retrieved from /home/airflow/.local/lib/python3.7/site-packages/airflow/example_dags/example_task_group_decorator.py
[2024-05-09T16:42:15.443+0000] {logging_mixin.py:117} INFO - [2024-05-09T16:42:15.443+0000] {dag.py:2573} INFO - Sync 1 DAGs
[2024-05-09T16:42:15.462+0000] {logging_mixin.py:117} INFO - [2024-05-09T16:42:15.462+0000] {dag.py:3328} INFO - Setting next_dagrun for example_task_group_decorator to 2024-05-08T16:42:15.462512+00:00, run_after=2024-05-09T16:42:15.462512+00:00
[2024-05-09T16:42:15.482+0000] {processor.py:178} INFO - Processing /home/airflow/.local/lib/python3.7/site-packages/airflow/example_dags/example_task_group_decorator.py took 0.123 seconds
[2024-05-09T16:42:46.277+0000] {processor.py:156} INFO - Started process (PID=5282) to work on /home/airflow/.local/lib/python3.7/site-packages/airflow/example_dags/example_task_group_decorator.py
[2024-05-09T16:42:46.278+0000] {processor.py:758} INFO - Processing file /home/airflow/.local/lib/python3.7/site-packages/airflow/example_dags/example_task_group_decorator.py for tasks to queue
[2024-05-09T16:42:46.278+0000] {logging_mixin.py:117} INFO - [2024-05-09T16:42:46.278+0000] {dagbag.py:525} INFO - Filling up the DagBag from /home/airflow/.local/lib/python3.7/site-packages/airflow/example_dags/example_task_group_decorator.py
[2024-05-09T16:42:46.305+0000] {processor.py:768} INFO - DAG(s) dict_keys(['example_task_group_decorator']) retrieved from /home/airflow/.local/lib/python3.7/site-packages/airflow/example_dags/example_task_group_decorator.py
[2024-05-09T16:42:46.339+0000] {logging_mixin.py:117} INFO - [2024-05-09T16:42:46.338+0000] {dag.py:2573} INFO - Sync 1 DAGs
[2024-05-09T16:42:46.359+0000] {logging_mixin.py:117} INFO - [2024-05-09T16:42:46.359+0000] {dag.py:3328} INFO - Setting next_dagrun for example_task_group_decorator to 2024-05-08T16:42:46.359186+00:00, run_after=2024-05-09T16:42:46.359186+00:00
[2024-05-09T16:42:46.381+0000] {processor.py:178} INFO - Processing /home/airflow/.local/lib/python3.7/site-packages/airflow/example_dags/example_task_group_decorator.py took 0.106 seconds
[2024-05-09T16:43:17.197+0000] {processor.py:156} INFO - Started process (PID=5486) to work on /home/airflow/.local/lib/python3.7/site-packages/airflow/example_dags/example_task_group_decorator.py
[2024-05-09T16:43:17.198+0000] {processor.py:758} INFO - Processing file /home/airflow/.local/lib/python3.7/site-packages/airflow/example_dags/example_task_group_decorator.py for tasks to queue
[2024-05-09T16:43:17.199+0000] {logging_mixin.py:117} INFO - [2024-05-09T16:43:17.199+0000] {dagbag.py:525} INFO - Filling up the DagBag from /home/airflow/.local/lib/python3.7/site-packages/airflow/example_dags/example_task_group_decorator.py
[2024-05-09T16:43:17.232+0000] {processor.py:768} INFO - DAG(s) dict_keys(['example_task_group_decorator']) retrieved from /home/airflow/.local/lib/python3.7/site-packages/airflow/example_dags/example_task_group_decorator.py
[2024-05-09T16:43:17.267+0000] {logging_mixin.py:117} INFO - [2024-05-09T16:43:17.267+0000] {dag.py:2573} INFO - Sync 1 DAGs
[2024-05-09T16:43:17.286+0000] {logging_mixin.py:117} INFO - [2024-05-09T16:43:17.286+0000] {dag.py:3328} INFO - Setting next_dagrun for example_task_group_decorator to 2024-05-08T16:43:17.286013+00:00, run_after=2024-05-09T16:43:17.286013+00:00
[2024-05-09T16:43:17.305+0000] {processor.py:178} INFO - Processing /home/airflow/.local/lib/python3.7/site-packages/airflow/example_dags/example_task_group_decorator.py took 0.112 seconds
[2024-05-09T16:43:47.413+0000] {processor.py:156} INFO - Started process (PID=5693) to work on /home/airflow/.local/lib/python3.7/site-packages/airflow/example_dags/example_task_group_decorator.py
[2024-05-09T16:43:47.414+0000] {processor.py:758} INFO - Processing file /home/airflow/.local/lib/python3.7/site-packages/airflow/example_dags/example_task_group_decorator.py for tasks to queue
[2024-05-09T16:43:47.420+0000] {logging_mixin.py:117} INFO - [2024-05-09T16:43:47.414+0000] {dagbag.py:525} INFO - Filling up the DagBag from /home/airflow/.local/lib/python3.7/site-packages/airflow/example_dags/example_task_group_decorator.py
[2024-05-09T16:43:47.459+0000] {processor.py:768} INFO - DAG(s) dict_keys(['example_task_group_decorator']) retrieved from /home/airflow/.local/lib/python3.7/site-packages/airflow/example_dags/example_task_group_decorator.py
[2024-05-09T16:43:47.506+0000] {logging_mixin.py:117} INFO - [2024-05-09T16:43:47.506+0000] {dag.py:2573} INFO - Sync 1 DAGs
[2024-05-09T16:43:47.527+0000] {logging_mixin.py:117} INFO - [2024-05-09T16:43:47.527+0000] {dag.py:3328} INFO - Setting next_dagrun for example_task_group_decorator to 2024-05-08T16:43:47.527350+00:00, run_after=2024-05-09T16:43:47.527350+00:00
[2024-05-09T16:43:47.548+0000] {processor.py:178} INFO - Processing /home/airflow/.local/lib/python3.7/site-packages/airflow/example_dags/example_task_group_decorator.py took 0.138 seconds
[2024-05-09T16:44:17.628+0000] {processor.py:156} INFO - Started process (PID=5907) to work on /home/airflow/.local/lib/python3.7/site-packages/airflow/example_dags/example_task_group_decorator.py
[2024-05-09T16:44:17.628+0000] {processor.py:758} INFO - Processing file /home/airflow/.local/lib/python3.7/site-packages/airflow/example_dags/example_task_group_decorator.py for tasks to queue
[2024-05-09T16:44:17.629+0000] {logging_mixin.py:117} INFO - [2024-05-09T16:44:17.629+0000] {dagbag.py:525} INFO - Filling up the DagBag from /home/airflow/.local/lib/python3.7/site-packages/airflow/example_dags/example_task_group_decorator.py
[2024-05-09T16:44:17.657+0000] {processor.py:768} INFO - DAG(s) dict_keys(['example_task_group_decorator']) retrieved from /home/airflow/.local/lib/python3.7/site-packages/airflow/example_dags/example_task_group_decorator.py
[2024-05-09T16:44:17.690+0000] {logging_mixin.py:117} INFO - [2024-05-09T16:44:17.690+0000] {dag.py:2573} INFO - Sync 1 DAGs
[2024-05-09T16:44:17.709+0000] {logging_mixin.py:117} INFO - [2024-05-09T16:44:17.709+0000] {dag.py:3328} INFO - Setting next_dagrun for example_task_group_decorator to 2024-05-08T16:44:17.709244+00:00, run_after=2024-05-09T16:44:17.709244+00:00
[2024-05-09T16:44:17.730+0000] {processor.py:178} INFO - Processing /home/airflow/.local/lib/python3.7/site-packages/airflow/example_dags/example_task_group_decorator.py took 0.105 seconds
[2024-05-09T16:44:47.925+0000] {processor.py:156} INFO - Started process (PID=6121) to work on /home/airflow/.local/lib/python3.7/site-packages/airflow/example_dags/example_task_group_decorator.py
[2024-05-09T16:44:47.926+0000] {processor.py:758} INFO - Processing file /home/airflow/.local/lib/python3.7/site-packages/airflow/example_dags/example_task_group_decorator.py for tasks to queue
[2024-05-09T16:44:47.927+0000] {logging_mixin.py:117} INFO - [2024-05-09T16:44:47.927+0000] {dagbag.py:525} INFO - Filling up the DagBag from /home/airflow/.local/lib/python3.7/site-packages/airflow/example_dags/example_task_group_decorator.py
[2024-05-09T16:44:47.975+0000] {processor.py:768} INFO - DAG(s) dict_keys(['example_task_group_decorator']) retrieved from /home/airflow/.local/lib/python3.7/site-packages/airflow/example_dags/example_task_group_decorator.py
[2024-05-09T16:44:48.027+0000] {logging_mixin.py:117} INFO - [2024-05-09T16:44:48.026+0000] {dag.py:2573} INFO - Sync 1 DAGs
[2024-05-09T16:44:48.056+0000] {logging_mixin.py:117} INFO - [2024-05-09T16:44:48.056+0000] {dag.py:3328} INFO - Setting next_dagrun for example_task_group_decorator to 2024-05-08T16:44:48.056632+00:00, run_after=2024-05-09T16:44:48.056632+00:00
[2024-05-09T16:44:48.081+0000] {processor.py:178} INFO - Processing /home/airflow/.local/lib/python3.7/site-packages/airflow/example_dags/example_task_group_decorator.py took 0.159 seconds
[2024-05-09T16:45:18.130+0000] {processor.py:156} INFO - Started process (PID=6325) to work on /home/airflow/.local/lib/python3.7/site-packages/airflow/example_dags/example_task_group_decorator.py
[2024-05-09T16:45:18.131+0000] {processor.py:758} INFO - Processing file /home/airflow/.local/lib/python3.7/site-packages/airflow/example_dags/example_task_group_decorator.py for tasks to queue
[2024-05-09T16:45:18.131+0000] {logging_mixin.py:117} INFO - [2024-05-09T16:45:18.131+0000] {dagbag.py:525} INFO - Filling up the DagBag from /home/airflow/.local/lib/python3.7/site-packages/airflow/example_dags/example_task_group_decorator.py
[2024-05-09T16:45:18.164+0000] {processor.py:768} INFO - DAG(s) dict_keys(['example_task_group_decorator']) retrieved from /home/airflow/.local/lib/python3.7/site-packages/airflow/example_dags/example_task_group_decorator.py
[2024-05-09T16:45:18.202+0000] {logging_mixin.py:117} INFO - [2024-05-09T16:45:18.201+0000] {dag.py:2573} INFO - Sync 1 DAGs
[2024-05-09T16:45:18.224+0000] {logging_mixin.py:117} INFO - [2024-05-09T16:45:18.224+0000] {dag.py:3328} INFO - Setting next_dagrun for example_task_group_decorator to 2024-05-08T16:45:18.224004+00:00, run_after=2024-05-09T16:45:18.224004+00:00
[2024-05-09T16:45:18.244+0000] {processor.py:178} INFO - Processing /home/airflow/.local/lib/python3.7/site-packages/airflow/example_dags/example_task_group_decorator.py took 0.117 seconds
[2024-05-09T16:45:48.481+0000] {processor.py:156} INFO - Started process (PID=6538) to work on /home/airflow/.local/lib/python3.7/site-packages/airflow/example_dags/example_task_group_decorator.py
[2024-05-09T16:45:48.482+0000] {processor.py:758} INFO - Processing file /home/airflow/.local/lib/python3.7/site-packages/airflow/example_dags/example_task_group_decorator.py for tasks to queue
[2024-05-09T16:45:48.483+0000] {logging_mixin.py:117} INFO - [2024-05-09T16:45:48.483+0000] {dagbag.py:525} INFO - Filling up the DagBag from /home/airflow/.local/lib/python3.7/site-packages/airflow/example_dags/example_task_group_decorator.py
[2024-05-09T16:45:48.532+0000] {processor.py:768} INFO - DAG(s) dict_keys(['example_task_group_decorator']) retrieved from /home/airflow/.local/lib/python3.7/site-packages/airflow/example_dags/example_task_group_decorator.py
[2024-05-09T16:45:48.578+0000] {logging_mixin.py:117} INFO - [2024-05-09T16:45:48.578+0000] {dag.py:2573} INFO - Sync 1 DAGs
[2024-05-09T16:45:48.609+0000] {logging_mixin.py:117} INFO - [2024-05-09T16:45:48.609+0000] {dag.py:3328} INFO - Setting next_dagrun for example_task_group_decorator to 2024-05-08T16:45:48.607926+00:00, run_after=2024-05-09T16:45:48.607926+00:00
[2024-05-09T16:45:48.635+0000] {processor.py:178} INFO - Processing /home/airflow/.local/lib/python3.7/site-packages/airflow/example_dags/example_task_group_decorator.py took 0.158 seconds
[2024-05-09T16:46:18.746+0000] {processor.py:156} INFO - Started process (PID=6753) to work on /home/airflow/.local/lib/python3.7/site-packages/airflow/example_dags/example_task_group_decorator.py
[2024-05-09T16:46:18.747+0000] {processor.py:758} INFO - Processing file /home/airflow/.local/lib/python3.7/site-packages/airflow/example_dags/example_task_group_decorator.py for tasks to queue
[2024-05-09T16:46:18.748+0000] {logging_mixin.py:117} INFO - [2024-05-09T16:46:18.748+0000] {dagbag.py:525} INFO - Filling up the DagBag from /home/airflow/.local/lib/python3.7/site-packages/airflow/example_dags/example_task_group_decorator.py
[2024-05-09T16:46:18.835+0000] {processor.py:768} INFO - DAG(s) dict_keys(['example_task_group_decorator']) retrieved from /home/airflow/.local/lib/python3.7/site-packages/airflow/example_dags/example_task_group_decorator.py
[2024-05-09T16:46:18.974+0000] {logging_mixin.py:117} INFO - [2024-05-09T16:46:18.974+0000] {dag.py:2573} INFO - Sync 1 DAGs
[2024-05-09T16:46:19.023+0000] {logging_mixin.py:117} INFO - [2024-05-09T16:46:19.023+0000] {dag.py:3328} INFO - Setting next_dagrun for example_task_group_decorator to 2024-05-08T16:46:19.023212+00:00, run_after=2024-05-09T16:46:19.023212+00:00
[2024-05-09T16:46:19.061+0000] {processor.py:178} INFO - Processing /home/airflow/.local/lib/python3.7/site-packages/airflow/example_dags/example_task_group_decorator.py took 0.318 seconds
[2024-05-09T16:46:49.870+0000] {processor.py:156} INFO - Started process (PID=6957) to work on /home/airflow/.local/lib/python3.7/site-packages/airflow/example_dags/example_task_group_decorator.py
[2024-05-09T16:46:49.870+0000] {processor.py:758} INFO - Processing file /home/airflow/.local/lib/python3.7/site-packages/airflow/example_dags/example_task_group_decorator.py for tasks to queue
[2024-05-09T16:46:49.871+0000] {logging_mixin.py:117} INFO - [2024-05-09T16:46:49.871+0000] {dagbag.py:525} INFO - Filling up the DagBag from /home/airflow/.local/lib/python3.7/site-packages/airflow/example_dags/example_task_group_decorator.py
[2024-05-09T16:46:49.907+0000] {processor.py:768} INFO - DAG(s) dict_keys(['example_task_group_decorator']) retrieved from /home/airflow/.local/lib/python3.7/site-packages/airflow/example_dags/example_task_group_decorator.py
[2024-05-09T16:46:49.957+0000] {logging_mixin.py:117} INFO - [2024-05-09T16:46:49.957+0000] {dag.py:2573} INFO - Sync 1 DAGs
[2024-05-09T16:46:49.986+0000] {logging_mixin.py:117} INFO - [2024-05-09T16:46:49.985+0000] {dag.py:3328} INFO - Setting next_dagrun for example_task_group_decorator to 2024-05-08T16:46:49.985668+00:00, run_after=2024-05-09T16:46:49.985668+00:00
[2024-05-09T16:46:50.009+0000] {processor.py:178} INFO - Processing /home/airflow/.local/lib/python3.7/site-packages/airflow/example_dags/example_task_group_decorator.py took 0.141 seconds
[2024-05-09T16:47:20.265+0000] {processor.py:156} INFO - Started process (PID=7171) to work on /home/airflow/.local/lib/python3.7/site-packages/airflow/example_dags/example_task_group_decorator.py
[2024-05-09T16:47:20.265+0000] {processor.py:758} INFO - Processing file /home/airflow/.local/lib/python3.7/site-packages/airflow/example_dags/example_task_group_decorator.py for tasks to queue
[2024-05-09T16:47:20.266+0000] {logging_mixin.py:117} INFO - [2024-05-09T16:47:20.266+0000] {dagbag.py:525} INFO - Filling up the DagBag from /home/airflow/.local/lib/python3.7/site-packages/airflow/example_dags/example_task_group_decorator.py
[2024-05-09T16:47:20.295+0000] {processor.py:768} INFO - DAG(s) dict_keys(['example_task_group_decorator']) retrieved from /home/airflow/.local/lib/python3.7/site-packages/airflow/example_dags/example_task_group_decorator.py
[2024-05-09T16:47:20.341+0000] {logging_mixin.py:117} INFO - [2024-05-09T16:47:20.340+0000] {dag.py:2573} INFO - Sync 1 DAGs
[2024-05-09T16:47:20.363+0000] {logging_mixin.py:117} INFO - [2024-05-09T16:47:20.363+0000] {dag.py:3328} INFO - Setting next_dagrun for example_task_group_decorator to 2024-05-08T16:47:20.362854+00:00, run_after=2024-05-09T16:47:20.362854+00:00
[2024-05-09T16:47:20.382+0000] {processor.py:178} INFO - Processing /home/airflow/.local/lib/python3.7/site-packages/airflow/example_dags/example_task_group_decorator.py took 0.119 seconds
[2024-05-09T16:47:50.792+0000] {processor.py:156} INFO - Started process (PID=7385) to work on /home/airflow/.local/lib/python3.7/site-packages/airflow/example_dags/example_task_group_decorator.py
[2024-05-09T16:47:50.793+0000] {processor.py:758} INFO - Processing file /home/airflow/.local/lib/python3.7/site-packages/airflow/example_dags/example_task_group_decorator.py for tasks to queue
[2024-05-09T16:47:50.793+0000] {logging_mixin.py:117} INFO - [2024-05-09T16:47:50.793+0000] {dagbag.py:525} INFO - Filling up the DagBag from /home/airflow/.local/lib/python3.7/site-packages/airflow/example_dags/example_task_group_decorator.py
[2024-05-09T16:47:50.820+0000] {processor.py:768} INFO - DAG(s) dict_keys(['example_task_group_decorator']) retrieved from /home/airflow/.local/lib/python3.7/site-packages/airflow/example_dags/example_task_group_decorator.py
[2024-05-09T16:47:50.864+0000] {logging_mixin.py:117} INFO - [2024-05-09T16:47:50.864+0000] {dag.py:2573} INFO - Sync 1 DAGs
[2024-05-09T16:47:50.888+0000] {logging_mixin.py:117} INFO - [2024-05-09T16:47:50.888+0000] {dag.py:3328} INFO - Setting next_dagrun for example_task_group_decorator to 2024-05-08T16:47:50.888539+00:00, run_after=2024-05-09T16:47:50.888539+00:00
[2024-05-09T16:47:50.910+0000] {processor.py:178} INFO - Processing /home/airflow/.local/lib/python3.7/site-packages/airflow/example_dags/example_task_group_decorator.py took 0.121 seconds
[2024-05-09T16:48:21.593+0000] {processor.py:156} INFO - Started process (PID=7589) to work on /home/airflow/.local/lib/python3.7/site-packages/airflow/example_dags/example_task_group_decorator.py
[2024-05-09T16:48:21.593+0000] {processor.py:758} INFO - Processing file /home/airflow/.local/lib/python3.7/site-packages/airflow/example_dags/example_task_group_decorator.py for tasks to queue
[2024-05-09T16:48:21.594+0000] {logging_mixin.py:117} INFO - [2024-05-09T16:48:21.594+0000] {dagbag.py:525} INFO - Filling up the DagBag from /home/airflow/.local/lib/python3.7/site-packages/airflow/example_dags/example_task_group_decorator.py
[2024-05-09T16:48:21.621+0000] {processor.py:768} INFO - DAG(s) dict_keys(['example_task_group_decorator']) retrieved from /home/airflow/.local/lib/python3.7/site-packages/airflow/example_dags/example_task_group_decorator.py
[2024-05-09T16:48:21.663+0000] {logging_mixin.py:117} INFO - [2024-05-09T16:48:21.663+0000] {dag.py:2573} INFO - Sync 1 DAGs
[2024-05-09T16:48:21.689+0000] {logging_mixin.py:117} INFO - [2024-05-09T16:48:21.689+0000] {dag.py:3328} INFO - Setting next_dagrun for example_task_group_decorator to 2024-05-08T16:48:21.689365+00:00, run_after=2024-05-09T16:48:21.689365+00:00
[2024-05-09T16:48:21.711+0000] {processor.py:178} INFO - Processing /home/airflow/.local/lib/python3.7/site-packages/airflow/example_dags/example_task_group_decorator.py took 0.120 seconds
[2024-05-09T16:48:51.741+0000] {processor.py:156} INFO - Started process (PID=7803) to work on /home/airflow/.local/lib/python3.7/site-packages/airflow/example_dags/example_task_group_decorator.py
[2024-05-09T16:48:51.741+0000] {processor.py:758} INFO - Processing file /home/airflow/.local/lib/python3.7/site-packages/airflow/example_dags/example_task_group_decorator.py for tasks to queue
[2024-05-09T16:48:51.742+0000] {logging_mixin.py:117} INFO - [2024-05-09T16:48:51.742+0000] {dagbag.py:525} INFO - Filling up the DagBag from /home/airflow/.local/lib/python3.7/site-packages/airflow/example_dags/example_task_group_decorator.py
[2024-05-09T16:48:51.771+0000] {processor.py:768} INFO - DAG(s) dict_keys(['example_task_group_decorator']) retrieved from /home/airflow/.local/lib/python3.7/site-packages/airflow/example_dags/example_task_group_decorator.py
[2024-05-09T16:48:51.807+0000] {logging_mixin.py:117} INFO - [2024-05-09T16:48:51.806+0000] {dag.py:2573} INFO - Sync 1 DAGs
[2024-05-09T16:48:51.827+0000] {logging_mixin.py:117} INFO - [2024-05-09T16:48:51.827+0000] {dag.py:3328} INFO - Setting next_dagrun for example_task_group_decorator to 2024-05-08T16:48:51.826988+00:00, run_after=2024-05-09T16:48:51.826988+00:00
[2024-05-09T16:48:51.847+0000] {processor.py:178} INFO - Processing /home/airflow/.local/lib/python3.7/site-packages/airflow/example_dags/example_task_group_decorator.py took 0.109 seconds
