[2024-05-09T15:15:11.473+0000] {processor.py:156} INFO - Started process (PID=206) to work on /home/airflow/.local/lib/python3.7/site-packages/airflow/example_dags/example_latest_only.py
[2024-05-09T15:15:11.473+0000] {processor.py:758} INFO - Processing file /home/airflow/.local/lib/python3.7/site-packages/airflow/example_dags/example_latest_only.py for tasks to queue
[2024-05-09T15:15:11.474+0000] {logging_mixin.py:117} INFO - [2024-05-09T15:15:11.474+0000] {dagbag.py:525} INFO - Filling up the DagBag from /home/airflow/.local/lib/python3.7/site-packages/airflow/example_dags/example_latest_only.py
[2024-05-09T15:15:11.491+0000] {processor.py:768} INFO - DAG(s) dict_keys(['latest_only']) retrieved from /home/airflow/.local/lib/python3.7/site-packages/airflow/example_dags/example_latest_only.py
[2024-05-09T15:15:11.803+0000] {logging_mixin.py:117} INFO - [2024-05-09T15:15:11.803+0000] {manager.py:507} INFO - Created Permission View: can delete on DAG:latest_only
[2024-05-09T15:15:11.818+0000] {logging_mixin.py:117} INFO - [2024-05-09T15:15:11.818+0000] {manager.py:507} INFO - Created Permission View: can read on DAG:latest_only
[2024-05-09T15:15:11.830+0000] {logging_mixin.py:117} INFO - [2024-05-09T15:15:11.830+0000] {manager.py:507} INFO - Created Permission View: can edit on DAG:latest_only
[2024-05-09T15:15:11.830+0000] {logging_mixin.py:117} INFO - [2024-05-09T15:15:11.830+0000] {dag.py:2573} INFO - Sync 1 DAGs
[2024-05-09T15:15:11.844+0000] {logging_mixin.py:117} INFO - [2024-05-09T15:15:11.843+0000] {dag.py:2594} INFO - Creating ORM DAG for latest_only
[2024-05-09T15:15:11.855+0000] {logging_mixin.py:117} INFO - [2024-05-09T15:15:11.855+0000] {dag.py:3328} INFO - Setting next_dagrun for latest_only to 2024-05-09T11:15:11.854797+00:00, run_after=2024-05-09T15:15:11.854797+00:00
[2024-05-09T15:15:11.880+0000] {processor.py:178} INFO - Processing /home/airflow/.local/lib/python3.7/site-packages/airflow/example_dags/example_latest_only.py took 0.411 seconds
[2024-05-09T15:15:41.971+0000] {processor.py:156} INFO - Started process (PID=412) to work on /home/airflow/.local/lib/python3.7/site-packages/airflow/example_dags/example_latest_only.py
[2024-05-09T15:15:41.971+0000] {processor.py:758} INFO - Processing file /home/airflow/.local/lib/python3.7/site-packages/airflow/example_dags/example_latest_only.py for tasks to queue
[2024-05-09T15:15:41.972+0000] {logging_mixin.py:117} INFO - [2024-05-09T15:15:41.971+0000] {dagbag.py:525} INFO - Filling up the DagBag from /home/airflow/.local/lib/python3.7/site-packages/airflow/example_dags/example_latest_only.py
[2024-05-09T15:15:41.984+0000] {processor.py:768} INFO - DAG(s) dict_keys(['latest_only']) retrieved from /home/airflow/.local/lib/python3.7/site-packages/airflow/example_dags/example_latest_only.py
[2024-05-09T15:15:42.019+0000] {logging_mixin.py:117} INFO - [2024-05-09T15:15:42.018+0000] {dag.py:2573} INFO - Sync 1 DAGs
[2024-05-09T15:15:42.037+0000] {logging_mixin.py:117} INFO - [2024-05-09T15:15:42.037+0000] {dag.py:3328} INFO - Setting next_dagrun for latest_only to 2024-05-09T11:15:42.037455+00:00, run_after=2024-05-09T15:15:42.037455+00:00
[2024-05-09T15:15:42.157+0000] {processor.py:178} INFO - Processing /home/airflow/.local/lib/python3.7/site-packages/airflow/example_dags/example_latest_only.py took 0.189 seconds
[2024-05-09T15:16:12.687+0000] {processor.py:156} INFO - Started process (PID=625) to work on /home/airflow/.local/lib/python3.7/site-packages/airflow/example_dags/example_latest_only.py
[2024-05-09T15:16:12.688+0000] {processor.py:758} INFO - Processing file /home/airflow/.local/lib/python3.7/site-packages/airflow/example_dags/example_latest_only.py for tasks to queue
[2024-05-09T15:16:12.688+0000] {logging_mixin.py:117} INFO - [2024-05-09T15:16:12.688+0000] {dagbag.py:525} INFO - Filling up the DagBag from /home/airflow/.local/lib/python3.7/site-packages/airflow/example_dags/example_latest_only.py
[2024-05-09T15:16:12.702+0000] {processor.py:768} INFO - DAG(s) dict_keys(['latest_only']) retrieved from /home/airflow/.local/lib/python3.7/site-packages/airflow/example_dags/example_latest_only.py
[2024-05-09T15:16:12.743+0000] {logging_mixin.py:117} INFO - [2024-05-09T15:16:12.743+0000] {dag.py:2573} INFO - Sync 1 DAGs
[2024-05-09T15:16:12.897+0000] {logging_mixin.py:117} INFO - [2024-05-09T15:16:12.897+0000] {dag.py:3328} INFO - Setting next_dagrun for latest_only to 2024-05-09T11:16:12.897673+00:00, run_after=2024-05-09T15:16:12.897673+00:00
[2024-05-09T15:16:12.917+0000] {processor.py:178} INFO - Processing /home/airflow/.local/lib/python3.7/site-packages/airflow/example_dags/example_latest_only.py took 0.232 seconds
[2024-05-09T15:16:43.379+0000] {processor.py:156} INFO - Started process (PID=840) to work on /home/airflow/.local/lib/python3.7/site-packages/airflow/example_dags/example_latest_only.py
[2024-05-09T15:16:43.379+0000] {processor.py:758} INFO - Processing file /home/airflow/.local/lib/python3.7/site-packages/airflow/example_dags/example_latest_only.py for tasks to queue
[2024-05-09T15:16:43.380+0000] {logging_mixin.py:117} INFO - [2024-05-09T15:16:43.380+0000] {dagbag.py:525} INFO - Filling up the DagBag from /home/airflow/.local/lib/python3.7/site-packages/airflow/example_dags/example_latest_only.py
[2024-05-09T15:16:43.391+0000] {processor.py:768} INFO - DAG(s) dict_keys(['latest_only']) retrieved from /home/airflow/.local/lib/python3.7/site-packages/airflow/example_dags/example_latest_only.py
[2024-05-09T15:16:43.422+0000] {logging_mixin.py:117} INFO - [2024-05-09T15:16:43.422+0000] {dag.py:2573} INFO - Sync 1 DAGs
[2024-05-09T15:16:43.544+0000] {logging_mixin.py:117} INFO - [2024-05-09T15:16:43.544+0000] {dag.py:3328} INFO - Setting next_dagrun for latest_only to 2024-05-09T11:16:43.543842+00:00, run_after=2024-05-09T15:16:43.543842+00:00
[2024-05-09T15:16:43.564+0000] {processor.py:178} INFO - Processing /home/airflow/.local/lib/python3.7/site-packages/airflow/example_dags/example_latest_only.py took 0.187 seconds
[2024-05-09T15:17:14.159+0000] {processor.py:156} INFO - Started process (PID=1052) to work on /home/airflow/.local/lib/python3.7/site-packages/airflow/example_dags/example_latest_only.py
[2024-05-09T15:17:14.160+0000] {processor.py:758} INFO - Processing file /home/airflow/.local/lib/python3.7/site-packages/airflow/example_dags/example_latest_only.py for tasks to queue
[2024-05-09T15:17:14.161+0000] {logging_mixin.py:117} INFO - [2024-05-09T15:17:14.161+0000] {dagbag.py:525} INFO - Filling up the DagBag from /home/airflow/.local/lib/python3.7/site-packages/airflow/example_dags/example_latest_only.py
[2024-05-09T15:17:14.178+0000] {processor.py:768} INFO - DAG(s) dict_keys(['latest_only']) retrieved from /home/airflow/.local/lib/python3.7/site-packages/airflow/example_dags/example_latest_only.py
[2024-05-09T15:17:14.444+0000] {logging_mixin.py:117} INFO - [2024-05-09T15:17:14.444+0000] {dag.py:2573} INFO - Sync 1 DAGs
[2024-05-09T15:17:14.557+0000] {logging_mixin.py:117} INFO - [2024-05-09T15:17:14.557+0000] {dag.py:3328} INFO - Setting next_dagrun for latest_only to 2024-05-09T11:17:14.557276+00:00, run_after=2024-05-09T15:17:14.557276+00:00
[2024-05-09T15:17:14.585+0000] {processor.py:178} INFO - Processing /home/airflow/.local/lib/python3.7/site-packages/airflow/example_dags/example_latest_only.py took 0.429 seconds
[2024-05-09T15:17:44.688+0000] {processor.py:156} INFO - Started process (PID=1257) to work on /home/airflow/.local/lib/python3.7/site-packages/airflow/example_dags/example_latest_only.py
[2024-05-09T15:17:44.689+0000] {processor.py:758} INFO - Processing file /home/airflow/.local/lib/python3.7/site-packages/airflow/example_dags/example_latest_only.py for tasks to queue
[2024-05-09T15:17:44.689+0000] {logging_mixin.py:117} INFO - [2024-05-09T15:17:44.689+0000] {dagbag.py:525} INFO - Filling up the DagBag from /home/airflow/.local/lib/python3.7/site-packages/airflow/example_dags/example_latest_only.py
[2024-05-09T15:17:44.701+0000] {processor.py:768} INFO - DAG(s) dict_keys(['latest_only']) retrieved from /home/airflow/.local/lib/python3.7/site-packages/airflow/example_dags/example_latest_only.py
[2024-05-09T15:17:44.839+0000] {logging_mixin.py:117} INFO - [2024-05-09T15:17:44.839+0000] {dag.py:2573} INFO - Sync 1 DAGs
[2024-05-09T15:17:44.866+0000] {logging_mixin.py:117} INFO - [2024-05-09T15:17:44.866+0000] {dag.py:3328} INFO - Setting next_dagrun for latest_only to 2024-05-09T11:17:44.866491+00:00, run_after=2024-05-09T15:17:44.866491+00:00
[2024-05-09T15:17:44.891+0000] {processor.py:178} INFO - Processing /home/airflow/.local/lib/python3.7/site-packages/airflow/example_dags/example_latest_only.py took 0.205 seconds
[2024-05-09T15:18:15.226+0000] {processor.py:156} INFO - Started process (PID=1470) to work on /home/airflow/.local/lib/python3.7/site-packages/airflow/example_dags/example_latest_only.py
[2024-05-09T15:18:15.226+0000] {processor.py:758} INFO - Processing file /home/airflow/.local/lib/python3.7/site-packages/airflow/example_dags/example_latest_only.py for tasks to queue
[2024-05-09T15:18:15.227+0000] {logging_mixin.py:117} INFO - [2024-05-09T15:18:15.227+0000] {dagbag.py:525} INFO - Filling up the DagBag from /home/airflow/.local/lib/python3.7/site-packages/airflow/example_dags/example_latest_only.py
[2024-05-09T15:18:15.368+0000] {processor.py:768} INFO - DAG(s) dict_keys(['latest_only']) retrieved from /home/airflow/.local/lib/python3.7/site-packages/airflow/example_dags/example_latest_only.py
[2024-05-09T15:18:15.396+0000] {logging_mixin.py:117} INFO - [2024-05-09T15:18:15.396+0000] {dag.py:2573} INFO - Sync 1 DAGs
[2024-05-09T15:18:15.424+0000] {logging_mixin.py:117} INFO - [2024-05-09T15:18:15.423+0000] {dag.py:3328} INFO - Setting next_dagrun for latest_only to 2024-05-09T11:18:15.423649+00:00, run_after=2024-05-09T15:18:15.423649+00:00
[2024-05-09T15:18:15.445+0000] {processor.py:178} INFO - Processing /home/airflow/.local/lib/python3.7/site-packages/airflow/example_dags/example_latest_only.py took 0.222 seconds
[2024-05-09T15:18:46.214+0000] {processor.py:156} INFO - Started process (PID=1684) to work on /home/airflow/.local/lib/python3.7/site-packages/airflow/example_dags/example_latest_only.py
[2024-05-09T15:18:46.215+0000] {processor.py:758} INFO - Processing file /home/airflow/.local/lib/python3.7/site-packages/airflow/example_dags/example_latest_only.py for tasks to queue
[2024-05-09T15:18:46.215+0000] {logging_mixin.py:117} INFO - [2024-05-09T15:18:46.215+0000] {dagbag.py:525} INFO - Filling up the DagBag from /home/airflow/.local/lib/python3.7/site-packages/airflow/example_dags/example_latest_only.py
[2024-05-09T15:18:46.229+0000] {processor.py:768} INFO - DAG(s) dict_keys(['latest_only']) retrieved from /home/airflow/.local/lib/python3.7/site-packages/airflow/example_dags/example_latest_only.py
[2024-05-09T15:18:46.259+0000] {logging_mixin.py:117} INFO - [2024-05-09T15:18:46.259+0000] {dag.py:2573} INFO - Sync 1 DAGs
[2024-05-09T15:18:46.278+0000] {logging_mixin.py:117} INFO - [2024-05-09T15:18:46.278+0000] {dag.py:3328} INFO - Setting next_dagrun for latest_only to 2024-05-09T11:18:46.278561+00:00, run_after=2024-05-09T15:18:46.278561+00:00
[2024-05-09T15:18:46.297+0000] {processor.py:178} INFO - Processing /home/airflow/.local/lib/python3.7/site-packages/airflow/example_dags/example_latest_only.py took 0.085 seconds
[2024-05-09T15:19:16.976+0000] {processor.py:156} INFO - Started process (PID=1889) to work on /home/airflow/.local/lib/python3.7/site-packages/airflow/example_dags/example_latest_only.py
[2024-05-09T15:19:16.977+0000] {processor.py:758} INFO - Processing file /home/airflow/.local/lib/python3.7/site-packages/airflow/example_dags/example_latest_only.py for tasks to queue
[2024-05-09T15:19:16.977+0000] {logging_mixin.py:117} INFO - [2024-05-09T15:19:16.977+0000] {dagbag.py:525} INFO - Filling up the DagBag from /home/airflow/.local/lib/python3.7/site-packages/airflow/example_dags/example_latest_only.py
[2024-05-09T15:19:16.989+0000] {processor.py:768} INFO - DAG(s) dict_keys(['latest_only']) retrieved from /home/airflow/.local/lib/python3.7/site-packages/airflow/example_dags/example_latest_only.py
[2024-05-09T15:19:17.023+0000] {logging_mixin.py:117} INFO - [2024-05-09T15:19:17.023+0000] {dag.py:2573} INFO - Sync 1 DAGs
[2024-05-09T15:19:17.042+0000] {logging_mixin.py:117} INFO - [2024-05-09T15:19:17.042+0000] {dag.py:3328} INFO - Setting next_dagrun for latest_only to 2024-05-09T11:19:17.042365+00:00, run_after=2024-05-09T15:19:17.042365+00:00
[2024-05-09T15:19:17.061+0000] {processor.py:178} INFO - Processing /home/airflow/.local/lib/python3.7/site-packages/airflow/example_dags/example_latest_only.py took 0.087 seconds
[2024-05-09T15:19:47.760+0000] {processor.py:156} INFO - Started process (PID=2102) to work on /home/airflow/.local/lib/python3.7/site-packages/airflow/example_dags/example_latest_only.py
[2024-05-09T15:19:47.761+0000] {processor.py:758} INFO - Processing file /home/airflow/.local/lib/python3.7/site-packages/airflow/example_dags/example_latest_only.py for tasks to queue
[2024-05-09T15:19:47.761+0000] {logging_mixin.py:117} INFO - [2024-05-09T15:19:47.761+0000] {dagbag.py:525} INFO - Filling up the DagBag from /home/airflow/.local/lib/python3.7/site-packages/airflow/example_dags/example_latest_only.py
[2024-05-09T15:19:47.776+0000] {processor.py:768} INFO - DAG(s) dict_keys(['latest_only']) retrieved from /home/airflow/.local/lib/python3.7/site-packages/airflow/example_dags/example_latest_only.py
[2024-05-09T15:19:47.808+0000] {logging_mixin.py:117} INFO - [2024-05-09T15:19:47.807+0000] {dag.py:2573} INFO - Sync 1 DAGs
[2024-05-09T15:19:47.829+0000] {logging_mixin.py:117} INFO - [2024-05-09T15:19:47.829+0000] {dag.py:3328} INFO - Setting next_dagrun for latest_only to 2024-05-09T11:19:47.829431+00:00, run_after=2024-05-09T15:19:47.829431+00:00
[2024-05-09T15:19:47.848+0000] {processor.py:178} INFO - Processing /home/airflow/.local/lib/python3.7/site-packages/airflow/example_dags/example_latest_only.py took 0.092 seconds
[2024-05-09T15:20:18.548+0000] {processor.py:156} INFO - Started process (PID=2316) to work on /home/airflow/.local/lib/python3.7/site-packages/airflow/example_dags/example_latest_only.py
[2024-05-09T15:20:18.549+0000] {processor.py:758} INFO - Processing file /home/airflow/.local/lib/python3.7/site-packages/airflow/example_dags/example_latest_only.py for tasks to queue
[2024-05-09T15:20:18.550+0000] {logging_mixin.py:117} INFO - [2024-05-09T15:20:18.550+0000] {dagbag.py:525} INFO - Filling up the DagBag from /home/airflow/.local/lib/python3.7/site-packages/airflow/example_dags/example_latest_only.py
[2024-05-09T15:20:18.565+0000] {processor.py:768} INFO - DAG(s) dict_keys(['latest_only']) retrieved from /home/airflow/.local/lib/python3.7/site-packages/airflow/example_dags/example_latest_only.py
[2024-05-09T15:20:18.598+0000] {logging_mixin.py:117} INFO - [2024-05-09T15:20:18.598+0000] {dag.py:2573} INFO - Sync 1 DAGs
[2024-05-09T15:20:18.620+0000] {logging_mixin.py:117} INFO - [2024-05-09T15:20:18.620+0000] {dag.py:3328} INFO - Setting next_dagrun for latest_only to 2024-05-09T11:20:18.620202+00:00, run_after=2024-05-09T15:20:18.620202+00:00
[2024-05-09T15:20:18.640+0000] {processor.py:178} INFO - Processing /home/airflow/.local/lib/python3.7/site-packages/airflow/example_dags/example_latest_only.py took 0.096 seconds
[2024-05-09T15:20:49.537+0000] {processor.py:156} INFO - Started process (PID=2529) to work on /home/airflow/.local/lib/python3.7/site-packages/airflow/example_dags/example_latest_only.py
[2024-05-09T15:20:49.538+0000] {processor.py:758} INFO - Processing file /home/airflow/.local/lib/python3.7/site-packages/airflow/example_dags/example_latest_only.py for tasks to queue
[2024-05-09T15:20:49.539+0000] {logging_mixin.py:117} INFO - [2024-05-09T15:20:49.539+0000] {dagbag.py:525} INFO - Filling up the DagBag from /home/airflow/.local/lib/python3.7/site-packages/airflow/example_dags/example_latest_only.py
[2024-05-09T15:20:49.554+0000] {processor.py:768} INFO - DAG(s) dict_keys(['latest_only']) retrieved from /home/airflow/.local/lib/python3.7/site-packages/airflow/example_dags/example_latest_only.py
[2024-05-09T15:20:49.584+0000] {logging_mixin.py:117} INFO - [2024-05-09T15:20:49.584+0000] {dag.py:2573} INFO - Sync 1 DAGs
[2024-05-09T15:20:49.604+0000] {logging_mixin.py:117} INFO - [2024-05-09T15:20:49.604+0000] {dag.py:3328} INFO - Setting next_dagrun for latest_only to 2024-05-09T11:20:49.604070+00:00, run_after=2024-05-09T15:20:49.604070+00:00
[2024-05-09T15:20:49.622+0000] {processor.py:178} INFO - Processing /home/airflow/.local/lib/python3.7/site-packages/airflow/example_dags/example_latest_only.py took 0.087 seconds
[2024-05-09T15:21:20.195+0000] {processor.py:156} INFO - Started process (PID=2733) to work on /home/airflow/.local/lib/python3.7/site-packages/airflow/example_dags/example_latest_only.py
[2024-05-09T15:21:20.196+0000] {processor.py:758} INFO - Processing file /home/airflow/.local/lib/python3.7/site-packages/airflow/example_dags/example_latest_only.py for tasks to queue
[2024-05-09T15:21:20.197+0000] {logging_mixin.py:117} INFO - [2024-05-09T15:21:20.196+0000] {dagbag.py:525} INFO - Filling up the DagBag from /home/airflow/.local/lib/python3.7/site-packages/airflow/example_dags/example_latest_only.py
[2024-05-09T15:21:20.210+0000] {processor.py:768} INFO - DAG(s) dict_keys(['latest_only']) retrieved from /home/airflow/.local/lib/python3.7/site-packages/airflow/example_dags/example_latest_only.py
[2024-05-09T15:21:20.242+0000] {logging_mixin.py:117} INFO - [2024-05-09T15:21:20.242+0000] {dag.py:2573} INFO - Sync 1 DAGs
[2024-05-09T15:21:20.266+0000] {logging_mixin.py:117} INFO - [2024-05-09T15:21:20.266+0000] {dag.py:3328} INFO - Setting next_dagrun for latest_only to 2024-05-09T11:21:20.266531+00:00, run_after=2024-05-09T15:21:20.266531+00:00
[2024-05-09T15:21:20.290+0000] {processor.py:178} INFO - Processing /home/airflow/.local/lib/python3.7/site-packages/airflow/example_dags/example_latest_only.py took 0.099 seconds
[2024-05-09T16:29:52.006+0000] {processor.py:156} INFO - Started process (PID=205) to work on /home/airflow/.local/lib/python3.7/site-packages/airflow/example_dags/example_latest_only.py
[2024-05-09T16:29:52.014+0000] {processor.py:758} INFO - Processing file /home/airflow/.local/lib/python3.7/site-packages/airflow/example_dags/example_latest_only.py for tasks to queue
[2024-05-09T16:29:52.015+0000] {logging_mixin.py:117} INFO - [2024-05-09T16:29:52.015+0000] {dagbag.py:525} INFO - Filling up the DagBag from /home/airflow/.local/lib/python3.7/site-packages/airflow/example_dags/example_latest_only.py
[2024-05-09T16:29:52.038+0000] {processor.py:768} INFO - DAG(s) dict_keys(['latest_only']) retrieved from /home/airflow/.local/lib/python3.7/site-packages/airflow/example_dags/example_latest_only.py
[2024-05-09T16:29:52.074+0000] {logging_mixin.py:117} INFO - [2024-05-09T16:29:52.074+0000] {dag.py:2573} INFO - Sync 1 DAGs
[2024-05-09T16:29:52.100+0000] {logging_mixin.py:117} INFO - [2024-05-09T16:29:52.100+0000] {dag.py:3328} INFO - Setting next_dagrun for latest_only to 2024-05-09T12:29:52.100510+00:00, run_after=2024-05-09T16:29:52.100510+00:00
[2024-05-09T16:29:52.131+0000] {processor.py:178} INFO - Processing /home/airflow/.local/lib/python3.7/site-packages/airflow/example_dags/example_latest_only.py took 0.127 seconds
[2024-05-09T16:30:25.976+0000] {processor.py:156} INFO - Started process (PID=195) to work on /home/airflow/.local/lib/python3.7/site-packages/airflow/example_dags/example_latest_only.py
[2024-05-09T16:30:25.977+0000] {processor.py:758} INFO - Processing file /home/airflow/.local/lib/python3.7/site-packages/airflow/example_dags/example_latest_only.py for tasks to queue
[2024-05-09T16:30:25.977+0000] {logging_mixin.py:117} INFO - [2024-05-09T16:30:25.977+0000] {dagbag.py:525} INFO - Filling up the DagBag from /home/airflow/.local/lib/python3.7/site-packages/airflow/example_dags/example_latest_only.py
[2024-05-09T16:30:25.990+0000] {processor.py:768} INFO - DAG(s) dict_keys(['latest_only']) retrieved from /home/airflow/.local/lib/python3.7/site-packages/airflow/example_dags/example_latest_only.py
[2024-05-09T16:30:26.023+0000] {logging_mixin.py:117} INFO - [2024-05-09T16:30:26.023+0000] {dag.py:2573} INFO - Sync 1 DAGs
[2024-05-09T16:30:26.044+0000] {logging_mixin.py:117} INFO - [2024-05-09T16:30:26.044+0000] {dag.py:3328} INFO - Setting next_dagrun for latest_only to 2024-05-09T12:30:26.044215+00:00, run_after=2024-05-09T16:30:26.044215+00:00
[2024-05-09T16:30:26.064+0000] {processor.py:178} INFO - Processing /home/airflow/.local/lib/python3.7/site-packages/airflow/example_dags/example_latest_only.py took 0.090 seconds
