[2024-05-09T15:15:13.542+0000] {processor.py:156} INFO - Started process (PID=246) to work on /home/airflow/.local/lib/python3.7/site-packages/airflow/example_dags/example_time_delta_sensor_async.py
[2024-05-09T15:15:13.544+0000] {processor.py:758} INFO - Processing file /home/airflow/.local/lib/python3.7/site-packages/airflow/example_dags/example_time_delta_sensor_async.py for tasks to queue
[2024-05-09T15:15:13.545+0000] {logging_mixin.py:117} INFO - [2024-05-09T15:15:13.545+0000] {dagbag.py:525} INFO - Filling up the DagBag from /home/airflow/.local/lib/python3.7/site-packages/airflow/example_dags/example_time_delta_sensor_async.py
[2024-05-09T15:15:13.573+0000] {processor.py:768} INFO - DAG(s) dict_keys(['example_time_delta_sensor_async']) retrieved from /home/airflow/.local/lib/python3.7/site-packages/airflow/example_dags/example_time_delta_sensor_async.py
[2024-05-09T15:15:14.259+0000] {logging_mixin.py:117} INFO - [2024-05-09T15:15:14.259+0000] {manager.py:507} INFO - Created Permission View: can delete on DAG:example_time_delta_sensor_async
[2024-05-09T15:15:14.280+0000] {logging_mixin.py:117} INFO - [2024-05-09T15:15:14.280+0000] {manager.py:507} INFO - Created Permission View: can read on DAG:example_time_delta_sensor_async
[2024-05-09T15:15:14.299+0000] {logging_mixin.py:117} INFO - [2024-05-09T15:15:14.298+0000] {manager.py:507} INFO - Created Permission View: can edit on DAG:example_time_delta_sensor_async
[2024-05-09T15:15:14.299+0000] {logging_mixin.py:117} INFO - [2024-05-09T15:15:14.299+0000] {dag.py:2573} INFO - Sync 1 DAGs
[2024-05-09T15:15:14.323+0000] {logging_mixin.py:117} INFO - [2024-05-09T15:15:14.323+0000] {dag.py:2594} INFO - Creating ORM DAG for example_time_delta_sensor_async
[2024-05-09T15:15:14.339+0000] {logging_mixin.py:117} INFO - [2024-05-09T15:15:14.338+0000] {dag.py:3328} INFO - Setting next_dagrun for example_time_delta_sensor_async to None, run_after=None
[2024-05-09T15:15:14.383+0000] {processor.py:178} INFO - Processing /home/airflow/.local/lib/python3.7/site-packages/airflow/example_dags/example_time_delta_sensor_async.py took 0.848 seconds
[2024-05-09T15:15:44.898+0000] {processor.py:156} INFO - Started process (PID=460) to work on /home/airflow/.local/lib/python3.7/site-packages/airflow/example_dags/example_time_delta_sensor_async.py
[2024-05-09T15:15:44.899+0000] {processor.py:758} INFO - Processing file /home/airflow/.local/lib/python3.7/site-packages/airflow/example_dags/example_time_delta_sensor_async.py for tasks to queue
[2024-05-09T15:15:44.900+0000] {logging_mixin.py:117} INFO - [2024-05-09T15:15:44.900+0000] {dagbag.py:525} INFO - Filling up the DagBag from /home/airflow/.local/lib/python3.7/site-packages/airflow/example_dags/example_time_delta_sensor_async.py
[2024-05-09T15:15:44.916+0000] {processor.py:768} INFO - DAG(s) dict_keys(['example_time_delta_sensor_async']) retrieved from /home/airflow/.local/lib/python3.7/site-packages/airflow/example_dags/example_time_delta_sensor_async.py
[2024-05-09T15:15:45.109+0000] {logging_mixin.py:117} INFO - [2024-05-09T15:15:45.108+0000] {dag.py:2573} INFO - Sync 1 DAGs
[2024-05-09T15:15:45.249+0000] {logging_mixin.py:117} INFO - [2024-05-09T15:15:45.248+0000] {dag.py:3328} INFO - Setting next_dagrun for example_time_delta_sensor_async to None, run_after=None
[2024-05-09T15:15:45.271+0000] {processor.py:178} INFO - Processing /home/airflow/.local/lib/python3.7/site-packages/airflow/example_dags/example_time_delta_sensor_async.py took 0.375 seconds
[2024-05-09T15:16:15.472+0000] {processor.py:156} INFO - Started process (PID=665) to work on /home/airflow/.local/lib/python3.7/site-packages/airflow/example_dags/example_time_delta_sensor_async.py
[2024-05-09T15:16:15.472+0000] {processor.py:758} INFO - Processing file /home/airflow/.local/lib/python3.7/site-packages/airflow/example_dags/example_time_delta_sensor_async.py for tasks to queue
[2024-05-09T15:16:15.473+0000] {logging_mixin.py:117} INFO - [2024-05-09T15:16:15.473+0000] {dagbag.py:525} INFO - Filling up the DagBag from /home/airflow/.local/lib/python3.7/site-packages/airflow/example_dags/example_time_delta_sensor_async.py
[2024-05-09T15:16:15.483+0000] {processor.py:768} INFO - DAG(s) dict_keys(['example_time_delta_sensor_async']) retrieved from /home/airflow/.local/lib/python3.7/site-packages/airflow/example_dags/example_time_delta_sensor_async.py
[2024-05-09T15:16:15.758+0000] {logging_mixin.py:117} INFO - [2024-05-09T15:16:15.757+0000] {dag.py:2573} INFO - Sync 1 DAGs
[2024-05-09T15:16:15.776+0000] {logging_mixin.py:117} INFO - [2024-05-09T15:16:15.776+0000] {dag.py:3328} INFO - Setting next_dagrun for example_time_delta_sensor_async to None, run_after=None
[2024-05-09T15:16:15.795+0000] {processor.py:178} INFO - Processing /home/airflow/.local/lib/python3.7/site-packages/airflow/example_dags/example_time_delta_sensor_async.py took 0.326 seconds
[2024-05-09T15:16:46.130+0000] {processor.py:156} INFO - Started process (PID=878) to work on /home/airflow/.local/lib/python3.7/site-packages/airflow/example_dags/example_time_delta_sensor_async.py
[2024-05-09T15:16:46.131+0000] {processor.py:758} INFO - Processing file /home/airflow/.local/lib/python3.7/site-packages/airflow/example_dags/example_time_delta_sensor_async.py for tasks to queue
[2024-05-09T15:16:46.132+0000] {logging_mixin.py:117} INFO - [2024-05-09T15:16:46.131+0000] {dagbag.py:525} INFO - Filling up the DagBag from /home/airflow/.local/lib/python3.7/site-packages/airflow/example_dags/example_time_delta_sensor_async.py
[2024-05-09T15:16:46.146+0000] {processor.py:768} INFO - DAG(s) dict_keys(['example_time_delta_sensor_async']) retrieved from /home/airflow/.local/lib/python3.7/site-packages/airflow/example_dags/example_time_delta_sensor_async.py
[2024-05-09T15:16:46.426+0000] {logging_mixin.py:117} INFO - [2024-05-09T15:16:46.426+0000] {dag.py:2573} INFO - Sync 1 DAGs
[2024-05-09T15:16:46.445+0000] {logging_mixin.py:117} INFO - [2024-05-09T15:16:46.445+0000] {dag.py:3328} INFO - Setting next_dagrun for example_time_delta_sensor_async to None, run_after=None
[2024-05-09T15:16:46.465+0000] {processor.py:178} INFO - Processing /home/airflow/.local/lib/python3.7/site-packages/airflow/example_dags/example_time_delta_sensor_async.py took 0.339 seconds
[2024-05-09T15:17:16.686+0000] {processor.py:156} INFO - Started process (PID=1092) to work on /home/airflow/.local/lib/python3.7/site-packages/airflow/example_dags/example_time_delta_sensor_async.py
[2024-05-09T15:17:16.686+0000] {processor.py:758} INFO - Processing file /home/airflow/.local/lib/python3.7/site-packages/airflow/example_dags/example_time_delta_sensor_async.py for tasks to queue
[2024-05-09T15:17:16.687+0000] {logging_mixin.py:117} INFO - [2024-05-09T15:17:16.687+0000] {dagbag.py:525} INFO - Filling up the DagBag from /home/airflow/.local/lib/python3.7/site-packages/airflow/example_dags/example_time_delta_sensor_async.py
[2024-05-09T15:17:16.697+0000] {processor.py:768} INFO - DAG(s) dict_keys(['example_time_delta_sensor_async']) retrieved from /home/airflow/.local/lib/python3.7/site-packages/airflow/example_dags/example_time_delta_sensor_async.py
[2024-05-09T15:17:16.972+0000] {logging_mixin.py:117} INFO - [2024-05-09T15:17:16.972+0000] {dag.py:2573} INFO - Sync 1 DAGs
[2024-05-09T15:17:16.990+0000] {logging_mixin.py:117} INFO - [2024-05-09T15:17:16.990+0000] {dag.py:3328} INFO - Setting next_dagrun for example_time_delta_sensor_async to None, run_after=None
[2024-05-09T15:17:17.010+0000] {processor.py:178} INFO - Processing /home/airflow/.local/lib/python3.7/site-packages/airflow/example_dags/example_time_delta_sensor_async.py took 0.327 seconds
[2024-05-09T15:17:47.423+0000] {processor.py:156} INFO - Started process (PID=1297) to work on /home/airflow/.local/lib/python3.7/site-packages/airflow/example_dags/example_time_delta_sensor_async.py
[2024-05-09T15:17:47.424+0000] {processor.py:758} INFO - Processing file /home/airflow/.local/lib/python3.7/site-packages/airflow/example_dags/example_time_delta_sensor_async.py for tasks to queue
[2024-05-09T15:17:47.424+0000] {logging_mixin.py:117} INFO - [2024-05-09T15:17:47.424+0000] {dagbag.py:525} INFO - Filling up the DagBag from /home/airflow/.local/lib/python3.7/site-packages/airflow/example_dags/example_time_delta_sensor_async.py
[2024-05-09T15:17:47.436+0000] {processor.py:768} INFO - DAG(s) dict_keys(['example_time_delta_sensor_async']) retrieved from /home/airflow/.local/lib/python3.7/site-packages/airflow/example_dags/example_time_delta_sensor_async.py
[2024-05-09T15:17:47.709+0000] {logging_mixin.py:117} INFO - [2024-05-09T15:17:47.709+0000] {dag.py:2573} INFO - Sync 1 DAGs
[2024-05-09T15:17:47.730+0000] {logging_mixin.py:117} INFO - [2024-05-09T15:17:47.730+0000] {dag.py:3328} INFO - Setting next_dagrun for example_time_delta_sensor_async to None, run_after=None
[2024-05-09T15:17:47.760+0000] {processor.py:178} INFO - Processing /home/airflow/.local/lib/python3.7/site-packages/airflow/example_dags/example_time_delta_sensor_async.py took 0.340 seconds
[2024-05-09T15:18:18.329+0000] {processor.py:156} INFO - Started process (PID=1510) to work on /home/airflow/.local/lib/python3.7/site-packages/airflow/example_dags/example_time_delta_sensor_async.py
[2024-05-09T15:18:18.330+0000] {processor.py:758} INFO - Processing file /home/airflow/.local/lib/python3.7/site-packages/airflow/example_dags/example_time_delta_sensor_async.py for tasks to queue
[2024-05-09T15:18:18.331+0000] {logging_mixin.py:117} INFO - [2024-05-09T15:18:18.330+0000] {dagbag.py:525} INFO - Filling up the DagBag from /home/airflow/.local/lib/python3.7/site-packages/airflow/example_dags/example_time_delta_sensor_async.py
[2024-05-09T15:18:18.343+0000] {processor.py:768} INFO - DAG(s) dict_keys(['example_time_delta_sensor_async']) retrieved from /home/airflow/.local/lib/python3.7/site-packages/airflow/example_dags/example_time_delta_sensor_async.py
[2024-05-09T15:18:18.560+0000] {logging_mixin.py:117} INFO - [2024-05-09T15:18:18.560+0000] {dag.py:2573} INFO - Sync 1 DAGs
[2024-05-09T15:18:18.584+0000] {logging_mixin.py:117} INFO - [2024-05-09T15:18:18.584+0000] {dag.py:3328} INFO - Setting next_dagrun for example_time_delta_sensor_async to None, run_after=None
[2024-05-09T15:18:18.605+0000] {processor.py:178} INFO - Processing /home/airflow/.local/lib/python3.7/site-packages/airflow/example_dags/example_time_delta_sensor_async.py took 0.408 seconds
[2024-05-09T15:18:48.671+0000] {processor.py:156} INFO - Started process (PID=1724) to work on /home/airflow/.local/lib/python3.7/site-packages/airflow/example_dags/example_time_delta_sensor_async.py
[2024-05-09T15:18:48.672+0000] {processor.py:758} INFO - Processing file /home/airflow/.local/lib/python3.7/site-packages/airflow/example_dags/example_time_delta_sensor_async.py for tasks to queue
[2024-05-09T15:18:48.672+0000] {logging_mixin.py:117} INFO - [2024-05-09T15:18:48.672+0000] {dagbag.py:525} INFO - Filling up the DagBag from /home/airflow/.local/lib/python3.7/site-packages/airflow/example_dags/example_time_delta_sensor_async.py
[2024-05-09T15:18:48.683+0000] {processor.py:768} INFO - DAG(s) dict_keys(['example_time_delta_sensor_async']) retrieved from /home/airflow/.local/lib/python3.7/site-packages/airflow/example_dags/example_time_delta_sensor_async.py
[2024-05-09T15:18:48.844+0000] {logging_mixin.py:117} INFO - [2024-05-09T15:18:48.844+0000] {dag.py:2573} INFO - Sync 1 DAGs
[2024-05-09T15:18:48.863+0000] {logging_mixin.py:117} INFO - [2024-05-09T15:18:48.863+0000] {dag.py:3328} INFO - Setting next_dagrun for example_time_delta_sensor_async to None, run_after=None
[2024-05-09T15:18:48.884+0000] {processor.py:178} INFO - Processing /home/airflow/.local/lib/python3.7/site-packages/airflow/example_dags/example_time_delta_sensor_async.py took 0.216 seconds
[2024-05-09T15:19:19.544+0000] {processor.py:156} INFO - Started process (PID=1938) to work on /home/airflow/.local/lib/python3.7/site-packages/airflow/example_dags/example_time_delta_sensor_async.py
[2024-05-09T15:19:19.544+0000] {processor.py:758} INFO - Processing file /home/airflow/.local/lib/python3.7/site-packages/airflow/example_dags/example_time_delta_sensor_async.py for tasks to queue
[2024-05-09T15:19:19.545+0000] {logging_mixin.py:117} INFO - [2024-05-09T15:19:19.545+0000] {dagbag.py:525} INFO - Filling up the DagBag from /home/airflow/.local/lib/python3.7/site-packages/airflow/example_dags/example_time_delta_sensor_async.py
[2024-05-09T15:19:19.560+0000] {processor.py:768} INFO - DAG(s) dict_keys(['example_time_delta_sensor_async']) retrieved from /home/airflow/.local/lib/python3.7/site-packages/airflow/example_dags/example_time_delta_sensor_async.py
[2024-05-09T15:19:19.741+0000] {logging_mixin.py:117} INFO - [2024-05-09T15:19:19.741+0000] {dag.py:2573} INFO - Sync 1 DAGs
[2024-05-09T15:19:19.762+0000] {logging_mixin.py:117} INFO - [2024-05-09T15:19:19.761+0000] {dag.py:3328} INFO - Setting next_dagrun for example_time_delta_sensor_async to None, run_after=None
[2024-05-09T15:19:19.780+0000] {processor.py:178} INFO - Processing /home/airflow/.local/lib/python3.7/site-packages/airflow/example_dags/example_time_delta_sensor_async.py took 0.240 seconds
[2024-05-09T15:19:50.205+0000] {processor.py:156} INFO - Started process (PID=2142) to work on /home/airflow/.local/lib/python3.7/site-packages/airflow/example_dags/example_time_delta_sensor_async.py
[2024-05-09T15:19:50.205+0000] {processor.py:758} INFO - Processing file /home/airflow/.local/lib/python3.7/site-packages/airflow/example_dags/example_time_delta_sensor_async.py for tasks to queue
[2024-05-09T15:19:50.206+0000] {logging_mixin.py:117} INFO - [2024-05-09T15:19:50.206+0000] {dagbag.py:525} INFO - Filling up the DagBag from /home/airflow/.local/lib/python3.7/site-packages/airflow/example_dags/example_time_delta_sensor_async.py
[2024-05-09T15:19:50.217+0000] {processor.py:768} INFO - DAG(s) dict_keys(['example_time_delta_sensor_async']) retrieved from /home/airflow/.local/lib/python3.7/site-packages/airflow/example_dags/example_time_delta_sensor_async.py
[2024-05-09T15:19:50.417+0000] {logging_mixin.py:117} INFO - [2024-05-09T15:19:50.417+0000] {dag.py:2573} INFO - Sync 1 DAGs
[2024-05-09T15:19:50.445+0000] {logging_mixin.py:117} INFO - [2024-05-09T15:19:50.445+0000] {dag.py:3328} INFO - Setting next_dagrun for example_time_delta_sensor_async to None, run_after=None
[2024-05-09T15:19:50.468+0000] {processor.py:178} INFO - Processing /home/airflow/.local/lib/python3.7/site-packages/airflow/example_dags/example_time_delta_sensor_async.py took 0.265 seconds
[2024-05-09T15:20:21.028+0000] {processor.py:156} INFO - Started process (PID=2356) to work on /home/airflow/.local/lib/python3.7/site-packages/airflow/example_dags/example_time_delta_sensor_async.py
[2024-05-09T15:20:21.028+0000] {processor.py:758} INFO - Processing file /home/airflow/.local/lib/python3.7/site-packages/airflow/example_dags/example_time_delta_sensor_async.py for tasks to queue
[2024-05-09T15:20:21.029+0000] {logging_mixin.py:117} INFO - [2024-05-09T15:20:21.029+0000] {dagbag.py:525} INFO - Filling up the DagBag from /home/airflow/.local/lib/python3.7/site-packages/airflow/example_dags/example_time_delta_sensor_async.py
[2024-05-09T15:20:21.040+0000] {processor.py:768} INFO - DAG(s) dict_keys(['example_time_delta_sensor_async']) retrieved from /home/airflow/.local/lib/python3.7/site-packages/airflow/example_dags/example_time_delta_sensor_async.py
[2024-05-09T15:20:21.219+0000] {logging_mixin.py:117} INFO - [2024-05-09T15:20:21.219+0000] {dag.py:2573} INFO - Sync 1 DAGs
[2024-05-09T15:20:21.244+0000] {logging_mixin.py:117} INFO - [2024-05-09T15:20:21.244+0000] {dag.py:3328} INFO - Setting next_dagrun for example_time_delta_sensor_async to None, run_after=None
[2024-05-09T15:20:21.264+0000] {processor.py:178} INFO - Processing /home/airflow/.local/lib/python3.7/site-packages/airflow/example_dags/example_time_delta_sensor_async.py took 0.238 seconds
[2024-05-09T15:20:51.976+0000] {processor.py:156} INFO - Started process (PID=2569) to work on /home/airflow/.local/lib/python3.7/site-packages/airflow/example_dags/example_time_delta_sensor_async.py
[2024-05-09T15:20:51.977+0000] {processor.py:758} INFO - Processing file /home/airflow/.local/lib/python3.7/site-packages/airflow/example_dags/example_time_delta_sensor_async.py for tasks to queue
[2024-05-09T15:20:51.977+0000] {logging_mixin.py:117} INFO - [2024-05-09T15:20:51.977+0000] {dagbag.py:525} INFO - Filling up the DagBag from /home/airflow/.local/lib/python3.7/site-packages/airflow/example_dags/example_time_delta_sensor_async.py
[2024-05-09T15:20:51.992+0000] {processor.py:768} INFO - DAG(s) dict_keys(['example_time_delta_sensor_async']) retrieved from /home/airflow/.local/lib/python3.7/site-packages/airflow/example_dags/example_time_delta_sensor_async.py
[2024-05-09T15:20:52.167+0000] {logging_mixin.py:117} INFO - [2024-05-09T15:20:52.167+0000] {dag.py:2573} INFO - Sync 1 DAGs
[2024-05-09T15:20:52.187+0000] {logging_mixin.py:117} INFO - [2024-05-09T15:20:52.187+0000] {dag.py:3328} INFO - Setting next_dagrun for example_time_delta_sensor_async to None, run_after=None
[2024-05-09T15:20:52.207+0000] {processor.py:178} INFO - Processing /home/airflow/.local/lib/python3.7/site-packages/airflow/example_dags/example_time_delta_sensor_async.py took 0.234 seconds
[2024-05-09T15:21:22.827+0000] {processor.py:156} INFO - Started process (PID=2782) to work on /home/airflow/.local/lib/python3.7/site-packages/airflow/example_dags/example_time_delta_sensor_async.py
[2024-05-09T15:21:22.827+0000] {processor.py:758} INFO - Processing file /home/airflow/.local/lib/python3.7/site-packages/airflow/example_dags/example_time_delta_sensor_async.py for tasks to queue
[2024-05-09T15:21:22.828+0000] {logging_mixin.py:117} INFO - [2024-05-09T15:21:22.828+0000] {dagbag.py:525} INFO - Filling up the DagBag from /home/airflow/.local/lib/python3.7/site-packages/airflow/example_dags/example_time_delta_sensor_async.py
[2024-05-09T15:21:22.839+0000] {processor.py:768} INFO - DAG(s) dict_keys(['example_time_delta_sensor_async']) retrieved from /home/airflow/.local/lib/python3.7/site-packages/airflow/example_dags/example_time_delta_sensor_async.py
[2024-05-09T15:21:23.039+0000] {logging_mixin.py:117} INFO - [2024-05-09T15:21:23.038+0000] {dag.py:2573} INFO - Sync 1 DAGs
[2024-05-09T15:21:23.067+0000] {logging_mixin.py:117} INFO - [2024-05-09T15:21:23.067+0000] {dag.py:3328} INFO - Setting next_dagrun for example_time_delta_sensor_async to None, run_after=None
[2024-05-09T15:21:23.088+0000] {processor.py:178} INFO - Processing /home/airflow/.local/lib/python3.7/site-packages/airflow/example_dags/example_time_delta_sensor_async.py took 0.264 seconds
[2024-05-09T16:29:52.946+0000] {processor.py:156} INFO - Started process (PID=245) to work on /home/airflow/.local/lib/python3.7/site-packages/airflow/example_dags/example_time_delta_sensor_async.py
[2024-05-09T16:29:52.948+0000] {processor.py:758} INFO - Processing file /home/airflow/.local/lib/python3.7/site-packages/airflow/example_dags/example_time_delta_sensor_async.py for tasks to queue
[2024-05-09T16:29:52.949+0000] {logging_mixin.py:117} INFO - [2024-05-09T16:29:52.949+0000] {dagbag.py:525} INFO - Filling up the DagBag from /home/airflow/.local/lib/python3.7/site-packages/airflow/example_dags/example_time_delta_sensor_async.py
[2024-05-09T16:29:52.964+0000] {processor.py:768} INFO - DAG(s) dict_keys(['example_time_delta_sensor_async']) retrieved from /home/airflow/.local/lib/python3.7/site-packages/airflow/example_dags/example_time_delta_sensor_async.py
[2024-05-09T16:29:53.162+0000] {logging_mixin.py:117} INFO - [2024-05-09T16:29:53.162+0000] {dag.py:2573} INFO - Sync 1 DAGs
[2024-05-09T16:29:53.184+0000] {logging_mixin.py:117} INFO - [2024-05-09T16:29:53.184+0000] {dag.py:3328} INFO - Setting next_dagrun for example_time_delta_sensor_async to None, run_after=None
[2024-05-09T16:29:53.212+0000] {processor.py:178} INFO - Processing /home/airflow/.local/lib/python3.7/site-packages/airflow/example_dags/example_time_delta_sensor_async.py took 0.268 seconds
[2024-05-09T16:30:26.662+0000] {processor.py:156} INFO - Started process (PID=235) to work on /home/airflow/.local/lib/python3.7/site-packages/airflow/example_dags/example_time_delta_sensor_async.py
[2024-05-09T16:30:26.663+0000] {processor.py:758} INFO - Processing file /home/airflow/.local/lib/python3.7/site-packages/airflow/example_dags/example_time_delta_sensor_async.py for tasks to queue
[2024-05-09T16:30:26.664+0000] {logging_mixin.py:117} INFO - [2024-05-09T16:30:26.663+0000] {dagbag.py:525} INFO - Filling up the DagBag from /home/airflow/.local/lib/python3.7/site-packages/airflow/example_dags/example_time_delta_sensor_async.py
[2024-05-09T16:30:26.691+0000] {processor.py:768} INFO - DAG(s) dict_keys(['example_time_delta_sensor_async']) retrieved from /home/airflow/.local/lib/python3.7/site-packages/airflow/example_dags/example_time_delta_sensor_async.py
[2024-05-09T16:30:26.928+0000] {logging_mixin.py:117} INFO - [2024-05-09T16:30:26.928+0000] {dag.py:2573} INFO - Sync 1 DAGs
[2024-05-09T16:30:26.948+0000] {logging_mixin.py:117} INFO - [2024-05-09T16:30:26.947+0000] {dag.py:3328} INFO - Setting next_dagrun for example_time_delta_sensor_async to None, run_after=None
[2024-05-09T16:30:26.968+0000] {processor.py:178} INFO - Processing /home/airflow/.local/lib/python3.7/site-packages/airflow/example_dags/example_time_delta_sensor_async.py took 0.309 seconds
[2024-05-09T16:30:57.579+0000] {processor.py:156} INFO - Started process (PID=448) to work on /home/airflow/.local/lib/python3.7/site-packages/airflow/example_dags/example_time_delta_sensor_async.py
[2024-05-09T16:30:57.580+0000] {processor.py:758} INFO - Processing file /home/airflow/.local/lib/python3.7/site-packages/airflow/example_dags/example_time_delta_sensor_async.py for tasks to queue
[2024-05-09T16:30:57.581+0000] {logging_mixin.py:117} INFO - [2024-05-09T16:30:57.581+0000] {dagbag.py:525} INFO - Filling up the DagBag from /home/airflow/.local/lib/python3.7/site-packages/airflow/example_dags/example_time_delta_sensor_async.py
[2024-05-09T16:30:57.594+0000] {processor.py:768} INFO - DAG(s) dict_keys(['example_time_delta_sensor_async']) retrieved from /home/airflow/.local/lib/python3.7/site-packages/airflow/example_dags/example_time_delta_sensor_async.py
[2024-05-09T16:30:57.791+0000] {logging_mixin.py:117} INFO - [2024-05-09T16:30:57.791+0000] {dag.py:2573} INFO - Sync 1 DAGs
[2024-05-09T16:30:57.816+0000] {logging_mixin.py:117} INFO - [2024-05-09T16:30:57.816+0000] {dag.py:3328} INFO - Setting next_dagrun for example_time_delta_sensor_async to None, run_after=None
[2024-05-09T16:30:57.836+0000] {processor.py:178} INFO - Processing /home/airflow/.local/lib/python3.7/site-packages/airflow/example_dags/example_time_delta_sensor_async.py took 0.260 seconds
[2024-05-09T16:31:28.990+0000] {processor.py:156} INFO - Started process (PID=662) to work on /home/airflow/.local/lib/python3.7/site-packages/airflow/example_dags/example_time_delta_sensor_async.py
[2024-05-09T16:31:28.991+0000] {processor.py:758} INFO - Processing file /home/airflow/.local/lib/python3.7/site-packages/airflow/example_dags/example_time_delta_sensor_async.py for tasks to queue
[2024-05-09T16:31:28.992+0000] {logging_mixin.py:117} INFO - [2024-05-09T16:31:28.992+0000] {dagbag.py:525} INFO - Filling up the DagBag from /home/airflow/.local/lib/python3.7/site-packages/airflow/example_dags/example_time_delta_sensor_async.py
[2024-05-09T16:31:29.005+0000] {processor.py:768} INFO - DAG(s) dict_keys(['example_time_delta_sensor_async']) retrieved from /home/airflow/.local/lib/python3.7/site-packages/airflow/example_dags/example_time_delta_sensor_async.py
[2024-05-09T16:31:29.177+0000] {logging_mixin.py:117} INFO - [2024-05-09T16:31:29.177+0000] {dag.py:2573} INFO - Sync 1 DAGs
[2024-05-09T16:31:29.207+0000] {logging_mixin.py:117} INFO - [2024-05-09T16:31:29.207+0000] {dag.py:3328} INFO - Setting next_dagrun for example_time_delta_sensor_async to None, run_after=None
[2024-05-09T16:31:29.232+0000] {processor.py:178} INFO - Processing /home/airflow/.local/lib/python3.7/site-packages/airflow/example_dags/example_time_delta_sensor_async.py took 0.244 seconds
[2024-05-09T16:31:59.996+0000] {processor.py:156} INFO - Started process (PID=867) to work on /home/airflow/.local/lib/python3.7/site-packages/airflow/example_dags/example_time_delta_sensor_async.py
[2024-05-09T16:31:59.997+0000] {processor.py:758} INFO - Processing file /home/airflow/.local/lib/python3.7/site-packages/airflow/example_dags/example_time_delta_sensor_async.py for tasks to queue
[2024-05-09T16:31:59.998+0000] {logging_mixin.py:117} INFO - [2024-05-09T16:31:59.998+0000] {dagbag.py:525} INFO - Filling up the DagBag from /home/airflow/.local/lib/python3.7/site-packages/airflow/example_dags/example_time_delta_sensor_async.py
[2024-05-09T16:32:00.011+0000] {processor.py:768} INFO - DAG(s) dict_keys(['example_time_delta_sensor_async']) retrieved from /home/airflow/.local/lib/python3.7/site-packages/airflow/example_dags/example_time_delta_sensor_async.py
[2024-05-09T16:32:00.180+0000] {logging_mixin.py:117} INFO - [2024-05-09T16:32:00.180+0000] {dag.py:2573} INFO - Sync 1 DAGs
[2024-05-09T16:32:00.201+0000] {logging_mixin.py:117} INFO - [2024-05-09T16:32:00.201+0000] {dag.py:3328} INFO - Setting next_dagrun for example_time_delta_sensor_async to None, run_after=None
[2024-05-09T16:32:00.220+0000] {processor.py:178} INFO - Processing /home/airflow/.local/lib/python3.7/site-packages/airflow/example_dags/example_time_delta_sensor_async.py took 0.226 seconds
[2024-05-09T16:32:30.886+0000] {processor.py:156} INFO - Started process (PID=1080) to work on /home/airflow/.local/lib/python3.7/site-packages/airflow/example_dags/example_time_delta_sensor_async.py
[2024-05-09T16:32:30.886+0000] {processor.py:758} INFO - Processing file /home/airflow/.local/lib/python3.7/site-packages/airflow/example_dags/example_time_delta_sensor_async.py for tasks to queue
[2024-05-09T16:32:30.887+0000] {logging_mixin.py:117} INFO - [2024-05-09T16:32:30.886+0000] {dagbag.py:525} INFO - Filling up the DagBag from /home/airflow/.local/lib/python3.7/site-packages/airflow/example_dags/example_time_delta_sensor_async.py
[2024-05-09T16:32:30.897+0000] {processor.py:768} INFO - DAG(s) dict_keys(['example_time_delta_sensor_async']) retrieved from /home/airflow/.local/lib/python3.7/site-packages/airflow/example_dags/example_time_delta_sensor_async.py
[2024-05-09T16:32:31.075+0000] {logging_mixin.py:117} INFO - [2024-05-09T16:32:31.074+0000] {dag.py:2573} INFO - Sync 1 DAGs
[2024-05-09T16:32:31.223+0000] {logging_mixin.py:117} INFO - [2024-05-09T16:32:31.223+0000] {dag.py:3328} INFO - Setting next_dagrun for example_time_delta_sensor_async to None, run_after=None
[2024-05-09T16:32:31.246+0000] {processor.py:178} INFO - Processing /home/airflow/.local/lib/python3.7/site-packages/airflow/example_dags/example_time_delta_sensor_async.py took 0.363 seconds
[2024-05-09T16:33:01.632+0000] {processor.py:156} INFO - Started process (PID=1293) to work on /home/airflow/.local/lib/python3.7/site-packages/airflow/example_dags/example_time_delta_sensor_async.py
[2024-05-09T16:33:01.633+0000] {processor.py:758} INFO - Processing file /home/airflow/.local/lib/python3.7/site-packages/airflow/example_dags/example_time_delta_sensor_async.py for tasks to queue
[2024-05-09T16:33:01.634+0000] {logging_mixin.py:117} INFO - [2024-05-09T16:33:01.634+0000] {dagbag.py:525} INFO - Filling up the DagBag from /home/airflow/.local/lib/python3.7/site-packages/airflow/example_dags/example_time_delta_sensor_async.py
[2024-05-09T16:33:01.646+0000] {processor.py:768} INFO - DAG(s) dict_keys(['example_time_delta_sensor_async']) retrieved from /home/airflow/.local/lib/python3.7/site-packages/airflow/example_dags/example_time_delta_sensor_async.py
[2024-05-09T16:33:01.827+0000] {logging_mixin.py:117} INFO - [2024-05-09T16:33:01.827+0000] {dag.py:2573} INFO - Sync 1 DAGs
[2024-05-09T16:33:01.964+0000] {logging_mixin.py:117} INFO - [2024-05-09T16:33:01.964+0000] {dag.py:3328} INFO - Setting next_dagrun for example_time_delta_sensor_async to None, run_after=None
[2024-05-09T16:33:01.988+0000] {processor.py:178} INFO - Processing /home/airflow/.local/lib/python3.7/site-packages/airflow/example_dags/example_time_delta_sensor_async.py took 0.358 seconds
[2024-05-09T16:33:32.841+0000] {processor.py:156} INFO - Started process (PID=1508) to work on /home/airflow/.local/lib/python3.7/site-packages/airflow/example_dags/example_time_delta_sensor_async.py
[2024-05-09T16:33:32.842+0000] {processor.py:758} INFO - Processing file /home/airflow/.local/lib/python3.7/site-packages/airflow/example_dags/example_time_delta_sensor_async.py for tasks to queue
[2024-05-09T16:33:32.842+0000] {logging_mixin.py:117} INFO - [2024-05-09T16:33:32.842+0000] {dagbag.py:525} INFO - Filling up the DagBag from /home/airflow/.local/lib/python3.7/site-packages/airflow/example_dags/example_time_delta_sensor_async.py
[2024-05-09T16:33:32.856+0000] {processor.py:768} INFO - DAG(s) dict_keys(['example_time_delta_sensor_async']) retrieved from /home/airflow/.local/lib/python3.7/site-packages/airflow/example_dags/example_time_delta_sensor_async.py
[2024-05-09T16:33:33.115+0000] {logging_mixin.py:117} INFO - [2024-05-09T16:33:33.115+0000] {dag.py:2573} INFO - Sync 1 DAGs
[2024-05-09T16:33:33.133+0000] {logging_mixin.py:117} INFO - [2024-05-09T16:33:33.133+0000] {dag.py:3328} INFO - Setting next_dagrun for example_time_delta_sensor_async to None, run_after=None
[2024-05-09T16:33:33.150+0000] {processor.py:178} INFO - Processing /home/airflow/.local/lib/python3.7/site-packages/airflow/example_dags/example_time_delta_sensor_async.py took 0.312 seconds
[2024-05-09T16:34:03.438+0000] {processor.py:156} INFO - Started process (PID=1712) to work on /home/airflow/.local/lib/python3.7/site-packages/airflow/example_dags/example_time_delta_sensor_async.py
[2024-05-09T16:34:03.439+0000] {processor.py:758} INFO - Processing file /home/airflow/.local/lib/python3.7/site-packages/airflow/example_dags/example_time_delta_sensor_async.py for tasks to queue
[2024-05-09T16:34:03.439+0000] {logging_mixin.py:117} INFO - [2024-05-09T16:34:03.439+0000] {dagbag.py:525} INFO - Filling up the DagBag from /home/airflow/.local/lib/python3.7/site-packages/airflow/example_dags/example_time_delta_sensor_async.py
[2024-05-09T16:34:03.451+0000] {processor.py:768} INFO - DAG(s) dict_keys(['example_time_delta_sensor_async']) retrieved from /home/airflow/.local/lib/python3.7/site-packages/airflow/example_dags/example_time_delta_sensor_async.py
[2024-05-09T16:34:03.717+0000] {logging_mixin.py:117} INFO - [2024-05-09T16:34:03.717+0000] {dag.py:2573} INFO - Sync 1 DAGs
[2024-05-09T16:34:03.735+0000] {logging_mixin.py:117} INFO - [2024-05-09T16:34:03.735+0000] {dag.py:3328} INFO - Setting next_dagrun for example_time_delta_sensor_async to None, run_after=None
[2024-05-09T16:34:03.756+0000] {processor.py:178} INFO - Processing /home/airflow/.local/lib/python3.7/site-packages/airflow/example_dags/example_time_delta_sensor_async.py took 0.320 seconds
[2024-05-09T16:34:34.123+0000] {processor.py:156} INFO - Started process (PID=1928) to work on /home/airflow/.local/lib/python3.7/site-packages/airflow/example_dags/example_time_delta_sensor_async.py
[2024-05-09T16:34:34.124+0000] {processor.py:758} INFO - Processing file /home/airflow/.local/lib/python3.7/site-packages/airflow/example_dags/example_time_delta_sensor_async.py for tasks to queue
[2024-05-09T16:34:34.124+0000] {logging_mixin.py:117} INFO - [2024-05-09T16:34:34.124+0000] {dagbag.py:525} INFO - Filling up the DagBag from /home/airflow/.local/lib/python3.7/site-packages/airflow/example_dags/example_time_delta_sensor_async.py
[2024-05-09T16:34:34.136+0000] {processor.py:768} INFO - DAG(s) dict_keys(['example_time_delta_sensor_async']) retrieved from /home/airflow/.local/lib/python3.7/site-packages/airflow/example_dags/example_time_delta_sensor_async.py
[2024-05-09T16:34:34.410+0000] {logging_mixin.py:117} INFO - [2024-05-09T16:34:34.410+0000] {dag.py:2573} INFO - Sync 1 DAGs
[2024-05-09T16:34:34.428+0000] {logging_mixin.py:117} INFO - [2024-05-09T16:34:34.428+0000] {dag.py:3328} INFO - Setting next_dagrun for example_time_delta_sensor_async to None, run_after=None
[2024-05-09T16:34:34.449+0000] {processor.py:178} INFO - Processing /home/airflow/.local/lib/python3.7/site-packages/airflow/example_dags/example_time_delta_sensor_async.py took 0.327 seconds
[2024-05-09T16:35:04.802+0000] {processor.py:156} INFO - Started process (PID=2141) to work on /home/airflow/.local/lib/python3.7/site-packages/airflow/example_dags/example_time_delta_sensor_async.py
[2024-05-09T16:35:04.802+0000] {processor.py:758} INFO - Processing file /home/airflow/.local/lib/python3.7/site-packages/airflow/example_dags/example_time_delta_sensor_async.py for tasks to queue
[2024-05-09T16:35:04.803+0000] {logging_mixin.py:117} INFO - [2024-05-09T16:35:04.803+0000] {dagbag.py:525} INFO - Filling up the DagBag from /home/airflow/.local/lib/python3.7/site-packages/airflow/example_dags/example_time_delta_sensor_async.py
[2024-05-09T16:35:04.820+0000] {processor.py:768} INFO - DAG(s) dict_keys(['example_time_delta_sensor_async']) retrieved from /home/airflow/.local/lib/python3.7/site-packages/airflow/example_dags/example_time_delta_sensor_async.py
[2024-05-09T16:35:05.028+0000] {logging_mixin.py:117} INFO - [2024-05-09T16:35:05.027+0000] {dag.py:2573} INFO - Sync 1 DAGs
[2024-05-09T16:35:05.184+0000] {logging_mixin.py:117} INFO - [2024-05-09T16:35:05.184+0000] {dag.py:3328} INFO - Setting next_dagrun for example_time_delta_sensor_async to None, run_after=None
[2024-05-09T16:35:05.206+0000] {processor.py:178} INFO - Processing /home/airflow/.local/lib/python3.7/site-packages/airflow/example_dags/example_time_delta_sensor_async.py took 0.407 seconds
[2024-05-09T16:35:35.252+0000] {processor.py:156} INFO - Started process (PID=2344) to work on /home/airflow/.local/lib/python3.7/site-packages/airflow/example_dags/example_time_delta_sensor_async.py
[2024-05-09T16:35:35.253+0000] {processor.py:758} INFO - Processing file /home/airflow/.local/lib/python3.7/site-packages/airflow/example_dags/example_time_delta_sensor_async.py for tasks to queue
[2024-05-09T16:35:35.253+0000] {logging_mixin.py:117} INFO - [2024-05-09T16:35:35.253+0000] {dagbag.py:525} INFO - Filling up the DagBag from /home/airflow/.local/lib/python3.7/site-packages/airflow/example_dags/example_time_delta_sensor_async.py
[2024-05-09T16:35:35.265+0000] {processor.py:768} INFO - DAG(s) dict_keys(['example_time_delta_sensor_async']) retrieved from /home/airflow/.local/lib/python3.7/site-packages/airflow/example_dags/example_time_delta_sensor_async.py
[2024-05-09T16:35:35.576+0000] {logging_mixin.py:117} INFO - [2024-05-09T16:35:35.575+0000] {dag.py:2573} INFO - Sync 1 DAGs
[2024-05-09T16:35:35.595+0000] {logging_mixin.py:117} INFO - [2024-05-09T16:35:35.595+0000] {dag.py:3328} INFO - Setting next_dagrun for example_time_delta_sensor_async to None, run_after=None
[2024-05-09T16:35:35.614+0000] {processor.py:178} INFO - Processing /home/airflow/.local/lib/python3.7/site-packages/airflow/example_dags/example_time_delta_sensor_async.py took 0.365 seconds
[2024-05-09T16:36:05.676+0000] {processor.py:156} INFO - Started process (PID=2558) to work on /home/airflow/.local/lib/python3.7/site-packages/airflow/example_dags/example_time_delta_sensor_async.py
[2024-05-09T16:36:05.676+0000] {processor.py:758} INFO - Processing file /home/airflow/.local/lib/python3.7/site-packages/airflow/example_dags/example_time_delta_sensor_async.py for tasks to queue
[2024-05-09T16:36:05.677+0000] {logging_mixin.py:117} INFO - [2024-05-09T16:36:05.677+0000] {dagbag.py:525} INFO - Filling up the DagBag from /home/airflow/.local/lib/python3.7/site-packages/airflow/example_dags/example_time_delta_sensor_async.py
[2024-05-09T16:36:05.687+0000] {processor.py:768} INFO - DAG(s) dict_keys(['example_time_delta_sensor_async']) retrieved from /home/airflow/.local/lib/python3.7/site-packages/airflow/example_dags/example_time_delta_sensor_async.py
[2024-05-09T16:36:05.941+0000] {logging_mixin.py:117} INFO - [2024-05-09T16:36:05.941+0000] {dag.py:2573} INFO - Sync 1 DAGs
[2024-05-09T16:36:05.958+0000] {logging_mixin.py:117} INFO - [2024-05-09T16:36:05.958+0000] {dag.py:3328} INFO - Setting next_dagrun for example_time_delta_sensor_async to None, run_after=None
[2024-05-09T16:36:05.977+0000] {processor.py:178} INFO - Processing /home/airflow/.local/lib/python3.7/site-packages/airflow/example_dags/example_time_delta_sensor_async.py took 0.303 seconds
[2024-05-09T16:36:36.110+0000] {processor.py:156} INFO - Started process (PID=2771) to work on /home/airflow/.local/lib/python3.7/site-packages/airflow/example_dags/example_time_delta_sensor_async.py
[2024-05-09T16:36:36.110+0000] {processor.py:758} INFO - Processing file /home/airflow/.local/lib/python3.7/site-packages/airflow/example_dags/example_time_delta_sensor_async.py for tasks to queue
[2024-05-09T16:36:36.111+0000] {logging_mixin.py:117} INFO - [2024-05-09T16:36:36.111+0000] {dagbag.py:525} INFO - Filling up the DagBag from /home/airflow/.local/lib/python3.7/site-packages/airflow/example_dags/example_time_delta_sensor_async.py
[2024-05-09T16:36:36.123+0000] {processor.py:768} INFO - DAG(s) dict_keys(['example_time_delta_sensor_async']) retrieved from /home/airflow/.local/lib/python3.7/site-packages/airflow/example_dags/example_time_delta_sensor_async.py
[2024-05-09T16:36:36.389+0000] {logging_mixin.py:117} INFO - [2024-05-09T16:36:36.389+0000] {dag.py:2573} INFO - Sync 1 DAGs
[2024-05-09T16:36:36.407+0000] {logging_mixin.py:117} INFO - [2024-05-09T16:36:36.407+0000] {dag.py:3328} INFO - Setting next_dagrun for example_time_delta_sensor_async to None, run_after=None
[2024-05-09T16:36:36.425+0000] {processor.py:178} INFO - Processing /home/airflow/.local/lib/python3.7/site-packages/airflow/example_dags/example_time_delta_sensor_async.py took 0.319 seconds
[2024-05-09T16:37:07.514+0000] {processor.py:156} INFO - Started process (PID=2982) to work on /home/airflow/.local/lib/python3.7/site-packages/airflow/example_dags/example_time_delta_sensor_async.py
[2024-05-09T16:37:07.514+0000] {processor.py:758} INFO - Processing file /home/airflow/.local/lib/python3.7/site-packages/airflow/example_dags/example_time_delta_sensor_async.py for tasks to queue
[2024-05-09T16:37:07.515+0000] {logging_mixin.py:117} INFO - [2024-05-09T16:37:07.515+0000] {dagbag.py:525} INFO - Filling up the DagBag from /home/airflow/.local/lib/python3.7/site-packages/airflow/example_dags/example_time_delta_sensor_async.py
[2024-05-09T16:37:07.530+0000] {processor.py:768} INFO - DAG(s) dict_keys(['example_time_delta_sensor_async']) retrieved from /home/airflow/.local/lib/python3.7/site-packages/airflow/example_dags/example_time_delta_sensor_async.py
[2024-05-09T16:37:07.742+0000] {logging_mixin.py:117} INFO - [2024-05-09T16:37:07.742+0000] {dag.py:2573} INFO - Sync 1 DAGs
[2024-05-09T16:37:07.893+0000] {logging_mixin.py:117} INFO - [2024-05-09T16:37:07.893+0000] {dag.py:3328} INFO - Setting next_dagrun for example_time_delta_sensor_async to None, run_after=None
[2024-05-09T16:37:07.913+0000] {processor.py:178} INFO - Processing /home/airflow/.local/lib/python3.7/site-packages/airflow/example_dags/example_time_delta_sensor_async.py took 0.404 seconds
[2024-05-09T16:37:38.052+0000] {processor.py:156} INFO - Started process (PID=3186) to work on /home/airflow/.local/lib/python3.7/site-packages/airflow/example_dags/example_time_delta_sensor_async.py
[2024-05-09T16:37:38.053+0000] {processor.py:758} INFO - Processing file /home/airflow/.local/lib/python3.7/site-packages/airflow/example_dags/example_time_delta_sensor_async.py for tasks to queue
[2024-05-09T16:37:38.053+0000] {logging_mixin.py:117} INFO - [2024-05-09T16:37:38.053+0000] {dagbag.py:525} INFO - Filling up the DagBag from /home/airflow/.local/lib/python3.7/site-packages/airflow/example_dags/example_time_delta_sensor_async.py
[2024-05-09T16:37:38.071+0000] {processor.py:768} INFO - DAG(s) dict_keys(['example_time_delta_sensor_async']) retrieved from /home/airflow/.local/lib/python3.7/site-packages/airflow/example_dags/example_time_delta_sensor_async.py
[2024-05-09T16:37:38.338+0000] {logging_mixin.py:117} INFO - [2024-05-09T16:37:38.338+0000] {dag.py:2573} INFO - Sync 1 DAGs
[2024-05-09T16:37:38.359+0000] {logging_mixin.py:117} INFO - [2024-05-09T16:37:38.359+0000] {dag.py:3328} INFO - Setting next_dagrun for example_time_delta_sensor_async to None, run_after=None
[2024-05-09T16:37:38.379+0000] {processor.py:178} INFO - Processing /home/airflow/.local/lib/python3.7/site-packages/airflow/example_dags/example_time_delta_sensor_async.py took 0.331 seconds
[2024-05-09T16:38:08.743+0000] {processor.py:156} INFO - Started process (PID=3399) to work on /home/airflow/.local/lib/python3.7/site-packages/airflow/example_dags/example_time_delta_sensor_async.py
[2024-05-09T16:38:08.743+0000] {processor.py:758} INFO - Processing file /home/airflow/.local/lib/python3.7/site-packages/airflow/example_dags/example_time_delta_sensor_async.py for tasks to queue
[2024-05-09T16:38:08.744+0000] {logging_mixin.py:117} INFO - [2024-05-09T16:38:08.744+0000] {dagbag.py:525} INFO - Filling up the DagBag from /home/airflow/.local/lib/python3.7/site-packages/airflow/example_dags/example_time_delta_sensor_async.py
[2024-05-09T16:38:08.759+0000] {processor.py:768} INFO - DAG(s) dict_keys(['example_time_delta_sensor_async']) retrieved from /home/airflow/.local/lib/python3.7/site-packages/airflow/example_dags/example_time_delta_sensor_async.py
[2024-05-09T16:38:09.057+0000] {logging_mixin.py:117} INFO - [2024-05-09T16:38:09.057+0000] {dag.py:2573} INFO - Sync 1 DAGs
[2024-05-09T16:38:09.076+0000] {logging_mixin.py:117} INFO - [2024-05-09T16:38:09.076+0000] {dag.py:3328} INFO - Setting next_dagrun for example_time_delta_sensor_async to None, run_after=None
[2024-05-09T16:38:09.095+0000] {processor.py:178} INFO - Processing /home/airflow/.local/lib/python3.7/site-packages/airflow/example_dags/example_time_delta_sensor_async.py took 0.355 seconds
[2024-05-09T16:38:39.359+0000] {processor.py:156} INFO - Started process (PID=3615) to work on /home/airflow/.local/lib/python3.7/site-packages/airflow/example_dags/example_time_delta_sensor_async.py
[2024-05-09T16:38:39.359+0000] {processor.py:758} INFO - Processing file /home/airflow/.local/lib/python3.7/site-packages/airflow/example_dags/example_time_delta_sensor_async.py for tasks to queue
[2024-05-09T16:38:39.360+0000] {logging_mixin.py:117} INFO - [2024-05-09T16:38:39.360+0000] {dagbag.py:525} INFO - Filling up the DagBag from /home/airflow/.local/lib/python3.7/site-packages/airflow/example_dags/example_time_delta_sensor_async.py
[2024-05-09T16:38:39.373+0000] {processor.py:768} INFO - DAG(s) dict_keys(['example_time_delta_sensor_async']) retrieved from /home/airflow/.local/lib/python3.7/site-packages/airflow/example_dags/example_time_delta_sensor_async.py
[2024-05-09T16:38:39.649+0000] {logging_mixin.py:117} INFO - [2024-05-09T16:38:39.649+0000] {dag.py:2573} INFO - Sync 1 DAGs
[2024-05-09T16:38:39.669+0000] {logging_mixin.py:117} INFO - [2024-05-09T16:38:39.668+0000] {dag.py:3328} INFO - Setting next_dagrun for example_time_delta_sensor_async to None, run_after=None
[2024-05-09T16:38:39.689+0000] {processor.py:178} INFO - Processing /home/airflow/.local/lib/python3.7/site-packages/airflow/example_dags/example_time_delta_sensor_async.py took 0.332 seconds
[2024-05-09T16:39:09.970+0000] {processor.py:156} INFO - Started process (PID=3817) to work on /home/airflow/.local/lib/python3.7/site-packages/airflow/example_dags/example_time_delta_sensor_async.py
[2024-05-09T16:39:09.970+0000] {processor.py:758} INFO - Processing file /home/airflow/.local/lib/python3.7/site-packages/airflow/example_dags/example_time_delta_sensor_async.py for tasks to queue
[2024-05-09T16:39:09.971+0000] {logging_mixin.py:117} INFO - [2024-05-09T16:39:09.971+0000] {dagbag.py:525} INFO - Filling up the DagBag from /home/airflow/.local/lib/python3.7/site-packages/airflow/example_dags/example_time_delta_sensor_async.py
[2024-05-09T16:39:10.095+0000] {processor.py:768} INFO - DAG(s) dict_keys(['example_time_delta_sensor_async']) retrieved from /home/airflow/.local/lib/python3.7/site-packages/airflow/example_dags/example_time_delta_sensor_async.py
[2024-05-09T16:39:10.253+0000] {logging_mixin.py:117} INFO - [2024-05-09T16:39:10.253+0000] {dag.py:2573} INFO - Sync 1 DAGs
[2024-05-09T16:39:10.272+0000] {logging_mixin.py:117} INFO - [2024-05-09T16:39:10.272+0000] {dag.py:3328} INFO - Setting next_dagrun for example_time_delta_sensor_async to None, run_after=None
[2024-05-09T16:39:10.296+0000] {processor.py:178} INFO - Processing /home/airflow/.local/lib/python3.7/site-packages/airflow/example_dags/example_time_delta_sensor_async.py took 0.329 seconds
[2024-05-09T16:39:40.783+0000] {processor.py:156} INFO - Started process (PID=4032) to work on /home/airflow/.local/lib/python3.7/site-packages/airflow/example_dags/example_time_delta_sensor_async.py
[2024-05-09T16:39:40.783+0000] {processor.py:758} INFO - Processing file /home/airflow/.local/lib/python3.7/site-packages/airflow/example_dags/example_time_delta_sensor_async.py for tasks to queue
[2024-05-09T16:39:40.784+0000] {logging_mixin.py:117} INFO - [2024-05-09T16:39:40.784+0000] {dagbag.py:525} INFO - Filling up the DagBag from /home/airflow/.local/lib/python3.7/site-packages/airflow/example_dags/example_time_delta_sensor_async.py
[2024-05-09T16:39:40.795+0000] {processor.py:768} INFO - DAG(s) dict_keys(['example_time_delta_sensor_async']) retrieved from /home/airflow/.local/lib/python3.7/site-packages/airflow/example_dags/example_time_delta_sensor_async.py
[2024-05-09T16:39:40.947+0000] {logging_mixin.py:117} INFO - [2024-05-09T16:39:40.947+0000] {dag.py:2573} INFO - Sync 1 DAGs
[2024-05-09T16:39:40.973+0000] {logging_mixin.py:117} INFO - [2024-05-09T16:39:40.973+0000] {dag.py:3328} INFO - Setting next_dagrun for example_time_delta_sensor_async to None, run_after=None
[2024-05-09T16:39:40.991+0000] {processor.py:178} INFO - Processing /home/airflow/.local/lib/python3.7/site-packages/airflow/example_dags/example_time_delta_sensor_async.py took 0.211 seconds
[2024-05-09T16:40:11.901+0000] {processor.py:156} INFO - Started process (PID=4245) to work on /home/airflow/.local/lib/python3.7/site-packages/airflow/example_dags/example_time_delta_sensor_async.py
[2024-05-09T16:40:11.901+0000] {processor.py:758} INFO - Processing file /home/airflow/.local/lib/python3.7/site-packages/airflow/example_dags/example_time_delta_sensor_async.py for tasks to queue
[2024-05-09T16:40:11.902+0000] {logging_mixin.py:117} INFO - [2024-05-09T16:40:11.902+0000] {dagbag.py:525} INFO - Filling up the DagBag from /home/airflow/.local/lib/python3.7/site-packages/airflow/example_dags/example_time_delta_sensor_async.py
[2024-05-09T16:40:11.913+0000] {processor.py:768} INFO - DAG(s) dict_keys(['example_time_delta_sensor_async']) retrieved from /home/airflow/.local/lib/python3.7/site-packages/airflow/example_dags/example_time_delta_sensor_async.py
[2024-05-09T16:40:12.068+0000] {logging_mixin.py:117} INFO - [2024-05-09T16:40:12.068+0000] {dag.py:2573} INFO - Sync 1 DAGs
[2024-05-09T16:40:12.087+0000] {logging_mixin.py:117} INFO - [2024-05-09T16:40:12.087+0000] {dag.py:3328} INFO - Setting next_dagrun for example_time_delta_sensor_async to None, run_after=None
[2024-05-09T16:40:12.108+0000] {processor.py:178} INFO - Processing /home/airflow/.local/lib/python3.7/site-packages/airflow/example_dags/example_time_delta_sensor_async.py took 0.210 seconds
[2024-05-09T16:40:42.847+0000] {processor.py:156} INFO - Started process (PID=4458) to work on /home/airflow/.local/lib/python3.7/site-packages/airflow/example_dags/example_time_delta_sensor_async.py
[2024-05-09T16:40:42.847+0000] {processor.py:758} INFO - Processing file /home/airflow/.local/lib/python3.7/site-packages/airflow/example_dags/example_time_delta_sensor_async.py for tasks to queue
[2024-05-09T16:40:42.848+0000] {logging_mixin.py:117} INFO - [2024-05-09T16:40:42.848+0000] {dagbag.py:525} INFO - Filling up the DagBag from /home/airflow/.local/lib/python3.7/site-packages/airflow/example_dags/example_time_delta_sensor_async.py
[2024-05-09T16:40:42.861+0000] {processor.py:768} INFO - DAG(s) dict_keys(['example_time_delta_sensor_async']) retrieved from /home/airflow/.local/lib/python3.7/site-packages/airflow/example_dags/example_time_delta_sensor_async.py
[2024-05-09T16:40:43.069+0000] {logging_mixin.py:117} INFO - [2024-05-09T16:40:43.069+0000] {dag.py:2573} INFO - Sync 1 DAGs
[2024-05-09T16:40:43.090+0000] {logging_mixin.py:117} INFO - [2024-05-09T16:40:43.090+0000] {dag.py:3328} INFO - Setting next_dagrun for example_time_delta_sensor_async to None, run_after=None
[2024-05-09T16:40:43.111+0000] {processor.py:178} INFO - Processing /home/airflow/.local/lib/python3.7/site-packages/airflow/example_dags/example_time_delta_sensor_async.py took 0.267 seconds
[2024-05-09T16:41:13.716+0000] {processor.py:156} INFO - Started process (PID=4662) to work on /home/airflow/.local/lib/python3.7/site-packages/airflow/example_dags/example_time_delta_sensor_async.py
[2024-05-09T16:41:13.717+0000] {processor.py:758} INFO - Processing file /home/airflow/.local/lib/python3.7/site-packages/airflow/example_dags/example_time_delta_sensor_async.py for tasks to queue
[2024-05-09T16:41:13.718+0000] {logging_mixin.py:117} INFO - [2024-05-09T16:41:13.717+0000] {dagbag.py:525} INFO - Filling up the DagBag from /home/airflow/.local/lib/python3.7/site-packages/airflow/example_dags/example_time_delta_sensor_async.py
[2024-05-09T16:41:13.733+0000] {processor.py:768} INFO - DAG(s) dict_keys(['example_time_delta_sensor_async']) retrieved from /home/airflow/.local/lib/python3.7/site-packages/airflow/example_dags/example_time_delta_sensor_async.py
[2024-05-09T16:41:13.965+0000] {logging_mixin.py:117} INFO - [2024-05-09T16:41:13.965+0000] {dag.py:2573} INFO - Sync 1 DAGs
[2024-05-09T16:41:13.986+0000] {logging_mixin.py:117} INFO - [2024-05-09T16:41:13.986+0000] {dag.py:3328} INFO - Setting next_dagrun for example_time_delta_sensor_async to None, run_after=None
[2024-05-09T16:41:14.008+0000] {processor.py:178} INFO - Processing /home/airflow/.local/lib/python3.7/site-packages/airflow/example_dags/example_time_delta_sensor_async.py took 0.294 seconds
[2024-05-09T16:41:44.636+0000] {processor.py:156} INFO - Started process (PID=4875) to work on /home/airflow/.local/lib/python3.7/site-packages/airflow/example_dags/example_time_delta_sensor_async.py
[2024-05-09T16:41:44.637+0000] {processor.py:758} INFO - Processing file /home/airflow/.local/lib/python3.7/site-packages/airflow/example_dags/example_time_delta_sensor_async.py for tasks to queue
[2024-05-09T16:41:44.638+0000] {logging_mixin.py:117} INFO - [2024-05-09T16:41:44.638+0000] {dagbag.py:525} INFO - Filling up the DagBag from /home/airflow/.local/lib/python3.7/site-packages/airflow/example_dags/example_time_delta_sensor_async.py
[2024-05-09T16:41:44.653+0000] {processor.py:768} INFO - DAG(s) dict_keys(['example_time_delta_sensor_async']) retrieved from /home/airflow/.local/lib/python3.7/site-packages/airflow/example_dags/example_time_delta_sensor_async.py
[2024-05-09T16:41:44.841+0000] {logging_mixin.py:117} INFO - [2024-05-09T16:41:44.841+0000] {dag.py:2573} INFO - Sync 1 DAGs
[2024-05-09T16:41:44.864+0000] {logging_mixin.py:117} INFO - [2024-05-09T16:41:44.863+0000] {dag.py:3328} INFO - Setting next_dagrun for example_time_delta_sensor_async to None, run_after=None
[2024-05-09T16:41:44.883+0000] {processor.py:178} INFO - Processing /home/airflow/.local/lib/python3.7/site-packages/airflow/example_dags/example_time_delta_sensor_async.py took 0.249 seconds
[2024-05-09T16:42:15.731+0000] {processor.py:156} INFO - Started process (PID=5088) to work on /home/airflow/.local/lib/python3.7/site-packages/airflow/example_dags/example_time_delta_sensor_async.py
[2024-05-09T16:42:15.731+0000] {processor.py:758} INFO - Processing file /home/airflow/.local/lib/python3.7/site-packages/airflow/example_dags/example_time_delta_sensor_async.py for tasks to queue
[2024-05-09T16:42:15.732+0000] {logging_mixin.py:117} INFO - [2024-05-09T16:42:15.732+0000] {dagbag.py:525} INFO - Filling up the DagBag from /home/airflow/.local/lib/python3.7/site-packages/airflow/example_dags/example_time_delta_sensor_async.py
[2024-05-09T16:42:15.747+0000] {processor.py:768} INFO - DAG(s) dict_keys(['example_time_delta_sensor_async']) retrieved from /home/airflow/.local/lib/python3.7/site-packages/airflow/example_dags/example_time_delta_sensor_async.py
[2024-05-09T16:42:15.934+0000] {logging_mixin.py:117} INFO - [2024-05-09T16:42:15.933+0000] {dag.py:2573} INFO - Sync 1 DAGs
[2024-05-09T16:42:15.953+0000] {logging_mixin.py:117} INFO - [2024-05-09T16:42:15.952+0000] {dag.py:3328} INFO - Setting next_dagrun for example_time_delta_sensor_async to None, run_after=None
[2024-05-09T16:42:15.976+0000] {processor.py:178} INFO - Processing /home/airflow/.local/lib/python3.7/site-packages/airflow/example_dags/example_time_delta_sensor_async.py took 0.249 seconds
[2024-05-09T16:42:46.693+0000] {processor.py:156} INFO - Started process (PID=5302) to work on /home/airflow/.local/lib/python3.7/site-packages/airflow/example_dags/example_time_delta_sensor_async.py
[2024-05-09T16:42:46.694+0000] {processor.py:758} INFO - Processing file /home/airflow/.local/lib/python3.7/site-packages/airflow/example_dags/example_time_delta_sensor_async.py for tasks to queue
[2024-05-09T16:42:46.695+0000] {logging_mixin.py:117} INFO - [2024-05-09T16:42:46.695+0000] {dagbag.py:525} INFO - Filling up the DagBag from /home/airflow/.local/lib/python3.7/site-packages/airflow/example_dags/example_time_delta_sensor_async.py
[2024-05-09T16:42:46.707+0000] {processor.py:768} INFO - DAG(s) dict_keys(['example_time_delta_sensor_async']) retrieved from /home/airflow/.local/lib/python3.7/site-packages/airflow/example_dags/example_time_delta_sensor_async.py
[2024-05-09T16:42:46.892+0000] {logging_mixin.py:117} INFO - [2024-05-09T16:42:46.891+0000] {dag.py:2573} INFO - Sync 1 DAGs
[2024-05-09T16:42:46.914+0000] {logging_mixin.py:117} INFO - [2024-05-09T16:42:46.913+0000] {dag.py:3328} INFO - Setting next_dagrun for example_time_delta_sensor_async to None, run_after=None
[2024-05-09T16:42:46.932+0000] {processor.py:178} INFO - Processing /home/airflow/.local/lib/python3.7/site-packages/airflow/example_dags/example_time_delta_sensor_async.py took 0.242 seconds
[2024-05-09T16:43:17.627+0000] {processor.py:156} INFO - Started process (PID=5513) to work on /home/airflow/.local/lib/python3.7/site-packages/airflow/example_dags/example_time_delta_sensor_async.py
[2024-05-09T16:43:17.629+0000] {processor.py:758} INFO - Processing file /home/airflow/.local/lib/python3.7/site-packages/airflow/example_dags/example_time_delta_sensor_async.py for tasks to queue
[2024-05-09T16:43:17.629+0000] {logging_mixin.py:117} INFO - [2024-05-09T16:43:17.629+0000] {dagbag.py:525} INFO - Filling up the DagBag from /home/airflow/.local/lib/python3.7/site-packages/airflow/example_dags/example_time_delta_sensor_async.py
[2024-05-09T16:43:17.645+0000] {processor.py:768} INFO - DAG(s) dict_keys(['example_time_delta_sensor_async']) retrieved from /home/airflow/.local/lib/python3.7/site-packages/airflow/example_dags/example_time_delta_sensor_async.py
[2024-05-09T16:43:17.913+0000] {logging_mixin.py:117} INFO - [2024-05-09T16:43:17.913+0000] {dag.py:2573} INFO - Sync 1 DAGs
[2024-05-09T16:43:17.984+0000] {logging_mixin.py:117} INFO - [2024-05-09T16:43:17.984+0000] {dag.py:3328} INFO - Setting next_dagrun for example_time_delta_sensor_async to None, run_after=None
[2024-05-09T16:43:18.065+0000] {processor.py:178} INFO - Processing /home/airflow/.local/lib/python3.7/site-packages/airflow/example_dags/example_time_delta_sensor_async.py took 0.442 seconds
[2024-05-09T16:43:48.949+0000] {processor.py:156} INFO - Started process (PID=5726) to work on /home/airflow/.local/lib/python3.7/site-packages/airflow/example_dags/example_time_delta_sensor_async.py
[2024-05-09T16:43:48.950+0000] {processor.py:758} INFO - Processing file /home/airflow/.local/lib/python3.7/site-packages/airflow/example_dags/example_time_delta_sensor_async.py for tasks to queue
[2024-05-09T16:43:48.951+0000] {logging_mixin.py:117} INFO - [2024-05-09T16:43:48.951+0000] {dagbag.py:525} INFO - Filling up the DagBag from /home/airflow/.local/lib/python3.7/site-packages/airflow/example_dags/example_time_delta_sensor_async.py
[2024-05-09T16:43:48.966+0000] {processor.py:768} INFO - DAG(s) dict_keys(['example_time_delta_sensor_async']) retrieved from /home/airflow/.local/lib/python3.7/site-packages/airflow/example_dags/example_time_delta_sensor_async.py
[2024-05-09T16:43:49.188+0000] {logging_mixin.py:117} INFO - [2024-05-09T16:43:49.188+0000] {dag.py:2573} INFO - Sync 1 DAGs
[2024-05-09T16:43:49.218+0000] {logging_mixin.py:117} INFO - [2024-05-09T16:43:49.218+0000] {dag.py:3328} INFO - Setting next_dagrun for example_time_delta_sensor_async to None, run_after=None
[2024-05-09T16:43:49.243+0000] {processor.py:178} INFO - Processing /home/airflow/.local/lib/python3.7/site-packages/airflow/example_dags/example_time_delta_sensor_async.py took 0.297 seconds
[2024-05-09T16:44:19.359+0000] {processor.py:156} INFO - Started process (PID=5945) to work on /home/airflow/.local/lib/python3.7/site-packages/airflow/example_dags/example_time_delta_sensor_async.py
[2024-05-09T16:44:19.360+0000] {processor.py:758} INFO - Processing file /home/airflow/.local/lib/python3.7/site-packages/airflow/example_dags/example_time_delta_sensor_async.py for tasks to queue
[2024-05-09T16:44:19.360+0000] {logging_mixin.py:117} INFO - [2024-05-09T16:44:19.360+0000] {dagbag.py:525} INFO - Filling up the DagBag from /home/airflow/.local/lib/python3.7/site-packages/airflow/example_dags/example_time_delta_sensor_async.py
[2024-05-09T16:44:19.371+0000] {processor.py:768} INFO - DAG(s) dict_keys(['example_time_delta_sensor_async']) retrieved from /home/airflow/.local/lib/python3.7/site-packages/airflow/example_dags/example_time_delta_sensor_async.py
[2024-05-09T16:44:19.561+0000] {logging_mixin.py:117} INFO - [2024-05-09T16:44:19.561+0000] {dag.py:2573} INFO - Sync 1 DAGs
[2024-05-09T16:44:19.580+0000] {logging_mixin.py:117} INFO - [2024-05-09T16:44:19.580+0000] {dag.py:3328} INFO - Setting next_dagrun for example_time_delta_sensor_async to None, run_after=None
[2024-05-09T16:44:19.599+0000] {processor.py:178} INFO - Processing /home/airflow/.local/lib/python3.7/site-packages/airflow/example_dags/example_time_delta_sensor_async.py took 0.243 seconds
[2024-05-09T16:44:49.663+0000] {processor.py:156} INFO - Started process (PID=6159) to work on /home/airflow/.local/lib/python3.7/site-packages/airflow/example_dags/example_time_delta_sensor_async.py
[2024-05-09T16:44:49.663+0000] {processor.py:758} INFO - Processing file /home/airflow/.local/lib/python3.7/site-packages/airflow/example_dags/example_time_delta_sensor_async.py for tasks to queue
[2024-05-09T16:44:49.664+0000] {logging_mixin.py:117} INFO - [2024-05-09T16:44:49.664+0000] {dagbag.py:525} INFO - Filling up the DagBag from /home/airflow/.local/lib/python3.7/site-packages/airflow/example_dags/example_time_delta_sensor_async.py
[2024-05-09T16:44:49.675+0000] {processor.py:768} INFO - DAG(s) dict_keys(['example_time_delta_sensor_async']) retrieved from /home/airflow/.local/lib/python3.7/site-packages/airflow/example_dags/example_time_delta_sensor_async.py
[2024-05-09T16:44:49.845+0000] {logging_mixin.py:117} INFO - [2024-05-09T16:44:49.845+0000] {dag.py:2573} INFO - Sync 1 DAGs
[2024-05-09T16:44:49.865+0000] {logging_mixin.py:117} INFO - [2024-05-09T16:44:49.865+0000] {dag.py:3328} INFO - Setting next_dagrun for example_time_delta_sensor_async to None, run_after=None
[2024-05-09T16:44:49.884+0000] {processor.py:178} INFO - Processing /home/airflow/.local/lib/python3.7/site-packages/airflow/example_dags/example_time_delta_sensor_async.py took 0.223 seconds
[2024-05-09T16:45:20.810+0000] {processor.py:156} INFO - Started process (PID=6363) to work on /home/airflow/.local/lib/python3.7/site-packages/airflow/example_dags/example_time_delta_sensor_async.py
[2024-05-09T16:45:20.811+0000] {processor.py:758} INFO - Processing file /home/airflow/.local/lib/python3.7/site-packages/airflow/example_dags/example_time_delta_sensor_async.py for tasks to queue
[2024-05-09T16:45:20.811+0000] {logging_mixin.py:117} INFO - [2024-05-09T16:45:20.811+0000] {dagbag.py:525} INFO - Filling up the DagBag from /home/airflow/.local/lib/python3.7/site-packages/airflow/example_dags/example_time_delta_sensor_async.py
[2024-05-09T16:45:20.823+0000] {processor.py:768} INFO - DAG(s) dict_keys(['example_time_delta_sensor_async']) retrieved from /home/airflow/.local/lib/python3.7/site-packages/airflow/example_dags/example_time_delta_sensor_async.py
[2024-05-09T16:45:21.014+0000] {logging_mixin.py:117} INFO - [2024-05-09T16:45:21.014+0000] {dag.py:2573} INFO - Sync 1 DAGs
[2024-05-09T16:45:21.045+0000] {logging_mixin.py:117} INFO - [2024-05-09T16:45:21.045+0000] {dag.py:3328} INFO - Setting next_dagrun for example_time_delta_sensor_async to None, run_after=None
[2024-05-09T16:45:21.069+0000] {processor.py:178} INFO - Processing /home/airflow/.local/lib/python3.7/site-packages/airflow/example_dags/example_time_delta_sensor_async.py took 0.262 seconds
[2024-05-09T16:45:51.197+0000] {processor.py:156} INFO - Started process (PID=6576) to work on /home/airflow/.local/lib/python3.7/site-packages/airflow/example_dags/example_time_delta_sensor_async.py
[2024-05-09T16:45:51.198+0000] {processor.py:758} INFO - Processing file /home/airflow/.local/lib/python3.7/site-packages/airflow/example_dags/example_time_delta_sensor_async.py for tasks to queue
[2024-05-09T16:45:51.198+0000] {logging_mixin.py:117} INFO - [2024-05-09T16:45:51.198+0000] {dagbag.py:525} INFO - Filling up the DagBag from /home/airflow/.local/lib/python3.7/site-packages/airflow/example_dags/example_time_delta_sensor_async.py
[2024-05-09T16:45:51.210+0000] {processor.py:768} INFO - DAG(s) dict_keys(['example_time_delta_sensor_async']) retrieved from /home/airflow/.local/lib/python3.7/site-packages/airflow/example_dags/example_time_delta_sensor_async.py
[2024-05-09T16:45:51.405+0000] {logging_mixin.py:117} INFO - [2024-05-09T16:45:51.404+0000] {dag.py:2573} INFO - Sync 1 DAGs
[2024-05-09T16:45:51.424+0000] {logging_mixin.py:117} INFO - [2024-05-09T16:45:51.424+0000] {dag.py:3328} INFO - Setting next_dagrun for example_time_delta_sensor_async to None, run_after=None
[2024-05-09T16:45:51.448+0000] {processor.py:178} INFO - Processing /home/airflow/.local/lib/python3.7/site-packages/airflow/example_dags/example_time_delta_sensor_async.py took 0.253 seconds
[2024-05-09T16:46:21.579+0000] {processor.py:156} INFO - Started process (PID=6791) to work on /home/airflow/.local/lib/python3.7/site-packages/airflow/example_dags/example_time_delta_sensor_async.py
[2024-05-09T16:46:21.580+0000] {processor.py:758} INFO - Processing file /home/airflow/.local/lib/python3.7/site-packages/airflow/example_dags/example_time_delta_sensor_async.py for tasks to queue
[2024-05-09T16:46:21.581+0000] {logging_mixin.py:117} INFO - [2024-05-09T16:46:21.580+0000] {dagbag.py:525} INFO - Filling up the DagBag from /home/airflow/.local/lib/python3.7/site-packages/airflow/example_dags/example_time_delta_sensor_async.py
[2024-05-09T16:46:21.592+0000] {processor.py:768} INFO - DAG(s) dict_keys(['example_time_delta_sensor_async']) retrieved from /home/airflow/.local/lib/python3.7/site-packages/airflow/example_dags/example_time_delta_sensor_async.py
[2024-05-09T16:46:21.752+0000] {logging_mixin.py:117} INFO - [2024-05-09T16:46:21.752+0000] {dag.py:2573} INFO - Sync 1 DAGs
[2024-05-09T16:46:21.773+0000] {logging_mixin.py:117} INFO - [2024-05-09T16:46:21.773+0000] {dag.py:3328} INFO - Setting next_dagrun for example_time_delta_sensor_async to None, run_after=None
[2024-05-09T16:46:21.793+0000] {processor.py:178} INFO - Processing /home/airflow/.local/lib/python3.7/site-packages/airflow/example_dags/example_time_delta_sensor_async.py took 0.217 seconds
[2024-05-09T16:46:52.538+0000] {processor.py:156} INFO - Started process (PID=7004) to work on /home/airflow/.local/lib/python3.7/site-packages/airflow/example_dags/example_time_delta_sensor_async.py
[2024-05-09T16:46:52.539+0000] {processor.py:758} INFO - Processing file /home/airflow/.local/lib/python3.7/site-packages/airflow/example_dags/example_time_delta_sensor_async.py for tasks to queue
[2024-05-09T16:46:52.540+0000] {logging_mixin.py:117} INFO - [2024-05-09T16:46:52.540+0000] {dagbag.py:525} INFO - Filling up the DagBag from /home/airflow/.local/lib/python3.7/site-packages/airflow/example_dags/example_time_delta_sensor_async.py
[2024-05-09T16:46:52.563+0000] {processor.py:768} INFO - DAG(s) dict_keys(['example_time_delta_sensor_async']) retrieved from /home/airflow/.local/lib/python3.7/site-packages/airflow/example_dags/example_time_delta_sensor_async.py
[2024-05-09T16:46:52.981+0000] {logging_mixin.py:117} INFO - [2024-05-09T16:46:52.981+0000] {dag.py:2573} INFO - Sync 1 DAGs
[2024-05-09T16:46:53.014+0000] {logging_mixin.py:117} INFO - [2024-05-09T16:46:53.014+0000] {dag.py:3328} INFO - Setting next_dagrun for example_time_delta_sensor_async to None, run_after=None
[2024-05-09T16:46:53.040+0000] {processor.py:178} INFO - Processing /home/airflow/.local/lib/python3.7/site-packages/airflow/example_dags/example_time_delta_sensor_async.py took 0.506 seconds
[2024-05-09T16:47:23.107+0000] {processor.py:156} INFO - Started process (PID=7214) to work on /home/airflow/.local/lib/python3.7/site-packages/airflow/example_dags/example_time_delta_sensor_async.py
[2024-05-09T16:47:23.108+0000] {processor.py:758} INFO - Processing file /home/airflow/.local/lib/python3.7/site-packages/airflow/example_dags/example_time_delta_sensor_async.py for tasks to queue
[2024-05-09T16:47:23.109+0000] {logging_mixin.py:117} INFO - [2024-05-09T16:47:23.109+0000] {dagbag.py:525} INFO - Filling up the DagBag from /home/airflow/.local/lib/python3.7/site-packages/airflow/example_dags/example_time_delta_sensor_async.py
[2024-05-09T16:47:23.124+0000] {processor.py:768} INFO - DAG(s) dict_keys(['example_time_delta_sensor_async']) retrieved from /home/airflow/.local/lib/python3.7/site-packages/airflow/example_dags/example_time_delta_sensor_async.py
[2024-05-09T16:47:23.319+0000] {logging_mixin.py:117} INFO - [2024-05-09T16:47:23.319+0000] {dag.py:2573} INFO - Sync 1 DAGs
[2024-05-09T16:47:23.345+0000] {logging_mixin.py:117} INFO - [2024-05-09T16:47:23.345+0000] {dag.py:3328} INFO - Setting next_dagrun for example_time_delta_sensor_async to None, run_after=None
[2024-05-09T16:47:23.367+0000] {processor.py:178} INFO - Processing /home/airflow/.local/lib/python3.7/site-packages/airflow/example_dags/example_time_delta_sensor_async.py took 0.262 seconds
[2024-05-09T16:47:53.444+0000] {processor.py:156} INFO - Started process (PID=7423) to work on /home/airflow/.local/lib/python3.7/site-packages/airflow/example_dags/example_time_delta_sensor_async.py
[2024-05-09T16:47:53.445+0000] {processor.py:758} INFO - Processing file /home/airflow/.local/lib/python3.7/site-packages/airflow/example_dags/example_time_delta_sensor_async.py for tasks to queue
[2024-05-09T16:47:53.446+0000] {logging_mixin.py:117} INFO - [2024-05-09T16:47:53.446+0000] {dagbag.py:525} INFO - Filling up the DagBag from /home/airflow/.local/lib/python3.7/site-packages/airflow/example_dags/example_time_delta_sensor_async.py
[2024-05-09T16:47:53.458+0000] {processor.py:768} INFO - DAG(s) dict_keys(['example_time_delta_sensor_async']) retrieved from /home/airflow/.local/lib/python3.7/site-packages/airflow/example_dags/example_time_delta_sensor_async.py
[2024-05-09T16:47:53.635+0000] {logging_mixin.py:117} INFO - [2024-05-09T16:47:53.634+0000] {dag.py:2573} INFO - Sync 1 DAGs
[2024-05-09T16:47:53.654+0000] {logging_mixin.py:117} INFO - [2024-05-09T16:47:53.654+0000] {dag.py:3328} INFO - Setting next_dagrun for example_time_delta_sensor_async to None, run_after=None
[2024-05-09T16:47:53.675+0000] {processor.py:178} INFO - Processing /home/airflow/.local/lib/python3.7/site-packages/airflow/example_dags/example_time_delta_sensor_async.py took 0.233 seconds
[2024-05-09T16:48:24.392+0000] {processor.py:156} INFO - Started process (PID=7637) to work on /home/airflow/.local/lib/python3.7/site-packages/airflow/example_dags/example_time_delta_sensor_async.py
[2024-05-09T16:48:24.393+0000] {processor.py:758} INFO - Processing file /home/airflow/.local/lib/python3.7/site-packages/airflow/example_dags/example_time_delta_sensor_async.py for tasks to queue
[2024-05-09T16:48:24.393+0000] {logging_mixin.py:117} INFO - [2024-05-09T16:48:24.393+0000] {dagbag.py:525} INFO - Filling up the DagBag from /home/airflow/.local/lib/python3.7/site-packages/airflow/example_dags/example_time_delta_sensor_async.py
[2024-05-09T16:48:24.405+0000] {processor.py:768} INFO - DAG(s) dict_keys(['example_time_delta_sensor_async']) retrieved from /home/airflow/.local/lib/python3.7/site-packages/airflow/example_dags/example_time_delta_sensor_async.py
[2024-05-09T16:48:24.629+0000] {logging_mixin.py:117} INFO - [2024-05-09T16:48:24.629+0000] {dag.py:2573} INFO - Sync 1 DAGs
[2024-05-09T16:48:24.651+0000] {logging_mixin.py:117} INFO - [2024-05-09T16:48:24.651+0000] {dag.py:3328} INFO - Setting next_dagrun for example_time_delta_sensor_async to None, run_after=None
[2024-05-09T16:48:24.672+0000] {processor.py:178} INFO - Processing /home/airflow/.local/lib/python3.7/site-packages/airflow/example_dags/example_time_delta_sensor_async.py took 0.282 seconds
[2024-05-09T16:48:55.407+0000] {processor.py:156} INFO - Started process (PID=7841) to work on /home/airflow/.local/lib/python3.7/site-packages/airflow/example_dags/example_time_delta_sensor_async.py
[2024-05-09T16:48:55.407+0000] {processor.py:758} INFO - Processing file /home/airflow/.local/lib/python3.7/site-packages/airflow/example_dags/example_time_delta_sensor_async.py for tasks to queue
[2024-05-09T16:48:55.409+0000] {logging_mixin.py:117} INFO - [2024-05-09T16:48:55.409+0000] {dagbag.py:525} INFO - Filling up the DagBag from /home/airflow/.local/lib/python3.7/site-packages/airflow/example_dags/example_time_delta_sensor_async.py
[2024-05-09T16:48:55.420+0000] {processor.py:768} INFO - DAG(s) dict_keys(['example_time_delta_sensor_async']) retrieved from /home/airflow/.local/lib/python3.7/site-packages/airflow/example_dags/example_time_delta_sensor_async.py
[2024-05-09T16:48:55.632+0000] {logging_mixin.py:117} INFO - [2024-05-09T16:48:55.632+0000] {dag.py:2573} INFO - Sync 1 DAGs
