[2024-05-09T15:15:13.961+0000] {processor.py:156} INFO - Started process (PID=251) to work on /home/airflow/.local/lib/python3.7/site-packages/airflow/example_dags/example_short_circuit_operator.py
[2024-05-09T15:15:13.962+0000] {processor.py:758} INFO - Processing file /home/airflow/.local/lib/python3.7/site-packages/airflow/example_dags/example_short_circuit_operator.py for tasks to queue
[2024-05-09T15:15:13.963+0000] {logging_mixin.py:117} INFO - [2024-05-09T15:15:13.963+0000] {dagbag.py:525} INFO - Filling up the DagBag from /home/airflow/.local/lib/python3.7/site-packages/airflow/example_dags/example_short_circuit_operator.py
[2024-05-09T15:15:14.001+0000] {processor.py:768} INFO - DAG(s) dict_keys(['example_short_circuit_operator']) retrieved from /home/airflow/.local/lib/python3.7/site-packages/airflow/example_dags/example_short_circuit_operator.py
[2024-05-09T15:15:14.488+0000] {logging_mixin.py:117} INFO - [2024-05-09T15:15:14.487+0000] {manager.py:507} INFO - Created Permission View: can delete on DAG:example_short_circuit_operator
[2024-05-09T15:15:14.510+0000] {logging_mixin.py:117} INFO - [2024-05-09T15:15:14.510+0000] {manager.py:507} INFO - Created Permission View: can read on DAG:example_short_circuit_operator
[2024-05-09T15:15:14.535+0000] {logging_mixin.py:117} INFO - [2024-05-09T15:15:14.535+0000] {manager.py:507} INFO - Created Permission View: can edit on DAG:example_short_circuit_operator
[2024-05-09T15:15:14.536+0000] {logging_mixin.py:117} INFO - [2024-05-09T15:15:14.536+0000] {dag.py:2573} INFO - Sync 1 DAGs
[2024-05-09T15:15:14.561+0000] {logging_mixin.py:117} INFO - [2024-05-09T15:15:14.561+0000] {dag.py:2594} INFO - Creating ORM DAG for example_short_circuit_operator
[2024-05-09T15:15:14.588+0000] {logging_mixin.py:117} INFO - [2024-05-09T15:15:14.587+0000] {dag.py:3328} INFO - Setting next_dagrun for example_short_circuit_operator to 2024-05-08T15:15:14.587738+00:00, run_after=2024-05-09T15:15:14.587738+00:00
[2024-05-09T15:15:14.632+0000] {processor.py:178} INFO - Processing /home/airflow/.local/lib/python3.7/site-packages/airflow/example_dags/example_short_circuit_operator.py took 0.675 seconds
[2024-05-09T15:15:45.144+0000] {processor.py:156} INFO - Started process (PID=465) to work on /home/airflow/.local/lib/python3.7/site-packages/airflow/example_dags/example_short_circuit_operator.py
[2024-05-09T15:15:45.145+0000] {processor.py:758} INFO - Processing file /home/airflow/.local/lib/python3.7/site-packages/airflow/example_dags/example_short_circuit_operator.py for tasks to queue
[2024-05-09T15:15:45.146+0000] {logging_mixin.py:117} INFO - [2024-05-09T15:15:45.145+0000] {dagbag.py:525} INFO - Filling up the DagBag from /home/airflow/.local/lib/python3.7/site-packages/airflow/example_dags/example_short_circuit_operator.py
[2024-05-09T15:15:45.162+0000] {processor.py:768} INFO - DAG(s) dict_keys(['example_short_circuit_operator']) retrieved from /home/airflow/.local/lib/python3.7/site-packages/airflow/example_dags/example_short_circuit_operator.py
[2024-05-09T15:15:45.198+0000] {logging_mixin.py:117} INFO - [2024-05-09T15:15:45.197+0000] {dag.py:2573} INFO - Sync 1 DAGs
[2024-05-09T15:15:45.224+0000] {logging_mixin.py:117} INFO - [2024-05-09T15:15:45.223+0000] {dag.py:3328} INFO - Setting next_dagrun for example_short_circuit_operator to 2024-05-08T15:15:45.223631+00:00, run_after=2024-05-09T15:15:45.223631+00:00
[2024-05-09T15:15:45.370+0000] {processor.py:178} INFO - Processing /home/airflow/.local/lib/python3.7/site-packages/airflow/example_dags/example_short_circuit_operator.py took 0.229 seconds
[2024-05-09T15:16:15.693+0000] {processor.py:156} INFO - Started process (PID=670) to work on /home/airflow/.local/lib/python3.7/site-packages/airflow/example_dags/example_short_circuit_operator.py
[2024-05-09T15:16:15.693+0000] {processor.py:758} INFO - Processing file /home/airflow/.local/lib/python3.7/site-packages/airflow/example_dags/example_short_circuit_operator.py for tasks to queue
[2024-05-09T15:16:15.694+0000] {logging_mixin.py:117} INFO - [2024-05-09T15:16:15.694+0000] {dagbag.py:525} INFO - Filling up the DagBag from /home/airflow/.local/lib/python3.7/site-packages/airflow/example_dags/example_short_circuit_operator.py
[2024-05-09T15:16:15.709+0000] {processor.py:768} INFO - DAG(s) dict_keys(['example_short_circuit_operator']) retrieved from /home/airflow/.local/lib/python3.7/site-packages/airflow/example_dags/example_short_circuit_operator.py
[2024-05-09T15:16:15.743+0000] {logging_mixin.py:117} INFO - [2024-05-09T15:16:15.743+0000] {dag.py:2573} INFO - Sync 1 DAGs
[2024-05-09T15:16:15.874+0000] {logging_mixin.py:117} INFO - [2024-05-09T15:16:15.873+0000] {dag.py:3328} INFO - Setting next_dagrun for example_short_circuit_operator to 2024-05-08T15:16:15.873754+00:00, run_after=2024-05-09T15:16:15.873754+00:00
[2024-05-09T15:16:15.893+0000] {processor.py:178} INFO - Processing /home/airflow/.local/lib/python3.7/site-packages/airflow/example_dags/example_short_circuit_operator.py took 0.202 seconds
[2024-05-09T15:16:46.372+0000] {processor.py:156} INFO - Started process (PID=883) to work on /home/airflow/.local/lib/python3.7/site-packages/airflow/example_dags/example_short_circuit_operator.py
[2024-05-09T15:16:46.373+0000] {processor.py:758} INFO - Processing file /home/airflow/.local/lib/python3.7/site-packages/airflow/example_dags/example_short_circuit_operator.py for tasks to queue
[2024-05-09T15:16:46.373+0000] {logging_mixin.py:117} INFO - [2024-05-09T15:16:46.373+0000] {dagbag.py:525} INFO - Filling up the DagBag from /home/airflow/.local/lib/python3.7/site-packages/airflow/example_dags/example_short_circuit_operator.py
[2024-05-09T15:16:46.387+0000] {processor.py:768} INFO - DAG(s) dict_keys(['example_short_circuit_operator']) retrieved from /home/airflow/.local/lib/python3.7/site-packages/airflow/example_dags/example_short_circuit_operator.py
[2024-05-09T15:16:46.538+0000] {logging_mixin.py:117} INFO - [2024-05-09T15:16:46.538+0000] {dag.py:2573} INFO - Sync 1 DAGs
[2024-05-09T15:16:46.568+0000] {logging_mixin.py:117} INFO - [2024-05-09T15:16:46.568+0000] {dag.py:3328} INFO - Setting next_dagrun for example_short_circuit_operator to 2024-05-08T15:16:46.567809+00:00, run_after=2024-05-09T15:16:46.567809+00:00
[2024-05-09T15:16:46.588+0000] {processor.py:178} INFO - Processing /home/airflow/.local/lib/python3.7/site-packages/airflow/example_dags/example_short_circuit_operator.py took 0.218 seconds
[2024-05-09T15:17:16.905+0000] {processor.py:156} INFO - Started process (PID=1097) to work on /home/airflow/.local/lib/python3.7/site-packages/airflow/example_dags/example_short_circuit_operator.py
[2024-05-09T15:17:16.905+0000] {processor.py:758} INFO - Processing file /home/airflow/.local/lib/python3.7/site-packages/airflow/example_dags/example_short_circuit_operator.py for tasks to queue
[2024-05-09T15:17:16.906+0000] {logging_mixin.py:117} INFO - [2024-05-09T15:17:16.906+0000] {dagbag.py:525} INFO - Filling up the DagBag from /home/airflow/.local/lib/python3.7/site-packages/airflow/example_dags/example_short_circuit_operator.py
[2024-05-09T15:17:16.919+0000] {processor.py:768} INFO - DAG(s) dict_keys(['example_short_circuit_operator']) retrieved from /home/airflow/.local/lib/python3.7/site-packages/airflow/example_dags/example_short_circuit_operator.py
[2024-05-09T15:17:17.066+0000] {logging_mixin.py:117} INFO - [2024-05-09T15:17:17.066+0000] {dag.py:2573} INFO - Sync 1 DAGs
[2024-05-09T15:17:17.086+0000] {logging_mixin.py:117} INFO - [2024-05-09T15:17:17.086+0000] {dag.py:3328} INFO - Setting next_dagrun for example_short_circuit_operator to 2024-05-08T15:17:17.086127+00:00, run_after=2024-05-09T15:17:17.086127+00:00
[2024-05-09T15:17:17.105+0000] {processor.py:178} INFO - Processing /home/airflow/.local/lib/python3.7/site-packages/airflow/example_dags/example_short_circuit_operator.py took 0.203 seconds
[2024-05-09T15:17:47.639+0000] {processor.py:156} INFO - Started process (PID=1302) to work on /home/airflow/.local/lib/python3.7/site-packages/airflow/example_dags/example_short_circuit_operator.py
[2024-05-09T15:17:47.639+0000] {processor.py:758} INFO - Processing file /home/airflow/.local/lib/python3.7/site-packages/airflow/example_dags/example_short_circuit_operator.py for tasks to queue
[2024-05-09T15:17:47.640+0000] {logging_mixin.py:117} INFO - [2024-05-09T15:17:47.640+0000] {dagbag.py:525} INFO - Filling up the DagBag from /home/airflow/.local/lib/python3.7/site-packages/airflow/example_dags/example_short_circuit_operator.py
[2024-05-09T15:17:47.656+0000] {processor.py:768} INFO - DAG(s) dict_keys(['example_short_circuit_operator']) retrieved from /home/airflow/.local/lib/python3.7/site-packages/airflow/example_dags/example_short_circuit_operator.py
[2024-05-09T15:17:47.810+0000] {logging_mixin.py:117} INFO - [2024-05-09T15:17:47.810+0000] {dag.py:2573} INFO - Sync 1 DAGs
[2024-05-09T15:17:47.828+0000] {logging_mixin.py:117} INFO - [2024-05-09T15:17:47.828+0000] {dag.py:3328} INFO - Setting next_dagrun for example_short_circuit_operator to 2024-05-08T15:17:47.828390+00:00, run_after=2024-05-09T15:17:47.828390+00:00
[2024-05-09T15:17:47.848+0000] {processor.py:178} INFO - Processing /home/airflow/.local/lib/python3.7/site-packages/airflow/example_dags/example_short_circuit_operator.py took 0.212 seconds
[2024-05-09T15:18:18.588+0000] {processor.py:156} INFO - Started process (PID=1515) to work on /home/airflow/.local/lib/python3.7/site-packages/airflow/example_dags/example_short_circuit_operator.py
[2024-05-09T15:18:18.589+0000] {processor.py:758} INFO - Processing file /home/airflow/.local/lib/python3.7/site-packages/airflow/example_dags/example_short_circuit_operator.py for tasks to queue
[2024-05-09T15:18:18.589+0000] {logging_mixin.py:117} INFO - [2024-05-09T15:18:18.589+0000] {dagbag.py:525} INFO - Filling up the DagBag from /home/airflow/.local/lib/python3.7/site-packages/airflow/example_dags/example_short_circuit_operator.py
[2024-05-09T15:18:18.602+0000] {processor.py:768} INFO - DAG(s) dict_keys(['example_short_circuit_operator']) retrieved from /home/airflow/.local/lib/python3.7/site-packages/airflow/example_dags/example_short_circuit_operator.py
[2024-05-09T15:18:18.633+0000] {logging_mixin.py:117} INFO - [2024-05-09T15:18:18.633+0000] {dag.py:2573} INFO - Sync 1 DAGs
[2024-05-09T15:18:18.652+0000] {logging_mixin.py:117} INFO - [2024-05-09T15:18:18.652+0000] {dag.py:3328} INFO - Setting next_dagrun for example_short_circuit_operator to 2024-05-08T15:18:18.652069+00:00, run_after=2024-05-09T15:18:18.652069+00:00
[2024-05-09T15:18:18.673+0000] {processor.py:178} INFO - Processing /home/airflow/.local/lib/python3.7/site-packages/airflow/example_dags/example_short_circuit_operator.py took 0.087 seconds
[2024-05-09T15:18:48.772+0000] {processor.py:156} INFO - Started process (PID=1729) to work on /home/airflow/.local/lib/python3.7/site-packages/airflow/example_dags/example_short_circuit_operator.py
[2024-05-09T15:18:48.773+0000] {processor.py:758} INFO - Processing file /home/airflow/.local/lib/python3.7/site-packages/airflow/example_dags/example_short_circuit_operator.py for tasks to queue
[2024-05-09T15:18:48.773+0000] {logging_mixin.py:117} INFO - [2024-05-09T15:18:48.773+0000] {dagbag.py:525} INFO - Filling up the DagBag from /home/airflow/.local/lib/python3.7/site-packages/airflow/example_dags/example_short_circuit_operator.py
[2024-05-09T15:18:48.787+0000] {processor.py:768} INFO - DAG(s) dict_keys(['example_short_circuit_operator']) retrieved from /home/airflow/.local/lib/python3.7/site-packages/airflow/example_dags/example_short_circuit_operator.py
[2024-05-09T15:18:48.821+0000] {logging_mixin.py:117} INFO - [2024-05-09T15:18:48.821+0000] {dag.py:2573} INFO - Sync 1 DAGs
[2024-05-09T15:18:48.841+0000] {logging_mixin.py:117} INFO - [2024-05-09T15:18:48.841+0000] {dag.py:3328} INFO - Setting next_dagrun for example_short_circuit_operator to 2024-05-08T15:18:48.841013+00:00, run_after=2024-05-09T15:18:48.841013+00:00
[2024-05-09T15:18:48.860+0000] {processor.py:178} INFO - Processing /home/airflow/.local/lib/python3.7/site-packages/airflow/example_dags/example_short_circuit_operator.py took 0.091 seconds
[2024-05-09T15:19:19.659+0000] {processor.py:156} INFO - Started process (PID=1943) to work on /home/airflow/.local/lib/python3.7/site-packages/airflow/example_dags/example_short_circuit_operator.py
[2024-05-09T15:19:19.659+0000] {processor.py:758} INFO - Processing file /home/airflow/.local/lib/python3.7/site-packages/airflow/example_dags/example_short_circuit_operator.py for tasks to queue
[2024-05-09T15:19:19.660+0000] {logging_mixin.py:117} INFO - [2024-05-09T15:19:19.660+0000] {dagbag.py:525} INFO - Filling up the DagBag from /home/airflow/.local/lib/python3.7/site-packages/airflow/example_dags/example_short_circuit_operator.py
[2024-05-09T15:19:19.674+0000] {processor.py:768} INFO - DAG(s) dict_keys(['example_short_circuit_operator']) retrieved from /home/airflow/.local/lib/python3.7/site-packages/airflow/example_dags/example_short_circuit_operator.py
[2024-05-09T15:19:19.717+0000] {logging_mixin.py:117} INFO - [2024-05-09T15:19:19.717+0000] {dag.py:2573} INFO - Sync 1 DAGs
[2024-05-09T15:19:19.741+0000] {logging_mixin.py:117} INFO - [2024-05-09T15:19:19.741+0000] {dag.py:3328} INFO - Setting next_dagrun for example_short_circuit_operator to 2024-05-08T15:19:19.741542+00:00, run_after=2024-05-09T15:19:19.741542+00:00
[2024-05-09T15:19:19.765+0000] {processor.py:178} INFO - Processing /home/airflow/.local/lib/python3.7/site-packages/airflow/example_dags/example_short_circuit_operator.py took 0.109 seconds
[2024-05-09T15:19:50.329+0000] {processor.py:156} INFO - Started process (PID=2147) to work on /home/airflow/.local/lib/python3.7/site-packages/airflow/example_dags/example_short_circuit_operator.py
[2024-05-09T15:19:50.330+0000] {processor.py:758} INFO - Processing file /home/airflow/.local/lib/python3.7/site-packages/airflow/example_dags/example_short_circuit_operator.py for tasks to queue
[2024-05-09T15:19:50.330+0000] {logging_mixin.py:117} INFO - [2024-05-09T15:19:50.330+0000] {dagbag.py:525} INFO - Filling up the DagBag from /home/airflow/.local/lib/python3.7/site-packages/airflow/example_dags/example_short_circuit_operator.py
[2024-05-09T15:19:50.349+0000] {processor.py:768} INFO - DAG(s) dict_keys(['example_short_circuit_operator']) retrieved from /home/airflow/.local/lib/python3.7/site-packages/airflow/example_dags/example_short_circuit_operator.py
[2024-05-09T15:19:50.386+0000] {logging_mixin.py:117} INFO - [2024-05-09T15:19:50.386+0000] {dag.py:2573} INFO - Sync 1 DAGs
[2024-05-09T15:19:50.410+0000] {logging_mixin.py:117} INFO - [2024-05-09T15:19:50.410+0000] {dag.py:3328} INFO - Setting next_dagrun for example_short_circuit_operator to 2024-05-08T15:19:50.410300+00:00, run_after=2024-05-09T15:19:50.410300+00:00
[2024-05-09T15:19:50.434+0000] {processor.py:178} INFO - Processing /home/airflow/.local/lib/python3.7/site-packages/airflow/example_dags/example_short_circuit_operator.py took 0.107 seconds
[2024-05-09T15:20:21.137+0000] {processor.py:156} INFO - Started process (PID=2361) to work on /home/airflow/.local/lib/python3.7/site-packages/airflow/example_dags/example_short_circuit_operator.py
[2024-05-09T15:20:21.138+0000] {processor.py:758} INFO - Processing file /home/airflow/.local/lib/python3.7/site-packages/airflow/example_dags/example_short_circuit_operator.py for tasks to queue
[2024-05-09T15:20:21.138+0000] {logging_mixin.py:117} INFO - [2024-05-09T15:20:21.138+0000] {dagbag.py:525} INFO - Filling up the DagBag from /home/airflow/.local/lib/python3.7/site-packages/airflow/example_dags/example_short_circuit_operator.py
[2024-05-09T15:20:21.153+0000] {processor.py:768} INFO - DAG(s) dict_keys(['example_short_circuit_operator']) retrieved from /home/airflow/.local/lib/python3.7/site-packages/airflow/example_dags/example_short_circuit_operator.py
[2024-05-09T15:20:21.188+0000] {logging_mixin.py:117} INFO - [2024-05-09T15:20:21.188+0000] {dag.py:2573} INFO - Sync 1 DAGs
[2024-05-09T15:20:21.207+0000] {logging_mixin.py:117} INFO - [2024-05-09T15:20:21.207+0000] {dag.py:3328} INFO - Setting next_dagrun for example_short_circuit_operator to 2024-05-08T15:20:21.207329+00:00, run_after=2024-05-09T15:20:21.207329+00:00
[2024-05-09T15:20:21.227+0000] {processor.py:178} INFO - Processing /home/airflow/.local/lib/python3.7/site-packages/airflow/example_dags/example_short_circuit_operator.py took 0.093 seconds
[2024-05-09T15:20:52.088+0000] {processor.py:156} INFO - Started process (PID=2574) to work on /home/airflow/.local/lib/python3.7/site-packages/airflow/example_dags/example_short_circuit_operator.py
[2024-05-09T15:20:52.089+0000] {processor.py:758} INFO - Processing file /home/airflow/.local/lib/python3.7/site-packages/airflow/example_dags/example_short_circuit_operator.py for tasks to queue
[2024-05-09T15:20:52.089+0000] {logging_mixin.py:117} INFO - [2024-05-09T15:20:52.089+0000] {dagbag.py:525} INFO - Filling up the DagBag from /home/airflow/.local/lib/python3.7/site-packages/airflow/example_dags/example_short_circuit_operator.py
[2024-05-09T15:20:52.105+0000] {processor.py:768} INFO - DAG(s) dict_keys(['example_short_circuit_operator']) retrieved from /home/airflow/.local/lib/python3.7/site-packages/airflow/example_dags/example_short_circuit_operator.py
[2024-05-09T15:20:52.140+0000] {logging_mixin.py:117} INFO - [2024-05-09T15:20:52.140+0000] {dag.py:2573} INFO - Sync 1 DAGs
[2024-05-09T15:20:52.161+0000] {logging_mixin.py:117} INFO - [2024-05-09T15:20:52.161+0000] {dag.py:3328} INFO - Setting next_dagrun for example_short_circuit_operator to 2024-05-08T15:20:52.161286+00:00, run_after=2024-05-09T15:20:52.161286+00:00
[2024-05-09T15:20:52.181+0000] {processor.py:178} INFO - Processing /home/airflow/.local/lib/python3.7/site-packages/airflow/example_dags/example_short_circuit_operator.py took 0.096 seconds
[2024-05-09T15:21:22.937+0000] {processor.py:156} INFO - Started process (PID=2787) to work on /home/airflow/.local/lib/python3.7/site-packages/airflow/example_dags/example_short_circuit_operator.py
[2024-05-09T15:21:22.938+0000] {processor.py:758} INFO - Processing file /home/airflow/.local/lib/python3.7/site-packages/airflow/example_dags/example_short_circuit_operator.py for tasks to queue
[2024-05-09T15:21:22.939+0000] {logging_mixin.py:117} INFO - [2024-05-09T15:21:22.939+0000] {dagbag.py:525} INFO - Filling up the DagBag from /home/airflow/.local/lib/python3.7/site-packages/airflow/example_dags/example_short_circuit_operator.py
[2024-05-09T15:21:22.959+0000] {processor.py:768} INFO - DAG(s) dict_keys(['example_short_circuit_operator']) retrieved from /home/airflow/.local/lib/python3.7/site-packages/airflow/example_dags/example_short_circuit_operator.py
[2024-05-09T15:21:22.996+0000] {logging_mixin.py:117} INFO - [2024-05-09T15:21:22.995+0000] {dag.py:2573} INFO - Sync 1 DAGs
[2024-05-09T15:21:23.023+0000] {logging_mixin.py:117} INFO - [2024-05-09T15:21:23.023+0000] {dag.py:3328} INFO - Setting next_dagrun for example_short_circuit_operator to 2024-05-08T15:21:23.022940+00:00, run_after=2024-05-09T15:21:23.022940+00:00
[2024-05-09T15:21:23.043+0000] {processor.py:178} INFO - Processing /home/airflow/.local/lib/python3.7/site-packages/airflow/example_dags/example_short_circuit_operator.py took 0.108 seconds
[2024-05-09T16:29:52.998+0000] {processor.py:156} INFO - Started process (PID=250) to work on /home/airflow/.local/lib/python3.7/site-packages/airflow/example_dags/example_short_circuit_operator.py
[2024-05-09T16:29:53.001+0000] {processor.py:758} INFO - Processing file /home/airflow/.local/lib/python3.7/site-packages/airflow/example_dags/example_short_circuit_operator.py for tasks to queue
[2024-05-09T16:29:53.002+0000] {logging_mixin.py:117} INFO - [2024-05-09T16:29:53.002+0000] {dagbag.py:525} INFO - Filling up the DagBag from /home/airflow/.local/lib/python3.7/site-packages/airflow/example_dags/example_short_circuit_operator.py
[2024-05-09T16:29:53.024+0000] {processor.py:768} INFO - DAG(s) dict_keys(['example_short_circuit_operator']) retrieved from /home/airflow/.local/lib/python3.7/site-packages/airflow/example_dags/example_short_circuit_operator.py
[2024-05-09T16:29:53.072+0000] {logging_mixin.py:117} INFO - [2024-05-09T16:29:53.072+0000] {dag.py:2573} INFO - Sync 1 DAGs
[2024-05-09T16:29:53.102+0000] {logging_mixin.py:117} INFO - [2024-05-09T16:29:53.102+0000] {dag.py:3328} INFO - Setting next_dagrun for example_short_circuit_operator to 2024-05-08T16:29:53.102157+00:00, run_after=2024-05-09T16:29:53.102157+00:00
[2024-05-09T16:29:53.130+0000] {processor.py:178} INFO - Processing /home/airflow/.local/lib/python3.7/site-packages/airflow/example_dags/example_short_circuit_operator.py took 0.135 seconds
[2024-05-09T16:30:26.742+0000] {processor.py:156} INFO - Started process (PID=240) to work on /home/airflow/.local/lib/python3.7/site-packages/airflow/example_dags/example_short_circuit_operator.py
[2024-05-09T16:30:26.743+0000] {processor.py:758} INFO - Processing file /home/airflow/.local/lib/python3.7/site-packages/airflow/example_dags/example_short_circuit_operator.py for tasks to queue
[2024-05-09T16:30:26.744+0000] {logging_mixin.py:117} INFO - [2024-05-09T16:30:26.744+0000] {dagbag.py:525} INFO - Filling up the DagBag from /home/airflow/.local/lib/python3.7/site-packages/airflow/example_dags/example_short_circuit_operator.py
[2024-05-09T16:30:26.774+0000] {processor.py:768} INFO - DAG(s) dict_keys(['example_short_circuit_operator']) retrieved from /home/airflow/.local/lib/python3.7/site-packages/airflow/example_dags/example_short_circuit_operator.py
[2024-05-09T16:30:26.822+0000] {logging_mixin.py:117} INFO - [2024-05-09T16:30:26.822+0000] {dag.py:2573} INFO - Sync 1 DAGs
[2024-05-09T16:30:26.854+0000] {logging_mixin.py:117} INFO - [2024-05-09T16:30:26.854+0000] {dag.py:3328} INFO - Setting next_dagrun for example_short_circuit_operator to 2024-05-08T16:30:26.854300+00:00, run_after=2024-05-09T16:30:26.854300+00:00
[2024-05-09T16:30:26.881+0000] {processor.py:178} INFO - Processing /home/airflow/.local/lib/python3.7/site-packages/airflow/example_dags/example_short_circuit_operator.py took 0.142 seconds
[2024-05-09T16:30:57.618+0000] {processor.py:156} INFO - Started process (PID=453) to work on /home/airflow/.local/lib/python3.7/site-packages/airflow/example_dags/example_short_circuit_operator.py
[2024-05-09T16:30:57.618+0000] {processor.py:758} INFO - Processing file /home/airflow/.local/lib/python3.7/site-packages/airflow/example_dags/example_short_circuit_operator.py for tasks to queue
[2024-05-09T16:30:57.619+0000] {logging_mixin.py:117} INFO - [2024-05-09T16:30:57.619+0000] {dagbag.py:525} INFO - Filling up the DagBag from /home/airflow/.local/lib/python3.7/site-packages/airflow/example_dags/example_short_circuit_operator.py
[2024-05-09T16:30:57.633+0000] {processor.py:768} INFO - DAG(s) dict_keys(['example_short_circuit_operator']) retrieved from /home/airflow/.local/lib/python3.7/site-packages/airflow/example_dags/example_short_circuit_operator.py
[2024-05-09T16:30:57.671+0000] {logging_mixin.py:117} INFO - [2024-05-09T16:30:57.671+0000] {dag.py:2573} INFO - Sync 1 DAGs
[2024-05-09T16:30:57.692+0000] {logging_mixin.py:117} INFO - [2024-05-09T16:30:57.692+0000] {dag.py:3328} INFO - Setting next_dagrun for example_short_circuit_operator to 2024-05-08T16:30:57.692083+00:00, run_after=2024-05-09T16:30:57.692083+00:00
[2024-05-09T16:30:57.711+0000] {processor.py:178} INFO - Processing /home/airflow/.local/lib/python3.7/site-packages/airflow/example_dags/example_short_circuit_operator.py took 0.096 seconds
[2024-05-09T16:31:29.076+0000] {processor.py:156} INFO - Started process (PID=667) to work on /home/airflow/.local/lib/python3.7/site-packages/airflow/example_dags/example_short_circuit_operator.py
[2024-05-09T16:31:29.076+0000] {processor.py:758} INFO - Processing file /home/airflow/.local/lib/python3.7/site-packages/airflow/example_dags/example_short_circuit_operator.py for tasks to queue
[2024-05-09T16:31:29.077+0000] {logging_mixin.py:117} INFO - [2024-05-09T16:31:29.077+0000] {dagbag.py:525} INFO - Filling up the DagBag from /home/airflow/.local/lib/python3.7/site-packages/airflow/example_dags/example_short_circuit_operator.py
[2024-05-09T16:31:29.090+0000] {processor.py:768} INFO - DAG(s) dict_keys(['example_short_circuit_operator']) retrieved from /home/airflow/.local/lib/python3.7/site-packages/airflow/example_dags/example_short_circuit_operator.py
[2024-05-09T16:31:29.123+0000] {logging_mixin.py:117} INFO - [2024-05-09T16:31:29.123+0000] {dag.py:2573} INFO - Sync 1 DAGs
[2024-05-09T16:31:29.142+0000] {logging_mixin.py:117} INFO - [2024-05-09T16:31:29.142+0000] {dag.py:3328} INFO - Setting next_dagrun for example_short_circuit_operator to 2024-05-08T16:31:29.142389+00:00, run_after=2024-05-09T16:31:29.142389+00:00
[2024-05-09T16:31:29.168+0000] {processor.py:178} INFO - Processing /home/airflow/.local/lib/python3.7/site-packages/airflow/example_dags/example_short_circuit_operator.py took 0.095 seconds
[2024-05-09T16:32:00.038+0000] {processor.py:156} INFO - Started process (PID=872) to work on /home/airflow/.local/lib/python3.7/site-packages/airflow/example_dags/example_short_circuit_operator.py
[2024-05-09T16:32:00.038+0000] {processor.py:758} INFO - Processing file /home/airflow/.local/lib/python3.7/site-packages/airflow/example_dags/example_short_circuit_operator.py for tasks to queue
[2024-05-09T16:32:00.039+0000] {logging_mixin.py:117} INFO - [2024-05-09T16:32:00.039+0000] {dagbag.py:525} INFO - Filling up the DagBag from /home/airflow/.local/lib/python3.7/site-packages/airflow/example_dags/example_short_circuit_operator.py
[2024-05-09T16:32:00.053+0000] {processor.py:768} INFO - DAG(s) dict_keys(['example_short_circuit_operator']) retrieved from /home/airflow/.local/lib/python3.7/site-packages/airflow/example_dags/example_short_circuit_operator.py
[2024-05-09T16:32:00.086+0000] {logging_mixin.py:117} INFO - [2024-05-09T16:32:00.086+0000] {dag.py:2573} INFO - Sync 1 DAGs
[2024-05-09T16:32:00.106+0000] {logging_mixin.py:117} INFO - [2024-05-09T16:32:00.106+0000] {dag.py:3328} INFO - Setting next_dagrun for example_short_circuit_operator to 2024-05-08T16:32:00.106641+00:00, run_after=2024-05-09T16:32:00.106641+00:00
[2024-05-09T16:32:00.129+0000] {processor.py:178} INFO - Processing /home/airflow/.local/lib/python3.7/site-packages/airflow/example_dags/example_short_circuit_operator.py took 0.094 seconds
[2024-05-09T16:32:30.992+0000] {processor.py:156} INFO - Started process (PID=1085) to work on /home/airflow/.local/lib/python3.7/site-packages/airflow/example_dags/example_short_circuit_operator.py
[2024-05-09T16:32:30.993+0000] {processor.py:758} INFO - Processing file /home/airflow/.local/lib/python3.7/site-packages/airflow/example_dags/example_short_circuit_operator.py for tasks to queue
[2024-05-09T16:32:30.993+0000] {logging_mixin.py:117} INFO - [2024-05-09T16:32:30.993+0000] {dagbag.py:525} INFO - Filling up the DagBag from /home/airflow/.local/lib/python3.7/site-packages/airflow/example_dags/example_short_circuit_operator.py
[2024-05-09T16:32:31.013+0000] {processor.py:768} INFO - DAG(s) dict_keys(['example_short_circuit_operator']) retrieved from /home/airflow/.local/lib/python3.7/site-packages/airflow/example_dags/example_short_circuit_operator.py
[2024-05-09T16:32:31.052+0000] {logging_mixin.py:117} INFO - [2024-05-09T16:32:31.052+0000] {dag.py:2573} INFO - Sync 1 DAGs
[2024-05-09T16:32:31.071+0000] {logging_mixin.py:117} INFO - [2024-05-09T16:32:31.071+0000] {dag.py:3328} INFO - Setting next_dagrun for example_short_circuit_operator to 2024-05-08T16:32:31.071158+00:00, run_after=2024-05-09T16:32:31.071158+00:00
[2024-05-09T16:32:31.100+0000] {processor.py:178} INFO - Processing /home/airflow/.local/lib/python3.7/site-packages/airflow/example_dags/example_short_circuit_operator.py took 0.111 seconds
[2024-05-09T16:33:01.662+0000] {processor.py:156} INFO - Started process (PID=1298) to work on /home/airflow/.local/lib/python3.7/site-packages/airflow/example_dags/example_short_circuit_operator.py
[2024-05-09T16:33:01.663+0000] {processor.py:758} INFO - Processing file /home/airflow/.local/lib/python3.7/site-packages/airflow/example_dags/example_short_circuit_operator.py for tasks to queue
[2024-05-09T16:33:01.663+0000] {logging_mixin.py:117} INFO - [2024-05-09T16:33:01.663+0000] {dagbag.py:525} INFO - Filling up the DagBag from /home/airflow/.local/lib/python3.7/site-packages/airflow/example_dags/example_short_circuit_operator.py
[2024-05-09T16:33:01.677+0000] {processor.py:768} INFO - DAG(s) dict_keys(['example_short_circuit_operator']) retrieved from /home/airflow/.local/lib/python3.7/site-packages/airflow/example_dags/example_short_circuit_operator.py
[2024-05-09T16:33:01.711+0000] {logging_mixin.py:117} INFO - [2024-05-09T16:33:01.711+0000] {dag.py:2573} INFO - Sync 1 DAGs
[2024-05-09T16:33:01.856+0000] {logging_mixin.py:117} INFO - [2024-05-09T16:33:01.856+0000] {dag.py:3328} INFO - Setting next_dagrun for example_short_circuit_operator to 2024-05-08T16:33:01.855892+00:00, run_after=2024-05-09T16:33:01.855892+00:00
[2024-05-09T16:33:01.875+0000] {processor.py:178} INFO - Processing /home/airflow/.local/lib/python3.7/site-packages/airflow/example_dags/example_short_circuit_operator.py took 0.217 seconds
[2024-05-09T16:33:33.174+0000] {processor.py:156} INFO - Started process (PID=1513) to work on /home/airflow/.local/lib/python3.7/site-packages/airflow/example_dags/example_short_circuit_operator.py
[2024-05-09T16:33:33.174+0000] {processor.py:758} INFO - Processing file /home/airflow/.local/lib/python3.7/site-packages/airflow/example_dags/example_short_circuit_operator.py for tasks to queue
[2024-05-09T16:33:33.175+0000] {logging_mixin.py:117} INFO - [2024-05-09T16:33:33.175+0000] {dagbag.py:525} INFO - Filling up the DagBag from /home/airflow/.local/lib/python3.7/site-packages/airflow/example_dags/example_short_circuit_operator.py
[2024-05-09T16:33:33.189+0000] {processor.py:768} INFO - DAG(s) dict_keys(['example_short_circuit_operator']) retrieved from /home/airflow/.local/lib/python3.7/site-packages/airflow/example_dags/example_short_circuit_operator.py
[2024-05-09T16:33:33.222+0000] {logging_mixin.py:117} INFO - [2024-05-09T16:33:33.222+0000] {dag.py:2573} INFO - Sync 1 DAGs
[2024-05-09T16:33:33.348+0000] {logging_mixin.py:117} INFO - [2024-05-09T16:33:33.348+0000] {dag.py:3328} INFO - Setting next_dagrun for example_short_circuit_operator to 2024-05-08T16:33:33.347865+00:00, run_after=2024-05-09T16:33:33.347865+00:00
[2024-05-09T16:33:33.369+0000] {processor.py:178} INFO - Processing /home/airflow/.local/lib/python3.7/site-packages/airflow/example_dags/example_short_circuit_operator.py took 0.197 seconds
[2024-05-09T16:34:03.781+0000] {processor.py:156} INFO - Started process (PID=1717) to work on /home/airflow/.local/lib/python3.7/site-packages/airflow/example_dags/example_short_circuit_operator.py
[2024-05-09T16:34:03.782+0000] {processor.py:758} INFO - Processing file /home/airflow/.local/lib/python3.7/site-packages/airflow/example_dags/example_short_circuit_operator.py for tasks to queue
[2024-05-09T16:34:03.782+0000] {logging_mixin.py:117} INFO - [2024-05-09T16:34:03.782+0000] {dagbag.py:525} INFO - Filling up the DagBag from /home/airflow/.local/lib/python3.7/site-packages/airflow/example_dags/example_short_circuit_operator.py
[2024-05-09T16:34:03.796+0000] {processor.py:768} INFO - DAG(s) dict_keys(['example_short_circuit_operator']) retrieved from /home/airflow/.local/lib/python3.7/site-packages/airflow/example_dags/example_short_circuit_operator.py
[2024-05-09T16:34:03.958+0000] {logging_mixin.py:117} INFO - [2024-05-09T16:34:03.958+0000] {dag.py:2573} INFO - Sync 1 DAGs
[2024-05-09T16:34:03.991+0000] {logging_mixin.py:117} INFO - [2024-05-09T16:34:03.991+0000] {dag.py:3328} INFO - Setting next_dagrun for example_short_circuit_operator to 2024-05-08T16:34:03.991155+00:00, run_after=2024-05-09T16:34:03.991155+00:00
[2024-05-09T16:34:04.015+0000] {processor.py:178} INFO - Processing /home/airflow/.local/lib/python3.7/site-packages/airflow/example_dags/example_short_circuit_operator.py took 0.237 seconds
[2024-05-09T16:34:34.478+0000] {processor.py:156} INFO - Started process (PID=1933) to work on /home/airflow/.local/lib/python3.7/site-packages/airflow/example_dags/example_short_circuit_operator.py
[2024-05-09T16:34:34.481+0000] {processor.py:758} INFO - Processing file /home/airflow/.local/lib/python3.7/site-packages/airflow/example_dags/example_short_circuit_operator.py for tasks to queue
[2024-05-09T16:34:34.482+0000] {logging_mixin.py:117} INFO - [2024-05-09T16:34:34.482+0000] {dagbag.py:525} INFO - Filling up the DagBag from /home/airflow/.local/lib/python3.7/site-packages/airflow/example_dags/example_short_circuit_operator.py
[2024-05-09T16:34:34.503+0000] {processor.py:768} INFO - DAG(s) dict_keys(['example_short_circuit_operator']) retrieved from /home/airflow/.local/lib/python3.7/site-packages/airflow/example_dags/example_short_circuit_operator.py
[2024-05-09T16:34:34.648+0000] {logging_mixin.py:117} INFO - [2024-05-09T16:34:34.648+0000] {dag.py:2573} INFO - Sync 1 DAGs
[2024-05-09T16:34:34.678+0000] {logging_mixin.py:117} INFO - [2024-05-09T16:34:34.678+0000] {dag.py:3328} INFO - Setting next_dagrun for example_short_circuit_operator to 2024-05-08T16:34:34.678330+00:00, run_after=2024-05-09T16:34:34.678330+00:00
[2024-05-09T16:34:34.701+0000] {processor.py:178} INFO - Processing /home/airflow/.local/lib/python3.7/site-packages/airflow/example_dags/example_short_circuit_operator.py took 0.225 seconds
[2024-05-09T16:35:04.807+0000] {processor.py:156} INFO - Started process (PID=2144) to work on /home/airflow/.local/lib/python3.7/site-packages/airflow/example_dags/example_short_circuit_operator.py
[2024-05-09T16:35:04.808+0000] {processor.py:758} INFO - Processing file /home/airflow/.local/lib/python3.7/site-packages/airflow/example_dags/example_short_circuit_operator.py for tasks to queue
[2024-05-09T16:35:04.809+0000] {logging_mixin.py:117} INFO - [2024-05-09T16:35:04.808+0000] {dagbag.py:525} INFO - Filling up the DagBag from /home/airflow/.local/lib/python3.7/site-packages/airflow/example_dags/example_short_circuit_operator.py
[2024-05-09T16:35:04.827+0000] {processor.py:768} INFO - DAG(s) dict_keys(['example_short_circuit_operator']) retrieved from /home/airflow/.local/lib/python3.7/site-packages/airflow/example_dags/example_short_circuit_operator.py
[2024-05-09T16:35:04.870+0000] {logging_mixin.py:117} INFO - [2024-05-09T16:35:04.870+0000] {dag.py:2573} INFO - Sync 1 DAGs
[2024-05-09T16:35:04.901+0000] {logging_mixin.py:117} INFO - [2024-05-09T16:35:04.901+0000] {dag.py:3328} INFO - Setting next_dagrun for example_short_circuit_operator to 2024-05-08T16:35:04.900923+00:00, run_after=2024-05-09T16:35:04.900923+00:00
[2024-05-09T16:35:05.042+0000] {processor.py:178} INFO - Processing /home/airflow/.local/lib/python3.7/site-packages/airflow/example_dags/example_short_circuit_operator.py took 0.238 seconds
[2024-05-09T16:35:35.256+0000] {processor.py:156} INFO - Started process (PID=2347) to work on /home/airflow/.local/lib/python3.7/site-packages/airflow/example_dags/example_short_circuit_operator.py
[2024-05-09T16:35:35.257+0000] {processor.py:758} INFO - Processing file /home/airflow/.local/lib/python3.7/site-packages/airflow/example_dags/example_short_circuit_operator.py for tasks to queue
[2024-05-09T16:35:35.258+0000] {logging_mixin.py:117} INFO - [2024-05-09T16:35:35.257+0000] {dagbag.py:525} INFO - Filling up the DagBag from /home/airflow/.local/lib/python3.7/site-packages/airflow/example_dags/example_short_circuit_operator.py
[2024-05-09T16:35:35.271+0000] {processor.py:768} INFO - DAG(s) dict_keys(['example_short_circuit_operator']) retrieved from /home/airflow/.local/lib/python3.7/site-packages/airflow/example_dags/example_short_circuit_operator.py
[2024-05-09T16:35:35.311+0000] {logging_mixin.py:117} INFO - [2024-05-09T16:35:35.310+0000] {dag.py:2573} INFO - Sync 1 DAGs
[2024-05-09T16:35:35.464+0000] {logging_mixin.py:117} INFO - [2024-05-09T16:35:35.464+0000] {dag.py:3328} INFO - Setting next_dagrun for example_short_circuit_operator to 2024-05-08T16:35:35.464093+00:00, run_after=2024-05-09T16:35:35.464093+00:00
[2024-05-09T16:35:35.486+0000] {processor.py:178} INFO - Processing /home/airflow/.local/lib/python3.7/site-packages/airflow/example_dags/example_short_circuit_operator.py took 0.232 seconds
[2024-05-09T16:36:06.001+0000] {processor.py:156} INFO - Started process (PID=2563) to work on /home/airflow/.local/lib/python3.7/site-packages/airflow/example_dags/example_short_circuit_operator.py
[2024-05-09T16:36:06.001+0000] {processor.py:758} INFO - Processing file /home/airflow/.local/lib/python3.7/site-packages/airflow/example_dags/example_short_circuit_operator.py for tasks to queue
[2024-05-09T16:36:06.002+0000] {logging_mixin.py:117} INFO - [2024-05-09T16:36:06.002+0000] {dagbag.py:525} INFO - Filling up the DagBag from /home/airflow/.local/lib/python3.7/site-packages/airflow/example_dags/example_short_circuit_operator.py
[2024-05-09T16:36:06.015+0000] {processor.py:768} INFO - DAG(s) dict_keys(['example_short_circuit_operator']) retrieved from /home/airflow/.local/lib/python3.7/site-packages/airflow/example_dags/example_short_circuit_operator.py
[2024-05-09T16:36:06.151+0000] {logging_mixin.py:117} INFO - [2024-05-09T16:36:06.151+0000] {dag.py:2573} INFO - Sync 1 DAGs
[2024-05-09T16:36:06.169+0000] {logging_mixin.py:117} INFO - [2024-05-09T16:36:06.169+0000] {dag.py:3328} INFO - Setting next_dagrun for example_short_circuit_operator to 2024-05-08T16:36:06.169549+00:00, run_after=2024-05-09T16:36:06.169549+00:00
[2024-05-09T16:36:06.188+0000] {processor.py:178} INFO - Processing /home/airflow/.local/lib/python3.7/site-packages/airflow/example_dags/example_short_circuit_operator.py took 0.190 seconds
[2024-05-09T16:36:36.451+0000] {processor.py:156} INFO - Started process (PID=2776) to work on /home/airflow/.local/lib/python3.7/site-packages/airflow/example_dags/example_short_circuit_operator.py
[2024-05-09T16:36:36.452+0000] {processor.py:758} INFO - Processing file /home/airflow/.local/lib/python3.7/site-packages/airflow/example_dags/example_short_circuit_operator.py for tasks to queue
[2024-05-09T16:36:36.452+0000] {logging_mixin.py:117} INFO - [2024-05-09T16:36:36.452+0000] {dagbag.py:525} INFO - Filling up the DagBag from /home/airflow/.local/lib/python3.7/site-packages/airflow/example_dags/example_short_circuit_operator.py
[2024-05-09T16:36:36.466+0000] {processor.py:768} INFO - DAG(s) dict_keys(['example_short_circuit_operator']) retrieved from /home/airflow/.local/lib/python3.7/site-packages/airflow/example_dags/example_short_circuit_operator.py
[2024-05-09T16:36:36.610+0000] {logging_mixin.py:117} INFO - [2024-05-09T16:36:36.610+0000] {dag.py:2573} INFO - Sync 1 DAGs
[2024-05-09T16:36:36.630+0000] {logging_mixin.py:117} INFO - [2024-05-09T16:36:36.630+0000] {dag.py:3328} INFO - Setting next_dagrun for example_short_circuit_operator to 2024-05-08T16:36:36.630676+00:00, run_after=2024-05-09T16:36:36.630676+00:00
[2024-05-09T16:36:36.649+0000] {processor.py:178} INFO - Processing /home/airflow/.local/lib/python3.7/site-packages/airflow/example_dags/example_short_circuit_operator.py took 0.202 seconds
[2024-05-09T16:37:07.721+0000] {processor.py:156} INFO - Started process (PID=2987) to work on /home/airflow/.local/lib/python3.7/site-packages/airflow/example_dags/example_short_circuit_operator.py
[2024-05-09T16:37:07.721+0000] {processor.py:758} INFO - Processing file /home/airflow/.local/lib/python3.7/site-packages/airflow/example_dags/example_short_circuit_operator.py for tasks to queue
[2024-05-09T16:37:07.722+0000] {logging_mixin.py:117} INFO - [2024-05-09T16:37:07.722+0000] {dagbag.py:525} INFO - Filling up the DagBag from /home/airflow/.local/lib/python3.7/site-packages/airflow/example_dags/example_short_circuit_operator.py
[2024-05-09T16:37:07.736+0000] {processor.py:768} INFO - DAG(s) dict_keys(['example_short_circuit_operator']) retrieved from /home/airflow/.local/lib/python3.7/site-packages/airflow/example_dags/example_short_circuit_operator.py
[2024-05-09T16:37:07.771+0000] {logging_mixin.py:117} INFO - [2024-05-09T16:37:07.770+0000] {dag.py:2573} INFO - Sync 1 DAGs
[2024-05-09T16:37:07.795+0000] {logging_mixin.py:117} INFO - [2024-05-09T16:37:07.794+0000] {dag.py:3328} INFO - Setting next_dagrun for example_short_circuit_operator to 2024-05-08T16:37:07.794705+00:00, run_after=2024-05-09T16:37:07.794705+00:00
[2024-05-09T16:37:07.933+0000] {processor.py:178} INFO - Processing /home/airflow/.local/lib/python3.7/site-packages/airflow/example_dags/example_short_circuit_operator.py took 0.216 seconds
[2024-05-09T16:37:38.254+0000] {processor.py:156} INFO - Started process (PID=3191) to work on /home/airflow/.local/lib/python3.7/site-packages/airflow/example_dags/example_short_circuit_operator.py
[2024-05-09T16:37:38.255+0000] {processor.py:758} INFO - Processing file /home/airflow/.local/lib/python3.7/site-packages/airflow/example_dags/example_short_circuit_operator.py for tasks to queue
[2024-05-09T16:37:38.255+0000] {logging_mixin.py:117} INFO - [2024-05-09T16:37:38.255+0000] {dagbag.py:525} INFO - Filling up the DagBag from /home/airflow/.local/lib/python3.7/site-packages/airflow/example_dags/example_short_circuit_operator.py
[2024-05-09T16:37:38.269+0000] {processor.py:768} INFO - DAG(s) dict_keys(['example_short_circuit_operator']) retrieved from /home/airflow/.local/lib/python3.7/site-packages/airflow/example_dags/example_short_circuit_operator.py
[2024-05-09T16:37:38.303+0000] {logging_mixin.py:117} INFO - [2024-05-09T16:37:38.303+0000] {dag.py:2573} INFO - Sync 1 DAGs
[2024-05-09T16:37:38.435+0000] {logging_mixin.py:117} INFO - [2024-05-09T16:37:38.434+0000] {dag.py:3328} INFO - Setting next_dagrun for example_short_circuit_operator to 2024-05-08T16:37:38.434653+00:00, run_after=2024-05-09T16:37:38.434653+00:00
[2024-05-09T16:37:38.458+0000] {processor.py:178} INFO - Processing /home/airflow/.local/lib/python3.7/site-packages/airflow/example_dags/example_short_circuit_operator.py took 0.207 seconds
[2024-05-09T16:38:08.971+0000] {processor.py:156} INFO - Started process (PID=3404) to work on /home/airflow/.local/lib/python3.7/site-packages/airflow/example_dags/example_short_circuit_operator.py
[2024-05-09T16:38:08.972+0000] {processor.py:758} INFO - Processing file /home/airflow/.local/lib/python3.7/site-packages/airflow/example_dags/example_short_circuit_operator.py for tasks to queue
[2024-05-09T16:38:08.972+0000] {logging_mixin.py:117} INFO - [2024-05-09T16:38:08.972+0000] {dagbag.py:525} INFO - Filling up the DagBag from /home/airflow/.local/lib/python3.7/site-packages/airflow/example_dags/example_short_circuit_operator.py
[2024-05-09T16:38:08.987+0000] {processor.py:768} INFO - DAG(s) dict_keys(['example_short_circuit_operator']) retrieved from /home/airflow/.local/lib/python3.7/site-packages/airflow/example_dags/example_short_circuit_operator.py
[2024-05-09T16:38:09.129+0000] {logging_mixin.py:117} INFO - [2024-05-09T16:38:09.129+0000] {dag.py:2573} INFO - Sync 1 DAGs
[2024-05-09T16:38:09.156+0000] {logging_mixin.py:117} INFO - [2024-05-09T16:38:09.156+0000] {dag.py:3328} INFO - Setting next_dagrun for example_short_circuit_operator to 2024-05-08T16:38:09.156561+00:00, run_after=2024-05-09T16:38:09.156561+00:00
[2024-05-09T16:38:09.179+0000] {processor.py:178} INFO - Processing /home/airflow/.local/lib/python3.7/site-packages/airflow/example_dags/example_short_circuit_operator.py took 0.211 seconds
[2024-05-09T16:38:39.381+0000] {processor.py:156} INFO - Started process (PID=3618) to work on /home/airflow/.local/lib/python3.7/site-packages/airflow/example_dags/example_short_circuit_operator.py
[2024-05-09T16:38:39.382+0000] {processor.py:758} INFO - Processing file /home/airflow/.local/lib/python3.7/site-packages/airflow/example_dags/example_short_circuit_operator.py for tasks to queue
[2024-05-09T16:38:39.382+0000] {logging_mixin.py:117} INFO - [2024-05-09T16:38:39.382+0000] {dagbag.py:525} INFO - Filling up the DagBag from /home/airflow/.local/lib/python3.7/site-packages/airflow/example_dags/example_short_circuit_operator.py
[2024-05-09T16:38:39.397+0000] {processor.py:768} INFO - DAG(s) dict_keys(['example_short_circuit_operator']) retrieved from /home/airflow/.local/lib/python3.7/site-packages/airflow/example_dags/example_short_circuit_operator.py
[2024-05-09T16:38:39.534+0000] {logging_mixin.py:117} INFO - [2024-05-09T16:38:39.534+0000] {dag.py:2573} INFO - Sync 1 DAGs
[2024-05-09T16:38:39.552+0000] {logging_mixin.py:117} INFO - [2024-05-09T16:38:39.551+0000] {dag.py:3328} INFO - Setting next_dagrun for example_short_circuit_operator to 2024-05-08T16:38:39.551825+00:00, run_after=2024-05-09T16:38:39.551825+00:00
[2024-05-09T16:38:39.573+0000] {processor.py:178} INFO - Processing /home/airflow/.local/lib/python3.7/site-packages/airflow/example_dags/example_short_circuit_operator.py took 0.194 seconds
[2024-05-09T16:39:10.214+0000] {processor.py:156} INFO - Started process (PID=3822) to work on /home/airflow/.local/lib/python3.7/site-packages/airflow/example_dags/example_short_circuit_operator.py
[2024-05-09T16:39:10.215+0000] {processor.py:758} INFO - Processing file /home/airflow/.local/lib/python3.7/site-packages/airflow/example_dags/example_short_circuit_operator.py for tasks to queue
[2024-05-09T16:39:10.215+0000] {logging_mixin.py:117} INFO - [2024-05-09T16:39:10.215+0000] {dagbag.py:525} INFO - Filling up the DagBag from /home/airflow/.local/lib/python3.7/site-packages/airflow/example_dags/example_short_circuit_operator.py
[2024-05-09T16:39:10.379+0000] {processor.py:768} INFO - DAG(s) dict_keys(['example_short_circuit_operator']) retrieved from /home/airflow/.local/lib/python3.7/site-packages/airflow/example_dags/example_short_circuit_operator.py
[2024-05-09T16:39:10.421+0000] {logging_mixin.py:117} INFO - [2024-05-09T16:39:10.421+0000] {dag.py:2573} INFO - Sync 1 DAGs
[2024-05-09T16:39:10.450+0000] {logging_mixin.py:117} INFO - [2024-05-09T16:39:10.449+0000] {dag.py:3328} INFO - Setting next_dagrun for example_short_circuit_operator to 2024-05-08T16:39:10.449718+00:00, run_after=2024-05-09T16:39:10.449718+00:00
[2024-05-09T16:39:10.475+0000] {processor.py:178} INFO - Processing /home/airflow/.local/lib/python3.7/site-packages/airflow/example_dags/example_short_circuit_operator.py took 0.264 seconds
[2024-05-09T16:39:41.011+0000] {processor.py:156} INFO - Started process (PID=4037) to work on /home/airflow/.local/lib/python3.7/site-packages/airflow/example_dags/example_short_circuit_operator.py
[2024-05-09T16:39:41.011+0000] {processor.py:758} INFO - Processing file /home/airflow/.local/lib/python3.7/site-packages/airflow/example_dags/example_short_circuit_operator.py for tasks to queue
[2024-05-09T16:39:41.012+0000] {logging_mixin.py:117} INFO - [2024-05-09T16:39:41.012+0000] {dagbag.py:525} INFO - Filling up the DagBag from /home/airflow/.local/lib/python3.7/site-packages/airflow/example_dags/example_short_circuit_operator.py
[2024-05-09T16:39:41.026+0000] {processor.py:768} INFO - DAG(s) dict_keys(['example_short_circuit_operator']) retrieved from /home/airflow/.local/lib/python3.7/site-packages/airflow/example_dags/example_short_circuit_operator.py
[2024-05-09T16:39:41.058+0000] {logging_mixin.py:117} INFO - [2024-05-09T16:39:41.058+0000] {dag.py:2573} INFO - Sync 1 DAGs
[2024-05-09T16:39:41.077+0000] {logging_mixin.py:117} INFO - [2024-05-09T16:39:41.077+0000] {dag.py:3328} INFO - Setting next_dagrun for example_short_circuit_operator to 2024-05-08T16:39:41.077556+00:00, run_after=2024-05-09T16:39:41.077556+00:00
[2024-05-09T16:39:41.095+0000] {processor.py:178} INFO - Processing /home/airflow/.local/lib/python3.7/site-packages/airflow/example_dags/example_short_circuit_operator.py took 0.087 seconds
[2024-05-09T16:40:12.002+0000] {processor.py:156} INFO - Started process (PID=4250) to work on /home/airflow/.local/lib/python3.7/site-packages/airflow/example_dags/example_short_circuit_operator.py
[2024-05-09T16:40:12.003+0000] {processor.py:758} INFO - Processing file /home/airflow/.local/lib/python3.7/site-packages/airflow/example_dags/example_short_circuit_operator.py for tasks to queue
[2024-05-09T16:40:12.003+0000] {logging_mixin.py:117} INFO - [2024-05-09T16:40:12.003+0000] {dagbag.py:525} INFO - Filling up the DagBag from /home/airflow/.local/lib/python3.7/site-packages/airflow/example_dags/example_short_circuit_operator.py
[2024-05-09T16:40:12.017+0000] {processor.py:768} INFO - DAG(s) dict_keys(['example_short_circuit_operator']) retrieved from /home/airflow/.local/lib/python3.7/site-packages/airflow/example_dags/example_short_circuit_operator.py
[2024-05-09T16:40:12.050+0000] {logging_mixin.py:117} INFO - [2024-05-09T16:40:12.050+0000] {dag.py:2573} INFO - Sync 1 DAGs
[2024-05-09T16:40:12.069+0000] {logging_mixin.py:117} INFO - [2024-05-09T16:40:12.069+0000] {dag.py:3328} INFO - Setting next_dagrun for example_short_circuit_operator to 2024-05-08T16:40:12.069238+00:00, run_after=2024-05-09T16:40:12.069238+00:00
[2024-05-09T16:40:12.089+0000] {processor.py:178} INFO - Processing /home/airflow/.local/lib/python3.7/site-packages/airflow/example_dags/example_short_circuit_operator.py took 0.089 seconds
[2024-05-09T16:40:42.986+0000] {processor.py:156} INFO - Started process (PID=4463) to work on /home/airflow/.local/lib/python3.7/site-packages/airflow/example_dags/example_short_circuit_operator.py
[2024-05-09T16:40:42.987+0000] {processor.py:758} INFO - Processing file /home/airflow/.local/lib/python3.7/site-packages/airflow/example_dags/example_short_circuit_operator.py for tasks to queue
[2024-05-09T16:40:42.987+0000] {logging_mixin.py:117} INFO - [2024-05-09T16:40:42.987+0000] {dagbag.py:525} INFO - Filling up the DagBag from /home/airflow/.local/lib/python3.7/site-packages/airflow/example_dags/example_short_circuit_operator.py
[2024-05-09T16:40:43.008+0000] {processor.py:768} INFO - DAG(s) dict_keys(['example_short_circuit_operator']) retrieved from /home/airflow/.local/lib/python3.7/site-packages/airflow/example_dags/example_short_circuit_operator.py
[2024-05-09T16:40:43.049+0000] {logging_mixin.py:117} INFO - [2024-05-09T16:40:43.049+0000] {dag.py:2573} INFO - Sync 1 DAGs
[2024-05-09T16:40:43.070+0000] {logging_mixin.py:117} INFO - [2024-05-09T16:40:43.070+0000] {dag.py:3328} INFO - Setting next_dagrun for example_short_circuit_operator to 2024-05-08T16:40:43.069975+00:00, run_after=2024-05-09T16:40:43.069975+00:00
[2024-05-09T16:40:43.092+0000] {processor.py:178} INFO - Processing /home/airflow/.local/lib/python3.7/site-packages/airflow/example_dags/example_short_circuit_operator.py took 0.109 seconds
[2024-05-09T16:41:13.856+0000] {processor.py:156} INFO - Started process (PID=4667) to work on /home/airflow/.local/lib/python3.7/site-packages/airflow/example_dags/example_short_circuit_operator.py
[2024-05-09T16:41:13.857+0000] {processor.py:758} INFO - Processing file /home/airflow/.local/lib/python3.7/site-packages/airflow/example_dags/example_short_circuit_operator.py for tasks to queue
[2024-05-09T16:41:13.857+0000] {logging_mixin.py:117} INFO - [2024-05-09T16:41:13.857+0000] {dagbag.py:525} INFO - Filling up the DagBag from /home/airflow/.local/lib/python3.7/site-packages/airflow/example_dags/example_short_circuit_operator.py
[2024-05-09T16:41:13.876+0000] {processor.py:768} INFO - DAG(s) dict_keys(['example_short_circuit_operator']) retrieved from /home/airflow/.local/lib/python3.7/site-packages/airflow/example_dags/example_short_circuit_operator.py
[2024-05-09T16:41:13.921+0000] {logging_mixin.py:117} INFO - [2024-05-09T16:41:13.921+0000] {dag.py:2573} INFO - Sync 1 DAGs
[2024-05-09T16:41:13.955+0000] {logging_mixin.py:117} INFO - [2024-05-09T16:41:13.954+0000] {dag.py:3328} INFO - Setting next_dagrun for example_short_circuit_operator to 2024-05-08T16:41:13.954743+00:00, run_after=2024-05-09T16:41:13.954743+00:00
[2024-05-09T16:41:13.985+0000] {processor.py:178} INFO - Processing /home/airflow/.local/lib/python3.7/site-packages/airflow/example_dags/example_short_circuit_operator.py took 0.132 seconds
[2024-05-09T16:41:44.751+0000] {processor.py:156} INFO - Started process (PID=4880) to work on /home/airflow/.local/lib/python3.7/site-packages/airflow/example_dags/example_short_circuit_operator.py
[2024-05-09T16:41:44.752+0000] {processor.py:758} INFO - Processing file /home/airflow/.local/lib/python3.7/site-packages/airflow/example_dags/example_short_circuit_operator.py for tasks to queue
[2024-05-09T16:41:44.752+0000] {logging_mixin.py:117} INFO - [2024-05-09T16:41:44.752+0000] {dagbag.py:525} INFO - Filling up the DagBag from /home/airflow/.local/lib/python3.7/site-packages/airflow/example_dags/example_short_circuit_operator.py
[2024-05-09T16:41:44.767+0000] {processor.py:768} INFO - DAG(s) dict_keys(['example_short_circuit_operator']) retrieved from /home/airflow/.local/lib/python3.7/site-packages/airflow/example_dags/example_short_circuit_operator.py
[2024-05-09T16:41:44.809+0000] {logging_mixin.py:117} INFO - [2024-05-09T16:41:44.809+0000] {dag.py:2573} INFO - Sync 1 DAGs
[2024-05-09T16:41:44.838+0000] {logging_mixin.py:117} INFO - [2024-05-09T16:41:44.838+0000] {dag.py:3328} INFO - Setting next_dagrun for example_short_circuit_operator to 2024-05-08T16:41:44.838088+00:00, run_after=2024-05-09T16:41:44.838088+00:00
[2024-05-09T16:41:44.860+0000] {processor.py:178} INFO - Processing /home/airflow/.local/lib/python3.7/site-packages/airflow/example_dags/example_short_circuit_operator.py took 0.111 seconds
[2024-05-09T16:42:15.841+0000] {processor.py:156} INFO - Started process (PID=5093) to work on /home/airflow/.local/lib/python3.7/site-packages/airflow/example_dags/example_short_circuit_operator.py
[2024-05-09T16:42:15.841+0000] {processor.py:758} INFO - Processing file /home/airflow/.local/lib/python3.7/site-packages/airflow/example_dags/example_short_circuit_operator.py for tasks to queue
[2024-05-09T16:42:15.842+0000] {logging_mixin.py:117} INFO - [2024-05-09T16:42:15.842+0000] {dagbag.py:525} INFO - Filling up the DagBag from /home/airflow/.local/lib/python3.7/site-packages/airflow/example_dags/example_short_circuit_operator.py
[2024-05-09T16:42:15.862+0000] {processor.py:768} INFO - DAG(s) dict_keys(['example_short_circuit_operator']) retrieved from /home/airflow/.local/lib/python3.7/site-packages/airflow/example_dags/example_short_circuit_operator.py
[2024-05-09T16:42:15.904+0000] {logging_mixin.py:117} INFO - [2024-05-09T16:42:15.904+0000] {dag.py:2573} INFO - Sync 1 DAGs
[2024-05-09T16:42:15.925+0000] {logging_mixin.py:117} INFO - [2024-05-09T16:42:15.924+0000] {dag.py:3328} INFO - Setting next_dagrun for example_short_circuit_operator to 2024-05-08T16:42:15.924823+00:00, run_after=2024-05-09T16:42:15.924823+00:00
[2024-05-09T16:42:15.944+0000] {processor.py:178} INFO - Processing /home/airflow/.local/lib/python3.7/site-packages/airflow/example_dags/example_short_circuit_operator.py took 0.105 seconds
[2024-05-09T16:42:46.711+0000] {processor.py:156} INFO - Started process (PID=5307) to work on /home/airflow/.local/lib/python3.7/site-packages/airflow/example_dags/example_short_circuit_operator.py
[2024-05-09T16:42:46.712+0000] {processor.py:758} INFO - Processing file /home/airflow/.local/lib/python3.7/site-packages/airflow/example_dags/example_short_circuit_operator.py for tasks to queue
[2024-05-09T16:42:46.712+0000] {logging_mixin.py:117} INFO - [2024-05-09T16:42:46.712+0000] {dagbag.py:525} INFO - Filling up the DagBag from /home/airflow/.local/lib/python3.7/site-packages/airflow/example_dags/example_short_circuit_operator.py
[2024-05-09T16:42:46.731+0000] {processor.py:768} INFO - DAG(s) dict_keys(['example_short_circuit_operator']) retrieved from /home/airflow/.local/lib/python3.7/site-packages/airflow/example_dags/example_short_circuit_operator.py
[2024-05-09T16:42:46.772+0000] {logging_mixin.py:117} INFO - [2024-05-09T16:42:46.771+0000] {dag.py:2573} INFO - Sync 1 DAGs
[2024-05-09T16:42:46.792+0000] {logging_mixin.py:117} INFO - [2024-05-09T16:42:46.792+0000] {dag.py:3328} INFO - Setting next_dagrun for example_short_circuit_operator to 2024-05-08T16:42:46.792033+00:00, run_after=2024-05-09T16:42:46.792033+00:00
[2024-05-09T16:42:46.814+0000] {processor.py:178} INFO - Processing /home/airflow/.local/lib/python3.7/site-packages/airflow/example_dags/example_short_circuit_operator.py took 0.107 seconds
[2024-05-09T16:43:17.711+0000] {processor.py:156} INFO - Started process (PID=5518) to work on /home/airflow/.local/lib/python3.7/site-packages/airflow/example_dags/example_short_circuit_operator.py
[2024-05-09T16:43:17.712+0000] {processor.py:758} INFO - Processing file /home/airflow/.local/lib/python3.7/site-packages/airflow/example_dags/example_short_circuit_operator.py for tasks to queue
[2024-05-09T16:43:17.712+0000] {logging_mixin.py:117} INFO - [2024-05-09T16:43:17.712+0000] {dagbag.py:525} INFO - Filling up the DagBag from /home/airflow/.local/lib/python3.7/site-packages/airflow/example_dags/example_short_circuit_operator.py
[2024-05-09T16:43:17.732+0000] {processor.py:768} INFO - DAG(s) dict_keys(['example_short_circuit_operator']) retrieved from /home/airflow/.local/lib/python3.7/site-packages/airflow/example_dags/example_short_circuit_operator.py
[2024-05-09T16:43:17.781+0000] {logging_mixin.py:117} INFO - [2024-05-09T16:43:17.780+0000] {dag.py:2573} INFO - Sync 1 DAGs
[2024-05-09T16:43:17.814+0000] {logging_mixin.py:117} INFO - [2024-05-09T16:43:17.813+0000] {dag.py:3328} INFO - Setting next_dagrun for example_short_circuit_operator to 2024-05-08T16:43:17.813662+00:00, run_after=2024-05-09T16:43:17.813662+00:00
[2024-05-09T16:43:17.839+0000] {processor.py:178} INFO - Processing /home/airflow/.local/lib/python3.7/site-packages/airflow/example_dags/example_short_circuit_operator.py took 0.133 seconds
[2024-05-09T16:43:47.939+0000] {processor.py:156} INFO - Started process (PID=5721) to work on /home/airflow/.local/lib/python3.7/site-packages/airflow/example_dags/example_short_circuit_operator.py
[2024-05-09T16:43:47.939+0000] {processor.py:758} INFO - Processing file /home/airflow/.local/lib/python3.7/site-packages/airflow/example_dags/example_short_circuit_operator.py for tasks to queue
[2024-05-09T16:43:47.940+0000] {logging_mixin.py:117} INFO - [2024-05-09T16:43:47.940+0000] {dagbag.py:525} INFO - Filling up the DagBag from /home/airflow/.local/lib/python3.7/site-packages/airflow/example_dags/example_short_circuit_operator.py
[2024-05-09T16:43:47.953+0000] {processor.py:768} INFO - DAG(s) dict_keys(['example_short_circuit_operator']) retrieved from /home/airflow/.local/lib/python3.7/site-packages/airflow/example_dags/example_short_circuit_operator.py
[2024-05-09T16:43:47.986+0000] {logging_mixin.py:117} INFO - [2024-05-09T16:43:47.986+0000] {dag.py:2573} INFO - Sync 1 DAGs
[2024-05-09T16:43:48.006+0000] {logging_mixin.py:117} INFO - [2024-05-09T16:43:48.005+0000] {dag.py:3328} INFO - Setting next_dagrun for example_short_circuit_operator to 2024-05-08T16:43:48.005716+00:00, run_after=2024-05-09T16:43:48.005716+00:00
[2024-05-09T16:43:48.024+0000] {processor.py:178} INFO - Processing /home/airflow/.local/lib/python3.7/site-packages/airflow/example_dags/example_short_circuit_operator.py took 0.088 seconds
[2024-05-09T16:44:18.114+0000] {processor.py:156} INFO - Started process (PID=5933) to work on /home/airflow/.local/lib/python3.7/site-packages/airflow/example_dags/example_short_circuit_operator.py
[2024-05-09T16:44:18.114+0000] {processor.py:758} INFO - Processing file /home/airflow/.local/lib/python3.7/site-packages/airflow/example_dags/example_short_circuit_operator.py for tasks to queue
[2024-05-09T16:44:18.115+0000] {logging_mixin.py:117} INFO - [2024-05-09T16:44:18.114+0000] {dagbag.py:525} INFO - Filling up the DagBag from /home/airflow/.local/lib/python3.7/site-packages/airflow/example_dags/example_short_circuit_operator.py
[2024-05-09T16:44:18.129+0000] {processor.py:768} INFO - DAG(s) dict_keys(['example_short_circuit_operator']) retrieved from /home/airflow/.local/lib/python3.7/site-packages/airflow/example_dags/example_short_circuit_operator.py
[2024-05-09T16:44:18.162+0000] {logging_mixin.py:117} INFO - [2024-05-09T16:44:18.162+0000] {dag.py:2573} INFO - Sync 1 DAGs
[2024-05-09T16:44:18.183+0000] {logging_mixin.py:117} INFO - [2024-05-09T16:44:18.183+0000] {dag.py:3328} INFO - Setting next_dagrun for example_short_circuit_operator to 2024-05-08T16:44:18.183459+00:00, run_after=2024-05-09T16:44:18.183459+00:00
[2024-05-09T16:44:18.209+0000] {processor.py:178} INFO - Processing /home/airflow/.local/lib/python3.7/site-packages/airflow/example_dags/example_short_circuit_operator.py took 0.098 seconds
[2024-05-09T16:44:48.346+0000] {processor.py:156} INFO - Started process (PID=6141) to work on /home/airflow/.local/lib/python3.7/site-packages/airflow/example_dags/example_short_circuit_operator.py
[2024-05-09T16:44:48.347+0000] {processor.py:758} INFO - Processing file /home/airflow/.local/lib/python3.7/site-packages/airflow/example_dags/example_short_circuit_operator.py for tasks to queue
[2024-05-09T16:44:48.347+0000] {logging_mixin.py:117} INFO - [2024-05-09T16:44:48.347+0000] {dagbag.py:525} INFO - Filling up the DagBag from /home/airflow/.local/lib/python3.7/site-packages/airflow/example_dags/example_short_circuit_operator.py
[2024-05-09T16:44:48.370+0000] {processor.py:768} INFO - DAG(s) dict_keys(['example_short_circuit_operator']) retrieved from /home/airflow/.local/lib/python3.7/site-packages/airflow/example_dags/example_short_circuit_operator.py
[2024-05-09T16:44:48.422+0000] {logging_mixin.py:117} INFO - [2024-05-09T16:44:48.422+0000] {dag.py:2573} INFO - Sync 1 DAGs
[2024-05-09T16:44:48.453+0000] {logging_mixin.py:117} INFO - [2024-05-09T16:44:48.453+0000] {dag.py:3328} INFO - Setting next_dagrun for example_short_circuit_operator to 2024-05-08T16:44:48.453186+00:00, run_after=2024-05-09T16:44:48.453186+00:00
[2024-05-09T16:44:48.480+0000] {processor.py:178} INFO - Processing /home/airflow/.local/lib/python3.7/site-packages/airflow/example_dags/example_short_circuit_operator.py took 0.138 seconds
[2024-05-09T16:45:19.675+0000] {processor.py:156} INFO - Started process (PID=6353) to work on /home/airflow/.local/lib/python3.7/site-packages/airflow/example_dags/example_short_circuit_operator.py
[2024-05-09T16:45:19.676+0000] {processor.py:758} INFO - Processing file /home/airflow/.local/lib/python3.7/site-packages/airflow/example_dags/example_short_circuit_operator.py for tasks to queue
[2024-05-09T16:45:19.677+0000] {logging_mixin.py:117} INFO - [2024-05-09T16:45:19.676+0000] {dagbag.py:525} INFO - Filling up the DagBag from /home/airflow/.local/lib/python3.7/site-packages/airflow/example_dags/example_short_circuit_operator.py
[2024-05-09T16:45:19.694+0000] {processor.py:768} INFO - DAG(s) dict_keys(['example_short_circuit_operator']) retrieved from /home/airflow/.local/lib/python3.7/site-packages/airflow/example_dags/example_short_circuit_operator.py
[2024-05-09T16:45:19.737+0000] {logging_mixin.py:117} INFO - [2024-05-09T16:45:19.737+0000] {dag.py:2573} INFO - Sync 1 DAGs
[2024-05-09T16:45:19.758+0000] {logging_mixin.py:117} INFO - [2024-05-09T16:45:19.758+0000] {dag.py:3328} INFO - Setting next_dagrun for example_short_circuit_operator to 2024-05-08T16:45:19.758687+00:00, run_after=2024-05-09T16:45:19.758687+00:00
[2024-05-09T16:45:19.782+0000] {processor.py:178} INFO - Processing /home/airflow/.local/lib/python3.7/site-packages/airflow/example_dags/example_short_circuit_operator.py took 0.109 seconds
[2024-05-09T16:45:49.894+0000] {processor.py:156} INFO - Started process (PID=6563) to work on /home/airflow/.local/lib/python3.7/site-packages/airflow/example_dags/example_short_circuit_operator.py
[2024-05-09T16:45:49.895+0000] {processor.py:758} INFO - Processing file /home/airflow/.local/lib/python3.7/site-packages/airflow/example_dags/example_short_circuit_operator.py for tasks to queue
[2024-05-09T16:45:49.895+0000] {logging_mixin.py:117} INFO - [2024-05-09T16:45:49.895+0000] {dagbag.py:525} INFO - Filling up the DagBag from /home/airflow/.local/lib/python3.7/site-packages/airflow/example_dags/example_short_circuit_operator.py
[2024-05-09T16:45:49.912+0000] {processor.py:768} INFO - DAG(s) dict_keys(['example_short_circuit_operator']) retrieved from /home/airflow/.local/lib/python3.7/site-packages/airflow/example_dags/example_short_circuit_operator.py
[2024-05-09T16:45:49.967+0000] {logging_mixin.py:117} INFO - [2024-05-09T16:45:49.967+0000] {dag.py:2573} INFO - Sync 1 DAGs
[2024-05-09T16:45:49.996+0000] {logging_mixin.py:117} INFO - [2024-05-09T16:45:49.996+0000] {dag.py:3328} INFO - Setting next_dagrun for example_short_circuit_operator to 2024-05-08T16:45:49.996216+00:00, run_after=2024-05-09T16:45:49.996216+00:00
[2024-05-09T16:45:50.017+0000] {processor.py:178} INFO - Processing /home/airflow/.local/lib/python3.7/site-packages/airflow/example_dags/example_short_circuit_operator.py took 0.127 seconds
[2024-05-09T16:46:20.305+0000] {processor.py:156} INFO - Started process (PID=6775) to work on /home/airflow/.local/lib/python3.7/site-packages/airflow/example_dags/example_short_circuit_operator.py
[2024-05-09T16:46:20.306+0000] {processor.py:758} INFO - Processing file /home/airflow/.local/lib/python3.7/site-packages/airflow/example_dags/example_short_circuit_operator.py for tasks to queue
[2024-05-09T16:46:20.307+0000] {logging_mixin.py:117} INFO - [2024-05-09T16:46:20.307+0000] {dagbag.py:525} INFO - Filling up the DagBag from /home/airflow/.local/lib/python3.7/site-packages/airflow/example_dags/example_short_circuit_operator.py
[2024-05-09T16:46:20.320+0000] {processor.py:768} INFO - DAG(s) dict_keys(['example_short_circuit_operator']) retrieved from /home/airflow/.local/lib/python3.7/site-packages/airflow/example_dags/example_short_circuit_operator.py
[2024-05-09T16:46:20.353+0000] {logging_mixin.py:117} INFO - [2024-05-09T16:46:20.353+0000] {dag.py:2573} INFO - Sync 1 DAGs
[2024-05-09T16:46:20.373+0000] {logging_mixin.py:117} INFO - [2024-05-09T16:46:20.372+0000] {dag.py:3328} INFO - Setting next_dagrun for example_short_circuit_operator to 2024-05-08T16:46:20.372753+00:00, run_after=2024-05-09T16:46:20.372753+00:00
[2024-05-09T16:46:20.398+0000] {processor.py:178} INFO - Processing /home/airflow/.local/lib/python3.7/site-packages/airflow/example_dags/example_short_circuit_operator.py took 0.096 seconds
[2024-05-09T16:46:51.406+0000] {processor.py:156} INFO - Started process (PID=6983) to work on /home/airflow/.local/lib/python3.7/site-packages/airflow/example_dags/example_short_circuit_operator.py
[2024-05-09T16:46:51.406+0000] {processor.py:758} INFO - Processing file /home/airflow/.local/lib/python3.7/site-packages/airflow/example_dags/example_short_circuit_operator.py for tasks to queue
[2024-05-09T16:46:51.407+0000] {logging_mixin.py:117} INFO - [2024-05-09T16:46:51.407+0000] {dagbag.py:525} INFO - Filling up the DagBag from /home/airflow/.local/lib/python3.7/site-packages/airflow/example_dags/example_short_circuit_operator.py
[2024-05-09T16:46:51.424+0000] {processor.py:768} INFO - DAG(s) dict_keys(['example_short_circuit_operator']) retrieved from /home/airflow/.local/lib/python3.7/site-packages/airflow/example_dags/example_short_circuit_operator.py
[2024-05-09T16:46:51.459+0000] {logging_mixin.py:117} INFO - [2024-05-09T16:46:51.459+0000] {dag.py:2573} INFO - Sync 1 DAGs
[2024-05-09T16:46:51.483+0000] {logging_mixin.py:117} INFO - [2024-05-09T16:46:51.483+0000] {dag.py:3328} INFO - Setting next_dagrun for example_short_circuit_operator to 2024-05-08T16:46:51.483114+00:00, run_after=2024-05-09T16:46:51.483114+00:00
[2024-05-09T16:46:51.503+0000] {processor.py:178} INFO - Processing /home/airflow/.local/lib/python3.7/site-packages/airflow/example_dags/example_short_circuit_operator.py took 0.100 seconds
[2024-05-09T16:47:21.851+0000] {processor.py:156} INFO - Started process (PID=7199) to work on /home/airflow/.local/lib/python3.7/site-packages/airflow/example_dags/example_short_circuit_operator.py
[2024-05-09T16:47:21.852+0000] {processor.py:758} INFO - Processing file /home/airflow/.local/lib/python3.7/site-packages/airflow/example_dags/example_short_circuit_operator.py for tasks to queue
[2024-05-09T16:47:21.853+0000] {logging_mixin.py:117} INFO - [2024-05-09T16:47:21.852+0000] {dagbag.py:525} INFO - Filling up the DagBag from /home/airflow/.local/lib/python3.7/site-packages/airflow/example_dags/example_short_circuit_operator.py
[2024-05-09T16:47:21.871+0000] {processor.py:768} INFO - DAG(s) dict_keys(['example_short_circuit_operator']) retrieved from /home/airflow/.local/lib/python3.7/site-packages/airflow/example_dags/example_short_circuit_operator.py
[2024-05-09T16:47:21.909+0000] {logging_mixin.py:117} INFO - [2024-05-09T16:47:21.909+0000] {dag.py:2573} INFO - Sync 1 DAGs
[2024-05-09T16:47:21.936+0000] {logging_mixin.py:117} INFO - [2024-05-09T16:47:21.936+0000] {dag.py:3328} INFO - Setting next_dagrun for example_short_circuit_operator to 2024-05-08T16:47:21.936092+00:00, run_after=2024-05-09T16:47:21.936092+00:00
[2024-05-09T16:47:21.964+0000] {processor.py:178} INFO - Processing /home/airflow/.local/lib/python3.7/site-packages/airflow/example_dags/example_short_circuit_operator.py took 0.113 seconds
[2024-05-09T16:47:52.309+0000] {processor.py:156} INFO - Started process (PID=7413) to work on /home/airflow/.local/lib/python3.7/site-packages/airflow/example_dags/example_short_circuit_operator.py
[2024-05-09T16:47:52.310+0000] {processor.py:758} INFO - Processing file /home/airflow/.local/lib/python3.7/site-packages/airflow/example_dags/example_short_circuit_operator.py for tasks to queue
[2024-05-09T16:47:52.311+0000] {logging_mixin.py:117} INFO - [2024-05-09T16:47:52.311+0000] {dagbag.py:525} INFO - Filling up the DagBag from /home/airflow/.local/lib/python3.7/site-packages/airflow/example_dags/example_short_circuit_operator.py
[2024-05-09T16:47:52.328+0000] {processor.py:768} INFO - DAG(s) dict_keys(['example_short_circuit_operator']) retrieved from /home/airflow/.local/lib/python3.7/site-packages/airflow/example_dags/example_short_circuit_operator.py
[2024-05-09T16:47:52.364+0000] {logging_mixin.py:117} INFO - [2024-05-09T16:47:52.364+0000] {dag.py:2573} INFO - Sync 1 DAGs
[2024-05-09T16:47:52.392+0000] {logging_mixin.py:117} INFO - [2024-05-09T16:47:52.392+0000] {dag.py:3328} INFO - Setting next_dagrun for example_short_circuit_operator to 2024-05-08T16:47:52.392303+00:00, run_after=2024-05-09T16:47:52.392303+00:00
[2024-05-09T16:47:52.416+0000] {processor.py:178} INFO - Processing /home/airflow/.local/lib/python3.7/site-packages/airflow/example_dags/example_short_circuit_operator.py took 0.109 seconds
[2024-05-09T16:48:23.263+0000] {processor.py:156} INFO - Started process (PID=7627) to work on /home/airflow/.local/lib/python3.7/site-packages/airflow/example_dags/example_short_circuit_operator.py
[2024-05-09T16:48:23.264+0000] {processor.py:758} INFO - Processing file /home/airflow/.local/lib/python3.7/site-packages/airflow/example_dags/example_short_circuit_operator.py for tasks to queue
[2024-05-09T16:48:23.264+0000] {logging_mixin.py:117} INFO - [2024-05-09T16:48:23.264+0000] {dagbag.py:525} INFO - Filling up the DagBag from /home/airflow/.local/lib/python3.7/site-packages/airflow/example_dags/example_short_circuit_operator.py
[2024-05-09T16:48:23.284+0000] {processor.py:768} INFO - DAG(s) dict_keys(['example_short_circuit_operator']) retrieved from /home/airflow/.local/lib/python3.7/site-packages/airflow/example_dags/example_short_circuit_operator.py
[2024-05-09T16:48:23.322+0000] {logging_mixin.py:117} INFO - [2024-05-09T16:48:23.322+0000] {dag.py:2573} INFO - Sync 1 DAGs
[2024-05-09T16:48:23.343+0000] {logging_mixin.py:117} INFO - [2024-05-09T16:48:23.343+0000] {dag.py:3328} INFO - Setting next_dagrun for example_short_circuit_operator to 2024-05-08T16:48:23.343256+00:00, run_after=2024-05-09T16:48:23.343256+00:00
[2024-05-09T16:48:23.362+0000] {processor.py:178} INFO - Processing /home/airflow/.local/lib/python3.7/site-packages/airflow/example_dags/example_short_circuit_operator.py took 0.103 seconds
[2024-05-09T16:48:54.280+0000] {processor.py:156} INFO - Started process (PID=7829) to work on /home/airflow/.local/lib/python3.7/site-packages/airflow/example_dags/example_short_circuit_operator.py
[2024-05-09T16:48:54.281+0000] {processor.py:758} INFO - Processing file /home/airflow/.local/lib/python3.7/site-packages/airflow/example_dags/example_short_circuit_operator.py for tasks to queue
[2024-05-09T16:48:54.281+0000] {logging_mixin.py:117} INFO - [2024-05-09T16:48:54.281+0000] {dagbag.py:525} INFO - Filling up the DagBag from /home/airflow/.local/lib/python3.7/site-packages/airflow/example_dags/example_short_circuit_operator.py
[2024-05-09T16:48:54.296+0000] {processor.py:768} INFO - DAG(s) dict_keys(['example_short_circuit_operator']) retrieved from /home/airflow/.local/lib/python3.7/site-packages/airflow/example_dags/example_short_circuit_operator.py
[2024-05-09T16:48:54.335+0000] {logging_mixin.py:117} INFO - [2024-05-09T16:48:54.334+0000] {dag.py:2573} INFO - Sync 1 DAGs
[2024-05-09T16:48:54.355+0000] {logging_mixin.py:117} INFO - [2024-05-09T16:48:54.354+0000] {dag.py:3328} INFO - Setting next_dagrun for example_short_circuit_operator to 2024-05-08T16:48:54.354640+00:00, run_after=2024-05-09T16:48:54.354640+00:00
[2024-05-09T16:48:54.379+0000] {processor.py:178} INFO - Processing /home/airflow/.local/lib/python3.7/site-packages/airflow/example_dags/example_short_circuit_operator.py took 0.102 seconds
