[2024-05-09T15:15:19.281+0000] {processor.py:156} INFO - Started process (PID=326) to work on /home/airflow/.local/lib/python3.7/site-packages/airflow/example_dags/example_branch_operator_decorator.py
[2024-05-09T15:15:19.292+0000] {processor.py:758} INFO - Processing file /home/airflow/.local/lib/python3.7/site-packages/airflow/example_dags/example_branch_operator_decorator.py for tasks to queue
[2024-05-09T15:15:19.293+0000] {logging_mixin.py:117} INFO - [2024-05-09T15:15:19.293+0000] {dagbag.py:525} INFO - Filling up the DagBag from /home/airflow/.local/lib/python3.7/site-packages/airflow/example_dags/example_branch_operator_decorator.py
[2024-05-09T15:15:19.354+0000] {processor.py:768} INFO - DAG(s) dict_keys(['example_branch_python_operator_decorator']) retrieved from /home/airflow/.local/lib/python3.7/site-packages/airflow/example_dags/example_branch_operator_decorator.py
[2024-05-09T15:15:19.830+0000] {logging_mixin.py:117} INFO - [2024-05-09T15:15:19.830+0000] {manager.py:507} INFO - Created Permission View: can delete on DAG:example_branch_python_operator_decorator
[2024-05-09T15:15:19.848+0000] {logging_mixin.py:117} INFO - [2024-05-09T15:15:19.848+0000] {manager.py:507} INFO - Created Permission View: can read on DAG:example_branch_python_operator_decorator
[2024-05-09T15:15:19.866+0000] {logging_mixin.py:117} INFO - [2024-05-09T15:15:19.866+0000] {manager.py:507} INFO - Created Permission View: can edit on DAG:example_branch_python_operator_decorator
[2024-05-09T15:15:19.866+0000] {logging_mixin.py:117} INFO - [2024-05-09T15:15:19.866+0000] {dag.py:2573} INFO - Sync 1 DAGs
[2024-05-09T15:15:19.898+0000] {logging_mixin.py:117} INFO - [2024-05-09T15:15:19.898+0000] {dag.py:2594} INFO - Creating ORM DAG for example_branch_python_operator_decorator
[2024-05-09T15:15:19.923+0000] {logging_mixin.py:117} INFO - [2024-05-09T15:15:19.923+0000] {dag.py:3328} INFO - Setting next_dagrun for example_branch_python_operator_decorator to 2024-05-08T00:00:00+00:00, run_after=2024-05-09T00:00:00+00:00
[2024-05-09T15:15:19.957+0000] {processor.py:178} INFO - Processing /home/airflow/.local/lib/python3.7/site-packages/airflow/example_dags/example_branch_operator_decorator.py took 0.682 seconds
[2024-05-09T15:15:50.026+0000] {processor.py:156} INFO - Started process (PID=540) to work on /home/airflow/.local/lib/python3.7/site-packages/airflow/example_dags/example_branch_operator_decorator.py
[2024-05-09T15:15:50.027+0000] {processor.py:758} INFO - Processing file /home/airflow/.local/lib/python3.7/site-packages/airflow/example_dags/example_branch_operator_decorator.py for tasks to queue
[2024-05-09T15:15:50.027+0000] {logging_mixin.py:117} INFO - [2024-05-09T15:15:50.027+0000] {dagbag.py:525} INFO - Filling up the DagBag from /home/airflow/.local/lib/python3.7/site-packages/airflow/example_dags/example_branch_operator_decorator.py
[2024-05-09T15:15:50.059+0000] {processor.py:768} INFO - DAG(s) dict_keys(['example_branch_python_operator_decorator']) retrieved from /home/airflow/.local/lib/python3.7/site-packages/airflow/example_dags/example_branch_operator_decorator.py
[2024-05-09T15:15:50.095+0000] {logging_mixin.py:117} INFO - [2024-05-09T15:15:50.095+0000] {dag.py:2573} INFO - Sync 1 DAGs
[2024-05-09T15:15:50.224+0000] {logging_mixin.py:117} INFO - [2024-05-09T15:15:50.224+0000] {dag.py:3328} INFO - Setting next_dagrun for example_branch_python_operator_decorator to 2024-05-08T00:00:00+00:00, run_after=2024-05-09T00:00:00+00:00
[2024-05-09T15:15:50.243+0000] {processor.py:178} INFO - Processing /home/airflow/.local/lib/python3.7/site-packages/airflow/example_dags/example_branch_operator_decorator.py took 0.219 seconds
[2024-05-09T15:16:20.553+0000] {processor.py:156} INFO - Started process (PID=754) to work on /home/airflow/.local/lib/python3.7/site-packages/airflow/example_dags/example_branch_operator_decorator.py
[2024-05-09T15:16:20.554+0000] {processor.py:758} INFO - Processing file /home/airflow/.local/lib/python3.7/site-packages/airflow/example_dags/example_branch_operator_decorator.py for tasks to queue
[2024-05-09T15:16:20.554+0000] {logging_mixin.py:117} INFO - [2024-05-09T15:16:20.554+0000] {dagbag.py:525} INFO - Filling up the DagBag from /home/airflow/.local/lib/python3.7/site-packages/airflow/example_dags/example_branch_operator_decorator.py
[2024-05-09T15:16:20.576+0000] {processor.py:768} INFO - DAG(s) dict_keys(['example_branch_python_operator_decorator']) retrieved from /home/airflow/.local/lib/python3.7/site-packages/airflow/example_dags/example_branch_operator_decorator.py
[2024-05-09T15:16:20.612+0000] {logging_mixin.py:117} INFO - [2024-05-09T15:16:20.612+0000] {dag.py:2573} INFO - Sync 1 DAGs
[2024-05-09T15:16:20.744+0000] {logging_mixin.py:117} INFO - [2024-05-09T15:16:20.744+0000] {dag.py:3328} INFO - Setting next_dagrun for example_branch_python_operator_decorator to 2024-05-08T00:00:00+00:00, run_after=2024-05-09T00:00:00+00:00
[2024-05-09T15:16:20.763+0000] {processor.py:178} INFO - Processing /home/airflow/.local/lib/python3.7/site-packages/airflow/example_dags/example_branch_operator_decorator.py took 0.212 seconds
[2024-05-09T15:16:51.323+0000] {processor.py:156} INFO - Started process (PID=966) to work on /home/airflow/.local/lib/python3.7/site-packages/airflow/example_dags/example_branch_operator_decorator.py
[2024-05-09T15:16:51.324+0000] {processor.py:758} INFO - Processing file /home/airflow/.local/lib/python3.7/site-packages/airflow/example_dags/example_branch_operator_decorator.py for tasks to queue
[2024-05-09T15:16:51.324+0000] {logging_mixin.py:117} INFO - [2024-05-09T15:16:51.324+0000] {dagbag.py:525} INFO - Filling up the DagBag from /home/airflow/.local/lib/python3.7/site-packages/airflow/example_dags/example_branch_operator_decorator.py
[2024-05-09T15:16:51.355+0000] {processor.py:768} INFO - DAG(s) dict_keys(['example_branch_python_operator_decorator']) retrieved from /home/airflow/.local/lib/python3.7/site-packages/airflow/example_dags/example_branch_operator_decorator.py
[2024-05-09T15:16:51.537+0000] {logging_mixin.py:117} INFO - [2024-05-09T15:16:51.537+0000] {dag.py:2573} INFO - Sync 1 DAGs
[2024-05-09T15:16:51.567+0000] {logging_mixin.py:117} INFO - [2024-05-09T15:16:51.567+0000] {dag.py:3328} INFO - Setting next_dagrun for example_branch_python_operator_decorator to 2024-05-08T00:00:00+00:00, run_after=2024-05-09T00:00:00+00:00
[2024-05-09T15:16:51.591+0000] {processor.py:178} INFO - Processing /home/airflow/.local/lib/python3.7/site-packages/airflow/example_dags/example_branch_operator_decorator.py took 0.271 seconds
[2024-05-09T15:17:21.927+0000] {processor.py:156} INFO - Started process (PID=1172) to work on /home/airflow/.local/lib/python3.7/site-packages/airflow/example_dags/example_branch_operator_decorator.py
[2024-05-09T15:17:21.928+0000] {processor.py:758} INFO - Processing file /home/airflow/.local/lib/python3.7/site-packages/airflow/example_dags/example_branch_operator_decorator.py for tasks to queue
[2024-05-09T15:17:21.928+0000] {logging_mixin.py:117} INFO - [2024-05-09T15:17:21.928+0000] {dagbag.py:525} INFO - Filling up the DagBag from /home/airflow/.local/lib/python3.7/site-packages/airflow/example_dags/example_branch_operator_decorator.py
[2024-05-09T15:17:21.950+0000] {processor.py:768} INFO - DAG(s) dict_keys(['example_branch_python_operator_decorator']) retrieved from /home/airflow/.local/lib/python3.7/site-packages/airflow/example_dags/example_branch_operator_decorator.py
[2024-05-09T15:17:22.091+0000] {logging_mixin.py:117} INFO - [2024-05-09T15:17:22.091+0000] {dag.py:2573} INFO - Sync 1 DAGs
[2024-05-09T15:17:22.110+0000] {logging_mixin.py:117} INFO - [2024-05-09T15:17:22.110+0000] {dag.py:3328} INFO - Setting next_dagrun for example_branch_python_operator_decorator to 2024-05-08T00:00:00+00:00, run_after=2024-05-09T00:00:00+00:00
[2024-05-09T15:17:22.130+0000] {processor.py:178} INFO - Processing /home/airflow/.local/lib/python3.7/site-packages/airflow/example_dags/example_branch_operator_decorator.py took 0.205 seconds
[2024-05-09T15:17:52.501+0000] {processor.py:156} INFO - Started process (PID=1385) to work on /home/airflow/.local/lib/python3.7/site-packages/airflow/example_dags/example_branch_operator_decorator.py
[2024-05-09T15:17:52.501+0000] {processor.py:758} INFO - Processing file /home/airflow/.local/lib/python3.7/site-packages/airflow/example_dags/example_branch_operator_decorator.py for tasks to queue
[2024-05-09T15:17:52.502+0000] {logging_mixin.py:117} INFO - [2024-05-09T15:17:52.502+0000] {dagbag.py:525} INFO - Filling up the DagBag from /home/airflow/.local/lib/python3.7/site-packages/airflow/example_dags/example_branch_operator_decorator.py
[2024-05-09T15:17:52.658+0000] {processor.py:768} INFO - DAG(s) dict_keys(['example_branch_python_operator_decorator']) retrieved from /home/airflow/.local/lib/python3.7/site-packages/airflow/example_dags/example_branch_operator_decorator.py
[2024-05-09T15:17:52.689+0000] {logging_mixin.py:117} INFO - [2024-05-09T15:17:52.689+0000] {dag.py:2573} INFO - Sync 1 DAGs
[2024-05-09T15:17:52.709+0000] {logging_mixin.py:117} INFO - [2024-05-09T15:17:52.709+0000] {dag.py:3328} INFO - Setting next_dagrun for example_branch_python_operator_decorator to 2024-05-08T00:00:00+00:00, run_after=2024-05-09T00:00:00+00:00
[2024-05-09T15:17:52.728+0000] {processor.py:178} INFO - Processing /home/airflow/.local/lib/python3.7/site-packages/airflow/example_dags/example_branch_operator_decorator.py took 0.229 seconds
[2024-05-09T15:18:22.931+0000] {processor.py:156} INFO - Started process (PID=1600) to work on /home/airflow/.local/lib/python3.7/site-packages/airflow/example_dags/example_branch_operator_decorator.py
[2024-05-09T15:18:22.931+0000] {processor.py:758} INFO - Processing file /home/airflow/.local/lib/python3.7/site-packages/airflow/example_dags/example_branch_operator_decorator.py for tasks to queue
[2024-05-09T15:18:22.932+0000] {logging_mixin.py:117} INFO - [2024-05-09T15:18:22.932+0000] {dagbag.py:525} INFO - Filling up the DagBag from /home/airflow/.local/lib/python3.7/site-packages/airflow/example_dags/example_branch_operator_decorator.py
[2024-05-09T15:18:22.961+0000] {processor.py:768} INFO - DAG(s) dict_keys(['example_branch_python_operator_decorator']) retrieved from /home/airflow/.local/lib/python3.7/site-packages/airflow/example_dags/example_branch_operator_decorator.py
[2024-05-09T15:18:23.008+0000] {logging_mixin.py:117} INFO - [2024-05-09T15:18:23.008+0000] {dag.py:2573} INFO - Sync 1 DAGs
[2024-05-09T15:18:23.030+0000] {logging_mixin.py:117} INFO - [2024-05-09T15:18:23.030+0000] {dag.py:3328} INFO - Setting next_dagrun for example_branch_python_operator_decorator to 2024-05-08T00:00:00+00:00, run_after=2024-05-09T00:00:00+00:00
[2024-05-09T15:18:23.049+0000] {processor.py:178} INFO - Processing /home/airflow/.local/lib/python3.7/site-packages/airflow/example_dags/example_branch_operator_decorator.py took 0.122 seconds
[2024-05-09T15:18:53.786+0000] {processor.py:156} INFO - Started process (PID=1804) to work on /home/airflow/.local/lib/python3.7/site-packages/airflow/example_dags/example_branch_operator_decorator.py
[2024-05-09T15:18:53.787+0000] {processor.py:758} INFO - Processing file /home/airflow/.local/lib/python3.7/site-packages/airflow/example_dags/example_branch_operator_decorator.py for tasks to queue
[2024-05-09T15:18:53.787+0000] {logging_mixin.py:117} INFO - [2024-05-09T15:18:53.787+0000] {dagbag.py:525} INFO - Filling up the DagBag from /home/airflow/.local/lib/python3.7/site-packages/airflow/example_dags/example_branch_operator_decorator.py
[2024-05-09T15:18:53.814+0000] {processor.py:768} INFO - DAG(s) dict_keys(['example_branch_python_operator_decorator']) retrieved from /home/airflow/.local/lib/python3.7/site-packages/airflow/example_dags/example_branch_operator_decorator.py
[2024-05-09T15:18:53.852+0000] {logging_mixin.py:117} INFO - [2024-05-09T15:18:53.852+0000] {dag.py:2573} INFO - Sync 1 DAGs
[2024-05-09T15:18:53.879+0000] {logging_mixin.py:117} INFO - [2024-05-09T15:18:53.879+0000] {dag.py:3328} INFO - Setting next_dagrun for example_branch_python_operator_decorator to 2024-05-08T00:00:00+00:00, run_after=2024-05-09T00:00:00+00:00
[2024-05-09T15:18:53.897+0000] {processor.py:178} INFO - Processing /home/airflow/.local/lib/python3.7/site-packages/airflow/example_dags/example_branch_operator_decorator.py took 0.114 seconds
[2024-05-09T15:19:24.612+0000] {processor.py:156} INFO - Started process (PID=2018) to work on /home/airflow/.local/lib/python3.7/site-packages/airflow/example_dags/example_branch_operator_decorator.py
[2024-05-09T15:19:24.613+0000] {processor.py:758} INFO - Processing file /home/airflow/.local/lib/python3.7/site-packages/airflow/example_dags/example_branch_operator_decorator.py for tasks to queue
[2024-05-09T15:19:24.613+0000] {logging_mixin.py:117} INFO - [2024-05-09T15:19:24.613+0000] {dagbag.py:525} INFO - Filling up the DagBag from /home/airflow/.local/lib/python3.7/site-packages/airflow/example_dags/example_branch_operator_decorator.py
[2024-05-09T15:19:24.635+0000] {processor.py:768} INFO - DAG(s) dict_keys(['example_branch_python_operator_decorator']) retrieved from /home/airflow/.local/lib/python3.7/site-packages/airflow/example_dags/example_branch_operator_decorator.py
[2024-05-09T15:19:24.671+0000] {logging_mixin.py:117} INFO - [2024-05-09T15:19:24.671+0000] {dag.py:2573} INFO - Sync 1 DAGs
[2024-05-09T15:19:24.696+0000] {logging_mixin.py:117} INFO - [2024-05-09T15:19:24.696+0000] {dag.py:3328} INFO - Setting next_dagrun for example_branch_python_operator_decorator to 2024-05-08T00:00:00+00:00, run_after=2024-05-09T00:00:00+00:00
[2024-05-09T15:19:24.714+0000] {processor.py:178} INFO - Processing /home/airflow/.local/lib/python3.7/site-packages/airflow/example_dags/example_branch_operator_decorator.py took 0.105 seconds
[2024-05-09T15:19:55.424+0000] {processor.py:156} INFO - Started process (PID=2232) to work on /home/airflow/.local/lib/python3.7/site-packages/airflow/example_dags/example_branch_operator_decorator.py
[2024-05-09T15:19:55.425+0000] {processor.py:758} INFO - Processing file /home/airflow/.local/lib/python3.7/site-packages/airflow/example_dags/example_branch_operator_decorator.py for tasks to queue
[2024-05-09T15:19:55.425+0000] {logging_mixin.py:117} INFO - [2024-05-09T15:19:55.425+0000] {dagbag.py:525} INFO - Filling up the DagBag from /home/airflow/.local/lib/python3.7/site-packages/airflow/example_dags/example_branch_operator_decorator.py
[2024-05-09T15:19:55.448+0000] {processor.py:768} INFO - DAG(s) dict_keys(['example_branch_python_operator_decorator']) retrieved from /home/airflow/.local/lib/python3.7/site-packages/airflow/example_dags/example_branch_operator_decorator.py
[2024-05-09T15:19:55.480+0000] {logging_mixin.py:117} INFO - [2024-05-09T15:19:55.480+0000] {dag.py:2573} INFO - Sync 1 DAGs
[2024-05-09T15:19:55.503+0000] {logging_mixin.py:117} INFO - [2024-05-09T15:19:55.503+0000] {dag.py:3328} INFO - Setting next_dagrun for example_branch_python_operator_decorator to 2024-05-08T00:00:00+00:00, run_after=2024-05-09T00:00:00+00:00
[2024-05-09T15:19:55.522+0000] {processor.py:178} INFO - Processing /home/airflow/.local/lib/python3.7/site-packages/airflow/example_dags/example_branch_operator_decorator.py took 0.101 seconds
[2024-05-09T15:20:26.470+0000] {processor.py:156} INFO - Started process (PID=2447) to work on /home/airflow/.local/lib/python3.7/site-packages/airflow/example_dags/example_branch_operator_decorator.py
[2024-05-09T15:20:26.470+0000] {processor.py:758} INFO - Processing file /home/airflow/.local/lib/python3.7/site-packages/airflow/example_dags/example_branch_operator_decorator.py for tasks to queue
[2024-05-09T15:20:26.471+0000] {logging_mixin.py:117} INFO - [2024-05-09T15:20:26.471+0000] {dagbag.py:525} INFO - Filling up the DagBag from /home/airflow/.local/lib/python3.7/site-packages/airflow/example_dags/example_branch_operator_decorator.py
[2024-05-09T15:20:26.492+0000] {processor.py:768} INFO - DAG(s) dict_keys(['example_branch_python_operator_decorator']) retrieved from /home/airflow/.local/lib/python3.7/site-packages/airflow/example_dags/example_branch_operator_decorator.py
[2024-05-09T15:20:26.530+0000] {logging_mixin.py:117} INFO - [2024-05-09T15:20:26.529+0000] {dag.py:2573} INFO - Sync 1 DAGs
[2024-05-09T15:20:26.560+0000] {logging_mixin.py:117} INFO - [2024-05-09T15:20:26.560+0000] {dag.py:3328} INFO - Setting next_dagrun for example_branch_python_operator_decorator to 2024-05-08T00:00:00+00:00, run_after=2024-05-09T00:00:00+00:00
[2024-05-09T15:20:26.586+0000] {processor.py:178} INFO - Processing /home/airflow/.local/lib/python3.7/site-packages/airflow/example_dags/example_branch_operator_decorator.py took 0.119 seconds
[2024-05-09T15:20:57.060+0000] {processor.py:156} INFO - Started process (PID=2649) to work on /home/airflow/.local/lib/python3.7/site-packages/airflow/example_dags/example_branch_operator_decorator.py
[2024-05-09T15:20:57.061+0000] {processor.py:758} INFO - Processing file /home/airflow/.local/lib/python3.7/site-packages/airflow/example_dags/example_branch_operator_decorator.py for tasks to queue
[2024-05-09T15:20:57.061+0000] {logging_mixin.py:117} INFO - [2024-05-09T15:20:57.061+0000] {dagbag.py:525} INFO - Filling up the DagBag from /home/airflow/.local/lib/python3.7/site-packages/airflow/example_dags/example_branch_operator_decorator.py
[2024-05-09T15:20:57.082+0000] {processor.py:768} INFO - DAG(s) dict_keys(['example_branch_python_operator_decorator']) retrieved from /home/airflow/.local/lib/python3.7/site-packages/airflow/example_dags/example_branch_operator_decorator.py
[2024-05-09T15:20:57.118+0000] {logging_mixin.py:117} INFO - [2024-05-09T15:20:57.118+0000] {dag.py:2573} INFO - Sync 1 DAGs
[2024-05-09T15:20:57.139+0000] {logging_mixin.py:117} INFO - [2024-05-09T15:20:57.139+0000] {dag.py:3328} INFO - Setting next_dagrun for example_branch_python_operator_decorator to 2024-05-08T00:00:00+00:00, run_after=2024-05-09T00:00:00+00:00
[2024-05-09T15:20:57.158+0000] {processor.py:178} INFO - Processing /home/airflow/.local/lib/python3.7/site-packages/airflow/example_dags/example_branch_operator_decorator.py took 0.101 seconds
[2024-05-09T16:29:54.413+0000] {processor.py:156} INFO - Started process (PID=325) to work on /home/airflow/.local/lib/python3.7/site-packages/airflow/example_dags/example_branch_operator_decorator.py
[2024-05-09T16:29:54.415+0000] {processor.py:758} INFO - Processing file /home/airflow/.local/lib/python3.7/site-packages/airflow/example_dags/example_branch_operator_decorator.py for tasks to queue
[2024-05-09T16:29:54.416+0000] {logging_mixin.py:117} INFO - [2024-05-09T16:29:54.416+0000] {dagbag.py:525} INFO - Filling up the DagBag from /home/airflow/.local/lib/python3.7/site-packages/airflow/example_dags/example_branch_operator_decorator.py
[2024-05-09T16:29:54.442+0000] {processor.py:768} INFO - DAG(s) dict_keys(['example_branch_python_operator_decorator']) retrieved from /home/airflow/.local/lib/python3.7/site-packages/airflow/example_dags/example_branch_operator_decorator.py
[2024-05-09T16:29:54.482+0000] {logging_mixin.py:117} INFO - [2024-05-09T16:29:54.482+0000] {dag.py:2573} INFO - Sync 1 DAGs
[2024-05-09T16:29:54.509+0000] {logging_mixin.py:117} INFO - [2024-05-09T16:29:54.509+0000] {dag.py:3328} INFO - Setting next_dagrun for example_branch_python_operator_decorator to 2024-05-08T00:00:00+00:00, run_after=2024-05-09T00:00:00+00:00
[2024-05-09T16:29:54.534+0000] {processor.py:178} INFO - Processing /home/airflow/.local/lib/python3.7/site-packages/airflow/example_dags/example_branch_operator_decorator.py took 0.126 seconds
[2024-05-09T16:30:28.286+0000] {processor.py:156} INFO - Started process (PID=315) to work on /home/airflow/.local/lib/python3.7/site-packages/airflow/example_dags/example_branch_operator_decorator.py
[2024-05-09T16:30:28.289+0000] {processor.py:758} INFO - Processing file /home/airflow/.local/lib/python3.7/site-packages/airflow/example_dags/example_branch_operator_decorator.py for tasks to queue
[2024-05-09T16:30:28.290+0000] {logging_mixin.py:117} INFO - [2024-05-09T16:30:28.290+0000] {dagbag.py:525} INFO - Filling up the DagBag from /home/airflow/.local/lib/python3.7/site-packages/airflow/example_dags/example_branch_operator_decorator.py
[2024-05-09T16:30:28.355+0000] {processor.py:768} INFO - DAG(s) dict_keys(['example_branch_python_operator_decorator']) retrieved from /home/airflow/.local/lib/python3.7/site-packages/airflow/example_dags/example_branch_operator_decorator.py
[2024-05-09T16:30:28.418+0000] {logging_mixin.py:117} INFO - [2024-05-09T16:30:28.417+0000] {dag.py:2573} INFO - Sync 1 DAGs
[2024-05-09T16:30:28.458+0000] {logging_mixin.py:117} INFO - [2024-05-09T16:30:28.458+0000] {dag.py:3328} INFO - Setting next_dagrun for example_branch_python_operator_decorator to 2024-05-08T00:00:00+00:00, run_after=2024-05-09T00:00:00+00:00
[2024-05-09T16:30:28.527+0000] {processor.py:178} INFO - Processing /home/airflow/.local/lib/python3.7/site-packages/airflow/example_dags/example_branch_operator_decorator.py took 0.250 seconds
