[2024-05-09T15:15:19.878+0000] {processor.py:156} INFO - Started process (PID=331) to work on /home/airflow/.local/lib/python3.7/site-packages/airflow/example_dags/example_external_task_marker_dag.py
[2024-05-09T15:15:19.879+0000] {processor.py:758} INFO - Processing file /home/airflow/.local/lib/python3.7/site-packages/airflow/example_dags/example_external_task_marker_dag.py for tasks to queue
[2024-05-09T15:15:19.883+0000] {logging_mixin.py:117} INFO - [2024-05-09T15:15:19.882+0000] {dagbag.py:525} INFO - Filling up the DagBag from /home/airflow/.local/lib/python3.7/site-packages/airflow/example_dags/example_external_task_marker_dag.py
[2024-05-09T15:15:19.910+0000] {processor.py:768} INFO - DAG(s) dict_keys(['example_external_task_marker_parent', 'example_external_task_marker_child']) retrieved from /home/airflow/.local/lib/python3.7/site-packages/airflow/example_dags/example_external_task_marker_dag.py
[2024-05-09T15:15:20.327+0000] {logging_mixin.py:117} INFO - [2024-05-09T15:15:20.327+0000] {manager.py:507} INFO - Created Permission View: can delete on DAG:example_external_task_marker_parent
[2024-05-09T15:15:20.350+0000] {logging_mixin.py:117} INFO - [2024-05-09T15:15:20.350+0000] {manager.py:507} INFO - Created Permission View: can read on DAG:example_external_task_marker_parent
[2024-05-09T15:15:20.363+0000] {logging_mixin.py:117} INFO - [2024-05-09T15:15:20.363+0000] {manager.py:507} INFO - Created Permission View: can edit on DAG:example_external_task_marker_parent
[2024-05-09T15:15:20.695+0000] {logging_mixin.py:117} INFO - [2024-05-09T15:15:20.695+0000] {manager.py:507} INFO - Created Permission View: can delete on DAG:example_external_task_marker_child
[2024-05-09T15:15:20.713+0000] {logging_mixin.py:117} INFO - [2024-05-09T15:15:20.713+0000] {manager.py:507} INFO - Created Permission View: can read on DAG:example_external_task_marker_child
[2024-05-09T15:15:20.732+0000] {logging_mixin.py:117} INFO - [2024-05-09T15:15:20.732+0000] {manager.py:507} INFO - Created Permission View: can edit on DAG:example_external_task_marker_child
[2024-05-09T15:15:20.732+0000] {logging_mixin.py:117} INFO - [2024-05-09T15:15:20.732+0000] {dag.py:2573} INFO - Sync 2 DAGs
[2024-05-09T15:15:20.752+0000] {logging_mixin.py:117} INFO - [2024-05-09T15:15:20.752+0000] {dag.py:2594} INFO - Creating ORM DAG for example_external_task_marker_parent
[2024-05-09T15:15:20.754+0000] {logging_mixin.py:117} INFO - [2024-05-09T15:15:20.754+0000] {dag.py:2594} INFO - Creating ORM DAG for example_external_task_marker_child
[2024-05-09T15:15:20.772+0000] {logging_mixin.py:117} INFO - [2024-05-09T15:15:20.772+0000] {dag.py:3328} INFO - Setting next_dagrun for example_external_task_marker_child to None, run_after=None
[2024-05-09T15:15:20.774+0000] {logging_mixin.py:117} INFO - [2024-05-09T15:15:20.774+0000] {dag.py:3328} INFO - Setting next_dagrun for example_external_task_marker_parent to None, run_after=None
[2024-05-09T15:15:20.812+0000] {processor.py:178} INFO - Processing /home/airflow/.local/lib/python3.7/site-packages/airflow/example_dags/example_external_task_marker_dag.py took 0.937 seconds
[2024-05-09T15:15:51.180+0000] {processor.py:156} INFO - Started process (PID=547) to work on /home/airflow/.local/lib/python3.7/site-packages/airflow/example_dags/example_external_task_marker_dag.py
[2024-05-09T15:15:51.181+0000] {processor.py:758} INFO - Processing file /home/airflow/.local/lib/python3.7/site-packages/airflow/example_dags/example_external_task_marker_dag.py for tasks to queue
[2024-05-09T15:15:51.181+0000] {logging_mixin.py:117} INFO - [2024-05-09T15:15:51.181+0000] {dagbag.py:525} INFO - Filling up the DagBag from /home/airflow/.local/lib/python3.7/site-packages/airflow/example_dags/example_external_task_marker_dag.py
[2024-05-09T15:15:51.201+0000] {processor.py:768} INFO - DAG(s) dict_keys(['example_external_task_marker_child', 'example_external_task_marker_parent']) retrieved from /home/airflow/.local/lib/python3.7/site-packages/airflow/example_dags/example_external_task_marker_dag.py
[2024-05-09T15:15:51.370+0000] {logging_mixin.py:117} INFO - [2024-05-09T15:15:51.370+0000] {dag.py:2573} INFO - Sync 2 DAGs
[2024-05-09T15:15:51.516+0000] {logging_mixin.py:117} INFO - [2024-05-09T15:15:51.516+0000] {dag.py:3328} INFO - Setting next_dagrun for example_external_task_marker_child to None, run_after=None
[2024-05-09T15:15:51.520+0000] {logging_mixin.py:117} INFO - [2024-05-09T15:15:51.520+0000] {dag.py:3328} INFO - Setting next_dagrun for example_external_task_marker_parent to None, run_after=None
[2024-05-09T15:15:51.541+0000] {processor.py:178} INFO - Processing /home/airflow/.local/lib/python3.7/site-packages/airflow/example_dags/example_external_task_marker_dag.py took 0.364 seconds
[2024-05-09T15:16:21.696+0000] {processor.py:156} INFO - Started process (PID=761) to work on /home/airflow/.local/lib/python3.7/site-packages/airflow/example_dags/example_external_task_marker_dag.py
[2024-05-09T15:16:21.697+0000] {processor.py:758} INFO - Processing file /home/airflow/.local/lib/python3.7/site-packages/airflow/example_dags/example_external_task_marker_dag.py for tasks to queue
[2024-05-09T15:16:21.698+0000] {logging_mixin.py:117} INFO - [2024-05-09T15:16:21.698+0000] {dagbag.py:525} INFO - Filling up the DagBag from /home/airflow/.local/lib/python3.7/site-packages/airflow/example_dags/example_external_task_marker_dag.py
[2024-05-09T15:16:21.718+0000] {processor.py:768} INFO - DAG(s) dict_keys(['example_external_task_marker_child', 'example_external_task_marker_parent']) retrieved from /home/airflow/.local/lib/python3.7/site-packages/airflow/example_dags/example_external_task_marker_dag.py
[2024-05-09T15:16:22.032+0000] {logging_mixin.py:117} INFO - [2024-05-09T15:16:22.032+0000] {dag.py:2573} INFO - Sync 2 DAGs
[2024-05-09T15:16:22.049+0000] {logging_mixin.py:117} INFO - [2024-05-09T15:16:22.049+0000] {dag.py:3328} INFO - Setting next_dagrun for example_external_task_marker_child to None, run_after=None
[2024-05-09T15:16:22.051+0000] {logging_mixin.py:117} INFO - [2024-05-09T15:16:22.051+0000] {dag.py:3328} INFO - Setting next_dagrun for example_external_task_marker_parent to None, run_after=None
[2024-05-09T15:16:22.070+0000] {processor.py:178} INFO - Processing /home/airflow/.local/lib/python3.7/site-packages/airflow/example_dags/example_external_task_marker_dag.py took 0.378 seconds
[2024-05-09T15:16:52.509+0000] {processor.py:156} INFO - Started process (PID=975) to work on /home/airflow/.local/lib/python3.7/site-packages/airflow/example_dags/example_external_task_marker_dag.py
[2024-05-09T15:16:52.509+0000] {processor.py:758} INFO - Processing file /home/airflow/.local/lib/python3.7/site-packages/airflow/example_dags/example_external_task_marker_dag.py for tasks to queue
[2024-05-09T15:16:52.510+0000] {logging_mixin.py:117} INFO - [2024-05-09T15:16:52.510+0000] {dagbag.py:525} INFO - Filling up the DagBag from /home/airflow/.local/lib/python3.7/site-packages/airflow/example_dags/example_external_task_marker_dag.py
[2024-05-09T15:16:52.528+0000] {processor.py:768} INFO - DAG(s) dict_keys(['example_external_task_marker_child', 'example_external_task_marker_parent']) retrieved from /home/airflow/.local/lib/python3.7/site-packages/airflow/example_dags/example_external_task_marker_dag.py
[2024-05-09T15:16:52.804+0000] {logging_mixin.py:117} INFO - [2024-05-09T15:16:52.804+0000] {dag.py:2573} INFO - Sync 2 DAGs
[2024-05-09T15:16:52.822+0000] {logging_mixin.py:117} INFO - [2024-05-09T15:16:52.822+0000] {dag.py:3328} INFO - Setting next_dagrun for example_external_task_marker_child to None, run_after=None
[2024-05-09T15:16:52.825+0000] {logging_mixin.py:117} INFO - [2024-05-09T15:16:52.824+0000] {dag.py:3328} INFO - Setting next_dagrun for example_external_task_marker_parent to None, run_after=None
[2024-05-09T15:16:52.842+0000] {processor.py:178} INFO - Processing /home/airflow/.local/lib/python3.7/site-packages/airflow/example_dags/example_external_task_marker_dag.py took 0.337 seconds
[2024-05-09T15:17:23.083+0000] {processor.py:156} INFO - Started process (PID=1179) to work on /home/airflow/.local/lib/python3.7/site-packages/airflow/example_dags/example_external_task_marker_dag.py
[2024-05-09T15:17:23.083+0000] {processor.py:758} INFO - Processing file /home/airflow/.local/lib/python3.7/site-packages/airflow/example_dags/example_external_task_marker_dag.py for tasks to queue
[2024-05-09T15:17:23.084+0000] {logging_mixin.py:117} INFO - [2024-05-09T15:17:23.084+0000] {dagbag.py:525} INFO - Filling up the DagBag from /home/airflow/.local/lib/python3.7/site-packages/airflow/example_dags/example_external_task_marker_dag.py
[2024-05-09T15:17:23.096+0000] {processor.py:768} INFO - DAG(s) dict_keys(['example_external_task_marker_child', 'example_external_task_marker_parent']) retrieved from /home/airflow/.local/lib/python3.7/site-packages/airflow/example_dags/example_external_task_marker_dag.py
[2024-05-09T15:17:23.402+0000] {logging_mixin.py:117} INFO - [2024-05-09T15:17:23.402+0000] {dag.py:2573} INFO - Sync 2 DAGs
[2024-05-09T15:17:23.421+0000] {logging_mixin.py:117} INFO - [2024-05-09T15:17:23.421+0000] {dag.py:3328} INFO - Setting next_dagrun for example_external_task_marker_child to None, run_after=None
[2024-05-09T15:17:23.424+0000] {logging_mixin.py:117} INFO - [2024-05-09T15:17:23.423+0000] {dag.py:3328} INFO - Setting next_dagrun for example_external_task_marker_parent to None, run_after=None
[2024-05-09T15:17:23.441+0000] {processor.py:178} INFO - Processing /home/airflow/.local/lib/python3.7/site-packages/airflow/example_dags/example_external_task_marker_dag.py took 0.362 seconds
[2024-05-09T15:17:53.697+0000] {processor.py:156} INFO - Started process (PID=1392) to work on /home/airflow/.local/lib/python3.7/site-packages/airflow/example_dags/example_external_task_marker_dag.py
[2024-05-09T15:17:53.697+0000] {processor.py:758} INFO - Processing file /home/airflow/.local/lib/python3.7/site-packages/airflow/example_dags/example_external_task_marker_dag.py for tasks to queue
[2024-05-09T15:17:53.698+0000] {logging_mixin.py:117} INFO - [2024-05-09T15:17:53.698+0000] {dagbag.py:525} INFO - Filling up the DagBag from /home/airflow/.local/lib/python3.7/site-packages/airflow/example_dags/example_external_task_marker_dag.py
[2024-05-09T15:17:53.825+0000] {processor.py:768} INFO - DAG(s) dict_keys(['example_external_task_marker_child', 'example_external_task_marker_parent']) retrieved from /home/airflow/.local/lib/python3.7/site-packages/airflow/example_dags/example_external_task_marker_dag.py
[2024-05-09T15:17:54.022+0000] {logging_mixin.py:117} INFO - [2024-05-09T15:17:54.022+0000] {dag.py:2573} INFO - Sync 2 DAGs
[2024-05-09T15:17:54.049+0000] {logging_mixin.py:117} INFO - [2024-05-09T15:17:54.048+0000] {dag.py:3328} INFO - Setting next_dagrun for example_external_task_marker_child to None, run_after=None
[2024-05-09T15:17:54.052+0000] {logging_mixin.py:117} INFO - [2024-05-09T15:17:54.052+0000] {dag.py:3328} INFO - Setting next_dagrun for example_external_task_marker_parent to None, run_after=None
[2024-05-09T15:17:54.071+0000] {processor.py:178} INFO - Processing /home/airflow/.local/lib/python3.7/site-packages/airflow/example_dags/example_external_task_marker_dag.py took 0.377 seconds
[2024-05-09T15:18:24.140+0000] {processor.py:156} INFO - Started process (PID=1612) to work on /home/airflow/.local/lib/python3.7/site-packages/airflow/example_dags/example_external_task_marker_dag.py
[2024-05-09T15:18:24.140+0000] {processor.py:758} INFO - Processing file /home/airflow/.local/lib/python3.7/site-packages/airflow/example_dags/example_external_task_marker_dag.py for tasks to queue
[2024-05-09T15:18:24.141+0000] {logging_mixin.py:117} INFO - [2024-05-09T15:18:24.141+0000] {dagbag.py:525} INFO - Filling up the DagBag from /home/airflow/.local/lib/python3.7/site-packages/airflow/example_dags/example_external_task_marker_dag.py
[2024-05-09T15:18:24.154+0000] {processor.py:768} INFO - DAG(s) dict_keys(['example_external_task_marker_parent', 'example_external_task_marker_child']) retrieved from /home/airflow/.local/lib/python3.7/site-packages/airflow/example_dags/example_external_task_marker_dag.py
[2024-05-09T15:18:24.352+0000] {logging_mixin.py:117} INFO - [2024-05-09T15:18:24.352+0000] {dag.py:2573} INFO - Sync 2 DAGs
[2024-05-09T15:18:24.371+0000] {logging_mixin.py:117} INFO - [2024-05-09T15:18:24.371+0000] {dag.py:3328} INFO - Setting next_dagrun for example_external_task_marker_child to None, run_after=None
[2024-05-09T15:18:24.373+0000] {logging_mixin.py:117} INFO - [2024-05-09T15:18:24.373+0000] {dag.py:3328} INFO - Setting next_dagrun for example_external_task_marker_parent to None, run_after=None
[2024-05-09T15:18:24.393+0000] {processor.py:178} INFO - Processing /home/airflow/.local/lib/python3.7/site-packages/airflow/example_dags/example_external_task_marker_dag.py took 0.255 seconds
[2024-05-09T15:18:54.896+0000] {processor.py:156} INFO - Started process (PID=1811) to work on /home/airflow/.local/lib/python3.7/site-packages/airflow/example_dags/example_external_task_marker_dag.py
[2024-05-09T15:18:54.897+0000] {processor.py:758} INFO - Processing file /home/airflow/.local/lib/python3.7/site-packages/airflow/example_dags/example_external_task_marker_dag.py for tasks to queue
[2024-05-09T15:18:54.897+0000] {logging_mixin.py:117} INFO - [2024-05-09T15:18:54.897+0000] {dagbag.py:525} INFO - Filling up the DagBag from /home/airflow/.local/lib/python3.7/site-packages/airflow/example_dags/example_external_task_marker_dag.py
[2024-05-09T15:18:54.910+0000] {processor.py:768} INFO - DAG(s) dict_keys(['example_external_task_marker_parent', 'example_external_task_marker_child']) retrieved from /home/airflow/.local/lib/python3.7/site-packages/airflow/example_dags/example_external_task_marker_dag.py
[2024-05-09T15:18:55.120+0000] {logging_mixin.py:117} INFO - [2024-05-09T15:18:55.120+0000] {dag.py:2573} INFO - Sync 2 DAGs
[2024-05-09T15:18:55.143+0000] {logging_mixin.py:117} INFO - [2024-05-09T15:18:55.142+0000] {dag.py:3328} INFO - Setting next_dagrun for example_external_task_marker_child to None, run_after=None
[2024-05-09T15:18:55.146+0000] {logging_mixin.py:117} INFO - [2024-05-09T15:18:55.146+0000] {dag.py:3328} INFO - Setting next_dagrun for example_external_task_marker_parent to None, run_after=None
[2024-05-09T15:18:55.168+0000] {processor.py:178} INFO - Processing /home/airflow/.local/lib/python3.7/site-packages/airflow/example_dags/example_external_task_marker_dag.py took 0.275 seconds
[2024-05-09T15:19:25.698+0000] {processor.py:156} INFO - Started process (PID=2025) to work on /home/airflow/.local/lib/python3.7/site-packages/airflow/example_dags/example_external_task_marker_dag.py
[2024-05-09T15:19:25.699+0000] {processor.py:758} INFO - Processing file /home/airflow/.local/lib/python3.7/site-packages/airflow/example_dags/example_external_task_marker_dag.py for tasks to queue
[2024-05-09T15:19:25.700+0000] {logging_mixin.py:117} INFO - [2024-05-09T15:19:25.699+0000] {dagbag.py:525} INFO - Filling up the DagBag from /home/airflow/.local/lib/python3.7/site-packages/airflow/example_dags/example_external_task_marker_dag.py
[2024-05-09T15:19:25.713+0000] {processor.py:768} INFO - DAG(s) dict_keys(['example_external_task_marker_child', 'example_external_task_marker_parent']) retrieved from /home/airflow/.local/lib/python3.7/site-packages/airflow/example_dags/example_external_task_marker_dag.py
[2024-05-09T15:19:25.938+0000] {logging_mixin.py:117} INFO - [2024-05-09T15:19:25.938+0000] {dag.py:2573} INFO - Sync 2 DAGs
[2024-05-09T15:19:25.963+0000] {logging_mixin.py:117} INFO - [2024-05-09T15:19:25.963+0000] {dag.py:3328} INFO - Setting next_dagrun for example_external_task_marker_child to None, run_after=None
[2024-05-09T15:19:25.966+0000] {logging_mixin.py:117} INFO - [2024-05-09T15:19:25.966+0000] {dag.py:3328} INFO - Setting next_dagrun for example_external_task_marker_parent to None, run_after=None
[2024-05-09T15:19:25.987+0000] {processor.py:178} INFO - Processing /home/airflow/.local/lib/python3.7/site-packages/airflow/example_dags/example_external_task_marker_dag.py took 0.291 seconds
[2024-05-09T15:19:56.505+0000] {processor.py:156} INFO - Started process (PID=2239) to work on /home/airflow/.local/lib/python3.7/site-packages/airflow/example_dags/example_external_task_marker_dag.py
[2024-05-09T15:19:56.505+0000] {processor.py:758} INFO - Processing file /home/airflow/.local/lib/python3.7/site-packages/airflow/example_dags/example_external_task_marker_dag.py for tasks to queue
[2024-05-09T15:19:56.506+0000] {logging_mixin.py:117} INFO - [2024-05-09T15:19:56.506+0000] {dagbag.py:525} INFO - Filling up the DagBag from /home/airflow/.local/lib/python3.7/site-packages/airflow/example_dags/example_external_task_marker_dag.py
[2024-05-09T15:19:56.522+0000] {processor.py:768} INFO - DAG(s) dict_keys(['example_external_task_marker_child', 'example_external_task_marker_parent']) retrieved from /home/airflow/.local/lib/python3.7/site-packages/airflow/example_dags/example_external_task_marker_dag.py
[2024-05-09T15:19:56.697+0000] {logging_mixin.py:117} INFO - [2024-05-09T15:19:56.697+0000] {dag.py:2573} INFO - Sync 2 DAGs
[2024-05-09T15:19:56.718+0000] {logging_mixin.py:117} INFO - [2024-05-09T15:19:56.718+0000] {dag.py:3328} INFO - Setting next_dagrun for example_external_task_marker_child to None, run_after=None
[2024-05-09T15:19:56.721+0000] {logging_mixin.py:117} INFO - [2024-05-09T15:19:56.721+0000] {dag.py:3328} INFO - Setting next_dagrun for example_external_task_marker_parent to None, run_after=None
[2024-05-09T15:19:56.738+0000] {processor.py:178} INFO - Processing /home/airflow/.local/lib/python3.7/site-packages/airflow/example_dags/example_external_task_marker_dag.py took 0.236 seconds
[2024-05-09T15:20:27.483+0000] {processor.py:156} INFO - Started process (PID=2452) to work on /home/airflow/.local/lib/python3.7/site-packages/airflow/example_dags/example_external_task_marker_dag.py
[2024-05-09T15:20:27.483+0000] {processor.py:758} INFO - Processing file /home/airflow/.local/lib/python3.7/site-packages/airflow/example_dags/example_external_task_marker_dag.py for tasks to queue
[2024-05-09T15:20:27.484+0000] {logging_mixin.py:117} INFO - [2024-05-09T15:20:27.484+0000] {dagbag.py:525} INFO - Filling up the DagBag from /home/airflow/.local/lib/python3.7/site-packages/airflow/example_dags/example_external_task_marker_dag.py
[2024-05-09T15:20:27.500+0000] {processor.py:768} INFO - DAG(s) dict_keys(['example_external_task_marker_parent', 'example_external_task_marker_child']) retrieved from /home/airflow/.local/lib/python3.7/site-packages/airflow/example_dags/example_external_task_marker_dag.py
[2024-05-09T15:20:27.718+0000] {logging_mixin.py:117} INFO - [2024-05-09T15:20:27.718+0000] {dag.py:2573} INFO - Sync 2 DAGs
[2024-05-09T15:20:27.743+0000] {logging_mixin.py:117} INFO - [2024-05-09T15:20:27.743+0000] {dag.py:3328} INFO - Setting next_dagrun for example_external_task_marker_child to None, run_after=None
[2024-05-09T15:20:27.746+0000] {logging_mixin.py:117} INFO - [2024-05-09T15:20:27.746+0000] {dag.py:3328} INFO - Setting next_dagrun for example_external_task_marker_parent to None, run_after=None
[2024-05-09T15:20:27.765+0000] {processor.py:178} INFO - Processing /home/airflow/.local/lib/python3.7/site-packages/airflow/example_dags/example_external_task_marker_dag.py took 0.286 seconds
[2024-05-09T15:20:58.136+0000] {processor.py:156} INFO - Started process (PID=2656) to work on /home/airflow/.local/lib/python3.7/site-packages/airflow/example_dags/example_external_task_marker_dag.py
[2024-05-09T15:20:58.137+0000] {processor.py:758} INFO - Processing file /home/airflow/.local/lib/python3.7/site-packages/airflow/example_dags/example_external_task_marker_dag.py for tasks to queue
[2024-05-09T15:20:58.137+0000] {logging_mixin.py:117} INFO - [2024-05-09T15:20:58.137+0000] {dagbag.py:525} INFO - Filling up the DagBag from /home/airflow/.local/lib/python3.7/site-packages/airflow/example_dags/example_external_task_marker_dag.py
[2024-05-09T15:20:58.151+0000] {processor.py:768} INFO - DAG(s) dict_keys(['example_external_task_marker_child', 'example_external_task_marker_parent']) retrieved from /home/airflow/.local/lib/python3.7/site-packages/airflow/example_dags/example_external_task_marker_dag.py
[2024-05-09T15:20:58.345+0000] {logging_mixin.py:117} INFO - [2024-05-09T15:20:58.345+0000] {dag.py:2573} INFO - Sync 2 DAGs
[2024-05-09T15:20:58.367+0000] {logging_mixin.py:117} INFO - [2024-05-09T15:20:58.367+0000] {dag.py:3328} INFO - Setting next_dagrun for example_external_task_marker_child to None, run_after=None
[2024-05-09T15:20:58.369+0000] {logging_mixin.py:117} INFO - [2024-05-09T15:20:58.369+0000] {dag.py:3328} INFO - Setting next_dagrun for example_external_task_marker_parent to None, run_after=None
[2024-05-09T15:20:58.390+0000] {processor.py:178} INFO - Processing /home/airflow/.local/lib/python3.7/site-packages/airflow/example_dags/example_external_task_marker_dag.py took 0.257 seconds
[2024-05-09T16:29:54.521+0000] {processor.py:156} INFO - Started process (PID=330) to work on /home/airflow/.local/lib/python3.7/site-packages/airflow/example_dags/example_external_task_marker_dag.py
[2024-05-09T16:29:54.525+0000] {processor.py:758} INFO - Processing file /home/airflow/.local/lib/python3.7/site-packages/airflow/example_dags/example_external_task_marker_dag.py for tasks to queue
[2024-05-09T16:29:54.525+0000] {logging_mixin.py:117} INFO - [2024-05-09T16:29:54.525+0000] {dagbag.py:525} INFO - Filling up the DagBag from /home/airflow/.local/lib/python3.7/site-packages/airflow/example_dags/example_external_task_marker_dag.py
[2024-05-09T16:29:54.541+0000] {processor.py:768} INFO - DAG(s) dict_keys(['example_external_task_marker_parent', 'example_external_task_marker_child']) retrieved from /home/airflow/.local/lib/python3.7/site-packages/airflow/example_dags/example_external_task_marker_dag.py
[2024-05-09T16:29:54.792+0000] {logging_mixin.py:117} INFO - [2024-05-09T16:29:54.792+0000] {dag.py:2573} INFO - Sync 2 DAGs
[2024-05-09T16:29:54.816+0000] {logging_mixin.py:117} INFO - [2024-05-09T16:29:54.816+0000] {dag.py:3328} INFO - Setting next_dagrun for example_external_task_marker_child to None, run_after=None
[2024-05-09T16:29:54.820+0000] {logging_mixin.py:117} INFO - [2024-05-09T16:29:54.819+0000] {dag.py:3328} INFO - Setting next_dagrun for example_external_task_marker_parent to None, run_after=None
[2024-05-09T16:29:54.842+0000] {processor.py:178} INFO - Processing /home/airflow/.local/lib/python3.7/site-packages/airflow/example_dags/example_external_task_marker_dag.py took 0.324 seconds
[2024-05-09T16:30:28.514+0000] {processor.py:156} INFO - Started process (PID=320) to work on /home/airflow/.local/lib/python3.7/site-packages/airflow/example_dags/example_external_task_marker_dag.py
[2024-05-09T16:30:28.522+0000] {processor.py:758} INFO - Processing file /home/airflow/.local/lib/python3.7/site-packages/airflow/example_dags/example_external_task_marker_dag.py for tasks to queue
[2024-05-09T16:30:28.526+0000] {logging_mixin.py:117} INFO - [2024-05-09T16:30:28.526+0000] {dagbag.py:525} INFO - Filling up the DagBag from /home/airflow/.local/lib/python3.7/site-packages/airflow/example_dags/example_external_task_marker_dag.py
[2024-05-09T16:30:28.570+0000] {processor.py:768} INFO - DAG(s) dict_keys(['example_external_task_marker_child', 'example_external_task_marker_parent']) retrieved from /home/airflow/.local/lib/python3.7/site-packages/airflow/example_dags/example_external_task_marker_dag.py
[2024-05-09T16:30:29.004+0000] {logging_mixin.py:117} INFO - [2024-05-09T16:30:29.004+0000] {dag.py:2573} INFO - Sync 2 DAGs
[2024-05-09T16:30:29.049+0000] {logging_mixin.py:117} INFO - [2024-05-09T16:30:29.049+0000] {dag.py:3328} INFO - Setting next_dagrun for example_external_task_marker_child to None, run_after=None
[2024-05-09T16:30:29.053+0000] {logging_mixin.py:117} INFO - [2024-05-09T16:30:29.053+0000] {dag.py:3328} INFO - Setting next_dagrun for example_external_task_marker_parent to None, run_after=None
[2024-05-09T16:30:29.084+0000] {processor.py:178} INFO - Processing /home/airflow/.local/lib/python3.7/site-packages/airflow/example_dags/example_external_task_marker_dag.py took 0.608 seconds
[2024-05-09T16:30:59.138+0000] {processor.py:156} INFO - Started process (PID=545) to work on /home/airflow/.local/lib/python3.7/site-packages/airflow/example_dags/example_external_task_marker_dag.py
[2024-05-09T16:30:59.139+0000] {processor.py:758} INFO - Processing file /home/airflow/.local/lib/python3.7/site-packages/airflow/example_dags/example_external_task_marker_dag.py for tasks to queue
[2024-05-09T16:30:59.139+0000] {logging_mixin.py:117} INFO - [2024-05-09T16:30:59.139+0000] {dagbag.py:525} INFO - Filling up the DagBag from /home/airflow/.local/lib/python3.7/site-packages/airflow/example_dags/example_external_task_marker_dag.py
[2024-05-09T16:30:59.151+0000] {processor.py:768} INFO - DAG(s) dict_keys(['example_external_task_marker_parent', 'example_external_task_marker_child']) retrieved from /home/airflow/.local/lib/python3.7/site-packages/airflow/example_dags/example_external_task_marker_dag.py
[2024-05-09T16:30:59.307+0000] {logging_mixin.py:117} INFO - [2024-05-09T16:30:59.307+0000] {dag.py:2573} INFO - Sync 2 DAGs
[2024-05-09T16:30:59.327+0000] {logging_mixin.py:117} INFO - [2024-05-09T16:30:59.326+0000] {dag.py:3328} INFO - Setting next_dagrun for example_external_task_marker_child to None, run_after=None
[2024-05-09T16:30:59.329+0000] {logging_mixin.py:117} INFO - [2024-05-09T16:30:59.329+0000] {dag.py:3328} INFO - Setting next_dagrun for example_external_task_marker_parent to None, run_after=None
[2024-05-09T16:30:59.347+0000] {processor.py:178} INFO - Processing /home/airflow/.local/lib/python3.7/site-packages/airflow/example_dags/example_external_task_marker_dag.py took 0.211 seconds
[2024-05-09T16:31:30.268+0000] {processor.py:156} INFO - Started process (PID=747) to work on /home/airflow/.local/lib/python3.7/site-packages/airflow/example_dags/example_external_task_marker_dag.py
[2024-05-09T16:31:30.268+0000] {processor.py:758} INFO - Processing file /home/airflow/.local/lib/python3.7/site-packages/airflow/example_dags/example_external_task_marker_dag.py for tasks to queue
[2024-05-09T16:31:30.269+0000] {logging_mixin.py:117} INFO - [2024-05-09T16:31:30.269+0000] {dagbag.py:525} INFO - Filling up the DagBag from /home/airflow/.local/lib/python3.7/site-packages/airflow/example_dags/example_external_task_marker_dag.py
[2024-05-09T16:31:30.285+0000] {processor.py:768} INFO - DAG(s) dict_keys(['example_external_task_marker_child', 'example_external_task_marker_parent']) retrieved from /home/airflow/.local/lib/python3.7/site-packages/airflow/example_dags/example_external_task_marker_dag.py
[2024-05-09T16:31:30.492+0000] {logging_mixin.py:117} INFO - [2024-05-09T16:31:30.492+0000] {dag.py:2573} INFO - Sync 2 DAGs
[2024-05-09T16:31:30.515+0000] {logging_mixin.py:117} INFO - [2024-05-09T16:31:30.515+0000] {dag.py:3328} INFO - Setting next_dagrun for example_external_task_marker_child to None, run_after=None
[2024-05-09T16:31:30.517+0000] {logging_mixin.py:117} INFO - [2024-05-09T16:31:30.517+0000] {dag.py:3328} INFO - Setting next_dagrun for example_external_task_marker_parent to None, run_after=None
[2024-05-09T16:31:30.536+0000] {processor.py:178} INFO - Processing /home/airflow/.local/lib/python3.7/site-packages/airflow/example_dags/example_external_task_marker_dag.py took 0.270 seconds
[2024-05-09T16:32:01.343+0000] {processor.py:156} INFO - Started process (PID=961) to work on /home/airflow/.local/lib/python3.7/site-packages/airflow/example_dags/example_external_task_marker_dag.py
[2024-05-09T16:32:01.344+0000] {processor.py:758} INFO - Processing file /home/airflow/.local/lib/python3.7/site-packages/airflow/example_dags/example_external_task_marker_dag.py for tasks to queue
[2024-05-09T16:32:01.345+0000] {logging_mixin.py:117} INFO - [2024-05-09T16:32:01.345+0000] {dagbag.py:525} INFO - Filling up the DagBag from /home/airflow/.local/lib/python3.7/site-packages/airflow/example_dags/example_external_task_marker_dag.py
[2024-05-09T16:32:01.363+0000] {processor.py:768} INFO - DAG(s) dict_keys(['example_external_task_marker_parent', 'example_external_task_marker_child']) retrieved from /home/airflow/.local/lib/python3.7/site-packages/airflow/example_dags/example_external_task_marker_dag.py
[2024-05-09T16:32:01.658+0000] {logging_mixin.py:117} INFO - [2024-05-09T16:32:01.658+0000] {dag.py:2573} INFO - Sync 2 DAGs
[2024-05-09T16:32:01.691+0000] {logging_mixin.py:117} INFO - [2024-05-09T16:32:01.690+0000] {dag.py:3328} INFO - Setting next_dagrun for example_external_task_marker_child to None, run_after=None
[2024-05-09T16:32:01.696+0000] {logging_mixin.py:117} INFO - [2024-05-09T16:32:01.696+0000] {dag.py:3328} INFO - Setting next_dagrun for example_external_task_marker_parent to None, run_after=None
[2024-05-09T16:32:01.929+0000] {processor.py:178} INFO - Processing /home/airflow/.local/lib/python3.7/site-packages/airflow/example_dags/example_external_task_marker_dag.py took 0.590 seconds
[2024-05-09T16:32:32.804+0000] {processor.py:156} INFO - Started process (PID=1165) to work on /home/airflow/.local/lib/python3.7/site-packages/airflow/example_dags/example_external_task_marker_dag.py
[2024-05-09T16:32:32.805+0000] {processor.py:758} INFO - Processing file /home/airflow/.local/lib/python3.7/site-packages/airflow/example_dags/example_external_task_marker_dag.py for tasks to queue
[2024-05-09T16:32:32.805+0000] {logging_mixin.py:117} INFO - [2024-05-09T16:32:32.805+0000] {dagbag.py:525} INFO - Filling up the DagBag from /home/airflow/.local/lib/python3.7/site-packages/airflow/example_dags/example_external_task_marker_dag.py
[2024-05-09T16:32:32.817+0000] {processor.py:768} INFO - DAG(s) dict_keys(['example_external_task_marker_child', 'example_external_task_marker_parent']) retrieved from /home/airflow/.local/lib/python3.7/site-packages/airflow/example_dags/example_external_task_marker_dag.py
[2024-05-09T16:32:33.001+0000] {logging_mixin.py:117} INFO - [2024-05-09T16:32:33.000+0000] {dag.py:2573} INFO - Sync 2 DAGs
[2024-05-09T16:32:33.157+0000] {logging_mixin.py:117} INFO - [2024-05-09T16:32:33.157+0000] {dag.py:3328} INFO - Setting next_dagrun for example_external_task_marker_child to None, run_after=None
[2024-05-09T16:32:33.159+0000] {logging_mixin.py:117} INFO - [2024-05-09T16:32:33.159+0000] {dag.py:3328} INFO - Setting next_dagrun for example_external_task_marker_parent to None, run_after=None
[2024-05-09T16:32:33.177+0000] {processor.py:178} INFO - Processing /home/airflow/.local/lib/python3.7/site-packages/airflow/example_dags/example_external_task_marker_dag.py took 0.375 seconds
[2024-05-09T16:33:03.841+0000] {processor.py:156} INFO - Started process (PID=1378) to work on /home/airflow/.local/lib/python3.7/site-packages/airflow/example_dags/example_external_task_marker_dag.py
[2024-05-09T16:33:03.841+0000] {processor.py:758} INFO - Processing file /home/airflow/.local/lib/python3.7/site-packages/airflow/example_dags/example_external_task_marker_dag.py for tasks to queue
[2024-05-09T16:33:03.842+0000] {logging_mixin.py:117} INFO - [2024-05-09T16:33:03.842+0000] {dagbag.py:525} INFO - Filling up the DagBag from /home/airflow/.local/lib/python3.7/site-packages/airflow/example_dags/example_external_task_marker_dag.py
[2024-05-09T16:33:03.859+0000] {processor.py:768} INFO - DAG(s) dict_keys(['example_external_task_marker_child', 'example_external_task_marker_parent']) retrieved from /home/airflow/.local/lib/python3.7/site-packages/airflow/example_dags/example_external_task_marker_dag.py
[2024-05-09T16:33:04.180+0000] {logging_mixin.py:117} INFO - [2024-05-09T16:33:04.180+0000] {dag.py:2573} INFO - Sync 2 DAGs
[2024-05-09T16:33:04.200+0000] {logging_mixin.py:117} INFO - [2024-05-09T16:33:04.200+0000] {dag.py:3328} INFO - Setting next_dagrun for example_external_task_marker_child to None, run_after=None
[2024-05-09T16:33:04.203+0000] {logging_mixin.py:117} INFO - [2024-05-09T16:33:04.203+0000] {dag.py:3328} INFO - Setting next_dagrun for example_external_task_marker_parent to None, run_after=None
[2024-05-09T16:33:04.222+0000] {processor.py:178} INFO - Processing /home/airflow/.local/lib/python3.7/site-packages/airflow/example_dags/example_external_task_marker_dag.py took 0.384 seconds
[2024-05-09T16:33:35.330+0000] {processor.py:156} INFO - Started process (PID=1591) to work on /home/airflow/.local/lib/python3.7/site-packages/airflow/example_dags/example_external_task_marker_dag.py
[2024-05-09T16:33:35.331+0000] {processor.py:758} INFO - Processing file /home/airflow/.local/lib/python3.7/site-packages/airflow/example_dags/example_external_task_marker_dag.py for tasks to queue
[2024-05-09T16:33:35.331+0000] {logging_mixin.py:117} INFO - [2024-05-09T16:33:35.331+0000] {dagbag.py:525} INFO - Filling up the DagBag from /home/airflow/.local/lib/python3.7/site-packages/airflow/example_dags/example_external_task_marker_dag.py
[2024-05-09T16:33:35.344+0000] {processor.py:768} INFO - DAG(s) dict_keys(['example_external_task_marker_child', 'example_external_task_marker_parent']) retrieved from /home/airflow/.local/lib/python3.7/site-packages/airflow/example_dags/example_external_task_marker_dag.py
[2024-05-09T16:33:35.656+0000] {logging_mixin.py:117} INFO - [2024-05-09T16:33:35.656+0000] {dag.py:2573} INFO - Sync 2 DAGs
[2024-05-09T16:33:35.675+0000] {logging_mixin.py:117} INFO - [2024-05-09T16:33:35.674+0000] {dag.py:3328} INFO - Setting next_dagrun for example_external_task_marker_child to None, run_after=None
[2024-05-09T16:33:35.677+0000] {logging_mixin.py:117} INFO - [2024-05-09T16:33:35.677+0000] {dag.py:3328} INFO - Setting next_dagrun for example_external_task_marker_parent to None, run_after=None
[2024-05-09T16:33:35.696+0000] {processor.py:178} INFO - Processing /home/airflow/.local/lib/python3.7/site-packages/airflow/example_dags/example_external_task_marker_dag.py took 0.370 seconds
[2024-05-09T16:34:06.315+0000] {processor.py:156} INFO - Started process (PID=1805) to work on /home/airflow/.local/lib/python3.7/site-packages/airflow/example_dags/example_external_task_marker_dag.py
[2024-05-09T16:34:06.316+0000] {processor.py:758} INFO - Processing file /home/airflow/.local/lib/python3.7/site-packages/airflow/example_dags/example_external_task_marker_dag.py for tasks to queue
[2024-05-09T16:34:06.317+0000] {logging_mixin.py:117} INFO - [2024-05-09T16:34:06.317+0000] {dagbag.py:525} INFO - Filling up the DagBag from /home/airflow/.local/lib/python3.7/site-packages/airflow/example_dags/example_external_task_marker_dag.py
[2024-05-09T16:34:06.334+0000] {processor.py:768} INFO - DAG(s) dict_keys(['example_external_task_marker_parent', 'example_external_task_marker_child']) retrieved from /home/airflow/.local/lib/python3.7/site-packages/airflow/example_dags/example_external_task_marker_dag.py
[2024-05-09T16:34:06.770+0000] {logging_mixin.py:117} INFO - [2024-05-09T16:34:06.770+0000] {dag.py:2573} INFO - Sync 2 DAGs
[2024-05-09T16:34:06.796+0000] {logging_mixin.py:117} INFO - [2024-05-09T16:34:06.796+0000] {dag.py:3328} INFO - Setting next_dagrun for example_external_task_marker_child to None, run_after=None
[2024-05-09T16:34:06.800+0000] {logging_mixin.py:117} INFO - [2024-05-09T16:34:06.800+0000] {dag.py:3328} INFO - Setting next_dagrun for example_external_task_marker_parent to None, run_after=None
[2024-05-09T16:34:06.822+0000] {processor.py:178} INFO - Processing /home/airflow/.local/lib/python3.7/site-packages/airflow/example_dags/example_external_task_marker_dag.py took 0.510 seconds
[2024-05-09T16:34:36.915+0000] {processor.py:156} INFO - Started process (PID=2013) to work on /home/airflow/.local/lib/python3.7/site-packages/airflow/example_dags/example_external_task_marker_dag.py
[2024-05-09T16:34:36.916+0000] {processor.py:758} INFO - Processing file /home/airflow/.local/lib/python3.7/site-packages/airflow/example_dags/example_external_task_marker_dag.py for tasks to queue
[2024-05-09T16:34:36.916+0000] {logging_mixin.py:117} INFO - [2024-05-09T16:34:36.916+0000] {dagbag.py:525} INFO - Filling up the DagBag from /home/airflow/.local/lib/python3.7/site-packages/airflow/example_dags/example_external_task_marker_dag.py
[2024-05-09T16:34:36.931+0000] {processor.py:768} INFO - DAG(s) dict_keys(['example_external_task_marker_child', 'example_external_task_marker_parent']) retrieved from /home/airflow/.local/lib/python3.7/site-packages/airflow/example_dags/example_external_task_marker_dag.py
[2024-05-09T16:34:37.247+0000] {logging_mixin.py:117} INFO - [2024-05-09T16:34:37.246+0000] {dag.py:2573} INFO - Sync 2 DAGs
[2024-05-09T16:34:37.275+0000] {logging_mixin.py:117} INFO - [2024-05-09T16:34:37.275+0000] {dag.py:3328} INFO - Setting next_dagrun for example_external_task_marker_child to None, run_after=None
[2024-05-09T16:34:37.278+0000] {logging_mixin.py:117} INFO - [2024-05-09T16:34:37.277+0000] {dag.py:3328} INFO - Setting next_dagrun for example_external_task_marker_parent to None, run_after=None
[2024-05-09T16:34:37.298+0000] {processor.py:178} INFO - Processing /home/airflow/.local/lib/python3.7/site-packages/airflow/example_dags/example_external_task_marker_dag.py took 0.386 seconds
[2024-05-09T16:35:07.336+0000] {processor.py:156} INFO - Started process (PID=2231) to work on /home/airflow/.local/lib/python3.7/site-packages/airflow/example_dags/example_external_task_marker_dag.py
[2024-05-09T16:35:07.337+0000] {processor.py:758} INFO - Processing file /home/airflow/.local/lib/python3.7/site-packages/airflow/example_dags/example_external_task_marker_dag.py for tasks to queue
[2024-05-09T16:35:07.337+0000] {logging_mixin.py:117} INFO - [2024-05-09T16:35:07.337+0000] {dagbag.py:525} INFO - Filling up the DagBag from /home/airflow/.local/lib/python3.7/site-packages/airflow/example_dags/example_external_task_marker_dag.py
[2024-05-09T16:35:07.352+0000] {processor.py:768} INFO - DAG(s) dict_keys(['example_external_task_marker_parent', 'example_external_task_marker_child']) retrieved from /home/airflow/.local/lib/python3.7/site-packages/airflow/example_dags/example_external_task_marker_dag.py
[2024-05-09T16:35:07.563+0000] {logging_mixin.py:117} INFO - [2024-05-09T16:35:07.562+0000] {dag.py:2573} INFO - Sync 2 DAGs
[2024-05-09T16:35:07.699+0000] {logging_mixin.py:117} INFO - [2024-05-09T16:35:07.699+0000] {dag.py:3328} INFO - Setting next_dagrun for example_external_task_marker_child to None, run_after=None
[2024-05-09T16:35:07.702+0000] {logging_mixin.py:117} INFO - [2024-05-09T16:35:07.702+0000] {dag.py:3328} INFO - Setting next_dagrun for example_external_task_marker_parent to None, run_after=None
[2024-05-09T16:35:07.721+0000] {processor.py:178} INFO - Processing /home/airflow/.local/lib/python3.7/site-packages/airflow/example_dags/example_external_task_marker_dag.py took 0.387 seconds
[2024-05-09T16:35:38.102+0000] {processor.py:156} INFO - Started process (PID=2447) to work on /home/airflow/.local/lib/python3.7/site-packages/airflow/example_dags/example_external_task_marker_dag.py
[2024-05-09T16:35:38.103+0000] {processor.py:758} INFO - Processing file /home/airflow/.local/lib/python3.7/site-packages/airflow/example_dags/example_external_task_marker_dag.py for tasks to queue
[2024-05-09T16:35:38.103+0000] {logging_mixin.py:117} INFO - [2024-05-09T16:35:38.103+0000] {dagbag.py:525} INFO - Filling up the DagBag from /home/airflow/.local/lib/python3.7/site-packages/airflow/example_dags/example_external_task_marker_dag.py
[2024-05-09T16:35:38.119+0000] {processor.py:768} INFO - DAG(s) dict_keys(['example_external_task_marker_parent', 'example_external_task_marker_child']) retrieved from /home/airflow/.local/lib/python3.7/site-packages/airflow/example_dags/example_external_task_marker_dag.py
[2024-05-09T16:35:38.457+0000] {logging_mixin.py:117} INFO - [2024-05-09T16:35:38.457+0000] {dag.py:2573} INFO - Sync 2 DAGs
[2024-05-09T16:35:38.475+0000] {logging_mixin.py:117} INFO - [2024-05-09T16:35:38.474+0000] {dag.py:3328} INFO - Setting next_dagrun for example_external_task_marker_child to None, run_after=None
[2024-05-09T16:35:38.478+0000] {logging_mixin.py:117} INFO - [2024-05-09T16:35:38.477+0000] {dag.py:3328} INFO - Setting next_dagrun for example_external_task_marker_parent to None, run_after=None
[2024-05-09T16:35:38.494+0000] {processor.py:178} INFO - Processing /home/airflow/.local/lib/python3.7/site-packages/airflow/example_dags/example_external_task_marker_dag.py took 0.395 seconds
[2024-05-09T16:36:08.569+0000] {processor.py:156} INFO - Started process (PID=2651) to work on /home/airflow/.local/lib/python3.7/site-packages/airflow/example_dags/example_external_task_marker_dag.py
[2024-05-09T16:36:08.570+0000] {processor.py:758} INFO - Processing file /home/airflow/.local/lib/python3.7/site-packages/airflow/example_dags/example_external_task_marker_dag.py for tasks to queue
[2024-05-09T16:36:08.570+0000] {logging_mixin.py:117} INFO - [2024-05-09T16:36:08.570+0000] {dagbag.py:525} INFO - Filling up the DagBag from /home/airflow/.local/lib/python3.7/site-packages/airflow/example_dags/example_external_task_marker_dag.py
[2024-05-09T16:36:08.586+0000] {processor.py:768} INFO - DAG(s) dict_keys(['example_external_task_marker_child', 'example_external_task_marker_parent']) retrieved from /home/airflow/.local/lib/python3.7/site-packages/airflow/example_dags/example_external_task_marker_dag.py
[2024-05-09T16:36:08.873+0000] {logging_mixin.py:117} INFO - [2024-05-09T16:36:08.872+0000] {dag.py:2573} INFO - Sync 2 DAGs
[2024-05-09T16:36:08.894+0000] {logging_mixin.py:117} INFO - [2024-05-09T16:36:08.894+0000] {dag.py:3328} INFO - Setting next_dagrun for example_external_task_marker_child to None, run_after=None
[2024-05-09T16:36:08.897+0000] {logging_mixin.py:117} INFO - [2024-05-09T16:36:08.897+0000] {dag.py:3328} INFO - Setting next_dagrun for example_external_task_marker_parent to None, run_after=None
[2024-05-09T16:36:08.918+0000] {processor.py:178} INFO - Processing /home/airflow/.local/lib/python3.7/site-packages/airflow/example_dags/example_external_task_marker_dag.py took 0.351 seconds
[2024-05-09T16:36:39.631+0000] {processor.py:156} INFO - Started process (PID=2866) to work on /home/airflow/.local/lib/python3.7/site-packages/airflow/example_dags/example_external_task_marker_dag.py
[2024-05-09T16:36:39.632+0000] {processor.py:758} INFO - Processing file /home/airflow/.local/lib/python3.7/site-packages/airflow/example_dags/example_external_task_marker_dag.py for tasks to queue
[2024-05-09T16:36:39.633+0000] {logging_mixin.py:117} INFO - [2024-05-09T16:36:39.632+0000] {dagbag.py:525} INFO - Filling up the DagBag from /home/airflow/.local/lib/python3.7/site-packages/airflow/example_dags/example_external_task_marker_dag.py
[2024-05-09T16:36:39.646+0000] {processor.py:768} INFO - DAG(s) dict_keys(['example_external_task_marker_parent', 'example_external_task_marker_child']) retrieved from /home/airflow/.local/lib/python3.7/site-packages/airflow/example_dags/example_external_task_marker_dag.py
[2024-05-09T16:36:39.983+0000] {logging_mixin.py:117} INFO - [2024-05-09T16:36:39.983+0000] {dag.py:2573} INFO - Sync 2 DAGs
[2024-05-09T16:36:40.004+0000] {logging_mixin.py:117} INFO - [2024-05-09T16:36:40.003+0000] {dag.py:3328} INFO - Setting next_dagrun for example_external_task_marker_child to None, run_after=None
[2024-05-09T16:36:40.006+0000] {logging_mixin.py:117} INFO - [2024-05-09T16:36:40.006+0000] {dag.py:3328} INFO - Setting next_dagrun for example_external_task_marker_parent to None, run_after=None
[2024-05-09T16:36:40.027+0000] {processor.py:178} INFO - Processing /home/airflow/.local/lib/python3.7/site-packages/airflow/example_dags/example_external_task_marker_dag.py took 0.397 seconds
[2024-05-09T16:37:10.614+0000] {processor.py:156} INFO - Started process (PID=3082) to work on /home/airflow/.local/lib/python3.7/site-packages/airflow/example_dags/example_external_task_marker_dag.py
[2024-05-09T16:37:10.614+0000] {processor.py:758} INFO - Processing file /home/airflow/.local/lib/python3.7/site-packages/airflow/example_dags/example_external_task_marker_dag.py for tasks to queue
[2024-05-09T16:37:10.615+0000] {logging_mixin.py:117} INFO - [2024-05-09T16:37:10.615+0000] {dagbag.py:525} INFO - Filling up the DagBag from /home/airflow/.local/lib/python3.7/site-packages/airflow/example_dags/example_external_task_marker_dag.py
[2024-05-09T16:37:10.632+0000] {processor.py:768} INFO - DAG(s) dict_keys(['example_external_task_marker_parent', 'example_external_task_marker_child']) retrieved from /home/airflow/.local/lib/python3.7/site-packages/airflow/example_dags/example_external_task_marker_dag.py
[2024-05-09T16:37:10.940+0000] {logging_mixin.py:117} INFO - [2024-05-09T16:37:10.940+0000] {dag.py:2573} INFO - Sync 2 DAGs
[2024-05-09T16:37:10.963+0000] {logging_mixin.py:117} INFO - [2024-05-09T16:37:10.963+0000] {dag.py:3328} INFO - Setting next_dagrun for example_external_task_marker_child to None, run_after=None
[2024-05-09T16:37:10.965+0000] {logging_mixin.py:117} INFO - [2024-05-09T16:37:10.965+0000] {dag.py:3328} INFO - Setting next_dagrun for example_external_task_marker_parent to None, run_after=None
[2024-05-09T16:37:10.981+0000] {processor.py:178} INFO - Processing /home/airflow/.local/lib/python3.7/site-packages/airflow/example_dags/example_external_task_marker_dag.py took 0.371 seconds
[2024-05-09T16:37:41.349+0000] {processor.py:156} INFO - Started process (PID=3296) to work on /home/airflow/.local/lib/python3.7/site-packages/airflow/example_dags/example_external_task_marker_dag.py
[2024-05-09T16:37:41.353+0000] {processor.py:758} INFO - Processing file /home/airflow/.local/lib/python3.7/site-packages/airflow/example_dags/example_external_task_marker_dag.py for tasks to queue
[2024-05-09T16:37:41.354+0000] {logging_mixin.py:117} INFO - [2024-05-09T16:37:41.354+0000] {dagbag.py:525} INFO - Filling up the DagBag from /home/airflow/.local/lib/python3.7/site-packages/airflow/example_dags/example_external_task_marker_dag.py
[2024-05-09T16:37:41.379+0000] {processor.py:768} INFO - DAG(s) dict_keys(['example_external_task_marker_parent', 'example_external_task_marker_child']) retrieved from /home/airflow/.local/lib/python3.7/site-packages/airflow/example_dags/example_external_task_marker_dag.py
[2024-05-09T16:37:41.716+0000] {logging_mixin.py:117} INFO - [2024-05-09T16:37:41.716+0000] {dag.py:2573} INFO - Sync 2 DAGs
[2024-05-09T16:37:41.736+0000] {logging_mixin.py:117} INFO - [2024-05-09T16:37:41.736+0000] {dag.py:3328} INFO - Setting next_dagrun for example_external_task_marker_child to None, run_after=None
[2024-05-09T16:37:41.738+0000] {logging_mixin.py:117} INFO - [2024-05-09T16:37:41.738+0000] {dag.py:3328} INFO - Setting next_dagrun for example_external_task_marker_parent to None, run_after=None
[2024-05-09T16:37:41.755+0000] {processor.py:178} INFO - Processing /home/airflow/.local/lib/python3.7/site-packages/airflow/example_dags/example_external_task_marker_dag.py took 0.414 seconds
[2024-05-09T16:38:11.916+0000] {processor.py:156} INFO - Started process (PID=3501) to work on /home/airflow/.local/lib/python3.7/site-packages/airflow/example_dags/example_external_task_marker_dag.py
[2024-05-09T16:38:11.916+0000] {processor.py:758} INFO - Processing file /home/airflow/.local/lib/python3.7/site-packages/airflow/example_dags/example_external_task_marker_dag.py for tasks to queue
[2024-05-09T16:38:11.917+0000] {logging_mixin.py:117} INFO - [2024-05-09T16:38:11.917+0000] {dagbag.py:525} INFO - Filling up the DagBag from /home/airflow/.local/lib/python3.7/site-packages/airflow/example_dags/example_external_task_marker_dag.py
[2024-05-09T16:38:11.933+0000] {processor.py:768} INFO - DAG(s) dict_keys(['example_external_task_marker_parent', 'example_external_task_marker_child']) retrieved from /home/airflow/.local/lib/python3.7/site-packages/airflow/example_dags/example_external_task_marker_dag.py
[2024-05-09T16:38:12.216+0000] {logging_mixin.py:117} INFO - [2024-05-09T16:38:12.216+0000] {dag.py:2573} INFO - Sync 2 DAGs
[2024-05-09T16:38:12.234+0000] {logging_mixin.py:117} INFO - [2024-05-09T16:38:12.233+0000] {dag.py:3328} INFO - Setting next_dagrun for example_external_task_marker_child to None, run_after=None
[2024-05-09T16:38:12.236+0000] {logging_mixin.py:117} INFO - [2024-05-09T16:38:12.236+0000] {dag.py:3328} INFO - Setting next_dagrun for example_external_task_marker_parent to None, run_after=None
[2024-05-09T16:38:12.255+0000] {processor.py:178} INFO - Processing /home/airflow/.local/lib/python3.7/site-packages/airflow/example_dags/example_external_task_marker_dag.py took 0.342 seconds
[2024-05-09T16:38:43.071+0000] {processor.py:156} INFO - Started process (PID=3725) to work on /home/airflow/.local/lib/python3.7/site-packages/airflow/example_dags/example_external_task_marker_dag.py
[2024-05-09T16:38:43.071+0000] {processor.py:758} INFO - Processing file /home/airflow/.local/lib/python3.7/site-packages/airflow/example_dags/example_external_task_marker_dag.py for tasks to queue
[2024-05-09T16:38:43.072+0000] {logging_mixin.py:117} INFO - [2024-05-09T16:38:43.072+0000] {dagbag.py:525} INFO - Filling up the DagBag from /home/airflow/.local/lib/python3.7/site-packages/airflow/example_dags/example_external_task_marker_dag.py
[2024-05-09T16:38:43.085+0000] {processor.py:768} INFO - DAG(s) dict_keys(['example_external_task_marker_parent', 'example_external_task_marker_child']) retrieved from /home/airflow/.local/lib/python3.7/site-packages/airflow/example_dags/example_external_task_marker_dag.py
[2024-05-09T16:38:43.350+0000] {logging_mixin.py:117} INFO - [2024-05-09T16:38:43.350+0000] {dag.py:2573} INFO - Sync 2 DAGs
[2024-05-09T16:38:43.368+0000] {logging_mixin.py:117} INFO - [2024-05-09T16:38:43.368+0000] {dag.py:3328} INFO - Setting next_dagrun for example_external_task_marker_child to None, run_after=None
[2024-05-09T16:38:43.371+0000] {logging_mixin.py:117} INFO - [2024-05-09T16:38:43.371+0000] {dag.py:3328} INFO - Setting next_dagrun for example_external_task_marker_parent to None, run_after=None
[2024-05-09T16:38:43.388+0000] {processor.py:178} INFO - Processing /home/airflow/.local/lib/python3.7/site-packages/airflow/example_dags/example_external_task_marker_dag.py took 0.319 seconds
[2024-05-09T16:39:13.688+0000] {processor.py:156} INFO - Started process (PID=3911) to work on /home/airflow/.local/lib/python3.7/site-packages/airflow/example_dags/example_external_task_marker_dag.py
[2024-05-09T16:39:13.689+0000] {processor.py:758} INFO - Processing file /home/airflow/.local/lib/python3.7/site-packages/airflow/example_dags/example_external_task_marker_dag.py for tasks to queue
[2024-05-09T16:39:13.690+0000] {logging_mixin.py:117} INFO - [2024-05-09T16:39:13.690+0000] {dagbag.py:525} INFO - Filling up the DagBag from /home/airflow/.local/lib/python3.7/site-packages/airflow/example_dags/example_external_task_marker_dag.py
[2024-05-09T16:39:13.809+0000] {processor.py:768} INFO - DAG(s) dict_keys(['example_external_task_marker_child', 'example_external_task_marker_parent']) retrieved from /home/airflow/.local/lib/python3.7/site-packages/airflow/example_dags/example_external_task_marker_dag.py
[2024-05-09T16:39:13.968+0000] {logging_mixin.py:117} INFO - [2024-05-09T16:39:13.968+0000] {dag.py:2573} INFO - Sync 2 DAGs
[2024-05-09T16:39:13.995+0000] {logging_mixin.py:117} INFO - [2024-05-09T16:39:13.995+0000] {dag.py:3328} INFO - Setting next_dagrun for example_external_task_marker_child to None, run_after=None
[2024-05-09T16:39:13.999+0000] {logging_mixin.py:117} INFO - [2024-05-09T16:39:13.998+0000] {dag.py:3328} INFO - Setting next_dagrun for example_external_task_marker_parent to None, run_after=None
[2024-05-09T16:39:14.019+0000] {processor.py:178} INFO - Processing /home/airflow/.local/lib/python3.7/site-packages/airflow/example_dags/example_external_task_marker_dag.py took 0.334 seconds
[2024-05-09T16:39:44.167+0000] {processor.py:156} INFO - Started process (PID=4115) to work on /home/airflow/.local/lib/python3.7/site-packages/airflow/example_dags/example_external_task_marker_dag.py
[2024-05-09T16:39:44.168+0000] {processor.py:758} INFO - Processing file /home/airflow/.local/lib/python3.7/site-packages/airflow/example_dags/example_external_task_marker_dag.py for tasks to queue
[2024-05-09T16:39:44.169+0000] {logging_mixin.py:117} INFO - [2024-05-09T16:39:44.168+0000] {dagbag.py:525} INFO - Filling up the DagBag from /home/airflow/.local/lib/python3.7/site-packages/airflow/example_dags/example_external_task_marker_dag.py
[2024-05-09T16:39:44.187+0000] {processor.py:768} INFO - DAG(s) dict_keys(['example_external_task_marker_child', 'example_external_task_marker_parent']) retrieved from /home/airflow/.local/lib/python3.7/site-packages/airflow/example_dags/example_external_task_marker_dag.py
[2024-05-09T16:39:44.406+0000] {logging_mixin.py:117} INFO - [2024-05-09T16:39:44.406+0000] {dag.py:2573} INFO - Sync 2 DAGs
[2024-05-09T16:39:44.428+0000] {logging_mixin.py:117} INFO - [2024-05-09T16:39:44.428+0000] {dag.py:3328} INFO - Setting next_dagrun for example_external_task_marker_child to None, run_after=None
[2024-05-09T16:39:44.432+0000] {logging_mixin.py:117} INFO - [2024-05-09T16:39:44.432+0000] {dag.py:3328} INFO - Setting next_dagrun for example_external_task_marker_parent to None, run_after=None
[2024-05-09T16:39:44.458+0000] {processor.py:178} INFO - Processing /home/airflow/.local/lib/python3.7/site-packages/airflow/example_dags/example_external_task_marker_dag.py took 0.294 seconds
[2024-05-09T16:40:15.062+0000] {processor.py:156} INFO - Started process (PID=4330) to work on /home/airflow/.local/lib/python3.7/site-packages/airflow/example_dags/example_external_task_marker_dag.py
[2024-05-09T16:40:15.062+0000] {processor.py:758} INFO - Processing file /home/airflow/.local/lib/python3.7/site-packages/airflow/example_dags/example_external_task_marker_dag.py for tasks to queue
[2024-05-09T16:40:15.063+0000] {logging_mixin.py:117} INFO - [2024-05-09T16:40:15.063+0000] {dagbag.py:525} INFO - Filling up the DagBag from /home/airflow/.local/lib/python3.7/site-packages/airflow/example_dags/example_external_task_marker_dag.py
[2024-05-09T16:40:15.075+0000] {processor.py:768} INFO - DAG(s) dict_keys(['example_external_task_marker_parent', 'example_external_task_marker_child']) retrieved from /home/airflow/.local/lib/python3.7/site-packages/airflow/example_dags/example_external_task_marker_dag.py
[2024-05-09T16:40:15.241+0000] {logging_mixin.py:117} INFO - [2024-05-09T16:40:15.241+0000] {dag.py:2573} INFO - Sync 2 DAGs
[2024-05-09T16:40:15.270+0000] {logging_mixin.py:117} INFO - [2024-05-09T16:40:15.270+0000] {dag.py:3328} INFO - Setting next_dagrun for example_external_task_marker_child to None, run_after=None
[2024-05-09T16:40:15.274+0000] {logging_mixin.py:117} INFO - [2024-05-09T16:40:15.274+0000] {dag.py:3328} INFO - Setting next_dagrun for example_external_task_marker_parent to None, run_after=None
[2024-05-09T16:40:15.295+0000] {processor.py:178} INFO - Processing /home/airflow/.local/lib/python3.7/site-packages/airflow/example_dags/example_external_task_marker_dag.py took 0.235 seconds
[2024-05-09T16:40:46.067+0000] {processor.py:156} INFO - Started process (PID=4543) to work on /home/airflow/.local/lib/python3.7/site-packages/airflow/example_dags/example_external_task_marker_dag.py
[2024-05-09T16:40:46.068+0000] {processor.py:758} INFO - Processing file /home/airflow/.local/lib/python3.7/site-packages/airflow/example_dags/example_external_task_marker_dag.py for tasks to queue
[2024-05-09T16:40:46.068+0000] {logging_mixin.py:117} INFO - [2024-05-09T16:40:46.068+0000] {dagbag.py:525} INFO - Filling up the DagBag from /home/airflow/.local/lib/python3.7/site-packages/airflow/example_dags/example_external_task_marker_dag.py
[2024-05-09T16:40:46.086+0000] {processor.py:768} INFO - DAG(s) dict_keys(['example_external_task_marker_child', 'example_external_task_marker_parent']) retrieved from /home/airflow/.local/lib/python3.7/site-packages/airflow/example_dags/example_external_task_marker_dag.py
[2024-05-09T16:40:46.295+0000] {logging_mixin.py:117} INFO - [2024-05-09T16:40:46.295+0000] {dag.py:2573} INFO - Sync 2 DAGs
[2024-05-09T16:40:46.316+0000] {logging_mixin.py:117} INFO - [2024-05-09T16:40:46.316+0000] {dag.py:3328} INFO - Setting next_dagrun for example_external_task_marker_child to None, run_after=None
[2024-05-09T16:40:46.320+0000] {logging_mixin.py:117} INFO - [2024-05-09T16:40:46.320+0000] {dag.py:3328} INFO - Setting next_dagrun for example_external_task_marker_parent to None, run_after=None
[2024-05-09T16:40:46.339+0000] {processor.py:178} INFO - Processing /home/airflow/.local/lib/python3.7/site-packages/airflow/example_dags/example_external_task_marker_dag.py took 0.274 seconds
[2024-05-09T16:41:17.063+0000] {processor.py:156} INFO - Started process (PID=4756) to work on /home/airflow/.local/lib/python3.7/site-packages/airflow/example_dags/example_external_task_marker_dag.py
[2024-05-09T16:41:17.063+0000] {processor.py:758} INFO - Processing file /home/airflow/.local/lib/python3.7/site-packages/airflow/example_dags/example_external_task_marker_dag.py for tasks to queue
[2024-05-09T16:41:17.064+0000] {logging_mixin.py:117} INFO - [2024-05-09T16:41:17.064+0000] {dagbag.py:525} INFO - Filling up the DagBag from /home/airflow/.local/lib/python3.7/site-packages/airflow/example_dags/example_external_task_marker_dag.py
[2024-05-09T16:41:17.076+0000] {processor.py:768} INFO - DAG(s) dict_keys(['example_external_task_marker_parent', 'example_external_task_marker_child']) retrieved from /home/airflow/.local/lib/python3.7/site-packages/airflow/example_dags/example_external_task_marker_dag.py
[2024-05-09T16:41:17.248+0000] {logging_mixin.py:117} INFO - [2024-05-09T16:41:17.248+0000] {dag.py:2573} INFO - Sync 2 DAGs
[2024-05-09T16:41:17.268+0000] {logging_mixin.py:117} INFO - [2024-05-09T16:41:17.268+0000] {dag.py:3328} INFO - Setting next_dagrun for example_external_task_marker_child to None, run_after=None
[2024-05-09T16:41:17.271+0000] {logging_mixin.py:117} INFO - [2024-05-09T16:41:17.270+0000] {dag.py:3328} INFO - Setting next_dagrun for example_external_task_marker_parent to None, run_after=None
[2024-05-09T16:41:17.293+0000] {processor.py:178} INFO - Processing /home/airflow/.local/lib/python3.7/site-packages/airflow/example_dags/example_external_task_marker_dag.py took 0.232 seconds
[2024-05-09T16:41:47.971+0000] {processor.py:156} INFO - Started process (PID=4967) to work on /home/airflow/.local/lib/python3.7/site-packages/airflow/example_dags/example_external_task_marker_dag.py
[2024-05-09T16:41:47.972+0000] {processor.py:758} INFO - Processing file /home/airflow/.local/lib/python3.7/site-packages/airflow/example_dags/example_external_task_marker_dag.py for tasks to queue
[2024-05-09T16:41:47.973+0000] {logging_mixin.py:117} INFO - [2024-05-09T16:41:47.973+0000] {dagbag.py:525} INFO - Filling up the DagBag from /home/airflow/.local/lib/python3.7/site-packages/airflow/example_dags/example_external_task_marker_dag.py
[2024-05-09T16:41:47.992+0000] {processor.py:768} INFO - DAG(s) dict_keys(['example_external_task_marker_parent', 'example_external_task_marker_child']) retrieved from /home/airflow/.local/lib/python3.7/site-packages/airflow/example_dags/example_external_task_marker_dag.py
[2024-05-09T16:41:48.262+0000] {logging_mixin.py:117} INFO - [2024-05-09T16:41:48.262+0000] {dag.py:2573} INFO - Sync 2 DAGs
[2024-05-09T16:41:48.295+0000] {logging_mixin.py:117} INFO - [2024-05-09T16:41:48.294+0000] {dag.py:3328} INFO - Setting next_dagrun for example_external_task_marker_child to None, run_after=None
[2024-05-09T16:41:48.299+0000] {logging_mixin.py:117} INFO - [2024-05-09T16:41:48.298+0000] {dag.py:3328} INFO - Setting next_dagrun for example_external_task_marker_parent to None, run_after=None
[2024-05-09T16:41:48.322+0000] {processor.py:178} INFO - Processing /home/airflow/.local/lib/python3.7/site-packages/airflow/example_dags/example_external_task_marker_dag.py took 0.354 seconds
[2024-05-09T16:42:18.994+0000] {processor.py:156} INFO - Started process (PID=5173) to work on /home/airflow/.local/lib/python3.7/site-packages/airflow/example_dags/example_external_task_marker_dag.py
[2024-05-09T16:42:18.995+0000] {processor.py:758} INFO - Processing file /home/airflow/.local/lib/python3.7/site-packages/airflow/example_dags/example_external_task_marker_dag.py for tasks to queue
[2024-05-09T16:42:18.995+0000] {logging_mixin.py:117} INFO - [2024-05-09T16:42:18.995+0000] {dagbag.py:525} INFO - Filling up the DagBag from /home/airflow/.local/lib/python3.7/site-packages/airflow/example_dags/example_external_task_marker_dag.py
[2024-05-09T16:42:19.013+0000] {processor.py:768} INFO - DAG(s) dict_keys(['example_external_task_marker_parent', 'example_external_task_marker_child']) retrieved from /home/airflow/.local/lib/python3.7/site-packages/airflow/example_dags/example_external_task_marker_dag.py
[2024-05-09T16:42:19.221+0000] {logging_mixin.py:117} INFO - [2024-05-09T16:42:19.221+0000] {dag.py:2573} INFO - Sync 2 DAGs
[2024-05-09T16:42:19.271+0000] {logging_mixin.py:117} INFO - [2024-05-09T16:42:19.271+0000] {dag.py:3328} INFO - Setting next_dagrun for example_external_task_marker_child to None, run_after=None
[2024-05-09T16:42:19.276+0000] {logging_mixin.py:117} INFO - [2024-05-09T16:42:19.276+0000] {dag.py:3328} INFO - Setting next_dagrun for example_external_task_marker_parent to None, run_after=None
[2024-05-09T16:42:19.298+0000] {processor.py:178} INFO - Processing /home/airflow/.local/lib/python3.7/site-packages/airflow/example_dags/example_external_task_marker_dag.py took 0.307 seconds
[2024-05-09T16:42:49.947+0000] {processor.py:156} INFO - Started process (PID=5387) to work on /home/airflow/.local/lib/python3.7/site-packages/airflow/example_dags/example_external_task_marker_dag.py
[2024-05-09T16:42:49.948+0000] {processor.py:758} INFO - Processing file /home/airflow/.local/lib/python3.7/site-packages/airflow/example_dags/example_external_task_marker_dag.py for tasks to queue
[2024-05-09T16:42:49.949+0000] {logging_mixin.py:117} INFO - [2024-05-09T16:42:49.949+0000] {dagbag.py:525} INFO - Filling up the DagBag from /home/airflow/.local/lib/python3.7/site-packages/airflow/example_dags/example_external_task_marker_dag.py
[2024-05-09T16:42:49.966+0000] {processor.py:768} INFO - DAG(s) dict_keys(['example_external_task_marker_child', 'example_external_task_marker_parent']) retrieved from /home/airflow/.local/lib/python3.7/site-packages/airflow/example_dags/example_external_task_marker_dag.py
[2024-05-09T16:42:50.147+0000] {logging_mixin.py:117} INFO - [2024-05-09T16:42:50.147+0000] {dag.py:2573} INFO - Sync 2 DAGs
[2024-05-09T16:42:50.180+0000] {logging_mixin.py:117} INFO - [2024-05-09T16:42:50.180+0000] {dag.py:3328} INFO - Setting next_dagrun for example_external_task_marker_child to None, run_after=None
[2024-05-09T16:42:50.183+0000] {logging_mixin.py:117} INFO - [2024-05-09T16:42:50.183+0000] {dag.py:3328} INFO - Setting next_dagrun for example_external_task_marker_parent to None, run_after=None
[2024-05-09T16:42:50.204+0000] {processor.py:178} INFO - Processing /home/airflow/.local/lib/python3.7/site-packages/airflow/example_dags/example_external_task_marker_dag.py took 0.259 seconds
[2024-05-09T16:43:20.278+0000] {processor.py:156} INFO - Started process (PID=5600) to work on /home/airflow/.local/lib/python3.7/site-packages/airflow/example_dags/example_external_task_marker_dag.py
[2024-05-09T16:43:20.279+0000] {processor.py:758} INFO - Processing file /home/airflow/.local/lib/python3.7/site-packages/airflow/example_dags/example_external_task_marker_dag.py for tasks to queue
[2024-05-09T16:43:20.280+0000] {logging_mixin.py:117} INFO - [2024-05-09T16:43:20.280+0000] {dagbag.py:525} INFO - Filling up the DagBag from /home/airflow/.local/lib/python3.7/site-packages/airflow/example_dags/example_external_task_marker_dag.py
[2024-05-09T16:43:20.297+0000] {processor.py:768} INFO - DAG(s) dict_keys(['example_external_task_marker_child', 'example_external_task_marker_parent']) retrieved from /home/airflow/.local/lib/python3.7/site-packages/airflow/example_dags/example_external_task_marker_dag.py
[2024-05-09T16:43:20.474+0000] {logging_mixin.py:117} INFO - [2024-05-09T16:43:20.474+0000] {dag.py:2573} INFO - Sync 2 DAGs
[2024-05-09T16:43:20.498+0000] {logging_mixin.py:117} INFO - [2024-05-09T16:43:20.498+0000] {dag.py:3328} INFO - Setting next_dagrun for example_external_task_marker_child to None, run_after=None
[2024-05-09T16:43:20.501+0000] {logging_mixin.py:117} INFO - [2024-05-09T16:43:20.501+0000] {dag.py:3328} INFO - Setting next_dagrun for example_external_task_marker_parent to None, run_after=None
[2024-05-09T16:43:20.520+0000] {processor.py:178} INFO - Processing /home/airflow/.local/lib/python3.7/site-packages/airflow/example_dags/example_external_task_marker_dag.py took 0.244 seconds
[2024-05-09T16:43:51.223+0000] {processor.py:156} INFO - Started process (PID=5804) to work on /home/airflow/.local/lib/python3.7/site-packages/airflow/example_dags/example_external_task_marker_dag.py
[2024-05-09T16:43:51.224+0000] {processor.py:758} INFO - Processing file /home/airflow/.local/lib/python3.7/site-packages/airflow/example_dags/example_external_task_marker_dag.py for tasks to queue
[2024-05-09T16:43:51.225+0000] {logging_mixin.py:117} INFO - [2024-05-09T16:43:51.225+0000] {dagbag.py:525} INFO - Filling up the DagBag from /home/airflow/.local/lib/python3.7/site-packages/airflow/example_dags/example_external_task_marker_dag.py
[2024-05-09T16:43:51.243+0000] {processor.py:768} INFO - DAG(s) dict_keys(['example_external_task_marker_child', 'example_external_task_marker_parent']) retrieved from /home/airflow/.local/lib/python3.7/site-packages/airflow/example_dags/example_external_task_marker_dag.py
[2024-05-09T16:43:51.502+0000] {logging_mixin.py:117} INFO - [2024-05-09T16:43:51.502+0000] {dag.py:2573} INFO - Sync 2 DAGs
[2024-05-09T16:43:51.538+0000] {logging_mixin.py:117} INFO - [2024-05-09T16:43:51.538+0000] {dag.py:3328} INFO - Setting next_dagrun for example_external_task_marker_child to None, run_after=None
[2024-05-09T16:43:51.543+0000] {logging_mixin.py:117} INFO - [2024-05-09T16:43:51.542+0000] {dag.py:3328} INFO - Setting next_dagrun for example_external_task_marker_parent to None, run_after=None
[2024-05-09T16:43:51.566+0000] {processor.py:178} INFO - Processing /home/airflow/.local/lib/python3.7/site-packages/airflow/example_dags/example_external_task_marker_dag.py took 0.345 seconds
[2024-05-09T16:44:21.714+0000] {processor.py:156} INFO - Started process (PID=6018) to work on /home/airflow/.local/lib/python3.7/site-packages/airflow/example_dags/example_external_task_marker_dag.py
[2024-05-09T16:44:21.714+0000] {processor.py:758} INFO - Processing file /home/airflow/.local/lib/python3.7/site-packages/airflow/example_dags/example_external_task_marker_dag.py for tasks to queue
[2024-05-09T16:44:21.715+0000] {logging_mixin.py:117} INFO - [2024-05-09T16:44:21.715+0000] {dagbag.py:525} INFO - Filling up the DagBag from /home/airflow/.local/lib/python3.7/site-packages/airflow/example_dags/example_external_task_marker_dag.py
[2024-05-09T16:44:21.733+0000] {processor.py:768} INFO - DAG(s) dict_keys(['example_external_task_marker_parent', 'example_external_task_marker_child']) retrieved from /home/airflow/.local/lib/python3.7/site-packages/airflow/example_dags/example_external_task_marker_dag.py
[2024-05-09T16:44:21.922+0000] {logging_mixin.py:117} INFO - [2024-05-09T16:44:21.922+0000] {dag.py:2573} INFO - Sync 2 DAGs
[2024-05-09T16:44:21.945+0000] {logging_mixin.py:117} INFO - [2024-05-09T16:44:21.945+0000] {dag.py:3328} INFO - Setting next_dagrun for example_external_task_marker_child to None, run_after=None
[2024-05-09T16:44:21.948+0000] {logging_mixin.py:117} INFO - [2024-05-09T16:44:21.948+0000] {dag.py:3328} INFO - Setting next_dagrun for example_external_task_marker_parent to None, run_after=None
[2024-05-09T16:44:21.965+0000] {processor.py:178} INFO - Processing /home/airflow/.local/lib/python3.7/site-packages/airflow/example_dags/example_external_task_marker_dag.py took 0.255 seconds
[2024-05-09T16:44:52.151+0000] {processor.py:156} INFO - Started process (PID=6234) to work on /home/airflow/.local/lib/python3.7/site-packages/airflow/example_dags/example_external_task_marker_dag.py
[2024-05-09T16:44:52.151+0000] {processor.py:758} INFO - Processing file /home/airflow/.local/lib/python3.7/site-packages/airflow/example_dags/example_external_task_marker_dag.py for tasks to queue
[2024-05-09T16:44:52.152+0000] {logging_mixin.py:117} INFO - [2024-05-09T16:44:52.152+0000] {dagbag.py:525} INFO - Filling up the DagBag from /home/airflow/.local/lib/python3.7/site-packages/airflow/example_dags/example_external_task_marker_dag.py
[2024-05-09T16:44:52.165+0000] {processor.py:768} INFO - DAG(s) dict_keys(['example_external_task_marker_child', 'example_external_task_marker_parent']) retrieved from /home/airflow/.local/lib/python3.7/site-packages/airflow/example_dags/example_external_task_marker_dag.py
[2024-05-09T16:44:52.356+0000] {logging_mixin.py:117} INFO - [2024-05-09T16:44:52.356+0000] {dag.py:2573} INFO - Sync 2 DAGs
[2024-05-09T16:44:52.388+0000] {logging_mixin.py:117} INFO - [2024-05-09T16:44:52.388+0000] {dag.py:3328} INFO - Setting next_dagrun for example_external_task_marker_child to None, run_after=None
[2024-05-09T16:44:52.392+0000] {logging_mixin.py:117} INFO - [2024-05-09T16:44:52.392+0000] {dag.py:3328} INFO - Setting next_dagrun for example_external_task_marker_parent to None, run_after=None
[2024-05-09T16:44:52.422+0000] {processor.py:178} INFO - Processing /home/airflow/.local/lib/python3.7/site-packages/airflow/example_dags/example_external_task_marker_dag.py took 0.274 seconds
[2024-05-09T16:45:23.056+0000] {processor.py:156} INFO - Started process (PID=6445) to work on /home/airflow/.local/lib/python3.7/site-packages/airflow/example_dags/example_external_task_marker_dag.py
[2024-05-09T16:45:23.057+0000] {processor.py:758} INFO - Processing file /home/airflow/.local/lib/python3.7/site-packages/airflow/example_dags/example_external_task_marker_dag.py for tasks to queue
[2024-05-09T16:45:23.057+0000] {logging_mixin.py:117} INFO - [2024-05-09T16:45:23.057+0000] {dagbag.py:525} INFO - Filling up the DagBag from /home/airflow/.local/lib/python3.7/site-packages/airflow/example_dags/example_external_task_marker_dag.py
[2024-05-09T16:45:23.070+0000] {processor.py:768} INFO - DAG(s) dict_keys(['example_external_task_marker_parent', 'example_external_task_marker_child']) retrieved from /home/airflow/.local/lib/python3.7/site-packages/airflow/example_dags/example_external_task_marker_dag.py
[2024-05-09T16:45:23.235+0000] {logging_mixin.py:117} INFO - [2024-05-09T16:45:23.235+0000] {dag.py:2573} INFO - Sync 2 DAGs
[2024-05-09T16:45:23.255+0000] {logging_mixin.py:117} INFO - [2024-05-09T16:45:23.255+0000] {dag.py:3328} INFO - Setting next_dagrun for example_external_task_marker_child to None, run_after=None
[2024-05-09T16:45:23.259+0000] {logging_mixin.py:117} INFO - [2024-05-09T16:45:23.259+0000] {dag.py:3328} INFO - Setting next_dagrun for example_external_task_marker_parent to None, run_after=None
[2024-05-09T16:45:23.280+0000] {processor.py:178} INFO - Processing /home/airflow/.local/lib/python3.7/site-packages/airflow/example_dags/example_external_task_marker_dag.py took 0.226 seconds
[2024-05-09T16:45:53.416+0000] {processor.py:156} INFO - Started process (PID=6647) to work on /home/airflow/.local/lib/python3.7/site-packages/airflow/example_dags/example_external_task_marker_dag.py
[2024-05-09T16:45:53.423+0000] {processor.py:758} INFO - Processing file /home/airflow/.local/lib/python3.7/site-packages/airflow/example_dags/example_external_task_marker_dag.py for tasks to queue
[2024-05-09T16:45:53.424+0000] {logging_mixin.py:117} INFO - [2024-05-09T16:45:53.424+0000] {dagbag.py:525} INFO - Filling up the DagBag from /home/airflow/.local/lib/python3.7/site-packages/airflow/example_dags/example_external_task_marker_dag.py
[2024-05-09T16:45:53.443+0000] {processor.py:768} INFO - DAG(s) dict_keys(['example_external_task_marker_parent', 'example_external_task_marker_child']) retrieved from /home/airflow/.local/lib/python3.7/site-packages/airflow/example_dags/example_external_task_marker_dag.py
[2024-05-09T16:45:53.706+0000] {logging_mixin.py:117} INFO - [2024-05-09T16:45:53.706+0000] {dag.py:2573} INFO - Sync 2 DAGs
[2024-05-09T16:45:53.741+0000] {logging_mixin.py:117} INFO - [2024-05-09T16:45:53.740+0000] {dag.py:3328} INFO - Setting next_dagrun for example_external_task_marker_child to None, run_after=None
[2024-05-09T16:45:53.745+0000] {logging_mixin.py:117} INFO - [2024-05-09T16:45:53.745+0000] {dag.py:3328} INFO - Setting next_dagrun for example_external_task_marker_parent to None, run_after=None
[2024-05-09T16:45:53.768+0000] {processor.py:178} INFO - Processing /home/airflow/.local/lib/python3.7/site-packages/airflow/example_dags/example_external_task_marker_dag.py took 0.355 seconds
[2024-05-09T16:46:24.669+0000] {processor.py:156} INFO - Started process (PID=6864) to work on /home/airflow/.local/lib/python3.7/site-packages/airflow/example_dags/example_external_task_marker_dag.py
[2024-05-09T16:46:24.670+0000] {processor.py:758} INFO - Processing file /home/airflow/.local/lib/python3.7/site-packages/airflow/example_dags/example_external_task_marker_dag.py for tasks to queue
[2024-05-09T16:46:24.670+0000] {logging_mixin.py:117} INFO - [2024-05-09T16:46:24.670+0000] {dagbag.py:525} INFO - Filling up the DagBag from /home/airflow/.local/lib/python3.7/site-packages/airflow/example_dags/example_external_task_marker_dag.py
[2024-05-09T16:46:24.687+0000] {processor.py:768} INFO - DAG(s) dict_keys(['example_external_task_marker_child', 'example_external_task_marker_parent']) retrieved from /home/airflow/.local/lib/python3.7/site-packages/airflow/example_dags/example_external_task_marker_dag.py
[2024-05-09T16:46:24.873+0000] {logging_mixin.py:117} INFO - [2024-05-09T16:46:24.873+0000] {dag.py:2573} INFO - Sync 2 DAGs
[2024-05-09T16:46:24.895+0000] {logging_mixin.py:117} INFO - [2024-05-09T16:46:24.895+0000] {dag.py:3328} INFO - Setting next_dagrun for example_external_task_marker_child to None, run_after=None
[2024-05-09T16:46:24.900+0000] {logging_mixin.py:117} INFO - [2024-05-09T16:46:24.899+0000] {dag.py:3328} INFO - Setting next_dagrun for example_external_task_marker_parent to None, run_after=None
[2024-05-09T16:46:24.946+0000] {processor.py:178} INFO - Processing /home/airflow/.local/lib/python3.7/site-packages/airflow/example_dags/example_external_task_marker_dag.py took 0.280 seconds
[2024-05-09T16:46:55.069+0000] {processor.py:156} INFO - Started process (PID=7077) to work on /home/airflow/.local/lib/python3.7/site-packages/airflow/example_dags/example_external_task_marker_dag.py
[2024-05-09T16:46:55.070+0000] {processor.py:758} INFO - Processing file /home/airflow/.local/lib/python3.7/site-packages/airflow/example_dags/example_external_task_marker_dag.py for tasks to queue
[2024-05-09T16:46:55.070+0000] {logging_mixin.py:117} INFO - [2024-05-09T16:46:55.070+0000] {dagbag.py:525} INFO - Filling up the DagBag from /home/airflow/.local/lib/python3.7/site-packages/airflow/example_dags/example_external_task_marker_dag.py
[2024-05-09T16:46:55.083+0000] {processor.py:768} INFO - DAG(s) dict_keys(['example_external_task_marker_parent', 'example_external_task_marker_child']) retrieved from /home/airflow/.local/lib/python3.7/site-packages/airflow/example_dags/example_external_task_marker_dag.py
[2024-05-09T16:46:55.248+0000] {logging_mixin.py:117} INFO - [2024-05-09T16:46:55.248+0000] {dag.py:2573} INFO - Sync 2 DAGs
[2024-05-09T16:46:55.269+0000] {logging_mixin.py:117} INFO - [2024-05-09T16:46:55.269+0000] {dag.py:3328} INFO - Setting next_dagrun for example_external_task_marker_child to None, run_after=None
[2024-05-09T16:46:55.273+0000] {logging_mixin.py:117} INFO - [2024-05-09T16:46:55.273+0000] {dag.py:3328} INFO - Setting next_dagrun for example_external_task_marker_parent to None, run_after=None
[2024-05-09T16:46:55.291+0000] {processor.py:178} INFO - Processing /home/airflow/.local/lib/python3.7/site-packages/airflow/example_dags/example_external_task_marker_dag.py took 0.225 seconds
[2024-05-09T16:47:26.128+0000] {processor.py:156} INFO - Started process (PID=7289) to work on /home/airflow/.local/lib/python3.7/site-packages/airflow/example_dags/example_external_task_marker_dag.py
[2024-05-09T16:47:26.129+0000] {processor.py:758} INFO - Processing file /home/airflow/.local/lib/python3.7/site-packages/airflow/example_dags/example_external_task_marker_dag.py for tasks to queue
[2024-05-09T16:47:26.130+0000] {logging_mixin.py:117} INFO - [2024-05-09T16:47:26.130+0000] {dagbag.py:525} INFO - Filling up the DagBag from /home/airflow/.local/lib/python3.7/site-packages/airflow/example_dags/example_external_task_marker_dag.py
[2024-05-09T16:47:26.147+0000] {processor.py:768} INFO - DAG(s) dict_keys(['example_external_task_marker_parent', 'example_external_task_marker_child']) retrieved from /home/airflow/.local/lib/python3.7/site-packages/airflow/example_dags/example_external_task_marker_dag.py
[2024-05-09T16:47:26.410+0000] {logging_mixin.py:117} INFO - [2024-05-09T16:47:26.410+0000] {dag.py:2573} INFO - Sync 2 DAGs
[2024-05-09T16:47:26.443+0000] {logging_mixin.py:117} INFO - [2024-05-09T16:47:26.443+0000] {dag.py:3328} INFO - Setting next_dagrun for example_external_task_marker_child to None, run_after=None
[2024-05-09T16:47:26.447+0000] {logging_mixin.py:117} INFO - [2024-05-09T16:47:26.447+0000] {dag.py:3328} INFO - Setting next_dagrun for example_external_task_marker_parent to None, run_after=None
[2024-05-09T16:47:26.481+0000] {processor.py:178} INFO - Processing /home/airflow/.local/lib/python3.7/site-packages/airflow/example_dags/example_external_task_marker_dag.py took 0.355 seconds
[2024-05-09T16:47:57.395+0000] {processor.py:156} INFO - Started process (PID=7496) to work on /home/airflow/.local/lib/python3.7/site-packages/airflow/example_dags/example_external_task_marker_dag.py
[2024-05-09T16:47:57.395+0000] {processor.py:758} INFO - Processing file /home/airflow/.local/lib/python3.7/site-packages/airflow/example_dags/example_external_task_marker_dag.py for tasks to queue
[2024-05-09T16:47:57.396+0000] {logging_mixin.py:117} INFO - [2024-05-09T16:47:57.396+0000] {dagbag.py:525} INFO - Filling up the DagBag from /home/airflow/.local/lib/python3.7/site-packages/airflow/example_dags/example_external_task_marker_dag.py
[2024-05-09T16:47:57.412+0000] {processor.py:768} INFO - DAG(s) dict_keys(['example_external_task_marker_parent', 'example_external_task_marker_child']) retrieved from /home/airflow/.local/lib/python3.7/site-packages/airflow/example_dags/example_external_task_marker_dag.py
[2024-05-09T16:47:57.577+0000] {logging_mixin.py:117} INFO - [2024-05-09T16:47:57.577+0000] {dag.py:2573} INFO - Sync 2 DAGs
[2024-05-09T16:47:57.598+0000] {logging_mixin.py:117} INFO - [2024-05-09T16:47:57.598+0000] {dag.py:3328} INFO - Setting next_dagrun for example_external_task_marker_child to None, run_after=None
[2024-05-09T16:47:57.601+0000] {logging_mixin.py:117} INFO - [2024-05-09T16:47:57.601+0000] {dag.py:3328} INFO - Setting next_dagrun for example_external_task_marker_parent to None, run_after=None
[2024-05-09T16:47:57.622+0000] {processor.py:178} INFO - Processing /home/airflow/.local/lib/python3.7/site-packages/airflow/example_dags/example_external_task_marker_dag.py took 0.230 seconds
[2024-05-09T16:48:28.415+0000] {processor.py:156} INFO - Started process (PID=7710) to work on /home/airflow/.local/lib/python3.7/site-packages/airflow/example_dags/example_external_task_marker_dag.py
[2024-05-09T16:48:28.416+0000] {processor.py:758} INFO - Processing file /home/airflow/.local/lib/python3.7/site-packages/airflow/example_dags/example_external_task_marker_dag.py for tasks to queue
[2024-05-09T16:48:28.417+0000] {logging_mixin.py:117} INFO - [2024-05-09T16:48:28.417+0000] {dagbag.py:525} INFO - Filling up the DagBag from /home/airflow/.local/lib/python3.7/site-packages/airflow/example_dags/example_external_task_marker_dag.py
[2024-05-09T16:48:28.435+0000] {processor.py:768} INFO - DAG(s) dict_keys(['example_external_task_marker_parent', 'example_external_task_marker_child']) retrieved from /home/airflow/.local/lib/python3.7/site-packages/airflow/example_dags/example_external_task_marker_dag.py
[2024-05-09T16:48:28.629+0000] {logging_mixin.py:117} INFO - [2024-05-09T16:48:28.629+0000] {dag.py:2573} INFO - Sync 2 DAGs
[2024-05-09T16:48:28.655+0000] {logging_mixin.py:117} INFO - [2024-05-09T16:48:28.655+0000] {dag.py:3328} INFO - Setting next_dagrun for example_external_task_marker_child to None, run_after=None
[2024-05-09T16:48:28.659+0000] {logging_mixin.py:117} INFO - [2024-05-09T16:48:28.659+0000] {dag.py:3328} INFO - Setting next_dagrun for example_external_task_marker_parent to None, run_after=None
[2024-05-09T16:48:28.678+0000] {processor.py:178} INFO - Processing /home/airflow/.local/lib/python3.7/site-packages/airflow/example_dags/example_external_task_marker_dag.py took 0.266 seconds
