[2024-05-09T15:15:12.440+0000] {processor.py:156} INFO - Started process (PID=231) to work on /home/airflow/.local/lib/python3.7/site-packages/airflow/example_dags/example_branch_datetime_operator.py
[2024-05-09T15:15:12.440+0000] {processor.py:758} INFO - Processing file /home/airflow/.local/lib/python3.7/site-packages/airflow/example_dags/example_branch_datetime_operator.py for tasks to queue
[2024-05-09T15:15:12.441+0000] {logging_mixin.py:117} INFO - [2024-05-09T15:15:12.441+0000] {dagbag.py:525} INFO - Filling up the DagBag from /home/airflow/.local/lib/python3.7/site-packages/airflow/example_dags/example_branch_datetime_operator.py
[2024-05-09T15:15:12.457+0000] {processor.py:768} INFO - DAG(s) dict_keys(['example_branch_datetime_operator_3', 'example_branch_datetime_operator', 'example_branch_datetime_operator_2']) retrieved from /home/airflow/.local/lib/python3.7/site-packages/airflow/example_dags/example_branch_datetime_operator.py
[2024-05-09T15:15:12.768+0000] {logging_mixin.py:117} INFO - [2024-05-09T15:15:12.768+0000] {manager.py:507} INFO - Created Permission View: can delete on DAG:example_branch_datetime_operator_3
[2024-05-09T15:15:12.782+0000] {logging_mixin.py:117} INFO - [2024-05-09T15:15:12.782+0000] {manager.py:507} INFO - Created Permission View: can read on DAG:example_branch_datetime_operator_3
[2024-05-09T15:15:12.797+0000] {logging_mixin.py:117} INFO - [2024-05-09T15:15:12.797+0000] {manager.py:507} INFO - Created Permission View: can edit on DAG:example_branch_datetime_operator_3
[2024-05-09T15:15:12.822+0000] {logging_mixin.py:117} INFO - [2024-05-09T15:15:12.822+0000] {manager.py:507} INFO - Created Permission View: can delete on DAG:example_branch_datetime_operator
[2024-05-09T15:15:12.834+0000] {logging_mixin.py:117} INFO - [2024-05-09T15:15:12.834+0000] {manager.py:507} INFO - Created Permission View: can read on DAG:example_branch_datetime_operator
[2024-05-09T15:15:12.849+0000] {logging_mixin.py:117} INFO - [2024-05-09T15:15:12.849+0000] {manager.py:507} INFO - Created Permission View: can edit on DAG:example_branch_datetime_operator
[2024-05-09T15:15:12.875+0000] {logging_mixin.py:117} INFO - [2024-05-09T15:15:12.875+0000] {manager.py:507} INFO - Created Permission View: can delete on DAG:example_branch_datetime_operator_2
[2024-05-09T15:15:12.889+0000] {logging_mixin.py:117} INFO - [2024-05-09T15:15:12.889+0000] {manager.py:507} INFO - Created Permission View: can read on DAG:example_branch_datetime_operator_2
[2024-05-09T15:15:12.906+0000] {logging_mixin.py:117} INFO - [2024-05-09T15:15:12.906+0000] {manager.py:507} INFO - Created Permission View: can edit on DAG:example_branch_datetime_operator_2
[2024-05-09T15:15:12.914+0000] {logging_mixin.py:117} INFO - [2024-05-09T15:15:12.907+0000] {dag.py:2573} INFO - Sync 3 DAGs
[2024-05-09T15:15:12.933+0000] {logging_mixin.py:117} INFO - [2024-05-09T15:15:12.933+0000] {dag.py:2594} INFO - Creating ORM DAG for example_branch_datetime_operator_3
[2024-05-09T15:15:12.934+0000] {logging_mixin.py:117} INFO - [2024-05-09T15:15:12.934+0000] {dag.py:2594} INFO - Creating ORM DAG for example_branch_datetime_operator
[2024-05-09T15:15:12.935+0000] {logging_mixin.py:117} INFO - [2024-05-09T15:15:12.935+0000] {dag.py:2594} INFO - Creating ORM DAG for example_branch_datetime_operator_2
[2024-05-09T15:15:12.952+0000] {logging_mixin.py:117} INFO - [2024-05-09T15:15:12.952+0000] {dag.py:3328} INFO - Setting next_dagrun for example_branch_datetime_operator to 2024-05-08T00:00:00+00:00, run_after=2024-05-09T00:00:00+00:00
[2024-05-09T15:15:12.955+0000] {logging_mixin.py:117} INFO - [2024-05-09T15:15:12.955+0000] {dag.py:3328} INFO - Setting next_dagrun for example_branch_datetime_operator_2 to 2024-05-08T00:00:00+00:00, run_after=2024-05-09T00:00:00+00:00
[2024-05-09T15:15:12.958+0000] {logging_mixin.py:117} INFO - [2024-05-09T15:15:12.958+0000] {dag.py:3328} INFO - Setting next_dagrun for example_branch_datetime_operator_3 to 2024-05-08T00:00:00+00:00, run_after=2024-05-09T00:00:00+00:00
[2024-05-09T15:15:12.999+0000] {processor.py:178} INFO - Processing /home/airflow/.local/lib/python3.7/site-packages/airflow/example_dags/example_branch_datetime_operator.py took 0.562 seconds
[2024-05-09T15:15:43.625+0000] {processor.py:156} INFO - Started process (PID=435) to work on /home/airflow/.local/lib/python3.7/site-packages/airflow/example_dags/example_branch_datetime_operator.py
[2024-05-09T15:15:43.625+0000] {processor.py:758} INFO - Processing file /home/airflow/.local/lib/python3.7/site-packages/airflow/example_dags/example_branch_datetime_operator.py for tasks to queue
[2024-05-09T15:15:43.626+0000] {logging_mixin.py:117} INFO - [2024-05-09T15:15:43.626+0000] {dagbag.py:525} INFO - Filling up the DagBag from /home/airflow/.local/lib/python3.7/site-packages/airflow/example_dags/example_branch_datetime_operator.py
[2024-05-09T15:15:43.650+0000] {processor.py:768} INFO - DAG(s) dict_keys(['example_branch_datetime_operator_2', 'example_branch_datetime_operator_3', 'example_branch_datetime_operator']) retrieved from /home/airflow/.local/lib/python3.7/site-packages/airflow/example_dags/example_branch_datetime_operator.py
[2024-05-09T15:15:43.690+0000] {logging_mixin.py:117} INFO - [2024-05-09T15:15:43.690+0000] {dag.py:2573} INFO - Sync 3 DAGs
[2024-05-09T15:15:43.719+0000] {logging_mixin.py:117} INFO - [2024-05-09T15:15:43.718+0000] {dag.py:3328} INFO - Setting next_dagrun for example_branch_datetime_operator to 2024-05-08T00:00:00+00:00, run_after=2024-05-09T00:00:00+00:00
[2024-05-09T15:15:43.723+0000] {logging_mixin.py:117} INFO - [2024-05-09T15:15:43.723+0000] {dag.py:3328} INFO - Setting next_dagrun for example_branch_datetime_operator_2 to 2024-05-08T00:00:00+00:00, run_after=2024-05-09T00:00:00+00:00
[2024-05-09T15:15:43.725+0000] {logging_mixin.py:117} INFO - [2024-05-09T15:15:43.725+0000] {dag.py:3328} INFO - Setting next_dagrun for example_branch_datetime_operator_3 to 2024-05-08T00:00:00+00:00, run_after=2024-05-09T00:00:00+00:00
[2024-05-09T15:15:43.746+0000] {processor.py:178} INFO - Processing /home/airflow/.local/lib/python3.7/site-packages/airflow/example_dags/example_branch_datetime_operator.py took 0.125 seconds
[2024-05-09T15:16:14.195+0000] {processor.py:156} INFO - Started process (PID=650) to work on /home/airflow/.local/lib/python3.7/site-packages/airflow/example_dags/example_branch_datetime_operator.py
[2024-05-09T15:16:14.196+0000] {processor.py:758} INFO - Processing file /home/airflow/.local/lib/python3.7/site-packages/airflow/example_dags/example_branch_datetime_operator.py for tasks to queue
[2024-05-09T15:16:14.196+0000] {logging_mixin.py:117} INFO - [2024-05-09T15:16:14.196+0000] {dagbag.py:525} INFO - Filling up the DagBag from /home/airflow/.local/lib/python3.7/site-packages/airflow/example_dags/example_branch_datetime_operator.py
[2024-05-09T15:16:14.217+0000] {processor.py:768} INFO - DAG(s) dict_keys(['example_branch_datetime_operator_2', 'example_branch_datetime_operator_3', 'example_branch_datetime_operator']) retrieved from /home/airflow/.local/lib/python3.7/site-packages/airflow/example_dags/example_branch_datetime_operator.py
[2024-05-09T15:16:14.264+0000] {logging_mixin.py:117} INFO - [2024-05-09T15:16:14.264+0000] {dag.py:2573} INFO - Sync 3 DAGs
[2024-05-09T15:16:14.409+0000] {logging_mixin.py:117} INFO - [2024-05-09T15:16:14.409+0000] {dag.py:3328} INFO - Setting next_dagrun for example_branch_datetime_operator to 2024-05-08T00:00:00+00:00, run_after=2024-05-09T00:00:00+00:00
[2024-05-09T15:16:14.413+0000] {logging_mixin.py:117} INFO - [2024-05-09T15:16:14.412+0000] {dag.py:3328} INFO - Setting next_dagrun for example_branch_datetime_operator_2 to 2024-05-08T00:00:00+00:00, run_after=2024-05-09T00:00:00+00:00
[2024-05-09T15:16:14.415+0000] {logging_mixin.py:117} INFO - [2024-05-09T15:16:14.414+0000] {dag.py:3328} INFO - Setting next_dagrun for example_branch_datetime_operator_3 to 2024-05-08T00:00:00+00:00, run_after=2024-05-09T00:00:00+00:00
[2024-05-09T15:16:14.432+0000] {processor.py:178} INFO - Processing /home/airflow/.local/lib/python3.7/site-packages/airflow/example_dags/example_branch_datetime_operator.py took 0.240 seconds
[2024-05-09T15:16:44.854+0000] {processor.py:156} INFO - Started process (PID=863) to work on /home/airflow/.local/lib/python3.7/site-packages/airflow/example_dags/example_branch_datetime_operator.py
[2024-05-09T15:16:44.854+0000] {processor.py:758} INFO - Processing file /home/airflow/.local/lib/python3.7/site-packages/airflow/example_dags/example_branch_datetime_operator.py for tasks to queue
[2024-05-09T15:16:44.855+0000] {logging_mixin.py:117} INFO - [2024-05-09T15:16:44.855+0000] {dagbag.py:525} INFO - Filling up the DagBag from /home/airflow/.local/lib/python3.7/site-packages/airflow/example_dags/example_branch_datetime_operator.py
[2024-05-09T15:16:44.877+0000] {processor.py:768} INFO - DAG(s) dict_keys(['example_branch_datetime_operator_2', 'example_branch_datetime_operator', 'example_branch_datetime_operator_3']) retrieved from /home/airflow/.local/lib/python3.7/site-packages/airflow/example_dags/example_branch_datetime_operator.py
[2024-05-09T15:16:44.922+0000] {logging_mixin.py:117} INFO - [2024-05-09T15:16:44.922+0000] {dag.py:2573} INFO - Sync 3 DAGs
[2024-05-09T15:16:45.058+0000] {logging_mixin.py:117} INFO - [2024-05-09T15:16:45.058+0000] {dag.py:3328} INFO - Setting next_dagrun for example_branch_datetime_operator to 2024-05-08T00:00:00+00:00, run_after=2024-05-09T00:00:00+00:00
[2024-05-09T15:16:45.064+0000] {logging_mixin.py:117} INFO - [2024-05-09T15:16:45.064+0000] {dag.py:3328} INFO - Setting next_dagrun for example_branch_datetime_operator_2 to 2024-05-08T00:00:00+00:00, run_after=2024-05-09T00:00:00+00:00
[2024-05-09T15:16:45.067+0000] {logging_mixin.py:117} INFO - [2024-05-09T15:16:45.067+0000] {dag.py:3328} INFO - Setting next_dagrun for example_branch_datetime_operator_3 to 2024-05-08T00:00:00+00:00, run_after=2024-05-09T00:00:00+00:00
[2024-05-09T15:16:45.087+0000] {processor.py:178} INFO - Processing /home/airflow/.local/lib/python3.7/site-packages/airflow/example_dags/example_branch_datetime_operator.py took 0.236 seconds
[2024-05-09T15:17:15.385+0000] {processor.py:156} INFO - Started process (PID=1077) to work on /home/airflow/.local/lib/python3.7/site-packages/airflow/example_dags/example_branch_datetime_operator.py
[2024-05-09T15:17:15.386+0000] {processor.py:758} INFO - Processing file /home/airflow/.local/lib/python3.7/site-packages/airflow/example_dags/example_branch_datetime_operator.py for tasks to queue
[2024-05-09T15:17:15.387+0000] {logging_mixin.py:117} INFO - [2024-05-09T15:17:15.387+0000] {dagbag.py:525} INFO - Filling up the DagBag from /home/airflow/.local/lib/python3.7/site-packages/airflow/example_dags/example_branch_datetime_operator.py
[2024-05-09T15:17:15.415+0000] {processor.py:768} INFO - DAG(s) dict_keys(['example_branch_datetime_operator_2', 'example_branch_datetime_operator', 'example_branch_datetime_operator_3']) retrieved from /home/airflow/.local/lib/python3.7/site-packages/airflow/example_dags/example_branch_datetime_operator.py
[2024-05-09T15:17:15.591+0000] {logging_mixin.py:117} INFO - [2024-05-09T15:17:15.590+0000] {dag.py:2573} INFO - Sync 3 DAGs
[2024-05-09T15:17:15.617+0000] {logging_mixin.py:117} INFO - [2024-05-09T15:17:15.617+0000] {dag.py:3328} INFO - Setting next_dagrun for example_branch_datetime_operator to 2024-05-08T00:00:00+00:00, run_after=2024-05-09T00:00:00+00:00
[2024-05-09T15:17:15.623+0000] {logging_mixin.py:117} INFO - [2024-05-09T15:17:15.622+0000] {dag.py:3328} INFO - Setting next_dagrun for example_branch_datetime_operator_2 to 2024-05-08T00:00:00+00:00, run_after=2024-05-09T00:00:00+00:00
[2024-05-09T15:17:15.625+0000] {logging_mixin.py:117} INFO - [2024-05-09T15:17:15.625+0000] {dag.py:3328} INFO - Setting next_dagrun for example_branch_datetime_operator_3 to 2024-05-08T00:00:00+00:00, run_after=2024-05-09T00:00:00+00:00
[2024-05-09T15:17:15.644+0000] {processor.py:178} INFO - Processing /home/airflow/.local/lib/python3.7/site-packages/airflow/example_dags/example_branch_datetime_operator.py took 0.262 seconds
[2024-05-09T15:17:46.163+0000] {processor.py:156} INFO - Started process (PID=1282) to work on /home/airflow/.local/lib/python3.7/site-packages/airflow/example_dags/example_branch_datetime_operator.py
[2024-05-09T15:17:46.164+0000] {processor.py:758} INFO - Processing file /home/airflow/.local/lib/python3.7/site-packages/airflow/example_dags/example_branch_datetime_operator.py for tasks to queue
[2024-05-09T15:17:46.164+0000] {logging_mixin.py:117} INFO - [2024-05-09T15:17:46.164+0000] {dagbag.py:525} INFO - Filling up the DagBag from /home/airflow/.local/lib/python3.7/site-packages/airflow/example_dags/example_branch_datetime_operator.py
[2024-05-09T15:17:46.179+0000] {processor.py:768} INFO - DAG(s) dict_keys(['example_branch_datetime_operator_2', 'example_branch_datetime_operator_3', 'example_branch_datetime_operator']) retrieved from /home/airflow/.local/lib/python3.7/site-packages/airflow/example_dags/example_branch_datetime_operator.py
[2024-05-09T15:17:46.328+0000] {logging_mixin.py:117} INFO - [2024-05-09T15:17:46.327+0000] {dag.py:2573} INFO - Sync 3 DAGs
[2024-05-09T15:17:46.356+0000] {logging_mixin.py:117} INFO - [2024-05-09T15:17:46.356+0000] {dag.py:3328} INFO - Setting next_dagrun for example_branch_datetime_operator to 2024-05-08T00:00:00+00:00, run_after=2024-05-09T00:00:00+00:00
[2024-05-09T15:17:46.360+0000] {logging_mixin.py:117} INFO - [2024-05-09T15:17:46.360+0000] {dag.py:3328} INFO - Setting next_dagrun for example_branch_datetime_operator_2 to 2024-05-08T00:00:00+00:00, run_after=2024-05-09T00:00:00+00:00
[2024-05-09T15:17:46.362+0000] {logging_mixin.py:117} INFO - [2024-05-09T15:17:46.362+0000] {dag.py:3328} INFO - Setting next_dagrun for example_branch_datetime_operator_3 to 2024-05-08T00:00:00+00:00, run_after=2024-05-09T00:00:00+00:00
[2024-05-09T15:17:46.381+0000] {processor.py:178} INFO - Processing /home/airflow/.local/lib/python3.7/site-packages/airflow/example_dags/example_branch_datetime_operator.py took 0.220 seconds
[2024-05-09T15:18:16.938+0000] {processor.py:156} INFO - Started process (PID=1495) to work on /home/airflow/.local/lib/python3.7/site-packages/airflow/example_dags/example_branch_datetime_operator.py
[2024-05-09T15:18:16.939+0000] {processor.py:758} INFO - Processing file /home/airflow/.local/lib/python3.7/site-packages/airflow/example_dags/example_branch_datetime_operator.py for tasks to queue
[2024-05-09T15:18:16.939+0000] {logging_mixin.py:117} INFO - [2024-05-09T15:18:16.939+0000] {dagbag.py:525} INFO - Filling up the DagBag from /home/airflow/.local/lib/python3.7/site-packages/airflow/example_dags/example_branch_datetime_operator.py
[2024-05-09T15:18:17.065+0000] {processor.py:768} INFO - DAG(s) dict_keys(['example_branch_datetime_operator_2', 'example_branch_datetime_operator', 'example_branch_datetime_operator_3']) retrieved from /home/airflow/.local/lib/python3.7/site-packages/airflow/example_dags/example_branch_datetime_operator.py
[2024-05-09T15:18:17.103+0000] {logging_mixin.py:117} INFO - [2024-05-09T15:18:17.103+0000] {dag.py:2573} INFO - Sync 3 DAGs
[2024-05-09T15:18:17.133+0000] {logging_mixin.py:117} INFO - [2024-05-09T15:18:17.133+0000] {dag.py:3328} INFO - Setting next_dagrun for example_branch_datetime_operator to 2024-05-08T00:00:00+00:00, run_after=2024-05-09T00:00:00+00:00
[2024-05-09T15:18:17.137+0000] {logging_mixin.py:117} INFO - [2024-05-09T15:18:17.137+0000] {dag.py:3328} INFO - Setting next_dagrun for example_branch_datetime_operator_2 to 2024-05-08T00:00:00+00:00, run_after=2024-05-09T00:00:00+00:00
[2024-05-09T15:18:17.140+0000] {logging_mixin.py:117} INFO - [2024-05-09T15:18:17.140+0000] {dag.py:3328} INFO - Setting next_dagrun for example_branch_datetime_operator_3 to 2024-05-08T00:00:00+00:00, run_after=2024-05-09T00:00:00+00:00
[2024-05-09T15:18:17.157+0000] {processor.py:178} INFO - Processing /home/airflow/.local/lib/python3.7/site-packages/airflow/example_dags/example_branch_datetime_operator.py took 0.221 seconds
[2024-05-09T15:18:47.519+0000] {processor.py:156} INFO - Started process (PID=1709) to work on /home/airflow/.local/lib/python3.7/site-packages/airflow/example_dags/example_branch_datetime_operator.py
[2024-05-09T15:18:47.519+0000] {processor.py:758} INFO - Processing file /home/airflow/.local/lib/python3.7/site-packages/airflow/example_dags/example_branch_datetime_operator.py for tasks to queue
[2024-05-09T15:18:47.520+0000] {logging_mixin.py:117} INFO - [2024-05-09T15:18:47.520+0000] {dagbag.py:525} INFO - Filling up the DagBag from /home/airflow/.local/lib/python3.7/site-packages/airflow/example_dags/example_branch_datetime_operator.py
[2024-05-09T15:18:47.535+0000] {processor.py:768} INFO - DAG(s) dict_keys(['example_branch_datetime_operator_2', 'example_branch_datetime_operator', 'example_branch_datetime_operator_3']) retrieved from /home/airflow/.local/lib/python3.7/site-packages/airflow/example_dags/example_branch_datetime_operator.py
[2024-05-09T15:18:47.576+0000] {logging_mixin.py:117} INFO - [2024-05-09T15:18:47.576+0000] {dag.py:2573} INFO - Sync 3 DAGs
[2024-05-09T15:18:47.606+0000] {logging_mixin.py:117} INFO - [2024-05-09T15:18:47.606+0000] {dag.py:3328} INFO - Setting next_dagrun for example_branch_datetime_operator to 2024-05-08T00:00:00+00:00, run_after=2024-05-09T00:00:00+00:00
[2024-05-09T15:18:47.612+0000] {logging_mixin.py:117} INFO - [2024-05-09T15:18:47.611+0000] {dag.py:3328} INFO - Setting next_dagrun for example_branch_datetime_operator_2 to 2024-05-08T00:00:00+00:00, run_after=2024-05-09T00:00:00+00:00
[2024-05-09T15:18:47.615+0000] {logging_mixin.py:117} INFO - [2024-05-09T15:18:47.614+0000] {dag.py:3328} INFO - Setting next_dagrun for example_branch_datetime_operator_3 to 2024-05-08T00:00:00+00:00, run_after=2024-05-09T00:00:00+00:00
[2024-05-09T15:18:47.638+0000] {processor.py:178} INFO - Processing /home/airflow/.local/lib/python3.7/site-packages/airflow/example_dags/example_branch_datetime_operator.py took 0.122 seconds
[2024-05-09T15:19:18.360+0000] {processor.py:156} INFO - Started process (PID=1923) to work on /home/airflow/.local/lib/python3.7/site-packages/airflow/example_dags/example_branch_datetime_operator.py
[2024-05-09T15:19:18.360+0000] {processor.py:758} INFO - Processing file /home/airflow/.local/lib/python3.7/site-packages/airflow/example_dags/example_branch_datetime_operator.py for tasks to queue
[2024-05-09T15:19:18.361+0000] {logging_mixin.py:117} INFO - [2024-05-09T15:19:18.361+0000] {dagbag.py:525} INFO - Filling up the DagBag from /home/airflow/.local/lib/python3.7/site-packages/airflow/example_dags/example_branch_datetime_operator.py
[2024-05-09T15:19:18.382+0000] {processor.py:768} INFO - DAG(s) dict_keys(['example_branch_datetime_operator', 'example_branch_datetime_operator_2', 'example_branch_datetime_operator_3']) retrieved from /home/airflow/.local/lib/python3.7/site-packages/airflow/example_dags/example_branch_datetime_operator.py
[2024-05-09T15:19:18.437+0000] {logging_mixin.py:117} INFO - [2024-05-09T15:19:18.436+0000] {dag.py:2573} INFO - Sync 3 DAGs
[2024-05-09T15:19:18.470+0000] {logging_mixin.py:117} INFO - [2024-05-09T15:19:18.470+0000] {dag.py:3328} INFO - Setting next_dagrun for example_branch_datetime_operator to 2024-05-08T00:00:00+00:00, run_after=2024-05-09T00:00:00+00:00
[2024-05-09T15:19:18.476+0000] {logging_mixin.py:117} INFO - [2024-05-09T15:19:18.475+0000] {dag.py:3328} INFO - Setting next_dagrun for example_branch_datetime_operator_2 to 2024-05-08T00:00:00+00:00, run_after=2024-05-09T00:00:00+00:00
[2024-05-09T15:19:18.478+0000] {logging_mixin.py:117} INFO - [2024-05-09T15:19:18.478+0000] {dag.py:3328} INFO - Setting next_dagrun for example_branch_datetime_operator_3 to 2024-05-08T00:00:00+00:00, run_after=2024-05-09T00:00:00+00:00
[2024-05-09T15:19:18.501+0000] {processor.py:178} INFO - Processing /home/airflow/.local/lib/python3.7/site-packages/airflow/example_dags/example_branch_datetime_operator.py took 0.144 seconds
[2024-05-09T15:19:49.044+0000] {processor.py:156} INFO - Started process (PID=2127) to work on /home/airflow/.local/lib/python3.7/site-packages/airflow/example_dags/example_branch_datetime_operator.py
[2024-05-09T15:19:49.044+0000] {processor.py:758} INFO - Processing file /home/airflow/.local/lib/python3.7/site-packages/airflow/example_dags/example_branch_datetime_operator.py for tasks to queue
[2024-05-09T15:19:49.045+0000] {logging_mixin.py:117} INFO - [2024-05-09T15:19:49.045+0000] {dagbag.py:525} INFO - Filling up the DagBag from /home/airflow/.local/lib/python3.7/site-packages/airflow/example_dags/example_branch_datetime_operator.py
[2024-05-09T15:19:49.063+0000] {processor.py:768} INFO - DAG(s) dict_keys(['example_branch_datetime_operator', 'example_branch_datetime_operator_2', 'example_branch_datetime_operator_3']) retrieved from /home/airflow/.local/lib/python3.7/site-packages/airflow/example_dags/example_branch_datetime_operator.py
[2024-05-09T15:19:49.109+0000] {logging_mixin.py:117} INFO - [2024-05-09T15:19:49.109+0000] {dag.py:2573} INFO - Sync 3 DAGs
[2024-05-09T15:19:49.142+0000] {logging_mixin.py:117} INFO - [2024-05-09T15:19:49.142+0000] {dag.py:3328} INFO - Setting next_dagrun for example_branch_datetime_operator to 2024-05-08T00:00:00+00:00, run_after=2024-05-09T00:00:00+00:00
[2024-05-09T15:19:49.148+0000] {logging_mixin.py:117} INFO - [2024-05-09T15:19:49.147+0000] {dag.py:3328} INFO - Setting next_dagrun for example_branch_datetime_operator_2 to 2024-05-08T00:00:00+00:00, run_after=2024-05-09T00:00:00+00:00
[2024-05-09T15:19:49.150+0000] {logging_mixin.py:117} INFO - [2024-05-09T15:19:49.150+0000] {dag.py:3328} INFO - Setting next_dagrun for example_branch_datetime_operator_3 to 2024-05-08T00:00:00+00:00, run_after=2024-05-09T00:00:00+00:00
[2024-05-09T15:19:49.168+0000] {processor.py:178} INFO - Processing /home/airflow/.local/lib/python3.7/site-packages/airflow/example_dags/example_branch_datetime_operator.py took 0.126 seconds
[2024-05-09T15:20:19.855+0000] {processor.py:156} INFO - Started process (PID=2341) to work on /home/airflow/.local/lib/python3.7/site-packages/airflow/example_dags/example_branch_datetime_operator.py
[2024-05-09T15:20:19.856+0000] {processor.py:758} INFO - Processing file /home/airflow/.local/lib/python3.7/site-packages/airflow/example_dags/example_branch_datetime_operator.py for tasks to queue
[2024-05-09T15:20:19.856+0000] {logging_mixin.py:117} INFO - [2024-05-09T15:20:19.856+0000] {dagbag.py:525} INFO - Filling up the DagBag from /home/airflow/.local/lib/python3.7/site-packages/airflow/example_dags/example_branch_datetime_operator.py
[2024-05-09T15:20:19.879+0000] {processor.py:768} INFO - DAG(s) dict_keys(['example_branch_datetime_operator', 'example_branch_datetime_operator_3', 'example_branch_datetime_operator_2']) retrieved from /home/airflow/.local/lib/python3.7/site-packages/airflow/example_dags/example_branch_datetime_operator.py
[2024-05-09T15:20:19.923+0000] {logging_mixin.py:117} INFO - [2024-05-09T15:20:19.923+0000] {dag.py:2573} INFO - Sync 3 DAGs
[2024-05-09T15:20:19.949+0000] {logging_mixin.py:117} INFO - [2024-05-09T15:20:19.949+0000] {dag.py:3328} INFO - Setting next_dagrun for example_branch_datetime_operator to 2024-05-08T00:00:00+00:00, run_after=2024-05-09T00:00:00+00:00
[2024-05-09T15:20:19.954+0000] {logging_mixin.py:117} INFO - [2024-05-09T15:20:19.953+0000] {dag.py:3328} INFO - Setting next_dagrun for example_branch_datetime_operator_2 to 2024-05-08T00:00:00+00:00, run_after=2024-05-09T00:00:00+00:00
[2024-05-09T15:20:19.957+0000] {logging_mixin.py:117} INFO - [2024-05-09T15:20:19.956+0000] {dag.py:3328} INFO - Setting next_dagrun for example_branch_datetime_operator_3 to 2024-05-08T00:00:00+00:00, run_after=2024-05-09T00:00:00+00:00
[2024-05-09T15:20:19.986+0000] {processor.py:178} INFO - Processing /home/airflow/.local/lib/python3.7/site-packages/airflow/example_dags/example_branch_datetime_operator.py took 0.134 seconds
[2024-05-09T15:20:50.819+0000] {processor.py:156} INFO - Started process (PID=2554) to work on /home/airflow/.local/lib/python3.7/site-packages/airflow/example_dags/example_branch_datetime_operator.py
[2024-05-09T15:20:50.820+0000] {processor.py:758} INFO - Processing file /home/airflow/.local/lib/python3.7/site-packages/airflow/example_dags/example_branch_datetime_operator.py for tasks to queue
[2024-05-09T15:20:50.820+0000] {logging_mixin.py:117} INFO - [2024-05-09T15:20:50.820+0000] {dagbag.py:525} INFO - Filling up the DagBag from /home/airflow/.local/lib/python3.7/site-packages/airflow/example_dags/example_branch_datetime_operator.py
[2024-05-09T15:20:50.843+0000] {processor.py:768} INFO - DAG(s) dict_keys(['example_branch_datetime_operator', 'example_branch_datetime_operator_3', 'example_branch_datetime_operator_2']) retrieved from /home/airflow/.local/lib/python3.7/site-packages/airflow/example_dags/example_branch_datetime_operator.py
[2024-05-09T15:20:50.888+0000] {logging_mixin.py:117} INFO - [2024-05-09T15:20:50.887+0000] {dag.py:2573} INFO - Sync 3 DAGs
[2024-05-09T15:20:50.909+0000] {logging_mixin.py:117} INFO - [2024-05-09T15:20:50.909+0000] {dag.py:3328} INFO - Setting next_dagrun for example_branch_datetime_operator to 2024-05-08T00:00:00+00:00, run_after=2024-05-09T00:00:00+00:00
[2024-05-09T15:20:50.914+0000] {logging_mixin.py:117} INFO - [2024-05-09T15:20:50.913+0000] {dag.py:3328} INFO - Setting next_dagrun for example_branch_datetime_operator_2 to 2024-05-08T00:00:00+00:00, run_after=2024-05-09T00:00:00+00:00
[2024-05-09T15:20:50.916+0000] {logging_mixin.py:117} INFO - [2024-05-09T15:20:50.916+0000] {dag.py:3328} INFO - Setting next_dagrun for example_branch_datetime_operator_3 to 2024-05-08T00:00:00+00:00, run_after=2024-05-09T00:00:00+00:00
[2024-05-09T15:20:50.939+0000] {processor.py:178} INFO - Processing /home/airflow/.local/lib/python3.7/site-packages/airflow/example_dags/example_branch_datetime_operator.py took 0.122 seconds
[2024-05-09T15:21:21.630+0000] {processor.py:156} INFO - Started process (PID=2765) to work on /home/airflow/.local/lib/python3.7/site-packages/airflow/example_dags/example_branch_datetime_operator.py
[2024-05-09T15:21:21.634+0000] {processor.py:758} INFO - Processing file /home/airflow/.local/lib/python3.7/site-packages/airflow/example_dags/example_branch_datetime_operator.py for tasks to queue
[2024-05-09T15:21:21.635+0000] {logging_mixin.py:117} INFO - [2024-05-09T15:21:21.635+0000] {dagbag.py:525} INFO - Filling up the DagBag from /home/airflow/.local/lib/python3.7/site-packages/airflow/example_dags/example_branch_datetime_operator.py
[2024-05-09T15:21:21.662+0000] {processor.py:768} INFO - DAG(s) dict_keys(['example_branch_datetime_operator_2', 'example_branch_datetime_operator', 'example_branch_datetime_operator_3']) retrieved from /home/airflow/.local/lib/python3.7/site-packages/airflow/example_dags/example_branch_datetime_operator.py
[2024-05-09T15:21:21.716+0000] {logging_mixin.py:117} INFO - [2024-05-09T15:21:21.716+0000] {dag.py:2573} INFO - Sync 3 DAGs
[2024-05-09T15:21:21.750+0000] {logging_mixin.py:117} INFO - [2024-05-09T15:21:21.750+0000] {dag.py:3328} INFO - Setting next_dagrun for example_branch_datetime_operator to 2024-05-08T00:00:00+00:00, run_after=2024-05-09T00:00:00+00:00
[2024-05-09T15:21:21.756+0000] {logging_mixin.py:117} INFO - [2024-05-09T15:21:21.756+0000] {dag.py:3328} INFO - Setting next_dagrun for example_branch_datetime_operator_2 to 2024-05-08T00:00:00+00:00, run_after=2024-05-09T00:00:00+00:00
[2024-05-09T15:21:21.760+0000] {logging_mixin.py:117} INFO - [2024-05-09T15:21:21.760+0000] {dag.py:3328} INFO - Setting next_dagrun for example_branch_datetime_operator_3 to 2024-05-08T00:00:00+00:00, run_after=2024-05-09T00:00:00+00:00
[2024-05-09T15:21:21.784+0000] {processor.py:178} INFO - Processing /home/airflow/.local/lib/python3.7/site-packages/airflow/example_dags/example_branch_datetime_operator.py took 0.157 seconds
[2024-05-09T16:29:52.683+0000] {processor.py:156} INFO - Started process (PID=230) to work on /home/airflow/.local/lib/python3.7/site-packages/airflow/example_dags/example_branch_datetime_operator.py
[2024-05-09T16:29:52.684+0000] {processor.py:758} INFO - Processing file /home/airflow/.local/lib/python3.7/site-packages/airflow/example_dags/example_branch_datetime_operator.py for tasks to queue
[2024-05-09T16:29:52.685+0000] {logging_mixin.py:117} INFO - [2024-05-09T16:29:52.685+0000] {dagbag.py:525} INFO - Filling up the DagBag from /home/airflow/.local/lib/python3.7/site-packages/airflow/example_dags/example_branch_datetime_operator.py
[2024-05-09T16:29:52.711+0000] {processor.py:768} INFO - DAG(s) dict_keys(['example_branch_datetime_operator_2', 'example_branch_datetime_operator', 'example_branch_datetime_operator_3']) retrieved from /home/airflow/.local/lib/python3.7/site-packages/airflow/example_dags/example_branch_datetime_operator.py
[2024-05-09T16:29:52.769+0000] {logging_mixin.py:117} INFO - [2024-05-09T16:29:52.768+0000] {dag.py:2573} INFO - Sync 3 DAGs
[2024-05-09T16:29:52.801+0000] {logging_mixin.py:117} INFO - [2024-05-09T16:29:52.801+0000] {dag.py:3328} INFO - Setting next_dagrun for example_branch_datetime_operator to 2024-05-08T00:00:00+00:00, run_after=2024-05-09T00:00:00+00:00
[2024-05-09T16:29:52.805+0000] {logging_mixin.py:117} INFO - [2024-05-09T16:29:52.805+0000] {dag.py:3328} INFO - Setting next_dagrun for example_branch_datetime_operator_2 to 2024-05-08T00:00:00+00:00, run_after=2024-05-09T00:00:00+00:00
[2024-05-09T16:29:52.807+0000] {logging_mixin.py:117} INFO - [2024-05-09T16:29:52.807+0000] {dag.py:3328} INFO - Setting next_dagrun for example_branch_datetime_operator_3 to 2024-05-08T00:00:00+00:00, run_after=2024-05-09T00:00:00+00:00
[2024-05-09T16:29:52.824+0000] {processor.py:178} INFO - Processing /home/airflow/.local/lib/python3.7/site-packages/airflow/example_dags/example_branch_datetime_operator.py took 0.145 seconds
[2024-05-09T16:30:26.365+0000] {processor.py:156} INFO - Started process (PID=220) to work on /home/airflow/.local/lib/python3.7/site-packages/airflow/example_dags/example_branch_datetime_operator.py
[2024-05-09T16:30:26.366+0000] {processor.py:758} INFO - Processing file /home/airflow/.local/lib/python3.7/site-packages/airflow/example_dags/example_branch_datetime_operator.py for tasks to queue
[2024-05-09T16:30:26.366+0000] {logging_mixin.py:117} INFO - [2024-05-09T16:30:26.366+0000] {dagbag.py:525} INFO - Filling up the DagBag from /home/airflow/.local/lib/python3.7/site-packages/airflow/example_dags/example_branch_datetime_operator.py
[2024-05-09T16:30:26.393+0000] {processor.py:768} INFO - DAG(s) dict_keys(['example_branch_datetime_operator_3', 'example_branch_datetime_operator_2', 'example_branch_datetime_operator']) retrieved from /home/airflow/.local/lib/python3.7/site-packages/airflow/example_dags/example_branch_datetime_operator.py
[2024-05-09T16:30:26.444+0000] {logging_mixin.py:117} INFO - [2024-05-09T16:30:26.444+0000] {dag.py:2573} INFO - Sync 3 DAGs
[2024-05-09T16:30:26.475+0000] {logging_mixin.py:117} INFO - [2024-05-09T16:30:26.475+0000] {dag.py:3328} INFO - Setting next_dagrun for example_branch_datetime_operator to 2024-05-08T00:00:00+00:00, run_after=2024-05-09T00:00:00+00:00
[2024-05-09T16:30:26.479+0000] {logging_mixin.py:117} INFO - [2024-05-09T16:30:26.479+0000] {dag.py:3328} INFO - Setting next_dagrun for example_branch_datetime_operator_2 to 2024-05-08T00:00:00+00:00, run_after=2024-05-09T00:00:00+00:00
[2024-05-09T16:30:26.481+0000] {logging_mixin.py:117} INFO - [2024-05-09T16:30:26.481+0000] {dag.py:3328} INFO - Setting next_dagrun for example_branch_datetime_operator_3 to 2024-05-08T00:00:00+00:00, run_after=2024-05-09T00:00:00+00:00
[2024-05-09T16:30:26.500+0000] {processor.py:178} INFO - Processing /home/airflow/.local/lib/python3.7/site-packages/airflow/example_dags/example_branch_datetime_operator.py took 0.139 seconds
