[2024-05-09T15:15:15.632+0000] {processor.py:156} INFO - Started process (PID=276) to work on /home/airflow/.local/lib/python3.7/site-packages/airflow/example_dags/example_complex.py
[2024-05-09T15:15:15.632+0000] {processor.py:758} INFO - Processing file /home/airflow/.local/lib/python3.7/site-packages/airflow/example_dags/example_complex.py for tasks to queue
[2024-05-09T15:15:15.633+0000] {logging_mixin.py:117} INFO - [2024-05-09T15:15:15.633+0000] {dagbag.py:525} INFO - Filling up the DagBag from /home/airflow/.local/lib/python3.7/site-packages/airflow/example_dags/example_complex.py
[2024-05-09T15:15:15.663+0000] {processor.py:768} INFO - DAG(s) dict_keys(['example_complex']) retrieved from /home/airflow/.local/lib/python3.7/site-packages/airflow/example_dags/example_complex.py
[2024-05-09T15:15:16.025+0000] {logging_mixin.py:117} INFO - [2024-05-09T15:15:16.025+0000] {manager.py:507} INFO - Created Permission View: can delete on DAG:example_complex
[2024-05-09T15:15:16.050+0000] {logging_mixin.py:117} INFO - [2024-05-09T15:15:16.050+0000] {manager.py:507} INFO - Created Permission View: can read on DAG:example_complex
[2024-05-09T15:15:16.063+0000] {logging_mixin.py:117} INFO - [2024-05-09T15:15:16.062+0000] {manager.py:507} INFO - Created Permission View: can edit on DAG:example_complex
[2024-05-09T15:15:16.063+0000] {logging_mixin.py:117} INFO - [2024-05-09T15:15:16.063+0000] {dag.py:2573} INFO - Sync 1 DAGs
[2024-05-09T15:15:16.087+0000] {logging_mixin.py:117} INFO - [2024-05-09T15:15:16.087+0000] {dag.py:2594} INFO - Creating ORM DAG for example_complex
[2024-05-09T15:15:16.104+0000] {logging_mixin.py:117} INFO - [2024-05-09T15:15:16.104+0000] {dag.py:3328} INFO - Setting next_dagrun for example_complex to None, run_after=None
[2024-05-09T15:15:16.144+0000] {processor.py:178} INFO - Processing /home/airflow/.local/lib/python3.7/site-packages/airflow/example_dags/example_complex.py took 0.515 seconds
[2024-05-09T15:15:46.657+0000] {processor.py:156} INFO - Started process (PID=490) to work on /home/airflow/.local/lib/python3.7/site-packages/airflow/example_dags/example_complex.py
[2024-05-09T15:15:46.657+0000] {processor.py:758} INFO - Processing file /home/airflow/.local/lib/python3.7/site-packages/airflow/example_dags/example_complex.py for tasks to queue
[2024-05-09T15:15:46.658+0000] {logging_mixin.py:117} INFO - [2024-05-09T15:15:46.658+0000] {dagbag.py:525} INFO - Filling up the DagBag from /home/airflow/.local/lib/python3.7/site-packages/airflow/example_dags/example_complex.py
[2024-05-09T15:15:46.676+0000] {processor.py:768} INFO - DAG(s) dict_keys(['example_complex']) retrieved from /home/airflow/.local/lib/python3.7/site-packages/airflow/example_dags/example_complex.py
[2024-05-09T15:15:46.732+0000] {logging_mixin.py:117} INFO - [2024-05-09T15:15:46.732+0000] {dag.py:2573} INFO - Sync 1 DAGs
[2024-05-09T15:15:46.757+0000] {logging_mixin.py:117} INFO - [2024-05-09T15:15:46.757+0000] {dag.py:3328} INFO - Setting next_dagrun for example_complex to None, run_after=None
[2024-05-09T15:15:46.883+0000] {processor.py:178} INFO - Processing /home/airflow/.local/lib/python3.7/site-packages/airflow/example_dags/example_complex.py took 0.228 seconds
[2024-05-09T15:16:17.169+0000] {processor.py:156} INFO - Started process (PID=695) to work on /home/airflow/.local/lib/python3.7/site-packages/airflow/example_dags/example_complex.py
[2024-05-09T15:16:17.169+0000] {processor.py:758} INFO - Processing file /home/airflow/.local/lib/python3.7/site-packages/airflow/example_dags/example_complex.py for tasks to queue
[2024-05-09T15:16:17.170+0000] {logging_mixin.py:117} INFO - [2024-05-09T15:16:17.170+0000] {dagbag.py:525} INFO - Filling up the DagBag from /home/airflow/.local/lib/python3.7/site-packages/airflow/example_dags/example_complex.py
[2024-05-09T15:16:17.186+0000] {processor.py:768} INFO - DAG(s) dict_keys(['example_complex']) retrieved from /home/airflow/.local/lib/python3.7/site-packages/airflow/example_dags/example_complex.py
[2024-05-09T15:16:17.231+0000] {logging_mixin.py:117} INFO - [2024-05-09T15:16:17.231+0000] {dag.py:2573} INFO - Sync 1 DAGs
[2024-05-09T15:16:17.369+0000] {logging_mixin.py:117} INFO - [2024-05-09T15:16:17.369+0000] {dag.py:3328} INFO - Setting next_dagrun for example_complex to None, run_after=None
[2024-05-09T15:16:17.389+0000] {processor.py:178} INFO - Processing /home/airflow/.local/lib/python3.7/site-packages/airflow/example_dags/example_complex.py took 0.222 seconds
[2024-05-09T15:16:47.904+0000] {processor.py:156} INFO - Started process (PID=908) to work on /home/airflow/.local/lib/python3.7/site-packages/airflow/example_dags/example_complex.py
[2024-05-09T15:16:47.905+0000] {processor.py:758} INFO - Processing file /home/airflow/.local/lib/python3.7/site-packages/airflow/example_dags/example_complex.py for tasks to queue
[2024-05-09T15:16:47.905+0000] {logging_mixin.py:117} INFO - [2024-05-09T15:16:47.905+0000] {dagbag.py:525} INFO - Filling up the DagBag from /home/airflow/.local/lib/python3.7/site-packages/airflow/example_dags/example_complex.py
[2024-05-09T15:16:47.931+0000] {processor.py:768} INFO - DAG(s) dict_keys(['example_complex']) retrieved from /home/airflow/.local/lib/python3.7/site-packages/airflow/example_dags/example_complex.py
[2024-05-09T15:16:48.088+0000] {logging_mixin.py:117} INFO - [2024-05-09T15:16:48.088+0000] {dag.py:2573} INFO - Sync 1 DAGs
[2024-05-09T15:16:48.107+0000] {logging_mixin.py:117} INFO - [2024-05-09T15:16:48.106+0000] {dag.py:3328} INFO - Setting next_dagrun for example_complex to None, run_after=None
[2024-05-09T15:16:48.128+0000] {processor.py:178} INFO - Processing /home/airflow/.local/lib/python3.7/site-packages/airflow/example_dags/example_complex.py took 0.227 seconds
[2024-05-09T15:17:18.400+0000] {processor.py:156} INFO - Started process (PID=1122) to work on /home/airflow/.local/lib/python3.7/site-packages/airflow/example_dags/example_complex.py
[2024-05-09T15:17:18.401+0000] {processor.py:758} INFO - Processing file /home/airflow/.local/lib/python3.7/site-packages/airflow/example_dags/example_complex.py for tasks to queue
[2024-05-09T15:17:18.401+0000] {logging_mixin.py:117} INFO - [2024-05-09T15:17:18.401+0000] {dagbag.py:525} INFO - Filling up the DagBag from /home/airflow/.local/lib/python3.7/site-packages/airflow/example_dags/example_complex.py
[2024-05-09T15:17:18.418+0000] {processor.py:768} INFO - DAG(s) dict_keys(['example_complex']) retrieved from /home/airflow/.local/lib/python3.7/site-packages/airflow/example_dags/example_complex.py
[2024-05-09T15:17:18.564+0000] {logging_mixin.py:117} INFO - [2024-05-09T15:17:18.564+0000] {dag.py:2573} INFO - Sync 1 DAGs
[2024-05-09T15:17:18.583+0000] {logging_mixin.py:117} INFO - [2024-05-09T15:17:18.583+0000] {dag.py:3328} INFO - Setting next_dagrun for example_complex to None, run_after=None
[2024-05-09T15:17:18.603+0000] {processor.py:178} INFO - Processing /home/airflow/.local/lib/python3.7/site-packages/airflow/example_dags/example_complex.py took 0.206 seconds
[2024-05-09T15:17:49.179+0000] {processor.py:156} INFO - Started process (PID=1335) to work on /home/airflow/.local/lib/python3.7/site-packages/airflow/example_dags/example_complex.py
[2024-05-09T15:17:49.180+0000] {processor.py:758} INFO - Processing file /home/airflow/.local/lib/python3.7/site-packages/airflow/example_dags/example_complex.py for tasks to queue
[2024-05-09T15:17:49.180+0000] {logging_mixin.py:117} INFO - [2024-05-09T15:17:49.180+0000] {dagbag.py:525} INFO - Filling up the DagBag from /home/airflow/.local/lib/python3.7/site-packages/airflow/example_dags/example_complex.py
[2024-05-09T15:17:49.346+0000] {processor.py:768} INFO - DAG(s) dict_keys(['example_complex']) retrieved from /home/airflow/.local/lib/python3.7/site-packages/airflow/example_dags/example_complex.py
[2024-05-09T15:17:49.390+0000] {logging_mixin.py:117} INFO - [2024-05-09T15:17:49.390+0000] {dag.py:2573} INFO - Sync 1 DAGs
[2024-05-09T15:17:49.414+0000] {logging_mixin.py:117} INFO - [2024-05-09T15:17:49.414+0000] {dag.py:3328} INFO - Setting next_dagrun for example_complex to None, run_after=None
[2024-05-09T15:17:49.437+0000] {processor.py:178} INFO - Processing /home/airflow/.local/lib/python3.7/site-packages/airflow/example_dags/example_complex.py took 0.261 seconds
[2024-05-09T15:18:20.041+0000] {processor.py:156} INFO - Started process (PID=1540) to work on /home/airflow/.local/lib/python3.7/site-packages/airflow/example_dags/example_complex.py
[2024-05-09T15:18:20.041+0000] {processor.py:758} INFO - Processing file /home/airflow/.local/lib/python3.7/site-packages/airflow/example_dags/example_complex.py for tasks to queue
[2024-05-09T15:18:20.042+0000] {logging_mixin.py:117} INFO - [2024-05-09T15:18:20.042+0000] {dagbag.py:525} INFO - Filling up the DagBag from /home/airflow/.local/lib/python3.7/site-packages/airflow/example_dags/example_complex.py
[2024-05-09T15:18:20.069+0000] {processor.py:768} INFO - DAG(s) dict_keys(['example_complex']) retrieved from /home/airflow/.local/lib/python3.7/site-packages/airflow/example_dags/example_complex.py
[2024-05-09T15:18:20.118+0000] {logging_mixin.py:117} INFO - [2024-05-09T15:18:20.118+0000] {dag.py:2573} INFO - Sync 1 DAGs
[2024-05-09T15:18:20.139+0000] {logging_mixin.py:117} INFO - [2024-05-09T15:18:20.138+0000] {dag.py:3328} INFO - Setting next_dagrun for example_complex to None, run_after=None
[2024-05-09T15:18:20.159+0000] {processor.py:178} INFO - Processing /home/airflow/.local/lib/python3.7/site-packages/airflow/example_dags/example_complex.py took 0.122 seconds
[2024-05-09T15:18:51.062+0000] {processor.py:156} INFO - Started process (PID=1754) to work on /home/airflow/.local/lib/python3.7/site-packages/airflow/example_dags/example_complex.py
[2024-05-09T15:18:51.062+0000] {processor.py:758} INFO - Processing file /home/airflow/.local/lib/python3.7/site-packages/airflow/example_dags/example_complex.py for tasks to queue
[2024-05-09T15:18:51.063+0000] {logging_mixin.py:117} INFO - [2024-05-09T15:18:51.063+0000] {dagbag.py:525} INFO - Filling up the DagBag from /home/airflow/.local/lib/python3.7/site-packages/airflow/example_dags/example_complex.py
[2024-05-09T15:18:51.081+0000] {processor.py:768} INFO - DAG(s) dict_keys(['example_complex']) retrieved from /home/airflow/.local/lib/python3.7/site-packages/airflow/example_dags/example_complex.py
[2024-05-09T15:18:51.118+0000] {logging_mixin.py:117} INFO - [2024-05-09T15:18:51.118+0000] {dag.py:2573} INFO - Sync 1 DAGs
[2024-05-09T15:18:51.148+0000] {logging_mixin.py:117} INFO - [2024-05-09T15:18:51.148+0000] {dag.py:3328} INFO - Setting next_dagrun for example_complex to None, run_after=None
[2024-05-09T15:18:51.174+0000] {processor.py:178} INFO - Processing /home/airflow/.local/lib/python3.7/site-packages/airflow/example_dags/example_complex.py took 0.115 seconds
[2024-05-09T15:19:21.941+0000] {processor.py:156} INFO - Started process (PID=1968) to work on /home/airflow/.local/lib/python3.7/site-packages/airflow/example_dags/example_complex.py
[2024-05-09T15:19:21.941+0000] {processor.py:758} INFO - Processing file /home/airflow/.local/lib/python3.7/site-packages/airflow/example_dags/example_complex.py for tasks to queue
[2024-05-09T15:19:21.942+0000] {logging_mixin.py:117} INFO - [2024-05-09T15:19:21.942+0000] {dagbag.py:525} INFO - Filling up the DagBag from /home/airflow/.local/lib/python3.7/site-packages/airflow/example_dags/example_complex.py
[2024-05-09T15:19:21.960+0000] {processor.py:768} INFO - DAG(s) dict_keys(['example_complex']) retrieved from /home/airflow/.local/lib/python3.7/site-packages/airflow/example_dags/example_complex.py
[2024-05-09T15:19:22.001+0000] {logging_mixin.py:117} INFO - [2024-05-09T15:19:22.001+0000] {dag.py:2573} INFO - Sync 1 DAGs
[2024-05-09T15:19:22.021+0000] {logging_mixin.py:117} INFO - [2024-05-09T15:19:22.021+0000] {dag.py:3328} INFO - Setting next_dagrun for example_complex to None, run_after=None
[2024-05-09T15:19:22.046+0000] {processor.py:178} INFO - Processing /home/airflow/.local/lib/python3.7/site-packages/airflow/example_dags/example_complex.py took 0.107 seconds
[2024-05-09T15:19:52.703+0000] {processor.py:156} INFO - Started process (PID=2182) to work on /home/airflow/.local/lib/python3.7/site-packages/airflow/example_dags/example_complex.py
[2024-05-09T15:19:52.704+0000] {processor.py:758} INFO - Processing file /home/airflow/.local/lib/python3.7/site-packages/airflow/example_dags/example_complex.py for tasks to queue
[2024-05-09T15:19:52.705+0000] {logging_mixin.py:117} INFO - [2024-05-09T15:19:52.705+0000] {dagbag.py:525} INFO - Filling up the DagBag from /home/airflow/.local/lib/python3.7/site-packages/airflow/example_dags/example_complex.py
[2024-05-09T15:19:52.733+0000] {processor.py:768} INFO - DAG(s) dict_keys(['example_complex']) retrieved from /home/airflow/.local/lib/python3.7/site-packages/airflow/example_dags/example_complex.py
[2024-05-09T15:19:52.787+0000] {logging_mixin.py:117} INFO - [2024-05-09T15:19:52.787+0000] {dag.py:2573} INFO - Sync 1 DAGs
[2024-05-09T15:19:52.817+0000] {logging_mixin.py:117} INFO - [2024-05-09T15:19:52.817+0000] {dag.py:3328} INFO - Setting next_dagrun for example_complex to None, run_after=None
[2024-05-09T15:19:52.840+0000] {processor.py:178} INFO - Processing /home/airflow/.local/lib/python3.7/site-packages/airflow/example_dags/example_complex.py took 0.139 seconds
[2024-05-09T15:20:23.447+0000] {processor.py:156} INFO - Started process (PID=2386) to work on /home/airflow/.local/lib/python3.7/site-packages/airflow/example_dags/example_complex.py
[2024-05-09T15:20:23.447+0000] {processor.py:758} INFO - Processing file /home/airflow/.local/lib/python3.7/site-packages/airflow/example_dags/example_complex.py for tasks to queue
[2024-05-09T15:20:23.448+0000] {logging_mixin.py:117} INFO - [2024-05-09T15:20:23.448+0000] {dagbag.py:525} INFO - Filling up the DagBag from /home/airflow/.local/lib/python3.7/site-packages/airflow/example_dags/example_complex.py
[2024-05-09T15:20:23.474+0000] {processor.py:768} INFO - DAG(s) dict_keys(['example_complex']) retrieved from /home/airflow/.local/lib/python3.7/site-packages/airflow/example_dags/example_complex.py
[2024-05-09T15:20:23.523+0000] {logging_mixin.py:117} INFO - [2024-05-09T15:20:23.523+0000] {dag.py:2573} INFO - Sync 1 DAGs
[2024-05-09T15:20:23.549+0000] {logging_mixin.py:117} INFO - [2024-05-09T15:20:23.549+0000] {dag.py:3328} INFO - Setting next_dagrun for example_complex to None, run_after=None
[2024-05-09T15:20:23.571+0000] {processor.py:178} INFO - Processing /home/airflow/.local/lib/python3.7/site-packages/airflow/example_dags/example_complex.py took 0.127 seconds
[2024-05-09T15:20:54.365+0000] {processor.py:156} INFO - Started process (PID=2599) to work on /home/airflow/.local/lib/python3.7/site-packages/airflow/example_dags/example_complex.py
[2024-05-09T15:20:54.366+0000] {processor.py:758} INFO - Processing file /home/airflow/.local/lib/python3.7/site-packages/airflow/example_dags/example_complex.py for tasks to queue
[2024-05-09T15:20:54.367+0000] {logging_mixin.py:117} INFO - [2024-05-09T15:20:54.367+0000] {dagbag.py:525} INFO - Filling up the DagBag from /home/airflow/.local/lib/python3.7/site-packages/airflow/example_dags/example_complex.py
[2024-05-09T15:20:54.394+0000] {processor.py:768} INFO - DAG(s) dict_keys(['example_complex']) retrieved from /home/airflow/.local/lib/python3.7/site-packages/airflow/example_dags/example_complex.py
[2024-05-09T15:20:54.431+0000] {logging_mixin.py:117} INFO - [2024-05-09T15:20:54.431+0000] {dag.py:2573} INFO - Sync 1 DAGs
[2024-05-09T15:20:54.450+0000] {logging_mixin.py:117} INFO - [2024-05-09T15:20:54.450+0000] {dag.py:3328} INFO - Setting next_dagrun for example_complex to None, run_after=None
[2024-05-09T15:20:54.470+0000] {processor.py:178} INFO - Processing /home/airflow/.local/lib/python3.7/site-packages/airflow/example_dags/example_complex.py took 0.107 seconds
[2024-05-09T16:29:53.484+0000] {processor.py:156} INFO - Started process (PID=275) to work on /home/airflow/.local/lib/python3.7/site-packages/airflow/example_dags/example_complex.py
[2024-05-09T16:29:53.487+0000] {processor.py:758} INFO - Processing file /home/airflow/.local/lib/python3.7/site-packages/airflow/example_dags/example_complex.py for tasks to queue
[2024-05-09T16:29:53.487+0000] {logging_mixin.py:117} INFO - [2024-05-09T16:29:53.487+0000] {dagbag.py:525} INFO - Filling up the DagBag from /home/airflow/.local/lib/python3.7/site-packages/airflow/example_dags/example_complex.py
[2024-05-09T16:29:53.507+0000] {processor.py:768} INFO - DAG(s) dict_keys(['example_complex']) retrieved from /home/airflow/.local/lib/python3.7/site-packages/airflow/example_dags/example_complex.py
[2024-05-09T16:29:53.561+0000] {logging_mixin.py:117} INFO - [2024-05-09T16:29:53.560+0000] {dag.py:2573} INFO - Sync 1 DAGs
[2024-05-09T16:29:53.593+0000] {logging_mixin.py:117} INFO - [2024-05-09T16:29:53.593+0000] {dag.py:3328} INFO - Setting next_dagrun for example_complex to None, run_after=None
[2024-05-09T16:29:53.618+0000] {processor.py:178} INFO - Processing /home/airflow/.local/lib/python3.7/site-packages/airflow/example_dags/example_complex.py took 0.137 seconds
[2024-05-09T16:30:27.306+0000] {processor.py:156} INFO - Started process (PID=265) to work on /home/airflow/.local/lib/python3.7/site-packages/airflow/example_dags/example_complex.py
[2024-05-09T16:30:27.307+0000] {processor.py:758} INFO - Processing file /home/airflow/.local/lib/python3.7/site-packages/airflow/example_dags/example_complex.py for tasks to queue
[2024-05-09T16:30:27.307+0000] {logging_mixin.py:117} INFO - [2024-05-09T16:30:27.307+0000] {dagbag.py:525} INFO - Filling up the DagBag from /home/airflow/.local/lib/python3.7/site-packages/airflow/example_dags/example_complex.py
[2024-05-09T16:30:27.332+0000] {processor.py:768} INFO - DAG(s) dict_keys(['example_complex']) retrieved from /home/airflow/.local/lib/python3.7/site-packages/airflow/example_dags/example_complex.py
[2024-05-09T16:30:27.377+0000] {logging_mixin.py:117} INFO - [2024-05-09T16:30:27.377+0000] {dag.py:2573} INFO - Sync 1 DAGs
[2024-05-09T16:30:27.406+0000] {logging_mixin.py:117} INFO - [2024-05-09T16:30:27.405+0000] {dag.py:3328} INFO - Setting next_dagrun for example_complex to None, run_after=None
[2024-05-09T16:30:27.428+0000] {processor.py:178} INFO - Processing /home/airflow/.local/lib/python3.7/site-packages/airflow/example_dags/example_complex.py took 0.124 seconds
[2024-05-09T16:30:58.121+0000] {processor.py:156} INFO - Started process (PID=480) to work on /home/airflow/.local/lib/python3.7/site-packages/airflow/example_dags/example_complex.py
[2024-05-09T16:30:58.122+0000] {processor.py:758} INFO - Processing file /home/airflow/.local/lib/python3.7/site-packages/airflow/example_dags/example_complex.py for tasks to queue
[2024-05-09T16:30:58.123+0000] {logging_mixin.py:117} INFO - [2024-05-09T16:30:58.123+0000] {dagbag.py:525} INFO - Filling up the DagBag from /home/airflow/.local/lib/python3.7/site-packages/airflow/example_dags/example_complex.py
[2024-05-09T16:30:58.144+0000] {processor.py:768} INFO - DAG(s) dict_keys(['example_complex']) retrieved from /home/airflow/.local/lib/python3.7/site-packages/airflow/example_dags/example_complex.py
[2024-05-09T16:30:58.191+0000] {logging_mixin.py:117} INFO - [2024-05-09T16:30:58.191+0000] {dag.py:2573} INFO - Sync 1 DAGs
[2024-05-09T16:30:58.213+0000] {logging_mixin.py:117} INFO - [2024-05-09T16:30:58.212+0000] {dag.py:3328} INFO - Setting next_dagrun for example_complex to None, run_after=None
[2024-05-09T16:30:58.236+0000] {processor.py:178} INFO - Processing /home/airflow/.local/lib/python3.7/site-packages/airflow/example_dags/example_complex.py took 0.118 seconds
[2024-05-09T16:31:29.478+0000] {processor.py:156} INFO - Started process (PID=692) to work on /home/airflow/.local/lib/python3.7/site-packages/airflow/example_dags/example_complex.py
[2024-05-09T16:31:29.479+0000] {processor.py:758} INFO - Processing file /home/airflow/.local/lib/python3.7/site-packages/airflow/example_dags/example_complex.py for tasks to queue
[2024-05-09T16:31:29.479+0000] {logging_mixin.py:117} INFO - [2024-05-09T16:31:29.479+0000] {dagbag.py:525} INFO - Filling up the DagBag from /home/airflow/.local/lib/python3.7/site-packages/airflow/example_dags/example_complex.py
[2024-05-09T16:31:29.497+0000] {processor.py:768} INFO - DAG(s) dict_keys(['example_complex']) retrieved from /home/airflow/.local/lib/python3.7/site-packages/airflow/example_dags/example_complex.py
[2024-05-09T16:31:29.539+0000] {logging_mixin.py:117} INFO - [2024-05-09T16:31:29.539+0000] {dag.py:2573} INFO - Sync 1 DAGs
[2024-05-09T16:31:29.561+0000] {logging_mixin.py:117} INFO - [2024-05-09T16:31:29.561+0000] {dag.py:3328} INFO - Setting next_dagrun for example_complex to None, run_after=None
[2024-05-09T16:31:29.583+0000] {processor.py:178} INFO - Processing /home/airflow/.local/lib/python3.7/site-packages/airflow/example_dags/example_complex.py took 0.107 seconds
[2024-05-09T16:32:00.390+0000] {processor.py:156} INFO - Started process (PID=897) to work on /home/airflow/.local/lib/python3.7/site-packages/airflow/example_dags/example_complex.py
[2024-05-09T16:32:00.391+0000] {processor.py:758} INFO - Processing file /home/airflow/.local/lib/python3.7/site-packages/airflow/example_dags/example_complex.py for tasks to queue
[2024-05-09T16:32:00.391+0000] {logging_mixin.py:117} INFO - [2024-05-09T16:32:00.391+0000] {dagbag.py:525} INFO - Filling up the DagBag from /home/airflow/.local/lib/python3.7/site-packages/airflow/example_dags/example_complex.py
[2024-05-09T16:32:00.411+0000] {processor.py:768} INFO - DAG(s) dict_keys(['example_complex']) retrieved from /home/airflow/.local/lib/python3.7/site-packages/airflow/example_dags/example_complex.py
[2024-05-09T16:32:00.455+0000] {logging_mixin.py:117} INFO - [2024-05-09T16:32:00.454+0000] {dag.py:2573} INFO - Sync 1 DAGs
[2024-05-09T16:32:00.477+0000] {logging_mixin.py:117} INFO - [2024-05-09T16:32:00.477+0000] {dag.py:3328} INFO - Setting next_dagrun for example_complex to None, run_after=None
[2024-05-09T16:32:00.498+0000] {processor.py:178} INFO - Processing /home/airflow/.local/lib/python3.7/site-packages/airflow/example_dags/example_complex.py took 0.111 seconds
[2024-05-09T16:32:31.535+0000] {processor.py:156} INFO - Started process (PID=1110) to work on /home/airflow/.local/lib/python3.7/site-packages/airflow/example_dags/example_complex.py
[2024-05-09T16:32:31.536+0000] {processor.py:758} INFO - Processing file /home/airflow/.local/lib/python3.7/site-packages/airflow/example_dags/example_complex.py for tasks to queue
[2024-05-09T16:32:31.537+0000] {logging_mixin.py:117} INFO - [2024-05-09T16:32:31.537+0000] {dagbag.py:525} INFO - Filling up the DagBag from /home/airflow/.local/lib/python3.7/site-packages/airflow/example_dags/example_complex.py
[2024-05-09T16:32:31.564+0000] {processor.py:768} INFO - DAG(s) dict_keys(['example_complex']) retrieved from /home/airflow/.local/lib/python3.7/site-packages/airflow/example_dags/example_complex.py
[2024-05-09T16:32:31.612+0000] {logging_mixin.py:117} INFO - [2024-05-09T16:32:31.612+0000] {dag.py:2573} INFO - Sync 1 DAGs
[2024-05-09T16:32:31.635+0000] {logging_mixin.py:117} INFO - [2024-05-09T16:32:31.635+0000] {dag.py:3328} INFO - Setting next_dagrun for example_complex to None, run_after=None
[2024-05-09T16:32:31.657+0000] {processor.py:178} INFO - Processing /home/airflow/.local/lib/python3.7/site-packages/airflow/example_dags/example_complex.py took 0.125 seconds
[2024-05-09T16:33:02.398+0000] {processor.py:156} INFO - Started process (PID=1323) to work on /home/airflow/.local/lib/python3.7/site-packages/airflow/example_dags/example_complex.py
[2024-05-09T16:33:02.399+0000] {processor.py:758} INFO - Processing file /home/airflow/.local/lib/python3.7/site-packages/airflow/example_dags/example_complex.py for tasks to queue
[2024-05-09T16:33:02.399+0000] {logging_mixin.py:117} INFO - [2024-05-09T16:33:02.399+0000] {dagbag.py:525} INFO - Filling up the DagBag from /home/airflow/.local/lib/python3.7/site-packages/airflow/example_dags/example_complex.py
[2024-05-09T16:33:02.418+0000] {processor.py:768} INFO - DAG(s) dict_keys(['example_complex']) retrieved from /home/airflow/.local/lib/python3.7/site-packages/airflow/example_dags/example_complex.py
[2024-05-09T16:33:02.463+0000] {logging_mixin.py:117} INFO - [2024-05-09T16:33:02.462+0000] {dag.py:2573} INFO - Sync 1 DAGs
[2024-05-09T16:33:02.597+0000] {logging_mixin.py:117} INFO - [2024-05-09T16:33:02.597+0000] {dag.py:3328} INFO - Setting next_dagrun for example_complex to None, run_after=None
[2024-05-09T16:33:02.619+0000] {processor.py:178} INFO - Processing /home/airflow/.local/lib/python3.7/site-packages/airflow/example_dags/example_complex.py took 0.224 seconds
[2024-05-09T16:33:33.870+0000] {processor.py:156} INFO - Started process (PID=1536) to work on /home/airflow/.local/lib/python3.7/site-packages/airflow/example_dags/example_complex.py
[2024-05-09T16:33:33.870+0000] {processor.py:758} INFO - Processing file /home/airflow/.local/lib/python3.7/site-packages/airflow/example_dags/example_complex.py for tasks to queue
[2024-05-09T16:33:33.871+0000] {logging_mixin.py:117} INFO - [2024-05-09T16:33:33.871+0000] {dagbag.py:525} INFO - Filling up the DagBag from /home/airflow/.local/lib/python3.7/site-packages/airflow/example_dags/example_complex.py
[2024-05-09T16:33:33.893+0000] {processor.py:768} INFO - DAG(s) dict_keys(['example_complex']) retrieved from /home/airflow/.local/lib/python3.7/site-packages/airflow/example_dags/example_complex.py
[2024-05-09T16:33:34.044+0000] {logging_mixin.py:117} INFO - [2024-05-09T16:33:34.044+0000] {dag.py:2573} INFO - Sync 1 DAGs
[2024-05-09T16:33:34.064+0000] {logging_mixin.py:117} INFO - [2024-05-09T16:33:34.064+0000] {dag.py:3328} INFO - Setting next_dagrun for example_complex to None, run_after=None
[2024-05-09T16:33:34.086+0000] {processor.py:178} INFO - Processing /home/airflow/.local/lib/python3.7/site-packages/airflow/example_dags/example_complex.py took 0.219 seconds
[2024-05-09T16:34:04.506+0000] {processor.py:156} INFO - Started process (PID=1742) to work on /home/airflow/.local/lib/python3.7/site-packages/airflow/example_dags/example_complex.py
[2024-05-09T16:34:04.507+0000] {processor.py:758} INFO - Processing file /home/airflow/.local/lib/python3.7/site-packages/airflow/example_dags/example_complex.py for tasks to queue
[2024-05-09T16:34:04.508+0000] {logging_mixin.py:117} INFO - [2024-05-09T16:34:04.507+0000] {dagbag.py:525} INFO - Filling up the DagBag from /home/airflow/.local/lib/python3.7/site-packages/airflow/example_dags/example_complex.py
[2024-05-09T16:34:04.529+0000] {processor.py:768} INFO - DAG(s) dict_keys(['example_complex']) retrieved from /home/airflow/.local/lib/python3.7/site-packages/airflow/example_dags/example_complex.py
[2024-05-09T16:34:04.676+0000] {logging_mixin.py:117} INFO - [2024-05-09T16:34:04.676+0000] {dag.py:2573} INFO - Sync 1 DAGs
[2024-05-09T16:34:04.695+0000] {logging_mixin.py:117} INFO - [2024-05-09T16:34:04.694+0000] {dag.py:3328} INFO - Setting next_dagrun for example_complex to None, run_after=None
[2024-05-09T16:34:04.713+0000] {processor.py:178} INFO - Processing /home/airflow/.local/lib/python3.7/site-packages/airflow/example_dags/example_complex.py took 0.209 seconds
[2024-05-09T16:34:35.228+0000] {processor.py:156} INFO - Started process (PID=1958) to work on /home/airflow/.local/lib/python3.7/site-packages/airflow/example_dags/example_complex.py
[2024-05-09T16:34:35.229+0000] {processor.py:758} INFO - Processing file /home/airflow/.local/lib/python3.7/site-packages/airflow/example_dags/example_complex.py for tasks to queue
[2024-05-09T16:34:35.230+0000] {logging_mixin.py:117} INFO - [2024-05-09T16:34:35.230+0000] {dagbag.py:525} INFO - Filling up the DagBag from /home/airflow/.local/lib/python3.7/site-packages/airflow/example_dags/example_complex.py
[2024-05-09T16:34:35.255+0000] {processor.py:768} INFO - DAG(s) dict_keys(['example_complex']) retrieved from /home/airflow/.local/lib/python3.7/site-packages/airflow/example_dags/example_complex.py
[2024-05-09T16:34:35.396+0000] {logging_mixin.py:117} INFO - [2024-05-09T16:34:35.396+0000] {dag.py:2573} INFO - Sync 1 DAGs
[2024-05-09T16:34:35.414+0000] {logging_mixin.py:117} INFO - [2024-05-09T16:34:35.413+0000] {dag.py:3328} INFO - Setting next_dagrun for example_complex to None, run_after=None
[2024-05-09T16:34:35.433+0000] {processor.py:178} INFO - Processing /home/airflow/.local/lib/python3.7/site-packages/airflow/example_dags/example_complex.py took 0.207 seconds
[2024-05-09T16:35:05.556+0000] {processor.py:156} INFO - Started process (PID=2169) to work on /home/airflow/.local/lib/python3.7/site-packages/airflow/example_dags/example_complex.py
[2024-05-09T16:35:05.557+0000] {processor.py:758} INFO - Processing file /home/airflow/.local/lib/python3.7/site-packages/airflow/example_dags/example_complex.py for tasks to queue
[2024-05-09T16:35:05.557+0000] {logging_mixin.py:117} INFO - [2024-05-09T16:35:05.557+0000] {dagbag.py:525} INFO - Filling up the DagBag from /home/airflow/.local/lib/python3.7/site-packages/airflow/example_dags/example_complex.py
[2024-05-09T16:35:05.576+0000] {processor.py:768} INFO - DAG(s) dict_keys(['example_complex']) retrieved from /home/airflow/.local/lib/python3.7/site-packages/airflow/example_dags/example_complex.py
[2024-05-09T16:35:05.614+0000] {logging_mixin.py:117} INFO - [2024-05-09T16:35:05.614+0000] {dag.py:2573} INFO - Sync 1 DAGs
[2024-05-09T16:35:05.635+0000] {logging_mixin.py:117} INFO - [2024-05-09T16:35:05.635+0000] {dag.py:3328} INFO - Setting next_dagrun for example_complex to None, run_after=None
[2024-05-09T16:35:05.772+0000] {processor.py:178} INFO - Processing /home/airflow/.local/lib/python3.7/site-packages/airflow/example_dags/example_complex.py took 0.218 seconds
[2024-05-09T16:35:36.177+0000] {processor.py:156} INFO - Started process (PID=2380) to work on /home/airflow/.local/lib/python3.7/site-packages/airflow/example_dags/example_complex.py
[2024-05-09T16:35:36.178+0000] {processor.py:758} INFO - Processing file /home/airflow/.local/lib/python3.7/site-packages/airflow/example_dags/example_complex.py for tasks to queue
[2024-05-09T16:35:36.179+0000] {logging_mixin.py:117} INFO - [2024-05-09T16:35:36.179+0000] {dagbag.py:525} INFO - Filling up the DagBag from /home/airflow/.local/lib/python3.7/site-packages/airflow/example_dags/example_complex.py
[2024-05-09T16:35:36.206+0000] {processor.py:768} INFO - DAG(s) dict_keys(['example_complex']) retrieved from /home/airflow/.local/lib/python3.7/site-packages/airflow/example_dags/example_complex.py
[2024-05-09T16:35:36.263+0000] {logging_mixin.py:117} INFO - [2024-05-09T16:35:36.262+0000] {dag.py:2573} INFO - Sync 1 DAGs
[2024-05-09T16:35:36.451+0000] {logging_mixin.py:117} INFO - [2024-05-09T16:35:36.451+0000] {dag.py:3328} INFO - Setting next_dagrun for example_complex to None, run_after=None
[2024-05-09T16:35:36.475+0000] {processor.py:178} INFO - Processing /home/airflow/.local/lib/python3.7/site-packages/airflow/example_dags/example_complex.py took 0.301 seconds
[2024-05-09T16:36:06.662+0000] {processor.py:156} INFO - Started process (PID=2586) to work on /home/airflow/.local/lib/python3.7/site-packages/airflow/example_dags/example_complex.py
[2024-05-09T16:36:06.663+0000] {processor.py:758} INFO - Processing file /home/airflow/.local/lib/python3.7/site-packages/airflow/example_dags/example_complex.py for tasks to queue
[2024-05-09T16:36:06.663+0000] {logging_mixin.py:117} INFO - [2024-05-09T16:36:06.663+0000] {dagbag.py:525} INFO - Filling up the DagBag from /home/airflow/.local/lib/python3.7/site-packages/airflow/example_dags/example_complex.py
[2024-05-09T16:36:06.689+0000] {processor.py:768} INFO - DAG(s) dict_keys(['example_complex']) retrieved from /home/airflow/.local/lib/python3.7/site-packages/airflow/example_dags/example_complex.py
[2024-05-09T16:36:06.847+0000] {logging_mixin.py:117} INFO - [2024-05-09T16:36:06.847+0000] {dag.py:2573} INFO - Sync 1 DAGs
[2024-05-09T16:36:06.865+0000] {logging_mixin.py:117} INFO - [2024-05-09T16:36:06.865+0000] {dag.py:3328} INFO - Setting next_dagrun for example_complex to None, run_after=None
[2024-05-09T16:36:06.886+0000] {processor.py:178} INFO - Processing /home/airflow/.local/lib/python3.7/site-packages/airflow/example_dags/example_complex.py took 0.227 seconds
[2024-05-09T16:36:36.923+0000] {processor.py:156} INFO - Started process (PID=2799) to work on /home/airflow/.local/lib/python3.7/site-packages/airflow/example_dags/example_complex.py
[2024-05-09T16:36:36.924+0000] {processor.py:758} INFO - Processing file /home/airflow/.local/lib/python3.7/site-packages/airflow/example_dags/example_complex.py for tasks to queue
[2024-05-09T16:36:36.924+0000] {logging_mixin.py:117} INFO - [2024-05-09T16:36:36.924+0000] {dagbag.py:525} INFO - Filling up the DagBag from /home/airflow/.local/lib/python3.7/site-packages/airflow/example_dags/example_complex.py
[2024-05-09T16:36:36.952+0000] {processor.py:768} INFO - DAG(s) dict_keys(['example_complex']) retrieved from /home/airflow/.local/lib/python3.7/site-packages/airflow/example_dags/example_complex.py
[2024-05-09T16:36:37.128+0000] {logging_mixin.py:117} INFO - [2024-05-09T16:36:37.128+0000] {dag.py:2573} INFO - Sync 1 DAGs
[2024-05-09T16:36:37.149+0000] {logging_mixin.py:117} INFO - [2024-05-09T16:36:37.149+0000] {dag.py:3328} INFO - Setting next_dagrun for example_complex to None, run_after=None
[2024-05-09T16:36:37.169+0000] {processor.py:178} INFO - Processing /home/airflow/.local/lib/python3.7/site-packages/airflow/example_dags/example_complex.py took 0.249 seconds
[2024-05-09T16:37:08.447+0000] {processor.py:156} INFO - Started process (PID=3014) to work on /home/airflow/.local/lib/python3.7/site-packages/airflow/example_dags/example_complex.py
[2024-05-09T16:37:08.448+0000] {processor.py:758} INFO - Processing file /home/airflow/.local/lib/python3.7/site-packages/airflow/example_dags/example_complex.py for tasks to queue
[2024-05-09T16:37:08.449+0000] {logging_mixin.py:117} INFO - [2024-05-09T16:37:08.449+0000] {dagbag.py:525} INFO - Filling up the DagBag from /home/airflow/.local/lib/python3.7/site-packages/airflow/example_dags/example_complex.py
[2024-05-09T16:37:08.476+0000] {processor.py:768} INFO - DAG(s) dict_keys(['example_complex']) retrieved from /home/airflow/.local/lib/python3.7/site-packages/airflow/example_dags/example_complex.py
[2024-05-09T16:37:08.538+0000] {logging_mixin.py:117} INFO - [2024-05-09T16:37:08.538+0000] {dag.py:2573} INFO - Sync 1 DAGs
[2024-05-09T16:37:08.569+0000] {logging_mixin.py:117} INFO - [2024-05-09T16:37:08.569+0000] {dag.py:3328} INFO - Setting next_dagrun for example_complex to None, run_after=None
[2024-05-09T16:37:08.725+0000] {processor.py:178} INFO - Processing /home/airflow/.local/lib/python3.7/site-packages/airflow/example_dags/example_complex.py took 0.281 seconds
[2024-05-09T16:37:38.893+0000] {processor.py:156} INFO - Started process (PID=3216) to work on /home/airflow/.local/lib/python3.7/site-packages/airflow/example_dags/example_complex.py
[2024-05-09T16:37:38.894+0000] {processor.py:758} INFO - Processing file /home/airflow/.local/lib/python3.7/site-packages/airflow/example_dags/example_complex.py for tasks to queue
[2024-05-09T16:37:38.895+0000] {logging_mixin.py:117} INFO - [2024-05-09T16:37:38.894+0000] {dagbag.py:525} INFO - Filling up the DagBag from /home/airflow/.local/lib/python3.7/site-packages/airflow/example_dags/example_complex.py
[2024-05-09T16:37:38.913+0000] {processor.py:768} INFO - DAG(s) dict_keys(['example_complex']) retrieved from /home/airflow/.local/lib/python3.7/site-packages/airflow/example_dags/example_complex.py
[2024-05-09T16:37:38.958+0000] {logging_mixin.py:117} INFO - [2024-05-09T16:37:38.957+0000] {dag.py:2573} INFO - Sync 1 DAGs
[2024-05-09T16:37:39.090+0000] {logging_mixin.py:117} INFO - [2024-05-09T16:37:39.090+0000] {dag.py:3328} INFO - Setting next_dagrun for example_complex to None, run_after=None
[2024-05-09T16:37:39.115+0000] {processor.py:178} INFO - Processing /home/airflow/.local/lib/python3.7/site-packages/airflow/example_dags/example_complex.py took 0.224 seconds
[2024-05-09T16:38:09.626+0000] {processor.py:156} INFO - Started process (PID=3429) to work on /home/airflow/.local/lib/python3.7/site-packages/airflow/example_dags/example_complex.py
[2024-05-09T16:38:09.626+0000] {processor.py:758} INFO - Processing file /home/airflow/.local/lib/python3.7/site-packages/airflow/example_dags/example_complex.py for tasks to queue
[2024-05-09T16:38:09.627+0000] {logging_mixin.py:117} INFO - [2024-05-09T16:38:09.627+0000] {dagbag.py:525} INFO - Filling up the DagBag from /home/airflow/.local/lib/python3.7/site-packages/airflow/example_dags/example_complex.py
[2024-05-09T16:38:09.648+0000] {processor.py:768} INFO - DAG(s) dict_keys(['example_complex']) retrieved from /home/airflow/.local/lib/python3.7/site-packages/airflow/example_dags/example_complex.py
[2024-05-09T16:38:09.828+0000] {logging_mixin.py:117} INFO - [2024-05-09T16:38:09.827+0000] {dag.py:2573} INFO - Sync 1 DAGs
[2024-05-09T16:38:09.858+0000] {logging_mixin.py:117} INFO - [2024-05-09T16:38:09.858+0000] {dag.py:3328} INFO - Setting next_dagrun for example_complex to None, run_after=None
[2024-05-09T16:38:09.881+0000] {processor.py:178} INFO - Processing /home/airflow/.local/lib/python3.7/site-packages/airflow/example_dags/example_complex.py took 0.259 seconds
[2024-05-09T16:38:40.087+0000] {processor.py:156} INFO - Started process (PID=3643) to work on /home/airflow/.local/lib/python3.7/site-packages/airflow/example_dags/example_complex.py
[2024-05-09T16:38:40.087+0000] {processor.py:758} INFO - Processing file /home/airflow/.local/lib/python3.7/site-packages/airflow/example_dags/example_complex.py for tasks to queue
[2024-05-09T16:38:40.088+0000] {logging_mixin.py:117} INFO - [2024-05-09T16:38:40.088+0000] {dagbag.py:525} INFO - Filling up the DagBag from /home/airflow/.local/lib/python3.7/site-packages/airflow/example_dags/example_complex.py
[2024-05-09T16:38:40.112+0000] {processor.py:768} INFO - DAG(s) dict_keys(['example_complex']) retrieved from /home/airflow/.local/lib/python3.7/site-packages/airflow/example_dags/example_complex.py
[2024-05-09T16:38:40.262+0000] {logging_mixin.py:117} INFO - [2024-05-09T16:38:40.262+0000] {dag.py:2573} INFO - Sync 1 DAGs
[2024-05-09T16:38:40.281+0000] {logging_mixin.py:117} INFO - [2024-05-09T16:38:40.280+0000] {dag.py:3328} INFO - Setting next_dagrun for example_complex to None, run_after=None
[2024-05-09T16:38:40.299+0000] {processor.py:178} INFO - Processing /home/airflow/.local/lib/python3.7/site-packages/airflow/example_dags/example_complex.py took 0.215 seconds
[2024-05-09T16:39:11.016+0000] {processor.py:156} INFO - Started process (PID=3856) to work on /home/airflow/.local/lib/python3.7/site-packages/airflow/example_dags/example_complex.py
[2024-05-09T16:39:11.017+0000] {processor.py:758} INFO - Processing file /home/airflow/.local/lib/python3.7/site-packages/airflow/example_dags/example_complex.py for tasks to queue
[2024-05-09T16:39:11.017+0000] {logging_mixin.py:117} INFO - [2024-05-09T16:39:11.017+0000] {dagbag.py:525} INFO - Filling up the DagBag from /home/airflow/.local/lib/python3.7/site-packages/airflow/example_dags/example_complex.py
[2024-05-09T16:39:11.210+0000] {processor.py:768} INFO - DAG(s) dict_keys(['example_complex']) retrieved from /home/airflow/.local/lib/python3.7/site-packages/airflow/example_dags/example_complex.py
[2024-05-09T16:39:11.258+0000] {logging_mixin.py:117} INFO - [2024-05-09T16:39:11.257+0000] {dag.py:2573} INFO - Sync 1 DAGs
[2024-05-09T16:39:11.289+0000] {logging_mixin.py:117} INFO - [2024-05-09T16:39:11.289+0000] {dag.py:3328} INFO - Setting next_dagrun for example_complex to None, run_after=None
[2024-05-09T16:39:11.315+0000] {processor.py:178} INFO - Processing /home/airflow/.local/lib/python3.7/site-packages/airflow/example_dags/example_complex.py took 0.302 seconds
[2024-05-09T16:39:41.365+0000] {processor.py:156} INFO - Started process (PID=4060) to work on /home/airflow/.local/lib/python3.7/site-packages/airflow/example_dags/example_complex.py
[2024-05-09T16:39:41.365+0000] {processor.py:758} INFO - Processing file /home/airflow/.local/lib/python3.7/site-packages/airflow/example_dags/example_complex.py for tasks to queue
[2024-05-09T16:39:41.366+0000] {logging_mixin.py:117} INFO - [2024-05-09T16:39:41.366+0000] {dagbag.py:525} INFO - Filling up the DagBag from /home/airflow/.local/lib/python3.7/site-packages/airflow/example_dags/example_complex.py
[2024-05-09T16:39:41.392+0000] {processor.py:768} INFO - DAG(s) dict_keys(['example_complex']) retrieved from /home/airflow/.local/lib/python3.7/site-packages/airflow/example_dags/example_complex.py
[2024-05-09T16:39:41.442+0000] {logging_mixin.py:117} INFO - [2024-05-09T16:39:41.442+0000] {dag.py:2573} INFO - Sync 1 DAGs
[2024-05-09T16:39:41.468+0000] {logging_mixin.py:117} INFO - [2024-05-09T16:39:41.468+0000] {dag.py:3328} INFO - Setting next_dagrun for example_complex to None, run_after=None
[2024-05-09T16:39:41.490+0000] {processor.py:178} INFO - Processing /home/airflow/.local/lib/python3.7/site-packages/airflow/example_dags/example_complex.py took 0.128 seconds
[2024-05-09T16:40:12.397+0000] {processor.py:156} INFO - Started process (PID=4275) to work on /home/airflow/.local/lib/python3.7/site-packages/airflow/example_dags/example_complex.py
[2024-05-09T16:40:12.397+0000] {processor.py:758} INFO - Processing file /home/airflow/.local/lib/python3.7/site-packages/airflow/example_dags/example_complex.py for tasks to queue
[2024-05-09T16:40:12.398+0000] {logging_mixin.py:117} INFO - [2024-05-09T16:40:12.398+0000] {dagbag.py:525} INFO - Filling up the DagBag from /home/airflow/.local/lib/python3.7/site-packages/airflow/example_dags/example_complex.py
[2024-05-09T16:40:12.418+0000] {processor.py:768} INFO - DAG(s) dict_keys(['example_complex']) retrieved from /home/airflow/.local/lib/python3.7/site-packages/airflow/example_dags/example_complex.py
[2024-05-09T16:40:12.457+0000] {logging_mixin.py:117} INFO - [2024-05-09T16:40:12.457+0000] {dag.py:2573} INFO - Sync 1 DAGs
[2024-05-09T16:40:12.488+0000] {logging_mixin.py:117} INFO - [2024-05-09T16:40:12.488+0000] {dag.py:3328} INFO - Setting next_dagrun for example_complex to None, run_after=None
[2024-05-09T16:40:12.512+0000] {processor.py:178} INFO - Processing /home/airflow/.local/lib/python3.7/site-packages/airflow/example_dags/example_complex.py took 0.119 seconds
[2024-05-09T16:40:43.390+0000] {processor.py:156} INFO - Started process (PID=4488) to work on /home/airflow/.local/lib/python3.7/site-packages/airflow/example_dags/example_complex.py
[2024-05-09T16:40:43.391+0000] {processor.py:758} INFO - Processing file /home/airflow/.local/lib/python3.7/site-packages/airflow/example_dags/example_complex.py for tasks to queue
[2024-05-09T16:40:43.391+0000] {logging_mixin.py:117} INFO - [2024-05-09T16:40:43.391+0000] {dagbag.py:525} INFO - Filling up the DagBag from /home/airflow/.local/lib/python3.7/site-packages/airflow/example_dags/example_complex.py
[2024-05-09T16:40:43.410+0000] {processor.py:768} INFO - DAG(s) dict_keys(['example_complex']) retrieved from /home/airflow/.local/lib/python3.7/site-packages/airflow/example_dags/example_complex.py
[2024-05-09T16:40:43.447+0000] {logging_mixin.py:117} INFO - [2024-05-09T16:40:43.447+0000] {dag.py:2573} INFO - Sync 1 DAGs
[2024-05-09T16:40:43.467+0000] {logging_mixin.py:117} INFO - [2024-05-09T16:40:43.466+0000] {dag.py:3328} INFO - Setting next_dagrun for example_complex to None, run_after=None
[2024-05-09T16:40:43.486+0000] {processor.py:178} INFO - Processing /home/airflow/.local/lib/python3.7/site-packages/airflow/example_dags/example_complex.py took 0.098 seconds
[2024-05-09T16:41:14.371+0000] {processor.py:156} INFO - Started process (PID=4699) to work on /home/airflow/.local/lib/python3.7/site-packages/airflow/example_dags/example_complex.py
[2024-05-09T16:41:14.372+0000] {processor.py:758} INFO - Processing file /home/airflow/.local/lib/python3.7/site-packages/airflow/example_dags/example_complex.py for tasks to queue
[2024-05-09T16:41:14.373+0000] {logging_mixin.py:117} INFO - [2024-05-09T16:41:14.373+0000] {dagbag.py:525} INFO - Filling up the DagBag from /home/airflow/.local/lib/python3.7/site-packages/airflow/example_dags/example_complex.py
[2024-05-09T16:41:14.406+0000] {processor.py:768} INFO - DAG(s) dict_keys(['example_complex']) retrieved from /home/airflow/.local/lib/python3.7/site-packages/airflow/example_dags/example_complex.py
[2024-05-09T16:41:14.457+0000] {logging_mixin.py:117} INFO - [2024-05-09T16:41:14.457+0000] {dag.py:2573} INFO - Sync 1 DAGs
[2024-05-09T16:41:14.489+0000] {logging_mixin.py:117} INFO - [2024-05-09T16:41:14.489+0000] {dag.py:3328} INFO - Setting next_dagrun for example_complex to None, run_after=None
[2024-05-09T16:41:14.515+0000] {processor.py:178} INFO - Processing /home/airflow/.local/lib/python3.7/site-packages/airflow/example_dags/example_complex.py took 0.147 seconds
[2024-05-09T16:41:45.115+0000] {processor.py:156} INFO - Started process (PID=4905) to work on /home/airflow/.local/lib/python3.7/site-packages/airflow/example_dags/example_complex.py
[2024-05-09T16:41:45.116+0000] {processor.py:758} INFO - Processing file /home/airflow/.local/lib/python3.7/site-packages/airflow/example_dags/example_complex.py for tasks to queue
[2024-05-09T16:41:45.116+0000] {logging_mixin.py:117} INFO - [2024-05-09T16:41:45.116+0000] {dagbag.py:525} INFO - Filling up the DagBag from /home/airflow/.local/lib/python3.7/site-packages/airflow/example_dags/example_complex.py
[2024-05-09T16:41:45.134+0000] {processor.py:768} INFO - DAG(s) dict_keys(['example_complex']) retrieved from /home/airflow/.local/lib/python3.7/site-packages/airflow/example_dags/example_complex.py
[2024-05-09T16:41:45.169+0000] {logging_mixin.py:117} INFO - [2024-05-09T16:41:45.169+0000] {dag.py:2573} INFO - Sync 1 DAGs
[2024-05-09T16:41:45.188+0000] {logging_mixin.py:117} INFO - [2024-05-09T16:41:45.188+0000] {dag.py:3328} INFO - Setting next_dagrun for example_complex to None, run_after=None
[2024-05-09T16:41:45.209+0000] {processor.py:178} INFO - Processing /home/airflow/.local/lib/python3.7/site-packages/airflow/example_dags/example_complex.py took 0.097 seconds
[2024-05-09T16:42:16.211+0000] {processor.py:156} INFO - Started process (PID=5118) to work on /home/airflow/.local/lib/python3.7/site-packages/airflow/example_dags/example_complex.py
[2024-05-09T16:42:16.211+0000] {processor.py:758} INFO - Processing file /home/airflow/.local/lib/python3.7/site-packages/airflow/example_dags/example_complex.py for tasks to queue
[2024-05-09T16:42:16.212+0000] {logging_mixin.py:117} INFO - [2024-05-09T16:42:16.212+0000] {dagbag.py:525} INFO - Filling up the DagBag from /home/airflow/.local/lib/python3.7/site-packages/airflow/example_dags/example_complex.py
[2024-05-09T16:42:16.231+0000] {processor.py:768} INFO - DAG(s) dict_keys(['example_complex']) retrieved from /home/airflow/.local/lib/python3.7/site-packages/airflow/example_dags/example_complex.py
[2024-05-09T16:42:16.268+0000] {logging_mixin.py:117} INFO - [2024-05-09T16:42:16.267+0000] {dag.py:2573} INFO - Sync 1 DAGs
[2024-05-09T16:42:16.286+0000] {logging_mixin.py:117} INFO - [2024-05-09T16:42:16.286+0000] {dag.py:3328} INFO - Setting next_dagrun for example_complex to None, run_after=None
[2024-05-09T16:42:16.305+0000] {processor.py:178} INFO - Processing /home/airflow/.local/lib/python3.7/site-packages/airflow/example_dags/example_complex.py took 0.096 seconds
[2024-05-09T16:42:47.189+0000] {processor.py:156} INFO - Started process (PID=5334) to work on /home/airflow/.local/lib/python3.7/site-packages/airflow/example_dags/example_complex.py
[2024-05-09T16:42:47.190+0000] {processor.py:758} INFO - Processing file /home/airflow/.local/lib/python3.7/site-packages/airflow/example_dags/example_complex.py for tasks to queue
[2024-05-09T16:42:47.191+0000] {logging_mixin.py:117} INFO - [2024-05-09T16:42:47.191+0000] {dagbag.py:525} INFO - Filling up the DagBag from /home/airflow/.local/lib/python3.7/site-packages/airflow/example_dags/example_complex.py
[2024-05-09T16:42:47.208+0000] {processor.py:768} INFO - DAG(s) dict_keys(['example_complex']) retrieved from /home/airflow/.local/lib/python3.7/site-packages/airflow/example_dags/example_complex.py
[2024-05-09T16:42:47.245+0000] {logging_mixin.py:117} INFO - [2024-05-09T16:42:47.244+0000] {dag.py:2573} INFO - Sync 1 DAGs
[2024-05-09T16:42:47.263+0000] {logging_mixin.py:117} INFO - [2024-05-09T16:42:47.263+0000] {dag.py:3328} INFO - Setting next_dagrun for example_complex to None, run_after=None
[2024-05-09T16:42:47.284+0000] {processor.py:178} INFO - Processing /home/airflow/.local/lib/python3.7/site-packages/airflow/example_dags/example_complex.py took 0.097 seconds
[2024-05-09T16:43:18.298+0000] {processor.py:156} INFO - Started process (PID=5545) to work on /home/airflow/.local/lib/python3.7/site-packages/airflow/example_dags/example_complex.py
[2024-05-09T16:43:18.299+0000] {processor.py:758} INFO - Processing file /home/airflow/.local/lib/python3.7/site-packages/airflow/example_dags/example_complex.py for tasks to queue
[2024-05-09T16:43:18.300+0000] {logging_mixin.py:117} INFO - [2024-05-09T16:43:18.300+0000] {dagbag.py:525} INFO - Filling up the DagBag from /home/airflow/.local/lib/python3.7/site-packages/airflow/example_dags/example_complex.py
[2024-05-09T16:43:18.328+0000] {processor.py:768} INFO - DAG(s) dict_keys(['example_complex']) retrieved from /home/airflow/.local/lib/python3.7/site-packages/airflow/example_dags/example_complex.py
[2024-05-09T16:43:18.388+0000] {logging_mixin.py:117} INFO - [2024-05-09T16:43:18.388+0000] {dag.py:2573} INFO - Sync 1 DAGs
[2024-05-09T16:43:18.418+0000] {logging_mixin.py:117} INFO - [2024-05-09T16:43:18.417+0000] {dag.py:3328} INFO - Setting next_dagrun for example_complex to None, run_after=None
[2024-05-09T16:43:18.443+0000] {processor.py:178} INFO - Processing /home/airflow/.local/lib/python3.7/site-packages/airflow/example_dags/example_complex.py took 0.147 seconds
[2024-05-09T16:43:49.369+0000] {processor.py:156} INFO - Started process (PID=5749) to work on /home/airflow/.local/lib/python3.7/site-packages/airflow/example_dags/example_complex.py
[2024-05-09T16:43:49.370+0000] {processor.py:758} INFO - Processing file /home/airflow/.local/lib/python3.7/site-packages/airflow/example_dags/example_complex.py for tasks to queue
[2024-05-09T16:43:49.370+0000] {logging_mixin.py:117} INFO - [2024-05-09T16:43:49.370+0000] {dagbag.py:525} INFO - Filling up the DagBag from /home/airflow/.local/lib/python3.7/site-packages/airflow/example_dags/example_complex.py
[2024-05-09T16:43:49.388+0000] {processor.py:768} INFO - DAG(s) dict_keys(['example_complex']) retrieved from /home/airflow/.local/lib/python3.7/site-packages/airflow/example_dags/example_complex.py
[2024-05-09T16:43:49.433+0000] {logging_mixin.py:117} INFO - [2024-05-09T16:43:49.433+0000] {dag.py:2573} INFO - Sync 1 DAGs
[2024-05-09T16:43:49.453+0000] {logging_mixin.py:117} INFO - [2024-05-09T16:43:49.453+0000] {dag.py:3328} INFO - Setting next_dagrun for example_complex to None, run_after=None
[2024-05-09T16:43:49.471+0000] {processor.py:178} INFO - Processing /home/airflow/.local/lib/python3.7/site-packages/airflow/example_dags/example_complex.py took 0.105 seconds
[2024-05-09T16:44:19.854+0000] {processor.py:156} INFO - Started process (PID=5965) to work on /home/airflow/.local/lib/python3.7/site-packages/airflow/example_dags/example_complex.py
[2024-05-09T16:44:19.854+0000] {processor.py:758} INFO - Processing file /home/airflow/.local/lib/python3.7/site-packages/airflow/example_dags/example_complex.py for tasks to queue
[2024-05-09T16:44:19.855+0000] {logging_mixin.py:117} INFO - [2024-05-09T16:44:19.855+0000] {dagbag.py:525} INFO - Filling up the DagBag from /home/airflow/.local/lib/python3.7/site-packages/airflow/example_dags/example_complex.py
[2024-05-09T16:44:19.872+0000] {processor.py:768} INFO - DAG(s) dict_keys(['example_complex']) retrieved from /home/airflow/.local/lib/python3.7/site-packages/airflow/example_dags/example_complex.py
[2024-05-09T16:44:19.908+0000] {logging_mixin.py:117} INFO - [2024-05-09T16:44:19.908+0000] {dag.py:2573} INFO - Sync 1 DAGs
[2024-05-09T16:44:19.927+0000] {logging_mixin.py:117} INFO - [2024-05-09T16:44:19.927+0000] {dag.py:3328} INFO - Setting next_dagrun for example_complex to None, run_after=None
[2024-05-09T16:44:19.945+0000] {processor.py:178} INFO - Processing /home/airflow/.local/lib/python3.7/site-packages/airflow/example_dags/example_complex.py took 0.094 seconds
[2024-05-09T16:44:50.055+0000] {processor.py:156} INFO - Started process (PID=6177) to work on /home/airflow/.local/lib/python3.7/site-packages/airflow/example_dags/example_complex.py
[2024-05-09T16:44:50.056+0000] {processor.py:758} INFO - Processing file /home/airflow/.local/lib/python3.7/site-packages/airflow/example_dags/example_complex.py for tasks to queue
[2024-05-09T16:44:50.056+0000] {logging_mixin.py:117} INFO - [2024-05-09T16:44:50.056+0000] {dagbag.py:525} INFO - Filling up the DagBag from /home/airflow/.local/lib/python3.7/site-packages/airflow/example_dags/example_complex.py
[2024-05-09T16:44:50.080+0000] {processor.py:768} INFO - DAG(s) dict_keys(['example_complex']) retrieved from /home/airflow/.local/lib/python3.7/site-packages/airflow/example_dags/example_complex.py
[2024-05-09T16:44:50.123+0000] {logging_mixin.py:117} INFO - [2024-05-09T16:44:50.123+0000] {dag.py:2573} INFO - Sync 1 DAGs
[2024-05-09T16:44:50.143+0000] {logging_mixin.py:117} INFO - [2024-05-09T16:44:50.143+0000] {dag.py:3328} INFO - Setting next_dagrun for example_complex to None, run_after=None
[2024-05-09T16:44:50.164+0000] {processor.py:178} INFO - Processing /home/airflow/.local/lib/python3.7/site-packages/airflow/example_dags/example_complex.py took 0.112 seconds
[2024-05-09T16:45:21.104+0000] {processor.py:156} INFO - Started process (PID=6381) to work on /home/airflow/.local/lib/python3.7/site-packages/airflow/example_dags/example_complex.py
[2024-05-09T16:45:21.104+0000] {processor.py:758} INFO - Processing file /home/airflow/.local/lib/python3.7/site-packages/airflow/example_dags/example_complex.py for tasks to queue
[2024-05-09T16:45:21.105+0000] {logging_mixin.py:117} INFO - [2024-05-09T16:45:21.105+0000] {dagbag.py:525} INFO - Filling up the DagBag from /home/airflow/.local/lib/python3.7/site-packages/airflow/example_dags/example_complex.py
[2024-05-09T16:45:21.131+0000] {processor.py:768} INFO - DAG(s) dict_keys(['example_complex']) retrieved from /home/airflow/.local/lib/python3.7/site-packages/airflow/example_dags/example_complex.py
[2024-05-09T16:45:21.183+0000] {logging_mixin.py:117} INFO - [2024-05-09T16:45:21.183+0000] {dag.py:2573} INFO - Sync 1 DAGs
[2024-05-09T16:45:21.211+0000] {logging_mixin.py:117} INFO - [2024-05-09T16:45:21.211+0000] {dag.py:3328} INFO - Setting next_dagrun for example_complex to None, run_after=None
[2024-05-09T16:45:21.237+0000] {processor.py:178} INFO - Processing /home/airflow/.local/lib/python3.7/site-packages/airflow/example_dags/example_complex.py took 0.138 seconds
[2024-05-09T16:45:51.582+0000] {processor.py:156} INFO - Started process (PID=6596) to work on /home/airflow/.local/lib/python3.7/site-packages/airflow/example_dags/example_complex.py
[2024-05-09T16:45:51.583+0000] {processor.py:758} INFO - Processing file /home/airflow/.local/lib/python3.7/site-packages/airflow/example_dags/example_complex.py for tasks to queue
[2024-05-09T16:45:51.583+0000] {logging_mixin.py:117} INFO - [2024-05-09T16:45:51.583+0000] {dagbag.py:525} INFO - Filling up the DagBag from /home/airflow/.local/lib/python3.7/site-packages/airflow/example_dags/example_complex.py
[2024-05-09T16:45:51.606+0000] {processor.py:768} INFO - DAG(s) dict_keys(['example_complex']) retrieved from /home/airflow/.local/lib/python3.7/site-packages/airflow/example_dags/example_complex.py
[2024-05-09T16:45:51.655+0000] {logging_mixin.py:117} INFO - [2024-05-09T16:45:51.655+0000] {dag.py:2573} INFO - Sync 1 DAGs
[2024-05-09T16:45:51.679+0000] {logging_mixin.py:117} INFO - [2024-05-09T16:45:51.679+0000] {dag.py:3328} INFO - Setting next_dagrun for example_complex to None, run_after=None
[2024-05-09T16:45:51.704+0000] {processor.py:178} INFO - Processing /home/airflow/.local/lib/python3.7/site-packages/airflow/example_dags/example_complex.py took 0.125 seconds
[2024-05-09T16:46:21.915+0000] {processor.py:156} INFO - Started process (PID=6811) to work on /home/airflow/.local/lib/python3.7/site-packages/airflow/example_dags/example_complex.py
[2024-05-09T16:46:21.916+0000] {processor.py:758} INFO - Processing file /home/airflow/.local/lib/python3.7/site-packages/airflow/example_dags/example_complex.py for tasks to queue
[2024-05-09T16:46:21.917+0000] {logging_mixin.py:117} INFO - [2024-05-09T16:46:21.917+0000] {dagbag.py:525} INFO - Filling up the DagBag from /home/airflow/.local/lib/python3.7/site-packages/airflow/example_dags/example_complex.py
[2024-05-09T16:46:21.935+0000] {processor.py:768} INFO - DAG(s) dict_keys(['example_complex']) retrieved from /home/airflow/.local/lib/python3.7/site-packages/airflow/example_dags/example_complex.py
[2024-05-09T16:46:21.980+0000] {logging_mixin.py:117} INFO - [2024-05-09T16:46:21.980+0000] {dag.py:2573} INFO - Sync 1 DAGs
[2024-05-09T16:46:22.006+0000] {logging_mixin.py:117} INFO - [2024-05-09T16:46:22.006+0000] {dag.py:3328} INFO - Setting next_dagrun for example_complex to None, run_after=None
[2024-05-09T16:46:22.029+0000] {processor.py:178} INFO - Processing /home/airflow/.local/lib/python3.7/site-packages/airflow/example_dags/example_complex.py took 0.116 seconds
[2024-05-09T16:46:53.199+0000] {processor.py:156} INFO - Started process (PID=7024) to work on /home/airflow/.local/lib/python3.7/site-packages/airflow/example_dags/example_complex.py
[2024-05-09T16:46:53.200+0000] {processor.py:758} INFO - Processing file /home/airflow/.local/lib/python3.7/site-packages/airflow/example_dags/example_complex.py for tasks to queue
[2024-05-09T16:46:53.200+0000] {logging_mixin.py:117} INFO - [2024-05-09T16:46:53.200+0000] {dagbag.py:525} INFO - Filling up the DagBag from /home/airflow/.local/lib/python3.7/site-packages/airflow/example_dags/example_complex.py
[2024-05-09T16:46:53.219+0000] {processor.py:768} INFO - DAG(s) dict_keys(['example_complex']) retrieved from /home/airflow/.local/lib/python3.7/site-packages/airflow/example_dags/example_complex.py
[2024-05-09T16:46:53.259+0000] {logging_mixin.py:117} INFO - [2024-05-09T16:46:53.259+0000] {dag.py:2573} INFO - Sync 1 DAGs
[2024-05-09T16:46:53.280+0000] {logging_mixin.py:117} INFO - [2024-05-09T16:46:53.280+0000] {dag.py:3328} INFO - Setting next_dagrun for example_complex to None, run_after=None
[2024-05-09T16:46:53.304+0000] {processor.py:178} INFO - Processing /home/airflow/.local/lib/python3.7/site-packages/airflow/example_dags/example_complex.py took 0.108 seconds
[2024-05-09T16:47:23.361+0000] {processor.py:156} INFO - Started process (PID=7227) to work on /home/airflow/.local/lib/python3.7/site-packages/airflow/example_dags/example_complex.py
[2024-05-09T16:47:23.362+0000] {processor.py:758} INFO - Processing file /home/airflow/.local/lib/python3.7/site-packages/airflow/example_dags/example_complex.py for tasks to queue
[2024-05-09T16:47:23.362+0000] {logging_mixin.py:117} INFO - [2024-05-09T16:47:23.362+0000] {dagbag.py:525} INFO - Filling up the DagBag from /home/airflow/.local/lib/python3.7/site-packages/airflow/example_dags/example_complex.py
[2024-05-09T16:47:23.383+0000] {processor.py:768} INFO - DAG(s) dict_keys(['example_complex']) retrieved from /home/airflow/.local/lib/python3.7/site-packages/airflow/example_dags/example_complex.py
[2024-05-09T16:47:23.424+0000] {logging_mixin.py:117} INFO - [2024-05-09T16:47:23.424+0000] {dag.py:2573} INFO - Sync 1 DAGs
[2024-05-09T16:47:23.452+0000] {logging_mixin.py:117} INFO - [2024-05-09T16:47:23.451+0000] {dag.py:3328} INFO - Setting next_dagrun for example_complex to None, run_after=None
[2024-05-09T16:47:23.474+0000] {processor.py:178} INFO - Processing /home/airflow/.local/lib/python3.7/site-packages/airflow/example_dags/example_complex.py took 0.115 seconds
[2024-05-09T16:47:53.703+0000] {processor.py:156} INFO - Started process (PID=7441) to work on /home/airflow/.local/lib/python3.7/site-packages/airflow/example_dags/example_complex.py
[2024-05-09T16:47:53.703+0000] {processor.py:758} INFO - Processing file /home/airflow/.local/lib/python3.7/site-packages/airflow/example_dags/example_complex.py for tasks to queue
[2024-05-09T16:47:53.704+0000] {logging_mixin.py:117} INFO - [2024-05-09T16:47:53.704+0000] {dagbag.py:525} INFO - Filling up the DagBag from /home/airflow/.local/lib/python3.7/site-packages/airflow/example_dags/example_complex.py
[2024-05-09T16:47:53.723+0000] {processor.py:768} INFO - DAG(s) dict_keys(['example_complex']) retrieved from /home/airflow/.local/lib/python3.7/site-packages/airflow/example_dags/example_complex.py
[2024-05-09T16:47:53.762+0000] {logging_mixin.py:117} INFO - [2024-05-09T16:47:53.762+0000] {dag.py:2573} INFO - Sync 1 DAGs
[2024-05-09T16:47:53.784+0000] {logging_mixin.py:117} INFO - [2024-05-09T16:47:53.784+0000] {dag.py:3328} INFO - Setting next_dagrun for example_complex to None, run_after=None
[2024-05-09T16:47:53.805+0000] {processor.py:178} INFO - Processing /home/airflow/.local/lib/python3.7/site-packages/airflow/example_dags/example_complex.py took 0.107 seconds
[2024-05-09T16:48:24.694+0000] {processor.py:156} INFO - Started process (PID=7655) to work on /home/airflow/.local/lib/python3.7/site-packages/airflow/example_dags/example_complex.py
[2024-05-09T16:48:24.695+0000] {processor.py:758} INFO - Processing file /home/airflow/.local/lib/python3.7/site-packages/airflow/example_dags/example_complex.py for tasks to queue
[2024-05-09T16:48:24.695+0000] {logging_mixin.py:117} INFO - [2024-05-09T16:48:24.695+0000] {dagbag.py:525} INFO - Filling up the DagBag from /home/airflow/.local/lib/python3.7/site-packages/airflow/example_dags/example_complex.py
[2024-05-09T16:48:24.713+0000] {processor.py:768} INFO - DAG(s) dict_keys(['example_complex']) retrieved from /home/airflow/.local/lib/python3.7/site-packages/airflow/example_dags/example_complex.py
[2024-05-09T16:48:24.763+0000] {logging_mixin.py:117} INFO - [2024-05-09T16:48:24.763+0000] {dag.py:2573} INFO - Sync 1 DAGs
[2024-05-09T16:48:24.787+0000] {logging_mixin.py:117} INFO - [2024-05-09T16:48:24.787+0000] {dag.py:3328} INFO - Setting next_dagrun for example_complex to None, run_after=None
[2024-05-09T16:48:24.808+0000] {processor.py:178} INFO - Processing /home/airflow/.local/lib/python3.7/site-packages/airflow/example_dags/example_complex.py took 0.116 seconds
