[2024-05-09T15:15:10.919+0000] {processor.py:156} INFO - Started process (PID=196) to work on /home/airflow/.local/lib/python3.7/site-packages/airflow/example_dags/example_branch_python_dop_operator_3.py
[2024-05-09T15:15:10.920+0000] {processor.py:758} INFO - Processing file /home/airflow/.local/lib/python3.7/site-packages/airflow/example_dags/example_branch_python_dop_operator_3.py for tasks to queue
[2024-05-09T15:15:10.921+0000] {logging_mixin.py:117} INFO - [2024-05-09T15:15:10.920+0000] {dagbag.py:525} INFO - Filling up the DagBag from /home/airflow/.local/lib/python3.7/site-packages/airflow/example_dags/example_branch_python_dop_operator_3.py
[2024-05-09T15:15:10.961+0000] {processor.py:768} INFO - DAG(s) dict_keys(['example_branch_dop_operator_v3']) retrieved from /home/airflow/.local/lib/python3.7/site-packages/airflow/example_dags/example_branch_python_dop_operator_3.py
[2024-05-09T15:15:11.347+0000] {logging_mixin.py:117} INFO - [2024-05-09T15:15:11.347+0000] {manager.py:507} INFO - Created Permission View: can delete on DAG:example_branch_dop_operator_v3
[2024-05-09T15:15:11.362+0000] {logging_mixin.py:117} INFO - [2024-05-09T15:15:11.362+0000] {manager.py:507} INFO - Created Permission View: can read on DAG:example_branch_dop_operator_v3
[2024-05-09T15:15:11.376+0000] {logging_mixin.py:117} INFO - [2024-05-09T15:15:11.376+0000] {manager.py:507} INFO - Created Permission View: can edit on DAG:example_branch_dop_operator_v3
[2024-05-09T15:15:11.376+0000] {logging_mixin.py:117} INFO - [2024-05-09T15:15:11.376+0000] {dag.py:2573} INFO - Sync 1 DAGs
[2024-05-09T15:15:11.390+0000] {logging_mixin.py:117} INFO - [2024-05-09T15:15:11.390+0000] {dag.py:2594} INFO - Creating ORM DAG for example_branch_dop_operator_v3
[2024-05-09T15:15:11.408+0000] {logging_mixin.py:117} INFO - [2024-05-09T15:15:11.408+0000] {dag.py:3328} INFO - Setting next_dagrun for example_branch_dop_operator_v3 to 2024-05-09T15:14:00+00:00, run_after=2024-05-09T15:15:00+00:00
[2024-05-09T15:15:11.435+0000] {processor.py:178} INFO - Processing /home/airflow/.local/lib/python3.7/site-packages/airflow/example_dags/example_branch_python_dop_operator_3.py took 0.520 seconds
[2024-05-09T15:15:41.701+0000] {processor.py:156} INFO - Started process (PID=402) to work on /home/airflow/.local/lib/python3.7/site-packages/airflow/example_dags/example_branch_python_dop_operator_3.py
[2024-05-09T15:15:41.701+0000] {processor.py:758} INFO - Processing file /home/airflow/.local/lib/python3.7/site-packages/airflow/example_dags/example_branch_python_dop_operator_3.py for tasks to queue
[2024-05-09T15:15:41.702+0000] {logging_mixin.py:117} INFO - [2024-05-09T15:15:41.702+0000] {dagbag.py:525} INFO - Filling up the DagBag from /home/airflow/.local/lib/python3.7/site-packages/airflow/example_dags/example_branch_python_dop_operator_3.py
[2024-05-09T15:15:41.728+0000] {processor.py:768} INFO - DAG(s) dict_keys(['example_branch_dop_operator_v3']) retrieved from /home/airflow/.local/lib/python3.7/site-packages/airflow/example_dags/example_branch_python_dop_operator_3.py
[2024-05-09T15:15:41.764+0000] {logging_mixin.py:117} INFO - [2024-05-09T15:15:41.764+0000] {dag.py:2573} INFO - Sync 1 DAGs
[2024-05-09T15:15:41.800+0000] {logging_mixin.py:117} INFO - [2024-05-09T15:15:41.799+0000] {dag.py:3328} INFO - Setting next_dagrun for example_branch_dop_operator_v3 to 2024-05-09T15:14:00+00:00, run_after=2024-05-09T15:15:00+00:00
[2024-05-09T15:15:41.949+0000] {processor.py:178} INFO - Processing /home/airflow/.local/lib/python3.7/site-packages/airflow/example_dags/example_branch_python_dop_operator_3.py took 0.251 seconds
[2024-05-09T15:16:12.392+0000] {processor.py:156} INFO - Started process (PID=615) to work on /home/airflow/.local/lib/python3.7/site-packages/airflow/example_dags/example_branch_python_dop_operator_3.py
[2024-05-09T15:16:12.392+0000] {processor.py:758} INFO - Processing file /home/airflow/.local/lib/python3.7/site-packages/airflow/example_dags/example_branch_python_dop_operator_3.py for tasks to queue
[2024-05-09T15:16:12.393+0000] {logging_mixin.py:117} INFO - [2024-05-09T15:16:12.393+0000] {dagbag.py:525} INFO - Filling up the DagBag from /home/airflow/.local/lib/python3.7/site-packages/airflow/example_dags/example_branch_python_dop_operator_3.py
[2024-05-09T15:16:12.421+0000] {processor.py:768} INFO - DAG(s) dict_keys(['example_branch_dop_operator_v3']) retrieved from /home/airflow/.local/lib/python3.7/site-packages/airflow/example_dags/example_branch_python_dop_operator_3.py
[2024-05-09T15:16:12.464+0000] {logging_mixin.py:117} INFO - [2024-05-09T15:16:12.464+0000] {dag.py:2573} INFO - Sync 1 DAGs
[2024-05-09T15:16:12.636+0000] {logging_mixin.py:117} INFO - [2024-05-09T15:16:12.636+0000] {dag.py:3328} INFO - Setting next_dagrun for example_branch_dop_operator_v3 to 2024-05-09T15:15:00+00:00, run_after=2024-05-09T15:16:00+00:00
[2024-05-09T15:16:12.659+0000] {processor.py:178} INFO - Processing /home/airflow/.local/lib/python3.7/site-packages/airflow/example_dags/example_branch_python_dop_operator_3.py took 0.270 seconds
[2024-05-09T15:16:42.889+0000] {processor.py:156} INFO - Started process (PID=827) to work on /home/airflow/.local/lib/python3.7/site-packages/airflow/example_dags/example_branch_python_dop_operator_3.py
[2024-05-09T15:16:42.890+0000] {processor.py:758} INFO - Processing file /home/airflow/.local/lib/python3.7/site-packages/airflow/example_dags/example_branch_python_dop_operator_3.py for tasks to queue
[2024-05-09T15:16:42.890+0000] {logging_mixin.py:117} INFO - [2024-05-09T15:16:42.890+0000] {dagbag.py:525} INFO - Filling up the DagBag from /home/airflow/.local/lib/python3.7/site-packages/airflow/example_dags/example_branch_python_dop_operator_3.py
[2024-05-09T15:16:42.910+0000] {processor.py:768} INFO - DAG(s) dict_keys(['example_branch_dop_operator_v3']) retrieved from /home/airflow/.local/lib/python3.7/site-packages/airflow/example_dags/example_branch_python_dop_operator_3.py
[2024-05-09T15:16:43.059+0000] {logging_mixin.py:117} INFO - [2024-05-09T15:16:43.059+0000] {dag.py:2573} INFO - Sync 1 DAGs
[2024-05-09T15:16:43.088+0000] {logging_mixin.py:117} INFO - [2024-05-09T15:16:43.088+0000] {dag.py:3328} INFO - Setting next_dagrun for example_branch_dop_operator_v3 to 2024-05-09T15:15:00+00:00, run_after=2024-05-09T15:16:00+00:00
[2024-05-09T15:16:43.107+0000] {processor.py:178} INFO - Processing /home/airflow/.local/lib/python3.7/site-packages/airflow/example_dags/example_branch_python_dop_operator_3.py took 0.220 seconds
[2024-05-09T15:17:13.799+0000] {processor.py:156} INFO - Started process (PID=1040) to work on /home/airflow/.local/lib/python3.7/site-packages/airflow/example_dags/example_branch_python_dop_operator_3.py
[2024-05-09T15:17:13.799+0000] {processor.py:758} INFO - Processing file /home/airflow/.local/lib/python3.7/site-packages/airflow/example_dags/example_branch_python_dop_operator_3.py for tasks to queue
[2024-05-09T15:17:13.800+0000] {logging_mixin.py:117} INFO - [2024-05-09T15:17:13.800+0000] {dagbag.py:525} INFO - Filling up the DagBag from /home/airflow/.local/lib/python3.7/site-packages/airflow/example_dags/example_branch_python_dop_operator_3.py
[2024-05-09T15:17:13.829+0000] {processor.py:768} INFO - DAG(s) dict_keys(['example_branch_dop_operator_v3']) retrieved from /home/airflow/.local/lib/python3.7/site-packages/airflow/example_dags/example_branch_python_dop_operator_3.py
[2024-05-09T15:17:14.051+0000] {logging_mixin.py:117} INFO - [2024-05-09T15:17:14.050+0000] {dag.py:2573} INFO - Sync 1 DAGs
[2024-05-09T15:17:14.094+0000] {logging_mixin.py:117} INFO - [2024-05-09T15:17:14.094+0000] {dag.py:3328} INFO - Setting next_dagrun for example_branch_dop_operator_v3 to 2024-05-09T15:16:00+00:00, run_after=2024-05-09T15:17:00+00:00
[2024-05-09T15:17:14.120+0000] {processor.py:178} INFO - Processing /home/airflow/.local/lib/python3.7/site-packages/airflow/example_dags/example_branch_python_dop_operator_3.py took 0.324 seconds
[2024-05-09T15:17:44.198+0000] {processor.py:156} INFO - Started process (PID=1246) to work on /home/airflow/.local/lib/python3.7/site-packages/airflow/example_dags/example_branch_python_dop_operator_3.py
[2024-05-09T15:17:44.198+0000] {processor.py:758} INFO - Processing file /home/airflow/.local/lib/python3.7/site-packages/airflow/example_dags/example_branch_python_dop_operator_3.py for tasks to queue
[2024-05-09T15:17:44.199+0000] {logging_mixin.py:117} INFO - [2024-05-09T15:17:44.199+0000] {dagbag.py:525} INFO - Filling up the DagBag from /home/airflow/.local/lib/python3.7/site-packages/airflow/example_dags/example_branch_python_dop_operator_3.py
[2024-05-09T15:17:44.351+0000] {processor.py:768} INFO - DAG(s) dict_keys(['example_branch_dop_operator_v3']) retrieved from /home/airflow/.local/lib/python3.7/site-packages/airflow/example_dags/example_branch_python_dop_operator_3.py
[2024-05-09T15:17:44.384+0000] {logging_mixin.py:117} INFO - [2024-05-09T15:17:44.384+0000] {dag.py:2573} INFO - Sync 1 DAGs
[2024-05-09T15:17:44.420+0000] {logging_mixin.py:117} INFO - [2024-05-09T15:17:44.420+0000] {dag.py:3328} INFO - Setting next_dagrun for example_branch_dop_operator_v3 to 2024-05-09T15:16:00+00:00, run_after=2024-05-09T15:17:00+00:00
[2024-05-09T15:17:44.441+0000] {processor.py:178} INFO - Processing /home/airflow/.local/lib/python3.7/site-packages/airflow/example_dags/example_branch_python_dop_operator_3.py took 0.247 seconds
[2024-05-09T15:18:14.529+0000] {processor.py:156} INFO - Started process (PID=1454) to work on /home/airflow/.local/lib/python3.7/site-packages/airflow/example_dags/example_branch_python_dop_operator_3.py
[2024-05-09T15:18:14.529+0000] {processor.py:758} INFO - Processing file /home/airflow/.local/lib/python3.7/site-packages/airflow/example_dags/example_branch_python_dop_operator_3.py for tasks to queue
[2024-05-09T15:18:14.530+0000] {logging_mixin.py:117} INFO - [2024-05-09T15:18:14.529+0000] {dagbag.py:525} INFO - Filling up the DagBag from /home/airflow/.local/lib/python3.7/site-packages/airflow/example_dags/example_branch_python_dop_operator_3.py
[2024-05-09T15:18:14.674+0000] {processor.py:768} INFO - DAG(s) dict_keys(['example_branch_dop_operator_v3']) retrieved from /home/airflow/.local/lib/python3.7/site-packages/airflow/example_dags/example_branch_python_dop_operator_3.py
[2024-05-09T15:18:14.701+0000] {logging_mixin.py:117} INFO - [2024-05-09T15:18:14.701+0000] {dag.py:2573} INFO - Sync 1 DAGs
[2024-05-09T15:18:14.723+0000] {logging_mixin.py:117} INFO - [2024-05-09T15:18:14.723+0000] {dag.py:3328} INFO - Setting next_dagrun for example_branch_dop_operator_v3 to 2024-05-09T15:17:00+00:00, run_after=2024-05-09T15:18:00+00:00
[2024-05-09T15:18:14.744+0000] {processor.py:178} INFO - Processing /home/airflow/.local/lib/python3.7/site-packages/airflow/example_dags/example_branch_python_dop_operator_3.py took 0.217 seconds
[2024-05-09T15:18:45.937+0000] {processor.py:156} INFO - Started process (PID=1674) to work on /home/airflow/.local/lib/python3.7/site-packages/airflow/example_dags/example_branch_python_dop_operator_3.py
[2024-05-09T15:18:45.937+0000] {processor.py:758} INFO - Processing file /home/airflow/.local/lib/python3.7/site-packages/airflow/example_dags/example_branch_python_dop_operator_3.py for tasks to queue
[2024-05-09T15:18:45.938+0000] {logging_mixin.py:117} INFO - [2024-05-09T15:18:45.938+0000] {dagbag.py:525} INFO - Filling up the DagBag from /home/airflow/.local/lib/python3.7/site-packages/airflow/example_dags/example_branch_python_dop_operator_3.py
[2024-05-09T15:18:45.965+0000] {processor.py:768} INFO - DAG(s) dict_keys(['example_branch_dop_operator_v3']) retrieved from /home/airflow/.local/lib/python3.7/site-packages/airflow/example_dags/example_branch_python_dop_operator_3.py
[2024-05-09T15:18:46.007+0000] {logging_mixin.py:117} INFO - [2024-05-09T15:18:46.007+0000] {dag.py:2573} INFO - Sync 1 DAGs
[2024-05-09T15:18:46.036+0000] {logging_mixin.py:117} INFO - [2024-05-09T15:18:46.036+0000] {dag.py:3328} INFO - Setting next_dagrun for example_branch_dop_operator_v3 to 2024-05-09T15:17:00+00:00, run_after=2024-05-09T15:18:00+00:00
[2024-05-09T15:18:46.061+0000] {processor.py:178} INFO - Processing /home/airflow/.local/lib/python3.7/site-packages/airflow/example_dags/example_branch_python_dop_operator_3.py took 0.128 seconds
[2024-05-09T15:19:16.754+0000] {processor.py:156} INFO - Started process (PID=1879) to work on /home/airflow/.local/lib/python3.7/site-packages/airflow/example_dags/example_branch_python_dop_operator_3.py
[2024-05-09T15:19:16.755+0000] {processor.py:758} INFO - Processing file /home/airflow/.local/lib/python3.7/site-packages/airflow/example_dags/example_branch_python_dop_operator_3.py for tasks to queue
[2024-05-09T15:19:16.755+0000] {logging_mixin.py:117} INFO - [2024-05-09T15:19:16.755+0000] {dagbag.py:525} INFO - Filling up the DagBag from /home/airflow/.local/lib/python3.7/site-packages/airflow/example_dags/example_branch_python_dop_operator_3.py
[2024-05-09T15:19:16.775+0000] {processor.py:768} INFO - DAG(s) dict_keys(['example_branch_dop_operator_v3']) retrieved from /home/airflow/.local/lib/python3.7/site-packages/airflow/example_dags/example_branch_python_dop_operator_3.py
[2024-05-09T15:19:16.810+0000] {logging_mixin.py:117} INFO - [2024-05-09T15:19:16.810+0000] {dag.py:2573} INFO - Sync 1 DAGs
[2024-05-09T15:19:16.834+0000] {logging_mixin.py:117} INFO - [2024-05-09T15:19:16.834+0000] {dag.py:3328} INFO - Setting next_dagrun for example_branch_dop_operator_v3 to 2024-05-09T15:18:00+00:00, run_after=2024-05-09T15:19:00+00:00
[2024-05-09T15:19:16.855+0000] {processor.py:178} INFO - Processing /home/airflow/.local/lib/python3.7/site-packages/airflow/example_dags/example_branch_python_dop_operator_3.py took 0.103 seconds
[2024-05-09T15:19:47.503+0000] {processor.py:156} INFO - Started process (PID=2092) to work on /home/airflow/.local/lib/python3.7/site-packages/airflow/example_dags/example_branch_python_dop_operator_3.py
[2024-05-09T15:19:47.504+0000] {processor.py:758} INFO - Processing file /home/airflow/.local/lib/python3.7/site-packages/airflow/example_dags/example_branch_python_dop_operator_3.py for tasks to queue
[2024-05-09T15:19:47.505+0000] {logging_mixin.py:117} INFO - [2024-05-09T15:19:47.505+0000] {dagbag.py:525} INFO - Filling up the DagBag from /home/airflow/.local/lib/python3.7/site-packages/airflow/example_dags/example_branch_python_dop_operator_3.py
[2024-05-09T15:19:47.537+0000] {processor.py:768} INFO - DAG(s) dict_keys(['example_branch_dop_operator_v3']) retrieved from /home/airflow/.local/lib/python3.7/site-packages/airflow/example_dags/example_branch_python_dop_operator_3.py
[2024-05-09T15:19:47.573+0000] {logging_mixin.py:117} INFO - [2024-05-09T15:19:47.573+0000] {dag.py:2573} INFO - Sync 1 DAGs
[2024-05-09T15:19:47.601+0000] {logging_mixin.py:117} INFO - [2024-05-09T15:19:47.601+0000] {dag.py:3328} INFO - Setting next_dagrun for example_branch_dop_operator_v3 to 2024-05-09T15:18:00+00:00, run_after=2024-05-09T15:19:00+00:00
[2024-05-09T15:19:47.622+0000] {processor.py:178} INFO - Processing /home/airflow/.local/lib/python3.7/site-packages/airflow/example_dags/example_branch_python_dop_operator_3.py took 0.124 seconds
[2024-05-09T15:20:18.360+0000] {processor.py:156} INFO - Started process (PID=2306) to work on /home/airflow/.local/lib/python3.7/site-packages/airflow/example_dags/example_branch_python_dop_operator_3.py
[2024-05-09T15:20:18.361+0000] {processor.py:758} INFO - Processing file /home/airflow/.local/lib/python3.7/site-packages/airflow/example_dags/example_branch_python_dop_operator_3.py for tasks to queue
[2024-05-09T15:20:18.361+0000] {logging_mixin.py:117} INFO - [2024-05-09T15:20:18.361+0000] {dagbag.py:525} INFO - Filling up the DagBag from /home/airflow/.local/lib/python3.7/site-packages/airflow/example_dags/example_branch_python_dop_operator_3.py
[2024-05-09T15:20:18.382+0000] {processor.py:768} INFO - DAG(s) dict_keys(['example_branch_dop_operator_v3']) retrieved from /home/airflow/.local/lib/python3.7/site-packages/airflow/example_dags/example_branch_python_dop_operator_3.py
[2024-05-09T15:20:18.416+0000] {logging_mixin.py:117} INFO - [2024-05-09T15:20:18.416+0000] {dag.py:2573} INFO - Sync 1 DAGs
[2024-05-09T15:20:18.439+0000] {logging_mixin.py:117} INFO - [2024-05-09T15:20:18.439+0000] {dag.py:3328} INFO - Setting next_dagrun for example_branch_dop_operator_v3 to 2024-05-09T15:19:00+00:00, run_after=2024-05-09T15:20:00+00:00
[2024-05-09T15:20:18.462+0000] {processor.py:178} INFO - Processing /home/airflow/.local/lib/python3.7/site-packages/airflow/example_dags/example_branch_python_dop_operator_3.py took 0.104 seconds
[2024-05-09T15:20:49.288+0000] {processor.py:156} INFO - Started process (PID=2519) to work on /home/airflow/.local/lib/python3.7/site-packages/airflow/example_dags/example_branch_python_dop_operator_3.py
[2024-05-09T15:20:49.289+0000] {processor.py:758} INFO - Processing file /home/airflow/.local/lib/python3.7/site-packages/airflow/example_dags/example_branch_python_dop_operator_3.py for tasks to queue
[2024-05-09T15:20:49.290+0000] {logging_mixin.py:117} INFO - [2024-05-09T15:20:49.289+0000] {dagbag.py:525} INFO - Filling up the DagBag from /home/airflow/.local/lib/python3.7/site-packages/airflow/example_dags/example_branch_python_dop_operator_3.py
[2024-05-09T15:20:49.318+0000] {processor.py:768} INFO - DAG(s) dict_keys(['example_branch_dop_operator_v3']) retrieved from /home/airflow/.local/lib/python3.7/site-packages/airflow/example_dags/example_branch_python_dop_operator_3.py
[2024-05-09T15:20:49.357+0000] {logging_mixin.py:117} INFO - [2024-05-09T15:20:49.357+0000] {dag.py:2573} INFO - Sync 1 DAGs
[2024-05-09T15:20:49.385+0000] {logging_mixin.py:117} INFO - [2024-05-09T15:20:49.384+0000] {dag.py:3328} INFO - Setting next_dagrun for example_branch_dop_operator_v3 to 2024-05-09T15:19:00+00:00, run_after=2024-05-09T15:20:00+00:00
[2024-05-09T15:20:49.406+0000] {processor.py:178} INFO - Processing /home/airflow/.local/lib/python3.7/site-packages/airflow/example_dags/example_branch_python_dop_operator_3.py took 0.120 seconds
[2024-05-09T15:21:19.966+0000] {processor.py:156} INFO - Started process (PID=2723) to work on /home/airflow/.local/lib/python3.7/site-packages/airflow/example_dags/example_branch_python_dop_operator_3.py
[2024-05-09T15:21:19.967+0000] {processor.py:758} INFO - Processing file /home/airflow/.local/lib/python3.7/site-packages/airflow/example_dags/example_branch_python_dop_operator_3.py for tasks to queue
[2024-05-09T15:21:19.967+0000] {logging_mixin.py:117} INFO - [2024-05-09T15:21:19.967+0000] {dagbag.py:525} INFO - Filling up the DagBag from /home/airflow/.local/lib/python3.7/site-packages/airflow/example_dags/example_branch_python_dop_operator_3.py
[2024-05-09T15:21:19.988+0000] {processor.py:768} INFO - DAG(s) dict_keys(['example_branch_dop_operator_v3']) retrieved from /home/airflow/.local/lib/python3.7/site-packages/airflow/example_dags/example_branch_python_dop_operator_3.py
[2024-05-09T15:21:20.022+0000] {logging_mixin.py:117} INFO - [2024-05-09T15:21:20.022+0000] {dag.py:2573} INFO - Sync 1 DAGs
[2024-05-09T15:21:20.059+0000] {logging_mixin.py:117} INFO - [2024-05-09T15:21:20.059+0000] {dag.py:3328} INFO - Setting next_dagrun for example_branch_dop_operator_v3 to 2024-05-09T15:20:00+00:00, run_after=2024-05-09T15:21:00+00:00
[2024-05-09T15:21:20.086+0000] {processor.py:178} INFO - Processing /home/airflow/.local/lib/python3.7/site-packages/airflow/example_dags/example_branch_python_dop_operator_3.py took 0.123 seconds
[2024-05-09T16:29:51.689+0000] {processor.py:156} INFO - Started process (PID=195) to work on /home/airflow/.local/lib/python3.7/site-packages/airflow/example_dags/example_branch_python_dop_operator_3.py
[2024-05-09T16:29:51.693+0000] {processor.py:758} INFO - Processing file /home/airflow/.local/lib/python3.7/site-packages/airflow/example_dags/example_branch_python_dop_operator_3.py for tasks to queue
[2024-05-09T16:29:51.694+0000] {logging_mixin.py:117} INFO - [2024-05-09T16:29:51.694+0000] {dagbag.py:525} INFO - Filling up the DagBag from /home/airflow/.local/lib/python3.7/site-packages/airflow/example_dags/example_branch_python_dop_operator_3.py
[2024-05-09T16:29:51.722+0000] {processor.py:768} INFO - DAG(s) dict_keys(['example_branch_dop_operator_v3']) retrieved from /home/airflow/.local/lib/python3.7/site-packages/airflow/example_dags/example_branch_python_dop_operator_3.py
[2024-05-09T16:29:51.761+0000] {logging_mixin.py:117} INFO - [2024-05-09T16:29:51.761+0000] {dag.py:2573} INFO - Sync 1 DAGs
[2024-05-09T16:29:51.794+0000] {logging_mixin.py:117} INFO - [2024-05-09T16:29:51.794+0000] {dag.py:3328} INFO - Setting next_dagrun for example_branch_dop_operator_v3 to 2024-05-09T16:28:00+00:00, run_after=2024-05-09T16:29:00+00:00
[2024-05-09T16:29:51.831+0000] {processor.py:178} INFO - Processing /home/airflow/.local/lib/python3.7/site-packages/airflow/example_dags/example_branch_python_dop_operator_3.py took 0.145 seconds
[2024-05-09T16:30:25.836+0000] {processor.py:156} INFO - Started process (PID=185) to work on /home/airflow/.local/lib/python3.7/site-packages/airflow/example_dags/example_branch_python_dop_operator_3.py
[2024-05-09T16:30:25.836+0000] {processor.py:758} INFO - Processing file /home/airflow/.local/lib/python3.7/site-packages/airflow/example_dags/example_branch_python_dop_operator_3.py for tasks to queue
[2024-05-09T16:30:25.837+0000] {logging_mixin.py:117} INFO - [2024-05-09T16:30:25.837+0000] {dagbag.py:525} INFO - Filling up the DagBag from /home/airflow/.local/lib/python3.7/site-packages/airflow/example_dags/example_branch_python_dop_operator_3.py
[2024-05-09T16:30:25.861+0000] {processor.py:768} INFO - DAG(s) dict_keys(['example_branch_dop_operator_v3']) retrieved from /home/airflow/.local/lib/python3.7/site-packages/airflow/example_dags/example_branch_python_dop_operator_3.py
[2024-05-09T16:30:25.902+0000] {logging_mixin.py:117} INFO - [2024-05-09T16:30:25.902+0000] {dag.py:2573} INFO - Sync 1 DAGs
[2024-05-09T16:30:25.933+0000] {logging_mixin.py:117} INFO - [2024-05-09T16:30:25.933+0000] {dag.py:3328} INFO - Setting next_dagrun for example_branch_dop_operator_v3 to 2024-05-09T16:29:00+00:00, run_after=2024-05-09T16:30:00+00:00
[2024-05-09T16:30:25.954+0000] {processor.py:178} INFO - Processing /home/airflow/.local/lib/python3.7/site-packages/airflow/example_dags/example_branch_python_dop_operator_3.py took 0.121 seconds
[2024-05-09T16:30:56.902+0000] {processor.py:156} INFO - Started process (PID=398) to work on /home/airflow/.local/lib/python3.7/site-packages/airflow/example_dags/example_branch_python_dop_operator_3.py
[2024-05-09T16:30:56.902+0000] {processor.py:758} INFO - Processing file /home/airflow/.local/lib/python3.7/site-packages/airflow/example_dags/example_branch_python_dop_operator_3.py for tasks to queue
[2024-05-09T16:30:56.903+0000] {logging_mixin.py:117} INFO - [2024-05-09T16:30:56.903+0000] {dagbag.py:525} INFO - Filling up the DagBag from /home/airflow/.local/lib/python3.7/site-packages/airflow/example_dags/example_branch_python_dop_operator_3.py
[2024-05-09T16:30:56.926+0000] {processor.py:768} INFO - DAG(s) dict_keys(['example_branch_dop_operator_v3']) retrieved from /home/airflow/.local/lib/python3.7/site-packages/airflow/example_dags/example_branch_python_dop_operator_3.py
[2024-05-09T16:30:56.961+0000] {logging_mixin.py:117} INFO - [2024-05-09T16:30:56.961+0000] {dag.py:2573} INFO - Sync 1 DAGs
[2024-05-09T16:30:56.986+0000] {logging_mixin.py:117} INFO - [2024-05-09T16:30:56.986+0000] {dag.py:3328} INFO - Setting next_dagrun for example_branch_dop_operator_v3 to 2024-05-09T16:29:00+00:00, run_after=2024-05-09T16:30:00+00:00
[2024-05-09T16:30:57.006+0000] {processor.py:178} INFO - Processing /home/airflow/.local/lib/python3.7/site-packages/airflow/example_dags/example_branch_python_dop_operator_3.py took 0.109 seconds
[2024-05-09T16:31:28.301+0000] {processor.py:156} INFO - Started process (PID=612) to work on /home/airflow/.local/lib/python3.7/site-packages/airflow/example_dags/example_branch_python_dop_operator_3.py
[2024-05-09T16:31:28.302+0000] {processor.py:758} INFO - Processing file /home/airflow/.local/lib/python3.7/site-packages/airflow/example_dags/example_branch_python_dop_operator_3.py for tasks to queue
[2024-05-09T16:31:28.303+0000] {logging_mixin.py:117} INFO - [2024-05-09T16:31:28.303+0000] {dagbag.py:525} INFO - Filling up the DagBag from /home/airflow/.local/lib/python3.7/site-packages/airflow/example_dags/example_branch_python_dop_operator_3.py
[2024-05-09T16:31:28.332+0000] {processor.py:768} INFO - DAG(s) dict_keys(['example_branch_dop_operator_v3']) retrieved from /home/airflow/.local/lib/python3.7/site-packages/airflow/example_dags/example_branch_python_dop_operator_3.py
[2024-05-09T16:31:28.367+0000] {logging_mixin.py:117} INFO - [2024-05-09T16:31:28.367+0000] {dag.py:2573} INFO - Sync 1 DAGs
[2024-05-09T16:31:28.396+0000] {logging_mixin.py:117} INFO - [2024-05-09T16:31:28.396+0000] {dag.py:3328} INFO - Setting next_dagrun for example_branch_dop_operator_v3 to 2024-05-09T16:30:00+00:00, run_after=2024-05-09T16:31:00+00:00
[2024-05-09T16:31:28.421+0000] {processor.py:178} INFO - Processing /home/airflow/.local/lib/python3.7/site-packages/airflow/example_dags/example_branch_python_dop_operator_3.py took 0.123 seconds
[2024-05-09T16:31:59.244+0000] {processor.py:156} INFO - Started process (PID=817) to work on /home/airflow/.local/lib/python3.7/site-packages/airflow/example_dags/example_branch_python_dop_operator_3.py
[2024-05-09T16:31:59.245+0000] {processor.py:758} INFO - Processing file /home/airflow/.local/lib/python3.7/site-packages/airflow/example_dags/example_branch_python_dop_operator_3.py for tasks to queue
[2024-05-09T16:31:59.246+0000] {logging_mixin.py:117} INFO - [2024-05-09T16:31:59.246+0000] {dagbag.py:525} INFO - Filling up the DagBag from /home/airflow/.local/lib/python3.7/site-packages/airflow/example_dags/example_branch_python_dop_operator_3.py
[2024-05-09T16:31:59.273+0000] {processor.py:768} INFO - DAG(s) dict_keys(['example_branch_dop_operator_v3']) retrieved from /home/airflow/.local/lib/python3.7/site-packages/airflow/example_dags/example_branch_python_dop_operator_3.py
[2024-05-09T16:31:59.312+0000] {logging_mixin.py:117} INFO - [2024-05-09T16:31:59.312+0000] {dag.py:2573} INFO - Sync 1 DAGs
[2024-05-09T16:31:59.344+0000] {logging_mixin.py:117} INFO - [2024-05-09T16:31:59.344+0000] {dag.py:3328} INFO - Setting next_dagrun for example_branch_dop_operator_v3 to 2024-05-09T16:30:00+00:00, run_after=2024-05-09T16:31:00+00:00
[2024-05-09T16:31:59.386+0000] {processor.py:178} INFO - Processing /home/airflow/.local/lib/python3.7/site-packages/airflow/example_dags/example_branch_python_dop_operator_3.py took 0.144 seconds
[2024-05-09T16:32:29.771+0000] {processor.py:156} INFO - Started process (PID=1030) to work on /home/airflow/.local/lib/python3.7/site-packages/airflow/example_dags/example_branch_python_dop_operator_3.py
[2024-05-09T16:32:29.771+0000] {processor.py:758} INFO - Processing file /home/airflow/.local/lib/python3.7/site-packages/airflow/example_dags/example_branch_python_dop_operator_3.py for tasks to queue
[2024-05-09T16:32:29.772+0000] {logging_mixin.py:117} INFO - [2024-05-09T16:32:29.772+0000] {dagbag.py:525} INFO - Filling up the DagBag from /home/airflow/.local/lib/python3.7/site-packages/airflow/example_dags/example_branch_python_dop_operator_3.py
[2024-05-09T16:32:29.799+0000] {processor.py:768} INFO - DAG(s) dict_keys(['example_branch_dop_operator_v3']) retrieved from /home/airflow/.local/lib/python3.7/site-packages/airflow/example_dags/example_branch_python_dop_operator_3.py
[2024-05-09T16:32:29.835+0000] {logging_mixin.py:117} INFO - [2024-05-09T16:32:29.835+0000] {dag.py:2573} INFO - Sync 1 DAGs
[2024-05-09T16:32:29.858+0000] {logging_mixin.py:117} INFO - [2024-05-09T16:32:29.858+0000] {dag.py:3328} INFO - Setting next_dagrun for example_branch_dop_operator_v3 to 2024-05-09T16:31:00+00:00, run_after=2024-05-09T16:32:00+00:00
[2024-05-09T16:32:29.995+0000] {processor.py:178} INFO - Processing /home/airflow/.local/lib/python3.7/site-packages/airflow/example_dags/example_branch_python_dop_operator_3.py took 0.227 seconds
[2024-05-09T16:33:00.071+0000] {processor.py:156} INFO - Started process (PID=1242) to work on /home/airflow/.local/lib/python3.7/site-packages/airflow/example_dags/example_branch_python_dop_operator_3.py
[2024-05-09T16:33:00.072+0000] {processor.py:758} INFO - Processing file /home/airflow/.local/lib/python3.7/site-packages/airflow/example_dags/example_branch_python_dop_operator_3.py for tasks to queue
[2024-05-09T16:33:00.072+0000] {logging_mixin.py:117} INFO - [2024-05-09T16:33:00.072+0000] {dagbag.py:525} INFO - Filling up the DagBag from /home/airflow/.local/lib/python3.7/site-packages/airflow/example_dags/example_branch_python_dop_operator_3.py
[2024-05-09T16:33:00.100+0000] {processor.py:768} INFO - DAG(s) dict_keys(['example_branch_dop_operator_v3']) retrieved from /home/airflow/.local/lib/python3.7/site-packages/airflow/example_dags/example_branch_python_dop_operator_3.py
[2024-05-09T16:33:00.141+0000] {logging_mixin.py:117} INFO - [2024-05-09T16:33:00.141+0000] {dag.py:2573} INFO - Sync 1 DAGs
[2024-05-09T16:33:00.281+0000] {logging_mixin.py:117} INFO - [2024-05-09T16:33:00.280+0000] {dag.py:3328} INFO - Setting next_dagrun for example_branch_dop_operator_v3 to 2024-05-09T16:32:00+00:00, run_after=2024-05-09T16:33:00+00:00
[2024-05-09T16:33:00.300+0000] {processor.py:178} INFO - Processing /home/airflow/.local/lib/python3.7/site-packages/airflow/example_dags/example_branch_python_dop_operator_3.py took 0.232 seconds
[2024-05-09T16:33:30.379+0000] {processor.py:156} INFO - Started process (PID=1443) to work on /home/airflow/.local/lib/python3.7/site-packages/airflow/example_dags/example_branch_python_dop_operator_3.py
[2024-05-09T16:33:30.380+0000] {processor.py:758} INFO - Processing file /home/airflow/.local/lib/python3.7/site-packages/airflow/example_dags/example_branch_python_dop_operator_3.py for tasks to queue
[2024-05-09T16:33:30.380+0000] {logging_mixin.py:117} INFO - [2024-05-09T16:33:30.380+0000] {dagbag.py:525} INFO - Filling up the DagBag from /home/airflow/.local/lib/python3.7/site-packages/airflow/example_dags/example_branch_python_dop_operator_3.py
[2024-05-09T16:33:30.399+0000] {processor.py:768} INFO - DAG(s) dict_keys(['example_branch_dop_operator_v3']) retrieved from /home/airflow/.local/lib/python3.7/site-packages/airflow/example_dags/example_branch_python_dop_operator_3.py
[2024-05-09T16:33:30.548+0000] {logging_mixin.py:117} INFO - [2024-05-09T16:33:30.548+0000] {dag.py:2573} INFO - Sync 1 DAGs
[2024-05-09T16:33:30.571+0000] {logging_mixin.py:117} INFO - [2024-05-09T16:33:30.570+0000] {dag.py:3328} INFO - Setting next_dagrun for example_branch_dop_operator_v3 to 2024-05-09T16:32:00+00:00, run_after=2024-05-09T16:33:00+00:00
[2024-05-09T16:33:30.588+0000] {processor.py:178} INFO - Processing /home/airflow/.local/lib/python3.7/site-packages/airflow/example_dags/example_branch_python_dop_operator_3.py took 0.212 seconds
[2024-05-09T16:34:00.674+0000] {processor.py:156} INFO - Started process (PID=1656) to work on /home/airflow/.local/lib/python3.7/site-packages/airflow/example_dags/example_branch_python_dop_operator_3.py
[2024-05-09T16:34:00.675+0000] {processor.py:758} INFO - Processing file /home/airflow/.local/lib/python3.7/site-packages/airflow/example_dags/example_branch_python_dop_operator_3.py for tasks to queue
[2024-05-09T16:34:00.675+0000] {logging_mixin.py:117} INFO - [2024-05-09T16:34:00.675+0000] {dagbag.py:525} INFO - Filling up the DagBag from /home/airflow/.local/lib/python3.7/site-packages/airflow/example_dags/example_branch_python_dop_operator_3.py
[2024-05-09T16:34:00.695+0000] {processor.py:768} INFO - DAG(s) dict_keys(['example_branch_dop_operator_v3']) retrieved from /home/airflow/.local/lib/python3.7/site-packages/airflow/example_dags/example_branch_python_dop_operator_3.py
[2024-05-09T16:34:00.832+0000] {logging_mixin.py:117} INFO - [2024-05-09T16:34:00.832+0000] {dag.py:2573} INFO - Sync 1 DAGs
[2024-05-09T16:34:00.854+0000] {logging_mixin.py:117} INFO - [2024-05-09T16:34:00.854+0000] {dag.py:3328} INFO - Setting next_dagrun for example_branch_dop_operator_v3 to 2024-05-09T16:33:00+00:00, run_after=2024-05-09T16:34:00+00:00
[2024-05-09T16:34:00.872+0000] {processor.py:178} INFO - Processing /home/airflow/.local/lib/python3.7/site-packages/airflow/example_dags/example_branch_python_dop_operator_3.py took 0.200 seconds
[2024-05-09T16:34:31.618+0000] {processor.py:156} INFO - Started process (PID=1870) to work on /home/airflow/.local/lib/python3.7/site-packages/airflow/example_dags/example_branch_python_dop_operator_3.py
[2024-05-09T16:34:31.618+0000] {processor.py:758} INFO - Processing file /home/airflow/.local/lib/python3.7/site-packages/airflow/example_dags/example_branch_python_dop_operator_3.py for tasks to queue
[2024-05-09T16:34:31.619+0000] {logging_mixin.py:117} INFO - [2024-05-09T16:34:31.619+0000] {dagbag.py:525} INFO - Filling up the DagBag from /home/airflow/.local/lib/python3.7/site-packages/airflow/example_dags/example_branch_python_dop_operator_3.py
[2024-05-09T16:34:31.640+0000] {processor.py:768} INFO - DAG(s) dict_keys(['example_branch_dop_operator_v3']) retrieved from /home/airflow/.local/lib/python3.7/site-packages/airflow/example_dags/example_branch_python_dop_operator_3.py
[2024-05-09T16:34:31.779+0000] {logging_mixin.py:117} INFO - [2024-05-09T16:34:31.779+0000] {dag.py:2573} INFO - Sync 1 DAGs
[2024-05-09T16:34:31.803+0000] {logging_mixin.py:117} INFO - [2024-05-09T16:34:31.803+0000] {dag.py:3328} INFO - Setting next_dagrun for example_branch_dop_operator_v3 to 2024-05-09T16:33:00+00:00, run_after=2024-05-09T16:34:00+00:00
[2024-05-09T16:34:31.823+0000] {processor.py:178} INFO - Processing /home/airflow/.local/lib/python3.7/site-packages/airflow/example_dags/example_branch_python_dop_operator_3.py took 0.209 seconds
[2024-05-09T16:35:01.945+0000] {processor.py:156} INFO - Started process (PID=2081) to work on /home/airflow/.local/lib/python3.7/site-packages/airflow/example_dags/example_branch_python_dop_operator_3.py
[2024-05-09T16:35:01.946+0000] {processor.py:758} INFO - Processing file /home/airflow/.local/lib/python3.7/site-packages/airflow/example_dags/example_branch_python_dop_operator_3.py for tasks to queue
[2024-05-09T16:35:01.947+0000] {logging_mixin.py:117} INFO - [2024-05-09T16:35:01.947+0000] {dagbag.py:525} INFO - Filling up the DagBag from /home/airflow/.local/lib/python3.7/site-packages/airflow/example_dags/example_branch_python_dop_operator_3.py
[2024-05-09T16:35:02.206+0000] {processor.py:768} INFO - DAG(s) dict_keys(['example_branch_dop_operator_v3']) retrieved from /home/airflow/.local/lib/python3.7/site-packages/airflow/example_dags/example_branch_python_dop_operator_3.py
[2024-05-09T16:35:02.249+0000] {logging_mixin.py:117} INFO - [2024-05-09T16:35:02.249+0000] {dag.py:2573} INFO - Sync 1 DAGs
[2024-05-09T16:35:02.294+0000] {logging_mixin.py:117} INFO - [2024-05-09T16:35:02.294+0000] {dag.py:3328} INFO - Setting next_dagrun for example_branch_dop_operator_v3 to 2024-05-09T16:34:00+00:00, run_after=2024-05-09T16:35:00+00:00
[2024-05-09T16:35:02.327+0000] {processor.py:178} INFO - Processing /home/airflow/.local/lib/python3.7/site-packages/airflow/example_dags/example_branch_python_dop_operator_3.py took 0.385 seconds
[2024-05-09T16:35:33.318+0000] {processor.py:156} INFO - Started process (PID=2286) to work on /home/airflow/.local/lib/python3.7/site-packages/airflow/example_dags/example_branch_python_dop_operator_3.py
[2024-05-09T16:35:33.319+0000] {processor.py:758} INFO - Processing file /home/airflow/.local/lib/python3.7/site-packages/airflow/example_dags/example_branch_python_dop_operator_3.py for tasks to queue
[2024-05-09T16:35:33.319+0000] {logging_mixin.py:117} INFO - [2024-05-09T16:35:33.319+0000] {dagbag.py:525} INFO - Filling up the DagBag from /home/airflow/.local/lib/python3.7/site-packages/airflow/example_dags/example_branch_python_dop_operator_3.py
[2024-05-09T16:35:33.346+0000] {processor.py:768} INFO - DAG(s) dict_keys(['example_branch_dop_operator_v3']) retrieved from /home/airflow/.local/lib/python3.7/site-packages/airflow/example_dags/example_branch_python_dop_operator_3.py
[2024-05-09T16:35:33.378+0000] {logging_mixin.py:117} INFO - [2024-05-09T16:35:33.378+0000] {dag.py:2573} INFO - Sync 1 DAGs
[2024-05-09T16:35:33.504+0000] {logging_mixin.py:117} INFO - [2024-05-09T16:35:33.504+0000] {dag.py:3328} INFO - Setting next_dagrun for example_branch_dop_operator_v3 to 2024-05-09T16:34:00+00:00, run_after=2024-05-09T16:35:00+00:00
[2024-05-09T16:35:33.523+0000] {processor.py:178} INFO - Processing /home/airflow/.local/lib/python3.7/site-packages/airflow/example_dags/example_branch_python_dop_operator_3.py took 0.208 seconds
[2024-05-09T16:36:03.918+0000] {processor.py:156} INFO - Started process (PID=2500) to work on /home/airflow/.local/lib/python3.7/site-packages/airflow/example_dags/example_branch_python_dop_operator_3.py
[2024-05-09T16:36:03.918+0000] {processor.py:758} INFO - Processing file /home/airflow/.local/lib/python3.7/site-packages/airflow/example_dags/example_branch_python_dop_operator_3.py for tasks to queue
[2024-05-09T16:36:03.919+0000] {logging_mixin.py:117} INFO - [2024-05-09T16:36:03.919+0000] {dagbag.py:525} INFO - Filling up the DagBag from /home/airflow/.local/lib/python3.7/site-packages/airflow/example_dags/example_branch_python_dop_operator_3.py
[2024-05-09T16:36:03.938+0000] {processor.py:768} INFO - DAG(s) dict_keys(['example_branch_dop_operator_v3']) retrieved from /home/airflow/.local/lib/python3.7/site-packages/airflow/example_dags/example_branch_python_dop_operator_3.py
[2024-05-09T16:36:04.107+0000] {logging_mixin.py:117} INFO - [2024-05-09T16:36:04.107+0000] {dag.py:2573} INFO - Sync 1 DAGs
[2024-05-09T16:36:04.142+0000] {logging_mixin.py:117} INFO - [2024-05-09T16:36:04.141+0000] {dag.py:3328} INFO - Setting next_dagrun for example_branch_dop_operator_v3 to 2024-05-09T16:35:00+00:00, run_after=2024-05-09T16:36:00+00:00
[2024-05-09T16:36:04.166+0000] {processor.py:178} INFO - Processing /home/airflow/.local/lib/python3.7/site-packages/airflow/example_dags/example_branch_python_dop_operator_3.py took 0.250 seconds
[2024-05-09T16:36:34.362+0000] {processor.py:156} INFO - Started process (PID=2713) to work on /home/airflow/.local/lib/python3.7/site-packages/airflow/example_dags/example_branch_python_dop_operator_3.py
[2024-05-09T16:36:34.362+0000] {processor.py:758} INFO - Processing file /home/airflow/.local/lib/python3.7/site-packages/airflow/example_dags/example_branch_python_dop_operator_3.py for tasks to queue
[2024-05-09T16:36:34.363+0000] {logging_mixin.py:117} INFO - [2024-05-09T16:36:34.363+0000] {dagbag.py:525} INFO - Filling up the DagBag from /home/airflow/.local/lib/python3.7/site-packages/airflow/example_dags/example_branch_python_dop_operator_3.py
[2024-05-09T16:36:34.391+0000] {processor.py:768} INFO - DAG(s) dict_keys(['example_branch_dop_operator_v3']) retrieved from /home/airflow/.local/lib/python3.7/site-packages/airflow/example_dags/example_branch_python_dop_operator_3.py
[2024-05-09T16:36:34.529+0000] {logging_mixin.py:117} INFO - [2024-05-09T16:36:34.529+0000] {dag.py:2573} INFO - Sync 1 DAGs
[2024-05-09T16:36:34.558+0000] {logging_mixin.py:117} INFO - [2024-05-09T16:36:34.558+0000] {dag.py:3328} INFO - Setting next_dagrun for example_branch_dop_operator_v3 to 2024-05-09T16:35:00+00:00, run_after=2024-05-09T16:36:00+00:00
[2024-05-09T16:36:34.581+0000] {processor.py:178} INFO - Processing /home/airflow/.local/lib/python3.7/site-packages/airflow/example_dags/example_branch_python_dop_operator_3.py took 0.222 seconds
[2024-05-09T16:37:05.482+0000] {processor.py:156} INFO - Started process (PID=2917) to work on /home/airflow/.local/lib/python3.7/site-packages/airflow/example_dags/example_branch_python_dop_operator_3.py
[2024-05-09T16:37:05.483+0000] {processor.py:758} INFO - Processing file /home/airflow/.local/lib/python3.7/site-packages/airflow/example_dags/example_branch_python_dop_operator_3.py for tasks to queue
[2024-05-09T16:37:05.483+0000] {logging_mixin.py:117} INFO - [2024-05-09T16:37:05.483+0000] {dagbag.py:525} INFO - Filling up the DagBag from /home/airflow/.local/lib/python3.7/site-packages/airflow/example_dags/example_branch_python_dop_operator_3.py
[2024-05-09T16:37:05.635+0000] {processor.py:768} INFO - DAG(s) dict_keys(['example_branch_dop_operator_v3']) retrieved from /home/airflow/.local/lib/python3.7/site-packages/airflow/example_dags/example_branch_python_dop_operator_3.py
[2024-05-09T16:37:05.662+0000] {logging_mixin.py:117} INFO - [2024-05-09T16:37:05.662+0000] {dag.py:2573} INFO - Sync 1 DAGs
[2024-05-09T16:37:05.688+0000] {logging_mixin.py:117} INFO - [2024-05-09T16:37:05.688+0000] {dag.py:3328} INFO - Setting next_dagrun for example_branch_dop_operator_v3 to 2024-05-09T16:36:00+00:00, run_after=2024-05-09T16:37:00+00:00
[2024-05-09T16:37:05.707+0000] {processor.py:178} INFO - Processing /home/airflow/.local/lib/python3.7/site-packages/airflow/example_dags/example_branch_python_dop_operator_3.py took 0.227 seconds
[2024-05-09T16:37:36.349+0000] {processor.py:156} INFO - Started process (PID=3130) to work on /home/airflow/.local/lib/python3.7/site-packages/airflow/example_dags/example_branch_python_dop_operator_3.py
[2024-05-09T16:37:36.350+0000] {processor.py:758} INFO - Processing file /home/airflow/.local/lib/python3.7/site-packages/airflow/example_dags/example_branch_python_dop_operator_3.py for tasks to queue
[2024-05-09T16:37:36.350+0000] {logging_mixin.py:117} INFO - [2024-05-09T16:37:36.350+0000] {dagbag.py:525} INFO - Filling up the DagBag from /home/airflow/.local/lib/python3.7/site-packages/airflow/example_dags/example_branch_python_dop_operator_3.py
[2024-05-09T16:37:36.378+0000] {processor.py:768} INFO - DAG(s) dict_keys(['example_branch_dop_operator_v3']) retrieved from /home/airflow/.local/lib/python3.7/site-packages/airflow/example_dags/example_branch_python_dop_operator_3.py
[2024-05-09T16:37:36.414+0000] {logging_mixin.py:117} INFO - [2024-05-09T16:37:36.414+0000] {dag.py:2573} INFO - Sync 1 DAGs
[2024-05-09T16:37:36.541+0000] {logging_mixin.py:117} INFO - [2024-05-09T16:37:36.541+0000] {dag.py:3328} INFO - Setting next_dagrun for example_branch_dop_operator_v3 to 2024-05-09T16:36:00+00:00, run_after=2024-05-09T16:37:00+00:00
[2024-05-09T16:37:36.561+0000] {processor.py:178} INFO - Processing /home/airflow/.local/lib/python3.7/site-packages/airflow/example_dags/example_branch_python_dop_operator_3.py took 0.215 seconds
[2024-05-09T16:38:07.095+0000] {processor.py:156} INFO - Started process (PID=3343) to work on /home/airflow/.local/lib/python3.7/site-packages/airflow/example_dags/example_branch_python_dop_operator_3.py
[2024-05-09T16:38:07.095+0000] {processor.py:758} INFO - Processing file /home/airflow/.local/lib/python3.7/site-packages/airflow/example_dags/example_branch_python_dop_operator_3.py for tasks to queue
[2024-05-09T16:38:07.096+0000] {logging_mixin.py:117} INFO - [2024-05-09T16:38:07.096+0000] {dagbag.py:525} INFO - Filling up the DagBag from /home/airflow/.local/lib/python3.7/site-packages/airflow/example_dags/example_branch_python_dop_operator_3.py
[2024-05-09T16:38:07.115+0000] {processor.py:768} INFO - DAG(s) dict_keys(['example_branch_dop_operator_v3']) retrieved from /home/airflow/.local/lib/python3.7/site-packages/airflow/example_dags/example_branch_python_dop_operator_3.py
[2024-05-09T16:38:07.282+0000] {logging_mixin.py:117} INFO - [2024-05-09T16:38:07.282+0000] {dag.py:2573} INFO - Sync 1 DAGs
[2024-05-09T16:38:07.316+0000] {logging_mixin.py:117} INFO - [2024-05-09T16:38:07.316+0000] {dag.py:3328} INFO - Setting next_dagrun for example_branch_dop_operator_v3 to 2024-05-09T16:37:00+00:00, run_after=2024-05-09T16:38:00+00:00
[2024-05-09T16:38:07.340+0000] {processor.py:178} INFO - Processing /home/airflow/.local/lib/python3.7/site-packages/airflow/example_dags/example_branch_python_dop_operator_3.py took 0.247 seconds
