[2024-05-09T15:15:16.944+0000] {processor.py:156} INFO - Started process (PID=296) to work on /home/airflow/.local/lib/python3.7/site-packages/airflow/example_dags/example_nested_branch_dag.py
[2024-05-09T15:15:16.955+0000] {processor.py:758} INFO - Processing file /home/airflow/.local/lib/python3.7/site-packages/airflow/example_dags/example_nested_branch_dag.py for tasks to queue
[2024-05-09T15:15:16.956+0000] {logging_mixin.py:117} INFO - [2024-05-09T15:15:16.956+0000] {dagbag.py:525} INFO - Filling up the DagBag from /home/airflow/.local/lib/python3.7/site-packages/airflow/example_dags/example_nested_branch_dag.py
[2024-05-09T15:15:16.998+0000] {processor.py:768} INFO - DAG(s) dict_keys(['example_nested_branch_dag']) retrieved from /home/airflow/.local/lib/python3.7/site-packages/airflow/example_dags/example_nested_branch_dag.py
[2024-05-09T15:15:17.367+0000] {logging_mixin.py:117} INFO - [2024-05-09T15:15:17.367+0000] {manager.py:507} INFO - Created Permission View: can delete on DAG:example_nested_branch_dag
[2024-05-09T15:15:17.384+0000] {logging_mixin.py:117} INFO - [2024-05-09T15:15:17.384+0000] {manager.py:507} INFO - Created Permission View: can read on DAG:example_nested_branch_dag
[2024-05-09T15:15:17.397+0000] {logging_mixin.py:117} INFO - [2024-05-09T15:15:17.397+0000] {manager.py:507} INFO - Created Permission View: can edit on DAG:example_nested_branch_dag
[2024-05-09T15:15:17.398+0000] {logging_mixin.py:117} INFO - [2024-05-09T15:15:17.397+0000] {dag.py:2573} INFO - Sync 1 DAGs
[2024-05-09T15:15:17.426+0000] {logging_mixin.py:117} INFO - [2024-05-09T15:15:17.426+0000] {dag.py:2594} INFO - Creating ORM DAG for example_nested_branch_dag
[2024-05-09T15:15:17.449+0000] {logging_mixin.py:117} INFO - [2024-05-09T15:15:17.449+0000] {dag.py:3328} INFO - Setting next_dagrun for example_nested_branch_dag to 2024-05-08T00:00:00+00:00, run_after=2024-05-09T00:00:00+00:00
[2024-05-09T15:15:17.482+0000] {processor.py:178} INFO - Processing /home/airflow/.local/lib/python3.7/site-packages/airflow/example_dags/example_nested_branch_dag.py took 0.541 seconds
[2024-05-09T15:15:48.270+0000] {processor.py:156} INFO - Started process (PID=512) to work on /home/airflow/.local/lib/python3.7/site-packages/airflow/example_dags/example_nested_branch_dag.py
[2024-05-09T15:15:48.271+0000] {processor.py:758} INFO - Processing file /home/airflow/.local/lib/python3.7/site-packages/airflow/example_dags/example_nested_branch_dag.py for tasks to queue
[2024-05-09T15:15:48.271+0000] {logging_mixin.py:117} INFO - [2024-05-09T15:15:48.271+0000] {dagbag.py:525} INFO - Filling up the DagBag from /home/airflow/.local/lib/python3.7/site-packages/airflow/example_dags/example_nested_branch_dag.py
[2024-05-09T15:15:48.294+0000] {processor.py:768} INFO - DAG(s) dict_keys(['example_nested_branch_dag']) retrieved from /home/airflow/.local/lib/python3.7/site-packages/airflow/example_dags/example_nested_branch_dag.py
[2024-05-09T15:15:48.328+0000] {logging_mixin.py:117} INFO - [2024-05-09T15:15:48.327+0000] {dag.py:2573} INFO - Sync 1 DAGs
[2024-05-09T15:15:48.466+0000] {logging_mixin.py:117} INFO - [2024-05-09T15:15:48.465+0000] {dag.py:3328} INFO - Setting next_dagrun for example_nested_branch_dag to 2024-05-08T00:00:00+00:00, run_after=2024-05-09T00:00:00+00:00
[2024-05-09T15:15:48.490+0000] {processor.py:178} INFO - Processing /home/airflow/.local/lib/python3.7/site-packages/airflow/example_dags/example_nested_branch_dag.py took 0.223 seconds
[2024-05-09T15:16:18.756+0000] {processor.py:156} INFO - Started process (PID=726) to work on /home/airflow/.local/lib/python3.7/site-packages/airflow/example_dags/example_nested_branch_dag.py
[2024-05-09T15:16:18.756+0000] {processor.py:758} INFO - Processing file /home/airflow/.local/lib/python3.7/site-packages/airflow/example_dags/example_nested_branch_dag.py for tasks to queue
[2024-05-09T15:16:18.757+0000] {logging_mixin.py:117} INFO - [2024-05-09T15:16:18.757+0000] {dagbag.py:525} INFO - Filling up the DagBag from /home/airflow/.local/lib/python3.7/site-packages/airflow/example_dags/example_nested_branch_dag.py
[2024-05-09T15:16:18.786+0000] {processor.py:768} INFO - DAG(s) dict_keys(['example_nested_branch_dag']) retrieved from /home/airflow/.local/lib/python3.7/site-packages/airflow/example_dags/example_nested_branch_dag.py
[2024-05-09T15:16:18.825+0000] {logging_mixin.py:117} INFO - [2024-05-09T15:16:18.825+0000] {dag.py:2573} INFO - Sync 1 DAGs
[2024-05-09T15:16:18.969+0000] {logging_mixin.py:117} INFO - [2024-05-09T15:16:18.969+0000] {dag.py:3328} INFO - Setting next_dagrun for example_nested_branch_dag to 2024-05-08T00:00:00+00:00, run_after=2024-05-09T00:00:00+00:00
[2024-05-09T15:16:18.988+0000] {processor.py:178} INFO - Processing /home/airflow/.local/lib/python3.7/site-packages/airflow/example_dags/example_nested_branch_dag.py took 0.235 seconds
[2024-05-09T15:16:49.416+0000] {processor.py:156} INFO - Started process (PID=930) to work on /home/airflow/.local/lib/python3.7/site-packages/airflow/example_dags/example_nested_branch_dag.py
[2024-05-09T15:16:49.417+0000] {processor.py:758} INFO - Processing file /home/airflow/.local/lib/python3.7/site-packages/airflow/example_dags/example_nested_branch_dag.py for tasks to queue
[2024-05-09T15:16:49.417+0000] {logging_mixin.py:117} INFO - [2024-05-09T15:16:49.417+0000] {dagbag.py:525} INFO - Filling up the DagBag from /home/airflow/.local/lib/python3.7/site-packages/airflow/example_dags/example_nested_branch_dag.py
[2024-05-09T15:16:49.447+0000] {processor.py:768} INFO - DAG(s) dict_keys(['example_nested_branch_dag']) retrieved from /home/airflow/.local/lib/python3.7/site-packages/airflow/example_dags/example_nested_branch_dag.py
[2024-05-09T15:16:49.604+0000] {logging_mixin.py:117} INFO - [2024-05-09T15:16:49.603+0000] {dag.py:2573} INFO - Sync 1 DAGs
[2024-05-09T15:16:49.628+0000] {logging_mixin.py:117} INFO - [2024-05-09T15:16:49.628+0000] {dag.py:3328} INFO - Setting next_dagrun for example_nested_branch_dag to 2024-05-08T00:00:00+00:00, run_after=2024-05-09T00:00:00+00:00
[2024-05-09T15:16:49.654+0000] {processor.py:178} INFO - Processing /home/airflow/.local/lib/python3.7/site-packages/airflow/example_dags/example_nested_branch_dag.py took 0.241 seconds
