[2024-05-09T15:15:18.721+0000] {processor.py:156} INFO - Started process (PID=321) to work on /home/airflow/.local/lib/python3.7/site-packages/airflow/example_dags/example_latest_only_with_trigger.py
[2024-05-09T15:15:18.722+0000] {processor.py:758} INFO - Processing file /home/airflow/.local/lib/python3.7/site-packages/airflow/example_dags/example_latest_only_with_trigger.py for tasks to queue
[2024-05-09T15:15:18.727+0000] {logging_mixin.py:117} INFO - [2024-05-09T15:15:18.727+0000] {dagbag.py:525} INFO - Filling up the DagBag from /home/airflow/.local/lib/python3.7/site-packages/airflow/example_dags/example_latest_only_with_trigger.py
[2024-05-09T15:15:18.769+0000] {processor.py:768} INFO - DAG(s) dict_keys(['latest_only_with_trigger']) retrieved from /home/airflow/.local/lib/python3.7/site-packages/airflow/example_dags/example_latest_only_with_trigger.py
[2024-05-09T15:15:19.662+0000] {logging_mixin.py:117} INFO - [2024-05-09T15:15:19.662+0000] {manager.py:507} INFO - Created Permission View: can delete on DAG:latest_only_with_trigger
[2024-05-09T15:15:19.699+0000] {logging_mixin.py:117} INFO - [2024-05-09T15:15:19.699+0000] {manager.py:507} INFO - Created Permission View: can read on DAG:latest_only_with_trigger
[2024-05-09T15:15:19.721+0000] {logging_mixin.py:117} INFO - [2024-05-09T15:15:19.720+0000] {manager.py:507} INFO - Created Permission View: can edit on DAG:latest_only_with_trigger
[2024-05-09T15:15:19.721+0000] {logging_mixin.py:117} INFO - [2024-05-09T15:15:19.721+0000] {dag.py:2573} INFO - Sync 1 DAGs
[2024-05-09T15:15:19.738+0000] {logging_mixin.py:117} INFO - [2024-05-09T15:15:19.738+0000] {dag.py:2594} INFO - Creating ORM DAG for latest_only_with_trigger
[2024-05-09T15:15:19.763+0000] {logging_mixin.py:117} INFO - [2024-05-09T15:15:19.762+0000] {dag.py:3328} INFO - Setting next_dagrun for latest_only_with_trigger to 2024-05-09T11:15:19.762648+00:00, run_after=2024-05-09T15:15:19.762648+00:00
[2024-05-09T15:15:19.814+0000] {processor.py:178} INFO - Processing /home/airflow/.local/lib/python3.7/site-packages/airflow/example_dags/example_latest_only_with_trigger.py took 1.097 seconds
[2024-05-09T15:15:49.923+0000] {processor.py:156} INFO - Started process (PID=535) to work on /home/airflow/.local/lib/python3.7/site-packages/airflow/example_dags/example_latest_only_with_trigger.py
[2024-05-09T15:15:49.924+0000] {processor.py:758} INFO - Processing file /home/airflow/.local/lib/python3.7/site-packages/airflow/example_dags/example_latest_only_with_trigger.py for tasks to queue
[2024-05-09T15:15:49.924+0000] {logging_mixin.py:117} INFO - [2024-05-09T15:15:49.924+0000] {dagbag.py:525} INFO - Filling up the DagBag from /home/airflow/.local/lib/python3.7/site-packages/airflow/example_dags/example_latest_only_with_trigger.py
[2024-05-09T15:15:49.940+0000] {processor.py:768} INFO - DAG(s) dict_keys(['latest_only_with_trigger']) retrieved from /home/airflow/.local/lib/python3.7/site-packages/airflow/example_dags/example_latest_only_with_trigger.py
[2024-05-09T15:15:49.975+0000] {logging_mixin.py:117} INFO - [2024-05-09T15:15:49.975+0000] {dag.py:2573} INFO - Sync 1 DAGs
[2024-05-09T15:15:49.995+0000] {logging_mixin.py:117} INFO - [2024-05-09T15:15:49.995+0000] {dag.py:3328} INFO - Setting next_dagrun for latest_only_with_trigger to 2024-05-09T11:15:49.995274+00:00, run_after=2024-05-09T15:15:49.995274+00:00
[2024-05-09T15:15:50.147+0000] {processor.py:178} INFO - Processing /home/airflow/.local/lib/python3.7/site-packages/airflow/example_dags/example_latest_only_with_trigger.py took 0.228 seconds
[2024-05-09T15:16:20.460+0000] {processor.py:156} INFO - Started process (PID=749) to work on /home/airflow/.local/lib/python3.7/site-packages/airflow/example_dags/example_latest_only_with_trigger.py
[2024-05-09T15:16:20.461+0000] {processor.py:758} INFO - Processing file /home/airflow/.local/lib/python3.7/site-packages/airflow/example_dags/example_latest_only_with_trigger.py for tasks to queue
[2024-05-09T15:16:20.462+0000] {logging_mixin.py:117} INFO - [2024-05-09T15:16:20.462+0000] {dagbag.py:525} INFO - Filling up the DagBag from /home/airflow/.local/lib/python3.7/site-packages/airflow/example_dags/example_latest_only_with_trigger.py
[2024-05-09T15:16:20.477+0000] {processor.py:768} INFO - DAG(s) dict_keys(['latest_only_with_trigger']) retrieved from /home/airflow/.local/lib/python3.7/site-packages/airflow/example_dags/example_latest_only_with_trigger.py
[2024-05-09T15:16:20.511+0000] {logging_mixin.py:117} INFO - [2024-05-09T15:16:20.511+0000] {dag.py:2573} INFO - Sync 1 DAGs
[2024-05-09T15:16:20.642+0000] {logging_mixin.py:117} INFO - [2024-05-09T15:16:20.642+0000] {dag.py:3328} INFO - Setting next_dagrun for latest_only_with_trigger to 2024-05-09T11:16:20.642301+00:00, run_after=2024-05-09T15:16:20.642301+00:00
[2024-05-09T15:16:20.662+0000] {processor.py:178} INFO - Processing /home/airflow/.local/lib/python3.7/site-packages/airflow/example_dags/example_latest_only_with_trigger.py took 0.204 seconds
[2024-05-09T15:16:51.182+0000] {processor.py:156} INFO - Started process (PID=961) to work on /home/airflow/.local/lib/python3.7/site-packages/airflow/example_dags/example_latest_only_with_trigger.py
[2024-05-09T15:16:51.183+0000] {processor.py:758} INFO - Processing file /home/airflow/.local/lib/python3.7/site-packages/airflow/example_dags/example_latest_only_with_trigger.py for tasks to queue
[2024-05-09T15:16:51.184+0000] {logging_mixin.py:117} INFO - [2024-05-09T15:16:51.184+0000] {dagbag.py:525} INFO - Filling up the DagBag from /home/airflow/.local/lib/python3.7/site-packages/airflow/example_dags/example_latest_only_with_trigger.py
[2024-05-09T15:16:51.201+0000] {processor.py:768} INFO - DAG(s) dict_keys(['latest_only_with_trigger']) retrieved from /home/airflow/.local/lib/python3.7/site-packages/airflow/example_dags/example_latest_only_with_trigger.py
[2024-05-09T15:16:51.414+0000] {logging_mixin.py:117} INFO - [2024-05-09T15:16:51.414+0000] {dag.py:2573} INFO - Sync 1 DAGs
[2024-05-09T15:16:51.444+0000] {logging_mixin.py:117} INFO - [2024-05-09T15:16:51.443+0000] {dag.py:3328} INFO - Setting next_dagrun for latest_only_with_trigger to 2024-05-09T11:16:51.443752+00:00, run_after=2024-05-09T15:16:51.443752+00:00
[2024-05-09T15:16:51.468+0000] {processor.py:178} INFO - Processing /home/airflow/.local/lib/python3.7/site-packages/airflow/example_dags/example_latest_only_with_trigger.py took 0.289 seconds
[2024-05-09T15:17:21.841+0000] {processor.py:156} INFO - Started process (PID=1167) to work on /home/airflow/.local/lib/python3.7/site-packages/airflow/example_dags/example_latest_only_with_trigger.py
[2024-05-09T15:17:21.842+0000] {processor.py:758} INFO - Processing file /home/airflow/.local/lib/python3.7/site-packages/airflow/example_dags/example_latest_only_with_trigger.py for tasks to queue
[2024-05-09T15:17:21.842+0000] {logging_mixin.py:117} INFO - [2024-05-09T15:17:21.842+0000] {dagbag.py:525} INFO - Filling up the DagBag from /home/airflow/.local/lib/python3.7/site-packages/airflow/example_dags/example_latest_only_with_trigger.py
[2024-05-09T15:17:21.858+0000] {processor.py:768} INFO - DAG(s) dict_keys(['latest_only_with_trigger']) retrieved from /home/airflow/.local/lib/python3.7/site-packages/airflow/example_dags/example_latest_only_with_trigger.py
[2024-05-09T15:17:22.010+0000] {logging_mixin.py:117} INFO - [2024-05-09T15:17:22.009+0000] {dag.py:2573} INFO - Sync 1 DAGs
[2024-05-09T15:17:22.029+0000] {logging_mixin.py:117} INFO - [2024-05-09T15:17:22.029+0000] {dag.py:3328} INFO - Setting next_dagrun for latest_only_with_trigger to 2024-05-09T11:17:22.029498+00:00, run_after=2024-05-09T15:17:22.029498+00:00
[2024-05-09T15:17:22.049+0000] {processor.py:178} INFO - Processing /home/airflow/.local/lib/python3.7/site-packages/airflow/example_dags/example_latest_only_with_trigger.py took 0.211 seconds
[2024-05-09T15:17:52.435+0000] {processor.py:156} INFO - Started process (PID=1380) to work on /home/airflow/.local/lib/python3.7/site-packages/airflow/example_dags/example_latest_only_with_trigger.py
[2024-05-09T15:17:52.436+0000] {processor.py:758} INFO - Processing file /home/airflow/.local/lib/python3.7/site-packages/airflow/example_dags/example_latest_only_with_trigger.py for tasks to queue
[2024-05-09T15:17:52.436+0000] {logging_mixin.py:117} INFO - [2024-05-09T15:17:52.436+0000] {dagbag.py:525} INFO - Filling up the DagBag from /home/airflow/.local/lib/python3.7/site-packages/airflow/example_dags/example_latest_only_with_trigger.py
[2024-05-09T15:17:52.577+0000] {processor.py:768} INFO - DAG(s) dict_keys(['latest_only_with_trigger']) retrieved from /home/airflow/.local/lib/python3.7/site-packages/airflow/example_dags/example_latest_only_with_trigger.py
[2024-05-09T15:17:52.612+0000] {logging_mixin.py:117} INFO - [2024-05-09T15:17:52.612+0000] {dag.py:2573} INFO - Sync 1 DAGs
[2024-05-09T15:17:52.641+0000] {logging_mixin.py:117} INFO - [2024-05-09T15:17:52.641+0000] {dag.py:3328} INFO - Setting next_dagrun for latest_only_with_trigger to 2024-05-09T11:17:52.641167+00:00, run_after=2024-05-09T15:17:52.641167+00:00
[2024-05-09T15:17:52.665+0000] {processor.py:178} INFO - Processing /home/airflow/.local/lib/python3.7/site-packages/airflow/example_dags/example_latest_only_with_trigger.py took 0.231 seconds
[2024-05-09T15:18:22.856+0000] {processor.py:156} INFO - Started process (PID=1595) to work on /home/airflow/.local/lib/python3.7/site-packages/airflow/example_dags/example_latest_only_with_trigger.py
[2024-05-09T15:18:22.857+0000] {processor.py:758} INFO - Processing file /home/airflow/.local/lib/python3.7/site-packages/airflow/example_dags/example_latest_only_with_trigger.py for tasks to queue
[2024-05-09T15:18:22.858+0000] {logging_mixin.py:117} INFO - [2024-05-09T15:18:22.858+0000] {dagbag.py:525} INFO - Filling up the DagBag from /home/airflow/.local/lib/python3.7/site-packages/airflow/example_dags/example_latest_only_with_trigger.py
[2024-05-09T15:18:22.877+0000] {processor.py:768} INFO - DAG(s) dict_keys(['latest_only_with_trigger']) retrieved from /home/airflow/.local/lib/python3.7/site-packages/airflow/example_dags/example_latest_only_with_trigger.py
[2024-05-09T15:18:22.923+0000] {logging_mixin.py:117} INFO - [2024-05-09T15:18:22.923+0000] {dag.py:2573} INFO - Sync 1 DAGs
[2024-05-09T15:18:22.955+0000] {logging_mixin.py:117} INFO - [2024-05-09T15:18:22.955+0000] {dag.py:3328} INFO - Setting next_dagrun for latest_only_with_trigger to 2024-05-09T11:18:22.954931+00:00, run_after=2024-05-09T15:18:22.954931+00:00
[2024-05-09T15:18:22.981+0000] {processor.py:178} INFO - Processing /home/airflow/.local/lib/python3.7/site-packages/airflow/example_dags/example_latest_only_with_trigger.py took 0.129 seconds
[2024-05-09T15:18:53.765+0000] {processor.py:156} INFO - Started process (PID=1799) to work on /home/airflow/.local/lib/python3.7/site-packages/airflow/example_dags/example_latest_only_with_trigger.py
[2024-05-09T15:18:53.766+0000] {processor.py:758} INFO - Processing file /home/airflow/.local/lib/python3.7/site-packages/airflow/example_dags/example_latest_only_with_trigger.py for tasks to queue
[2024-05-09T15:18:53.767+0000] {logging_mixin.py:117} INFO - [2024-05-09T15:18:53.766+0000] {dagbag.py:525} INFO - Filling up the DagBag from /home/airflow/.local/lib/python3.7/site-packages/airflow/example_dags/example_latest_only_with_trigger.py
[2024-05-09T15:18:53.780+0000] {processor.py:768} INFO - DAG(s) dict_keys(['latest_only_with_trigger']) retrieved from /home/airflow/.local/lib/python3.7/site-packages/airflow/example_dags/example_latest_only_with_trigger.py
[2024-05-09T15:18:53.819+0000] {logging_mixin.py:117} INFO - [2024-05-09T15:18:53.819+0000] {dag.py:2573} INFO - Sync 1 DAGs
[2024-05-09T15:18:53.845+0000] {logging_mixin.py:117} INFO - [2024-05-09T15:18:53.845+0000] {dag.py:3328} INFO - Setting next_dagrun for latest_only_with_trigger to 2024-05-09T11:18:53.844966+00:00, run_after=2024-05-09T15:18:53.844966+00:00
[2024-05-09T15:18:53.865+0000] {processor.py:178} INFO - Processing /home/airflow/.local/lib/python3.7/site-packages/airflow/example_dags/example_latest_only_with_trigger.py took 0.103 seconds
[2024-05-09T15:19:24.575+0000] {processor.py:156} INFO - Started process (PID=2013) to work on /home/airflow/.local/lib/python3.7/site-packages/airflow/example_dags/example_latest_only_with_trigger.py
[2024-05-09T15:19:24.575+0000] {processor.py:758} INFO - Processing file /home/airflow/.local/lib/python3.7/site-packages/airflow/example_dags/example_latest_only_with_trigger.py for tasks to queue
[2024-05-09T15:19:24.576+0000] {logging_mixin.py:117} INFO - [2024-05-09T15:19:24.576+0000] {dagbag.py:525} INFO - Filling up the DagBag from /home/airflow/.local/lib/python3.7/site-packages/airflow/example_dags/example_latest_only_with_trigger.py
[2024-05-09T15:19:24.590+0000] {processor.py:768} INFO - DAG(s) dict_keys(['latest_only_with_trigger']) retrieved from /home/airflow/.local/lib/python3.7/site-packages/airflow/example_dags/example_latest_only_with_trigger.py
[2024-05-09T15:19:24.627+0000] {logging_mixin.py:117} INFO - [2024-05-09T15:19:24.626+0000] {dag.py:2573} INFO - Sync 1 DAGs
[2024-05-09T15:19:24.646+0000] {logging_mixin.py:117} INFO - [2024-05-09T15:19:24.646+0000] {dag.py:3328} INFO - Setting next_dagrun for latest_only_with_trigger to 2024-05-09T11:19:24.646213+00:00, run_after=2024-05-09T15:19:24.646213+00:00
[2024-05-09T15:19:24.669+0000] {processor.py:178} INFO - Processing /home/airflow/.local/lib/python3.7/site-packages/airflow/example_dags/example_latest_only_with_trigger.py took 0.097 seconds
[2024-05-09T15:19:55.387+0000] {processor.py:156} INFO - Started process (PID=2227) to work on /home/airflow/.local/lib/python3.7/site-packages/airflow/example_dags/example_latest_only_with_trigger.py
[2024-05-09T15:19:55.387+0000] {processor.py:758} INFO - Processing file /home/airflow/.local/lib/python3.7/site-packages/airflow/example_dags/example_latest_only_with_trigger.py for tasks to queue
[2024-05-09T15:19:55.388+0000] {logging_mixin.py:117} INFO - [2024-05-09T15:19:55.388+0000] {dagbag.py:525} INFO - Filling up the DagBag from /home/airflow/.local/lib/python3.7/site-packages/airflow/example_dags/example_latest_only_with_trigger.py
[2024-05-09T15:19:55.401+0000] {processor.py:768} INFO - DAG(s) dict_keys(['latest_only_with_trigger']) retrieved from /home/airflow/.local/lib/python3.7/site-packages/airflow/example_dags/example_latest_only_with_trigger.py
[2024-05-09T15:19:55.436+0000] {logging_mixin.py:117} INFO - [2024-05-09T15:19:55.436+0000] {dag.py:2573} INFO - Sync 1 DAGs
[2024-05-09T15:19:55.457+0000] {logging_mixin.py:117} INFO - [2024-05-09T15:19:55.457+0000] {dag.py:3328} INFO - Setting next_dagrun for latest_only_with_trigger to 2024-05-09T11:19:55.457067+00:00, run_after=2024-05-09T15:19:55.457067+00:00
[2024-05-09T15:19:55.477+0000] {processor.py:178} INFO - Processing /home/airflow/.local/lib/python3.7/site-packages/airflow/example_dags/example_latest_only_with_trigger.py took 0.093 seconds
[2024-05-09T15:20:26.333+0000] {processor.py:156} INFO - Started process (PID=2442) to work on /home/airflow/.local/lib/python3.7/site-packages/airflow/example_dags/example_latest_only_with_trigger.py
[2024-05-09T15:20:26.334+0000] {processor.py:758} INFO - Processing file /home/airflow/.local/lib/python3.7/site-packages/airflow/example_dags/example_latest_only_with_trigger.py for tasks to queue
[2024-05-09T15:20:26.334+0000] {logging_mixin.py:117} INFO - [2024-05-09T15:20:26.334+0000] {dagbag.py:525} INFO - Filling up the DagBag from /home/airflow/.local/lib/python3.7/site-packages/airflow/example_dags/example_latest_only_with_trigger.py
[2024-05-09T15:20:26.351+0000] {processor.py:768} INFO - DAG(s) dict_keys(['latest_only_with_trigger']) retrieved from /home/airflow/.local/lib/python3.7/site-packages/airflow/example_dags/example_latest_only_with_trigger.py
[2024-05-09T15:20:26.397+0000] {logging_mixin.py:117} INFO - [2024-05-09T15:20:26.396+0000] {dag.py:2573} INFO - Sync 1 DAGs
[2024-05-09T15:20:26.426+0000] {logging_mixin.py:117} INFO - [2024-05-09T15:20:26.426+0000] {dag.py:3328} INFO - Setting next_dagrun for latest_only_with_trigger to 2024-05-09T11:20:26.426460+00:00, run_after=2024-05-09T15:20:26.426460+00:00
[2024-05-09T15:20:26.449+0000] {processor.py:178} INFO - Processing /home/airflow/.local/lib/python3.7/site-packages/airflow/example_dags/example_latest_only_with_trigger.py took 0.119 seconds
[2024-05-09T15:20:57.021+0000] {processor.py:156} INFO - Started process (PID=2644) to work on /home/airflow/.local/lib/python3.7/site-packages/airflow/example_dags/example_latest_only_with_trigger.py
[2024-05-09T15:20:57.021+0000] {processor.py:758} INFO - Processing file /home/airflow/.local/lib/python3.7/site-packages/airflow/example_dags/example_latest_only_with_trigger.py for tasks to queue
[2024-05-09T15:20:57.022+0000] {logging_mixin.py:117} INFO - [2024-05-09T15:20:57.022+0000] {dagbag.py:525} INFO - Filling up the DagBag from /home/airflow/.local/lib/python3.7/site-packages/airflow/example_dags/example_latest_only_with_trigger.py
[2024-05-09T15:20:57.035+0000] {processor.py:768} INFO - DAG(s) dict_keys(['latest_only_with_trigger']) retrieved from /home/airflow/.local/lib/python3.7/site-packages/airflow/example_dags/example_latest_only_with_trigger.py
[2024-05-09T15:20:57.069+0000] {logging_mixin.py:117} INFO - [2024-05-09T15:20:57.069+0000] {dag.py:2573} INFO - Sync 1 DAGs
[2024-05-09T15:20:57.089+0000] {logging_mixin.py:117} INFO - [2024-05-09T15:20:57.089+0000] {dag.py:3328} INFO - Setting next_dagrun for latest_only_with_trigger to 2024-05-09T11:20:57.088864+00:00, run_after=2024-05-09T15:20:57.088864+00:00
[2024-05-09T15:20:57.108+0000] {processor.py:178} INFO - Processing /home/airflow/.local/lib/python3.7/site-packages/airflow/example_dags/example_latest_only_with_trigger.py took 0.090 seconds
[2024-05-09T16:29:54.385+0000] {processor.py:156} INFO - Started process (PID=320) to work on /home/airflow/.local/lib/python3.7/site-packages/airflow/example_dags/example_latest_only_with_trigger.py
[2024-05-09T16:29:54.392+0000] {processor.py:758} INFO - Processing file /home/airflow/.local/lib/python3.7/site-packages/airflow/example_dags/example_latest_only_with_trigger.py for tasks to queue
[2024-05-09T16:29:54.392+0000] {logging_mixin.py:117} INFO - [2024-05-09T16:29:54.392+0000] {dagbag.py:525} INFO - Filling up the DagBag from /home/airflow/.local/lib/python3.7/site-packages/airflow/example_dags/example_latest_only_with_trigger.py
[2024-05-09T16:29:54.409+0000] {processor.py:768} INFO - DAG(s) dict_keys(['latest_only_with_trigger']) retrieved from /home/airflow/.local/lib/python3.7/site-packages/airflow/example_dags/example_latest_only_with_trigger.py
[2024-05-09T16:29:54.444+0000] {logging_mixin.py:117} INFO - [2024-05-09T16:29:54.444+0000] {dag.py:2573} INFO - Sync 1 DAGs
[2024-05-09T16:29:54.467+0000] {logging_mixin.py:117} INFO - [2024-05-09T16:29:54.467+0000] {dag.py:3328} INFO - Setting next_dagrun for latest_only_with_trigger to 2024-05-09T12:29:54.467112+00:00, run_after=2024-05-09T16:29:54.467112+00:00
[2024-05-09T16:29:54.497+0000] {processor.py:178} INFO - Processing /home/airflow/.local/lib/python3.7/site-packages/airflow/example_dags/example_latest_only_with_trigger.py took 0.115 seconds
[2024-05-09T16:30:28.218+0000] {processor.py:156} INFO - Started process (PID=310) to work on /home/airflow/.local/lib/python3.7/site-packages/airflow/example_dags/example_latest_only_with_trigger.py
[2024-05-09T16:30:28.219+0000] {processor.py:758} INFO - Processing file /home/airflow/.local/lib/python3.7/site-packages/airflow/example_dags/example_latest_only_with_trigger.py for tasks to queue
[2024-05-09T16:30:28.220+0000] {logging_mixin.py:117} INFO - [2024-05-09T16:30:28.220+0000] {dagbag.py:525} INFO - Filling up the DagBag from /home/airflow/.local/lib/python3.7/site-packages/airflow/example_dags/example_latest_only_with_trigger.py
[2024-05-09T16:30:28.247+0000] {processor.py:768} INFO - DAG(s) dict_keys(['latest_only_with_trigger']) retrieved from /home/airflow/.local/lib/python3.7/site-packages/airflow/example_dags/example_latest_only_with_trigger.py
[2024-05-09T16:30:28.324+0000] {logging_mixin.py:117} INFO - [2024-05-09T16:30:28.324+0000] {dag.py:2573} INFO - Sync 1 DAGs
[2024-05-09T16:30:28.385+0000] {logging_mixin.py:117} INFO - [2024-05-09T16:30:28.385+0000] {dag.py:3328} INFO - Setting next_dagrun for latest_only_with_trigger to 2024-05-09T12:30:28.380847+00:00, run_after=2024-05-09T16:30:28.380847+00:00
[2024-05-09T16:30:28.432+0000] {processor.py:178} INFO - Processing /home/airflow/.local/lib/python3.7/site-packages/airflow/example_dags/example_latest_only_with_trigger.py took 0.240 seconds
[2024-05-09T16:30:58.805+0000] {processor.py:156} INFO - Started process (PID=523) to work on /home/airflow/.local/lib/python3.7/site-packages/airflow/example_dags/example_latest_only_with_trigger.py
[2024-05-09T16:30:58.806+0000] {processor.py:758} INFO - Processing file /home/airflow/.local/lib/python3.7/site-packages/airflow/example_dags/example_latest_only_with_trigger.py for tasks to queue
[2024-05-09T16:30:58.806+0000] {logging_mixin.py:117} INFO - [2024-05-09T16:30:58.806+0000] {dagbag.py:525} INFO - Filling up the DagBag from /home/airflow/.local/lib/python3.7/site-packages/airflow/example_dags/example_latest_only_with_trigger.py
[2024-05-09T16:30:58.820+0000] {processor.py:768} INFO - DAG(s) dict_keys(['latest_only_with_trigger']) retrieved from /home/airflow/.local/lib/python3.7/site-packages/airflow/example_dags/example_latest_only_with_trigger.py
[2024-05-09T16:30:58.858+0000] {logging_mixin.py:117} INFO - [2024-05-09T16:30:58.857+0000] {dag.py:2573} INFO - Sync 1 DAGs
[2024-05-09T16:30:58.885+0000] {logging_mixin.py:117} INFO - [2024-05-09T16:30:58.885+0000] {dag.py:3328} INFO - Setting next_dagrun for latest_only_with_trigger to 2024-05-09T12:30:58.884911+00:00, run_after=2024-05-09T16:30:58.884911+00:00
[2024-05-09T16:30:58.905+0000] {processor.py:178} INFO - Processing /home/airflow/.local/lib/python3.7/site-packages/airflow/example_dags/example_latest_only_with_trigger.py took 0.103 seconds
[2024-05-09T16:31:30.151+0000] {processor.py:156} INFO - Started process (PID=739) to work on /home/airflow/.local/lib/python3.7/site-packages/airflow/example_dags/example_latest_only_with_trigger.py
[2024-05-09T16:31:30.152+0000] {processor.py:758} INFO - Processing file /home/airflow/.local/lib/python3.7/site-packages/airflow/example_dags/example_latest_only_with_trigger.py for tasks to queue
[2024-05-09T16:31:30.152+0000] {logging_mixin.py:117} INFO - [2024-05-09T16:31:30.152+0000] {dagbag.py:525} INFO - Filling up the DagBag from /home/airflow/.local/lib/python3.7/site-packages/airflow/example_dags/example_latest_only_with_trigger.py
[2024-05-09T16:31:30.164+0000] {processor.py:768} INFO - DAG(s) dict_keys(['latest_only_with_trigger']) retrieved from /home/airflow/.local/lib/python3.7/site-packages/airflow/example_dags/example_latest_only_with_trigger.py
[2024-05-09T16:31:30.202+0000] {logging_mixin.py:117} INFO - [2024-05-09T16:31:30.202+0000] {dag.py:2573} INFO - Sync 1 DAGs
[2024-05-09T16:31:30.222+0000] {logging_mixin.py:117} INFO - [2024-05-09T16:31:30.222+0000] {dag.py:3328} INFO - Setting next_dagrun for latest_only_with_trigger to 2024-05-09T12:31:30.222503+00:00, run_after=2024-05-09T16:31:30.222503+00:00
[2024-05-09T16:31:30.241+0000] {processor.py:178} INFO - Processing /home/airflow/.local/lib/python3.7/site-packages/airflow/example_dags/example_latest_only_with_trigger.py took 0.093 seconds
[2024-05-09T16:32:01.184+0000] {processor.py:156} INFO - Started process (PID=949) to work on /home/airflow/.local/lib/python3.7/site-packages/airflow/example_dags/example_latest_only_with_trigger.py
[2024-05-09T16:32:01.185+0000] {processor.py:758} INFO - Processing file /home/airflow/.local/lib/python3.7/site-packages/airflow/example_dags/example_latest_only_with_trigger.py for tasks to queue
[2024-05-09T16:32:01.186+0000] {logging_mixin.py:117} INFO - [2024-05-09T16:32:01.186+0000] {dagbag.py:525} INFO - Filling up the DagBag from /home/airflow/.local/lib/python3.7/site-packages/airflow/example_dags/example_latest_only_with_trigger.py
[2024-05-09T16:32:01.201+0000] {processor.py:768} INFO - DAG(s) dict_keys(['latest_only_with_trigger']) retrieved from /home/airflow/.local/lib/python3.7/site-packages/airflow/example_dags/example_latest_only_with_trigger.py
[2024-05-09T16:32:01.246+0000] {logging_mixin.py:117} INFO - [2024-05-09T16:32:01.246+0000] {dag.py:2573} INFO - Sync 1 DAGs
[2024-05-09T16:32:01.279+0000] {logging_mixin.py:117} INFO - [2024-05-09T16:32:01.279+0000] {dag.py:3328} INFO - Setting next_dagrun for latest_only_with_trigger to 2024-05-09T12:32:01.279108+00:00, run_after=2024-05-09T16:32:01.279108+00:00
[2024-05-09T16:32:01.304+0000] {processor.py:178} INFO - Processing /home/airflow/.local/lib/python3.7/site-packages/airflow/example_dags/example_latest_only_with_trigger.py took 0.123 seconds
[2024-05-09T16:32:32.570+0000] {processor.py:156} INFO - Started process (PID=1155) to work on /home/airflow/.local/lib/python3.7/site-packages/airflow/example_dags/example_latest_only_with_trigger.py
[2024-05-09T16:32:32.571+0000] {processor.py:758} INFO - Processing file /home/airflow/.local/lib/python3.7/site-packages/airflow/example_dags/example_latest_only_with_trigger.py for tasks to queue
[2024-05-09T16:32:32.572+0000] {logging_mixin.py:117} INFO - [2024-05-09T16:32:32.571+0000] {dagbag.py:525} INFO - Filling up the DagBag from /home/airflow/.local/lib/python3.7/site-packages/airflow/example_dags/example_latest_only_with_trigger.py
[2024-05-09T16:32:32.587+0000] {processor.py:768} INFO - DAG(s) dict_keys(['latest_only_with_trigger']) retrieved from /home/airflow/.local/lib/python3.7/site-packages/airflow/example_dags/example_latest_only_with_trigger.py
[2024-05-09T16:32:32.625+0000] {logging_mixin.py:117} INFO - [2024-05-09T16:32:32.625+0000] {dag.py:2573} INFO - Sync 1 DAGs
[2024-05-09T16:32:32.647+0000] {logging_mixin.py:117} INFO - [2024-05-09T16:32:32.646+0000] {dag.py:3328} INFO - Setting next_dagrun for latest_only_with_trigger to 2024-05-09T12:32:32.646792+00:00, run_after=2024-05-09T16:32:32.646792+00:00
[2024-05-09T16:32:32.779+0000] {processor.py:178} INFO - Processing /home/airflow/.local/lib/python3.7/site-packages/airflow/example_dags/example_latest_only_with_trigger.py took 0.211 seconds
[2024-05-09T16:33:03.608+0000] {processor.py:156} INFO - Started process (PID=1368) to work on /home/airflow/.local/lib/python3.7/site-packages/airflow/example_dags/example_latest_only_with_trigger.py
[2024-05-09T16:33:03.609+0000] {processor.py:758} INFO - Processing file /home/airflow/.local/lib/python3.7/site-packages/airflow/example_dags/example_latest_only_with_trigger.py for tasks to queue
[2024-05-09T16:33:03.609+0000] {logging_mixin.py:117} INFO - [2024-05-09T16:33:03.609+0000] {dagbag.py:525} INFO - Filling up the DagBag from /home/airflow/.local/lib/python3.7/site-packages/airflow/example_dags/example_latest_only_with_trigger.py
[2024-05-09T16:33:03.621+0000] {processor.py:768} INFO - DAG(s) dict_keys(['latest_only_with_trigger']) retrieved from /home/airflow/.local/lib/python3.7/site-packages/airflow/example_dags/example_latest_only_with_trigger.py
[2024-05-09T16:33:03.656+0000] {logging_mixin.py:117} INFO - [2024-05-09T16:33:03.656+0000] {dag.py:2573} INFO - Sync 1 DAGs
[2024-05-09T16:33:03.789+0000] {logging_mixin.py:117} INFO - [2024-05-09T16:33:03.789+0000] {dag.py:3328} INFO - Setting next_dagrun for latest_only_with_trigger to 2024-05-09T12:33:03.789171+00:00, run_after=2024-05-09T16:33:03.789171+00:00
[2024-05-09T16:33:03.810+0000] {processor.py:178} INFO - Processing /home/airflow/.local/lib/python3.7/site-packages/airflow/example_dags/example_latest_only_with_trigger.py took 0.204 seconds
[2024-05-09T16:33:35.090+0000] {processor.py:156} INFO - Started process (PID=1581) to work on /home/airflow/.local/lib/python3.7/site-packages/airflow/example_dags/example_latest_only_with_trigger.py
[2024-05-09T16:33:35.091+0000] {processor.py:758} INFO - Processing file /home/airflow/.local/lib/python3.7/site-packages/airflow/example_dags/example_latest_only_with_trigger.py for tasks to queue
[2024-05-09T16:33:35.092+0000] {logging_mixin.py:117} INFO - [2024-05-09T16:33:35.092+0000] {dagbag.py:525} INFO - Filling up the DagBag from /home/airflow/.local/lib/python3.7/site-packages/airflow/example_dags/example_latest_only_with_trigger.py
[2024-05-09T16:33:35.107+0000] {processor.py:768} INFO - DAG(s) dict_keys(['latest_only_with_trigger']) retrieved from /home/airflow/.local/lib/python3.7/site-packages/airflow/example_dags/example_latest_only_with_trigger.py
[2024-05-09T16:33:35.150+0000] {logging_mixin.py:117} INFO - [2024-05-09T16:33:35.150+0000] {dag.py:2573} INFO - Sync 1 DAGs
[2024-05-09T16:33:35.281+0000] {logging_mixin.py:117} INFO - [2024-05-09T16:33:35.281+0000] {dag.py:3328} INFO - Setting next_dagrun for latest_only_with_trigger to 2024-05-09T12:33:35.281351+00:00, run_after=2024-05-09T16:33:35.281351+00:00
[2024-05-09T16:33:35.301+0000] {processor.py:178} INFO - Processing /home/airflow/.local/lib/python3.7/site-packages/airflow/example_dags/example_latest_only_with_trigger.py took 0.214 seconds
[2024-05-09T16:34:05.923+0000] {processor.py:156} INFO - Started process (PID=1795) to work on /home/airflow/.local/lib/python3.7/site-packages/airflow/example_dags/example_latest_only_with_trigger.py
[2024-05-09T16:34:05.924+0000] {processor.py:758} INFO - Processing file /home/airflow/.local/lib/python3.7/site-packages/airflow/example_dags/example_latest_only_with_trigger.py for tasks to queue
[2024-05-09T16:34:05.925+0000] {logging_mixin.py:117} INFO - [2024-05-09T16:34:05.925+0000] {dagbag.py:525} INFO - Filling up the DagBag from /home/airflow/.local/lib/python3.7/site-packages/airflow/example_dags/example_latest_only_with_trigger.py
[2024-05-09T16:34:05.942+0000] {processor.py:768} INFO - DAG(s) dict_keys(['latest_only_with_trigger']) retrieved from /home/airflow/.local/lib/python3.7/site-packages/airflow/example_dags/example_latest_only_with_trigger.py
[2024-05-09T16:34:06.209+0000] {logging_mixin.py:117} INFO - [2024-05-09T16:34:06.209+0000] {dag.py:2573} INFO - Sync 1 DAGs
[2024-05-09T16:34:06.238+0000] {logging_mixin.py:117} INFO - [2024-05-09T16:34:06.238+0000] {dag.py:3328} INFO - Setting next_dagrun for latest_only_with_trigger to 2024-05-09T12:34:06.237989+00:00, run_after=2024-05-09T16:34:06.237989+00:00
[2024-05-09T16:34:06.262+0000] {processor.py:178} INFO - Processing /home/airflow/.local/lib/python3.7/site-packages/airflow/example_dags/example_latest_only_with_trigger.py took 0.342 seconds
[2024-05-09T16:34:36.487+0000] {processor.py:156} INFO - Started process (PID=2001) to work on /home/airflow/.local/lib/python3.7/site-packages/airflow/example_dags/example_latest_only_with_trigger.py
[2024-05-09T16:34:36.488+0000] {processor.py:758} INFO - Processing file /home/airflow/.local/lib/python3.7/site-packages/airflow/example_dags/example_latest_only_with_trigger.py for tasks to queue
[2024-05-09T16:34:36.488+0000] {logging_mixin.py:117} INFO - [2024-05-09T16:34:36.488+0000] {dagbag.py:525} INFO - Filling up the DagBag from /home/airflow/.local/lib/python3.7/site-packages/airflow/example_dags/example_latest_only_with_trigger.py
[2024-05-09T16:34:36.501+0000] {processor.py:768} INFO - DAG(s) dict_keys(['latest_only_with_trigger']) retrieved from /home/airflow/.local/lib/python3.7/site-packages/airflow/example_dags/example_latest_only_with_trigger.py
[2024-05-09T16:34:36.659+0000] {logging_mixin.py:117} INFO - [2024-05-09T16:34:36.659+0000] {dag.py:2573} INFO - Sync 1 DAGs
[2024-05-09T16:34:36.698+0000] {logging_mixin.py:117} INFO - [2024-05-09T16:34:36.698+0000] {dag.py:3328} INFO - Setting next_dagrun for latest_only_with_trigger to 2024-05-09T12:34:36.697867+00:00, run_after=2024-05-09T16:34:36.697867+00:00
[2024-05-09T16:34:36.726+0000] {processor.py:178} INFO - Processing /home/airflow/.local/lib/python3.7/site-packages/airflow/example_dags/example_latest_only_with_trigger.py took 0.242 seconds
[2024-05-09T16:35:07.059+0000] {processor.py:156} INFO - Started process (PID=2216) to work on /home/airflow/.local/lib/python3.7/site-packages/airflow/example_dags/example_latest_only_with_trigger.py
[2024-05-09T16:35:07.060+0000] {processor.py:758} INFO - Processing file /home/airflow/.local/lib/python3.7/site-packages/airflow/example_dags/example_latest_only_with_trigger.py for tasks to queue
[2024-05-09T16:35:07.060+0000] {logging_mixin.py:117} INFO - [2024-05-09T16:35:07.060+0000] {dagbag.py:525} INFO - Filling up the DagBag from /home/airflow/.local/lib/python3.7/site-packages/airflow/example_dags/example_latest_only_with_trigger.py
[2024-05-09T16:35:07.072+0000] {processor.py:768} INFO - DAG(s) dict_keys(['latest_only_with_trigger']) retrieved from /home/airflow/.local/lib/python3.7/site-packages/airflow/example_dags/example_latest_only_with_trigger.py
[2024-05-09T16:35:07.111+0000] {logging_mixin.py:117} INFO - [2024-05-09T16:35:07.111+0000] {dag.py:2573} INFO - Sync 1 DAGs
[2024-05-09T16:35:07.135+0000] {logging_mixin.py:117} INFO - [2024-05-09T16:35:07.135+0000] {dag.py:3328} INFO - Setting next_dagrun for latest_only_with_trigger to 2024-05-09T12:35:07.135654+00:00, run_after=2024-05-09T16:35:07.135654+00:00
[2024-05-09T16:35:07.270+0000] {processor.py:178} INFO - Processing /home/airflow/.local/lib/python3.7/site-packages/airflow/example_dags/example_latest_only_with_trigger.py took 0.213 seconds
[2024-05-09T16:35:37.739+0000] {processor.py:156} INFO - Started process (PID=2427) to work on /home/airflow/.local/lib/python3.7/site-packages/airflow/example_dags/example_latest_only_with_trigger.py
[2024-05-09T16:35:37.740+0000] {processor.py:758} INFO - Processing file /home/airflow/.local/lib/python3.7/site-packages/airflow/example_dags/example_latest_only_with_trigger.py for tasks to queue
[2024-05-09T16:35:37.741+0000] {logging_mixin.py:117} INFO - [2024-05-09T16:35:37.741+0000] {dagbag.py:525} INFO - Filling up the DagBag from /home/airflow/.local/lib/python3.7/site-packages/airflow/example_dags/example_latest_only_with_trigger.py
[2024-05-09T16:35:37.760+0000] {processor.py:768} INFO - DAG(s) dict_keys(['latest_only_with_trigger']) retrieved from /home/airflow/.local/lib/python3.7/site-packages/airflow/example_dags/example_latest_only_with_trigger.py
[2024-05-09T16:35:37.798+0000] {logging_mixin.py:117} INFO - [2024-05-09T16:35:37.798+0000] {dag.py:2573} INFO - Sync 1 DAGs
[2024-05-09T16:35:37.937+0000] {logging_mixin.py:117} INFO - [2024-05-09T16:35:37.937+0000] {dag.py:3328} INFO - Setting next_dagrun for latest_only_with_trigger to 2024-05-09T12:35:37.937269+00:00, run_after=2024-05-09T16:35:37.937269+00:00
[2024-05-09T16:35:37.957+0000] {processor.py:178} INFO - Processing /home/airflow/.local/lib/python3.7/site-packages/airflow/example_dags/example_latest_only_with_trigger.py took 0.221 seconds
[2024-05-09T16:36:08.113+0000] {processor.py:156} INFO - Started process (PID=2631) to work on /home/airflow/.local/lib/python3.7/site-packages/airflow/example_dags/example_latest_only_with_trigger.py
[2024-05-09T16:36:08.114+0000] {processor.py:758} INFO - Processing file /home/airflow/.local/lib/python3.7/site-packages/airflow/example_dags/example_latest_only_with_trigger.py for tasks to queue
[2024-05-09T16:36:08.114+0000] {logging_mixin.py:117} INFO - [2024-05-09T16:36:08.114+0000] {dagbag.py:525} INFO - Filling up the DagBag from /home/airflow/.local/lib/python3.7/site-packages/airflow/example_dags/example_latest_only_with_trigger.py
[2024-05-09T16:36:08.131+0000] {processor.py:768} INFO - DAG(s) dict_keys(['latest_only_with_trigger']) retrieved from /home/airflow/.local/lib/python3.7/site-packages/airflow/example_dags/example_latest_only_with_trigger.py
[2024-05-09T16:36:08.300+0000] {logging_mixin.py:117} INFO - [2024-05-09T16:36:08.300+0000] {dag.py:2573} INFO - Sync 1 DAGs
[2024-05-09T16:36:08.330+0000] {logging_mixin.py:117} INFO - [2024-05-09T16:36:08.329+0000] {dag.py:3328} INFO - Setting next_dagrun for latest_only_with_trigger to 2024-05-09T12:36:08.329735+00:00, run_after=2024-05-09T16:36:08.329735+00:00
[2024-05-09T16:36:08.348+0000] {processor.py:178} INFO - Processing /home/airflow/.local/lib/python3.7/site-packages/airflow/example_dags/example_latest_only_with_trigger.py took 0.238 seconds
[2024-05-09T16:36:39.145+0000] {processor.py:156} INFO - Started process (PID=2844) to work on /home/airflow/.local/lib/python3.7/site-packages/airflow/example_dags/example_latest_only_with_trigger.py
[2024-05-09T16:36:39.146+0000] {processor.py:758} INFO - Processing file /home/airflow/.local/lib/python3.7/site-packages/airflow/example_dags/example_latest_only_with_trigger.py for tasks to queue
[2024-05-09T16:36:39.147+0000] {logging_mixin.py:117} INFO - [2024-05-09T16:36:39.147+0000] {dagbag.py:525} INFO - Filling up the DagBag from /home/airflow/.local/lib/python3.7/site-packages/airflow/example_dags/example_latest_only_with_trigger.py
[2024-05-09T16:36:39.164+0000] {processor.py:768} INFO - DAG(s) dict_keys(['latest_only_with_trigger']) retrieved from /home/airflow/.local/lib/python3.7/site-packages/airflow/example_dags/example_latest_only_with_trigger.py
[2024-05-09T16:36:39.336+0000] {logging_mixin.py:117} INFO - [2024-05-09T16:36:39.336+0000] {dag.py:2573} INFO - Sync 1 DAGs
[2024-05-09T16:36:39.354+0000] {logging_mixin.py:117} INFO - [2024-05-09T16:36:39.354+0000] {dag.py:3328} INFO - Setting next_dagrun for latest_only_with_trigger to 2024-05-09T12:36:39.354458+00:00, run_after=2024-05-09T16:36:39.354458+00:00
[2024-05-09T16:36:39.375+0000] {processor.py:178} INFO - Processing /home/airflow/.local/lib/python3.7/site-packages/airflow/example_dags/example_latest_only_with_trigger.py took 0.232 seconds
[2024-05-09T16:37:09.897+0000] {processor.py:156} INFO - Started process (PID=3057) to work on /home/airflow/.local/lib/python3.7/site-packages/airflow/example_dags/example_latest_only_with_trigger.py
[2024-05-09T16:37:09.898+0000] {processor.py:758} INFO - Processing file /home/airflow/.local/lib/python3.7/site-packages/airflow/example_dags/example_latest_only_with_trigger.py for tasks to queue
[2024-05-09T16:37:09.899+0000] {logging_mixin.py:117} INFO - [2024-05-09T16:37:09.898+0000] {dagbag.py:525} INFO - Filling up the DagBag from /home/airflow/.local/lib/python3.7/site-packages/airflow/example_dags/example_latest_only_with_trigger.py
[2024-05-09T16:37:09.915+0000] {processor.py:768} INFO - DAG(s) dict_keys(['latest_only_with_trigger']) retrieved from /home/airflow/.local/lib/python3.7/site-packages/airflow/example_dags/example_latest_only_with_trigger.py
[2024-05-09T16:37:09.954+0000] {logging_mixin.py:117} INFO - [2024-05-09T16:37:09.954+0000] {dag.py:2573} INFO - Sync 1 DAGs
[2024-05-09T16:37:09.984+0000] {logging_mixin.py:117} INFO - [2024-05-09T16:37:09.984+0000] {dag.py:3328} INFO - Setting next_dagrun for latest_only_with_trigger to 2024-05-09T12:37:09.984148+00:00, run_after=2024-05-09T16:37:09.984148+00:00
[2024-05-09T16:37:10.118+0000] {processor.py:178} INFO - Processing /home/airflow/.local/lib/python3.7/site-packages/airflow/example_dags/example_latest_only_with_trigger.py took 0.223 seconds
[2024-05-09T16:37:40.354+0000] {processor.py:156} INFO - Started process (PID=3269) to work on /home/airflow/.local/lib/python3.7/site-packages/airflow/example_dags/example_latest_only_with_trigger.py
[2024-05-09T16:37:40.355+0000] {processor.py:758} INFO - Processing file /home/airflow/.local/lib/python3.7/site-packages/airflow/example_dags/example_latest_only_with_trigger.py for tasks to queue
[2024-05-09T16:37:40.356+0000] {logging_mixin.py:117} INFO - [2024-05-09T16:37:40.356+0000] {dagbag.py:525} INFO - Filling up the DagBag from /home/airflow/.local/lib/python3.7/site-packages/airflow/example_dags/example_latest_only_with_trigger.py
[2024-05-09T16:37:40.373+0000] {processor.py:768} INFO - DAG(s) dict_keys(['latest_only_with_trigger']) retrieved from /home/airflow/.local/lib/python3.7/site-packages/airflow/example_dags/example_latest_only_with_trigger.py
[2024-05-09T16:37:40.429+0000] {logging_mixin.py:117} INFO - [2024-05-09T16:37:40.429+0000] {dag.py:2573} INFO - Sync 1 DAGs
[2024-05-09T16:37:40.657+0000] {logging_mixin.py:117} INFO - [2024-05-09T16:37:40.656+0000] {dag.py:3328} INFO - Setting next_dagrun for latest_only_with_trigger to 2024-05-09T12:37:40.656729+00:00, run_after=2024-05-09T16:37:40.656729+00:00
[2024-05-09T16:37:40.698+0000] {processor.py:178} INFO - Processing /home/airflow/.local/lib/python3.7/site-packages/airflow/example_dags/example_latest_only_with_trigger.py took 0.347 seconds
[2024-05-09T16:38:10.825+0000] {processor.py:156} INFO - Started process (PID=3471) to work on /home/airflow/.local/lib/python3.7/site-packages/airflow/example_dags/example_latest_only_with_trigger.py
[2024-05-09T16:38:10.826+0000] {processor.py:758} INFO - Processing file /home/airflow/.local/lib/python3.7/site-packages/airflow/example_dags/example_latest_only_with_trigger.py for tasks to queue
[2024-05-09T16:38:10.826+0000] {logging_mixin.py:117} INFO - [2024-05-09T16:38:10.826+0000] {dagbag.py:525} INFO - Filling up the DagBag from /home/airflow/.local/lib/python3.7/site-packages/airflow/example_dags/example_latest_only_with_trigger.py
[2024-05-09T16:38:10.838+0000] {processor.py:768} INFO - DAG(s) dict_keys(['latest_only_with_trigger']) retrieved from /home/airflow/.local/lib/python3.7/site-packages/airflow/example_dags/example_latest_only_with_trigger.py
[2024-05-09T16:38:10.972+0000] {logging_mixin.py:117} INFO - [2024-05-09T16:38:10.972+0000] {dag.py:2573} INFO - Sync 1 DAGs
[2024-05-09T16:38:10.990+0000] {logging_mixin.py:117} INFO - [2024-05-09T16:38:10.990+0000] {dag.py:3328} INFO - Setting next_dagrun for latest_only_with_trigger to 2024-05-09T12:38:10.990405+00:00, run_after=2024-05-09T16:38:10.990405+00:00
[2024-05-09T16:38:11.010+0000] {processor.py:178} INFO - Processing /home/airflow/.local/lib/python3.7/site-packages/airflow/example_dags/example_latest_only_with_trigger.py took 0.187 seconds
[2024-05-09T16:38:41.177+0000] {processor.py:156} INFO - Started process (PID=3683) to work on /home/airflow/.local/lib/python3.7/site-packages/airflow/example_dags/example_latest_only_with_trigger.py
[2024-05-09T16:38:41.177+0000] {processor.py:758} INFO - Processing file /home/airflow/.local/lib/python3.7/site-packages/airflow/example_dags/example_latest_only_with_trigger.py for tasks to queue
[2024-05-09T16:38:41.178+0000] {logging_mixin.py:117} INFO - [2024-05-09T16:38:41.178+0000] {dagbag.py:525} INFO - Filling up the DagBag from /home/airflow/.local/lib/python3.7/site-packages/airflow/example_dags/example_latest_only_with_trigger.py
[2024-05-09T16:38:41.193+0000] {processor.py:768} INFO - DAG(s) dict_keys(['latest_only_with_trigger']) retrieved from /home/airflow/.local/lib/python3.7/site-packages/airflow/example_dags/example_latest_only_with_trigger.py
[2024-05-09T16:38:41.332+0000] {logging_mixin.py:117} INFO - [2024-05-09T16:38:41.332+0000] {dag.py:2573} INFO - Sync 1 DAGs
[2024-05-09T16:38:41.350+0000] {logging_mixin.py:117} INFO - [2024-05-09T16:38:41.350+0000] {dag.py:3328} INFO - Setting next_dagrun for latest_only_with_trigger to 2024-05-09T12:38:41.350117+00:00, run_after=2024-05-09T16:38:41.350117+00:00
[2024-05-09T16:38:41.368+0000] {processor.py:178} INFO - Processing /home/airflow/.local/lib/python3.7/site-packages/airflow/example_dags/example_latest_only_with_trigger.py took 0.195 seconds
[2024-05-09T16:39:12.266+0000] {processor.py:156} INFO - Started process (PID=3896) to work on /home/airflow/.local/lib/python3.7/site-packages/airflow/example_dags/example_latest_only_with_trigger.py
[2024-05-09T16:39:12.267+0000] {processor.py:758} INFO - Processing file /home/airflow/.local/lib/python3.7/site-packages/airflow/example_dags/example_latest_only_with_trigger.py for tasks to queue
[2024-05-09T16:39:12.268+0000] {logging_mixin.py:117} INFO - [2024-05-09T16:39:12.268+0000] {dagbag.py:525} INFO - Filling up the DagBag from /home/airflow/.local/lib/python3.7/site-packages/airflow/example_dags/example_latest_only_with_trigger.py
[2024-05-09T16:39:12.401+0000] {processor.py:768} INFO - DAG(s) dict_keys(['latest_only_with_trigger']) retrieved from /home/airflow/.local/lib/python3.7/site-packages/airflow/example_dags/example_latest_only_with_trigger.py
[2024-05-09T16:39:12.431+0000] {logging_mixin.py:117} INFO - [2024-05-09T16:39:12.431+0000] {dag.py:2573} INFO - Sync 1 DAGs
[2024-05-09T16:39:12.451+0000] {logging_mixin.py:117} INFO - [2024-05-09T16:39:12.450+0000] {dag.py:3328} INFO - Setting next_dagrun for latest_only_with_trigger to 2024-05-09T12:39:12.450832+00:00, run_after=2024-05-09T16:39:12.450832+00:00
[2024-05-09T16:39:12.469+0000] {processor.py:178} INFO - Processing /home/airflow/.local/lib/python3.7/site-packages/airflow/example_dags/example_latest_only_with_trigger.py took 0.206 seconds
[2024-05-09T16:39:42.897+0000] {processor.py:156} INFO - Started process (PID=4100) to work on /home/airflow/.local/lib/python3.7/site-packages/airflow/example_dags/example_latest_only_with_trigger.py
[2024-05-09T16:39:42.897+0000] {processor.py:758} INFO - Processing file /home/airflow/.local/lib/python3.7/site-packages/airflow/example_dags/example_latest_only_with_trigger.py for tasks to queue
[2024-05-09T16:39:42.898+0000] {logging_mixin.py:117} INFO - [2024-05-09T16:39:42.898+0000] {dagbag.py:525} INFO - Filling up the DagBag from /home/airflow/.local/lib/python3.7/site-packages/airflow/example_dags/example_latest_only_with_trigger.py
[2024-05-09T16:39:42.913+0000] {processor.py:768} INFO - DAG(s) dict_keys(['latest_only_with_trigger']) retrieved from /home/airflow/.local/lib/python3.7/site-packages/airflow/example_dags/example_latest_only_with_trigger.py
[2024-05-09T16:39:42.946+0000] {logging_mixin.py:117} INFO - [2024-05-09T16:39:42.946+0000] {dag.py:2573} INFO - Sync 1 DAGs
[2024-05-09T16:39:42.972+0000] {logging_mixin.py:117} INFO - [2024-05-09T16:39:42.972+0000] {dag.py:3328} INFO - Setting next_dagrun for latest_only_with_trigger to 2024-05-09T12:39:42.971784+00:00, run_after=2024-05-09T16:39:42.971784+00:00
[2024-05-09T16:39:42.991+0000] {processor.py:178} INFO - Processing /home/airflow/.local/lib/python3.7/site-packages/airflow/example_dags/example_latest_only_with_trigger.py took 0.096 seconds
[2024-05-09T16:40:13.851+0000] {processor.py:156} INFO - Started process (PID=4315) to work on /home/airflow/.local/lib/python3.7/site-packages/airflow/example_dags/example_latest_only_with_trigger.py
[2024-05-09T16:40:13.852+0000] {processor.py:758} INFO - Processing file /home/airflow/.local/lib/python3.7/site-packages/airflow/example_dags/example_latest_only_with_trigger.py for tasks to queue
[2024-05-09T16:40:13.852+0000] {logging_mixin.py:117} INFO - [2024-05-09T16:40:13.852+0000] {dagbag.py:525} INFO - Filling up the DagBag from /home/airflow/.local/lib/python3.7/site-packages/airflow/example_dags/example_latest_only_with_trigger.py
[2024-05-09T16:40:13.864+0000] {processor.py:768} INFO - DAG(s) dict_keys(['latest_only_with_trigger']) retrieved from /home/airflow/.local/lib/python3.7/site-packages/airflow/example_dags/example_latest_only_with_trigger.py
[2024-05-09T16:40:13.896+0000] {logging_mixin.py:117} INFO - [2024-05-09T16:40:13.896+0000] {dag.py:2573} INFO - Sync 1 DAGs
[2024-05-09T16:40:13.918+0000] {logging_mixin.py:117} INFO - [2024-05-09T16:40:13.917+0000] {dag.py:3328} INFO - Setting next_dagrun for latest_only_with_trigger to 2024-05-09T12:40:13.917795+00:00, run_after=2024-05-09T16:40:13.917795+00:00
[2024-05-09T16:40:13.936+0000] {processor.py:178} INFO - Processing /home/airflow/.local/lib/python3.7/site-packages/airflow/example_dags/example_latest_only_with_trigger.py took 0.087 seconds
[2024-05-09T16:40:44.824+0000] {processor.py:156} INFO - Started process (PID=4528) to work on /home/airflow/.local/lib/python3.7/site-packages/airflow/example_dags/example_latest_only_with_trigger.py
[2024-05-09T16:40:44.824+0000] {processor.py:758} INFO - Processing file /home/airflow/.local/lib/python3.7/site-packages/airflow/example_dags/example_latest_only_with_trigger.py for tasks to queue
[2024-05-09T16:40:44.825+0000] {logging_mixin.py:117} INFO - [2024-05-09T16:40:44.825+0000] {dagbag.py:525} INFO - Filling up the DagBag from /home/airflow/.local/lib/python3.7/site-packages/airflow/example_dags/example_latest_only_with_trigger.py
[2024-05-09T16:40:44.841+0000] {processor.py:768} INFO - DAG(s) dict_keys(['latest_only_with_trigger']) retrieved from /home/airflow/.local/lib/python3.7/site-packages/airflow/example_dags/example_latest_only_with_trigger.py
[2024-05-09T16:40:44.872+0000] {logging_mixin.py:117} INFO - [2024-05-09T16:40:44.872+0000] {dag.py:2573} INFO - Sync 1 DAGs
[2024-05-09T16:40:44.891+0000] {logging_mixin.py:117} INFO - [2024-05-09T16:40:44.891+0000] {dag.py:3328} INFO - Setting next_dagrun for latest_only_with_trigger to 2024-05-09T12:40:44.891719+00:00, run_after=2024-05-09T16:40:44.891719+00:00
[2024-05-09T16:40:44.914+0000] {processor.py:178} INFO - Processing /home/airflow/.local/lib/python3.7/site-packages/airflow/example_dags/example_latest_only_with_trigger.py took 0.093 seconds
[2024-05-09T16:41:15.831+0000] {processor.py:156} INFO - Started process (PID=4741) to work on /home/airflow/.local/lib/python3.7/site-packages/airflow/example_dags/example_latest_only_with_trigger.py
[2024-05-09T16:41:15.832+0000] {processor.py:758} INFO - Processing file /home/airflow/.local/lib/python3.7/site-packages/airflow/example_dags/example_latest_only_with_trigger.py for tasks to queue
[2024-05-09T16:41:15.832+0000] {logging_mixin.py:117} INFO - [2024-05-09T16:41:15.832+0000] {dagbag.py:525} INFO - Filling up the DagBag from /home/airflow/.local/lib/python3.7/site-packages/airflow/example_dags/example_latest_only_with_trigger.py
[2024-05-09T16:41:15.844+0000] {processor.py:768} INFO - DAG(s) dict_keys(['latest_only_with_trigger']) retrieved from /home/airflow/.local/lib/python3.7/site-packages/airflow/example_dags/example_latest_only_with_trigger.py
[2024-05-09T16:41:15.875+0000] {logging_mixin.py:117} INFO - [2024-05-09T16:41:15.874+0000] {dag.py:2573} INFO - Sync 1 DAGs
[2024-05-09T16:41:15.895+0000] {logging_mixin.py:117} INFO - [2024-05-09T16:41:15.895+0000] {dag.py:3328} INFO - Setting next_dagrun for latest_only_with_trigger to 2024-05-09T12:41:15.895710+00:00, run_after=2024-05-09T16:41:15.895710+00:00
[2024-05-09T16:41:15.917+0000] {processor.py:178} INFO - Processing /home/airflow/.local/lib/python3.7/site-packages/airflow/example_dags/example_latest_only_with_trigger.py took 0.088 seconds
[2024-05-09T16:41:46.574+0000] {processor.py:156} INFO - Started process (PID=4945) to work on /home/airflow/.local/lib/python3.7/site-packages/airflow/example_dags/example_latest_only_with_trigger.py
[2024-05-09T16:41:46.575+0000] {processor.py:758} INFO - Processing file /home/airflow/.local/lib/python3.7/site-packages/airflow/example_dags/example_latest_only_with_trigger.py for tasks to queue
[2024-05-09T16:41:46.575+0000] {logging_mixin.py:117} INFO - [2024-05-09T16:41:46.575+0000] {dagbag.py:525} INFO - Filling up the DagBag from /home/airflow/.local/lib/python3.7/site-packages/airflow/example_dags/example_latest_only_with_trigger.py
[2024-05-09T16:41:46.591+0000] {processor.py:768} INFO - DAG(s) dict_keys(['latest_only_with_trigger']) retrieved from /home/airflow/.local/lib/python3.7/site-packages/airflow/example_dags/example_latest_only_with_trigger.py
[2024-05-09T16:41:46.630+0000] {logging_mixin.py:117} INFO - [2024-05-09T16:41:46.630+0000] {dag.py:2573} INFO - Sync 1 DAGs
[2024-05-09T16:41:46.653+0000] {logging_mixin.py:117} INFO - [2024-05-09T16:41:46.653+0000] {dag.py:3328} INFO - Setting next_dagrun for latest_only_with_trigger to 2024-05-09T12:41:46.653075+00:00, run_after=2024-05-09T16:41:46.653075+00:00
[2024-05-09T16:41:46.673+0000] {processor.py:178} INFO - Processing /home/airflow/.local/lib/python3.7/site-packages/airflow/example_dags/example_latest_only_with_trigger.py took 0.103 seconds
[2024-05-09T16:42:16.726+0000] {processor.py:156} INFO - Started process (PID=5158) to work on /home/airflow/.local/lib/python3.7/site-packages/airflow/example_dags/example_latest_only_with_trigger.py
[2024-05-09T16:42:16.727+0000] {processor.py:758} INFO - Processing file /home/airflow/.local/lib/python3.7/site-packages/airflow/example_dags/example_latest_only_with_trigger.py for tasks to queue
[2024-05-09T16:42:16.727+0000] {logging_mixin.py:117} INFO - [2024-05-09T16:42:16.727+0000] {dagbag.py:525} INFO - Filling up the DagBag from /home/airflow/.local/lib/python3.7/site-packages/airflow/example_dags/example_latest_only_with_trigger.py
[2024-05-09T16:42:16.739+0000] {processor.py:768} INFO - DAG(s) dict_keys(['latest_only_with_trigger']) retrieved from /home/airflow/.local/lib/python3.7/site-packages/airflow/example_dags/example_latest_only_with_trigger.py
[2024-05-09T16:42:16.779+0000] {logging_mixin.py:117} INFO - [2024-05-09T16:42:16.779+0000] {dag.py:2573} INFO - Sync 1 DAGs
[2024-05-09T16:42:16.806+0000] {logging_mixin.py:117} INFO - [2024-05-09T16:42:16.805+0000] {dag.py:3328} INFO - Setting next_dagrun for latest_only_with_trigger to 2024-05-09T12:42:16.805769+00:00, run_after=2024-05-09T16:42:16.805769+00:00
[2024-05-09T16:42:16.830+0000] {processor.py:178} INFO - Processing /home/airflow/.local/lib/python3.7/site-packages/airflow/example_dags/example_latest_only_with_trigger.py took 0.106 seconds
[2024-05-09T16:42:47.697+0000] {processor.py:156} INFO - Started process (PID=5372) to work on /home/airflow/.local/lib/python3.7/site-packages/airflow/example_dags/example_latest_only_with_trigger.py
[2024-05-09T16:42:47.698+0000] {processor.py:758} INFO - Processing file /home/airflow/.local/lib/python3.7/site-packages/airflow/example_dags/example_latest_only_with_trigger.py for tasks to queue
[2024-05-09T16:42:47.698+0000] {logging_mixin.py:117} INFO - [2024-05-09T16:42:47.698+0000] {dagbag.py:525} INFO - Filling up the DagBag from /home/airflow/.local/lib/python3.7/site-packages/airflow/example_dags/example_latest_only_with_trigger.py
[2024-05-09T16:42:47.711+0000] {processor.py:768} INFO - DAG(s) dict_keys(['latest_only_with_trigger']) retrieved from /home/airflow/.local/lib/python3.7/site-packages/airflow/example_dags/example_latest_only_with_trigger.py
[2024-05-09T16:42:47.753+0000] {logging_mixin.py:117} INFO - [2024-05-09T16:42:47.753+0000] {dag.py:2573} INFO - Sync 1 DAGs
[2024-05-09T16:42:47.777+0000] {logging_mixin.py:117} INFO - [2024-05-09T16:42:47.777+0000] {dag.py:3328} INFO - Setting next_dagrun for latest_only_with_trigger to 2024-05-09T12:42:47.777327+00:00, run_after=2024-05-09T16:42:47.777327+00:00
[2024-05-09T16:42:47.798+0000] {processor.py:178} INFO - Processing /home/airflow/.local/lib/python3.7/site-packages/airflow/example_dags/example_latest_only_with_trigger.py took 0.103 seconds
[2024-05-09T16:43:19.056+0000] {processor.py:156} INFO - Started process (PID=5585) to work on /home/airflow/.local/lib/python3.7/site-packages/airflow/example_dags/example_latest_only_with_trigger.py
[2024-05-09T16:43:19.057+0000] {processor.py:758} INFO - Processing file /home/airflow/.local/lib/python3.7/site-packages/airflow/example_dags/example_latest_only_with_trigger.py for tasks to queue
[2024-05-09T16:43:19.058+0000] {logging_mixin.py:117} INFO - [2024-05-09T16:43:19.058+0000] {dagbag.py:525} INFO - Filling up the DagBag from /home/airflow/.local/lib/python3.7/site-packages/airflow/example_dags/example_latest_only_with_trigger.py
[2024-05-09T16:43:19.075+0000] {processor.py:768} INFO - DAG(s) dict_keys(['latest_only_with_trigger']) retrieved from /home/airflow/.local/lib/python3.7/site-packages/airflow/example_dags/example_latest_only_with_trigger.py
[2024-05-09T16:43:19.110+0000] {logging_mixin.py:117} INFO - [2024-05-09T16:43:19.110+0000] {dag.py:2573} INFO - Sync 1 DAGs
[2024-05-09T16:43:19.132+0000] {logging_mixin.py:117} INFO - [2024-05-09T16:43:19.132+0000] {dag.py:3328} INFO - Setting next_dagrun for latest_only_with_trigger to 2024-05-09T12:43:19.132110+00:00, run_after=2024-05-09T16:43:19.132110+00:00
[2024-05-09T16:43:19.154+0000] {processor.py:178} INFO - Processing /home/airflow/.local/lib/python3.7/site-packages/airflow/example_dags/example_latest_only_with_trigger.py took 0.102 seconds
[2024-05-09T16:43:50.091+0000] {processor.py:156} INFO - Started process (PID=5791) to work on /home/airflow/.local/lib/python3.7/site-packages/airflow/example_dags/example_latest_only_with_trigger.py
[2024-05-09T16:43:50.091+0000] {processor.py:758} INFO - Processing file /home/airflow/.local/lib/python3.7/site-packages/airflow/example_dags/example_latest_only_with_trigger.py for tasks to queue
[2024-05-09T16:43:50.092+0000] {logging_mixin.py:117} INFO - [2024-05-09T16:43:50.092+0000] {dagbag.py:525} INFO - Filling up the DagBag from /home/airflow/.local/lib/python3.7/site-packages/airflow/example_dags/example_latest_only_with_trigger.py
[2024-05-09T16:43:50.104+0000] {processor.py:768} INFO - DAG(s) dict_keys(['latest_only_with_trigger']) retrieved from /home/airflow/.local/lib/python3.7/site-packages/airflow/example_dags/example_latest_only_with_trigger.py
[2024-05-09T16:43:50.136+0000] {logging_mixin.py:117} INFO - [2024-05-09T16:43:50.136+0000] {dag.py:2573} INFO - Sync 1 DAGs
[2024-05-09T16:43:50.157+0000] {logging_mixin.py:117} INFO - [2024-05-09T16:43:50.157+0000] {dag.py:3328} INFO - Setting next_dagrun for latest_only_with_trigger to 2024-05-09T12:43:50.156937+00:00, run_after=2024-05-09T16:43:50.156937+00:00
[2024-05-09T16:43:50.176+0000] {processor.py:178} INFO - Processing /home/airflow/.local/lib/python3.7/site-packages/airflow/example_dags/example_latest_only_with_trigger.py took 0.088 seconds
[2024-05-09T16:44:20.561+0000] {processor.py:156} INFO - Started process (PID=6005) to work on /home/airflow/.local/lib/python3.7/site-packages/airflow/example_dags/example_latest_only_with_trigger.py
[2024-05-09T16:44:20.561+0000] {processor.py:758} INFO - Processing file /home/airflow/.local/lib/python3.7/site-packages/airflow/example_dags/example_latest_only_with_trigger.py for tasks to queue
[2024-05-09T16:44:20.562+0000] {logging_mixin.py:117} INFO - [2024-05-09T16:44:20.562+0000] {dagbag.py:525} INFO - Filling up the DagBag from /home/airflow/.local/lib/python3.7/site-packages/airflow/example_dags/example_latest_only_with_trigger.py
[2024-05-09T16:44:20.574+0000] {processor.py:768} INFO - DAG(s) dict_keys(['latest_only_with_trigger']) retrieved from /home/airflow/.local/lib/python3.7/site-packages/airflow/example_dags/example_latest_only_with_trigger.py
[2024-05-09T16:44:20.605+0000] {logging_mixin.py:117} INFO - [2024-05-09T16:44:20.605+0000] {dag.py:2573} INFO - Sync 1 DAGs
[2024-05-09T16:44:20.624+0000] {logging_mixin.py:117} INFO - [2024-05-09T16:44:20.624+0000] {dag.py:3328} INFO - Setting next_dagrun for latest_only_with_trigger to 2024-05-09T12:44:20.623844+00:00, run_after=2024-05-09T16:44:20.623844+00:00
[2024-05-09T16:44:20.643+0000] {processor.py:178} INFO - Processing /home/airflow/.local/lib/python3.7/site-packages/airflow/example_dags/example_latest_only_with_trigger.py took 0.085 seconds
[2024-05-09T16:44:50.756+0000] {processor.py:156} INFO - Started process (PID=6219) to work on /home/airflow/.local/lib/python3.7/site-packages/airflow/example_dags/example_latest_only_with_trigger.py
[2024-05-09T16:44:50.756+0000] {processor.py:758} INFO - Processing file /home/airflow/.local/lib/python3.7/site-packages/airflow/example_dags/example_latest_only_with_trigger.py for tasks to queue
[2024-05-09T16:44:50.757+0000] {logging_mixin.py:117} INFO - [2024-05-09T16:44:50.757+0000] {dagbag.py:525} INFO - Filling up the DagBag from /home/airflow/.local/lib/python3.7/site-packages/airflow/example_dags/example_latest_only_with_trigger.py
[2024-05-09T16:44:50.769+0000] {processor.py:768} INFO - DAG(s) dict_keys(['latest_only_with_trigger']) retrieved from /home/airflow/.local/lib/python3.7/site-packages/airflow/example_dags/example_latest_only_with_trigger.py
[2024-05-09T16:44:50.800+0000] {logging_mixin.py:117} INFO - [2024-05-09T16:44:50.800+0000] {dag.py:2573} INFO - Sync 1 DAGs
[2024-05-09T16:44:50.820+0000] {logging_mixin.py:117} INFO - [2024-05-09T16:44:50.820+0000] {dag.py:3328} INFO - Setting next_dagrun for latest_only_with_trigger to 2024-05-09T12:44:50.819932+00:00, run_after=2024-05-09T16:44:50.819932+00:00
[2024-05-09T16:44:50.839+0000] {processor.py:178} INFO - Processing /home/airflow/.local/lib/python3.7/site-packages/airflow/example_dags/example_latest_only_with_trigger.py took 0.086 seconds
[2024-05-09T16:45:21.891+0000] {processor.py:156} INFO - Started process (PID=6430) to work on /home/airflow/.local/lib/python3.7/site-packages/airflow/example_dags/example_latest_only_with_trigger.py
[2024-05-09T16:45:21.896+0000] {processor.py:758} INFO - Processing file /home/airflow/.local/lib/python3.7/site-packages/airflow/example_dags/example_latest_only_with_trigger.py for tasks to queue
[2024-05-09T16:45:21.897+0000] {logging_mixin.py:117} INFO - [2024-05-09T16:45:21.897+0000] {dagbag.py:525} INFO - Filling up the DagBag from /home/airflow/.local/lib/python3.7/site-packages/airflow/example_dags/example_latest_only_with_trigger.py
[2024-05-09T16:45:21.915+0000] {processor.py:768} INFO - DAG(s) dict_keys(['latest_only_with_trigger']) retrieved from /home/airflow/.local/lib/python3.7/site-packages/airflow/example_dags/example_latest_only_with_trigger.py
[2024-05-09T16:45:21.959+0000] {logging_mixin.py:117} INFO - [2024-05-09T16:45:21.959+0000] {dag.py:2573} INFO - Sync 1 DAGs
[2024-05-09T16:45:21.991+0000] {logging_mixin.py:117} INFO - [2024-05-09T16:45:21.991+0000] {dag.py:3328} INFO - Setting next_dagrun for latest_only_with_trigger to 2024-05-09T12:45:21.991199+00:00, run_after=2024-05-09T16:45:21.991199+00:00
[2024-05-09T16:45:22.016+0000] {processor.py:178} INFO - Processing /home/airflow/.local/lib/python3.7/site-packages/airflow/example_dags/example_latest_only_with_trigger.py took 0.129 seconds
[2024-05-09T16:45:52.229+0000] {processor.py:156} INFO - Started process (PID=6636) to work on /home/airflow/.local/lib/python3.7/site-packages/airflow/example_dags/example_latest_only_with_trigger.py
[2024-05-09T16:45:52.230+0000] {processor.py:758} INFO - Processing file /home/airflow/.local/lib/python3.7/site-packages/airflow/example_dags/example_latest_only_with_trigger.py for tasks to queue
[2024-05-09T16:45:52.231+0000] {logging_mixin.py:117} INFO - [2024-05-09T16:45:52.230+0000] {dagbag.py:525} INFO - Filling up the DagBag from /home/airflow/.local/lib/python3.7/site-packages/airflow/example_dags/example_latest_only_with_trigger.py
[2024-05-09T16:45:52.245+0000] {processor.py:768} INFO - DAG(s) dict_keys(['latest_only_with_trigger']) retrieved from /home/airflow/.local/lib/python3.7/site-packages/airflow/example_dags/example_latest_only_with_trigger.py
[2024-05-09T16:45:52.300+0000] {logging_mixin.py:117} INFO - [2024-05-09T16:45:52.299+0000] {dag.py:2573} INFO - Sync 1 DAGs
[2024-05-09T16:45:52.333+0000] {logging_mixin.py:117} INFO - [2024-05-09T16:45:52.333+0000] {dag.py:3328} INFO - Setting next_dagrun for latest_only_with_trigger to 2024-05-09T12:45:52.333448+00:00, run_after=2024-05-09T16:45:52.333448+00:00
[2024-05-09T16:45:52.368+0000] {processor.py:178} INFO - Processing /home/airflow/.local/lib/python3.7/site-packages/airflow/example_dags/example_latest_only_with_trigger.py took 0.141 seconds
[2024-05-09T16:46:22.539+0000] {processor.py:156} INFO - Started process (PID=6851) to work on /home/airflow/.local/lib/python3.7/site-packages/airflow/example_dags/example_latest_only_with_trigger.py
[2024-05-09T16:46:22.540+0000] {processor.py:758} INFO - Processing file /home/airflow/.local/lib/python3.7/site-packages/airflow/example_dags/example_latest_only_with_trigger.py for tasks to queue
[2024-05-09T16:46:22.541+0000] {logging_mixin.py:117} INFO - [2024-05-09T16:46:22.541+0000] {dagbag.py:525} INFO - Filling up the DagBag from /home/airflow/.local/lib/python3.7/site-packages/airflow/example_dags/example_latest_only_with_trigger.py
[2024-05-09T16:46:22.553+0000] {processor.py:768} INFO - DAG(s) dict_keys(['latest_only_with_trigger']) retrieved from /home/airflow/.local/lib/python3.7/site-packages/airflow/example_dags/example_latest_only_with_trigger.py
[2024-05-09T16:46:22.587+0000] {logging_mixin.py:117} INFO - [2024-05-09T16:46:22.587+0000] {dag.py:2573} INFO - Sync 1 DAGs
[2024-05-09T16:46:22.609+0000] {logging_mixin.py:117} INFO - [2024-05-09T16:46:22.608+0000] {dag.py:3328} INFO - Setting next_dagrun for latest_only_with_trigger to 2024-05-09T12:46:22.608701+00:00, run_after=2024-05-09T16:46:22.608701+00:00
[2024-05-09T16:46:22.628+0000] {processor.py:178} INFO - Processing /home/airflow/.local/lib/python3.7/site-packages/airflow/example_dags/example_latest_only_with_trigger.py took 0.091 seconds
[2024-05-09T16:46:53.835+0000] {processor.py:156} INFO - Started process (PID=7064) to work on /home/airflow/.local/lib/python3.7/site-packages/airflow/example_dags/example_latest_only_with_trigger.py
[2024-05-09T16:46:53.835+0000] {processor.py:758} INFO - Processing file /home/airflow/.local/lib/python3.7/site-packages/airflow/example_dags/example_latest_only_with_trigger.py for tasks to queue
[2024-05-09T16:46:53.836+0000] {logging_mixin.py:117} INFO - [2024-05-09T16:46:53.836+0000] {dagbag.py:525} INFO - Filling up the DagBag from /home/airflow/.local/lib/python3.7/site-packages/airflow/example_dags/example_latest_only_with_trigger.py
[2024-05-09T16:46:53.848+0000] {processor.py:768} INFO - DAG(s) dict_keys(['latest_only_with_trigger']) retrieved from /home/airflow/.local/lib/python3.7/site-packages/airflow/example_dags/example_latest_only_with_trigger.py
[2024-05-09T16:46:53.879+0000] {logging_mixin.py:117} INFO - [2024-05-09T16:46:53.879+0000] {dag.py:2573} INFO - Sync 1 DAGs
[2024-05-09T16:46:53.898+0000] {logging_mixin.py:117} INFO - [2024-05-09T16:46:53.898+0000] {dag.py:3328} INFO - Setting next_dagrun for latest_only_with_trigger to 2024-05-09T12:46:53.898390+00:00, run_after=2024-05-09T16:46:53.898390+00:00
[2024-05-09T16:46:53.918+0000] {processor.py:178} INFO - Processing /home/airflow/.local/lib/python3.7/site-packages/airflow/example_dags/example_latest_only_with_trigger.py took 0.085 seconds
[2024-05-09T16:47:23.994+0000] {processor.py:156} INFO - Started process (PID=7269) to work on /home/airflow/.local/lib/python3.7/site-packages/airflow/example_dags/example_latest_only_with_trigger.py
[2024-05-09T16:47:23.994+0000] {processor.py:758} INFO - Processing file /home/airflow/.local/lib/python3.7/site-packages/airflow/example_dags/example_latest_only_with_trigger.py for tasks to queue
[2024-05-09T16:47:23.995+0000] {logging_mixin.py:117} INFO - [2024-05-09T16:47:23.995+0000] {dagbag.py:525} INFO - Filling up the DagBag from /home/airflow/.local/lib/python3.7/site-packages/airflow/example_dags/example_latest_only_with_trigger.py
[2024-05-09T16:47:24.007+0000] {processor.py:768} INFO - DAG(s) dict_keys(['latest_only_with_trigger']) retrieved from /home/airflow/.local/lib/python3.7/site-packages/airflow/example_dags/example_latest_only_with_trigger.py
[2024-05-09T16:47:24.045+0000] {logging_mixin.py:117} INFO - [2024-05-09T16:47:24.045+0000] {dag.py:2573} INFO - Sync 1 DAGs
[2024-05-09T16:47:24.066+0000] {logging_mixin.py:117} INFO - [2024-05-09T16:47:24.066+0000] {dag.py:3328} INFO - Setting next_dagrun for latest_only_with_trigger to 2024-05-09T12:47:24.066248+00:00, run_after=2024-05-09T16:47:24.066248+00:00
[2024-05-09T16:47:24.085+0000] {processor.py:178} INFO - Processing /home/airflow/.local/lib/python3.7/site-packages/airflow/example_dags/example_latest_only_with_trigger.py took 0.094 seconds
[2024-05-09T16:47:54.252+0000] {processor.py:156} INFO - Started process (PID=7481) to work on /home/airflow/.local/lib/python3.7/site-packages/airflow/example_dags/example_latest_only_with_trigger.py
[2024-05-09T16:47:54.252+0000] {processor.py:758} INFO - Processing file /home/airflow/.local/lib/python3.7/site-packages/airflow/example_dags/example_latest_only_with_trigger.py for tasks to queue
[2024-05-09T16:47:54.253+0000] {logging_mixin.py:117} INFO - [2024-05-09T16:47:54.253+0000] {dagbag.py:525} INFO - Filling up the DagBag from /home/airflow/.local/lib/python3.7/site-packages/airflow/example_dags/example_latest_only_with_trigger.py
[2024-05-09T16:47:54.266+0000] {processor.py:768} INFO - DAG(s) dict_keys(['latest_only_with_trigger']) retrieved from /home/airflow/.local/lib/python3.7/site-packages/airflow/example_dags/example_latest_only_with_trigger.py
[2024-05-09T16:47:54.303+0000] {logging_mixin.py:117} INFO - [2024-05-09T16:47:54.303+0000] {dag.py:2573} INFO - Sync 1 DAGs
[2024-05-09T16:47:54.328+0000] {logging_mixin.py:117} INFO - [2024-05-09T16:47:54.328+0000] {dag.py:3328} INFO - Setting next_dagrun for latest_only_with_trigger to 2024-05-09T12:47:54.327925+00:00, run_after=2024-05-09T16:47:54.327925+00:00
[2024-05-09T16:47:54.350+0000] {processor.py:178} INFO - Processing /home/airflow/.local/lib/python3.7/site-packages/airflow/example_dags/example_latest_only_with_trigger.py took 0.100 seconds
[2024-05-09T16:48:25.274+0000] {processor.py:156} INFO - Started process (PID=7695) to work on /home/airflow/.local/lib/python3.7/site-packages/airflow/example_dags/example_latest_only_with_trigger.py
[2024-05-09T16:48:25.275+0000] {processor.py:758} INFO - Processing file /home/airflow/.local/lib/python3.7/site-packages/airflow/example_dags/example_latest_only_with_trigger.py for tasks to queue
[2024-05-09T16:48:25.276+0000] {logging_mixin.py:117} INFO - [2024-05-09T16:48:25.276+0000] {dagbag.py:525} INFO - Filling up the DagBag from /home/airflow/.local/lib/python3.7/site-packages/airflow/example_dags/example_latest_only_with_trigger.py
[2024-05-09T16:48:25.288+0000] {processor.py:768} INFO - DAG(s) dict_keys(['latest_only_with_trigger']) retrieved from /home/airflow/.local/lib/python3.7/site-packages/airflow/example_dags/example_latest_only_with_trigger.py
[2024-05-09T16:48:25.322+0000] {logging_mixin.py:117} INFO - [2024-05-09T16:48:25.322+0000] {dag.py:2573} INFO - Sync 1 DAGs
[2024-05-09T16:48:25.345+0000] {logging_mixin.py:117} INFO - [2024-05-09T16:48:25.345+0000] {dag.py:3328} INFO - Setting next_dagrun for latest_only_with_trigger to 2024-05-09T12:48:25.345222+00:00, run_after=2024-05-09T16:48:25.345222+00:00
[2024-05-09T16:48:25.364+0000] {processor.py:178} INFO - Processing /home/airflow/.local/lib/python3.7/site-packages/airflow/example_dags/example_latest_only_with_trigger.py took 0.092 seconds
