[2024-05-09T15:15:20.679+0000] {processor.py:156} INFO - Started process (PID=341) to work on /home/airflow/.local/lib/python3.7/site-packages/airflow/example_dags/example_xcomargs.py
[2024-05-09T15:15:20.681+0000] {processor.py:758} INFO - Processing file /home/airflow/.local/lib/python3.7/site-packages/airflow/example_dags/example_xcomargs.py for tasks to queue
[2024-05-09T15:15:20.682+0000] {logging_mixin.py:117} INFO - [2024-05-09T15:15:20.682+0000] {dagbag.py:525} INFO - Filling up the DagBag from /home/airflow/.local/lib/python3.7/site-packages/airflow/example_dags/example_xcomargs.py
[2024-05-09T15:15:20.726+0000] {processor.py:768} INFO - DAG(s) dict_keys(['example_xcom_args_with_operators', 'example_xcom_args']) retrieved from /home/airflow/.local/lib/python3.7/site-packages/airflow/example_dags/example_xcomargs.py
[2024-05-09T15:15:21.053+0000] {logging_mixin.py:117} INFO - [2024-05-09T15:15:21.053+0000] {manager.py:507} INFO - Created Permission View: can delete on DAG:example_xcom_args_with_operators
[2024-05-09T15:15:21.074+0000] {logging_mixin.py:117} INFO - [2024-05-09T15:15:21.074+0000] {manager.py:507} INFO - Created Permission View: can read on DAG:example_xcom_args_with_operators
[2024-05-09T15:15:21.092+0000] {logging_mixin.py:117} INFO - [2024-05-09T15:15:21.091+0000] {manager.py:507} INFO - Created Permission View: can edit on DAG:example_xcom_args_with_operators
[2024-05-09T15:15:21.132+0000] {logging_mixin.py:117} INFO - [2024-05-09T15:15:21.131+0000] {manager.py:507} INFO - Created Permission View: can delete on DAG:example_xcom_args
[2024-05-09T15:15:21.146+0000] {logging_mixin.py:117} INFO - [2024-05-09T15:15:21.146+0000] {manager.py:507} INFO - Created Permission View: can read on DAG:example_xcom_args
[2024-05-09T15:15:21.163+0000] {logging_mixin.py:117} INFO - [2024-05-09T15:15:21.163+0000] {manager.py:507} INFO - Created Permission View: can edit on DAG:example_xcom_args
[2024-05-09T15:15:21.163+0000] {logging_mixin.py:117} INFO - [2024-05-09T15:15:21.163+0000] {dag.py:2573} INFO - Sync 2 DAGs
[2024-05-09T15:15:21.193+0000] {logging_mixin.py:117} INFO - [2024-05-09T15:15:21.193+0000] {dag.py:2594} INFO - Creating ORM DAG for example_xcom_args_with_operators
[2024-05-09T15:15:21.196+0000] {logging_mixin.py:117} INFO - [2024-05-09T15:15:21.195+0000] {dag.py:2594} INFO - Creating ORM DAG for example_xcom_args
[2024-05-09T15:15:21.223+0000] {logging_mixin.py:117} INFO - [2024-05-09T15:15:21.223+0000] {dag.py:3328} INFO - Setting next_dagrun for example_xcom_args to None, run_after=None
[2024-05-09T15:15:21.224+0000] {logging_mixin.py:117} INFO - [2024-05-09T15:15:21.224+0000] {dag.py:3328} INFO - Setting next_dagrun for example_xcom_args_with_operators to None, run_after=None
[2024-05-09T15:15:21.267+0000] {processor.py:178} INFO - Processing /home/airflow/.local/lib/python3.7/site-packages/airflow/example_dags/example_xcomargs.py took 0.592 seconds
[2024-05-09T15:15:51.422+0000] {processor.py:156} INFO - Started process (PID=555) to work on /home/airflow/.local/lib/python3.7/site-packages/airflow/example_dags/example_xcomargs.py
[2024-05-09T15:15:51.423+0000] {processor.py:758} INFO - Processing file /home/airflow/.local/lib/python3.7/site-packages/airflow/example_dags/example_xcomargs.py for tasks to queue
[2024-05-09T15:15:51.423+0000] {logging_mixin.py:117} INFO - [2024-05-09T15:15:51.423+0000] {dagbag.py:525} INFO - Filling up the DagBag from /home/airflow/.local/lib/python3.7/site-packages/airflow/example_dags/example_xcomargs.py
[2024-05-09T15:15:51.454+0000] {processor.py:768} INFO - DAG(s) dict_keys(['example_xcom_args_with_operators', 'example_xcom_args']) retrieved from /home/airflow/.local/lib/python3.7/site-packages/airflow/example_dags/example_xcomargs.py
[2024-05-09T15:15:51.495+0000] {logging_mixin.py:117} INFO - [2024-05-09T15:15:51.495+0000] {dag.py:2573} INFO - Sync 2 DAGs
[2024-05-09T15:15:51.650+0000] {logging_mixin.py:117} INFO - [2024-05-09T15:15:51.650+0000] {dag.py:3328} INFO - Setting next_dagrun for example_xcom_args to None, run_after=None
[2024-05-09T15:15:51.653+0000] {logging_mixin.py:117} INFO - [2024-05-09T15:15:51.652+0000] {dag.py:3328} INFO - Setting next_dagrun for example_xcom_args_with_operators to None, run_after=None
[2024-05-09T15:15:51.670+0000] {processor.py:178} INFO - Processing /home/airflow/.local/lib/python3.7/site-packages/airflow/example_dags/example_xcomargs.py took 0.250 seconds
[2024-05-09T15:16:21.947+0000] {processor.py:156} INFO - Started process (PID=769) to work on /home/airflow/.local/lib/python3.7/site-packages/airflow/example_dags/example_xcomargs.py
[2024-05-09T15:16:21.948+0000] {processor.py:758} INFO - Processing file /home/airflow/.local/lib/python3.7/site-packages/airflow/example_dags/example_xcomargs.py for tasks to queue
[2024-05-09T15:16:21.948+0000] {logging_mixin.py:117} INFO - [2024-05-09T15:16:21.948+0000] {dagbag.py:525} INFO - Filling up the DagBag from /home/airflow/.local/lib/python3.7/site-packages/airflow/example_dags/example_xcomargs.py
[2024-05-09T15:16:21.975+0000] {processor.py:768} INFO - DAG(s) dict_keys(['example_xcom_args', 'example_xcom_args_with_operators']) retrieved from /home/airflow/.local/lib/python3.7/site-packages/airflow/example_dags/example_xcomargs.py
[2024-05-09T15:16:22.137+0000] {logging_mixin.py:117} INFO - [2024-05-09T15:16:22.137+0000] {dag.py:2573} INFO - Sync 2 DAGs
[2024-05-09T15:16:22.156+0000] {logging_mixin.py:117} INFO - [2024-05-09T15:16:22.156+0000] {dag.py:3328} INFO - Setting next_dagrun for example_xcom_args to None, run_after=None
[2024-05-09T15:16:22.159+0000] {logging_mixin.py:117} INFO - [2024-05-09T15:16:22.158+0000] {dag.py:3328} INFO - Setting next_dagrun for example_xcom_args_with_operators to None, run_after=None
[2024-05-09T15:16:22.179+0000] {processor.py:178} INFO - Processing /home/airflow/.local/lib/python3.7/site-packages/airflow/example_dags/example_xcomargs.py took 0.234 seconds
[2024-05-09T15:16:52.756+0000] {processor.py:156} INFO - Started process (PID=983) to work on /home/airflow/.local/lib/python3.7/site-packages/airflow/example_dags/example_xcomargs.py
[2024-05-09T15:16:52.757+0000] {processor.py:758} INFO - Processing file /home/airflow/.local/lib/python3.7/site-packages/airflow/example_dags/example_xcomargs.py for tasks to queue
[2024-05-09T15:16:52.757+0000] {logging_mixin.py:117} INFO - [2024-05-09T15:16:52.757+0000] {dagbag.py:525} INFO - Filling up the DagBag from /home/airflow/.local/lib/python3.7/site-packages/airflow/example_dags/example_xcomargs.py
[2024-05-09T15:16:52.781+0000] {processor.py:768} INFO - DAG(s) dict_keys(['example_xcom_args_with_operators', 'example_xcom_args']) retrieved from /home/airflow/.local/lib/python3.7/site-packages/airflow/example_dags/example_xcomargs.py
[2024-05-09T15:16:52.942+0000] {logging_mixin.py:117} INFO - [2024-05-09T15:16:52.942+0000] {dag.py:2573} INFO - Sync 2 DAGs
[2024-05-09T15:16:52.968+0000] {logging_mixin.py:117} INFO - [2024-05-09T15:16:52.968+0000] {dag.py:3328} INFO - Setting next_dagrun for example_xcom_args to None, run_after=None
[2024-05-09T15:16:52.971+0000] {logging_mixin.py:117} INFO - [2024-05-09T15:16:52.971+0000] {dag.py:3328} INFO - Setting next_dagrun for example_xcom_args_with_operators to None, run_after=None
[2024-05-09T15:16:52.991+0000] {processor.py:178} INFO - Processing /home/airflow/.local/lib/python3.7/site-packages/airflow/example_dags/example_xcomargs.py took 0.237 seconds
[2024-05-09T15:17:23.322+0000] {processor.py:156} INFO - Started process (PID=1187) to work on /home/airflow/.local/lib/python3.7/site-packages/airflow/example_dags/example_xcomargs.py
[2024-05-09T15:17:23.323+0000] {processor.py:758} INFO - Processing file /home/airflow/.local/lib/python3.7/site-packages/airflow/example_dags/example_xcomargs.py for tasks to queue
[2024-05-09T15:17:23.324+0000] {logging_mixin.py:117} INFO - [2024-05-09T15:17:23.324+0000] {dagbag.py:525} INFO - Filling up the DagBag from /home/airflow/.local/lib/python3.7/site-packages/airflow/example_dags/example_xcomargs.py
[2024-05-09T15:17:23.347+0000] {processor.py:768} INFO - DAG(s) dict_keys(['example_xcom_args_with_operators', 'example_xcom_args']) retrieved from /home/airflow/.local/lib/python3.7/site-packages/airflow/example_dags/example_xcomargs.py
[2024-05-09T15:17:23.497+0000] {logging_mixin.py:117} INFO - [2024-05-09T15:17:23.497+0000] {dag.py:2573} INFO - Sync 2 DAGs
[2024-05-09T15:17:23.518+0000] {logging_mixin.py:117} INFO - [2024-05-09T15:17:23.518+0000] {dag.py:3328} INFO - Setting next_dagrun for example_xcom_args to None, run_after=None
[2024-05-09T15:17:23.522+0000] {logging_mixin.py:117} INFO - [2024-05-09T15:17:23.522+0000] {dag.py:3328} INFO - Setting next_dagrun for example_xcom_args_with_operators to None, run_after=None
[2024-05-09T15:17:23.539+0000] {processor.py:178} INFO - Processing /home/airflow/.local/lib/python3.7/site-packages/airflow/example_dags/example_xcomargs.py took 0.221 seconds
[2024-05-09T15:17:53.920+0000] {processor.py:156} INFO - Started process (PID=1400) to work on /home/airflow/.local/lib/python3.7/site-packages/airflow/example_dags/example_xcomargs.py
[2024-05-09T15:17:53.921+0000] {processor.py:758} INFO - Processing file /home/airflow/.local/lib/python3.7/site-packages/airflow/example_dags/example_xcomargs.py for tasks to queue
[2024-05-09T15:17:53.921+0000] {logging_mixin.py:117} INFO - [2024-05-09T15:17:53.921+0000] {dagbag.py:525} INFO - Filling up the DagBag from /home/airflow/.local/lib/python3.7/site-packages/airflow/example_dags/example_xcomargs.py
[2024-05-09T15:17:54.089+0000] {processor.py:768} INFO - DAG(s) dict_keys(['example_xcom_args', 'example_xcom_args_with_operators']) retrieved from /home/airflow/.local/lib/python3.7/site-packages/airflow/example_dags/example_xcomargs.py
[2024-05-09T15:17:54.128+0000] {logging_mixin.py:117} INFO - [2024-05-09T15:17:54.127+0000] {dag.py:2573} INFO - Sync 2 DAGs
[2024-05-09T15:17:54.153+0000] {logging_mixin.py:117} INFO - [2024-05-09T15:17:54.153+0000] {dag.py:3328} INFO - Setting next_dagrun for example_xcom_args to None, run_after=None
[2024-05-09T15:17:54.157+0000] {logging_mixin.py:117} INFO - [2024-05-09T15:17:54.156+0000] {dag.py:3328} INFO - Setting next_dagrun for example_xcom_args_with_operators to None, run_after=None
[2024-05-09T15:17:54.177+0000] {processor.py:178} INFO - Processing /home/airflow/.local/lib/python3.7/site-packages/airflow/example_dags/example_xcomargs.py took 0.261 seconds
[2024-05-09T15:18:24.216+0000] {processor.py:156} INFO - Started process (PID=1625) to work on /home/airflow/.local/lib/python3.7/site-packages/airflow/example_dags/example_xcomargs.py
[2024-05-09T15:18:24.217+0000] {processor.py:758} INFO - Processing file /home/airflow/.local/lib/python3.7/site-packages/airflow/example_dags/example_xcomargs.py for tasks to queue
[2024-05-09T15:18:24.217+0000] {logging_mixin.py:117} INFO - [2024-05-09T15:18:24.217+0000] {dagbag.py:525} INFO - Filling up the DagBag from /home/airflow/.local/lib/python3.7/site-packages/airflow/example_dags/example_xcomargs.py
[2024-05-09T15:18:24.248+0000] {processor.py:768} INFO - DAG(s) dict_keys(['example_xcom_args', 'example_xcom_args_with_operators']) retrieved from /home/airflow/.local/lib/python3.7/site-packages/airflow/example_dags/example_xcomargs.py
[2024-05-09T15:18:24.288+0000] {logging_mixin.py:117} INFO - [2024-05-09T15:18:24.288+0000] {dag.py:2573} INFO - Sync 2 DAGs
[2024-05-09T15:18:24.308+0000] {logging_mixin.py:117} INFO - [2024-05-09T15:18:24.308+0000] {dag.py:3328} INFO - Setting next_dagrun for example_xcom_args to None, run_after=None
[2024-05-09T15:18:24.311+0000] {logging_mixin.py:117} INFO - [2024-05-09T15:18:24.311+0000] {dag.py:3328} INFO - Setting next_dagrun for example_xcom_args_with_operators to None, run_after=None
[2024-05-09T15:18:24.330+0000] {processor.py:178} INFO - Processing /home/airflow/.local/lib/python3.7/site-packages/airflow/example_dags/example_xcomargs.py took 0.117 seconds
[2024-05-09T15:18:55.024+0000] {processor.py:156} INFO - Started process (PID=1819) to work on /home/airflow/.local/lib/python3.7/site-packages/airflow/example_dags/example_xcomargs.py
[2024-05-09T15:18:55.025+0000] {processor.py:758} INFO - Processing file /home/airflow/.local/lib/python3.7/site-packages/airflow/example_dags/example_xcomargs.py for tasks to queue
[2024-05-09T15:18:55.025+0000] {logging_mixin.py:117} INFO - [2024-05-09T15:18:55.025+0000] {dagbag.py:525} INFO - Filling up the DagBag from /home/airflow/.local/lib/python3.7/site-packages/airflow/example_dags/example_xcomargs.py
[2024-05-09T15:18:55.046+0000] {processor.py:768} INFO - DAG(s) dict_keys(['example_xcom_args_with_operators', 'example_xcom_args']) retrieved from /home/airflow/.local/lib/python3.7/site-packages/airflow/example_dags/example_xcomargs.py
[2024-05-09T15:18:55.087+0000] {logging_mixin.py:117} INFO - [2024-05-09T15:18:55.087+0000] {dag.py:2573} INFO - Sync 2 DAGs
[2024-05-09T15:18:55.116+0000] {logging_mixin.py:117} INFO - [2024-05-09T15:18:55.116+0000] {dag.py:3328} INFO - Setting next_dagrun for example_xcom_args to None, run_after=None
[2024-05-09T15:18:55.120+0000] {logging_mixin.py:117} INFO - [2024-05-09T15:18:55.120+0000] {dag.py:3328} INFO - Setting next_dagrun for example_xcom_args_with_operators to None, run_after=None
[2024-05-09T15:18:55.142+0000] {processor.py:178} INFO - Processing /home/airflow/.local/lib/python3.7/site-packages/airflow/example_dags/example_xcomargs.py took 0.121 seconds
[2024-05-09T15:19:25.831+0000] {processor.py:156} INFO - Started process (PID=2033) to work on /home/airflow/.local/lib/python3.7/site-packages/airflow/example_dags/example_xcomargs.py
[2024-05-09T15:19:25.832+0000] {processor.py:758} INFO - Processing file /home/airflow/.local/lib/python3.7/site-packages/airflow/example_dags/example_xcomargs.py for tasks to queue
[2024-05-09T15:19:25.833+0000] {logging_mixin.py:117} INFO - [2024-05-09T15:19:25.832+0000] {dagbag.py:525} INFO - Filling up the DagBag from /home/airflow/.local/lib/python3.7/site-packages/airflow/example_dags/example_xcomargs.py
[2024-05-09T15:19:25.862+0000] {processor.py:768} INFO - DAG(s) dict_keys(['example_xcom_args', 'example_xcom_args_with_operators']) retrieved from /home/airflow/.local/lib/python3.7/site-packages/airflow/example_dags/example_xcomargs.py
[2024-05-09T15:19:25.909+0000] {logging_mixin.py:117} INFO - [2024-05-09T15:19:25.909+0000] {dag.py:2573} INFO - Sync 2 DAGs
[2024-05-09T15:19:25.938+0000] {logging_mixin.py:117} INFO - [2024-05-09T15:19:25.938+0000] {dag.py:3328} INFO - Setting next_dagrun for example_xcom_args to None, run_after=None
[2024-05-09T15:19:25.942+0000] {logging_mixin.py:117} INFO - [2024-05-09T15:19:25.942+0000] {dag.py:3328} INFO - Setting next_dagrun for example_xcom_args_with_operators to None, run_after=None
[2024-05-09T15:19:25.962+0000] {processor.py:178} INFO - Processing /home/airflow/.local/lib/python3.7/site-packages/airflow/example_dags/example_xcomargs.py took 0.133 seconds
[2024-05-09T15:19:56.636+0000] {processor.py:156} INFO - Started process (PID=2247) to work on /home/airflow/.local/lib/python3.7/site-packages/airflow/example_dags/example_xcomargs.py
[2024-05-09T15:19:56.637+0000] {processor.py:758} INFO - Processing file /home/airflow/.local/lib/python3.7/site-packages/airflow/example_dags/example_xcomargs.py for tasks to queue
[2024-05-09T15:19:56.637+0000] {logging_mixin.py:117} INFO - [2024-05-09T15:19:56.637+0000] {dagbag.py:525} INFO - Filling up the DagBag from /home/airflow/.local/lib/python3.7/site-packages/airflow/example_dags/example_xcomargs.py
[2024-05-09T15:19:56.658+0000] {processor.py:768} INFO - DAG(s) dict_keys(['example_xcom_args', 'example_xcom_args_with_operators']) retrieved from /home/airflow/.local/lib/python3.7/site-packages/airflow/example_dags/example_xcomargs.py
[2024-05-09T15:19:56.695+0000] {logging_mixin.py:117} INFO - [2024-05-09T15:19:56.695+0000] {dag.py:2573} INFO - Sync 2 DAGs
[2024-05-09T15:19:56.722+0000] {logging_mixin.py:117} INFO - [2024-05-09T15:19:56.722+0000] {dag.py:3328} INFO - Setting next_dagrun for example_xcom_args to None, run_after=None
[2024-05-09T15:19:56.725+0000] {logging_mixin.py:117} INFO - [2024-05-09T15:19:56.725+0000] {dag.py:3328} INFO - Setting next_dagrun for example_xcom_args_with_operators to None, run_after=None
[2024-05-09T15:19:56.745+0000] {processor.py:178} INFO - Processing /home/airflow/.local/lib/python3.7/site-packages/airflow/example_dags/example_xcomargs.py took 0.111 seconds
[2024-05-09T15:20:27.616+0000] {processor.py:156} INFO - Started process (PID=2460) to work on /home/airflow/.local/lib/python3.7/site-packages/airflow/example_dags/example_xcomargs.py
[2024-05-09T15:20:27.617+0000] {processor.py:758} INFO - Processing file /home/airflow/.local/lib/python3.7/site-packages/airflow/example_dags/example_xcomargs.py for tasks to queue
[2024-05-09T15:20:27.618+0000] {logging_mixin.py:117} INFO - [2024-05-09T15:20:27.618+0000] {dagbag.py:525} INFO - Filling up the DagBag from /home/airflow/.local/lib/python3.7/site-packages/airflow/example_dags/example_xcomargs.py
[2024-05-09T15:20:27.648+0000] {processor.py:768} INFO - DAG(s) dict_keys(['example_xcom_args', 'example_xcom_args_with_operators']) retrieved from /home/airflow/.local/lib/python3.7/site-packages/airflow/example_dags/example_xcomargs.py
[2024-05-09T15:20:27.694+0000] {logging_mixin.py:117} INFO - [2024-05-09T15:20:27.693+0000] {dag.py:2573} INFO - Sync 2 DAGs
[2024-05-09T15:20:27.722+0000] {logging_mixin.py:117} INFO - [2024-05-09T15:20:27.722+0000] {dag.py:3328} INFO - Setting next_dagrun for example_xcom_args to None, run_after=None
[2024-05-09T15:20:27.726+0000] {logging_mixin.py:117} INFO - [2024-05-09T15:20:27.726+0000] {dag.py:3328} INFO - Setting next_dagrun for example_xcom_args_with_operators to None, run_after=None
[2024-05-09T15:20:27.747+0000] {processor.py:178} INFO - Processing /home/airflow/.local/lib/python3.7/site-packages/airflow/example_dags/example_xcomargs.py took 0.134 seconds
[2024-05-09T15:20:58.289+0000] {processor.py:156} INFO - Started process (PID=2664) to work on /home/airflow/.local/lib/python3.7/site-packages/airflow/example_dags/example_xcomargs.py
[2024-05-09T15:20:58.290+0000] {processor.py:758} INFO - Processing file /home/airflow/.local/lib/python3.7/site-packages/airflow/example_dags/example_xcomargs.py for tasks to queue
[2024-05-09T15:20:58.291+0000] {logging_mixin.py:117} INFO - [2024-05-09T15:20:58.291+0000] {dagbag.py:525} INFO - Filling up the DagBag from /home/airflow/.local/lib/python3.7/site-packages/airflow/example_dags/example_xcomargs.py
[2024-05-09T15:20:58.312+0000] {processor.py:768} INFO - DAG(s) dict_keys(['example_xcom_args', 'example_xcom_args_with_operators']) retrieved from /home/airflow/.local/lib/python3.7/site-packages/airflow/example_dags/example_xcomargs.py
[2024-05-09T15:20:58.348+0000] {logging_mixin.py:117} INFO - [2024-05-09T15:20:58.348+0000] {dag.py:2573} INFO - Sync 2 DAGs
[2024-05-09T15:20:58.369+0000] {logging_mixin.py:117} INFO - [2024-05-09T15:20:58.369+0000] {dag.py:3328} INFO - Setting next_dagrun for example_xcom_args to None, run_after=None
[2024-05-09T15:20:58.372+0000] {logging_mixin.py:117} INFO - [2024-05-09T15:20:58.372+0000] {dag.py:3328} INFO - Setting next_dagrun for example_xcom_args_with_operators to None, run_after=None
[2024-05-09T15:20:58.395+0000] {processor.py:178} INFO - Processing /home/airflow/.local/lib/python3.7/site-packages/airflow/example_dags/example_xcomargs.py took 0.109 seconds
[2024-05-09T16:29:54.696+0000] {processor.py:156} INFO - Started process (PID=340) to work on /home/airflow/.local/lib/python3.7/site-packages/airflow/example_dags/example_xcomargs.py
[2024-05-09T16:29:54.702+0000] {processor.py:758} INFO - Processing file /home/airflow/.local/lib/python3.7/site-packages/airflow/example_dags/example_xcomargs.py for tasks to queue
[2024-05-09T16:29:54.703+0000] {logging_mixin.py:117} INFO - [2024-05-09T16:29:54.703+0000] {dagbag.py:525} INFO - Filling up the DagBag from /home/airflow/.local/lib/python3.7/site-packages/airflow/example_dags/example_xcomargs.py
[2024-05-09T16:29:54.736+0000] {processor.py:768} INFO - DAG(s) dict_keys(['example_xcom_args', 'example_xcom_args_with_operators']) retrieved from /home/airflow/.local/lib/python3.7/site-packages/airflow/example_dags/example_xcomargs.py
[2024-05-09T16:29:54.777+0000] {logging_mixin.py:117} INFO - [2024-05-09T16:29:54.777+0000] {dag.py:2573} INFO - Sync 2 DAGs
[2024-05-09T16:29:54.801+0000] {logging_mixin.py:117} INFO - [2024-05-09T16:29:54.801+0000] {dag.py:3328} INFO - Setting next_dagrun for example_xcom_args to None, run_after=None
[2024-05-09T16:29:54.804+0000] {logging_mixin.py:117} INFO - [2024-05-09T16:29:54.804+0000] {dag.py:3328} INFO - Setting next_dagrun for example_xcom_args_with_operators to None, run_after=None
[2024-05-09T16:29:54.823+0000] {processor.py:178} INFO - Processing /home/airflow/.local/lib/python3.7/site-packages/airflow/example_dags/example_xcomargs.py took 0.130 seconds
[2024-05-09T16:30:28.806+0000] {processor.py:156} INFO - Started process (PID=330) to work on /home/airflow/.local/lib/python3.7/site-packages/airflow/example_dags/example_xcomargs.py
[2024-05-09T16:30:28.807+0000] {processor.py:758} INFO - Processing file /home/airflow/.local/lib/python3.7/site-packages/airflow/example_dags/example_xcomargs.py for tasks to queue
[2024-05-09T16:30:28.808+0000] {logging_mixin.py:117} INFO - [2024-05-09T16:30:28.808+0000] {dagbag.py:525} INFO - Filling up the DagBag from /home/airflow/.local/lib/python3.7/site-packages/airflow/example_dags/example_xcomargs.py
[2024-05-09T16:30:28.856+0000] {processor.py:768} INFO - DAG(s) dict_keys(['example_xcom_args', 'example_xcom_args_with_operators']) retrieved from /home/airflow/.local/lib/python3.7/site-packages/airflow/example_dags/example_xcomargs.py
[2024-05-09T16:30:28.906+0000] {logging_mixin.py:117} INFO - [2024-05-09T16:30:28.906+0000] {dag.py:2573} INFO - Sync 2 DAGs
[2024-05-09T16:30:28.942+0000] {logging_mixin.py:117} INFO - [2024-05-09T16:30:28.941+0000] {dag.py:3328} INFO - Setting next_dagrun for example_xcom_args to None, run_after=None
[2024-05-09T16:30:28.946+0000] {logging_mixin.py:117} INFO - [2024-05-09T16:30:28.946+0000] {dag.py:3328} INFO - Setting next_dagrun for example_xcom_args_with_operators to None, run_after=None
[2024-05-09T16:30:28.977+0000] {processor.py:178} INFO - Processing /home/airflow/.local/lib/python3.7/site-packages/airflow/example_dags/example_xcomargs.py took 0.174 seconds
[2024-05-09T16:30:59.022+0000] {processor.py:156} INFO - Started process (PID=538) to work on /home/airflow/.local/lib/python3.7/site-packages/airflow/example_dags/example_xcomargs.py
[2024-05-09T16:30:59.023+0000] {processor.py:758} INFO - Processing file /home/airflow/.local/lib/python3.7/site-packages/airflow/example_dags/example_xcomargs.py for tasks to queue
[2024-05-09T16:30:59.023+0000] {logging_mixin.py:117} INFO - [2024-05-09T16:30:59.023+0000] {dagbag.py:525} INFO - Filling up the DagBag from /home/airflow/.local/lib/python3.7/site-packages/airflow/example_dags/example_xcomargs.py
[2024-05-09T16:30:59.046+0000] {processor.py:768} INFO - DAG(s) dict_keys(['example_xcom_args_with_operators', 'example_xcom_args']) retrieved from /home/airflow/.local/lib/python3.7/site-packages/airflow/example_dags/example_xcomargs.py
[2024-05-09T16:30:59.080+0000] {logging_mixin.py:117} INFO - [2024-05-09T16:30:59.079+0000] {dag.py:2573} INFO - Sync 2 DAGs
[2024-05-09T16:30:59.099+0000] {logging_mixin.py:117} INFO - [2024-05-09T16:30:59.099+0000] {dag.py:3328} INFO - Setting next_dagrun for example_xcom_args to None, run_after=None
[2024-05-09T16:30:59.101+0000] {logging_mixin.py:117} INFO - [2024-05-09T16:30:59.101+0000] {dag.py:3328} INFO - Setting next_dagrun for example_xcom_args_with_operators to None, run_after=None
[2024-05-09T16:30:59.118+0000] {processor.py:178} INFO - Processing /home/airflow/.local/lib/python3.7/site-packages/airflow/example_dags/example_xcomargs.py took 0.098 seconds
[2024-05-09T16:31:30.526+0000] {processor.py:156} INFO - Started process (PID=757) to work on /home/airflow/.local/lib/python3.7/site-packages/airflow/example_dags/example_xcomargs.py
[2024-05-09T16:31:30.527+0000] {processor.py:758} INFO - Processing file /home/airflow/.local/lib/python3.7/site-packages/airflow/example_dags/example_xcomargs.py for tasks to queue
[2024-05-09T16:31:30.527+0000] {logging_mixin.py:117} INFO - [2024-05-09T16:31:30.527+0000] {dagbag.py:525} INFO - Filling up the DagBag from /home/airflow/.local/lib/python3.7/site-packages/airflow/example_dags/example_xcomargs.py
[2024-05-09T16:31:30.549+0000] {processor.py:768} INFO - DAG(s) dict_keys(['example_xcom_args', 'example_xcom_args_with_operators']) retrieved from /home/airflow/.local/lib/python3.7/site-packages/airflow/example_dags/example_xcomargs.py
[2024-05-09T16:31:30.584+0000] {logging_mixin.py:117} INFO - [2024-05-09T16:31:30.584+0000] {dag.py:2573} INFO - Sync 2 DAGs
[2024-05-09T16:31:30.604+0000] {logging_mixin.py:117} INFO - [2024-05-09T16:31:30.603+0000] {dag.py:3328} INFO - Setting next_dagrun for example_xcom_args to None, run_after=None
[2024-05-09T16:31:30.606+0000] {logging_mixin.py:117} INFO - [2024-05-09T16:31:30.606+0000] {dag.py:3328} INFO - Setting next_dagrun for example_xcom_args_with_operators to None, run_after=None
[2024-05-09T16:31:30.626+0000] {processor.py:178} INFO - Processing /home/airflow/.local/lib/python3.7/site-packages/airflow/example_dags/example_xcomargs.py took 0.102 seconds
[2024-05-09T16:32:01.733+0000] {processor.py:156} INFO - Started process (PID=971) to work on /home/airflow/.local/lib/python3.7/site-packages/airflow/example_dags/example_xcomargs.py
[2024-05-09T16:32:01.733+0000] {processor.py:758} INFO - Processing file /home/airflow/.local/lib/python3.7/site-packages/airflow/example_dags/example_xcomargs.py for tasks to queue
[2024-05-09T16:32:01.734+0000] {logging_mixin.py:117} INFO - [2024-05-09T16:32:01.734+0000] {dagbag.py:525} INFO - Filling up the DagBag from /home/airflow/.local/lib/python3.7/site-packages/airflow/example_dags/example_xcomargs.py
[2024-05-09T16:32:01.763+0000] {processor.py:768} INFO - DAG(s) dict_keys(['example_xcom_args', 'example_xcom_args_with_operators']) retrieved from /home/airflow/.local/lib/python3.7/site-packages/airflow/example_dags/example_xcomargs.py
[2024-05-09T16:32:01.826+0000] {logging_mixin.py:117} INFO - [2024-05-09T16:32:01.826+0000] {dag.py:2573} INFO - Sync 2 DAGs
[2024-05-09T16:32:01.864+0000] {logging_mixin.py:117} INFO - [2024-05-09T16:32:01.864+0000] {dag.py:3328} INFO - Setting next_dagrun for example_xcom_args to None, run_after=None
[2024-05-09T16:32:01.871+0000] {logging_mixin.py:117} INFO - [2024-05-09T16:32:01.870+0000] {dag.py:3328} INFO - Setting next_dagrun for example_xcom_args_with_operators to None, run_after=None
[2024-05-09T16:32:01.902+0000] {processor.py:178} INFO - Processing /home/airflow/.local/lib/python3.7/site-packages/airflow/example_dags/example_xcomargs.py took 0.173 seconds
[2024-05-09T16:32:33.202+0000] {processor.py:156} INFO - Started process (PID=1175) to work on /home/airflow/.local/lib/python3.7/site-packages/airflow/example_dags/example_xcomargs.py
[2024-05-09T16:32:33.203+0000] {processor.py:758} INFO - Processing file /home/airflow/.local/lib/python3.7/site-packages/airflow/example_dags/example_xcomargs.py for tasks to queue
[2024-05-09T16:32:33.203+0000] {logging_mixin.py:117} INFO - [2024-05-09T16:32:33.203+0000] {dagbag.py:525} INFO - Filling up the DagBag from /home/airflow/.local/lib/python3.7/site-packages/airflow/example_dags/example_xcomargs.py
[2024-05-09T16:32:33.225+0000] {processor.py:768} INFO - DAG(s) dict_keys(['example_xcom_args_with_operators', 'example_xcom_args']) retrieved from /home/airflow/.local/lib/python3.7/site-packages/airflow/example_dags/example_xcomargs.py
[2024-05-09T16:32:33.272+0000] {logging_mixin.py:117} INFO - [2024-05-09T16:32:33.272+0000] {dag.py:2573} INFO - Sync 2 DAGs
[2024-05-09T16:32:33.431+0000] {logging_mixin.py:117} INFO - [2024-05-09T16:32:33.431+0000] {dag.py:3328} INFO - Setting next_dagrun for example_xcom_args to None, run_after=None
[2024-05-09T16:32:33.434+0000] {logging_mixin.py:117} INFO - [2024-05-09T16:32:33.434+0000] {dag.py:3328} INFO - Setting next_dagrun for example_xcom_args_with_operators to None, run_after=None
[2024-05-09T16:32:33.454+0000] {processor.py:178} INFO - Processing /home/airflow/.local/lib/python3.7/site-packages/airflow/example_dags/example_xcomargs.py took 0.255 seconds
[2024-05-09T16:33:04.247+0000] {processor.py:156} INFO - Started process (PID=1390) to work on /home/airflow/.local/lib/python3.7/site-packages/airflow/example_dags/example_xcomargs.py
[2024-05-09T16:33:04.248+0000] {processor.py:758} INFO - Processing file /home/airflow/.local/lib/python3.7/site-packages/airflow/example_dags/example_xcomargs.py for tasks to queue
[2024-05-09T16:33:04.249+0000] {logging_mixin.py:117} INFO - [2024-05-09T16:33:04.248+0000] {dagbag.py:525} INFO - Filling up the DagBag from /home/airflow/.local/lib/python3.7/site-packages/airflow/example_dags/example_xcomargs.py
[2024-05-09T16:33:04.270+0000] {processor.py:768} INFO - DAG(s) dict_keys(['example_xcom_args_with_operators', 'example_xcom_args']) retrieved from /home/airflow/.local/lib/python3.7/site-packages/airflow/example_dags/example_xcomargs.py
[2024-05-09T16:33:04.304+0000] {logging_mixin.py:117} INFO - [2024-05-09T16:33:04.304+0000] {dag.py:2573} INFO - Sync 2 DAGs
[2024-05-09T16:33:04.426+0000] {logging_mixin.py:117} INFO - [2024-05-09T16:33:04.426+0000] {dag.py:3328} INFO - Setting next_dagrun for example_xcom_args to None, run_after=None
[2024-05-09T16:33:04.428+0000] {logging_mixin.py:117} INFO - [2024-05-09T16:33:04.428+0000] {dag.py:3328} INFO - Setting next_dagrun for example_xcom_args_with_operators to None, run_after=None
[2024-05-09T16:33:04.444+0000] {processor.py:178} INFO - Processing /home/airflow/.local/lib/python3.7/site-packages/airflow/example_dags/example_xcomargs.py took 0.199 seconds
[2024-05-09T16:33:35.722+0000] {processor.py:156} INFO - Started process (PID=1601) to work on /home/airflow/.local/lib/python3.7/site-packages/airflow/example_dags/example_xcomargs.py
[2024-05-09T16:33:35.723+0000] {processor.py:758} INFO - Processing file /home/airflow/.local/lib/python3.7/site-packages/airflow/example_dags/example_xcomargs.py for tasks to queue
[2024-05-09T16:33:35.724+0000] {logging_mixin.py:117} INFO - [2024-05-09T16:33:35.723+0000] {dagbag.py:525} INFO - Filling up the DagBag from /home/airflow/.local/lib/python3.7/site-packages/airflow/example_dags/example_xcomargs.py
[2024-05-09T16:33:35.752+0000] {processor.py:768} INFO - DAG(s) dict_keys(['example_xcom_args', 'example_xcom_args_with_operators']) retrieved from /home/airflow/.local/lib/python3.7/site-packages/airflow/example_dags/example_xcomargs.py
[2024-05-09T16:33:35.915+0000] {logging_mixin.py:117} INFO - [2024-05-09T16:33:35.915+0000] {dag.py:2573} INFO - Sync 2 DAGs
[2024-05-09T16:33:35.942+0000] {logging_mixin.py:117} INFO - [2024-05-09T16:33:35.942+0000] {dag.py:3328} INFO - Setting next_dagrun for example_xcom_args to None, run_after=None
[2024-05-09T16:33:35.946+0000] {logging_mixin.py:117} INFO - [2024-05-09T16:33:35.946+0000] {dag.py:3328} INFO - Setting next_dagrun for example_xcom_args_with_operators to None, run_after=None
[2024-05-09T16:33:35.969+0000] {processor.py:178} INFO - Processing /home/airflow/.local/lib/python3.7/site-packages/airflow/example_dags/example_xcomargs.py took 0.249 seconds
[2024-05-09T16:34:06.914+0000] {processor.py:156} INFO - Started process (PID=1820) to work on /home/airflow/.local/lib/python3.7/site-packages/airflow/example_dags/example_xcomargs.py
[2024-05-09T16:34:06.915+0000] {processor.py:758} INFO - Processing file /home/airflow/.local/lib/python3.7/site-packages/airflow/example_dags/example_xcomargs.py for tasks to queue
[2024-05-09T16:34:06.916+0000] {logging_mixin.py:117} INFO - [2024-05-09T16:34:06.916+0000] {dagbag.py:525} INFO - Filling up the DagBag from /home/airflow/.local/lib/python3.7/site-packages/airflow/example_dags/example_xcomargs.py
[2024-05-09T16:34:06.939+0000] {processor.py:768} INFO - DAG(s) dict_keys(['example_xcom_args', 'example_xcom_args_with_operators']) retrieved from /home/airflow/.local/lib/python3.7/site-packages/airflow/example_dags/example_xcomargs.py
[2024-05-09T16:34:07.128+0000] {logging_mixin.py:117} INFO - [2024-05-09T16:34:07.128+0000] {dag.py:2573} INFO - Sync 2 DAGs
[2024-05-09T16:34:07.166+0000] {logging_mixin.py:117} INFO - [2024-05-09T16:34:07.166+0000] {dag.py:3328} INFO - Setting next_dagrun for example_xcom_args to None, run_after=None
[2024-05-09T16:34:07.170+0000] {logging_mixin.py:117} INFO - [2024-05-09T16:34:07.170+0000] {dag.py:3328} INFO - Setting next_dagrun for example_xcom_args_with_operators to None, run_after=None
[2024-05-09T16:34:07.191+0000] {processor.py:178} INFO - Processing /home/airflow/.local/lib/python3.7/site-packages/airflow/example_dags/example_xcomargs.py took 0.280 seconds
[2024-05-09T16:34:37.218+0000] {processor.py:156} INFO - Started process (PID=2026) to work on /home/airflow/.local/lib/python3.7/site-packages/airflow/example_dags/example_xcomargs.py
[2024-05-09T16:34:37.219+0000] {processor.py:758} INFO - Processing file /home/airflow/.local/lib/python3.7/site-packages/airflow/example_dags/example_xcomargs.py for tasks to queue
[2024-05-09T16:34:37.219+0000] {logging_mixin.py:117} INFO - [2024-05-09T16:34:37.219+0000] {dagbag.py:525} INFO - Filling up the DagBag from /home/airflow/.local/lib/python3.7/site-packages/airflow/example_dags/example_xcomargs.py
[2024-05-09T16:34:37.382+0000] {processor.py:768} INFO - DAG(s) dict_keys(['example_xcom_args_with_operators', 'example_xcom_args']) retrieved from /home/airflow/.local/lib/python3.7/site-packages/airflow/example_dags/example_xcomargs.py
[2024-05-09T16:34:37.413+0000] {logging_mixin.py:117} INFO - [2024-05-09T16:34:37.413+0000] {dag.py:2573} INFO - Sync 2 DAGs
[2024-05-09T16:34:37.434+0000] {logging_mixin.py:117} INFO - [2024-05-09T16:34:37.434+0000] {dag.py:3328} INFO - Setting next_dagrun for example_xcom_args to None, run_after=None
[2024-05-09T16:34:37.437+0000] {logging_mixin.py:117} INFO - [2024-05-09T16:34:37.437+0000] {dag.py:3328} INFO - Setting next_dagrun for example_xcom_args_with_operators to None, run_after=None
[2024-05-09T16:34:37.456+0000] {processor.py:178} INFO - Processing /home/airflow/.local/lib/python3.7/site-packages/airflow/example_dags/example_xcomargs.py took 0.242 seconds
[2024-05-09T16:35:07.623+0000] {processor.py:156} INFO - Started process (PID=2239) to work on /home/airflow/.local/lib/python3.7/site-packages/airflow/example_dags/example_xcomargs.py
[2024-05-09T16:35:07.624+0000] {processor.py:758} INFO - Processing file /home/airflow/.local/lib/python3.7/site-packages/airflow/example_dags/example_xcomargs.py for tasks to queue
[2024-05-09T16:35:07.624+0000] {logging_mixin.py:117} INFO - [2024-05-09T16:35:07.624+0000] {dagbag.py:525} INFO - Filling up the DagBag from /home/airflow/.local/lib/python3.7/site-packages/airflow/example_dags/example_xcomargs.py
[2024-05-09T16:35:07.652+0000] {processor.py:768} INFO - DAG(s) dict_keys(['example_xcom_args_with_operators', 'example_xcom_args']) retrieved from /home/airflow/.local/lib/python3.7/site-packages/airflow/example_dags/example_xcomargs.py
[2024-05-09T16:35:07.686+0000] {logging_mixin.py:117} INFO - [2024-05-09T16:35:07.686+0000] {dag.py:2573} INFO - Sync 2 DAGs
[2024-05-09T16:35:07.829+0000] {logging_mixin.py:117} INFO - [2024-05-09T16:35:07.829+0000] {dag.py:3328} INFO - Setting next_dagrun for example_xcom_args to None, run_after=None
[2024-05-09T16:35:07.833+0000] {logging_mixin.py:117} INFO - [2024-05-09T16:35:07.833+0000] {dag.py:3328} INFO - Setting next_dagrun for example_xcom_args_with_operators to None, run_after=None
[2024-05-09T16:35:07.855+0000] {processor.py:178} INFO - Processing /home/airflow/.local/lib/python3.7/site-packages/airflow/example_dags/example_xcomargs.py took 0.236 seconds
[2024-05-09T16:35:38.251+0000] {processor.py:156} INFO - Started process (PID=2452) to work on /home/airflow/.local/lib/python3.7/site-packages/airflow/example_dags/example_xcomargs.py
[2024-05-09T16:35:38.252+0000] {processor.py:758} INFO - Processing file /home/airflow/.local/lib/python3.7/site-packages/airflow/example_dags/example_xcomargs.py for tasks to queue
[2024-05-09T16:35:38.252+0000] {logging_mixin.py:117} INFO - [2024-05-09T16:35:38.252+0000] {dagbag.py:525} INFO - Filling up the DagBag from /home/airflow/.local/lib/python3.7/site-packages/airflow/example_dags/example_xcomargs.py
[2024-05-09T16:35:38.286+0000] {processor.py:768} INFO - DAG(s) dict_keys(['example_xcom_args', 'example_xcom_args_with_operators']) retrieved from /home/airflow/.local/lib/python3.7/site-packages/airflow/example_dags/example_xcomargs.py
[2024-05-09T16:35:38.437+0000] {logging_mixin.py:117} INFO - [2024-05-09T16:35:38.437+0000] {dag.py:2573} INFO - Sync 2 DAGs
[2024-05-09T16:35:38.456+0000] {logging_mixin.py:117} INFO - [2024-05-09T16:35:38.456+0000] {dag.py:3328} INFO - Setting next_dagrun for example_xcom_args to None, run_after=None
[2024-05-09T16:35:38.458+0000] {logging_mixin.py:117} INFO - [2024-05-09T16:35:38.458+0000] {dag.py:3328} INFO - Setting next_dagrun for example_xcom_args_with_operators to None, run_after=None
[2024-05-09T16:35:38.475+0000] {processor.py:178} INFO - Processing /home/airflow/.local/lib/python3.7/site-packages/airflow/example_dags/example_xcomargs.py took 0.227 seconds
[2024-05-09T16:36:08.670+0000] {processor.py:156} INFO - Started process (PID=2656) to work on /home/airflow/.local/lib/python3.7/site-packages/airflow/example_dags/example_xcomargs.py
[2024-05-09T16:36:08.671+0000] {processor.py:758} INFO - Processing file /home/airflow/.local/lib/python3.7/site-packages/airflow/example_dags/example_xcomargs.py for tasks to queue
[2024-05-09T16:36:08.672+0000] {logging_mixin.py:117} INFO - [2024-05-09T16:36:08.671+0000] {dagbag.py:525} INFO - Filling up the DagBag from /home/airflow/.local/lib/python3.7/site-packages/airflow/example_dags/example_xcomargs.py
[2024-05-09T16:36:08.693+0000] {processor.py:768} INFO - DAG(s) dict_keys(['example_xcom_args', 'example_xcom_args_with_operators']) retrieved from /home/airflow/.local/lib/python3.7/site-packages/airflow/example_dags/example_xcomargs.py
[2024-05-09T16:36:08.836+0000] {logging_mixin.py:117} INFO - [2024-05-09T16:36:08.836+0000] {dag.py:2573} INFO - Sync 2 DAGs
[2024-05-09T16:36:08.856+0000] {logging_mixin.py:117} INFO - [2024-05-09T16:36:08.856+0000] {dag.py:3328} INFO - Setting next_dagrun for example_xcom_args to None, run_after=None
[2024-05-09T16:36:08.858+0000] {logging_mixin.py:117} INFO - [2024-05-09T16:36:08.858+0000] {dag.py:3328} INFO - Setting next_dagrun for example_xcom_args_with_operators to None, run_after=None
[2024-05-09T16:36:08.877+0000] {processor.py:178} INFO - Processing /home/airflow/.local/lib/python3.7/site-packages/airflow/example_dags/example_xcomargs.py took 0.208 seconds
[2024-05-09T16:36:39.642+0000] {processor.py:156} INFO - Started process (PID=2869) to work on /home/airflow/.local/lib/python3.7/site-packages/airflow/example_dags/example_xcomargs.py
[2024-05-09T16:36:39.642+0000] {processor.py:758} INFO - Processing file /home/airflow/.local/lib/python3.7/site-packages/airflow/example_dags/example_xcomargs.py for tasks to queue
[2024-05-09T16:36:39.643+0000] {logging_mixin.py:117} INFO - [2024-05-09T16:36:39.643+0000] {dagbag.py:525} INFO - Filling up the DagBag from /home/airflow/.local/lib/python3.7/site-packages/airflow/example_dags/example_xcomargs.py
[2024-05-09T16:36:39.775+0000] {processor.py:768} INFO - DAG(s) dict_keys(['example_xcom_args', 'example_xcom_args_with_operators']) retrieved from /home/airflow/.local/lib/python3.7/site-packages/airflow/example_dags/example_xcomargs.py
[2024-05-09T16:36:39.811+0000] {logging_mixin.py:117} INFO - [2024-05-09T16:36:39.811+0000] {dag.py:2573} INFO - Sync 2 DAGs
[2024-05-09T16:36:39.839+0000] {logging_mixin.py:117} INFO - [2024-05-09T16:36:39.839+0000] {dag.py:3328} INFO - Setting next_dagrun for example_xcom_args to None, run_after=None
[2024-05-09T16:36:39.843+0000] {logging_mixin.py:117} INFO - [2024-05-09T16:36:39.842+0000] {dag.py:3328} INFO - Setting next_dagrun for example_xcom_args_with_operators to None, run_after=None
[2024-05-09T16:36:39.865+0000] {processor.py:178} INFO - Processing /home/airflow/.local/lib/python3.7/site-packages/airflow/example_dags/example_xcomargs.py took 0.226 seconds
[2024-05-09T16:37:10.404+0000] {processor.py:156} INFO - Started process (PID=3072) to work on /home/airflow/.local/lib/python3.7/site-packages/airflow/example_dags/example_xcomargs.py
[2024-05-09T16:37:10.405+0000] {processor.py:758} INFO - Processing file /home/airflow/.local/lib/python3.7/site-packages/airflow/example_dags/example_xcomargs.py for tasks to queue
[2024-05-09T16:37:10.406+0000] {logging_mixin.py:117} INFO - [2024-05-09T16:37:10.405+0000] {dagbag.py:525} INFO - Filling up the DagBag from /home/airflow/.local/lib/python3.7/site-packages/airflow/example_dags/example_xcomargs.py
[2024-05-09T16:37:10.434+0000] {processor.py:768} INFO - DAG(s) dict_keys(['example_xcom_args', 'example_xcom_args_with_operators']) retrieved from /home/airflow/.local/lib/python3.7/site-packages/airflow/example_dags/example_xcomargs.py
[2024-05-09T16:37:10.473+0000] {logging_mixin.py:117} INFO - [2024-05-09T16:37:10.473+0000] {dag.py:2573} INFO - Sync 2 DAGs
[2024-05-09T16:37:10.614+0000] {logging_mixin.py:117} INFO - [2024-05-09T16:37:10.614+0000] {dag.py:3328} INFO - Setting next_dagrun for example_xcom_args to None, run_after=None
[2024-05-09T16:37:10.618+0000] {logging_mixin.py:117} INFO - [2024-05-09T16:37:10.618+0000] {dag.py:3328} INFO - Setting next_dagrun for example_xcom_args_with_operators to None, run_after=None
[2024-05-09T16:37:10.654+0000] {processor.py:178} INFO - Processing /home/airflow/.local/lib/python3.7/site-packages/airflow/example_dags/example_xcomargs.py took 0.252 seconds
[2024-05-09T16:37:41.074+0000] {processor.py:156} INFO - Started process (PID=3286) to work on /home/airflow/.local/lib/python3.7/site-packages/airflow/example_dags/example_xcomargs.py
[2024-05-09T16:37:41.075+0000] {processor.py:758} INFO - Processing file /home/airflow/.local/lib/python3.7/site-packages/airflow/example_dags/example_xcomargs.py for tasks to queue
[2024-05-09T16:37:41.075+0000] {logging_mixin.py:117} INFO - [2024-05-09T16:37:41.075+0000] {dagbag.py:525} INFO - Filling up the DagBag from /home/airflow/.local/lib/python3.7/site-packages/airflow/example_dags/example_xcomargs.py
[2024-05-09T16:37:41.106+0000] {processor.py:768} INFO - DAG(s) dict_keys(['example_xcom_args_with_operators', 'example_xcom_args']) retrieved from /home/airflow/.local/lib/python3.7/site-packages/airflow/example_dags/example_xcomargs.py
[2024-05-09T16:37:41.299+0000] {logging_mixin.py:117} INFO - [2024-05-09T16:37:41.299+0000] {dag.py:2573} INFO - Sync 2 DAGs
[2024-05-09T16:37:41.327+0000] {logging_mixin.py:117} INFO - [2024-05-09T16:37:41.326+0000] {dag.py:3328} INFO - Setting next_dagrun for example_xcom_args to None, run_after=None
[2024-05-09T16:37:41.330+0000] {logging_mixin.py:117} INFO - [2024-05-09T16:37:41.330+0000] {dag.py:3328} INFO - Setting next_dagrun for example_xcom_args_with_operators to None, run_after=None
[2024-05-09T16:37:41.352+0000] {processor.py:178} INFO - Processing /home/airflow/.local/lib/python3.7/site-packages/airflow/example_dags/example_xcomargs.py took 0.282 seconds
[2024-05-09T16:38:11.656+0000] {processor.py:156} INFO - Started process (PID=3491) to work on /home/airflow/.local/lib/python3.7/site-packages/airflow/example_dags/example_xcomargs.py
[2024-05-09T16:38:11.656+0000] {processor.py:758} INFO - Processing file /home/airflow/.local/lib/python3.7/site-packages/airflow/example_dags/example_xcomargs.py for tasks to queue
[2024-05-09T16:38:11.657+0000] {logging_mixin.py:117} INFO - [2024-05-09T16:38:11.657+0000] {dagbag.py:525} INFO - Filling up the DagBag from /home/airflow/.local/lib/python3.7/site-packages/airflow/example_dags/example_xcomargs.py
[2024-05-09T16:38:11.678+0000] {processor.py:768} INFO - DAG(s) dict_keys(['example_xcom_args', 'example_xcom_args_with_operators']) retrieved from /home/airflow/.local/lib/python3.7/site-packages/airflow/example_dags/example_xcomargs.py
[2024-05-09T16:38:11.822+0000] {logging_mixin.py:117} INFO - [2024-05-09T16:38:11.822+0000] {dag.py:2573} INFO - Sync 2 DAGs
[2024-05-09T16:38:11.841+0000] {logging_mixin.py:117} INFO - [2024-05-09T16:38:11.841+0000] {dag.py:3328} INFO - Setting next_dagrun for example_xcom_args to None, run_after=None
[2024-05-09T16:38:11.843+0000] {logging_mixin.py:117} INFO - [2024-05-09T16:38:11.843+0000] {dag.py:3328} INFO - Setting next_dagrun for example_xcom_args_with_operators to None, run_after=None
[2024-05-09T16:38:11.860+0000] {processor.py:178} INFO - Processing /home/airflow/.local/lib/python3.7/site-packages/airflow/example_dags/example_xcomargs.py took 0.207 seconds
[2024-05-09T16:38:42.722+0000] {processor.py:156} INFO - Started process (PID=3703) to work on /home/airflow/.local/lib/python3.7/site-packages/airflow/example_dags/example_xcomargs.py
[2024-05-09T16:38:42.723+0000] {processor.py:758} INFO - Processing file /home/airflow/.local/lib/python3.7/site-packages/airflow/example_dags/example_xcomargs.py for tasks to queue
[2024-05-09T16:38:42.724+0000] {logging_mixin.py:117} INFO - [2024-05-09T16:38:42.724+0000] {dagbag.py:525} INFO - Filling up the DagBag from /home/airflow/.local/lib/python3.7/site-packages/airflow/example_dags/example_xcomargs.py
[2024-05-09T16:38:42.885+0000] {processor.py:768} INFO - DAG(s) dict_keys(['example_xcom_args', 'example_xcom_args_with_operators']) retrieved from /home/airflow/.local/lib/python3.7/site-packages/airflow/example_dags/example_xcomargs.py
[2024-05-09T16:38:42.922+0000] {logging_mixin.py:117} INFO - [2024-05-09T16:38:42.922+0000] {dag.py:2573} INFO - Sync 2 DAGs
[2024-05-09T16:38:42.949+0000] {logging_mixin.py:117} INFO - [2024-05-09T16:38:42.949+0000] {dag.py:3328} INFO - Setting next_dagrun for example_xcom_args to None, run_after=None
[2024-05-09T16:38:42.953+0000] {logging_mixin.py:117} INFO - [2024-05-09T16:38:42.952+0000] {dag.py:3328} INFO - Setting next_dagrun for example_xcom_args_with_operators to None, run_after=None
[2024-05-09T16:38:42.972+0000] {processor.py:178} INFO - Processing /home/airflow/.local/lib/python3.7/site-packages/airflow/example_dags/example_xcomargs.py took 0.253 seconds
[2024-05-09T16:39:14.045+0000] {processor.py:156} INFO - Started process (PID=3921) to work on /home/airflow/.local/lib/python3.7/site-packages/airflow/example_dags/example_xcomargs.py
[2024-05-09T16:39:14.046+0000] {processor.py:758} INFO - Processing file /home/airflow/.local/lib/python3.7/site-packages/airflow/example_dags/example_xcomargs.py for tasks to queue
[2024-05-09T16:39:14.046+0000] {logging_mixin.py:117} INFO - [2024-05-09T16:39:14.046+0000] {dagbag.py:525} INFO - Filling up the DagBag from /home/airflow/.local/lib/python3.7/site-packages/airflow/example_dags/example_xcomargs.py
[2024-05-09T16:39:14.205+0000] {processor.py:768} INFO - DAG(s) dict_keys(['example_xcom_args', 'example_xcom_args_with_operators']) retrieved from /home/airflow/.local/lib/python3.7/site-packages/airflow/example_dags/example_xcomargs.py
[2024-05-09T16:39:14.240+0000] {logging_mixin.py:117} INFO - [2024-05-09T16:39:14.240+0000] {dag.py:2573} INFO - Sync 2 DAGs
[2024-05-09T16:39:14.260+0000] {logging_mixin.py:117} INFO - [2024-05-09T16:39:14.260+0000] {dag.py:3328} INFO - Setting next_dagrun for example_xcom_args to None, run_after=None
[2024-05-09T16:39:14.263+0000] {logging_mixin.py:117} INFO - [2024-05-09T16:39:14.263+0000] {dag.py:3328} INFO - Setting next_dagrun for example_xcom_args_with_operators to None, run_after=None
[2024-05-09T16:39:14.279+0000] {processor.py:178} INFO - Processing /home/airflow/.local/lib/python3.7/site-packages/airflow/example_dags/example_xcomargs.py took 0.237 seconds
[2024-05-09T16:39:44.482+0000] {processor.py:156} INFO - Started process (PID=4132) to work on /home/airflow/.local/lib/python3.7/site-packages/airflow/example_dags/example_xcomargs.py
[2024-05-09T16:39:44.483+0000] {processor.py:758} INFO - Processing file /home/airflow/.local/lib/python3.7/site-packages/airflow/example_dags/example_xcomargs.py for tasks to queue
[2024-05-09T16:39:44.484+0000] {logging_mixin.py:117} INFO - [2024-05-09T16:39:44.483+0000] {dagbag.py:525} INFO - Filling up the DagBag from /home/airflow/.local/lib/python3.7/site-packages/airflow/example_dags/example_xcomargs.py
[2024-05-09T16:39:44.511+0000] {processor.py:768} INFO - DAG(s) dict_keys(['example_xcom_args_with_operators', 'example_xcom_args']) retrieved from /home/airflow/.local/lib/python3.7/site-packages/airflow/example_dags/example_xcomargs.py
[2024-05-09T16:39:44.557+0000] {logging_mixin.py:117} INFO - [2024-05-09T16:39:44.557+0000] {dag.py:2573} INFO - Sync 2 DAGs
[2024-05-09T16:39:44.589+0000] {logging_mixin.py:117} INFO - [2024-05-09T16:39:44.588+0000] {dag.py:3328} INFO - Setting next_dagrun for example_xcom_args to None, run_after=None
[2024-05-09T16:39:44.593+0000] {logging_mixin.py:117} INFO - [2024-05-09T16:39:44.593+0000] {dag.py:3328} INFO - Setting next_dagrun for example_xcom_args_with_operators to None, run_after=None
[2024-05-09T16:39:44.616+0000] {processor.py:178} INFO - Processing /home/airflow/.local/lib/python3.7/site-packages/airflow/example_dags/example_xcomargs.py took 0.137 seconds
[2024-05-09T16:40:15.318+0000] {processor.py:156} INFO - Started process (PID=4342) to work on /home/airflow/.local/lib/python3.7/site-packages/airflow/example_dags/example_xcomargs.py
[2024-05-09T16:40:15.319+0000] {processor.py:758} INFO - Processing file /home/airflow/.local/lib/python3.7/site-packages/airflow/example_dags/example_xcomargs.py for tasks to queue
[2024-05-09T16:40:15.319+0000] {logging_mixin.py:117} INFO - [2024-05-09T16:40:15.319+0000] {dagbag.py:525} INFO - Filling up the DagBag from /home/airflow/.local/lib/python3.7/site-packages/airflow/example_dags/example_xcomargs.py
[2024-05-09T16:40:15.345+0000] {processor.py:768} INFO - DAG(s) dict_keys(['example_xcom_args', 'example_xcom_args_with_operators']) retrieved from /home/airflow/.local/lib/python3.7/site-packages/airflow/example_dags/example_xcomargs.py
[2024-05-09T16:40:15.385+0000] {logging_mixin.py:117} INFO - [2024-05-09T16:40:15.385+0000] {dag.py:2573} INFO - Sync 2 DAGs
[2024-05-09T16:40:15.405+0000] {logging_mixin.py:117} INFO - [2024-05-09T16:40:15.405+0000] {dag.py:3328} INFO - Setting next_dagrun for example_xcom_args to None, run_after=None
[2024-05-09T16:40:15.408+0000] {logging_mixin.py:117} INFO - [2024-05-09T16:40:15.408+0000] {dag.py:3328} INFO - Setting next_dagrun for example_xcom_args_with_operators to None, run_after=None
[2024-05-09T16:40:15.432+0000] {processor.py:178} INFO - Processing /home/airflow/.local/lib/python3.7/site-packages/airflow/example_dags/example_xcomargs.py took 0.117 seconds
[2024-05-09T16:40:46.361+0000] {processor.py:156} INFO - Started process (PID=4555) to work on /home/airflow/.local/lib/python3.7/site-packages/airflow/example_dags/example_xcomargs.py
[2024-05-09T16:40:46.361+0000] {processor.py:758} INFO - Processing file /home/airflow/.local/lib/python3.7/site-packages/airflow/example_dags/example_xcomargs.py for tasks to queue
[2024-05-09T16:40:46.361+0000] {logging_mixin.py:117} INFO - [2024-05-09T16:40:46.361+0000] {dagbag.py:525} INFO - Filling up the DagBag from /home/airflow/.local/lib/python3.7/site-packages/airflow/example_dags/example_xcomargs.py
[2024-05-09T16:40:46.383+0000] {processor.py:768} INFO - DAG(s) dict_keys(['example_xcom_args_with_operators', 'example_xcom_args']) retrieved from /home/airflow/.local/lib/python3.7/site-packages/airflow/example_dags/example_xcomargs.py
[2024-05-09T16:40:46.415+0000] {logging_mixin.py:117} INFO - [2024-05-09T16:40:46.415+0000] {dag.py:2573} INFO - Sync 2 DAGs
[2024-05-09T16:40:46.435+0000] {logging_mixin.py:117} INFO - [2024-05-09T16:40:46.435+0000] {dag.py:3328} INFO - Setting next_dagrun for example_xcom_args to None, run_after=None
[2024-05-09T16:40:46.438+0000] {logging_mixin.py:117} INFO - [2024-05-09T16:40:46.438+0000] {dag.py:3328} INFO - Setting next_dagrun for example_xcom_args_with_operators to None, run_after=None
[2024-05-09T16:40:46.458+0000] {processor.py:178} INFO - Processing /home/airflow/.local/lib/python3.7/site-packages/airflow/example_dags/example_xcomargs.py took 0.100 seconds
[2024-05-09T16:41:17.307+0000] {processor.py:156} INFO - Started process (PID=4768) to work on /home/airflow/.local/lib/python3.7/site-packages/airflow/example_dags/example_xcomargs.py
[2024-05-09T16:41:17.307+0000] {processor.py:758} INFO - Processing file /home/airflow/.local/lib/python3.7/site-packages/airflow/example_dags/example_xcomargs.py for tasks to queue
[2024-05-09T16:41:17.308+0000] {logging_mixin.py:117} INFO - [2024-05-09T16:41:17.308+0000] {dagbag.py:525} INFO - Filling up the DagBag from /home/airflow/.local/lib/python3.7/site-packages/airflow/example_dags/example_xcomargs.py
[2024-05-09T16:41:17.328+0000] {processor.py:768} INFO - DAG(s) dict_keys(['example_xcom_args', 'example_xcom_args_with_operators']) retrieved from /home/airflow/.local/lib/python3.7/site-packages/airflow/example_dags/example_xcomargs.py
[2024-05-09T16:41:17.364+0000] {logging_mixin.py:117} INFO - [2024-05-09T16:41:17.364+0000] {dag.py:2573} INFO - Sync 2 DAGs
[2024-05-09T16:41:17.383+0000] {logging_mixin.py:117} INFO - [2024-05-09T16:41:17.383+0000] {dag.py:3328} INFO - Setting next_dagrun for example_xcom_args to None, run_after=None
[2024-05-09T16:41:17.386+0000] {logging_mixin.py:117} INFO - [2024-05-09T16:41:17.385+0000] {dag.py:3328} INFO - Setting next_dagrun for example_xcom_args_with_operators to None, run_after=None
[2024-05-09T16:41:17.402+0000] {processor.py:178} INFO - Processing /home/airflow/.local/lib/python3.7/site-packages/airflow/example_dags/example_xcomargs.py took 0.098 seconds
[2024-05-09T16:41:48.314+0000] {processor.py:156} INFO - Started process (PID=4979) to work on /home/airflow/.local/lib/python3.7/site-packages/airflow/example_dags/example_xcomargs.py
[2024-05-09T16:41:48.315+0000] {processor.py:758} INFO - Processing file /home/airflow/.local/lib/python3.7/site-packages/airflow/example_dags/example_xcomargs.py for tasks to queue
[2024-05-09T16:41:48.316+0000] {logging_mixin.py:117} INFO - [2024-05-09T16:41:48.316+0000] {dagbag.py:525} INFO - Filling up the DagBag from /home/airflow/.local/lib/python3.7/site-packages/airflow/example_dags/example_xcomargs.py
[2024-05-09T16:41:48.349+0000] {processor.py:768} INFO - DAG(s) dict_keys(['example_xcom_args_with_operators', 'example_xcom_args']) retrieved from /home/airflow/.local/lib/python3.7/site-packages/airflow/example_dags/example_xcomargs.py
[2024-05-09T16:41:48.402+0000] {logging_mixin.py:117} INFO - [2024-05-09T16:41:48.402+0000] {dag.py:2573} INFO - Sync 2 DAGs
[2024-05-09T16:41:48.435+0000] {logging_mixin.py:117} INFO - [2024-05-09T16:41:48.435+0000] {dag.py:3328} INFO - Setting next_dagrun for example_xcom_args to None, run_after=None
[2024-05-09T16:41:48.439+0000] {logging_mixin.py:117} INFO - [2024-05-09T16:41:48.439+0000] {dag.py:3328} INFO - Setting next_dagrun for example_xcom_args_with_operators to None, run_after=None
[2024-05-09T16:41:48.462+0000] {processor.py:178} INFO - Processing /home/airflow/.local/lib/python3.7/site-packages/airflow/example_dags/example_xcomargs.py took 0.151 seconds
[2024-05-09T16:42:19.323+0000] {processor.py:156} INFO - Started process (PID=5185) to work on /home/airflow/.local/lib/python3.7/site-packages/airflow/example_dags/example_xcomargs.py
[2024-05-09T16:42:19.323+0000] {processor.py:758} INFO - Processing file /home/airflow/.local/lib/python3.7/site-packages/airflow/example_dags/example_xcomargs.py for tasks to queue
[2024-05-09T16:42:19.324+0000] {logging_mixin.py:117} INFO - [2024-05-09T16:42:19.324+0000] {dagbag.py:525} INFO - Filling up the DagBag from /home/airflow/.local/lib/python3.7/site-packages/airflow/example_dags/example_xcomargs.py
[2024-05-09T16:42:19.354+0000] {processor.py:768} INFO - DAG(s) dict_keys(['example_xcom_args', 'example_xcom_args_with_operators']) retrieved from /home/airflow/.local/lib/python3.7/site-packages/airflow/example_dags/example_xcomargs.py
[2024-05-09T16:42:19.392+0000] {logging_mixin.py:117} INFO - [2024-05-09T16:42:19.392+0000] {dag.py:2573} INFO - Sync 2 DAGs
[2024-05-09T16:42:19.412+0000] {logging_mixin.py:117} INFO - [2024-05-09T16:42:19.412+0000] {dag.py:3328} INFO - Setting next_dagrun for example_xcom_args to None, run_after=None
[2024-05-09T16:42:19.414+0000] {logging_mixin.py:117} INFO - [2024-05-09T16:42:19.414+0000] {dag.py:3328} INFO - Setting next_dagrun for example_xcom_args_with_operators to None, run_after=None
[2024-05-09T16:42:19.435+0000] {processor.py:178} INFO - Processing /home/airflow/.local/lib/python3.7/site-packages/airflow/example_dags/example_xcomargs.py took 0.115 seconds
[2024-05-09T16:42:50.239+0000] {processor.py:156} INFO - Started process (PID=5397) to work on /home/airflow/.local/lib/python3.7/site-packages/airflow/example_dags/example_xcomargs.py
[2024-05-09T16:42:50.240+0000] {processor.py:758} INFO - Processing file /home/airflow/.local/lib/python3.7/site-packages/airflow/example_dags/example_xcomargs.py for tasks to queue
[2024-05-09T16:42:50.240+0000] {logging_mixin.py:117} INFO - [2024-05-09T16:42:50.240+0000] {dagbag.py:525} INFO - Filling up the DagBag from /home/airflow/.local/lib/python3.7/site-packages/airflow/example_dags/example_xcomargs.py
[2024-05-09T16:42:50.264+0000] {processor.py:768} INFO - DAG(s) dict_keys(['example_xcom_args_with_operators', 'example_xcom_args']) retrieved from /home/airflow/.local/lib/python3.7/site-packages/airflow/example_dags/example_xcomargs.py
[2024-05-09T16:42:50.301+0000] {logging_mixin.py:117} INFO - [2024-05-09T16:42:50.301+0000] {dag.py:2573} INFO - Sync 2 DAGs
[2024-05-09T16:42:50.331+0000] {logging_mixin.py:117} INFO - [2024-05-09T16:42:50.331+0000] {dag.py:3328} INFO - Setting next_dagrun for example_xcom_args to None, run_after=None
[2024-05-09T16:42:50.335+0000] {logging_mixin.py:117} INFO - [2024-05-09T16:42:50.335+0000] {dag.py:3328} INFO - Setting next_dagrun for example_xcom_args_with_operators to None, run_after=None
[2024-05-09T16:42:50.354+0000] {processor.py:178} INFO - Processing /home/airflow/.local/lib/python3.7/site-packages/airflow/example_dags/example_xcomargs.py took 0.118 seconds
[2024-05-09T16:43:20.545+0000] {processor.py:156} INFO - Started process (PID=5610) to work on /home/airflow/.local/lib/python3.7/site-packages/airflow/example_dags/example_xcomargs.py
[2024-05-09T16:43:20.546+0000] {processor.py:758} INFO - Processing file /home/airflow/.local/lib/python3.7/site-packages/airflow/example_dags/example_xcomargs.py for tasks to queue
[2024-05-09T16:43:20.546+0000] {logging_mixin.py:117} INFO - [2024-05-09T16:43:20.546+0000] {dagbag.py:525} INFO - Filling up the DagBag from /home/airflow/.local/lib/python3.7/site-packages/airflow/example_dags/example_xcomargs.py
[2024-05-09T16:43:20.572+0000] {processor.py:768} INFO - DAG(s) dict_keys(['example_xcom_args', 'example_xcom_args_with_operators']) retrieved from /home/airflow/.local/lib/python3.7/site-packages/airflow/example_dags/example_xcomargs.py
[2024-05-09T16:43:20.607+0000] {logging_mixin.py:117} INFO - [2024-05-09T16:43:20.607+0000] {dag.py:2573} INFO - Sync 2 DAGs
[2024-05-09T16:43:20.629+0000] {logging_mixin.py:117} INFO - [2024-05-09T16:43:20.629+0000] {dag.py:3328} INFO - Setting next_dagrun for example_xcom_args to None, run_after=None
[2024-05-09T16:43:20.632+0000] {logging_mixin.py:117} INFO - [2024-05-09T16:43:20.632+0000] {dag.py:3328} INFO - Setting next_dagrun for example_xcom_args_with_operators to None, run_after=None
[2024-05-09T16:43:20.651+0000] {processor.py:178} INFO - Processing /home/airflow/.local/lib/python3.7/site-packages/airflow/example_dags/example_xcomargs.py took 0.109 seconds
[2024-05-09T16:43:51.595+0000] {processor.py:156} INFO - Started process (PID=5816) to work on /home/airflow/.local/lib/python3.7/site-packages/airflow/example_dags/example_xcomargs.py
[2024-05-09T16:43:51.595+0000] {processor.py:758} INFO - Processing file /home/airflow/.local/lib/python3.7/site-packages/airflow/example_dags/example_xcomargs.py for tasks to queue
[2024-05-09T16:43:51.596+0000] {logging_mixin.py:117} INFO - [2024-05-09T16:43:51.596+0000] {dagbag.py:525} INFO - Filling up the DagBag from /home/airflow/.local/lib/python3.7/site-packages/airflow/example_dags/example_xcomargs.py
[2024-05-09T16:43:51.624+0000] {processor.py:768} INFO - DAG(s) dict_keys(['example_xcom_args_with_operators', 'example_xcom_args']) retrieved from /home/airflow/.local/lib/python3.7/site-packages/airflow/example_dags/example_xcomargs.py
[2024-05-09T16:43:51.674+0000] {logging_mixin.py:117} INFO - [2024-05-09T16:43:51.674+0000] {dag.py:2573} INFO - Sync 2 DAGs
[2024-05-09T16:43:51.715+0000] {logging_mixin.py:117} INFO - [2024-05-09T16:43:51.715+0000] {dag.py:3328} INFO - Setting next_dagrun for example_xcom_args to None, run_after=None
[2024-05-09T16:43:51.722+0000] {logging_mixin.py:117} INFO - [2024-05-09T16:43:51.722+0000] {dag.py:3328} INFO - Setting next_dagrun for example_xcom_args_with_operators to None, run_after=None
[2024-05-09T16:43:51.769+0000] {processor.py:178} INFO - Processing /home/airflow/.local/lib/python3.7/site-packages/airflow/example_dags/example_xcomargs.py took 0.177 seconds
[2024-05-09T16:44:21.987+0000] {processor.py:156} INFO - Started process (PID=6028) to work on /home/airflow/.local/lib/python3.7/site-packages/airflow/example_dags/example_xcomargs.py
[2024-05-09T16:44:21.988+0000] {processor.py:758} INFO - Processing file /home/airflow/.local/lib/python3.7/site-packages/airflow/example_dags/example_xcomargs.py for tasks to queue
[2024-05-09T16:44:21.988+0000] {logging_mixin.py:117} INFO - [2024-05-09T16:44:21.988+0000] {dagbag.py:525} INFO - Filling up the DagBag from /home/airflow/.local/lib/python3.7/site-packages/airflow/example_dags/example_xcomargs.py
[2024-05-09T16:44:22.013+0000] {processor.py:768} INFO - DAG(s) dict_keys(['example_xcom_args_with_operators', 'example_xcom_args']) retrieved from /home/airflow/.local/lib/python3.7/site-packages/airflow/example_dags/example_xcomargs.py
[2024-05-09T16:44:22.047+0000] {logging_mixin.py:117} INFO - [2024-05-09T16:44:22.047+0000] {dag.py:2573} INFO - Sync 2 DAGs
[2024-05-09T16:44:22.076+0000] {logging_mixin.py:117} INFO - [2024-05-09T16:44:22.076+0000] {dag.py:3328} INFO - Setting next_dagrun for example_xcom_args to None, run_after=None
[2024-05-09T16:44:22.079+0000] {logging_mixin.py:117} INFO - [2024-05-09T16:44:22.079+0000] {dag.py:3328} INFO - Setting next_dagrun for example_xcom_args_with_operators to None, run_after=None
[2024-05-09T16:44:22.100+0000] {processor.py:178} INFO - Processing /home/airflow/.local/lib/python3.7/site-packages/airflow/example_dags/example_xcomargs.py took 0.115 seconds
[2024-05-09T16:44:52.290+0000] {processor.py:156} INFO - Started process (PID=6242) to work on /home/airflow/.local/lib/python3.7/site-packages/airflow/example_dags/example_xcomargs.py
[2024-05-09T16:44:52.290+0000] {processor.py:758} INFO - Processing file /home/airflow/.local/lib/python3.7/site-packages/airflow/example_dags/example_xcomargs.py for tasks to queue
[2024-05-09T16:44:52.291+0000] {logging_mixin.py:117} INFO - [2024-05-09T16:44:52.291+0000] {dagbag.py:525} INFO - Filling up the DagBag from /home/airflow/.local/lib/python3.7/site-packages/airflow/example_dags/example_xcomargs.py
[2024-05-09T16:44:52.312+0000] {processor.py:768} INFO - DAG(s) dict_keys(['example_xcom_args_with_operators', 'example_xcom_args']) retrieved from /home/airflow/.local/lib/python3.7/site-packages/airflow/example_dags/example_xcomargs.py
[2024-05-09T16:44:52.355+0000] {logging_mixin.py:117} INFO - [2024-05-09T16:44:52.355+0000] {dag.py:2573} INFO - Sync 2 DAGs
[2024-05-09T16:44:52.381+0000] {logging_mixin.py:117} INFO - [2024-05-09T16:44:52.381+0000] {dag.py:3328} INFO - Setting next_dagrun for example_xcom_args to None, run_after=None
[2024-05-09T16:44:52.386+0000] {logging_mixin.py:117} INFO - [2024-05-09T16:44:52.386+0000] {dag.py:3328} INFO - Setting next_dagrun for example_xcom_args_with_operators to None, run_after=None
[2024-05-09T16:44:52.410+0000] {processor.py:178} INFO - Processing /home/airflow/.local/lib/python3.7/site-packages/airflow/example_dags/example_xcomargs.py took 0.122 seconds
[2024-05-09T16:45:23.314+0000] {processor.py:156} INFO - Started process (PID=6455) to work on /home/airflow/.local/lib/python3.7/site-packages/airflow/example_dags/example_xcomargs.py
[2024-05-09T16:45:23.315+0000] {processor.py:758} INFO - Processing file /home/airflow/.local/lib/python3.7/site-packages/airflow/example_dags/example_xcomargs.py for tasks to queue
[2024-05-09T16:45:23.316+0000] {logging_mixin.py:117} INFO - [2024-05-09T16:45:23.315+0000] {dagbag.py:525} INFO - Filling up the DagBag from /home/airflow/.local/lib/python3.7/site-packages/airflow/example_dags/example_xcomargs.py
[2024-05-09T16:45:23.345+0000] {processor.py:768} INFO - DAG(s) dict_keys(['example_xcom_args_with_operators', 'example_xcom_args']) retrieved from /home/airflow/.local/lib/python3.7/site-packages/airflow/example_dags/example_xcomargs.py
[2024-05-09T16:45:23.390+0000] {logging_mixin.py:117} INFO - [2024-05-09T16:45:23.390+0000] {dag.py:2573} INFO - Sync 2 DAGs
[2024-05-09T16:45:23.416+0000] {logging_mixin.py:117} INFO - [2024-05-09T16:45:23.416+0000] {dag.py:3328} INFO - Setting next_dagrun for example_xcom_args to None, run_after=None
[2024-05-09T16:45:23.419+0000] {logging_mixin.py:117} INFO - [2024-05-09T16:45:23.419+0000] {dag.py:3328} INFO - Setting next_dagrun for example_xcom_args_with_operators to None, run_after=None
[2024-05-09T16:45:23.441+0000] {processor.py:178} INFO - Processing /home/airflow/.local/lib/python3.7/site-packages/airflow/example_dags/example_xcomargs.py took 0.130 seconds
[2024-05-09T16:45:53.838+0000] {processor.py:156} INFO - Started process (PID=6659) to work on /home/airflow/.local/lib/python3.7/site-packages/airflow/example_dags/example_xcomargs.py
[2024-05-09T16:45:53.839+0000] {processor.py:758} INFO - Processing file /home/airflow/.local/lib/python3.7/site-packages/airflow/example_dags/example_xcomargs.py for tasks to queue
[2024-05-09T16:45:53.839+0000] {logging_mixin.py:117} INFO - [2024-05-09T16:45:53.839+0000] {dagbag.py:525} INFO - Filling up the DagBag from /home/airflow/.local/lib/python3.7/site-packages/airflow/example_dags/example_xcomargs.py
[2024-05-09T16:45:53.867+0000] {processor.py:768} INFO - DAG(s) dict_keys(['example_xcom_args', 'example_xcom_args_with_operators']) retrieved from /home/airflow/.local/lib/python3.7/site-packages/airflow/example_dags/example_xcomargs.py
[2024-05-09T16:45:53.910+0000] {logging_mixin.py:117} INFO - [2024-05-09T16:45:53.910+0000] {dag.py:2573} INFO - Sync 2 DAGs
[2024-05-09T16:45:53.944+0000] {logging_mixin.py:117} INFO - [2024-05-09T16:45:53.944+0000] {dag.py:3328} INFO - Setting next_dagrun for example_xcom_args to None, run_after=None
[2024-05-09T16:45:53.949+0000] {logging_mixin.py:117} INFO - [2024-05-09T16:45:53.948+0000] {dag.py:3328} INFO - Setting next_dagrun for example_xcom_args_with_operators to None, run_after=None
[2024-05-09T16:45:53.972+0000] {processor.py:178} INFO - Processing /home/airflow/.local/lib/python3.7/site-packages/airflow/example_dags/example_xcomargs.py took 0.137 seconds
[2024-05-09T16:46:25.018+0000] {processor.py:156} INFO - Started process (PID=6874) to work on /home/airflow/.local/lib/python3.7/site-packages/airflow/example_dags/example_xcomargs.py
[2024-05-09T16:46:25.019+0000] {processor.py:758} INFO - Processing file /home/airflow/.local/lib/python3.7/site-packages/airflow/example_dags/example_xcomargs.py for tasks to queue
[2024-05-09T16:46:25.020+0000] {logging_mixin.py:117} INFO - [2024-05-09T16:46:25.020+0000] {dagbag.py:525} INFO - Filling up the DagBag from /home/airflow/.local/lib/python3.7/site-packages/airflow/example_dags/example_xcomargs.py
[2024-05-09T16:46:25.046+0000] {processor.py:768} INFO - DAG(s) dict_keys(['example_xcom_args_with_operators', 'example_xcom_args']) retrieved from /home/airflow/.local/lib/python3.7/site-packages/airflow/example_dags/example_xcomargs.py
[2024-05-09T16:46:25.080+0000] {logging_mixin.py:117} INFO - [2024-05-09T16:46:25.080+0000] {dag.py:2573} INFO - Sync 2 DAGs
[2024-05-09T16:46:25.107+0000] {logging_mixin.py:117} INFO - [2024-05-09T16:46:25.107+0000] {dag.py:3328} INFO - Setting next_dagrun for example_xcom_args to None, run_after=None
[2024-05-09T16:46:25.112+0000] {logging_mixin.py:117} INFO - [2024-05-09T16:46:25.111+0000] {dag.py:3328} INFO - Setting next_dagrun for example_xcom_args_with_operators to None, run_after=None
[2024-05-09T16:46:25.137+0000] {processor.py:178} INFO - Processing /home/airflow/.local/lib/python3.7/site-packages/airflow/example_dags/example_xcomargs.py took 0.122 seconds
[2024-05-09T16:46:55.423+0000] {processor.py:156} INFO - Started process (PID=7089) to work on /home/airflow/.local/lib/python3.7/site-packages/airflow/example_dags/example_xcomargs.py
[2024-05-09T16:46:55.424+0000] {processor.py:758} INFO - Processing file /home/airflow/.local/lib/python3.7/site-packages/airflow/example_dags/example_xcomargs.py for tasks to queue
[2024-05-09T16:46:55.424+0000] {logging_mixin.py:117} INFO - [2024-05-09T16:46:55.424+0000] {dagbag.py:525} INFO - Filling up the DagBag from /home/airflow/.local/lib/python3.7/site-packages/airflow/example_dags/example_xcomargs.py
[2024-05-09T16:46:55.454+0000] {processor.py:768} INFO - DAG(s) dict_keys(['example_xcom_args_with_operators', 'example_xcom_args']) retrieved from /home/airflow/.local/lib/python3.7/site-packages/airflow/example_dags/example_xcomargs.py
[2024-05-09T16:46:55.487+0000] {logging_mixin.py:117} INFO - [2024-05-09T16:46:55.487+0000] {dag.py:2573} INFO - Sync 2 DAGs
[2024-05-09T16:46:55.507+0000] {logging_mixin.py:117} INFO - [2024-05-09T16:46:55.507+0000] {dag.py:3328} INFO - Setting next_dagrun for example_xcom_args to None, run_after=None
[2024-05-09T16:46:55.511+0000] {logging_mixin.py:117} INFO - [2024-05-09T16:46:55.511+0000] {dag.py:3328} INFO - Setting next_dagrun for example_xcom_args_with_operators to None, run_after=None
[2024-05-09T16:46:55.532+0000] {processor.py:178} INFO - Processing /home/airflow/.local/lib/python3.7/site-packages/airflow/example_dags/example_xcomargs.py took 0.112 seconds
[2024-05-09T16:47:26.634+0000] {processor.py:156} INFO - Started process (PID=7301) to work on /home/airflow/.local/lib/python3.7/site-packages/airflow/example_dags/example_xcomargs.py
[2024-05-09T16:47:26.635+0000] {processor.py:758} INFO - Processing file /home/airflow/.local/lib/python3.7/site-packages/airflow/example_dags/example_xcomargs.py for tasks to queue
[2024-05-09T16:47:26.636+0000] {logging_mixin.py:117} INFO - [2024-05-09T16:47:26.636+0000] {dagbag.py:525} INFO - Filling up the DagBag from /home/airflow/.local/lib/python3.7/site-packages/airflow/example_dags/example_xcomargs.py
[2024-05-09T16:47:26.672+0000] {processor.py:768} INFO - DAG(s) dict_keys(['example_xcom_args_with_operators', 'example_xcom_args']) retrieved from /home/airflow/.local/lib/python3.7/site-packages/airflow/example_dags/example_xcomargs.py
[2024-05-09T16:47:26.722+0000] {logging_mixin.py:117} INFO - [2024-05-09T16:47:26.721+0000] {dag.py:2573} INFO - Sync 2 DAGs
[2024-05-09T16:47:26.753+0000] {logging_mixin.py:117} INFO - [2024-05-09T16:47:26.753+0000] {dag.py:3328} INFO - Setting next_dagrun for example_xcom_args to None, run_after=None
[2024-05-09T16:47:26.757+0000] {logging_mixin.py:117} INFO - [2024-05-09T16:47:26.757+0000] {dag.py:3328} INFO - Setting next_dagrun for example_xcom_args_with_operators to None, run_after=None
[2024-05-09T16:47:26.780+0000] {processor.py:178} INFO - Processing /home/airflow/.local/lib/python3.7/site-packages/airflow/example_dags/example_xcomargs.py took 0.150 seconds
[2024-05-09T16:47:57.657+0000] {processor.py:156} INFO - Started process (PID=7506) to work on /home/airflow/.local/lib/python3.7/site-packages/airflow/example_dags/example_xcomargs.py
[2024-05-09T16:47:57.658+0000] {processor.py:758} INFO - Processing file /home/airflow/.local/lib/python3.7/site-packages/airflow/example_dags/example_xcomargs.py for tasks to queue
[2024-05-09T16:47:57.658+0000] {logging_mixin.py:117} INFO - [2024-05-09T16:47:57.658+0000] {dagbag.py:525} INFO - Filling up the DagBag from /home/airflow/.local/lib/python3.7/site-packages/airflow/example_dags/example_xcomargs.py
[2024-05-09T16:47:57.680+0000] {processor.py:768} INFO - DAG(s) dict_keys(['example_xcom_args', 'example_xcom_args_with_operators']) retrieved from /home/airflow/.local/lib/python3.7/site-packages/airflow/example_dags/example_xcomargs.py
[2024-05-09T16:47:57.730+0000] {logging_mixin.py:117} INFO - [2024-05-09T16:47:57.730+0000] {dag.py:2573} INFO - Sync 2 DAGs
[2024-05-09T16:47:57.754+0000] {logging_mixin.py:117} INFO - [2024-05-09T16:47:57.754+0000] {dag.py:3328} INFO - Setting next_dagrun for example_xcom_args to None, run_after=None
[2024-05-09T16:47:57.757+0000] {logging_mixin.py:117} INFO - [2024-05-09T16:47:57.757+0000] {dag.py:3328} INFO - Setting next_dagrun for example_xcom_args_with_operators to None, run_after=None
[2024-05-09T16:47:57.775+0000] {processor.py:178} INFO - Processing /home/airflow/.local/lib/python3.7/site-packages/airflow/example_dags/example_xcomargs.py took 0.122 seconds
[2024-05-09T16:48:28.808+0000] {processor.py:156} INFO - Started process (PID=7722) to work on /home/airflow/.local/lib/python3.7/site-packages/airflow/example_dags/example_xcomargs.py
[2024-05-09T16:48:28.809+0000] {processor.py:758} INFO - Processing file /home/airflow/.local/lib/python3.7/site-packages/airflow/example_dags/example_xcomargs.py for tasks to queue
[2024-05-09T16:48:28.809+0000] {logging_mixin.py:117} INFO - [2024-05-09T16:48:28.809+0000] {dagbag.py:525} INFO - Filling up the DagBag from /home/airflow/.local/lib/python3.7/site-packages/airflow/example_dags/example_xcomargs.py
[2024-05-09T16:48:28.831+0000] {processor.py:768} INFO - DAG(s) dict_keys(['example_xcom_args', 'example_xcom_args_with_operators']) retrieved from /home/airflow/.local/lib/python3.7/site-packages/airflow/example_dags/example_xcomargs.py
[2024-05-09T16:48:28.865+0000] {logging_mixin.py:117} INFO - [2024-05-09T16:48:28.865+0000] {dag.py:2573} INFO - Sync 2 DAGs
[2024-05-09T16:48:28.886+0000] {logging_mixin.py:117} INFO - [2024-05-09T16:48:28.886+0000] {dag.py:3328} INFO - Setting next_dagrun for example_xcom_args to None, run_after=None
[2024-05-09T16:48:28.889+0000] {logging_mixin.py:117} INFO - [2024-05-09T16:48:28.889+0000] {dag.py:3328} INFO - Setting next_dagrun for example_xcom_args_with_operators to None, run_after=None
[2024-05-09T16:48:28.910+0000] {processor.py:178} INFO - Processing /home/airflow/.local/lib/python3.7/site-packages/airflow/example_dags/example_xcomargs.py took 0.104 seconds
