[2024-05-09T15:15:13.089+0000] {processor.py:156} INFO - Started process (PID=241) to work on /home/airflow/.local/lib/python3.7/site-packages/airflow/example_dags/tutorial.py
[2024-05-09T15:15:13.090+0000] {processor.py:758} INFO - Processing file /home/airflow/.local/lib/python3.7/site-packages/airflow/example_dags/tutorial.py for tasks to queue
[2024-05-09T15:15:13.091+0000] {logging_mixin.py:117} INFO - [2024-05-09T15:15:13.091+0000] {dagbag.py:525} INFO - Filling up the DagBag from /home/airflow/.local/lib/python3.7/site-packages/airflow/example_dags/tutorial.py
[2024-05-09T15:15:13.113+0000] {processor.py:768} INFO - DAG(s) dict_keys(['tutorial']) retrieved from /home/airflow/.local/lib/python3.7/site-packages/airflow/example_dags/tutorial.py
[2024-05-09T15:15:13.731+0000] {logging_mixin.py:117} INFO - [2024-05-09T15:15:13.731+0000] {manager.py:507} INFO - Created Permission View: can delete on DAG:tutorial
[2024-05-09T15:15:13.750+0000] {logging_mixin.py:117} INFO - [2024-05-09T15:15:13.750+0000] {manager.py:507} INFO - Created Permission View: can read on DAG:tutorial
[2024-05-09T15:15:13.784+0000] {logging_mixin.py:117} INFO - [2024-05-09T15:15:13.783+0000] {manager.py:507} INFO - Created Permission View: can edit on DAG:tutorial
[2024-05-09T15:15:13.784+0000] {logging_mixin.py:117} INFO - [2024-05-09T15:15:13.784+0000] {dag.py:2573} INFO - Sync 1 DAGs
[2024-05-09T15:15:13.818+0000] {logging_mixin.py:117} INFO - [2024-05-09T15:15:13.817+0000] {dag.py:2594} INFO - Creating ORM DAG for tutorial
[2024-05-09T15:15:13.843+0000] {logging_mixin.py:117} INFO - [2024-05-09T15:15:13.843+0000] {dag.py:3328} INFO - Setting next_dagrun for tutorial to 2024-05-08T15:15:13.843096+00:00, run_after=2024-05-09T15:15:13.843096+00:00
[2024-05-09T15:15:13.912+0000] {processor.py:178} INFO - Processing /home/airflow/.local/lib/python3.7/site-packages/airflow/example_dags/tutorial.py took 0.826 seconds
[2024-05-09T15:15:44.893+0000] {processor.py:156} INFO - Started process (PID=457) to work on /home/airflow/.local/lib/python3.7/site-packages/airflow/example_dags/tutorial.py
[2024-05-09T15:15:44.894+0000] {processor.py:758} INFO - Processing file /home/airflow/.local/lib/python3.7/site-packages/airflow/example_dags/tutorial.py for tasks to queue
[2024-05-09T15:15:44.895+0000] {logging_mixin.py:117} INFO - [2024-05-09T15:15:44.895+0000] {dagbag.py:525} INFO - Filling up the DagBag from /home/airflow/.local/lib/python3.7/site-packages/airflow/example_dags/tutorial.py
[2024-05-09T15:15:44.912+0000] {processor.py:768} INFO - DAG(s) dict_keys(['tutorial']) retrieved from /home/airflow/.local/lib/python3.7/site-packages/airflow/example_dags/tutorial.py
[2024-05-09T15:15:44.949+0000] {logging_mixin.py:117} INFO - [2024-05-09T15:15:44.949+0000] {dag.py:2573} INFO - Sync 1 DAGs
[2024-05-09T15:15:44.970+0000] {logging_mixin.py:117} INFO - [2024-05-09T15:15:44.970+0000] {dag.py:3328} INFO - Setting next_dagrun for tutorial to 2024-05-08T15:15:44.970516+00:00, run_after=2024-05-09T15:15:44.970516+00:00
[2024-05-09T15:15:45.118+0000] {processor.py:178} INFO - Processing /home/airflow/.local/lib/python3.7/site-packages/airflow/example_dags/tutorial.py took 0.227 seconds
[2024-05-09T15:16:15.468+0000] {processor.py:156} INFO - Started process (PID=662) to work on /home/airflow/.local/lib/python3.7/site-packages/airflow/example_dags/tutorial.py
[2024-05-09T15:16:15.469+0000] {processor.py:758} INFO - Processing file /home/airflow/.local/lib/python3.7/site-packages/airflow/example_dags/tutorial.py for tasks to queue
[2024-05-09T15:16:15.469+0000] {logging_mixin.py:117} INFO - [2024-05-09T15:16:15.469+0000] {dagbag.py:525} INFO - Filling up the DagBag from /home/airflow/.local/lib/python3.7/site-packages/airflow/example_dags/tutorial.py
[2024-05-09T15:16:15.481+0000] {processor.py:768} INFO - DAG(s) dict_keys(['tutorial']) retrieved from /home/airflow/.local/lib/python3.7/site-packages/airflow/example_dags/tutorial.py
[2024-05-09T15:16:15.513+0000] {logging_mixin.py:117} INFO - [2024-05-09T15:16:15.513+0000] {dag.py:2573} INFO - Sync 1 DAGs
[2024-05-09T15:16:15.644+0000] {logging_mixin.py:117} INFO - [2024-05-09T15:16:15.644+0000] {dag.py:3328} INFO - Setting next_dagrun for tutorial to 2024-05-08T15:16:15.644455+00:00, run_after=2024-05-09T15:16:15.644455+00:00
[2024-05-09T15:16:15.666+0000] {processor.py:178} INFO - Processing /home/airflow/.local/lib/python3.7/site-packages/airflow/example_dags/tutorial.py took 0.201 seconds
[2024-05-09T15:16:46.126+0000] {processor.py:156} INFO - Started process (PID=875) to work on /home/airflow/.local/lib/python3.7/site-packages/airflow/example_dags/tutorial.py
[2024-05-09T15:16:46.126+0000] {processor.py:758} INFO - Processing file /home/airflow/.local/lib/python3.7/site-packages/airflow/example_dags/tutorial.py for tasks to queue
[2024-05-09T15:16:46.127+0000] {logging_mixin.py:117} INFO - [2024-05-09T15:16:46.127+0000] {dagbag.py:525} INFO - Filling up the DagBag from /home/airflow/.local/lib/python3.7/site-packages/airflow/example_dags/tutorial.py
[2024-05-09T15:16:46.146+0000] {processor.py:768} INFO - DAG(s) dict_keys(['tutorial']) retrieved from /home/airflow/.local/lib/python3.7/site-packages/airflow/example_dags/tutorial.py
[2024-05-09T15:16:46.304+0000] {logging_mixin.py:117} INFO - [2024-05-09T15:16:46.304+0000] {dag.py:2573} INFO - Sync 1 DAGs
[2024-05-09T15:16:46.325+0000] {logging_mixin.py:117} INFO - [2024-05-09T15:16:46.325+0000] {dag.py:3328} INFO - Setting next_dagrun for tutorial to 2024-05-08T15:16:46.325462+00:00, run_after=2024-05-09T15:16:46.325462+00:00
[2024-05-09T15:16:46.347+0000] {processor.py:178} INFO - Processing /home/airflow/.local/lib/python3.7/site-packages/airflow/example_dags/tutorial.py took 0.226 seconds
[2024-05-09T15:17:16.681+0000] {processor.py:156} INFO - Started process (PID=1089) to work on /home/airflow/.local/lib/python3.7/site-packages/airflow/example_dags/tutorial.py
[2024-05-09T15:17:16.682+0000] {processor.py:758} INFO - Processing file /home/airflow/.local/lib/python3.7/site-packages/airflow/example_dags/tutorial.py for tasks to queue
[2024-05-09T15:17:16.683+0000] {logging_mixin.py:117} INFO - [2024-05-09T15:17:16.683+0000] {dagbag.py:525} INFO - Filling up the DagBag from /home/airflow/.local/lib/python3.7/site-packages/airflow/example_dags/tutorial.py
[2024-05-09T15:17:16.694+0000] {processor.py:768} INFO - DAG(s) dict_keys(['tutorial']) retrieved from /home/airflow/.local/lib/python3.7/site-packages/airflow/example_dags/tutorial.py
[2024-05-09T15:17:16.844+0000] {logging_mixin.py:117} INFO - [2024-05-09T15:17:16.844+0000] {dag.py:2573} INFO - Sync 1 DAGs
[2024-05-09T15:17:16.862+0000] {logging_mixin.py:117} INFO - [2024-05-09T15:17:16.862+0000] {dag.py:3328} INFO - Setting next_dagrun for tutorial to 2024-05-08T15:17:16.862026+00:00, run_after=2024-05-09T15:17:16.862026+00:00
[2024-05-09T15:17:16.881+0000] {processor.py:178} INFO - Processing /home/airflow/.local/lib/python3.7/site-packages/airflow/example_dags/tutorial.py took 0.203 seconds
[2024-05-09T15:17:47.417+0000] {processor.py:156} INFO - Started process (PID=1294) to work on /home/airflow/.local/lib/python3.7/site-packages/airflow/example_dags/tutorial.py
[2024-05-09T15:17:47.417+0000] {processor.py:758} INFO - Processing file /home/airflow/.local/lib/python3.7/site-packages/airflow/example_dags/tutorial.py for tasks to queue
[2024-05-09T15:17:47.418+0000] {logging_mixin.py:117} INFO - [2024-05-09T15:17:47.418+0000] {dagbag.py:525} INFO - Filling up the DagBag from /home/airflow/.local/lib/python3.7/site-packages/airflow/example_dags/tutorial.py
[2024-05-09T15:17:47.432+0000] {processor.py:768} INFO - DAG(s) dict_keys(['tutorial']) retrieved from /home/airflow/.local/lib/python3.7/site-packages/airflow/example_dags/tutorial.py
[2024-05-09T15:17:47.574+0000] {logging_mixin.py:117} INFO - [2024-05-09T15:17:47.574+0000] {dag.py:2573} INFO - Sync 1 DAGs
[2024-05-09T15:17:47.592+0000] {logging_mixin.py:117} INFO - [2024-05-09T15:17:47.592+0000] {dag.py:3328} INFO - Setting next_dagrun for tutorial to 2024-05-08T15:17:47.592376+00:00, run_after=2024-05-09T15:17:47.592376+00:00
[2024-05-09T15:17:47.611+0000] {processor.py:178} INFO - Processing /home/airflow/.local/lib/python3.7/site-packages/airflow/example_dags/tutorial.py took 0.198 seconds
[2024-05-09T15:18:18.330+0000] {processor.py:156} INFO - Started process (PID=1507) to work on /home/airflow/.local/lib/python3.7/site-packages/airflow/example_dags/tutorial.py
[2024-05-09T15:18:18.330+0000] {processor.py:758} INFO - Processing file /home/airflow/.local/lib/python3.7/site-packages/airflow/example_dags/tutorial.py for tasks to queue
[2024-05-09T15:18:18.331+0000] {logging_mixin.py:117} INFO - [2024-05-09T15:18:18.331+0000] {dagbag.py:525} INFO - Filling up the DagBag from /home/airflow/.local/lib/python3.7/site-packages/airflow/example_dags/tutorial.py
[2024-05-09T15:18:18.347+0000] {processor.py:768} INFO - DAG(s) dict_keys(['tutorial']) retrieved from /home/airflow/.local/lib/python3.7/site-packages/airflow/example_dags/tutorial.py
[2024-05-09T15:18:18.378+0000] {logging_mixin.py:117} INFO - [2024-05-09T15:18:18.378+0000] {dag.py:2573} INFO - Sync 1 DAGs
[2024-05-09T15:18:18.397+0000] {logging_mixin.py:117} INFO - [2024-05-09T15:18:18.397+0000] {dag.py:3328} INFO - Setting next_dagrun for tutorial to 2024-05-08T15:18:18.397630+00:00, run_after=2024-05-09T15:18:18.397630+00:00
[2024-05-09T15:18:18.421+0000] {processor.py:178} INFO - Processing /home/airflow/.local/lib/python3.7/site-packages/airflow/example_dags/tutorial.py took 0.230 seconds
[2024-05-09T15:18:48.665+0000] {processor.py:156} INFO - Started process (PID=1721) to work on /home/airflow/.local/lib/python3.7/site-packages/airflow/example_dags/tutorial.py
[2024-05-09T15:18:48.666+0000] {processor.py:758} INFO - Processing file /home/airflow/.local/lib/python3.7/site-packages/airflow/example_dags/tutorial.py for tasks to queue
[2024-05-09T15:18:48.666+0000] {logging_mixin.py:117} INFO - [2024-05-09T15:18:48.666+0000] {dagbag.py:525} INFO - Filling up the DagBag from /home/airflow/.local/lib/python3.7/site-packages/airflow/example_dags/tutorial.py
[2024-05-09T15:18:48.679+0000] {processor.py:768} INFO - DAG(s) dict_keys(['tutorial']) retrieved from /home/airflow/.local/lib/python3.7/site-packages/airflow/example_dags/tutorial.py
[2024-05-09T15:18:48.712+0000] {logging_mixin.py:117} INFO - [2024-05-09T15:18:48.712+0000] {dag.py:2573} INFO - Sync 1 DAGs
[2024-05-09T15:18:48.731+0000] {logging_mixin.py:117} INFO - [2024-05-09T15:18:48.731+0000] {dag.py:3328} INFO - Setting next_dagrun for tutorial to 2024-05-08T15:18:48.730945+00:00, run_after=2024-05-09T15:18:48.730945+00:00
[2024-05-09T15:18:48.750+0000] {processor.py:178} INFO - Processing /home/airflow/.local/lib/python3.7/site-packages/airflow/example_dags/tutorial.py took 0.088 seconds
[2024-05-09T15:19:19.538+0000] {processor.py:156} INFO - Started process (PID=1935) to work on /home/airflow/.local/lib/python3.7/site-packages/airflow/example_dags/tutorial.py
[2024-05-09T15:19:19.539+0000] {processor.py:758} INFO - Processing file /home/airflow/.local/lib/python3.7/site-packages/airflow/example_dags/tutorial.py for tasks to queue
[2024-05-09T15:19:19.539+0000] {logging_mixin.py:117} INFO - [2024-05-09T15:19:19.539+0000] {dagbag.py:525} INFO - Filling up the DagBag from /home/airflow/.local/lib/python3.7/site-packages/airflow/example_dags/tutorial.py
[2024-05-09T15:19:19.556+0000] {processor.py:768} INFO - DAG(s) dict_keys(['tutorial']) retrieved from /home/airflow/.local/lib/python3.7/site-packages/airflow/example_dags/tutorial.py
[2024-05-09T15:19:19.596+0000] {logging_mixin.py:117} INFO - [2024-05-09T15:19:19.596+0000] {dag.py:2573} INFO - Sync 1 DAGs
[2024-05-09T15:19:19.617+0000] {logging_mixin.py:117} INFO - [2024-05-09T15:19:19.617+0000] {dag.py:3328} INFO - Setting next_dagrun for tutorial to 2024-05-08T15:19:19.616875+00:00, run_after=2024-05-09T15:19:19.616875+00:00
[2024-05-09T15:19:19.636+0000] {processor.py:178} INFO - Processing /home/airflow/.local/lib/python3.7/site-packages/airflow/example_dags/tutorial.py took 0.101 seconds
[2024-05-09T15:19:50.200+0000] {processor.py:156} INFO - Started process (PID=2139) to work on /home/airflow/.local/lib/python3.7/site-packages/airflow/example_dags/tutorial.py
[2024-05-09T15:19:50.201+0000] {processor.py:758} INFO - Processing file /home/airflow/.local/lib/python3.7/site-packages/airflow/example_dags/tutorial.py for tasks to queue
[2024-05-09T15:19:50.202+0000] {logging_mixin.py:117} INFO - [2024-05-09T15:19:50.201+0000] {dagbag.py:525} INFO - Filling up the DagBag from /home/airflow/.local/lib/python3.7/site-packages/airflow/example_dags/tutorial.py
[2024-05-09T15:19:50.214+0000] {processor.py:768} INFO - DAG(s) dict_keys(['tutorial']) retrieved from /home/airflow/.local/lib/python3.7/site-packages/airflow/example_dags/tutorial.py
[2024-05-09T15:19:50.251+0000] {logging_mixin.py:117} INFO - [2024-05-09T15:19:50.251+0000] {dag.py:2573} INFO - Sync 1 DAGs
[2024-05-09T15:19:50.280+0000] {logging_mixin.py:117} INFO - [2024-05-09T15:19:50.280+0000] {dag.py:3328} INFO - Setting next_dagrun for tutorial to 2024-05-08T15:19:50.280377+00:00, run_after=2024-05-09T15:19:50.280377+00:00
[2024-05-09T15:19:50.306+0000] {processor.py:178} INFO - Processing /home/airflow/.local/lib/python3.7/site-packages/airflow/example_dags/tutorial.py took 0.109 seconds
[2024-05-09T15:20:21.023+0000] {processor.py:156} INFO - Started process (PID=2353) to work on /home/airflow/.local/lib/python3.7/site-packages/airflow/example_dags/tutorial.py
[2024-05-09T15:20:21.024+0000] {processor.py:758} INFO - Processing file /home/airflow/.local/lib/python3.7/site-packages/airflow/example_dags/tutorial.py for tasks to queue
[2024-05-09T15:20:21.024+0000] {logging_mixin.py:117} INFO - [2024-05-09T15:20:21.024+0000] {dagbag.py:525} INFO - Filling up the DagBag from /home/airflow/.local/lib/python3.7/site-packages/airflow/example_dags/tutorial.py
[2024-05-09T15:20:21.036+0000] {processor.py:768} INFO - DAG(s) dict_keys(['tutorial']) retrieved from /home/airflow/.local/lib/python3.7/site-packages/airflow/example_dags/tutorial.py
[2024-05-09T15:20:21.071+0000] {logging_mixin.py:117} INFO - [2024-05-09T15:20:21.071+0000] {dag.py:2573} INFO - Sync 1 DAGs
[2024-05-09T15:20:21.092+0000] {logging_mixin.py:117} INFO - [2024-05-09T15:20:21.092+0000] {dag.py:3328} INFO - Setting next_dagrun for tutorial to 2024-05-08T15:20:21.092716+00:00, run_after=2024-05-09T15:20:21.092716+00:00
[2024-05-09T15:20:21.113+0000] {processor.py:178} INFO - Processing /home/airflow/.local/lib/python3.7/site-packages/airflow/example_dags/tutorial.py took 0.092 seconds
[2024-05-09T15:20:51.970+0000] {processor.py:156} INFO - Started process (PID=2566) to work on /home/airflow/.local/lib/python3.7/site-packages/airflow/example_dags/tutorial.py
[2024-05-09T15:20:51.970+0000] {processor.py:758} INFO - Processing file /home/airflow/.local/lib/python3.7/site-packages/airflow/example_dags/tutorial.py for tasks to queue
[2024-05-09T15:20:51.971+0000] {logging_mixin.py:117} INFO - [2024-05-09T15:20:51.971+0000] {dagbag.py:525} INFO - Filling up the DagBag from /home/airflow/.local/lib/python3.7/site-packages/airflow/example_dags/tutorial.py
[2024-05-09T15:20:51.987+0000] {processor.py:768} INFO - DAG(s) dict_keys(['tutorial']) retrieved from /home/airflow/.local/lib/python3.7/site-packages/airflow/example_dags/tutorial.py
[2024-05-09T15:20:52.026+0000] {logging_mixin.py:117} INFO - [2024-05-09T15:20:52.026+0000] {dag.py:2573} INFO - Sync 1 DAGs
[2024-05-09T15:20:52.046+0000] {logging_mixin.py:117} INFO - [2024-05-09T15:20:52.046+0000] {dag.py:3328} INFO - Setting next_dagrun for tutorial to 2024-05-08T15:20:52.046365+00:00, run_after=2024-05-09T15:20:52.046365+00:00
[2024-05-09T15:20:52.067+0000] {processor.py:178} INFO - Processing /home/airflow/.local/lib/python3.7/site-packages/airflow/example_dags/tutorial.py took 0.100 seconds
[2024-05-09T15:21:22.820+0000] {processor.py:156} INFO - Started process (PID=2779) to work on /home/airflow/.local/lib/python3.7/site-packages/airflow/example_dags/tutorial.py
[2024-05-09T15:21:22.821+0000] {processor.py:758} INFO - Processing file /home/airflow/.local/lib/python3.7/site-packages/airflow/example_dags/tutorial.py for tasks to queue
[2024-05-09T15:21:22.821+0000] {logging_mixin.py:117} INFO - [2024-05-09T15:21:22.821+0000] {dagbag.py:525} INFO - Filling up the DagBag from /home/airflow/.local/lib/python3.7/site-packages/airflow/example_dags/tutorial.py
[2024-05-09T15:21:22.835+0000] {processor.py:768} INFO - DAG(s) dict_keys(['tutorial']) retrieved from /home/airflow/.local/lib/python3.7/site-packages/airflow/example_dags/tutorial.py
[2024-05-09T15:21:22.870+0000] {logging_mixin.py:117} INFO - [2024-05-09T15:21:22.870+0000] {dag.py:2573} INFO - Sync 1 DAGs
[2024-05-09T15:21:22.890+0000] {logging_mixin.py:117} INFO - [2024-05-09T15:21:22.890+0000] {dag.py:3328} INFO - Setting next_dagrun for tutorial to 2024-05-08T15:21:22.890709+00:00, run_after=2024-05-09T15:21:22.890709+00:00
[2024-05-09T15:21:22.913+0000] {processor.py:178} INFO - Processing /home/airflow/.local/lib/python3.7/site-packages/airflow/example_dags/tutorial.py took 0.097 seconds
[2024-05-09T16:29:52.850+0000] {processor.py:156} INFO - Started process (PID=240) to work on /home/airflow/.local/lib/python3.7/site-packages/airflow/example_dags/tutorial.py
[2024-05-09T16:29:52.853+0000] {processor.py:758} INFO - Processing file /home/airflow/.local/lib/python3.7/site-packages/airflow/example_dags/tutorial.py for tasks to queue
[2024-05-09T16:29:52.854+0000] {logging_mixin.py:117} INFO - [2024-05-09T16:29:52.854+0000] {dagbag.py:525} INFO - Filling up the DagBag from /home/airflow/.local/lib/python3.7/site-packages/airflow/example_dags/tutorial.py
[2024-05-09T16:29:52.875+0000] {processor.py:768} INFO - DAG(s) dict_keys(['tutorial']) retrieved from /home/airflow/.local/lib/python3.7/site-packages/airflow/example_dags/tutorial.py
[2024-05-09T16:29:52.912+0000] {logging_mixin.py:117} INFO - [2024-05-09T16:29:52.912+0000] {dag.py:2573} INFO - Sync 1 DAGs
[2024-05-09T16:29:52.942+0000] {logging_mixin.py:117} INFO - [2024-05-09T16:29:52.942+0000] {dag.py:3328} INFO - Setting next_dagrun for tutorial to 2024-05-08T16:29:52.942131+00:00, run_after=2024-05-09T16:29:52.942131+00:00
[2024-05-09T16:29:52.968+0000] {processor.py:178} INFO - Processing /home/airflow/.local/lib/python3.7/site-packages/airflow/example_dags/tutorial.py took 0.122 seconds
[2024-05-09T16:30:26.543+0000] {processor.py:156} INFO - Started process (PID=230) to work on /home/airflow/.local/lib/python3.7/site-packages/airflow/example_dags/tutorial.py
[2024-05-09T16:30:26.544+0000] {processor.py:758} INFO - Processing file /home/airflow/.local/lib/python3.7/site-packages/airflow/example_dags/tutorial.py for tasks to queue
[2024-05-09T16:30:26.545+0000] {logging_mixin.py:117} INFO - [2024-05-09T16:30:26.545+0000] {dagbag.py:525} INFO - Filling up the DagBag from /home/airflow/.local/lib/python3.7/site-packages/airflow/example_dags/tutorial.py
[2024-05-09T16:30:26.564+0000] {processor.py:768} INFO - DAG(s) dict_keys(['tutorial']) retrieved from /home/airflow/.local/lib/python3.7/site-packages/airflow/example_dags/tutorial.py
[2024-05-09T16:30:26.611+0000] {logging_mixin.py:117} INFO - [2024-05-09T16:30:26.611+0000] {dag.py:2573} INFO - Sync 1 DAGs
[2024-05-09T16:30:26.644+0000] {logging_mixin.py:117} INFO - [2024-05-09T16:30:26.643+0000] {dag.py:3328} INFO - Setting next_dagrun for tutorial to 2024-05-08T16:30:26.643596+00:00, run_after=2024-05-09T16:30:26.643596+00:00
[2024-05-09T16:30:26.678+0000] {processor.py:178} INFO - Processing /home/airflow/.local/lib/python3.7/site-packages/airflow/example_dags/tutorial.py took 0.138 seconds
[2024-05-09T16:30:57.487+0000] {processor.py:156} INFO - Started process (PID=443) to work on /home/airflow/.local/lib/python3.7/site-packages/airflow/example_dags/tutorial.py
[2024-05-09T16:30:57.488+0000] {processor.py:758} INFO - Processing file /home/airflow/.local/lib/python3.7/site-packages/airflow/example_dags/tutorial.py for tasks to queue
[2024-05-09T16:30:57.489+0000] {logging_mixin.py:117} INFO - [2024-05-09T16:30:57.489+0000] {dagbag.py:525} INFO - Filling up the DagBag from /home/airflow/.local/lib/python3.7/site-packages/airflow/example_dags/tutorial.py
[2024-05-09T16:30:57.505+0000] {processor.py:768} INFO - DAG(s) dict_keys(['tutorial']) retrieved from /home/airflow/.local/lib/python3.7/site-packages/airflow/example_dags/tutorial.py
[2024-05-09T16:30:57.549+0000] {logging_mixin.py:117} INFO - [2024-05-09T16:30:57.549+0000] {dag.py:2573} INFO - Sync 1 DAGs
[2024-05-09T16:30:57.575+0000] {logging_mixin.py:117} INFO - [2024-05-09T16:30:57.574+0000] {dag.py:3328} INFO - Setting next_dagrun for tutorial to 2024-05-08T16:30:57.574672+00:00, run_after=2024-05-09T16:30:57.574672+00:00
[2024-05-09T16:30:57.595+0000] {processor.py:178} INFO - Processing /home/airflow/.local/lib/python3.7/site-packages/airflow/example_dags/tutorial.py took 0.110 seconds
[2024-05-09T16:31:28.938+0000] {processor.py:156} INFO - Started process (PID=657) to work on /home/airflow/.local/lib/python3.7/site-packages/airflow/example_dags/tutorial.py
[2024-05-09T16:31:28.939+0000] {processor.py:758} INFO - Processing file /home/airflow/.local/lib/python3.7/site-packages/airflow/example_dags/tutorial.py for tasks to queue
[2024-05-09T16:31:28.940+0000] {logging_mixin.py:117} INFO - [2024-05-09T16:31:28.939+0000] {dagbag.py:525} INFO - Filling up the DagBag from /home/airflow/.local/lib/python3.7/site-packages/airflow/example_dags/tutorial.py
[2024-05-09T16:31:28.956+0000] {processor.py:768} INFO - DAG(s) dict_keys(['tutorial']) retrieved from /home/airflow/.local/lib/python3.7/site-packages/airflow/example_dags/tutorial.py
[2024-05-09T16:31:29.004+0000] {logging_mixin.py:117} INFO - [2024-05-09T16:31:29.003+0000] {dag.py:2573} INFO - Sync 1 DAGs
[2024-05-09T16:31:29.033+0000] {logging_mixin.py:117} INFO - [2024-05-09T16:31:29.033+0000] {dag.py:3328} INFO - Setting next_dagrun for tutorial to 2024-05-08T16:31:29.032981+00:00, run_after=2024-05-09T16:31:29.032981+00:00
[2024-05-09T16:31:29.052+0000] {processor.py:178} INFO - Processing /home/airflow/.local/lib/python3.7/site-packages/airflow/example_dags/tutorial.py took 0.116 seconds
[2024-05-09T16:31:59.889+0000] {processor.py:156} INFO - Started process (PID=862) to work on /home/airflow/.local/lib/python3.7/site-packages/airflow/example_dags/tutorial.py
[2024-05-09T16:31:59.889+0000] {processor.py:758} INFO - Processing file /home/airflow/.local/lib/python3.7/site-packages/airflow/example_dags/tutorial.py for tasks to queue
[2024-05-09T16:31:59.890+0000] {logging_mixin.py:117} INFO - [2024-05-09T16:31:59.890+0000] {dagbag.py:525} INFO - Filling up the DagBag from /home/airflow/.local/lib/python3.7/site-packages/airflow/example_dags/tutorial.py
[2024-05-09T16:31:59.908+0000] {processor.py:768} INFO - DAG(s) dict_keys(['tutorial']) retrieved from /home/airflow/.local/lib/python3.7/site-packages/airflow/example_dags/tutorial.py
[2024-05-09T16:31:59.967+0000] {logging_mixin.py:117} INFO - [2024-05-09T16:31:59.967+0000] {dag.py:2573} INFO - Sync 1 DAGs
[2024-05-09T16:31:59.993+0000] {logging_mixin.py:117} INFO - [2024-05-09T16:31:59.993+0000] {dag.py:3328} INFO - Setting next_dagrun for tutorial to 2024-05-08T16:31:59.993245+00:00, run_after=2024-05-09T16:31:59.993245+00:00
[2024-05-09T16:32:00.015+0000] {processor.py:178} INFO - Processing /home/airflow/.local/lib/python3.7/site-packages/airflow/example_dags/tutorial.py took 0.128 seconds
[2024-05-09T16:32:30.881+0000] {processor.py:156} INFO - Started process (PID=1077) to work on /home/airflow/.local/lib/python3.7/site-packages/airflow/example_dags/tutorial.py
[2024-05-09T16:32:30.882+0000] {processor.py:758} INFO - Processing file /home/airflow/.local/lib/python3.7/site-packages/airflow/example_dags/tutorial.py for tasks to queue
[2024-05-09T16:32:30.882+0000] {logging_mixin.py:117} INFO - [2024-05-09T16:32:30.882+0000] {dagbag.py:525} INFO - Filling up the DagBag from /home/airflow/.local/lib/python3.7/site-packages/airflow/example_dags/tutorial.py
[2024-05-09T16:32:30.895+0000] {processor.py:768} INFO - DAG(s) dict_keys(['tutorial']) retrieved from /home/airflow/.local/lib/python3.7/site-packages/airflow/example_dags/tutorial.py
[2024-05-09T16:32:30.927+0000] {logging_mixin.py:117} INFO - [2024-05-09T16:32:30.927+0000] {dag.py:2573} INFO - Sync 1 DAGs
[2024-05-09T16:32:30.947+0000] {logging_mixin.py:117} INFO - [2024-05-09T16:32:30.946+0000] {dag.py:3328} INFO - Setting next_dagrun for tutorial to 2024-05-08T16:32:30.946708+00:00, run_after=2024-05-09T16:32:30.946708+00:00
[2024-05-09T16:32:30.969+0000] {processor.py:178} INFO - Processing /home/airflow/.local/lib/python3.7/site-packages/airflow/example_dags/tutorial.py took 0.090 seconds
[2024-05-09T16:33:01.404+0000] {processor.py:156} INFO - Started process (PID=1288) to work on /home/airflow/.local/lib/python3.7/site-packages/airflow/example_dags/tutorial.py
[2024-05-09T16:33:01.405+0000] {processor.py:758} INFO - Processing file /home/airflow/.local/lib/python3.7/site-packages/airflow/example_dags/tutorial.py for tasks to queue
[2024-05-09T16:33:01.405+0000] {logging_mixin.py:117} INFO - [2024-05-09T16:33:01.405+0000] {dagbag.py:525} INFO - Filling up the DagBag from /home/airflow/.local/lib/python3.7/site-packages/airflow/example_dags/tutorial.py
[2024-05-09T16:33:01.419+0000] {processor.py:768} INFO - DAG(s) dict_keys(['tutorial']) retrieved from /home/airflow/.local/lib/python3.7/site-packages/airflow/example_dags/tutorial.py
[2024-05-09T16:33:01.455+0000] {logging_mixin.py:117} INFO - [2024-05-09T16:33:01.455+0000] {dag.py:2573} INFO - Sync 1 DAGs
[2024-05-09T16:33:01.608+0000] {logging_mixin.py:117} INFO - [2024-05-09T16:33:01.608+0000] {dag.py:3328} INFO - Setting next_dagrun for tutorial to 2024-05-08T16:33:01.608497+00:00, run_after=2024-05-09T16:33:01.608497+00:00
[2024-05-09T16:33:01.634+0000] {processor.py:178} INFO - Processing /home/airflow/.local/lib/python3.7/site-packages/airflow/example_dags/tutorial.py took 0.233 seconds
[2024-05-09T16:33:32.550+0000] {processor.py:156} INFO - Started process (PID=1501) to work on /home/airflow/.local/lib/python3.7/site-packages/airflow/example_dags/tutorial.py
[2024-05-09T16:33:32.551+0000] {processor.py:758} INFO - Processing file /home/airflow/.local/lib/python3.7/site-packages/airflow/example_dags/tutorial.py for tasks to queue
[2024-05-09T16:33:32.551+0000] {logging_mixin.py:117} INFO - [2024-05-09T16:33:32.551+0000] {dagbag.py:525} INFO - Filling up the DagBag from /home/airflow/.local/lib/python3.7/site-packages/airflow/example_dags/tutorial.py
[2024-05-09T16:33:32.571+0000] {processor.py:768} INFO - DAG(s) dict_keys(['tutorial']) retrieved from /home/airflow/.local/lib/python3.7/site-packages/airflow/example_dags/tutorial.py
[2024-05-09T16:33:32.620+0000] {logging_mixin.py:117} INFO - [2024-05-09T16:33:32.620+0000] {dag.py:2573} INFO - Sync 1 DAGs
[2024-05-09T16:33:32.793+0000] {logging_mixin.py:117} INFO - [2024-05-09T16:33:32.793+0000] {dag.py:3328} INFO - Setting next_dagrun for tutorial to 2024-05-08T16:33:32.793500+00:00, run_after=2024-05-09T16:33:32.793500+00:00
[2024-05-09T16:33:32.816+0000] {processor.py:178} INFO - Processing /home/airflow/.local/lib/python3.7/site-packages/airflow/example_dags/tutorial.py took 0.270 seconds
[2024-05-09T16:34:03.206+0000] {processor.py:156} INFO - Started process (PID=1705) to work on /home/airflow/.local/lib/python3.7/site-packages/airflow/example_dags/tutorial.py
[2024-05-09T16:34:03.206+0000] {processor.py:758} INFO - Processing file /home/airflow/.local/lib/python3.7/site-packages/airflow/example_dags/tutorial.py for tasks to queue
[2024-05-09T16:34:03.207+0000] {logging_mixin.py:117} INFO - [2024-05-09T16:34:03.207+0000] {dagbag.py:525} INFO - Filling up the DagBag from /home/airflow/.local/lib/python3.7/site-packages/airflow/example_dags/tutorial.py
[2024-05-09T16:34:03.219+0000] {processor.py:768} INFO - DAG(s) dict_keys(['tutorial']) retrieved from /home/airflow/.local/lib/python3.7/site-packages/airflow/example_dags/tutorial.py
[2024-05-09T16:34:03.364+0000] {logging_mixin.py:117} INFO - [2024-05-09T16:34:03.364+0000] {dag.py:2573} INFO - Sync 1 DAGs
[2024-05-09T16:34:03.387+0000] {logging_mixin.py:117} INFO - [2024-05-09T16:34:03.387+0000] {dag.py:3328} INFO - Setting next_dagrun for tutorial to 2024-05-08T16:34:03.387526+00:00, run_after=2024-05-09T16:34:03.387526+00:00
[2024-05-09T16:34:03.411+0000] {processor.py:178} INFO - Processing /home/airflow/.local/lib/python3.7/site-packages/airflow/example_dags/tutorial.py took 0.208 seconds
[2024-05-09T16:34:33.902+0000] {processor.py:156} INFO - Started process (PID=1921) to work on /home/airflow/.local/lib/python3.7/site-packages/airflow/example_dags/tutorial.py
[2024-05-09T16:34:33.903+0000] {processor.py:758} INFO - Processing file /home/airflow/.local/lib/python3.7/site-packages/airflow/example_dags/tutorial.py for tasks to queue
[2024-05-09T16:34:33.903+0000] {logging_mixin.py:117} INFO - [2024-05-09T16:34:33.903+0000] {dagbag.py:525} INFO - Filling up the DagBag from /home/airflow/.local/lib/python3.7/site-packages/airflow/example_dags/tutorial.py
[2024-05-09T16:34:33.914+0000] {processor.py:768} INFO - DAG(s) dict_keys(['tutorial']) retrieved from /home/airflow/.local/lib/python3.7/site-packages/airflow/example_dags/tutorial.py
[2024-05-09T16:34:34.059+0000] {logging_mixin.py:117} INFO - [2024-05-09T16:34:34.059+0000] {dag.py:2573} INFO - Sync 1 DAGs
[2024-05-09T16:34:34.085+0000] {logging_mixin.py:117} INFO - [2024-05-09T16:34:34.085+0000] {dag.py:3328} INFO - Setting next_dagrun for tutorial to 2024-05-08T16:34:34.084898+00:00, run_after=2024-05-09T16:34:34.084898+00:00
[2024-05-09T16:34:34.105+0000] {processor.py:178} INFO - Processing /home/airflow/.local/lib/python3.7/site-packages/airflow/example_dags/tutorial.py took 0.206 seconds
[2024-05-09T16:35:04.591+0000] {processor.py:156} INFO - Started process (PID=2136) to work on /home/airflow/.local/lib/python3.7/site-packages/airflow/example_dags/tutorial.py
[2024-05-09T16:35:04.592+0000] {processor.py:758} INFO - Processing file /home/airflow/.local/lib/python3.7/site-packages/airflow/example_dags/tutorial.py for tasks to queue
[2024-05-09T16:35:04.593+0000] {logging_mixin.py:117} INFO - [2024-05-09T16:35:04.592+0000] {dagbag.py:525} INFO - Filling up the DagBag from /home/airflow/.local/lib/python3.7/site-packages/airflow/example_dags/tutorial.py
[2024-05-09T16:35:04.605+0000] {processor.py:768} INFO - DAG(s) dict_keys(['tutorial']) retrieved from /home/airflow/.local/lib/python3.7/site-packages/airflow/example_dags/tutorial.py
[2024-05-09T16:35:04.636+0000] {logging_mixin.py:117} INFO - [2024-05-09T16:35:04.636+0000] {dag.py:2573} INFO - Sync 1 DAGs
[2024-05-09T16:35:04.657+0000] {logging_mixin.py:117} INFO - [2024-05-09T16:35:04.656+0000] {dag.py:3328} INFO - Setting next_dagrun for tutorial to 2024-05-08T16:35:04.655824+00:00, run_after=2024-05-09T16:35:04.655824+00:00
[2024-05-09T16:35:04.777+0000] {processor.py:178} INFO - Processing /home/airflow/.local/lib/python3.7/site-packages/airflow/example_dags/tutorial.py took 0.190 seconds
[2024-05-09T16:35:35.033+0000] {processor.py:156} INFO - Started process (PID=2339) to work on /home/airflow/.local/lib/python3.7/site-packages/airflow/example_dags/tutorial.py
[2024-05-09T16:35:35.034+0000] {processor.py:758} INFO - Processing file /home/airflow/.local/lib/python3.7/site-packages/airflow/example_dags/tutorial.py for tasks to queue
[2024-05-09T16:35:35.034+0000] {logging_mixin.py:117} INFO - [2024-05-09T16:35:35.034+0000] {dagbag.py:525} INFO - Filling up the DagBag from /home/airflow/.local/lib/python3.7/site-packages/airflow/example_dags/tutorial.py
[2024-05-09T16:35:35.046+0000] {processor.py:768} INFO - DAG(s) dict_keys(['tutorial']) retrieved from /home/airflow/.local/lib/python3.7/site-packages/airflow/example_dags/tutorial.py
[2024-05-09T16:35:35.077+0000] {logging_mixin.py:117} INFO - [2024-05-09T16:35:35.077+0000] {dag.py:2573} INFO - Sync 1 DAGs
[2024-05-09T16:35:35.209+0000] {logging_mixin.py:117} INFO - [2024-05-09T16:35:35.209+0000] {dag.py:3328} INFO - Setting next_dagrun for tutorial to 2024-05-08T16:35:35.209446+00:00, run_after=2024-05-09T16:35:35.209446+00:00
[2024-05-09T16:35:35.228+0000] {processor.py:178} INFO - Processing /home/airflow/.local/lib/python3.7/site-packages/airflow/example_dags/tutorial.py took 0.197 seconds
[2024-05-09T16:36:05.447+0000] {processor.py:156} INFO - Started process (PID=2551) to work on /home/airflow/.local/lib/python3.7/site-packages/airflow/example_dags/tutorial.py
[2024-05-09T16:36:05.448+0000] {processor.py:758} INFO - Processing file /home/airflow/.local/lib/python3.7/site-packages/airflow/example_dags/tutorial.py for tasks to queue
[2024-05-09T16:36:05.448+0000] {logging_mixin.py:117} INFO - [2024-05-09T16:36:05.448+0000] {dagbag.py:525} INFO - Filling up the DagBag from /home/airflow/.local/lib/python3.7/site-packages/airflow/example_dags/tutorial.py
[2024-05-09T16:36:05.464+0000] {processor.py:768} INFO - DAG(s) dict_keys(['tutorial']) retrieved from /home/airflow/.local/lib/python3.7/site-packages/airflow/example_dags/tutorial.py
[2024-05-09T16:36:05.618+0000] {logging_mixin.py:117} INFO - [2024-05-09T16:36:05.618+0000] {dag.py:2573} INFO - Sync 1 DAGs
[2024-05-09T16:36:05.637+0000] {logging_mixin.py:117} INFO - [2024-05-09T16:36:05.637+0000] {dag.py:3328} INFO - Setting next_dagrun for tutorial to 2024-05-08T16:36:05.637521+00:00, run_after=2024-05-09T16:36:05.637521+00:00
[2024-05-09T16:36:05.657+0000] {processor.py:178} INFO - Processing /home/airflow/.local/lib/python3.7/site-packages/airflow/example_dags/tutorial.py took 0.213 seconds
[2024-05-09T16:36:35.894+0000] {processor.py:156} INFO - Started process (PID=2764) to work on /home/airflow/.local/lib/python3.7/site-packages/airflow/example_dags/tutorial.py
[2024-05-09T16:36:35.895+0000] {processor.py:758} INFO - Processing file /home/airflow/.local/lib/python3.7/site-packages/airflow/example_dags/tutorial.py for tasks to queue
[2024-05-09T16:36:35.895+0000] {logging_mixin.py:117} INFO - [2024-05-09T16:36:35.895+0000] {dagbag.py:525} INFO - Filling up the DagBag from /home/airflow/.local/lib/python3.7/site-packages/airflow/example_dags/tutorial.py
[2024-05-09T16:36:35.906+0000] {processor.py:768} INFO - DAG(s) dict_keys(['tutorial']) retrieved from /home/airflow/.local/lib/python3.7/site-packages/airflow/example_dags/tutorial.py
[2024-05-09T16:36:36.044+0000] {logging_mixin.py:117} INFO - [2024-05-09T16:36:36.044+0000] {dag.py:2573} INFO - Sync 1 DAGs
[2024-05-09T16:36:36.063+0000] {logging_mixin.py:117} INFO - [2024-05-09T16:36:36.063+0000] {dag.py:3328} INFO - Setting next_dagrun for tutorial to 2024-05-08T16:36:36.063490+00:00, run_after=2024-05-09T16:36:36.063490+00:00
[2024-05-09T16:36:36.083+0000] {processor.py:178} INFO - Processing /home/airflow/.local/lib/python3.7/site-packages/airflow/example_dags/tutorial.py took 0.192 seconds
[2024-05-09T16:37:07.419+0000] {processor.py:156} INFO - Started process (PID=2977) to work on /home/airflow/.local/lib/python3.7/site-packages/airflow/example_dags/tutorial.py
[2024-05-09T16:37:07.420+0000] {processor.py:758} INFO - Processing file /home/airflow/.local/lib/python3.7/site-packages/airflow/example_dags/tutorial.py for tasks to queue
[2024-05-09T16:37:07.420+0000] {logging_mixin.py:117} INFO - [2024-05-09T16:37:07.420+0000] {dagbag.py:525} INFO - Filling up the DagBag from /home/airflow/.local/lib/python3.7/site-packages/airflow/example_dags/tutorial.py
[2024-05-09T16:37:07.445+0000] {processor.py:768} INFO - DAG(s) dict_keys(['tutorial']) retrieved from /home/airflow/.local/lib/python3.7/site-packages/airflow/example_dags/tutorial.py
[2024-05-09T16:37:07.493+0000] {logging_mixin.py:117} INFO - [2024-05-09T16:37:07.493+0000] {dag.py:2573} INFO - Sync 1 DAGs
[2024-05-09T16:37:07.527+0000] {logging_mixin.py:117} INFO - [2024-05-09T16:37:07.525+0000] {dag.py:3328} INFO - Setting next_dagrun for tutorial to 2024-05-08T16:37:07.525695+00:00, run_after=2024-05-09T16:37:07.525695+00:00
[2024-05-09T16:37:07.685+0000] {processor.py:178} INFO - Processing /home/airflow/.local/lib/python3.7/site-packages/airflow/example_dags/tutorial.py took 0.270 seconds
[2024-05-09T16:37:38.025+0000] {processor.py:156} INFO - Started process (PID=3182) to work on /home/airflow/.local/lib/python3.7/site-packages/airflow/example_dags/tutorial.py
[2024-05-09T16:37:38.026+0000] {processor.py:758} INFO - Processing file /home/airflow/.local/lib/python3.7/site-packages/airflow/example_dags/tutorial.py for tasks to queue
[2024-05-09T16:37:38.027+0000] {logging_mixin.py:117} INFO - [2024-05-09T16:37:38.027+0000] {dagbag.py:525} INFO - Filling up the DagBag from /home/airflow/.local/lib/python3.7/site-packages/airflow/example_dags/tutorial.py
[2024-05-09T16:37:38.042+0000] {processor.py:768} INFO - DAG(s) dict_keys(['tutorial']) retrieved from /home/airflow/.local/lib/python3.7/site-packages/airflow/example_dags/tutorial.py
[2024-05-09T16:37:38.081+0000] {logging_mixin.py:117} INFO - [2024-05-09T16:37:38.081+0000] {dag.py:2573} INFO - Sync 1 DAGs
[2024-05-09T16:37:38.209+0000] {logging_mixin.py:117} INFO - [2024-05-09T16:37:38.208+0000] {dag.py:3328} INFO - Setting next_dagrun for tutorial to 2024-05-08T16:37:38.208708+00:00, run_after=2024-05-09T16:37:38.208708+00:00
[2024-05-09T16:37:38.228+0000] {processor.py:178} INFO - Processing /home/airflow/.local/lib/python3.7/site-packages/airflow/example_dags/tutorial.py took 0.205 seconds
