[2024-05-09T15:15:11.151+0000] {processor.py:156} INFO - Started process (PID=201) to work on /home/airflow/.local/lib/python3.7/site-packages/airflow/example_dags/tutorial_taskflow_api.py
[2024-05-09T15:15:11.151+0000] {processor.py:758} INFO - Processing file /home/airflow/.local/lib/python3.7/site-packages/airflow/example_dags/tutorial_taskflow_api.py for tasks to queue
[2024-05-09T15:15:11.152+0000] {logging_mixin.py:117} INFO - [2024-05-09T15:15:11.152+0000] {dagbag.py:525} INFO - Filling up the DagBag from /home/airflow/.local/lib/python3.7/site-packages/airflow/example_dags/tutorial_taskflow_api.py
[2024-05-09T15:15:11.186+0000] {processor.py:768} INFO - DAG(s) dict_keys(['tutorial_taskflow_api']) retrieved from /home/airflow/.local/lib/python3.7/site-packages/airflow/example_dags/tutorial_taskflow_api.py
[2024-05-09T15:15:11.477+0000] {logging_mixin.py:117} INFO - [2024-05-09T15:15:11.477+0000] {manager.py:507} INFO - Created Permission View: can delete on DAG:tutorial_taskflow_api
[2024-05-09T15:15:11.489+0000] {logging_mixin.py:117} INFO - [2024-05-09T15:15:11.489+0000] {manager.py:507} INFO - Created Permission View: can read on DAG:tutorial_taskflow_api
[2024-05-09T15:15:11.499+0000] {logging_mixin.py:117} INFO - [2024-05-09T15:15:11.499+0000] {manager.py:507} INFO - Created Permission View: can edit on DAG:tutorial_taskflow_api
[2024-05-09T15:15:11.500+0000] {logging_mixin.py:117} INFO - [2024-05-09T15:15:11.499+0000] {dag.py:2573} INFO - Sync 1 DAGs
[2024-05-09T15:15:11.511+0000] {logging_mixin.py:117} INFO - [2024-05-09T15:15:11.510+0000] {dag.py:2594} INFO - Creating ORM DAG for tutorial_taskflow_api
[2024-05-09T15:15:11.523+0000] {logging_mixin.py:117} INFO - [2024-05-09T15:15:11.522+0000] {dag.py:3328} INFO - Setting next_dagrun for tutorial_taskflow_api to None, run_after=None
[2024-05-09T15:15:11.543+0000] {processor.py:178} INFO - Processing /home/airflow/.local/lib/python3.7/site-packages/airflow/example_dags/tutorial_taskflow_api.py took 0.400 seconds
[2024-05-09T15:15:41.707+0000] {processor.py:156} INFO - Started process (PID=405) to work on /home/airflow/.local/lib/python3.7/site-packages/airflow/example_dags/tutorial_taskflow_api.py
[2024-05-09T15:15:41.707+0000] {processor.py:758} INFO - Processing file /home/airflow/.local/lib/python3.7/site-packages/airflow/example_dags/tutorial_taskflow_api.py for tasks to queue
[2024-05-09T15:15:41.708+0000] {logging_mixin.py:117} INFO - [2024-05-09T15:15:41.708+0000] {dagbag.py:525} INFO - Filling up the DagBag from /home/airflow/.local/lib/python3.7/site-packages/airflow/example_dags/tutorial_taskflow_api.py
[2024-05-09T15:15:41.729+0000] {processor.py:768} INFO - DAG(s) dict_keys(['tutorial_taskflow_api']) retrieved from /home/airflow/.local/lib/python3.7/site-packages/airflow/example_dags/tutorial_taskflow_api.py
[2024-05-09T15:15:41.764+0000] {logging_mixin.py:117} INFO - [2024-05-09T15:15:41.764+0000] {dag.py:2573} INFO - Sync 1 DAGs
[2024-05-09T15:15:41.792+0000] {logging_mixin.py:117} INFO - [2024-05-09T15:15:41.792+0000] {dag.py:3328} INFO - Setting next_dagrun for tutorial_taskflow_api to None, run_after=None
[2024-05-09T15:15:41.943+0000] {processor.py:178} INFO - Processing /home/airflow/.local/lib/python3.7/site-packages/airflow/example_dags/tutorial_taskflow_api.py took 0.239 seconds
[2024-05-09T15:16:12.654+0000] {processor.py:156} INFO - Started process (PID=620) to work on /home/airflow/.local/lib/python3.7/site-packages/airflow/example_dags/tutorial_taskflow_api.py
[2024-05-09T15:16:12.655+0000] {processor.py:758} INFO - Processing file /home/airflow/.local/lib/python3.7/site-packages/airflow/example_dags/tutorial_taskflow_api.py for tasks to queue
[2024-05-09T15:16:12.655+0000] {logging_mixin.py:117} INFO - [2024-05-09T15:16:12.655+0000] {dagbag.py:525} INFO - Filling up the DagBag from /home/airflow/.local/lib/python3.7/site-packages/airflow/example_dags/tutorial_taskflow_api.py
[2024-05-09T15:16:12.680+0000] {processor.py:768} INFO - DAG(s) dict_keys(['tutorial_taskflow_api']) retrieved from /home/airflow/.local/lib/python3.7/site-packages/airflow/example_dags/tutorial_taskflow_api.py
[2024-05-09T15:16:12.718+0000] {logging_mixin.py:117} INFO - [2024-05-09T15:16:12.717+0000] {dag.py:2573} INFO - Sync 1 DAGs
[2024-05-09T15:16:12.884+0000] {logging_mixin.py:117} INFO - [2024-05-09T15:16:12.884+0000] {dag.py:3328} INFO - Setting next_dagrun for tutorial_taskflow_api to None, run_after=None
[2024-05-09T15:16:12.907+0000] {processor.py:178} INFO - Processing /home/airflow/.local/lib/python3.7/site-packages/airflow/example_dags/tutorial_taskflow_api.py took 0.255 seconds
[2024-05-09T15:16:43.132+0000] {processor.py:156} INFO - Started process (PID=833) to work on /home/airflow/.local/lib/python3.7/site-packages/airflow/example_dags/tutorial_taskflow_api.py
[2024-05-09T15:16:43.133+0000] {processor.py:758} INFO - Processing file /home/airflow/.local/lib/python3.7/site-packages/airflow/example_dags/tutorial_taskflow_api.py for tasks to queue
[2024-05-09T15:16:43.134+0000] {logging_mixin.py:117} INFO - [2024-05-09T15:16:43.134+0000] {dagbag.py:525} INFO - Filling up the DagBag from /home/airflow/.local/lib/python3.7/site-packages/airflow/example_dags/tutorial_taskflow_api.py
[2024-05-09T15:16:43.160+0000] {processor.py:768} INFO - DAG(s) dict_keys(['tutorial_taskflow_api']) retrieved from /home/airflow/.local/lib/python3.7/site-packages/airflow/example_dags/tutorial_taskflow_api.py
[2024-05-09T15:16:43.311+0000] {logging_mixin.py:117} INFO - [2024-05-09T15:16:43.311+0000] {dag.py:2573} INFO - Sync 1 DAGs
[2024-05-09T15:16:43.335+0000] {logging_mixin.py:117} INFO - [2024-05-09T15:16:43.335+0000] {dag.py:3328} INFO - Setting next_dagrun for tutorial_taskflow_api to None, run_after=None
[2024-05-09T15:16:43.357+0000] {processor.py:178} INFO - Processing /home/airflow/.local/lib/python3.7/site-packages/airflow/example_dags/tutorial_taskflow_api.py took 0.227 seconds
[2024-05-09T15:17:14.103+0000] {processor.py:156} INFO - Started process (PID=1047) to work on /home/airflow/.local/lib/python3.7/site-packages/airflow/example_dags/tutorial_taskflow_api.py
[2024-05-09T15:17:14.104+0000] {processor.py:758} INFO - Processing file /home/airflow/.local/lib/python3.7/site-packages/airflow/example_dags/tutorial_taskflow_api.py for tasks to queue
[2024-05-09T15:17:14.105+0000] {logging_mixin.py:117} INFO - [2024-05-09T15:17:14.105+0000] {dagbag.py:525} INFO - Filling up the DagBag from /home/airflow/.local/lib/python3.7/site-packages/airflow/example_dags/tutorial_taskflow_api.py
[2024-05-09T15:17:14.133+0000] {processor.py:768} INFO - DAG(s) dict_keys(['tutorial_taskflow_api']) retrieved from /home/airflow/.local/lib/python3.7/site-packages/airflow/example_dags/tutorial_taskflow_api.py
[2024-05-09T15:17:14.339+0000] {logging_mixin.py:117} INFO - [2024-05-09T15:17:14.339+0000] {dag.py:2573} INFO - Sync 1 DAGs
[2024-05-09T15:17:14.372+0000] {logging_mixin.py:117} INFO - [2024-05-09T15:17:14.372+0000] {dag.py:3328} INFO - Setting next_dagrun for tutorial_taskflow_api to None, run_after=None
[2024-05-09T15:17:14.398+0000] {processor.py:178} INFO - Processing /home/airflow/.local/lib/python3.7/site-packages/airflow/example_dags/tutorial_taskflow_api.py took 0.299 seconds
