[2024-05-04T15:57:57.307+0000] {processor.py:156} INFO - Started process (PID=166) to work on /opt/airflow/dags/scraping-data-api.py
[2024-05-04T15:57:57.308+0000] {processor.py:758} INFO - Processing file /opt/airflow/dags/scraping-data-api.py for tasks to queue
[2024-05-04T15:57:57.308+0000] {logging_mixin.py:117} INFO - [2024-05-04T15:57:57.308+0000] {dagbag.py:525} INFO - Filling up the DagBag from /opt/airflow/dags/scraping-data-api.py
[2024-05-04T15:57:58.628+0000] {processor.py:768} INFO - DAG(s) dict_keys(['daily_data_update']) retrieved from /opt/airflow/dags/scraping-data-api.py
[2024-05-04T15:57:58.902+0000] {logging_mixin.py:117} INFO - [2024-05-04T15:57:58.902+0000] {manager.py:507} INFO - Created Permission View: can read on DAG:daily_data_update
[2024-05-04T15:57:58.932+0000] {logging_mixin.py:117} INFO - [2024-05-04T15:57:58.932+0000] {manager.py:507} INFO - Created Permission View: can edit on DAG:daily_data_update
[2024-05-04T15:57:58.948+0000] {logging_mixin.py:117} INFO - [2024-05-04T15:57:58.947+0000] {manager.py:507} INFO - Created Permission View: can delete on DAG:daily_data_update
[2024-05-04T15:57:58.948+0000] {logging_mixin.py:117} INFO - [2024-05-04T15:57:58.948+0000] {dag.py:2573} INFO - Sync 1 DAGs
[2024-05-04T15:57:58.975+0000] {logging_mixin.py:117} INFO - [2024-05-04T15:57:58.974+0000] {dag.py:2594} INFO - Creating ORM DAG for daily_data_update
[2024-05-04T15:57:59.002+0000] {logging_mixin.py:117} INFO - [2024-05-04T15:57:59.002+0000] {dag.py:3328} INFO - Setting next_dagrun for daily_data_update to 2024-04-01T00:00:00+00:00, run_after=2024-04-02T00:00:00+00:00
[2024-05-04T15:57:59.033+0000] {processor.py:178} INFO - Processing /opt/airflow/dags/scraping-data-api.py took 1.730 seconds
[2024-05-04T15:58:29.277+0000] {processor.py:156} INFO - Started process (PID=393) to work on /opt/airflow/dags/scraping-data-api.py
[2024-05-04T15:58:29.277+0000] {processor.py:758} INFO - Processing file /opt/airflow/dags/scraping-data-api.py for tasks to queue
[2024-05-04T15:58:29.278+0000] {logging_mixin.py:117} INFO - [2024-05-04T15:58:29.278+0000] {dagbag.py:525} INFO - Filling up the DagBag from /opt/airflow/dags/scraping-data-api.py
[2024-05-04T15:58:29.830+0000] {processor.py:768} INFO - DAG(s) dict_keys(['daily_data_update']) retrieved from /opt/airflow/dags/scraping-data-api.py
[2024-05-04T15:58:29.876+0000] {logging_mixin.py:117} INFO - [2024-05-04T15:58:29.875+0000] {dag.py:2573} INFO - Sync 1 DAGs
[2024-05-04T15:58:29.909+0000] {logging_mixin.py:117} INFO - [2024-05-04T15:58:29.909+0000] {dag.py:3328} INFO - Setting next_dagrun for daily_data_update to 2024-04-01T00:00:00+00:00, run_after=2024-04-02T00:00:00+00:00
[2024-05-04T15:58:29.931+0000] {processor.py:178} INFO - Processing /opt/airflow/dags/scraping-data-api.py took 0.657 seconds
[2024-05-04T15:59:00.204+0000] {processor.py:156} INFO - Started process (PID=698) to work on /opt/airflow/dags/scraping-data-api.py
[2024-05-04T15:59:00.204+0000] {processor.py:758} INFO - Processing file /opt/airflow/dags/scraping-data-api.py for tasks to queue
[2024-05-04T15:59:00.205+0000] {logging_mixin.py:117} INFO - [2024-05-04T15:59:00.205+0000] {dagbag.py:525} INFO - Filling up the DagBag from /opt/airflow/dags/scraping-data-api.py
[2024-05-04T15:59:00.639+0000] {processor.py:768} INFO - DAG(s) dict_keys(['daily_data_update']) retrieved from /opt/airflow/dags/scraping-data-api.py
[2024-05-04T15:59:00.672+0000] {logging_mixin.py:117} INFO - [2024-05-04T15:59:00.671+0000] {dag.py:2573} INFO - Sync 1 DAGs
[2024-05-04T15:59:00.697+0000] {logging_mixin.py:117} INFO - [2024-05-04T15:59:00.697+0000] {dag.py:3328} INFO - Setting next_dagrun for daily_data_update to 2024-05-04T00:00:00+00:00, run_after=2024-05-05T00:00:00+00:00
[2024-05-04T15:59:00.719+0000] {processor.py:178} INFO - Processing /opt/airflow/dags/scraping-data-api.py took 0.519 seconds
[2024-05-04T15:59:30.885+0000] {processor.py:156} INFO - Started process (PID=916) to work on /opt/airflow/dags/scraping-data-api.py
[2024-05-04T15:59:30.885+0000] {processor.py:758} INFO - Processing file /opt/airflow/dags/scraping-data-api.py for tasks to queue
[2024-05-04T15:59:30.886+0000] {logging_mixin.py:117} INFO - [2024-05-04T15:59:30.886+0000] {dagbag.py:525} INFO - Filling up the DagBag from /opt/airflow/dags/scraping-data-api.py
[2024-05-04T15:59:31.289+0000] {processor.py:768} INFO - DAG(s) dict_keys(['daily_data_update']) retrieved from /opt/airflow/dags/scraping-data-api.py
[2024-05-04T15:59:31.316+0000] {logging_mixin.py:117} INFO - [2024-05-04T15:59:31.315+0000] {dag.py:2573} INFO - Sync 1 DAGs
[2024-05-04T15:59:31.334+0000] {logging_mixin.py:117} INFO - [2024-05-04T15:59:31.334+0000] {dag.py:3328} INFO - Setting next_dagrun for daily_data_update to 2024-05-04T00:00:00+00:00, run_after=2024-05-05T00:00:00+00:00
[2024-05-04T15:59:31.398+0000] {processor.py:178} INFO - Processing /opt/airflow/dags/scraping-data-api.py took 0.516 seconds
[2024-05-04T16:00:01.510+0000] {processor.py:156} INFO - Started process (PID=1134) to work on /opt/airflow/dags/scraping-data-api.py
[2024-05-04T16:00:01.510+0000] {processor.py:758} INFO - Processing file /opt/airflow/dags/scraping-data-api.py for tasks to queue
[2024-05-04T16:00:01.511+0000] {logging_mixin.py:117} INFO - [2024-05-04T16:00:01.511+0000] {dagbag.py:525} INFO - Filling up the DagBag from /opt/airflow/dags/scraping-data-api.py
[2024-05-04T16:00:01.873+0000] {processor.py:768} INFO - DAG(s) dict_keys(['daily_data_update']) retrieved from /opt/airflow/dags/scraping-data-api.py
[2024-05-04T16:00:01.900+0000] {logging_mixin.py:117} INFO - [2024-05-04T16:00:01.900+0000] {dag.py:2573} INFO - Sync 1 DAGs
[2024-05-04T16:00:01.920+0000] {logging_mixin.py:117} INFO - [2024-05-04T16:00:01.920+0000] {dag.py:3328} INFO - Setting next_dagrun for daily_data_update to 2024-05-04T00:00:00+00:00, run_after=2024-05-05T00:00:00+00:00
[2024-05-04T16:00:01.939+0000] {processor.py:178} INFO - Processing /opt/airflow/dags/scraping-data-api.py took 0.432 seconds
[2024-05-04T16:00:32.734+0000] {processor.py:156} INFO - Started process (PID=1338) to work on /opt/airflow/dags/scraping-data-api.py
[2024-05-04T16:00:32.735+0000] {processor.py:758} INFO - Processing file /opt/airflow/dags/scraping-data-api.py for tasks to queue
[2024-05-04T16:00:32.735+0000] {logging_mixin.py:117} INFO - [2024-05-04T16:00:32.735+0000] {dagbag.py:525} INFO - Filling up the DagBag from /opt/airflow/dags/scraping-data-api.py
[2024-05-04T16:00:33.120+0000] {processor.py:768} INFO - DAG(s) dict_keys(['daily_data_update']) retrieved from /opt/airflow/dags/scraping-data-api.py
[2024-05-04T16:00:33.150+0000] {logging_mixin.py:117} INFO - [2024-05-04T16:00:33.149+0000] {dag.py:2573} INFO - Sync 1 DAGs
[2024-05-04T16:00:33.175+0000] {logging_mixin.py:117} INFO - [2024-05-04T16:00:33.174+0000] {dag.py:3328} INFO - Setting next_dagrun for daily_data_update to 2024-05-04T00:00:00+00:00, run_after=2024-05-05T00:00:00+00:00
[2024-05-04T16:00:33.194+0000] {processor.py:178} INFO - Processing /opt/airflow/dags/scraping-data-api.py took 0.462 seconds
[2024-05-04T16:01:03.424+0000] {processor.py:156} INFO - Started process (PID=1551) to work on /opt/airflow/dags/scraping-data-api.py
[2024-05-04T16:01:03.425+0000] {processor.py:758} INFO - Processing file /opt/airflow/dags/scraping-data-api.py for tasks to queue
[2024-05-04T16:01:03.426+0000] {logging_mixin.py:117} INFO - [2024-05-04T16:01:03.426+0000] {dagbag.py:525} INFO - Filling up the DagBag from /opt/airflow/dags/scraping-data-api.py
[2024-05-04T16:01:03.809+0000] {processor.py:768} INFO - DAG(s) dict_keys(['daily_data_update']) retrieved from /opt/airflow/dags/scraping-data-api.py
[2024-05-04T16:01:03.837+0000] {logging_mixin.py:117} INFO - [2024-05-04T16:01:03.837+0000] {dag.py:2573} INFO - Sync 1 DAGs
[2024-05-04T16:01:03.856+0000] {logging_mixin.py:117} INFO - [2024-05-04T16:01:03.856+0000] {dag.py:3328} INFO - Setting next_dagrun for daily_data_update to 2024-05-04T00:00:00+00:00, run_after=2024-05-05T00:00:00+00:00
[2024-05-04T16:01:03.880+0000] {processor.py:178} INFO - Processing /opt/airflow/dags/scraping-data-api.py took 0.459 seconds
[2024-05-04T16:01:34.001+0000] {processor.py:156} INFO - Started process (PID=1769) to work on /opt/airflow/dags/scraping-data-api.py
[2024-05-04T16:01:34.002+0000] {processor.py:758} INFO - Processing file /opt/airflow/dags/scraping-data-api.py for tasks to queue
[2024-05-04T16:01:34.002+0000] {logging_mixin.py:117} INFO - [2024-05-04T16:01:34.002+0000] {dagbag.py:525} INFO - Filling up the DagBag from /opt/airflow/dags/scraping-data-api.py
[2024-05-04T16:01:34.253+0000] {processor.py:768} INFO - DAG(s) dict_keys(['daily_data_update']) retrieved from /opt/airflow/dags/scraping-data-api.py
[2024-05-04T16:01:34.285+0000] {logging_mixin.py:117} INFO - [2024-05-04T16:01:34.285+0000] {dag.py:2573} INFO - Sync 1 DAGs
[2024-05-04T16:01:34.305+0000] {logging_mixin.py:117} INFO - [2024-05-04T16:01:34.305+0000] {dag.py:3328} INFO - Setting next_dagrun for daily_data_update to 2024-05-04T00:00:00+00:00, run_after=2024-05-05T00:00:00+00:00
[2024-05-04T16:01:34.325+0000] {processor.py:178} INFO - Processing /opt/airflow/dags/scraping-data-api.py took 0.326 seconds
[2024-05-04T16:02:04.702+0000] {processor.py:156} INFO - Started process (PID=1977) to work on /opt/airflow/dags/scraping-data-api.py
[2024-05-04T16:02:04.703+0000] {processor.py:758} INFO - Processing file /opt/airflow/dags/scraping-data-api.py for tasks to queue
[2024-05-04T16:02:04.703+0000] {logging_mixin.py:117} INFO - [2024-05-04T16:02:04.703+0000] {dagbag.py:525} INFO - Filling up the DagBag from /opt/airflow/dags/scraping-data-api.py
[2024-05-04T16:02:04.986+0000] {processor.py:768} INFO - DAG(s) dict_keys(['daily_data_update']) retrieved from /opt/airflow/dags/scraping-data-api.py
[2024-05-04T16:02:05.020+0000] {logging_mixin.py:117} INFO - [2024-05-04T16:02:05.020+0000] {dag.py:2573} INFO - Sync 1 DAGs
[2024-05-04T16:02:05.046+0000] {logging_mixin.py:117} INFO - [2024-05-04T16:02:05.046+0000] {dag.py:3328} INFO - Setting next_dagrun for daily_data_update to 2024-05-04T00:00:00+00:00, run_after=2024-05-05T00:00:00+00:00
[2024-05-04T16:02:05.067+0000] {processor.py:178} INFO - Processing /opt/airflow/dags/scraping-data-api.py took 0.368 seconds
[2024-05-04T16:02:35.481+0000] {processor.py:156} INFO - Started process (PID=2181) to work on /opt/airflow/dags/scraping-data-api.py
[2024-05-04T16:02:35.482+0000] {processor.py:758} INFO - Processing file /opt/airflow/dags/scraping-data-api.py for tasks to queue
[2024-05-04T16:02:35.482+0000] {logging_mixin.py:117} INFO - [2024-05-04T16:02:35.482+0000] {dagbag.py:525} INFO - Filling up the DagBag from /opt/airflow/dags/scraping-data-api.py
[2024-05-04T16:02:35.754+0000] {processor.py:768} INFO - DAG(s) dict_keys(['daily_data_update']) retrieved from /opt/airflow/dags/scraping-data-api.py
[2024-05-04T16:02:35.783+0000] {logging_mixin.py:117} INFO - [2024-05-04T16:02:35.783+0000] {dag.py:2573} INFO - Sync 1 DAGs
[2024-05-04T16:02:35.804+0000] {logging_mixin.py:117} INFO - [2024-05-04T16:02:35.804+0000] {dag.py:3328} INFO - Setting next_dagrun for daily_data_update to 2024-05-04T00:00:00+00:00, run_after=2024-05-05T00:00:00+00:00
[2024-05-04T16:02:35.824+0000] {processor.py:178} INFO - Processing /opt/airflow/dags/scraping-data-api.py took 0.348 seconds
[2024-05-04T16:03:06.244+0000] {processor.py:156} INFO - Started process (PID=2395) to work on /opt/airflow/dags/scraping-data-api.py
[2024-05-04T16:03:06.244+0000] {processor.py:758} INFO - Processing file /opt/airflow/dags/scraping-data-api.py for tasks to queue
[2024-05-04T16:03:06.245+0000] {logging_mixin.py:117} INFO - [2024-05-04T16:03:06.245+0000] {dagbag.py:525} INFO - Filling up the DagBag from /opt/airflow/dags/scraping-data-api.py
[2024-05-04T16:03:06.504+0000] {processor.py:768} INFO - DAG(s) dict_keys(['daily_data_update']) retrieved from /opt/airflow/dags/scraping-data-api.py
[2024-05-04T16:03:06.534+0000] {logging_mixin.py:117} INFO - [2024-05-04T16:03:06.534+0000] {dag.py:2573} INFO - Sync 1 DAGs
[2024-05-04T16:03:06.554+0000] {logging_mixin.py:117} INFO - [2024-05-04T16:03:06.554+0000] {dag.py:3328} INFO - Setting next_dagrun for daily_data_update to 2024-05-04T00:00:00+00:00, run_after=2024-05-05T00:00:00+00:00
[2024-05-04T16:03:06.573+0000] {processor.py:178} INFO - Processing /opt/airflow/dags/scraping-data-api.py took 0.332 seconds
[2024-05-04T16:03:36.971+0000] {processor.py:156} INFO - Started process (PID=2608) to work on /opt/airflow/dags/scraping-data-api.py
[2024-05-04T16:03:36.971+0000] {processor.py:758} INFO - Processing file /opt/airflow/dags/scraping-data-api.py for tasks to queue
[2024-05-04T16:03:36.972+0000] {logging_mixin.py:117} INFO - [2024-05-04T16:03:36.972+0000] {dagbag.py:525} INFO - Filling up the DagBag from /opt/airflow/dags/scraping-data-api.py
[2024-05-04T16:03:37.283+0000] {processor.py:768} INFO - DAG(s) dict_keys(['daily_data_update']) retrieved from /opt/airflow/dags/scraping-data-api.py
[2024-05-04T16:03:37.325+0000] {logging_mixin.py:117} INFO - [2024-05-04T16:03:37.325+0000] {dag.py:2573} INFO - Sync 1 DAGs
[2024-05-04T16:03:37.354+0000] {logging_mixin.py:117} INFO - [2024-05-04T16:03:37.354+0000] {dag.py:3328} INFO - Setting next_dagrun for daily_data_update to 2024-05-04T00:00:00+00:00, run_after=2024-05-05T00:00:00+00:00
[2024-05-04T16:03:37.376+0000] {processor.py:178} INFO - Processing /opt/airflow/dags/scraping-data-api.py took 0.408 seconds
[2024-05-04T16:04:07.524+0000] {processor.py:156} INFO - Started process (PID=2821) to work on /opt/airflow/dags/scraping-data-api.py
[2024-05-04T16:04:07.525+0000] {processor.py:758} INFO - Processing file /opt/airflow/dags/scraping-data-api.py for tasks to queue
[2024-05-04T16:04:07.526+0000] {logging_mixin.py:117} INFO - [2024-05-04T16:04:07.525+0000] {dagbag.py:525} INFO - Filling up the DagBag from /opt/airflow/dags/scraping-data-api.py
[2024-05-04T16:04:07.817+0000] {processor.py:768} INFO - DAG(s) dict_keys(['daily_data_update']) retrieved from /opt/airflow/dags/scraping-data-api.py
[2024-05-04T16:04:07.848+0000] {logging_mixin.py:117} INFO - [2024-05-04T16:04:07.848+0000] {dag.py:2573} INFO - Sync 1 DAGs
[2024-05-04T16:04:07.868+0000] {logging_mixin.py:117} INFO - [2024-05-04T16:04:07.868+0000] {dag.py:3328} INFO - Setting next_dagrun for daily_data_update to 2024-05-04T00:00:00+00:00, run_after=2024-05-05T00:00:00+00:00
[2024-05-04T16:04:07.887+0000] {processor.py:178} INFO - Processing /opt/airflow/dags/scraping-data-api.py took 0.366 seconds
[2024-05-04T16:04:38.199+0000] {processor.py:156} INFO - Started process (PID=3025) to work on /opt/airflow/dags/scraping-data-api.py
[2024-05-04T16:04:38.200+0000] {processor.py:758} INFO - Processing file /opt/airflow/dags/scraping-data-api.py for tasks to queue
[2024-05-04T16:04:38.201+0000] {logging_mixin.py:117} INFO - [2024-05-04T16:04:38.201+0000] {dagbag.py:525} INFO - Filling up the DagBag from /opt/airflow/dags/scraping-data-api.py
[2024-05-04T16:04:38.488+0000] {processor.py:768} INFO - DAG(s) dict_keys(['daily_data_update']) retrieved from /opt/airflow/dags/scraping-data-api.py
[2024-05-04T16:04:38.530+0000] {logging_mixin.py:117} INFO - [2024-05-04T16:04:38.530+0000] {dag.py:2573} INFO - Sync 1 DAGs
[2024-05-04T16:04:38.550+0000] {logging_mixin.py:117} INFO - [2024-05-04T16:04:38.550+0000] {dag.py:3328} INFO - Setting next_dagrun for daily_data_update to 2024-05-04T00:00:00+00:00, run_after=2024-05-05T00:00:00+00:00
[2024-05-04T16:04:38.569+0000] {processor.py:178} INFO - Processing /opt/airflow/dags/scraping-data-api.py took 0.373 seconds
[2024-05-04T16:05:08.752+0000] {processor.py:156} INFO - Started process (PID=3238) to work on /opt/airflow/dags/scraping-data-api.py
[2024-05-04T16:05:08.753+0000] {processor.py:758} INFO - Processing file /opt/airflow/dags/scraping-data-api.py for tasks to queue
[2024-05-04T16:05:08.753+0000] {logging_mixin.py:117} INFO - [2024-05-04T16:05:08.753+0000] {dagbag.py:525} INFO - Filling up the DagBag from /opt/airflow/dags/scraping-data-api.py
[2024-05-04T16:05:09.022+0000] {processor.py:768} INFO - DAG(s) dict_keys(['daily_data_update']) retrieved from /opt/airflow/dags/scraping-data-api.py
[2024-05-04T16:05:09.052+0000] {logging_mixin.py:117} INFO - [2024-05-04T16:05:09.051+0000] {dag.py:2573} INFO - Sync 1 DAGs
[2024-05-04T16:05:09.072+0000] {logging_mixin.py:117} INFO - [2024-05-04T16:05:09.072+0000] {dag.py:3328} INFO - Setting next_dagrun for daily_data_update to 2024-05-04T00:00:00+00:00, run_after=2024-05-05T00:00:00+00:00
[2024-05-04T16:05:09.093+0000] {processor.py:178} INFO - Processing /opt/airflow/dags/scraping-data-api.py took 0.343 seconds
[2024-05-04T16:05:39.425+0000] {processor.py:156} INFO - Started process (PID=3452) to work on /opt/airflow/dags/scraping-data-api.py
[2024-05-04T16:05:39.426+0000] {processor.py:758} INFO - Processing file /opt/airflow/dags/scraping-data-api.py for tasks to queue
[2024-05-04T16:05:39.426+0000] {logging_mixin.py:117} INFO - [2024-05-04T16:05:39.426+0000] {dagbag.py:525} INFO - Filling up the DagBag from /opt/airflow/dags/scraping-data-api.py
[2024-05-04T16:05:39.731+0000] {processor.py:768} INFO - DAG(s) dict_keys(['daily_data_update']) retrieved from /opt/airflow/dags/scraping-data-api.py
[2024-05-04T16:05:39.762+0000] {logging_mixin.py:117} INFO - [2024-05-04T16:05:39.762+0000] {dag.py:2573} INFO - Sync 1 DAGs
[2024-05-04T16:05:39.782+0000] {logging_mixin.py:117} INFO - [2024-05-04T16:05:39.782+0000] {dag.py:3328} INFO - Setting next_dagrun for daily_data_update to 2024-05-04T00:00:00+00:00, run_after=2024-05-05T00:00:00+00:00
[2024-05-04T16:05:39.802+0000] {processor.py:178} INFO - Processing /opt/airflow/dags/scraping-data-api.py took 0.380 seconds
[2024-05-04T16:06:10.188+0000] {processor.py:156} INFO - Started process (PID=3664) to work on /opt/airflow/dags/scraping-data-api.py
[2024-05-04T16:06:10.188+0000] {processor.py:758} INFO - Processing file /opt/airflow/dags/scraping-data-api.py for tasks to queue
[2024-05-04T16:06:10.189+0000] {logging_mixin.py:117} INFO - [2024-05-04T16:06:10.189+0000] {dagbag.py:525} INFO - Filling up the DagBag from /opt/airflow/dags/scraping-data-api.py
[2024-05-04T16:06:10.467+0000] {processor.py:768} INFO - DAG(s) dict_keys(['daily_data_update']) retrieved from /opt/airflow/dags/scraping-data-api.py
[2024-05-04T16:06:10.496+0000] {logging_mixin.py:117} INFO - [2024-05-04T16:06:10.496+0000] {dag.py:2573} INFO - Sync 1 DAGs
[2024-05-04T16:06:10.515+0000] {logging_mixin.py:117} INFO - [2024-05-04T16:06:10.515+0000] {dag.py:3328} INFO - Setting next_dagrun for daily_data_update to 2024-05-04T00:00:00+00:00, run_after=2024-05-05T00:00:00+00:00
[2024-05-04T16:06:10.534+0000] {processor.py:178} INFO - Processing /opt/airflow/dags/scraping-data-api.py took 0.350 seconds
[2024-05-04T16:06:19.065+0000] {processor.py:156} INFO - Started process (PID=3731) to work on /opt/airflow/dags/scraping-data-api.py
[2024-05-04T16:06:19.066+0000] {processor.py:758} INFO - Processing file /opt/airflow/dags/scraping-data-api.py for tasks to queue
[2024-05-04T16:06:19.066+0000] {logging_mixin.py:117} INFO - [2024-05-04T16:06:19.066+0000] {dagbag.py:525} INFO - Filling up the DagBag from /opt/airflow/dags/scraping-data-api.py
[2024-05-04T16:06:19.360+0000] {processor.py:768} INFO - DAG(s) dict_keys(['daily_data_update']) retrieved from /opt/airflow/dags/scraping-data-api.py
[2024-05-04T16:06:19.389+0000] {logging_mixin.py:117} INFO - [2024-05-04T16:06:19.389+0000] {dag.py:2573} INFO - Sync 1 DAGs
[2024-05-04T16:06:19.410+0000] {logging_mixin.py:117} INFO - [2024-05-04T16:06:19.409+0000] {dag.py:3328} INFO - Setting next_dagrun for daily_data_update to 2024-05-04T00:00:00+00:00, run_after=2024-05-05T00:00:00+00:00
[2024-05-04T16:06:19.430+0000] {processor.py:178} INFO - Processing /opt/airflow/dags/scraping-data-api.py took 0.367 seconds
[2024-05-04T16:06:29.627+0000] {processor.py:156} INFO - Started process (PID=3840) to work on /opt/airflow/dags/scraping-data-api.py
[2024-05-04T16:06:29.627+0000] {processor.py:758} INFO - Processing file /opt/airflow/dags/scraping-data-api.py for tasks to queue
[2024-05-04T16:06:29.627+0000] {logging_mixin.py:117} INFO - [2024-05-04T16:06:29.627+0000] {dagbag.py:525} INFO - Filling up the DagBag from /opt/airflow/dags/scraping-data-api.py
[2024-05-04T16:06:29.868+0000] {processor.py:768} INFO - DAG(s) dict_keys(['daily_data_update']) retrieved from /opt/airflow/dags/scraping-data-api.py
[2024-05-04T16:06:29.897+0000] {logging_mixin.py:117} INFO - [2024-05-04T16:06:29.897+0000] {dag.py:2573} INFO - Sync 1 DAGs
[2024-05-04T16:06:29.917+0000] {logging_mixin.py:117} INFO - [2024-05-04T16:06:29.917+0000] {dag.py:3328} INFO - Setting next_dagrun for daily_data_update to 2024-05-04T00:00:00+00:00, run_after=2024-05-05T00:00:00+00:00
[2024-05-04T16:06:29.938+0000] {processor.py:178} INFO - Processing /opt/airflow/dags/scraping-data-api.py took 0.314 seconds
[2024-05-04T16:07:00.533+0000] {processor.py:156} INFO - Started process (PID=4053) to work on /opt/airflow/dags/scraping-data-api.py
[2024-05-04T16:07:00.534+0000] {processor.py:758} INFO - Processing file /opt/airflow/dags/scraping-data-api.py for tasks to queue
[2024-05-04T16:07:00.534+0000] {logging_mixin.py:117} INFO - [2024-05-04T16:07:00.534+0000] {dagbag.py:525} INFO - Filling up the DagBag from /opt/airflow/dags/scraping-data-api.py
[2024-05-04T16:07:00.774+0000] {processor.py:768} INFO - DAG(s) dict_keys(['daily_data_update']) retrieved from /opt/airflow/dags/scraping-data-api.py
[2024-05-04T16:07:00.803+0000] {logging_mixin.py:117} INFO - [2024-05-04T16:07:00.803+0000] {dag.py:2573} INFO - Sync 1 DAGs
[2024-05-04T16:07:00.822+0000] {logging_mixin.py:117} INFO - [2024-05-04T16:07:00.822+0000] {dag.py:3328} INFO - Setting next_dagrun for daily_data_update to 2024-05-04T00:00:00+00:00, run_after=2024-05-05T00:00:00+00:00
[2024-05-04T16:07:00.841+0000] {processor.py:178} INFO - Processing /opt/airflow/dags/scraping-data-api.py took 0.310 seconds
[2024-05-04T16:07:31.101+0000] {processor.py:156} INFO - Started process (PID=4267) to work on /opt/airflow/dags/scraping-data-api.py
[2024-05-04T16:07:31.101+0000] {processor.py:758} INFO - Processing file /opt/airflow/dags/scraping-data-api.py for tasks to queue
[2024-05-04T16:07:31.102+0000] {logging_mixin.py:117} INFO - [2024-05-04T16:07:31.102+0000] {dagbag.py:525} INFO - Filling up the DagBag from /opt/airflow/dags/scraping-data-api.py
[2024-05-04T16:07:31.347+0000] {processor.py:768} INFO - DAG(s) dict_keys(['daily_data_update']) retrieved from /opt/airflow/dags/scraping-data-api.py
[2024-05-04T16:07:31.377+0000] {logging_mixin.py:117} INFO - [2024-05-04T16:07:31.377+0000] {dag.py:2573} INFO - Sync 1 DAGs
[2024-05-04T16:07:31.396+0000] {logging_mixin.py:117} INFO - [2024-05-04T16:07:31.396+0000] {dag.py:3328} INFO - Setting next_dagrun for daily_data_update to 2024-05-04T00:00:00+00:00, run_after=2024-05-05T00:00:00+00:00
[2024-05-04T16:07:31.418+0000] {processor.py:178} INFO - Processing /opt/airflow/dags/scraping-data-api.py took 0.319 seconds
[2024-05-04T16:07:57.626+0000] {processor.py:156} INFO - Started process (PID=4471) to work on /opt/airflow/dags/scraping-data-api.py
[2024-05-04T16:07:57.626+0000] {processor.py:758} INFO - Processing file /opt/airflow/dags/scraping-data-api.py for tasks to queue
[2024-05-04T16:07:57.627+0000] {logging_mixin.py:117} INFO - [2024-05-04T16:07:57.627+0000] {dagbag.py:525} INFO - Filling up the DagBag from /opt/airflow/dags/scraping-data-api.py
[2024-05-04T16:07:57.869+0000] {processor.py:768} INFO - DAG(s) dict_keys(['daily_data_update']) retrieved from /opt/airflow/dags/scraping-data-api.py
[2024-05-04T16:07:57.902+0000] {logging_mixin.py:117} INFO - [2024-05-04T16:07:57.901+0000] {dag.py:2573} INFO - Sync 1 DAGs
[2024-05-04T16:07:57.929+0000] {logging_mixin.py:117} INFO - [2024-05-04T16:07:57.929+0000] {dag.py:3328} INFO - Setting next_dagrun for daily_data_update to 2024-05-04T00:00:00+00:00, run_after=2024-05-05T00:00:00+00:00
[2024-05-04T16:07:57.953+0000] {processor.py:178} INFO - Processing /opt/airflow/dags/scraping-data-api.py took 0.329 seconds
[2024-05-04T16:08:28.359+0000] {processor.py:156} INFO - Started process (PID=4684) to work on /opt/airflow/dags/scraping-data-api.py
[2024-05-04T16:08:28.360+0000] {processor.py:758} INFO - Processing file /opt/airflow/dags/scraping-data-api.py for tasks to queue
[2024-05-04T16:08:28.360+0000] {logging_mixin.py:117} INFO - [2024-05-04T16:08:28.360+0000] {dagbag.py:525} INFO - Filling up the DagBag from /opt/airflow/dags/scraping-data-api.py
[2024-05-04T16:08:28.647+0000] {processor.py:768} INFO - DAG(s) dict_keys(['daily_data_update']) retrieved from /opt/airflow/dags/scraping-data-api.py
[2024-05-04T16:08:28.677+0000] {logging_mixin.py:117} INFO - [2024-05-04T16:08:28.676+0000] {dag.py:2573} INFO - Sync 1 DAGs
[2024-05-04T16:08:28.698+0000] {logging_mixin.py:117} INFO - [2024-05-04T16:08:28.698+0000] {dag.py:3328} INFO - Setting next_dagrun for daily_data_update to 2024-05-04T00:00:00+00:00, run_after=2024-05-05T00:00:00+00:00
[2024-05-04T16:08:28.717+0000] {processor.py:178} INFO - Processing /opt/airflow/dags/scraping-data-api.py took 0.360 seconds
[2024-05-04T16:08:58.988+0000] {processor.py:156} INFO - Started process (PID=4898) to work on /opt/airflow/dags/scraping-data-api.py
[2024-05-04T16:08:58.989+0000] {processor.py:758} INFO - Processing file /opt/airflow/dags/scraping-data-api.py for tasks to queue
[2024-05-04T16:08:58.989+0000] {logging_mixin.py:117} INFO - [2024-05-04T16:08:58.989+0000] {dagbag.py:525} INFO - Filling up the DagBag from /opt/airflow/dags/scraping-data-api.py
[2024-05-04T16:08:59.249+0000] {processor.py:768} INFO - DAG(s) dict_keys(['daily_data_update']) retrieved from /opt/airflow/dags/scraping-data-api.py
[2024-05-04T16:08:59.285+0000] {logging_mixin.py:117} INFO - [2024-05-04T16:08:59.284+0000] {dag.py:2573} INFO - Sync 1 DAGs
[2024-05-04T16:08:59.304+0000] {logging_mixin.py:117} INFO - [2024-05-04T16:08:59.304+0000] {dag.py:3328} INFO - Setting next_dagrun for daily_data_update to 2024-05-04T00:00:00+00:00, run_after=2024-05-05T00:00:00+00:00
[2024-05-04T16:08:59.323+0000] {processor.py:178} INFO - Processing /opt/airflow/dags/scraping-data-api.py took 0.338 seconds
[2024-05-04T16:09:29.587+0000] {processor.py:156} INFO - Started process (PID=5112) to work on /opt/airflow/dags/scraping-data-api.py
[2024-05-04T16:09:29.587+0000] {processor.py:758} INFO - Processing file /opt/airflow/dags/scraping-data-api.py for tasks to queue
[2024-05-04T16:09:29.588+0000] {logging_mixin.py:117} INFO - [2024-05-04T16:09:29.588+0000] {dagbag.py:525} INFO - Filling up the DagBag from /opt/airflow/dags/scraping-data-api.py
[2024-05-04T16:09:29.825+0000] {processor.py:768} INFO - DAG(s) dict_keys(['daily_data_update']) retrieved from /opt/airflow/dags/scraping-data-api.py
[2024-05-04T16:09:29.859+0000] {logging_mixin.py:117} INFO - [2024-05-04T16:09:29.859+0000] {dag.py:2573} INFO - Sync 1 DAGs
[2024-05-04T16:09:29.879+0000] {logging_mixin.py:117} INFO - [2024-05-04T16:09:29.879+0000] {dag.py:3328} INFO - Setting next_dagrun for daily_data_update to 2024-05-04T00:00:00+00:00, run_after=2024-05-05T00:00:00+00:00
[2024-05-04T16:09:29.897+0000] {processor.py:178} INFO - Processing /opt/airflow/dags/scraping-data-api.py took 0.313 seconds
[2024-05-04T16:10:00.399+0000] {processor.py:156} INFO - Started process (PID=5316) to work on /opt/airflow/dags/scraping-data-api.py
[2024-05-04T16:10:00.399+0000] {processor.py:758} INFO - Processing file /opt/airflow/dags/scraping-data-api.py for tasks to queue
[2024-05-04T16:10:00.400+0000] {logging_mixin.py:117} INFO - [2024-05-04T16:10:00.399+0000] {dagbag.py:525} INFO - Filling up the DagBag from /opt/airflow/dags/scraping-data-api.py
[2024-05-04T16:10:00.641+0000] {processor.py:768} INFO - DAG(s) dict_keys(['daily_data_update']) retrieved from /opt/airflow/dags/scraping-data-api.py
[2024-05-04T16:10:00.673+0000] {logging_mixin.py:117} INFO - [2024-05-04T16:10:00.673+0000] {dag.py:2573} INFO - Sync 1 DAGs
[2024-05-04T16:10:00.693+0000] {logging_mixin.py:117} INFO - [2024-05-04T16:10:00.693+0000] {dag.py:3328} INFO - Setting next_dagrun for daily_data_update to 2024-05-04T00:00:00+00:00, run_after=2024-05-05T00:00:00+00:00
[2024-05-04T16:10:00.713+0000] {processor.py:178} INFO - Processing /opt/airflow/dags/scraping-data-api.py took 0.317 seconds
[2024-05-04T16:10:31.120+0000] {processor.py:156} INFO - Started process (PID=5529) to work on /opt/airflow/dags/scraping-data-api.py
[2024-05-04T16:10:31.121+0000] {processor.py:758} INFO - Processing file /opt/airflow/dags/scraping-data-api.py for tasks to queue
[2024-05-04T16:10:31.122+0000] {logging_mixin.py:117} INFO - [2024-05-04T16:10:31.122+0000] {dagbag.py:525} INFO - Filling up the DagBag from /opt/airflow/dags/scraping-data-api.py
[2024-05-04T16:10:31.364+0000] {processor.py:768} INFO - DAG(s) dict_keys(['daily_data_update']) retrieved from /opt/airflow/dags/scraping-data-api.py
[2024-05-04T16:10:31.395+0000] {logging_mixin.py:117} INFO - [2024-05-04T16:10:31.395+0000] {dag.py:2573} INFO - Sync 1 DAGs
[2024-05-04T16:10:31.416+0000] {logging_mixin.py:117} INFO - [2024-05-04T16:10:31.416+0000] {dag.py:3328} INFO - Setting next_dagrun for daily_data_update to 2024-05-04T00:00:00+00:00, run_after=2024-05-05T00:00:00+00:00
[2024-05-04T16:10:31.439+0000] {processor.py:178} INFO - Processing /opt/airflow/dags/scraping-data-api.py took 0.321 seconds
[2024-05-04T16:11:01.668+0000] {processor.py:156} INFO - Started process (PID=5745) to work on /opt/airflow/dags/scraping-data-api.py
[2024-05-04T16:11:01.668+0000] {processor.py:758} INFO - Processing file /opt/airflow/dags/scraping-data-api.py for tasks to queue
[2024-05-04T16:11:01.670+0000] {logging_mixin.py:117} INFO - [2024-05-04T16:11:01.670+0000] {dagbag.py:525} INFO - Filling up the DagBag from /opt/airflow/dags/scraping-data-api.py
[2024-05-04T16:11:01.940+0000] {processor.py:768} INFO - DAG(s) dict_keys(['daily_data_update']) retrieved from /opt/airflow/dags/scraping-data-api.py
[2024-05-04T16:11:01.969+0000] {logging_mixin.py:117} INFO - [2024-05-04T16:11:01.969+0000] {dag.py:2573} INFO - Sync 1 DAGs
[2024-05-04T16:11:01.990+0000] {logging_mixin.py:117} INFO - [2024-05-04T16:11:01.990+0000] {dag.py:3328} INFO - Setting next_dagrun for daily_data_update to 2024-05-04T00:00:00+00:00, run_after=2024-05-05T00:00:00+00:00
[2024-05-04T16:11:02.010+0000] {processor.py:178} INFO - Processing /opt/airflow/dags/scraping-data-api.py took 0.345 seconds
[2024-05-04T16:11:32.307+0000] {processor.py:156} INFO - Started process (PID=5958) to work on /opt/airflow/dags/scraping-data-api.py
[2024-05-04T16:11:32.308+0000] {processor.py:758} INFO - Processing file /opt/airflow/dags/scraping-data-api.py for tasks to queue
[2024-05-04T16:11:32.308+0000] {logging_mixin.py:117} INFO - [2024-05-04T16:11:32.308+0000] {dagbag.py:525} INFO - Filling up the DagBag from /opt/airflow/dags/scraping-data-api.py
[2024-05-04T16:11:32.565+0000] {processor.py:768} INFO - DAG(s) dict_keys(['daily_data_update']) retrieved from /opt/airflow/dags/scraping-data-api.py
[2024-05-04T16:11:32.598+0000] {logging_mixin.py:117} INFO - [2024-05-04T16:11:32.597+0000] {dag.py:2573} INFO - Sync 1 DAGs
[2024-05-04T16:11:32.624+0000] {logging_mixin.py:117} INFO - [2024-05-04T16:11:32.624+0000] {dag.py:3328} INFO - Setting next_dagrun for daily_data_update to 2024-05-04T00:00:00+00:00, run_after=2024-05-05T00:00:00+00:00
[2024-05-04T16:11:32.647+0000] {processor.py:178} INFO - Processing /opt/airflow/dags/scraping-data-api.py took 0.342 seconds
[2024-05-04T16:12:02.977+0000] {processor.py:156} INFO - Started process (PID=6162) to work on /opt/airflow/dags/scraping-data-api.py
[2024-05-04T16:12:02.978+0000] {processor.py:758} INFO - Processing file /opt/airflow/dags/scraping-data-api.py for tasks to queue
[2024-05-04T16:12:02.978+0000] {logging_mixin.py:117} INFO - [2024-05-04T16:12:02.978+0000] {dagbag.py:525} INFO - Filling up the DagBag from /opt/airflow/dags/scraping-data-api.py
[2024-05-04T16:12:03.238+0000] {processor.py:768} INFO - DAG(s) dict_keys(['daily_data_update']) retrieved from /opt/airflow/dags/scraping-data-api.py
[2024-05-04T16:12:03.268+0000] {logging_mixin.py:117} INFO - [2024-05-04T16:12:03.268+0000] {dag.py:2573} INFO - Sync 1 DAGs
[2024-05-04T16:12:03.288+0000] {logging_mixin.py:117} INFO - [2024-05-04T16:12:03.288+0000] {dag.py:3328} INFO - Setting next_dagrun for daily_data_update to 2024-05-04T00:00:00+00:00, run_after=2024-05-05T00:00:00+00:00
[2024-05-04T16:12:03.308+0000] {processor.py:178} INFO - Processing /opt/airflow/dags/scraping-data-api.py took 0.333 seconds
[2024-05-04T16:12:33.594+0000] {processor.py:156} INFO - Started process (PID=6375) to work on /opt/airflow/dags/scraping-data-api.py
[2024-05-04T16:12:33.595+0000] {processor.py:758} INFO - Processing file /opt/airflow/dags/scraping-data-api.py for tasks to queue
[2024-05-04T16:12:33.595+0000] {logging_mixin.py:117} INFO - [2024-05-04T16:12:33.595+0000] {dagbag.py:525} INFO - Filling up the DagBag from /opt/airflow/dags/scraping-data-api.py
[2024-05-04T16:12:33.835+0000] {processor.py:768} INFO - DAG(s) dict_keys(['daily_data_update']) retrieved from /opt/airflow/dags/scraping-data-api.py
[2024-05-04T16:12:33.864+0000] {logging_mixin.py:117} INFO - [2024-05-04T16:12:33.864+0000] {dag.py:2573} INFO - Sync 1 DAGs
[2024-05-04T16:12:33.884+0000] {logging_mixin.py:117} INFO - [2024-05-04T16:12:33.884+0000] {dag.py:3328} INFO - Setting next_dagrun for daily_data_update to 2024-05-04T00:00:00+00:00, run_after=2024-05-05T00:00:00+00:00
[2024-05-04T16:12:33.903+0000] {processor.py:178} INFO - Processing /opt/airflow/dags/scraping-data-api.py took 0.312 seconds
[2024-05-04T16:13:04.213+0000] {processor.py:156} INFO - Started process (PID=6588) to work on /opt/airflow/dags/scraping-data-api.py
[2024-05-04T16:13:04.213+0000] {processor.py:758} INFO - Processing file /opt/airflow/dags/scraping-data-api.py for tasks to queue
[2024-05-04T16:13:04.214+0000] {logging_mixin.py:117} INFO - [2024-05-04T16:13:04.214+0000] {dagbag.py:525} INFO - Filling up the DagBag from /opt/airflow/dags/scraping-data-api.py
[2024-05-04T16:13:04.469+0000] {processor.py:768} INFO - DAG(s) dict_keys(['daily_data_update']) retrieved from /opt/airflow/dags/scraping-data-api.py
[2024-05-04T16:13:04.498+0000] {logging_mixin.py:117} INFO - [2024-05-04T16:13:04.498+0000] {dag.py:2573} INFO - Sync 1 DAGs
[2024-05-04T16:13:04.519+0000] {logging_mixin.py:117} INFO - [2024-05-04T16:13:04.519+0000] {dag.py:3328} INFO - Setting next_dagrun for daily_data_update to 2024-05-04T00:00:00+00:00, run_after=2024-05-05T00:00:00+00:00
[2024-05-04T16:13:04.541+0000] {processor.py:178} INFO - Processing /opt/airflow/dags/scraping-data-api.py took 0.332 seconds
