[2024-05-04T15:58:32.907+0000] {taskinstance.py:1165} INFO - Dependencies all met for <TaskInstance: daily_data_update.fetch_data_and_upload_to_s3 scheduled__2024-04-05T00:00:00+00:00 [queued]>
[2024-05-04T15:58:32.927+0000] {taskinstance.py:1165} INFO - Dependencies all met for <TaskInstance: daily_data_update.fetch_data_and_upload_to_s3 scheduled__2024-04-05T00:00:00+00:00 [queued]>
[2024-05-04T15:58:32.927+0000] {taskinstance.py:1362} INFO - 
--------------------------------------------------------------------------------
[2024-05-04T15:58:32.927+0000] {taskinstance.py:1363} INFO - Starting attempt 1 of 2
[2024-05-04T15:58:32.927+0000] {taskinstance.py:1364} INFO - 
--------------------------------------------------------------------------------
[2024-05-04T15:58:33.016+0000] {taskinstance.py:1383} INFO - Executing <Task(PythonOperator): fetch_data_and_upload_to_s3> on 2024-04-05 00:00:00+00:00
[2024-05-04T15:58:33.029+0000] {standard_task_runner.py:54} INFO - Started process 436 to run task
[2024-05-04T15:58:33.037+0000] {standard_task_runner.py:82} INFO - Running: ['***', 'tasks', 'run', 'daily_data_update', 'fetch_data_and_upload_to_s3', 'scheduled__2024-04-05T00:00:00+00:00', '--job-id', '7', '--raw', '--subdir', 'DAGS_FOLDER/scraping-data-api.py', '--cfg-path', '/tmp/tmp458q7cw4']
[2024-05-04T15:58:33.039+0000] {standard_task_runner.py:83} INFO - Job 7: Subtask fetch_data_and_upload_to_s3
[2024-05-04T15:58:33.039+0000] {dagbag.py:525} INFO - Filling up the DagBag from /opt/***/dags/scraping-data-api.py
[2024-05-04T15:58:37.250+0000] {taskmixin.py:205} WARNING - Dependency <Task(GetRequestOperator): get_ip>, prepare_email already registered for DAG: example_dag_decorator
[2024-05-04T15:58:37.250+0000] {taskmixin.py:205} WARNING - Dependency <Task(_PythonDecoratedOperator): prepare_email>, get_ip already registered for DAG: example_dag_decorator
[2024-05-04T15:58:37.250+0000] {taskmixin.py:205} WARNING - Dependency <Task(GetRequestOperator): get_ip>, prepare_email already registered for DAG: example_dag_decorator
[2024-05-04T15:58:37.250+0000] {taskmixin.py:205} WARNING - Dependency <Task(_PythonDecoratedOperator): prepare_email>, get_ip already registered for DAG: example_dag_decorator
[2024-05-04T15:58:37.250+0000] {taskmixin.py:205} WARNING - Dependency <Task(GetRequestOperator): get_ip>, prepare_email already registered for DAG: example_dag_decorator
[2024-05-04T15:58:37.251+0000] {taskmixin.py:205} WARNING - Dependency <Task(_PythonDecoratedOperator): prepare_email>, get_ip already registered for DAG: example_dag_decorator
[2024-05-04T15:58:37.251+0000] {taskmixin.py:205} WARNING - Dependency <Task(GetRequestOperator): get_ip>, prepare_email already registered for DAG: example_dag_decorator
[2024-05-04T15:58:37.251+0000] {taskmixin.py:205} WARNING - Dependency <Task(_PythonDecoratedOperator): prepare_email>, get_ip already registered for DAG: example_dag_decorator
[2024-05-04T15:58:37.251+0000] {taskmixin.py:205} WARNING - Dependency <Task(GetRequestOperator): get_ip>, prepare_email already registered for DAG: example_dag_decorator
[2024-05-04T15:58:37.251+0000] {taskmixin.py:205} WARNING - Dependency <Task(_PythonDecoratedOperator): prepare_email>, get_ip already registered for DAG: example_dag_decorator
[2024-05-04T15:58:37.252+0000] {taskmixin.py:205} WARNING - Dependency <Task(GetRequestOperator): get_ip>, prepare_email already registered for DAG: example_dag_decorator
[2024-05-04T15:58:37.252+0000] {taskmixin.py:205} WARNING - Dependency <Task(_PythonDecoratedOperator): prepare_email>, get_ip already registered for DAG: example_dag_decorator
[2024-05-04T15:58:37.253+0000] {taskmixin.py:205} WARNING - Dependency <Task(_PythonDecoratedOperator): prepare_email>, send_email already registered for DAG: example_dag_decorator
[2024-05-04T15:58:37.253+0000] {taskmixin.py:205} WARNING - Dependency <Task(EmailOperator): send_email>, prepare_email already registered for DAG: example_dag_decorator
[2024-05-04T15:58:37.253+0000] {taskmixin.py:205} WARNING - Dependency <Task(_PythonDecoratedOperator): prepare_email>, send_email already registered for DAG: example_dag_decorator
[2024-05-04T15:58:37.253+0000] {taskmixin.py:205} WARNING - Dependency <Task(EmailOperator): send_email>, prepare_email already registered for DAG: example_dag_decorator
[2024-05-04T15:58:37.253+0000] {taskmixin.py:205} WARNING - Dependency <Task(_PythonDecoratedOperator): prepare_email>, send_email already registered for DAG: example_dag_decorator
[2024-05-04T15:58:37.253+0000] {taskmixin.py:205} WARNING - Dependency <Task(EmailOperator): send_email>, prepare_email already registered for DAG: example_dag_decorator
[2024-05-04T15:58:37.254+0000] {taskmixin.py:205} WARNING - Dependency <Task(_PythonDecoratedOperator): prepare_email>, send_email already registered for DAG: example_dag_decorator
[2024-05-04T15:58:37.254+0000] {taskmixin.py:205} WARNING - Dependency <Task(EmailOperator): send_email>, prepare_email already registered for DAG: example_dag_decorator
[2024-05-04T15:58:37.254+0000] {taskmixin.py:205} WARNING - Dependency <Task(_PythonDecoratedOperator): prepare_email>, send_email already registered for DAG: example_dag_decorator
[2024-05-04T15:58:37.254+0000] {taskmixin.py:205} WARNING - Dependency <Task(EmailOperator): send_email>, prepare_email already registered for DAG: example_dag_decorator
[2024-05-04T15:58:37.254+0000] {taskmixin.py:205} WARNING - Dependency <Task(_PythonDecoratedOperator): prepare_email>, send_email already registered for DAG: example_dag_decorator
[2024-05-04T15:58:37.254+0000] {taskmixin.py:205} WARNING - Dependency <Task(EmailOperator): send_email>, prepare_email already registered for DAG: example_dag_decorator
[2024-05-04T15:58:37.263+0000] {taskmixin.py:205} WARNING - Dependency <Task(_PythonDecoratedOperator): print_the_context>, log_sql_query already registered for DAG: example_python_operator
[2024-05-04T15:58:37.263+0000] {taskmixin.py:205} WARNING - Dependency <Task(_PythonDecoratedOperator): log_sql_query>, print_the_context already registered for DAG: example_python_operator
[2024-05-04T15:58:37.264+0000] {taskmixin.py:205} WARNING - Dependency <Task(_PythonDecoratedOperator): print_the_context>, log_sql_query already registered for DAG: example_python_operator
[2024-05-04T15:58:37.264+0000] {taskmixin.py:205} WARNING - Dependency <Task(_PythonDecoratedOperator): log_sql_query>, print_the_context already registered for DAG: example_python_operator
[2024-05-04T15:58:37.265+0000] {taskmixin.py:205} WARNING - Dependency <Task(_PythonDecoratedOperator): print_the_context>, log_sql_query already registered for DAG: example_python_operator
[2024-05-04T15:58:37.265+0000] {taskmixin.py:205} WARNING - Dependency <Task(_PythonDecoratedOperator): log_sql_query>, print_the_context already registered for DAG: example_python_operator
[2024-05-04T15:58:37.266+0000] {taskmixin.py:205} WARNING - Dependency <Task(_PythonDecoratedOperator): print_the_context>, log_sql_query already registered for DAG: example_python_operator
[2024-05-04T15:58:37.266+0000] {taskmixin.py:205} WARNING - Dependency <Task(_PythonDecoratedOperator): log_sql_query>, print_the_context already registered for DAG: example_python_operator
[2024-05-04T15:58:37.276+0000] {taskmixin.py:205} WARNING - Dependency <Task(_PythonDecoratedOperator): extract>, transform already registered for DAG: tutorial_taskflow_api
[2024-05-04T15:58:37.276+0000] {taskmixin.py:205} WARNING - Dependency <Task(_PythonDecoratedOperator): transform>, extract already registered for DAG: tutorial_taskflow_api
[2024-05-04T15:58:37.277+0000] {taskmixin.py:205} WARNING - Dependency <Task(_PythonDecoratedOperator): extract>, transform already registered for DAG: tutorial_taskflow_api
[2024-05-04T15:58:37.277+0000] {taskmixin.py:205} WARNING - Dependency <Task(_PythonDecoratedOperator): transform>, extract already registered for DAG: tutorial_taskflow_api
[2024-05-04T15:58:37.277+0000] {taskmixin.py:205} WARNING - Dependency <Task(_PythonDecoratedOperator): extract>, transform already registered for DAG: tutorial_taskflow_api
[2024-05-04T15:58:37.277+0000] {taskmixin.py:205} WARNING - Dependency <Task(_PythonDecoratedOperator): transform>, extract already registered for DAG: tutorial_taskflow_api
[2024-05-04T15:58:37.277+0000] {taskmixin.py:205} WARNING - Dependency <Task(_PythonDecoratedOperator): extract>, transform already registered for DAG: tutorial_taskflow_api
[2024-05-04T15:58:37.277+0000] {taskmixin.py:205} WARNING - Dependency <Task(_PythonDecoratedOperator): transform>, extract already registered for DAG: tutorial_taskflow_api
[2024-05-04T15:58:37.278+0000] {taskmixin.py:205} WARNING - Dependency <Task(_PythonDecoratedOperator): extract>, transform already registered for DAG: tutorial_taskflow_api
[2024-05-04T15:58:37.278+0000] {taskmixin.py:205} WARNING - Dependency <Task(_PythonDecoratedOperator): transform>, extract already registered for DAG: tutorial_taskflow_api
[2024-05-04T15:58:37.278+0000] {taskmixin.py:205} WARNING - Dependency <Task(_PythonDecoratedOperator): extract>, transform already registered for DAG: tutorial_taskflow_api
[2024-05-04T15:58:37.278+0000] {taskmixin.py:205} WARNING - Dependency <Task(_PythonDecoratedOperator): transform>, extract already registered for DAG: tutorial_taskflow_api
[2024-05-04T15:58:37.279+0000] {taskmixin.py:205} WARNING - Dependency <Task(_PythonDecoratedOperator): transform>, load already registered for DAG: tutorial_taskflow_api
[2024-05-04T15:58:37.279+0000] {taskmixin.py:205} WARNING - Dependency <Task(_PythonDecoratedOperator): load>, transform already registered for DAG: tutorial_taskflow_api
[2024-05-04T15:58:37.281+0000] {taskmixin.py:205} WARNING - Dependency <Task(_PythonDecoratedOperator): transform>, load already registered for DAG: tutorial_taskflow_api
[2024-05-04T15:58:37.281+0000] {taskmixin.py:205} WARNING - Dependency <Task(_PythonDecoratedOperator): load>, transform already registered for DAG: tutorial_taskflow_api
[2024-05-04T15:58:37.281+0000] {taskmixin.py:205} WARNING - Dependency <Task(_PythonDecoratedOperator): transform>, load already registered for DAG: tutorial_taskflow_api
[2024-05-04T15:58:37.281+0000] {taskmixin.py:205} WARNING - Dependency <Task(_PythonDecoratedOperator): load>, transform already registered for DAG: tutorial_taskflow_api
[2024-05-04T15:58:37.281+0000] {taskmixin.py:205} WARNING - Dependency <Task(_PythonDecoratedOperator): transform>, load already registered for DAG: tutorial_taskflow_api
[2024-05-04T15:58:37.281+0000] {taskmixin.py:205} WARNING - Dependency <Task(_PythonDecoratedOperator): load>, transform already registered for DAG: tutorial_taskflow_api
[2024-05-04T15:58:37.282+0000] {taskmixin.py:205} WARNING - Dependency <Task(_PythonDecoratedOperator): transform>, load already registered for DAG: tutorial_taskflow_api
[2024-05-04T15:58:37.282+0000] {taskmixin.py:205} WARNING - Dependency <Task(_PythonDecoratedOperator): load>, transform already registered for DAG: tutorial_taskflow_api
[2024-05-04T15:58:37.282+0000] {taskmixin.py:205} WARNING - Dependency <Task(_PythonDecoratedOperator): transform>, load already registered for DAG: tutorial_taskflow_api
[2024-05-04T15:58:37.282+0000] {taskmixin.py:205} WARNING - Dependency <Task(_PythonDecoratedOperator): load>, transform already registered for DAG: tutorial_taskflow_api
[2024-05-04T15:58:37.343+0000] {taskmixin.py:205} WARNING - Dependency <Task(BashOperator): create_entry_group>, delete_entry_group already registered for DAG: example_complex
[2024-05-04T15:58:37.344+0000] {taskmixin.py:205} WARNING - Dependency <Task(BashOperator): delete_entry_group>, create_entry_group already registered for DAG: example_complex
[2024-05-04T15:58:37.344+0000] {taskmixin.py:205} WARNING - Dependency <Task(BashOperator): create_entry_gcs>, delete_entry already registered for DAG: example_complex
[2024-05-04T15:58:37.344+0000] {taskmixin.py:205} WARNING - Dependency <Task(BashOperator): delete_entry>, create_entry_gcs already registered for DAG: example_complex
[2024-05-04T15:58:37.345+0000] {taskmixin.py:205} WARNING - Dependency <Task(BashOperator): create_tag>, delete_tag already registered for DAG: example_complex
[2024-05-04T15:58:37.345+0000] {taskmixin.py:205} WARNING - Dependency <Task(BashOperator): delete_tag>, create_tag already registered for DAG: example_complex
[2024-05-04T15:58:37.390+0000] {taskmixin.py:205} WARNING - Dependency <Task(_PythonDecoratedOperator): push_by_returning>, puller already registered for DAG: example_xcom
[2024-05-04T15:58:37.390+0000] {taskmixin.py:205} WARNING - Dependency <Task(_PythonDecoratedOperator): puller>, push_by_returning already registered for DAG: example_xcom
[2024-05-04T15:58:37.400+0000] {taskmixin.py:205} WARNING - Dependency <Task(_PythonDecoratedOperator): push_by_returning>, puller already registered for DAG: example_xcom
[2024-05-04T15:58:37.400+0000] {taskmixin.py:205} WARNING - Dependency <Task(_PythonDecoratedOperator): puller>, push_by_returning already registered for DAG: example_xcom
[2024-05-04T15:58:37.401+0000] {taskmixin.py:205} WARNING - Dependency <Task(_PythonDecoratedOperator): push_by_returning>, puller already registered for DAG: example_xcom
[2024-05-04T15:58:37.401+0000] {taskmixin.py:205} WARNING - Dependency <Task(_PythonDecoratedOperator): puller>, push_by_returning already registered for DAG: example_xcom
[2024-05-04T15:58:37.401+0000] {taskmixin.py:205} WARNING - Dependency <Task(_PythonDecoratedOperator): push_by_returning>, puller already registered for DAG: example_xcom
[2024-05-04T15:58:37.401+0000] {taskmixin.py:205} WARNING - Dependency <Task(_PythonDecoratedOperator): puller>, push_by_returning already registered for DAG: example_xcom
[2024-05-04T15:58:37.401+0000] {taskmixin.py:205} WARNING - Dependency <Task(_PythonDecoratedOperator): push_by_returning>, puller already registered for DAG: example_xcom
[2024-05-04T15:58:37.402+0000] {taskmixin.py:205} WARNING - Dependency <Task(_PythonDecoratedOperator): puller>, push_by_returning already registered for DAG: example_xcom
[2024-05-04T15:58:37.402+0000] {taskmixin.py:205} WARNING - Dependency <Task(_PythonDecoratedOperator): push_by_returning>, puller already registered for DAG: example_xcom
[2024-05-04T15:58:37.402+0000] {taskmixin.py:205} WARNING - Dependency <Task(_PythonDecoratedOperator): puller>, push_by_returning already registered for DAG: example_xcom
[2024-05-04T15:58:37.527+0000] {taskmixin.py:205} WARNING - Dependency <Task(_PythonDecoratedOperator): generate_value>, print_value already registered for DAG: example_xcom_args
[2024-05-04T15:58:37.527+0000] {taskmixin.py:205} WARNING - Dependency <Task(_PythonDecoratedOperator): print_value>, generate_value already registered for DAG: example_xcom_args
[2024-05-04T15:58:37.527+0000] {taskmixin.py:205} WARNING - Dependency <Task(_PythonDecoratedOperator): generate_value>, print_value already registered for DAG: example_xcom_args
[2024-05-04T15:58:37.527+0000] {taskmixin.py:205} WARNING - Dependency <Task(_PythonDecoratedOperator): print_value>, generate_value already registered for DAG: example_xcom_args
[2024-05-04T15:58:37.527+0000] {taskmixin.py:205} WARNING - Dependency <Task(_PythonDecoratedOperator): generate_value>, print_value already registered for DAG: example_xcom_args
[2024-05-04T15:58:37.528+0000] {taskmixin.py:205} WARNING - Dependency <Task(_PythonDecoratedOperator): print_value>, generate_value already registered for DAG: example_xcom_args
[2024-05-04T15:58:37.528+0000] {taskmixin.py:205} WARNING - Dependency <Task(_PythonDecoratedOperator): generate_value>, print_value already registered for DAG: example_xcom_args
[2024-05-04T15:58:37.528+0000] {taskmixin.py:205} WARNING - Dependency <Task(_PythonDecoratedOperator): print_value>, generate_value already registered for DAG: example_xcom_args
[2024-05-04T15:58:37.528+0000] {taskmixin.py:205} WARNING - Dependency <Task(_PythonDecoratedOperator): generate_value>, print_value already registered for DAG: example_xcom_args
[2024-05-04T15:58:37.528+0000] {taskmixin.py:205} WARNING - Dependency <Task(_PythonDecoratedOperator): print_value>, generate_value already registered for DAG: example_xcom_args
[2024-05-04T15:58:37.529+0000] {taskmixin.py:205} WARNING - Dependency <Task(_PythonDecoratedOperator): generate_value>, print_value already registered for DAG: example_xcom_args
[2024-05-04T15:58:37.529+0000] {taskmixin.py:205} WARNING - Dependency <Task(_PythonDecoratedOperator): print_value>, generate_value already registered for DAG: example_xcom_args
[2024-05-04T15:58:37.840+0000] {taskmixin.py:205} WARNING - Dependency <Task(_PythonDecoratedOperator): task_group_function.task_1>, task_group_function.task_2 already registered for DAG: example_task_group_decorator
[2024-05-04T15:58:37.840+0000] {taskmixin.py:205} WARNING - Dependency <Task(_PythonDecoratedOperator): task_group_function.task_2>, task_group_function.task_1 already registered for DAG: example_task_group_decorator
[2024-05-04T15:58:37.840+0000] {taskmixin.py:205} WARNING - Dependency <Task(_PythonDecoratedOperator): task_group_function.task_1>, task_group_function.task_2 already registered for DAG: example_task_group_decorator
[2024-05-04T15:58:37.840+0000] {taskmixin.py:205} WARNING - Dependency <Task(_PythonDecoratedOperator): task_group_function.task_2>, task_group_function.task_1 already registered for DAG: example_task_group_decorator
[2024-05-04T15:58:37.841+0000] {taskmixin.py:205} WARNING - Dependency <Task(_PythonDecoratedOperator): task_group_function.task_1>, task_group_function.task_2 already registered for DAG: example_task_group_decorator
[2024-05-04T15:58:37.841+0000] {taskmixin.py:205} WARNING - Dependency <Task(_PythonDecoratedOperator): task_group_function.task_2>, task_group_function.task_1 already registered for DAG: example_task_group_decorator
[2024-05-04T15:58:37.841+0000] {taskmixin.py:205} WARNING - Dependency <Task(_PythonDecoratedOperator): task_group_function.task_1>, task_group_function.task_2 already registered for DAG: example_task_group_decorator
[2024-05-04T15:58:37.841+0000] {taskmixin.py:205} WARNING - Dependency <Task(_PythonDecoratedOperator): task_group_function.task_2>, task_group_function.task_1 already registered for DAG: example_task_group_decorator
[2024-05-04T15:58:37.841+0000] {taskmixin.py:205} WARNING - Dependency <Task(_PythonDecoratedOperator): task_group_function.task_1>, task_group_function.task_2 already registered for DAG: example_task_group_decorator
[2024-05-04T15:58:37.841+0000] {taskmixin.py:205} WARNING - Dependency <Task(_PythonDecoratedOperator): task_group_function.task_2>, task_group_function.task_1 already registered for DAG: example_task_group_decorator
[2024-05-04T15:58:37.842+0000] {taskmixin.py:205} WARNING - Dependency <Task(_PythonDecoratedOperator): task_group_function.task_1>, task_group_function.task_2 already registered for DAG: example_task_group_decorator
[2024-05-04T15:58:37.842+0000] {taskmixin.py:205} WARNING - Dependency <Task(_PythonDecoratedOperator): task_group_function.task_2>, task_group_function.task_1 already registered for DAG: example_task_group_decorator
[2024-05-04T15:58:37.867+0000] {taskmixin.py:205} WARNING - Dependency <Task(_PythonDecoratedOperator): task_group_function.task_2>, task_group_function.task_3 already registered for DAG: example_task_group_decorator
[2024-05-04T15:58:37.867+0000] {taskmixin.py:205} WARNING - Dependency <Task(_PythonDecoratedOperator): task_group_function.task_3>, task_group_function.task_2 already registered for DAG: example_task_group_decorator
[2024-05-04T15:58:37.867+0000] {taskmixin.py:205} WARNING - Dependency <Task(_PythonDecoratedOperator): task_group_function.task_2>, task_group_function.task_3 already registered for DAG: example_task_group_decorator
[2024-05-04T15:58:37.867+0000] {taskmixin.py:205} WARNING - Dependency <Task(_PythonDecoratedOperator): task_group_function.task_3>, task_group_function.task_2 already registered for DAG: example_task_group_decorator
[2024-05-04T15:58:37.868+0000] {taskmixin.py:205} WARNING - Dependency <Task(_PythonDecoratedOperator): task_group_function.task_2>, task_group_function.task_3 already registered for DAG: example_task_group_decorator
[2024-05-04T15:58:37.868+0000] {taskmixin.py:205} WARNING - Dependency <Task(_PythonDecoratedOperator): task_group_function.task_3>, task_group_function.task_2 already registered for DAG: example_task_group_decorator
[2024-05-04T15:58:37.868+0000] {taskmixin.py:205} WARNING - Dependency <Task(_PythonDecoratedOperator): task_group_function.task_2>, task_group_function.task_3 already registered for DAG: example_task_group_decorator
[2024-05-04T15:58:37.868+0000] {taskmixin.py:205} WARNING - Dependency <Task(_PythonDecoratedOperator): task_group_function.task_3>, task_group_function.task_2 already registered for DAG: example_task_group_decorator
[2024-05-04T15:58:37.868+0000] {taskmixin.py:205} WARNING - Dependency <Task(_PythonDecoratedOperator): task_group_function.task_2>, task_group_function.task_3 already registered for DAG: example_task_group_decorator
[2024-05-04T15:58:37.869+0000] {taskmixin.py:205} WARNING - Dependency <Task(_PythonDecoratedOperator): task_group_function.task_3>, task_group_function.task_2 already registered for DAG: example_task_group_decorator
[2024-05-04T15:58:37.869+0000] {taskmixin.py:205} WARNING - Dependency <Task(_PythonDecoratedOperator): task_group_function.task_2>, task_group_function.task_3 already registered for DAG: example_task_group_decorator
[2024-05-04T15:58:37.869+0000] {taskmixin.py:205} WARNING - Dependency <Task(_PythonDecoratedOperator): task_group_function.task_3>, task_group_function.task_2 already registered for DAG: example_task_group_decorator
[2024-05-04T15:58:37.885+0000] {taskmixin.py:205} WARNING - Dependency <Task(_PythonDecoratedOperator): task_group_function__1.task_1>, task_group_function__1.task_2 already registered for DAG: example_task_group_decorator
[2024-05-04T15:58:37.886+0000] {taskmixin.py:205} WARNING - Dependency <Task(_PythonDecoratedOperator): task_group_function__1.task_2>, task_group_function__1.task_1 already registered for DAG: example_task_group_decorator
[2024-05-04T15:58:37.886+0000] {taskmixin.py:205} WARNING - Dependency <Task(_PythonDecoratedOperator): task_group_function__1.task_1>, task_group_function__1.task_2 already registered for DAG: example_task_group_decorator
[2024-05-04T15:58:37.886+0000] {taskmixin.py:205} WARNING - Dependency <Task(_PythonDecoratedOperator): task_group_function__1.task_2>, task_group_function__1.task_1 already registered for DAG: example_task_group_decorator
[2024-05-04T15:58:37.886+0000] {taskmixin.py:205} WARNING - Dependency <Task(_PythonDecoratedOperator): task_group_function__1.task_1>, task_group_function__1.task_2 already registered for DAG: example_task_group_decorator
[2024-05-04T15:58:37.886+0000] {taskmixin.py:205} WARNING - Dependency <Task(_PythonDecoratedOperator): task_group_function__1.task_2>, task_group_function__1.task_1 already registered for DAG: example_task_group_decorator
[2024-05-04T15:58:37.887+0000] {taskmixin.py:205} WARNING - Dependency <Task(_PythonDecoratedOperator): task_group_function__1.task_1>, task_group_function__1.task_2 already registered for DAG: example_task_group_decorator
[2024-05-04T15:58:37.887+0000] {taskmixin.py:205} WARNING - Dependency <Task(_PythonDecoratedOperator): task_group_function__1.task_2>, task_group_function__1.task_1 already registered for DAG: example_task_group_decorator
[2024-05-04T15:58:37.887+0000] {taskmixin.py:205} WARNING - Dependency <Task(_PythonDecoratedOperator): task_group_function__1.task_1>, task_group_function__1.task_2 already registered for DAG: example_task_group_decorator
[2024-05-04T15:58:37.887+0000] {taskmixin.py:205} WARNING - Dependency <Task(_PythonDecoratedOperator): task_group_function__1.task_2>, task_group_function__1.task_1 already registered for DAG: example_task_group_decorator
[2024-05-04T15:58:37.887+0000] {taskmixin.py:205} WARNING - Dependency <Task(_PythonDecoratedOperator): task_group_function__1.task_1>, task_group_function__1.task_2 already registered for DAG: example_task_group_decorator
[2024-05-04T15:58:37.887+0000] {taskmixin.py:205} WARNING - Dependency <Task(_PythonDecoratedOperator): task_group_function__1.task_2>, task_group_function__1.task_1 already registered for DAG: example_task_group_decorator
[2024-05-04T15:58:37.888+0000] {taskmixin.py:205} WARNING - Dependency <Task(_PythonDecoratedOperator): task_group_function__1.task_2>, task_group_function__1.task_3 already registered for DAG: example_task_group_decorator
[2024-05-04T15:58:37.888+0000] {taskmixin.py:205} WARNING - Dependency <Task(_PythonDecoratedOperator): task_group_function__1.task_3>, task_group_function__1.task_2 already registered for DAG: example_task_group_decorator
[2024-05-04T15:58:37.888+0000] {taskmixin.py:205} WARNING - Dependency <Task(_PythonDecoratedOperator): task_group_function__1.task_2>, task_group_function__1.task_3 already registered for DAG: example_task_group_decorator
[2024-05-04T15:58:37.888+0000] {taskmixin.py:205} WARNING - Dependency <Task(_PythonDecoratedOperator): task_group_function__1.task_3>, task_group_function__1.task_2 already registered for DAG: example_task_group_decorator
[2024-05-04T15:58:37.895+0000] {taskmixin.py:205} WARNING - Dependency <Task(_PythonDecoratedOperator): task_group_function__1.task_2>, task_group_function__1.task_3 already registered for DAG: example_task_group_decorator
[2024-05-04T15:58:37.895+0000] {taskmixin.py:205} WARNING - Dependency <Task(_PythonDecoratedOperator): task_group_function__1.task_3>, task_group_function__1.task_2 already registered for DAG: example_task_group_decorator
[2024-05-04T15:58:37.895+0000] {taskmixin.py:205} WARNING - Dependency <Task(_PythonDecoratedOperator): task_group_function__1.task_2>, task_group_function__1.task_3 already registered for DAG: example_task_group_decorator
[2024-05-04T15:58:37.895+0000] {taskmixin.py:205} WARNING - Dependency <Task(_PythonDecoratedOperator): task_group_function__1.task_3>, task_group_function__1.task_2 already registered for DAG: example_task_group_decorator
[2024-05-04T15:58:37.907+0000] {taskmixin.py:205} WARNING - Dependency <Task(_PythonDecoratedOperator): task_group_function__1.task_2>, task_group_function__1.task_3 already registered for DAG: example_task_group_decorator
[2024-05-04T15:58:37.907+0000] {taskmixin.py:205} WARNING - Dependency <Task(_PythonDecoratedOperator): task_group_function__1.task_3>, task_group_function__1.task_2 already registered for DAG: example_task_group_decorator
[2024-05-04T15:58:37.907+0000] {taskmixin.py:205} WARNING - Dependency <Task(_PythonDecoratedOperator): task_group_function__1.task_2>, task_group_function__1.task_3 already registered for DAG: example_task_group_decorator
[2024-05-04T15:58:37.907+0000] {taskmixin.py:205} WARNING - Dependency <Task(_PythonDecoratedOperator): task_group_function__1.task_3>, task_group_function__1.task_2 already registered for DAG: example_task_group_decorator
[2024-05-04T15:58:37.917+0000] {taskmixin.py:205} WARNING - Dependency <Task(_PythonDecoratedOperator): task_group_function__2.task_1>, task_group_function__2.task_2 already registered for DAG: example_task_group_decorator
[2024-05-04T15:58:37.917+0000] {taskmixin.py:205} WARNING - Dependency <Task(_PythonDecoratedOperator): task_group_function__2.task_2>, task_group_function__2.task_1 already registered for DAG: example_task_group_decorator
[2024-05-04T15:58:37.917+0000] {taskmixin.py:205} WARNING - Dependency <Task(_PythonDecoratedOperator): task_group_function__2.task_1>, task_group_function__2.task_2 already registered for DAG: example_task_group_decorator
[2024-05-04T15:58:37.917+0000] {taskmixin.py:205} WARNING - Dependency <Task(_PythonDecoratedOperator): task_group_function__2.task_2>, task_group_function__2.task_1 already registered for DAG: example_task_group_decorator
[2024-05-04T15:58:37.918+0000] {taskmixin.py:205} WARNING - Dependency <Task(_PythonDecoratedOperator): task_group_function__2.task_1>, task_group_function__2.task_2 already registered for DAG: example_task_group_decorator
[2024-05-04T15:58:37.918+0000] {taskmixin.py:205} WARNING - Dependency <Task(_PythonDecoratedOperator): task_group_function__2.task_2>, task_group_function__2.task_1 already registered for DAG: example_task_group_decorator
[2024-05-04T15:58:37.922+0000] {taskmixin.py:205} WARNING - Dependency <Task(_PythonDecoratedOperator): task_group_function__2.task_1>, task_group_function__2.task_2 already registered for DAG: example_task_group_decorator
[2024-05-04T15:58:37.922+0000] {taskmixin.py:205} WARNING - Dependency <Task(_PythonDecoratedOperator): task_group_function__2.task_2>, task_group_function__2.task_1 already registered for DAG: example_task_group_decorator
[2024-05-04T15:58:37.923+0000] {taskmixin.py:205} WARNING - Dependency <Task(_PythonDecoratedOperator): task_group_function__2.task_1>, task_group_function__2.task_2 already registered for DAG: example_task_group_decorator
[2024-05-04T15:58:37.923+0000] {taskmixin.py:205} WARNING - Dependency <Task(_PythonDecoratedOperator): task_group_function__2.task_2>, task_group_function__2.task_1 already registered for DAG: example_task_group_decorator
[2024-05-04T15:58:37.923+0000] {taskmixin.py:205} WARNING - Dependency <Task(_PythonDecoratedOperator): task_group_function__2.task_1>, task_group_function__2.task_2 already registered for DAG: example_task_group_decorator
[2024-05-04T15:58:37.923+0000] {taskmixin.py:205} WARNING - Dependency <Task(_PythonDecoratedOperator): task_group_function__2.task_2>, task_group_function__2.task_1 already registered for DAG: example_task_group_decorator
[2024-05-04T15:58:37.924+0000] {taskmixin.py:205} WARNING - Dependency <Task(_PythonDecoratedOperator): task_group_function__2.task_2>, task_group_function__2.task_3 already registered for DAG: example_task_group_decorator
[2024-05-04T15:58:37.924+0000] {taskmixin.py:205} WARNING - Dependency <Task(_PythonDecoratedOperator): task_group_function__2.task_3>, task_group_function__2.task_2 already registered for DAG: example_task_group_decorator
[2024-05-04T15:58:37.924+0000] {taskmixin.py:205} WARNING - Dependency <Task(_PythonDecoratedOperator): task_group_function__2.task_2>, task_group_function__2.task_3 already registered for DAG: example_task_group_decorator
[2024-05-04T15:58:37.924+0000] {taskmixin.py:205} WARNING - Dependency <Task(_PythonDecoratedOperator): task_group_function__2.task_3>, task_group_function__2.task_2 already registered for DAG: example_task_group_decorator
[2024-05-04T15:58:37.925+0000] {taskmixin.py:205} WARNING - Dependency <Task(_PythonDecoratedOperator): task_group_function__2.task_2>, task_group_function__2.task_3 already registered for DAG: example_task_group_decorator
[2024-05-04T15:58:37.925+0000] {taskmixin.py:205} WARNING - Dependency <Task(_PythonDecoratedOperator): task_group_function__2.task_3>, task_group_function__2.task_2 already registered for DAG: example_task_group_decorator
[2024-05-04T15:58:37.925+0000] {taskmixin.py:205} WARNING - Dependency <Task(_PythonDecoratedOperator): task_group_function__2.task_2>, task_group_function__2.task_3 already registered for DAG: example_task_group_decorator
[2024-05-04T15:58:37.925+0000] {taskmixin.py:205} WARNING - Dependency <Task(_PythonDecoratedOperator): task_group_function__2.task_3>, task_group_function__2.task_2 already registered for DAG: example_task_group_decorator
[2024-05-04T15:58:37.925+0000] {taskmixin.py:205} WARNING - Dependency <Task(_PythonDecoratedOperator): task_group_function__2.task_2>, task_group_function__2.task_3 already registered for DAG: example_task_group_decorator
[2024-05-04T15:58:37.925+0000] {taskmixin.py:205} WARNING - Dependency <Task(_PythonDecoratedOperator): task_group_function__2.task_3>, task_group_function__2.task_2 already registered for DAG: example_task_group_decorator
[2024-05-04T15:58:37.926+0000] {taskmixin.py:205} WARNING - Dependency <Task(_PythonDecoratedOperator): task_group_function__2.task_2>, task_group_function__2.task_3 already registered for DAG: example_task_group_decorator
[2024-05-04T15:58:37.926+0000] {taskmixin.py:205} WARNING - Dependency <Task(_PythonDecoratedOperator): task_group_function__2.task_3>, task_group_function__2.task_2 already registered for DAG: example_task_group_decorator
[2024-05-04T15:58:37.939+0000] {taskmixin.py:205} WARNING - Dependency <Task(_PythonDecoratedOperator): task_group_function__3.task_1>, task_group_function__3.task_2 already registered for DAG: example_task_group_decorator
[2024-05-04T15:58:37.940+0000] {taskmixin.py:205} WARNING - Dependency <Task(_PythonDecoratedOperator): task_group_function__3.task_2>, task_group_function__3.task_1 already registered for DAG: example_task_group_decorator
[2024-05-04T15:58:37.940+0000] {taskmixin.py:205} WARNING - Dependency <Task(_PythonDecoratedOperator): task_group_function__3.task_1>, task_group_function__3.task_2 already registered for DAG: example_task_group_decorator
[2024-05-04T15:58:37.940+0000] {taskmixin.py:205} WARNING - Dependency <Task(_PythonDecoratedOperator): task_group_function__3.task_2>, task_group_function__3.task_1 already registered for DAG: example_task_group_decorator
[2024-05-04T15:58:37.940+0000] {taskmixin.py:205} WARNING - Dependency <Task(_PythonDecoratedOperator): task_group_function__3.task_1>, task_group_function__3.task_2 already registered for DAG: example_task_group_decorator
[2024-05-04T15:58:37.940+0000] {taskmixin.py:205} WARNING - Dependency <Task(_PythonDecoratedOperator): task_group_function__3.task_2>, task_group_function__3.task_1 already registered for DAG: example_task_group_decorator
[2024-05-04T15:58:37.950+0000] {taskmixin.py:205} WARNING - Dependency <Task(_PythonDecoratedOperator): task_group_function__3.task_1>, task_group_function__3.task_2 already registered for DAG: example_task_group_decorator
[2024-05-04T15:58:37.950+0000] {taskmixin.py:205} WARNING - Dependency <Task(_PythonDecoratedOperator): task_group_function__3.task_2>, task_group_function__3.task_1 already registered for DAG: example_task_group_decorator
[2024-05-04T15:58:37.950+0000] {taskmixin.py:205} WARNING - Dependency <Task(_PythonDecoratedOperator): task_group_function__3.task_1>, task_group_function__3.task_2 already registered for DAG: example_task_group_decorator
[2024-05-04T15:58:37.950+0000] {taskmixin.py:205} WARNING - Dependency <Task(_PythonDecoratedOperator): task_group_function__3.task_2>, task_group_function__3.task_1 already registered for DAG: example_task_group_decorator
[2024-05-04T15:58:37.951+0000] {taskmixin.py:205} WARNING - Dependency <Task(_PythonDecoratedOperator): task_group_function__3.task_1>, task_group_function__3.task_2 already registered for DAG: example_task_group_decorator
[2024-05-04T15:58:37.951+0000] {taskmixin.py:205} WARNING - Dependency <Task(_PythonDecoratedOperator): task_group_function__3.task_2>, task_group_function__3.task_1 already registered for DAG: example_task_group_decorator
[2024-05-04T15:58:37.951+0000] {taskmixin.py:205} WARNING - Dependency <Task(_PythonDecoratedOperator): task_group_function__3.task_2>, task_group_function__3.task_3 already registered for DAG: example_task_group_decorator
[2024-05-04T15:58:37.952+0000] {taskmixin.py:205} WARNING - Dependency <Task(_PythonDecoratedOperator): task_group_function__3.task_3>, task_group_function__3.task_2 already registered for DAG: example_task_group_decorator
[2024-05-04T15:58:37.952+0000] {taskmixin.py:205} WARNING - Dependency <Task(_PythonDecoratedOperator): task_group_function__3.task_2>, task_group_function__3.task_3 already registered for DAG: example_task_group_decorator
[2024-05-04T15:58:37.952+0000] {taskmixin.py:205} WARNING - Dependency <Task(_PythonDecoratedOperator): task_group_function__3.task_3>, task_group_function__3.task_2 already registered for DAG: example_task_group_decorator
[2024-05-04T15:58:37.952+0000] {taskmixin.py:205} WARNING - Dependency <Task(_PythonDecoratedOperator): task_group_function__3.task_2>, task_group_function__3.task_3 already registered for DAG: example_task_group_decorator
[2024-05-04T15:58:37.952+0000] {taskmixin.py:205} WARNING - Dependency <Task(_PythonDecoratedOperator): task_group_function__3.task_3>, task_group_function__3.task_2 already registered for DAG: example_task_group_decorator
[2024-05-04T15:58:37.952+0000] {taskmixin.py:205} WARNING - Dependency <Task(_PythonDecoratedOperator): task_group_function__3.task_2>, task_group_function__3.task_3 already registered for DAG: example_task_group_decorator
[2024-05-04T15:58:37.953+0000] {taskmixin.py:205} WARNING - Dependency <Task(_PythonDecoratedOperator): task_group_function__3.task_3>, task_group_function__3.task_2 already registered for DAG: example_task_group_decorator
[2024-05-04T15:58:37.953+0000] {taskmixin.py:205} WARNING - Dependency <Task(_PythonDecoratedOperator): task_group_function__3.task_2>, task_group_function__3.task_3 already registered for DAG: example_task_group_decorator
[2024-05-04T15:58:37.953+0000] {taskmixin.py:205} WARNING - Dependency <Task(_PythonDecoratedOperator): task_group_function__3.task_3>, task_group_function__3.task_2 already registered for DAG: example_task_group_decorator
[2024-05-04T15:58:37.953+0000] {taskmixin.py:205} WARNING - Dependency <Task(_PythonDecoratedOperator): task_group_function__3.task_2>, task_group_function__3.task_3 already registered for DAG: example_task_group_decorator
[2024-05-04T15:58:37.953+0000] {taskmixin.py:205} WARNING - Dependency <Task(_PythonDecoratedOperator): task_group_function__3.task_3>, task_group_function__3.task_2 already registered for DAG: example_task_group_decorator
[2024-05-04T15:58:37.987+0000] {taskmixin.py:205} WARNING - Dependency <Task(_PythonDecoratedOperator): task_group_function__4.task_1>, task_group_function__4.task_2 already registered for DAG: example_task_group_decorator
[2024-05-04T15:58:37.987+0000] {taskmixin.py:205} WARNING - Dependency <Task(_PythonDecoratedOperator): task_group_function__4.task_2>, task_group_function__4.task_1 already registered for DAG: example_task_group_decorator
[2024-05-04T15:58:37.987+0000] {taskmixin.py:205} WARNING - Dependency <Task(_PythonDecoratedOperator): task_group_function__4.task_1>, task_group_function__4.task_2 already registered for DAG: example_task_group_decorator
[2024-05-04T15:58:37.987+0000] {taskmixin.py:205} WARNING - Dependency <Task(_PythonDecoratedOperator): task_group_function__4.task_2>, task_group_function__4.task_1 already registered for DAG: example_task_group_decorator
[2024-05-04T15:58:37.988+0000] {taskmixin.py:205} WARNING - Dependency <Task(_PythonDecoratedOperator): task_group_function__4.task_1>, task_group_function__4.task_2 already registered for DAG: example_task_group_decorator
[2024-05-04T15:58:37.988+0000] {taskmixin.py:205} WARNING - Dependency <Task(_PythonDecoratedOperator): task_group_function__4.task_2>, task_group_function__4.task_1 already registered for DAG: example_task_group_decorator
[2024-05-04T15:58:37.988+0000] {taskmixin.py:205} WARNING - Dependency <Task(_PythonDecoratedOperator): task_group_function__4.task_1>, task_group_function__4.task_2 already registered for DAG: example_task_group_decorator
[2024-05-04T15:58:37.988+0000] {taskmixin.py:205} WARNING - Dependency <Task(_PythonDecoratedOperator): task_group_function__4.task_2>, task_group_function__4.task_1 already registered for DAG: example_task_group_decorator
[2024-05-04T15:58:37.988+0000] {taskmixin.py:205} WARNING - Dependency <Task(_PythonDecoratedOperator): task_group_function__4.task_1>, task_group_function__4.task_2 already registered for DAG: example_task_group_decorator
[2024-05-04T15:58:37.988+0000] {taskmixin.py:205} WARNING - Dependency <Task(_PythonDecoratedOperator): task_group_function__4.task_2>, task_group_function__4.task_1 already registered for DAG: example_task_group_decorator
[2024-05-04T15:58:37.988+0000] {taskmixin.py:205} WARNING - Dependency <Task(_PythonDecoratedOperator): task_group_function__4.task_1>, task_group_function__4.task_2 already registered for DAG: example_task_group_decorator
[2024-05-04T15:58:37.989+0000] {taskmixin.py:205} WARNING - Dependency <Task(_PythonDecoratedOperator): task_group_function__4.task_2>, task_group_function__4.task_1 already registered for DAG: example_task_group_decorator
[2024-05-04T15:58:37.989+0000] {taskmixin.py:205} WARNING - Dependency <Task(_PythonDecoratedOperator): task_group_function__4.task_2>, task_group_function__4.task_3 already registered for DAG: example_task_group_decorator
[2024-05-04T15:58:37.989+0000] {taskmixin.py:205} WARNING - Dependency <Task(_PythonDecoratedOperator): task_group_function__4.task_3>, task_group_function__4.task_2 already registered for DAG: example_task_group_decorator
[2024-05-04T15:58:37.990+0000] {taskmixin.py:205} WARNING - Dependency <Task(_PythonDecoratedOperator): task_group_function__4.task_2>, task_group_function__4.task_3 already registered for DAG: example_task_group_decorator
[2024-05-04T15:58:37.990+0000] {taskmixin.py:205} WARNING - Dependency <Task(_PythonDecoratedOperator): task_group_function__4.task_3>, task_group_function__4.task_2 already registered for DAG: example_task_group_decorator
[2024-05-04T15:58:38.014+0000] {taskmixin.py:205} WARNING - Dependency <Task(_PythonDecoratedOperator): task_group_function__4.task_2>, task_group_function__4.task_3 already registered for DAG: example_task_group_decorator
[2024-05-04T15:58:38.014+0000] {taskmixin.py:205} WARNING - Dependency <Task(_PythonDecoratedOperator): task_group_function__4.task_3>, task_group_function__4.task_2 already registered for DAG: example_task_group_decorator
[2024-05-04T15:58:38.014+0000] {taskmixin.py:205} WARNING - Dependency <Task(_PythonDecoratedOperator): task_group_function__4.task_2>, task_group_function__4.task_3 already registered for DAG: example_task_group_decorator
[2024-05-04T15:58:38.014+0000] {taskmixin.py:205} WARNING - Dependency <Task(_PythonDecoratedOperator): task_group_function__4.task_3>, task_group_function__4.task_2 already registered for DAG: example_task_group_decorator
[2024-05-04T15:58:38.015+0000] {taskmixin.py:205} WARNING - Dependency <Task(_PythonDecoratedOperator): task_group_function__4.task_2>, task_group_function__4.task_3 already registered for DAG: example_task_group_decorator
[2024-05-04T15:58:38.015+0000] {taskmixin.py:205} WARNING - Dependency <Task(_PythonDecoratedOperator): task_group_function__4.task_3>, task_group_function__4.task_2 already registered for DAG: example_task_group_decorator
[2024-05-04T15:58:38.015+0000] {taskmixin.py:205} WARNING - Dependency <Task(_PythonDecoratedOperator): task_group_function__4.task_2>, task_group_function__4.task_3 already registered for DAG: example_task_group_decorator
[2024-05-04T15:58:38.015+0000] {taskmixin.py:205} WARNING - Dependency <Task(_PythonDecoratedOperator): task_group_function__4.task_3>, task_group_function__4.task_2 already registered for DAG: example_task_group_decorator
[2024-05-04T15:58:38.031+0000] {taskmixin.py:205} WARNING - Dependency <Task(_PythonVirtualenvDecoratedOperator): extract>, transform already registered for DAG: tutorial_taskflow_api_virtualenv
[2024-05-04T15:58:38.031+0000] {taskmixin.py:205} WARNING - Dependency <Task(_PythonDecoratedOperator): transform>, extract already registered for DAG: tutorial_taskflow_api_virtualenv
[2024-05-04T15:58:38.051+0000] {taskmixin.py:205} WARNING - Dependency <Task(_PythonVirtualenvDecoratedOperator): extract>, transform already registered for DAG: tutorial_taskflow_api_virtualenv
[2024-05-04T15:58:38.051+0000] {taskmixin.py:205} WARNING - Dependency <Task(_PythonDecoratedOperator): transform>, extract already registered for DAG: tutorial_taskflow_api_virtualenv
[2024-05-04T15:58:38.052+0000] {taskmixin.py:205} WARNING - Dependency <Task(_PythonVirtualenvDecoratedOperator): extract>, transform already registered for DAG: tutorial_taskflow_api_virtualenv
[2024-05-04T15:58:38.052+0000] {taskmixin.py:205} WARNING - Dependency <Task(_PythonDecoratedOperator): transform>, extract already registered for DAG: tutorial_taskflow_api_virtualenv
[2024-05-04T15:58:38.052+0000] {taskmixin.py:205} WARNING - Dependency <Task(_PythonVirtualenvDecoratedOperator): extract>, transform already registered for DAG: tutorial_taskflow_api_virtualenv
[2024-05-04T15:58:38.052+0000] {taskmixin.py:205} WARNING - Dependency <Task(_PythonDecoratedOperator): transform>, extract already registered for DAG: tutorial_taskflow_api_virtualenv
[2024-05-04T15:58:38.052+0000] {taskmixin.py:205} WARNING - Dependency <Task(_PythonVirtualenvDecoratedOperator): extract>, transform already registered for DAG: tutorial_taskflow_api_virtualenv
[2024-05-04T15:58:38.052+0000] {taskmixin.py:205} WARNING - Dependency <Task(_PythonDecoratedOperator): transform>, extract already registered for DAG: tutorial_taskflow_api_virtualenv
[2024-05-04T15:58:38.058+0000] {taskmixin.py:205} WARNING - Dependency <Task(_PythonVirtualenvDecoratedOperator): extract>, transform already registered for DAG: tutorial_taskflow_api_virtualenv
[2024-05-04T15:58:38.059+0000] {taskmixin.py:205} WARNING - Dependency <Task(_PythonDecoratedOperator): transform>, extract already registered for DAG: tutorial_taskflow_api_virtualenv
[2024-05-04T15:58:38.065+0000] {taskmixin.py:205} WARNING - Dependency <Task(_PythonDecoratedOperator): transform>, load already registered for DAG: tutorial_taskflow_api_virtualenv
[2024-05-04T15:58:38.065+0000] {taskmixin.py:205} WARNING - Dependency <Task(_PythonDecoratedOperator): load>, transform already registered for DAG: tutorial_taskflow_api_virtualenv
[2024-05-04T15:58:38.065+0000] {taskmixin.py:205} WARNING - Dependency <Task(_PythonDecoratedOperator): transform>, load already registered for DAG: tutorial_taskflow_api_virtualenv
[2024-05-04T15:58:38.065+0000] {taskmixin.py:205} WARNING - Dependency <Task(_PythonDecoratedOperator): load>, transform already registered for DAG: tutorial_taskflow_api_virtualenv
[2024-05-04T15:58:38.065+0000] {taskmixin.py:205} WARNING - Dependency <Task(_PythonDecoratedOperator): transform>, load already registered for DAG: tutorial_taskflow_api_virtualenv
[2024-05-04T15:58:38.065+0000] {taskmixin.py:205} WARNING - Dependency <Task(_PythonDecoratedOperator): load>, transform already registered for DAG: tutorial_taskflow_api_virtualenv
[2024-05-04T15:58:38.066+0000] {taskmixin.py:205} WARNING - Dependency <Task(_PythonDecoratedOperator): transform>, load already registered for DAG: tutorial_taskflow_api_virtualenv
[2024-05-04T15:58:38.066+0000] {taskmixin.py:205} WARNING - Dependency <Task(_PythonDecoratedOperator): load>, transform already registered for DAG: tutorial_taskflow_api_virtualenv
[2024-05-04T15:58:38.066+0000] {taskmixin.py:205} WARNING - Dependency <Task(_PythonDecoratedOperator): transform>, load already registered for DAG: tutorial_taskflow_api_virtualenv
[2024-05-04T15:58:38.066+0000] {taskmixin.py:205} WARNING - Dependency <Task(_PythonDecoratedOperator): load>, transform already registered for DAG: tutorial_taskflow_api_virtualenv
[2024-05-04T15:58:38.066+0000] {taskmixin.py:205} WARNING - Dependency <Task(_PythonDecoratedOperator): transform>, load already registered for DAG: tutorial_taskflow_api_virtualenv
[2024-05-04T15:58:38.067+0000] {taskmixin.py:205} WARNING - Dependency <Task(_PythonDecoratedOperator): load>, transform already registered for DAG: tutorial_taskflow_api_virtualenv
[2024-05-04T15:58:38.399+0000] {task_command.py:384} INFO - Running <TaskInstance: daily_data_update.fetch_data_and_upload_to_s3 scheduled__2024-04-05T00:00:00+00:00 [running]> on host 064c42616a62
[2024-05-04T15:58:38.706+0000] {taskinstance.py:1592} INFO - Exporting the following env vars:
AIRFLOW_CTX_DAG_OWNER=***
AIRFLOW_CTX_DAG_ID=daily_data_update
AIRFLOW_CTX_TASK_ID=fetch_data_and_upload_to_s3
AIRFLOW_CTX_EXECUTION_DATE=2024-04-05T00:00:00+00:00
AIRFLOW_CTX_TRY_NUMBER=1
AIRFLOW_CTX_DAG_RUN_ID=scheduled__2024-04-05T00:00:00+00:00
[2024-05-04T15:58:38.944+0000] {logging_mixin.py:117} INFO - Failed to retrieve data from the API
[2024-05-04T15:58:38.945+0000] {python.py:177} INFO - Done. Returned value was: None
[2024-05-04T15:58:38.957+0000] {taskinstance.py:1406} INFO - Marking task as SUCCESS. dag_id=daily_data_update, task_id=fetch_data_and_upload_to_s3, execution_date=20240405T000000, start_date=20240504T155832, end_date=20240504T155838
[2024-05-04T15:58:39.161+0000] {local_task_job.py:164} INFO - Task exited with return code 0
[2024-05-04T15:58:39.209+0000] {local_task_job.py:273} INFO - 0 downstream tasks scheduled from follow-on schedule check
