[2024-05-04T15:58:03.944+0000] {processor.py:156} INFO - Started process (PID=275) to work on /home/airflow/.local/lib/python3.7/site-packages/airflow/example_dags/example_xcom.py
[2024-05-04T15:58:03.945+0000] {processor.py:758} INFO - Processing file /home/airflow/.local/lib/python3.7/site-packages/airflow/example_dags/example_xcom.py for tasks to queue
[2024-05-04T15:58:03.947+0000] {logging_mixin.py:117} INFO - [2024-05-04T15:58:03.946+0000] {dagbag.py:525} INFO - Filling up the DagBag from /home/airflow/.local/lib/python3.7/site-packages/airflow/example_dags/example_xcom.py
[2024-05-04T15:58:03.995+0000] {processor.py:768} INFO - DAG(s) dict_keys(['example_xcom']) retrieved from /home/airflow/.local/lib/python3.7/site-packages/airflow/example_dags/example_xcom.py
[2024-05-04T15:58:04.439+0000] {logging_mixin.py:117} INFO - [2024-05-04T15:58:04.439+0000] {manager.py:507} INFO - Created Permission View: can read on DAG:example_xcom
[2024-05-04T15:58:04.471+0000] {logging_mixin.py:117} INFO - [2024-05-04T15:58:04.471+0000] {manager.py:507} INFO - Created Permission View: can edit on DAG:example_xcom
[2024-05-04T15:58:04.487+0000] {logging_mixin.py:117} INFO - [2024-05-04T15:58:04.487+0000] {manager.py:507} INFO - Created Permission View: can delete on DAG:example_xcom
[2024-05-04T15:58:04.487+0000] {logging_mixin.py:117} INFO - [2024-05-04T15:58:04.487+0000] {dag.py:2573} INFO - Sync 1 DAGs
[2024-05-04T15:58:04.512+0000] {logging_mixin.py:117} INFO - [2024-05-04T15:58:04.512+0000] {dag.py:2594} INFO - Creating ORM DAG for example_xcom
[2024-05-04T15:58:04.543+0000] {logging_mixin.py:117} INFO - [2024-05-04T15:58:04.543+0000] {dag.py:3328} INFO - Setting next_dagrun for example_xcom to 2021-01-01T00:00:00+00:00, run_after=2021-01-01T00:00:00+00:00
[2024-05-04T15:58:04.589+0000] {processor.py:178} INFO - Processing /home/airflow/.local/lib/python3.7/site-packages/airflow/example_dags/example_xcom.py took 0.648 seconds
[2024-05-04T15:58:40.855+0000] {processor.py:156} INFO - Started process (PID=534) to work on /home/airflow/.local/lib/python3.7/site-packages/airflow/example_dags/example_xcom.py
[2024-05-04T15:58:40.878+0000] {processor.py:758} INFO - Processing file /home/airflow/.local/lib/python3.7/site-packages/airflow/example_dags/example_xcom.py for tasks to queue
[2024-05-04T15:58:40.879+0000] {logging_mixin.py:117} INFO - [2024-05-04T15:58:40.879+0000] {dagbag.py:525} INFO - Filling up the DagBag from /home/airflow/.local/lib/python3.7/site-packages/airflow/example_dags/example_xcom.py
[2024-05-04T15:58:41.096+0000] {processor.py:768} INFO - DAG(s) dict_keys(['example_xcom']) retrieved from /home/airflow/.local/lib/python3.7/site-packages/airflow/example_dags/example_xcom.py
[2024-05-04T15:58:41.288+0000] {logging_mixin.py:117} INFO - [2024-05-04T15:58:41.288+0000] {dag.py:2573} INFO - Sync 1 DAGs
[2024-05-04T15:58:41.941+0000] {logging_mixin.py:117} INFO - [2024-05-04T15:58:41.941+0000] {dag.py:3328} INFO - Setting next_dagrun for example_xcom to 2021-01-01T00:00:00+00:00, run_after=2021-01-01T00:00:00+00:00
[2024-05-04T15:58:42.042+0000] {processor.py:178} INFO - Processing /home/airflow/.local/lib/python3.7/site-packages/airflow/example_dags/example_xcom.py took 1.190 seconds
[2024-05-04T15:59:12.899+0000] {processor.py:156} INFO - Started process (PID=793) to work on /home/airflow/.local/lib/python3.7/site-packages/airflow/example_dags/example_xcom.py
[2024-05-04T15:59:12.900+0000] {processor.py:758} INFO - Processing file /home/airflow/.local/lib/python3.7/site-packages/airflow/example_dags/example_xcom.py for tasks to queue
[2024-05-04T15:59:12.901+0000] {logging_mixin.py:117} INFO - [2024-05-04T15:59:12.900+0000] {dagbag.py:525} INFO - Filling up the DagBag from /home/airflow/.local/lib/python3.7/site-packages/airflow/example_dags/example_xcom.py
[2024-05-04T15:59:12.930+0000] {processor.py:768} INFO - DAG(s) dict_keys(['example_xcom']) retrieved from /home/airflow/.local/lib/python3.7/site-packages/airflow/example_dags/example_xcom.py
[2024-05-04T15:59:13.086+0000] {logging_mixin.py:117} INFO - [2024-05-04T15:59:13.086+0000] {dag.py:2573} INFO - Sync 1 DAGs
[2024-05-04T15:59:13.107+0000] {logging_mixin.py:117} INFO - [2024-05-04T15:59:13.107+0000] {dag.py:3328} INFO - Setting next_dagrun for example_xcom to 2021-01-01T00:00:00+00:00, run_after=2021-01-01T00:00:00+00:00
[2024-05-04T15:59:13.136+0000] {processor.py:178} INFO - Processing /home/airflow/.local/lib/python3.7/site-packages/airflow/example_dags/example_xcom.py took 0.240 seconds
[2024-05-04T15:59:43.170+0000] {processor.py:156} INFO - Started process (PID=1006) to work on /home/airflow/.local/lib/python3.7/site-packages/airflow/example_dags/example_xcom.py
[2024-05-04T15:59:43.171+0000] {processor.py:758} INFO - Processing file /home/airflow/.local/lib/python3.7/site-packages/airflow/example_dags/example_xcom.py for tasks to queue
[2024-05-04T15:59:43.172+0000] {logging_mixin.py:117} INFO - [2024-05-04T15:59:43.171+0000] {dagbag.py:525} INFO - Filling up the DagBag from /home/airflow/.local/lib/python3.7/site-packages/airflow/example_dags/example_xcom.py
[2024-05-04T15:59:43.194+0000] {processor.py:768} INFO - DAG(s) dict_keys(['example_xcom']) retrieved from /home/airflow/.local/lib/python3.7/site-packages/airflow/example_dags/example_xcom.py
[2024-05-04T15:59:43.356+0000] {logging_mixin.py:117} INFO - [2024-05-04T15:59:43.356+0000] {dag.py:2573} INFO - Sync 1 DAGs
[2024-05-04T15:59:43.374+0000] {logging_mixin.py:117} INFO - [2024-05-04T15:59:43.374+0000] {dag.py:3328} INFO - Setting next_dagrun for example_xcom to 2021-01-01T00:00:00+00:00, run_after=2021-01-01T00:00:00+00:00
[2024-05-04T15:59:43.394+0000] {processor.py:178} INFO - Processing /home/airflow/.local/lib/python3.7/site-packages/airflow/example_dags/example_xcom.py took 0.227 seconds
[2024-05-04T16:00:13.518+0000] {processor.py:156} INFO - Started process (PID=1219) to work on /home/airflow/.local/lib/python3.7/site-packages/airflow/example_dags/example_xcom.py
[2024-05-04T16:00:13.519+0000] {processor.py:758} INFO - Processing file /home/airflow/.local/lib/python3.7/site-packages/airflow/example_dags/example_xcom.py for tasks to queue
[2024-05-04T16:00:13.519+0000] {logging_mixin.py:117} INFO - [2024-05-04T16:00:13.519+0000] {dagbag.py:525} INFO - Filling up the DagBag from /home/airflow/.local/lib/python3.7/site-packages/airflow/example_dags/example_xcom.py
[2024-05-04T16:00:13.540+0000] {processor.py:768} INFO - DAG(s) dict_keys(['example_xcom']) retrieved from /home/airflow/.local/lib/python3.7/site-packages/airflow/example_dags/example_xcom.py
[2024-05-04T16:00:13.677+0000] {logging_mixin.py:117} INFO - [2024-05-04T16:00:13.677+0000] {dag.py:2573} INFO - Sync 1 DAGs
[2024-05-04T16:00:13.695+0000] {logging_mixin.py:117} INFO - [2024-05-04T16:00:13.695+0000] {dag.py:3328} INFO - Setting next_dagrun for example_xcom to 2021-01-01T00:00:00+00:00, run_after=2021-01-01T00:00:00+00:00
[2024-05-04T16:00:13.716+0000] {processor.py:178} INFO - Processing /home/airflow/.local/lib/python3.7/site-packages/airflow/example_dags/example_xcom.py took 0.200 seconds
[2024-05-04T16:00:43.908+0000] {processor.py:156} INFO - Started process (PID=1423) to work on /home/airflow/.local/lib/python3.7/site-packages/airflow/example_dags/example_xcom.py
[2024-05-04T16:00:43.908+0000] {processor.py:758} INFO - Processing file /home/airflow/.local/lib/python3.7/site-packages/airflow/example_dags/example_xcom.py for tasks to queue
[2024-05-04T16:00:43.909+0000] {logging_mixin.py:117} INFO - [2024-05-04T16:00:43.909+0000] {dagbag.py:525} INFO - Filling up the DagBag from /home/airflow/.local/lib/python3.7/site-packages/airflow/example_dags/example_xcom.py
[2024-05-04T16:00:44.040+0000] {processor.py:768} INFO - DAG(s) dict_keys(['example_xcom']) retrieved from /home/airflow/.local/lib/python3.7/site-packages/airflow/example_dags/example_xcom.py
[2024-05-04T16:00:44.068+0000] {logging_mixin.py:117} INFO - [2024-05-04T16:00:44.068+0000] {dag.py:2573} INFO - Sync 1 DAGs
[2024-05-04T16:00:44.087+0000] {logging_mixin.py:117} INFO - [2024-05-04T16:00:44.087+0000] {dag.py:3328} INFO - Setting next_dagrun for example_xcom to 2021-01-01T00:00:00+00:00, run_after=2021-01-01T00:00:00+00:00
[2024-05-04T16:00:44.107+0000] {processor.py:178} INFO - Processing /home/airflow/.local/lib/python3.7/site-packages/airflow/example_dags/example_xcom.py took 0.201 seconds
[2024-05-04T16:01:14.394+0000] {processor.py:156} INFO - Started process (PID=1636) to work on /home/airflow/.local/lib/python3.7/site-packages/airflow/example_dags/example_xcom.py
[2024-05-04T16:01:14.394+0000] {processor.py:758} INFO - Processing file /home/airflow/.local/lib/python3.7/site-packages/airflow/example_dags/example_xcom.py for tasks to queue
[2024-05-04T16:01:14.395+0000] {logging_mixin.py:117} INFO - [2024-05-04T16:01:14.395+0000] {dagbag.py:525} INFO - Filling up the DagBag from /home/airflow/.local/lib/python3.7/site-packages/airflow/example_dags/example_xcom.py
[2024-05-04T16:01:14.416+0000] {processor.py:768} INFO - DAG(s) dict_keys(['example_xcom']) retrieved from /home/airflow/.local/lib/python3.7/site-packages/airflow/example_dags/example_xcom.py
[2024-05-04T16:01:14.450+0000] {logging_mixin.py:117} INFO - [2024-05-04T16:01:14.450+0000] {dag.py:2573} INFO - Sync 1 DAGs
[2024-05-04T16:01:14.472+0000] {logging_mixin.py:117} INFO - [2024-05-04T16:01:14.471+0000] {dag.py:3328} INFO - Setting next_dagrun for example_xcom to 2021-01-01T00:00:00+00:00, run_after=2021-01-01T00:00:00+00:00
[2024-05-04T16:01:14.492+0000] {processor.py:178} INFO - Processing /home/airflow/.local/lib/python3.7/site-packages/airflow/example_dags/example_xcom.py took 0.101 seconds
[2024-05-04T16:01:45.029+0000] {processor.py:156} INFO - Started process (PID=1849) to work on /home/airflow/.local/lib/python3.7/site-packages/airflow/example_dags/example_xcom.py
[2024-05-04T16:01:45.029+0000] {processor.py:758} INFO - Processing file /home/airflow/.local/lib/python3.7/site-packages/airflow/example_dags/example_xcom.py for tasks to queue
[2024-05-04T16:01:45.030+0000] {logging_mixin.py:117} INFO - [2024-05-04T16:01:45.030+0000] {dagbag.py:525} INFO - Filling up the DagBag from /home/airflow/.local/lib/python3.7/site-packages/airflow/example_dags/example_xcom.py
[2024-05-04T16:01:45.059+0000] {processor.py:768} INFO - DAG(s) dict_keys(['example_xcom']) retrieved from /home/airflow/.local/lib/python3.7/site-packages/airflow/example_dags/example_xcom.py
[2024-05-04T16:01:45.105+0000] {logging_mixin.py:117} INFO - [2024-05-04T16:01:45.105+0000] {dag.py:2573} INFO - Sync 1 DAGs
[2024-05-04T16:01:45.133+0000] {logging_mixin.py:117} INFO - [2024-05-04T16:01:45.133+0000] {dag.py:3328} INFO - Setting next_dagrun for example_xcom to 2021-01-01T00:00:00+00:00, run_after=2021-01-01T00:00:00+00:00
[2024-05-04T16:01:45.155+0000] {processor.py:178} INFO - Processing /home/airflow/.local/lib/python3.7/site-packages/airflow/example_dags/example_xcom.py took 0.129 seconds
[2024-05-04T16:02:15.898+0000] {processor.py:156} INFO - Started process (PID=2062) to work on /home/airflow/.local/lib/python3.7/site-packages/airflow/example_dags/example_xcom.py
[2024-05-04T16:02:15.898+0000] {processor.py:758} INFO - Processing file /home/airflow/.local/lib/python3.7/site-packages/airflow/example_dags/example_xcom.py for tasks to queue
[2024-05-04T16:02:15.899+0000] {logging_mixin.py:117} INFO - [2024-05-04T16:02:15.899+0000] {dagbag.py:525} INFO - Filling up the DagBag from /home/airflow/.local/lib/python3.7/site-packages/airflow/example_dags/example_xcom.py
[2024-05-04T16:02:15.928+0000] {processor.py:768} INFO - DAG(s) dict_keys(['example_xcom']) retrieved from /home/airflow/.local/lib/python3.7/site-packages/airflow/example_dags/example_xcom.py
[2024-05-04T16:02:15.972+0000] {logging_mixin.py:117} INFO - [2024-05-04T16:02:15.972+0000] {dag.py:2573} INFO - Sync 1 DAGs
[2024-05-04T16:02:15.999+0000] {logging_mixin.py:117} INFO - [2024-05-04T16:02:15.999+0000] {dag.py:3328} INFO - Setting next_dagrun for example_xcom to 2021-01-01T00:00:00+00:00, run_after=2021-01-01T00:00:00+00:00
[2024-05-04T16:02:16.022+0000] {processor.py:178} INFO - Processing /home/airflow/.local/lib/python3.7/site-packages/airflow/example_dags/example_xcom.py took 0.127 seconds
[2024-05-04T16:02:46.611+0000] {processor.py:156} INFO - Started process (PID=2266) to work on /home/airflow/.local/lib/python3.7/site-packages/airflow/example_dags/example_xcom.py
[2024-05-04T16:02:46.612+0000] {processor.py:758} INFO - Processing file /home/airflow/.local/lib/python3.7/site-packages/airflow/example_dags/example_xcom.py for tasks to queue
[2024-05-04T16:02:46.613+0000] {logging_mixin.py:117} INFO - [2024-05-04T16:02:46.613+0000] {dagbag.py:525} INFO - Filling up the DagBag from /home/airflow/.local/lib/python3.7/site-packages/airflow/example_dags/example_xcom.py
[2024-05-04T16:02:46.634+0000] {processor.py:768} INFO - DAG(s) dict_keys(['example_xcom']) retrieved from /home/airflow/.local/lib/python3.7/site-packages/airflow/example_dags/example_xcom.py
[2024-05-04T16:02:46.673+0000] {logging_mixin.py:117} INFO - [2024-05-04T16:02:46.673+0000] {dag.py:2573} INFO - Sync 1 DAGs
[2024-05-04T16:02:46.703+0000] {logging_mixin.py:117} INFO - [2024-05-04T16:02:46.702+0000] {dag.py:3328} INFO - Setting next_dagrun for example_xcom to 2021-01-01T00:00:00+00:00, run_after=2021-01-01T00:00:00+00:00
[2024-05-04T16:02:46.724+0000] {processor.py:178} INFO - Processing /home/airflow/.local/lib/python3.7/site-packages/airflow/example_dags/example_xcom.py took 0.116 seconds
[2024-05-04T16:03:17.460+0000] {processor.py:156} INFO - Started process (PID=2480) to work on /home/airflow/.local/lib/python3.7/site-packages/airflow/example_dags/example_xcom.py
[2024-05-04T16:03:17.460+0000] {processor.py:758} INFO - Processing file /home/airflow/.local/lib/python3.7/site-packages/airflow/example_dags/example_xcom.py for tasks to queue
[2024-05-04T16:03:17.461+0000] {logging_mixin.py:117} INFO - [2024-05-04T16:03:17.461+0000] {dagbag.py:525} INFO - Filling up the DagBag from /home/airflow/.local/lib/python3.7/site-packages/airflow/example_dags/example_xcom.py
[2024-05-04T16:03:17.481+0000] {processor.py:768} INFO - DAG(s) dict_keys(['example_xcom']) retrieved from /home/airflow/.local/lib/python3.7/site-packages/airflow/example_dags/example_xcom.py
[2024-05-04T16:03:17.517+0000] {logging_mixin.py:117} INFO - [2024-05-04T16:03:17.517+0000] {dag.py:2573} INFO - Sync 1 DAGs
[2024-05-04T16:03:17.538+0000] {logging_mixin.py:117} INFO - [2024-05-04T16:03:17.538+0000] {dag.py:3328} INFO - Setting next_dagrun for example_xcom to 2021-01-01T00:00:00+00:00, run_after=2021-01-01T00:00:00+00:00
[2024-05-04T16:03:17.559+0000] {processor.py:178} INFO - Processing /home/airflow/.local/lib/python3.7/site-packages/airflow/example_dags/example_xcom.py took 0.103 seconds
[2024-05-04T16:03:48.071+0000] {processor.py:156} INFO - Started process (PID=2693) to work on /home/airflow/.local/lib/python3.7/site-packages/airflow/example_dags/example_xcom.py
[2024-05-04T16:03:48.071+0000] {processor.py:758} INFO - Processing file /home/airflow/.local/lib/python3.7/site-packages/airflow/example_dags/example_xcom.py for tasks to queue
[2024-05-04T16:03:48.073+0000] {logging_mixin.py:117} INFO - [2024-05-04T16:03:48.072+0000] {dagbag.py:525} INFO - Filling up the DagBag from /home/airflow/.local/lib/python3.7/site-packages/airflow/example_dags/example_xcom.py
[2024-05-04T16:03:48.093+0000] {processor.py:768} INFO - DAG(s) dict_keys(['example_xcom']) retrieved from /home/airflow/.local/lib/python3.7/site-packages/airflow/example_dags/example_xcom.py
[2024-05-04T16:03:48.128+0000] {logging_mixin.py:117} INFO - [2024-05-04T16:03:48.128+0000] {dag.py:2573} INFO - Sync 1 DAGs
[2024-05-04T16:03:48.149+0000] {logging_mixin.py:117} INFO - [2024-05-04T16:03:48.148+0000] {dag.py:3328} INFO - Setting next_dagrun for example_xcom to 2021-01-01T00:00:00+00:00, run_after=2021-01-01T00:00:00+00:00
[2024-05-04T16:03:48.171+0000] {processor.py:178} INFO - Processing /home/airflow/.local/lib/python3.7/site-packages/airflow/example_dags/example_xcom.py took 0.103 seconds
[2024-05-04T16:04:18.631+0000] {processor.py:156} INFO - Started process (PID=2906) to work on /home/airflow/.local/lib/python3.7/site-packages/airflow/example_dags/example_xcom.py
[2024-05-04T16:04:18.631+0000] {processor.py:758} INFO - Processing file /home/airflow/.local/lib/python3.7/site-packages/airflow/example_dags/example_xcom.py for tasks to queue
[2024-05-04T16:04:18.632+0000] {logging_mixin.py:117} INFO - [2024-05-04T16:04:18.632+0000] {dagbag.py:525} INFO - Filling up the DagBag from /home/airflow/.local/lib/python3.7/site-packages/airflow/example_dags/example_xcom.py
[2024-05-04T16:04:18.653+0000] {processor.py:768} INFO - DAG(s) dict_keys(['example_xcom']) retrieved from /home/airflow/.local/lib/python3.7/site-packages/airflow/example_dags/example_xcom.py
[2024-05-04T16:04:18.692+0000] {logging_mixin.py:117} INFO - [2024-05-04T16:04:18.692+0000] {dag.py:2573} INFO - Sync 1 DAGs
[2024-05-04T16:04:18.721+0000] {logging_mixin.py:117} INFO - [2024-05-04T16:04:18.721+0000] {dag.py:3328} INFO - Setting next_dagrun for example_xcom to 2021-01-01T00:00:00+00:00, run_after=2021-01-01T00:00:00+00:00
[2024-05-04T16:04:18.744+0000] {processor.py:178} INFO - Processing /home/airflow/.local/lib/python3.7/site-packages/airflow/example_dags/example_xcom.py took 0.116 seconds
[2024-05-04T16:04:49.193+0000] {processor.py:156} INFO - Started process (PID=3110) to work on /home/airflow/.local/lib/python3.7/site-packages/airflow/example_dags/example_xcom.py
[2024-05-04T16:04:49.193+0000] {processor.py:758} INFO - Processing file /home/airflow/.local/lib/python3.7/site-packages/airflow/example_dags/example_xcom.py for tasks to queue
[2024-05-04T16:04:49.194+0000] {logging_mixin.py:117} INFO - [2024-05-04T16:04:49.194+0000] {dagbag.py:525} INFO - Filling up the DagBag from /home/airflow/.local/lib/python3.7/site-packages/airflow/example_dags/example_xcom.py
[2024-05-04T16:04:49.215+0000] {processor.py:768} INFO - DAG(s) dict_keys(['example_xcom']) retrieved from /home/airflow/.local/lib/python3.7/site-packages/airflow/example_dags/example_xcom.py
[2024-05-04T16:04:49.250+0000] {logging_mixin.py:117} INFO - [2024-05-04T16:04:49.250+0000] {dag.py:2573} INFO - Sync 1 DAGs
[2024-05-04T16:04:49.272+0000] {logging_mixin.py:117} INFO - [2024-05-04T16:04:49.271+0000] {dag.py:3328} INFO - Setting next_dagrun for example_xcom to 2021-01-01T00:00:00+00:00, run_after=2021-01-01T00:00:00+00:00
[2024-05-04T16:04:49.293+0000] {processor.py:178} INFO - Processing /home/airflow/.local/lib/python3.7/site-packages/airflow/example_dags/example_xcom.py took 0.103 seconds
[2024-05-04T16:05:19.906+0000] {processor.py:156} INFO - Started process (PID=3323) to work on /home/airflow/.local/lib/python3.7/site-packages/airflow/example_dags/example_xcom.py
[2024-05-04T16:05:19.907+0000] {processor.py:758} INFO - Processing file /home/airflow/.local/lib/python3.7/site-packages/airflow/example_dags/example_xcom.py for tasks to queue
[2024-05-04T16:05:19.907+0000] {logging_mixin.py:117} INFO - [2024-05-04T16:05:19.907+0000] {dagbag.py:525} INFO - Filling up the DagBag from /home/airflow/.local/lib/python3.7/site-packages/airflow/example_dags/example_xcom.py
[2024-05-04T16:05:19.936+0000] {processor.py:768} INFO - DAG(s) dict_keys(['example_xcom']) retrieved from /home/airflow/.local/lib/python3.7/site-packages/airflow/example_dags/example_xcom.py
[2024-05-04T16:05:19.978+0000] {logging_mixin.py:117} INFO - [2024-05-04T16:05:19.978+0000] {dag.py:2573} INFO - Sync 1 DAGs
[2024-05-04T16:05:19.999+0000] {logging_mixin.py:117} INFO - [2024-05-04T16:05:19.999+0000] {dag.py:3328} INFO - Setting next_dagrun for example_xcom to 2021-01-01T00:00:00+00:00, run_after=2021-01-01T00:00:00+00:00
[2024-05-04T16:05:20.020+0000] {processor.py:178} INFO - Processing /home/airflow/.local/lib/python3.7/site-packages/airflow/example_dags/example_xcom.py took 0.116 seconds
[2024-05-04T16:05:50.548+0000] {processor.py:156} INFO - Started process (PID=3537) to work on /home/airflow/.local/lib/python3.7/site-packages/airflow/example_dags/example_xcom.py
[2024-05-04T16:05:50.549+0000] {processor.py:758} INFO - Processing file /home/airflow/.local/lib/python3.7/site-packages/airflow/example_dags/example_xcom.py for tasks to queue
[2024-05-04T16:05:50.549+0000] {logging_mixin.py:117} INFO - [2024-05-04T16:05:50.549+0000] {dagbag.py:525} INFO - Filling up the DagBag from /home/airflow/.local/lib/python3.7/site-packages/airflow/example_dags/example_xcom.py
[2024-05-04T16:05:50.570+0000] {processor.py:768} INFO - DAG(s) dict_keys(['example_xcom']) retrieved from /home/airflow/.local/lib/python3.7/site-packages/airflow/example_dags/example_xcom.py
[2024-05-04T16:05:50.609+0000] {logging_mixin.py:117} INFO - [2024-05-04T16:05:50.609+0000] {dag.py:2573} INFO - Sync 1 DAGs
[2024-05-04T16:05:50.643+0000] {logging_mixin.py:117} INFO - [2024-05-04T16:05:50.643+0000] {dag.py:3328} INFO - Setting next_dagrun for example_xcom to 2021-01-01T00:00:00+00:00, run_after=2021-01-01T00:00:00+00:00
[2024-05-04T16:05:50.673+0000] {processor.py:178} INFO - Processing /home/airflow/.local/lib/python3.7/site-packages/airflow/example_dags/example_xcom.py took 0.127 seconds
[2024-05-04T16:06:21.358+0000] {processor.py:156} INFO - Started process (PID=3755) to work on /home/airflow/.local/lib/python3.7/site-packages/airflow/example_dags/example_xcom.py
[2024-05-04T16:06:21.359+0000] {processor.py:758} INFO - Processing file /home/airflow/.local/lib/python3.7/site-packages/airflow/example_dags/example_xcom.py for tasks to queue
[2024-05-04T16:06:21.359+0000] {logging_mixin.py:117} INFO - [2024-05-04T16:06:21.359+0000] {dagbag.py:525} INFO - Filling up the DagBag from /home/airflow/.local/lib/python3.7/site-packages/airflow/example_dags/example_xcom.py
[2024-05-04T16:06:21.389+0000] {processor.py:768} INFO - DAG(s) dict_keys(['example_xcom']) retrieved from /home/airflow/.local/lib/python3.7/site-packages/airflow/example_dags/example_xcom.py
[2024-05-04T16:06:21.434+0000] {logging_mixin.py:117} INFO - [2024-05-04T16:06:21.434+0000] {dag.py:2573} INFO - Sync 1 DAGs
[2024-05-04T16:06:21.461+0000] {logging_mixin.py:117} INFO - [2024-05-04T16:06:21.461+0000] {dag.py:3328} INFO - Setting next_dagrun for example_xcom to 2021-01-01T00:00:00+00:00, run_after=2021-01-01T00:00:00+00:00
[2024-05-04T16:06:21.485+0000] {processor.py:178} INFO - Processing /home/airflow/.local/lib/python3.7/site-packages/airflow/example_dags/example_xcom.py took 0.130 seconds
[2024-05-04T16:06:52.322+0000] {processor.py:156} INFO - Started process (PID=3959) to work on /home/airflow/.local/lib/python3.7/site-packages/airflow/example_dags/example_xcom.py
[2024-05-04T16:06:52.323+0000] {processor.py:758} INFO - Processing file /home/airflow/.local/lib/python3.7/site-packages/airflow/example_dags/example_xcom.py for tasks to queue
[2024-05-04T16:06:52.323+0000] {logging_mixin.py:117} INFO - [2024-05-04T16:06:52.323+0000] {dagbag.py:525} INFO - Filling up the DagBag from /home/airflow/.local/lib/python3.7/site-packages/airflow/example_dags/example_xcom.py
[2024-05-04T16:06:52.346+0000] {processor.py:768} INFO - DAG(s) dict_keys(['example_xcom']) retrieved from /home/airflow/.local/lib/python3.7/site-packages/airflow/example_dags/example_xcom.py
[2024-05-04T16:06:52.383+0000] {logging_mixin.py:117} INFO - [2024-05-04T16:06:52.383+0000] {dag.py:2573} INFO - Sync 1 DAGs
[2024-05-04T16:06:52.408+0000] {logging_mixin.py:117} INFO - [2024-05-04T16:06:52.408+0000] {dag.py:3328} INFO - Setting next_dagrun for example_xcom to 2021-01-01T00:00:00+00:00, run_after=2021-01-01T00:00:00+00:00
[2024-05-04T16:06:52.430+0000] {processor.py:178} INFO - Processing /home/airflow/.local/lib/python3.7/site-packages/airflow/example_dags/example_xcom.py took 0.110 seconds
[2024-05-04T16:07:23.045+0000] {processor.py:156} INFO - Started process (PID=4172) to work on /home/airflow/.local/lib/python3.7/site-packages/airflow/example_dags/example_xcom.py
[2024-05-04T16:07:23.045+0000] {processor.py:758} INFO - Processing file /home/airflow/.local/lib/python3.7/site-packages/airflow/example_dags/example_xcom.py for tasks to queue
[2024-05-04T16:07:23.046+0000] {logging_mixin.py:117} INFO - [2024-05-04T16:07:23.046+0000] {dagbag.py:525} INFO - Filling up the DagBag from /home/airflow/.local/lib/python3.7/site-packages/airflow/example_dags/example_xcom.py
[2024-05-04T16:07:23.067+0000] {processor.py:768} INFO - DAG(s) dict_keys(['example_xcom']) retrieved from /home/airflow/.local/lib/python3.7/site-packages/airflow/example_dags/example_xcom.py
[2024-05-04T16:07:23.104+0000] {logging_mixin.py:117} INFO - [2024-05-04T16:07:23.104+0000] {dag.py:2573} INFO - Sync 1 DAGs
[2024-05-04T16:07:23.125+0000] {logging_mixin.py:117} INFO - [2024-05-04T16:07:23.125+0000] {dag.py:3328} INFO - Setting next_dagrun for example_xcom to 2021-01-01T00:00:00+00:00, run_after=2021-01-01T00:00:00+00:00
[2024-05-04T16:07:23.146+0000] {processor.py:178} INFO - Processing /home/airflow/.local/lib/python3.7/site-packages/airflow/example_dags/example_xcom.py took 0.105 seconds
[2024-05-04T16:07:53.534+0000] {processor.py:156} INFO - Started process (PID=4386) to work on /home/airflow/.local/lib/python3.7/site-packages/airflow/example_dags/example_xcom.py
[2024-05-04T16:07:53.535+0000] {processor.py:758} INFO - Processing file /home/airflow/.local/lib/python3.7/site-packages/airflow/example_dags/example_xcom.py for tasks to queue
[2024-05-04T16:07:53.535+0000] {logging_mixin.py:117} INFO - [2024-05-04T16:07:53.535+0000] {dagbag.py:525} INFO - Filling up the DagBag from /home/airflow/.local/lib/python3.7/site-packages/airflow/example_dags/example_xcom.py
[2024-05-04T16:07:53.556+0000] {processor.py:768} INFO - DAG(s) dict_keys(['example_xcom']) retrieved from /home/airflow/.local/lib/python3.7/site-packages/airflow/example_dags/example_xcom.py
[2024-05-04T16:07:53.589+0000] {logging_mixin.py:117} INFO - [2024-05-04T16:07:53.589+0000] {dag.py:2573} INFO - Sync 1 DAGs
[2024-05-04T16:07:53.617+0000] {logging_mixin.py:117} INFO - [2024-05-04T16:07:53.617+0000] {dag.py:3328} INFO - Setting next_dagrun for example_xcom to 2021-01-01T00:00:00+00:00, run_after=2021-01-01T00:00:00+00:00
[2024-05-04T16:07:53.642+0000] {processor.py:178} INFO - Processing /home/airflow/.local/lib/python3.7/site-packages/airflow/example_dags/example_xcom.py took 0.111 seconds
[2024-05-04T16:08:24.052+0000] {processor.py:156} INFO - Started process (PID=4599) to work on /home/airflow/.local/lib/python3.7/site-packages/airflow/example_dags/example_xcom.py
[2024-05-04T16:08:24.053+0000] {processor.py:758} INFO - Processing file /home/airflow/.local/lib/python3.7/site-packages/airflow/example_dags/example_xcom.py for tasks to queue
[2024-05-04T16:08:24.053+0000] {logging_mixin.py:117} INFO - [2024-05-04T16:08:24.053+0000] {dagbag.py:525} INFO - Filling up the DagBag from /home/airflow/.local/lib/python3.7/site-packages/airflow/example_dags/example_xcom.py
[2024-05-04T16:08:24.079+0000] {processor.py:768} INFO - DAG(s) dict_keys(['example_xcom']) retrieved from /home/airflow/.local/lib/python3.7/site-packages/airflow/example_dags/example_xcom.py
[2024-05-04T16:08:24.117+0000] {logging_mixin.py:117} INFO - [2024-05-04T16:08:24.117+0000] {dag.py:2573} INFO - Sync 1 DAGs
[2024-05-04T16:08:24.146+0000] {logging_mixin.py:117} INFO - [2024-05-04T16:08:24.146+0000] {dag.py:3328} INFO - Setting next_dagrun for example_xcom to 2021-01-01T00:00:00+00:00, run_after=2021-01-01T00:00:00+00:00
[2024-05-04T16:08:24.170+0000] {processor.py:178} INFO - Processing /home/airflow/.local/lib/python3.7/site-packages/airflow/example_dags/example_xcom.py took 0.120 seconds
[2024-05-04T16:08:54.868+0000] {processor.py:156} INFO - Started process (PID=4803) to work on /home/airflow/.local/lib/python3.7/site-packages/airflow/example_dags/example_xcom.py
[2024-05-04T16:08:54.869+0000] {processor.py:758} INFO - Processing file /home/airflow/.local/lib/python3.7/site-packages/airflow/example_dags/example_xcom.py for tasks to queue
[2024-05-04T16:08:54.869+0000] {logging_mixin.py:117} INFO - [2024-05-04T16:08:54.869+0000] {dagbag.py:525} INFO - Filling up the DagBag from /home/airflow/.local/lib/python3.7/site-packages/airflow/example_dags/example_xcom.py
[2024-05-04T16:08:54.898+0000] {processor.py:768} INFO - DAG(s) dict_keys(['example_xcom']) retrieved from /home/airflow/.local/lib/python3.7/site-packages/airflow/example_dags/example_xcom.py
[2024-05-04T16:08:54.937+0000] {logging_mixin.py:117} INFO - [2024-05-04T16:08:54.937+0000] {dag.py:2573} INFO - Sync 1 DAGs
[2024-05-04T16:08:54.959+0000] {logging_mixin.py:117} INFO - [2024-05-04T16:08:54.959+0000] {dag.py:3328} INFO - Setting next_dagrun for example_xcom to 2021-01-01T00:00:00+00:00, run_after=2021-01-01T00:00:00+00:00
[2024-05-04T16:08:54.980+0000] {processor.py:178} INFO - Processing /home/airflow/.local/lib/python3.7/site-packages/airflow/example_dags/example_xcom.py took 0.115 seconds
[2024-05-04T16:09:25.468+0000] {processor.py:156} INFO - Started process (PID=5017) to work on /home/airflow/.local/lib/python3.7/site-packages/airflow/example_dags/example_xcom.py
[2024-05-04T16:09:25.469+0000] {processor.py:758} INFO - Processing file /home/airflow/.local/lib/python3.7/site-packages/airflow/example_dags/example_xcom.py for tasks to queue
[2024-05-04T16:09:25.469+0000] {logging_mixin.py:117} INFO - [2024-05-04T16:09:25.469+0000] {dagbag.py:525} INFO - Filling up the DagBag from /home/airflow/.local/lib/python3.7/site-packages/airflow/example_dags/example_xcom.py
[2024-05-04T16:09:25.491+0000] {processor.py:768} INFO - DAG(s) dict_keys(['example_xcom']) retrieved from /home/airflow/.local/lib/python3.7/site-packages/airflow/example_dags/example_xcom.py
[2024-05-04T16:09:25.526+0000] {logging_mixin.py:117} INFO - [2024-05-04T16:09:25.526+0000] {dag.py:2573} INFO - Sync 1 DAGs
[2024-05-04T16:09:25.545+0000] {logging_mixin.py:117} INFO - [2024-05-04T16:09:25.545+0000] {dag.py:3328} INFO - Setting next_dagrun for example_xcom to 2021-01-01T00:00:00+00:00, run_after=2021-01-01T00:00:00+00:00
[2024-05-04T16:09:25.566+0000] {processor.py:178} INFO - Processing /home/airflow/.local/lib/python3.7/site-packages/airflow/example_dags/example_xcom.py took 0.101 seconds
