[2024-05-04T15:57:59.743+0000] {processor.py:156} INFO - Started process (PID=205) to work on /home/airflow/.local/lib/python3.7/site-packages/airflow/example_dags/example_time_delta_sensor_async.py
[2024-05-04T15:57:59.744+0000] {processor.py:758} INFO - Processing file /home/airflow/.local/lib/python3.7/site-packages/airflow/example_dags/example_time_delta_sensor_async.py for tasks to queue
[2024-05-04T15:57:59.744+0000] {logging_mixin.py:117} INFO - [2024-05-04T15:57:59.744+0000] {dagbag.py:525} INFO - Filling up the DagBag from /home/airflow/.local/lib/python3.7/site-packages/airflow/example_dags/example_time_delta_sensor_async.py
[2024-05-04T15:57:59.780+0000] {processor.py:768} INFO - DAG(s) dict_keys(['example_time_delta_sensor_async']) retrieved from /home/airflow/.local/lib/python3.7/site-packages/airflow/example_dags/example_time_delta_sensor_async.py
[2024-05-04T15:58:00.759+0000] {logging_mixin.py:117} INFO - [2024-05-04T15:58:00.758+0000] {manager.py:507} INFO - Created Permission View: can read on DAG:example_time_delta_sensor_async
[2024-05-04T15:58:00.774+0000] {logging_mixin.py:117} INFO - [2024-05-04T15:58:00.773+0000] {manager.py:507} INFO - Created Permission View: can edit on DAG:example_time_delta_sensor_async
[2024-05-04T15:58:00.785+0000] {logging_mixin.py:117} INFO - [2024-05-04T15:58:00.784+0000] {manager.py:507} INFO - Created Permission View: can delete on DAG:example_time_delta_sensor_async
[2024-05-04T15:58:00.785+0000] {logging_mixin.py:117} INFO - [2024-05-04T15:58:00.785+0000] {dag.py:2573} INFO - Sync 1 DAGs
[2024-05-04T15:58:00.799+0000] {logging_mixin.py:117} INFO - [2024-05-04T15:58:00.799+0000] {dag.py:2594} INFO - Creating ORM DAG for example_time_delta_sensor_async
[2024-05-04T15:58:00.810+0000] {logging_mixin.py:117} INFO - [2024-05-04T15:58:00.810+0000] {dag.py:3328} INFO - Setting next_dagrun for example_time_delta_sensor_async to None, run_after=None
[2024-05-04T15:58:00.836+0000] {processor.py:178} INFO - Processing /home/airflow/.local/lib/python3.7/site-packages/airflow/example_dags/example_time_delta_sensor_async.py took 1.096 seconds
[2024-05-04T15:58:31.209+0000] {processor.py:156} INFO - Started process (PID=413) to work on /home/airflow/.local/lib/python3.7/site-packages/airflow/example_dags/example_time_delta_sensor_async.py
[2024-05-04T15:58:31.211+0000] {processor.py:758} INFO - Processing file /home/airflow/.local/lib/python3.7/site-packages/airflow/example_dags/example_time_delta_sensor_async.py for tasks to queue
[2024-05-04T15:58:31.212+0000] {logging_mixin.py:117} INFO - [2024-05-04T15:58:31.212+0000] {dagbag.py:525} INFO - Filling up the DagBag from /home/airflow/.local/lib/python3.7/site-packages/airflow/example_dags/example_time_delta_sensor_async.py
[2024-05-04T15:58:31.321+0000] {processor.py:768} INFO - DAG(s) dict_keys(['example_time_delta_sensor_async']) retrieved from /home/airflow/.local/lib/python3.7/site-packages/airflow/example_dags/example_time_delta_sensor_async.py
[2024-05-04T15:58:32.098+0000] {logging_mixin.py:117} INFO - [2024-05-04T15:58:32.098+0000] {dag.py:2573} INFO - Sync 1 DAGs
[2024-05-04T15:58:32.940+0000] {logging_mixin.py:117} INFO - [2024-05-04T15:58:32.938+0000] {dag.py:3328} INFO - Setting next_dagrun for example_time_delta_sensor_async to None, run_after=None
[2024-05-04T15:58:33.013+0000] {processor.py:178} INFO - Processing /home/airflow/.local/lib/python3.7/site-packages/airflow/example_dags/example_time_delta_sensor_async.py took 1.811 seconds
[2024-05-04T15:59:03.108+0000] {processor.py:156} INFO - Started process (PID=719) to work on /home/airflow/.local/lib/python3.7/site-packages/airflow/example_dags/example_time_delta_sensor_async.py
[2024-05-04T15:59:03.108+0000] {processor.py:758} INFO - Processing file /home/airflow/.local/lib/python3.7/site-packages/airflow/example_dags/example_time_delta_sensor_async.py for tasks to queue
[2024-05-04T15:59:03.109+0000] {logging_mixin.py:117} INFO - [2024-05-04T15:59:03.109+0000] {dagbag.py:525} INFO - Filling up the DagBag from /home/airflow/.local/lib/python3.7/site-packages/airflow/example_dags/example_time_delta_sensor_async.py
[2024-05-04T15:59:03.120+0000] {processor.py:768} INFO - DAG(s) dict_keys(['example_time_delta_sensor_async']) retrieved from /home/airflow/.local/lib/python3.7/site-packages/airflow/example_dags/example_time_delta_sensor_async.py
[2024-05-04T15:59:03.403+0000] {logging_mixin.py:117} INFO - [2024-05-04T15:59:03.403+0000] {dag.py:2573} INFO - Sync 1 DAGs
[2024-05-04T15:59:03.431+0000] {logging_mixin.py:117} INFO - [2024-05-04T15:59:03.431+0000] {dag.py:3328} INFO - Setting next_dagrun for example_time_delta_sensor_async to None, run_after=None
[2024-05-04T15:59:03.452+0000] {processor.py:178} INFO - Processing /home/airflow/.local/lib/python3.7/site-packages/airflow/example_dags/example_time_delta_sensor_async.py took 0.346 seconds
[2024-05-04T15:59:34.154+0000] {processor.py:156} INFO - Started process (PID=932) to work on /home/airflow/.local/lib/python3.7/site-packages/airflow/example_dags/example_time_delta_sensor_async.py
[2024-05-04T15:59:34.155+0000] {processor.py:758} INFO - Processing file /home/airflow/.local/lib/python3.7/site-packages/airflow/example_dags/example_time_delta_sensor_async.py for tasks to queue
[2024-05-04T15:59:34.155+0000] {logging_mixin.py:117} INFO - [2024-05-04T15:59:34.155+0000] {dagbag.py:525} INFO - Filling up the DagBag from /home/airflow/.local/lib/python3.7/site-packages/airflow/example_dags/example_time_delta_sensor_async.py
[2024-05-04T15:59:34.167+0000] {processor.py:768} INFO - DAG(s) dict_keys(['example_time_delta_sensor_async']) retrieved from /home/airflow/.local/lib/python3.7/site-packages/airflow/example_dags/example_time_delta_sensor_async.py
[2024-05-04T15:59:34.449+0000] {logging_mixin.py:117} INFO - [2024-05-04T15:59:34.449+0000] {dag.py:2573} INFO - Sync 1 DAGs
[2024-05-04T15:59:34.475+0000] {logging_mixin.py:117} INFO - [2024-05-04T15:59:34.475+0000] {dag.py:3328} INFO - Setting next_dagrun for example_time_delta_sensor_async to None, run_after=None
[2024-05-04T15:59:34.498+0000] {processor.py:178} INFO - Processing /home/airflow/.local/lib/python3.7/site-packages/airflow/example_dags/example_time_delta_sensor_async.py took 0.346 seconds
[2024-05-04T16:00:04.532+0000] {processor.py:156} INFO - Started process (PID=1145) to work on /home/airflow/.local/lib/python3.7/site-packages/airflow/example_dags/example_time_delta_sensor_async.py
[2024-05-04T16:00:04.532+0000] {processor.py:758} INFO - Processing file /home/airflow/.local/lib/python3.7/site-packages/airflow/example_dags/example_time_delta_sensor_async.py for tasks to queue
[2024-05-04T16:00:04.533+0000] {logging_mixin.py:117} INFO - [2024-05-04T16:00:04.533+0000] {dagbag.py:525} INFO - Filling up the DagBag from /home/airflow/.local/lib/python3.7/site-packages/airflow/example_dags/example_time_delta_sensor_async.py
[2024-05-04T16:00:04.548+0000] {processor.py:768} INFO - DAG(s) dict_keys(['example_time_delta_sensor_async']) retrieved from /home/airflow/.local/lib/python3.7/site-packages/airflow/example_dags/example_time_delta_sensor_async.py
[2024-05-04T16:00:04.838+0000] {logging_mixin.py:117} INFO - [2024-05-04T16:00:04.838+0000] {dag.py:2573} INFO - Sync 1 DAGs
[2024-05-04T16:00:04.864+0000] {logging_mixin.py:117} INFO - [2024-05-04T16:00:04.864+0000] {dag.py:3328} INFO - Setting next_dagrun for example_time_delta_sensor_async to None, run_after=None
[2024-05-04T16:00:04.891+0000] {processor.py:178} INFO - Processing /home/airflow/.local/lib/python3.7/site-packages/airflow/example_dags/example_time_delta_sensor_async.py took 0.362 seconds
[2024-05-04T16:00:35.187+0000] {processor.py:156} INFO - Started process (PID=1358) to work on /home/airflow/.local/lib/python3.7/site-packages/airflow/example_dags/example_time_delta_sensor_async.py
[2024-05-04T16:00:35.187+0000] {processor.py:758} INFO - Processing file /home/airflow/.local/lib/python3.7/site-packages/airflow/example_dags/example_time_delta_sensor_async.py for tasks to queue
[2024-05-04T16:00:35.188+0000] {logging_mixin.py:117} INFO - [2024-05-04T16:00:35.188+0000] {dagbag.py:525} INFO - Filling up the DagBag from /home/airflow/.local/lib/python3.7/site-packages/airflow/example_dags/example_time_delta_sensor_async.py
[2024-05-04T16:00:35.202+0000] {processor.py:768} INFO - DAG(s) dict_keys(['example_time_delta_sensor_async']) retrieved from /home/airflow/.local/lib/python3.7/site-packages/airflow/example_dags/example_time_delta_sensor_async.py
[2024-05-04T16:00:35.514+0000] {logging_mixin.py:117} INFO - [2024-05-04T16:00:35.514+0000] {dag.py:2573} INFO - Sync 1 DAGs
[2024-05-04T16:00:35.544+0000] {logging_mixin.py:117} INFO - [2024-05-04T16:00:35.544+0000] {dag.py:3328} INFO - Setting next_dagrun for example_time_delta_sensor_async to None, run_after=None
[2024-05-04T16:00:35.570+0000] {processor.py:178} INFO - Processing /home/airflow/.local/lib/python3.7/site-packages/airflow/example_dags/example_time_delta_sensor_async.py took 0.387 seconds
[2024-05-04T16:01:05.675+0000] {processor.py:156} INFO - Started process (PID=1562) to work on /home/airflow/.local/lib/python3.7/site-packages/airflow/example_dags/example_time_delta_sensor_async.py
[2024-05-04T16:01:05.676+0000] {processor.py:758} INFO - Processing file /home/airflow/.local/lib/python3.7/site-packages/airflow/example_dags/example_time_delta_sensor_async.py for tasks to queue
[2024-05-04T16:01:05.677+0000] {logging_mixin.py:117} INFO - [2024-05-04T16:01:05.677+0000] {dagbag.py:525} INFO - Filling up the DagBag from /home/airflow/.local/lib/python3.7/site-packages/airflow/example_dags/example_time_delta_sensor_async.py
[2024-05-04T16:01:05.834+0000] {processor.py:768} INFO - DAG(s) dict_keys(['example_time_delta_sensor_async']) retrieved from /home/airflow/.local/lib/python3.7/site-packages/airflow/example_dags/example_time_delta_sensor_async.py
[2024-05-04T16:01:06.048+0000] {logging_mixin.py:117} INFO - [2024-05-04T16:01:06.047+0000] {dag.py:2573} INFO - Sync 1 DAGs
[2024-05-04T16:01:06.068+0000] {logging_mixin.py:117} INFO - [2024-05-04T16:01:06.068+0000] {dag.py:3328} INFO - Setting next_dagrun for example_time_delta_sensor_async to None, run_after=None
[2024-05-04T16:01:06.089+0000] {processor.py:178} INFO - Processing /home/airflow/.local/lib/python3.7/site-packages/airflow/example_dags/example_time_delta_sensor_async.py took 0.417 seconds
[2024-05-04T16:01:36.141+0000] {processor.py:156} INFO - Started process (PID=1780) to work on /home/airflow/.local/lib/python3.7/site-packages/airflow/example_dags/example_time_delta_sensor_async.py
[2024-05-04T16:01:36.142+0000] {processor.py:758} INFO - Processing file /home/airflow/.local/lib/python3.7/site-packages/airflow/example_dags/example_time_delta_sensor_async.py for tasks to queue
[2024-05-04T16:01:36.143+0000] {logging_mixin.py:117} INFO - [2024-05-04T16:01:36.142+0000] {dagbag.py:525} INFO - Filling up the DagBag from /home/airflow/.local/lib/python3.7/site-packages/airflow/example_dags/example_time_delta_sensor_async.py
[2024-05-04T16:01:36.155+0000] {processor.py:768} INFO - DAG(s) dict_keys(['example_time_delta_sensor_async']) retrieved from /home/airflow/.local/lib/python3.7/site-packages/airflow/example_dags/example_time_delta_sensor_async.py
[2024-05-04T16:01:36.349+0000] {logging_mixin.py:117} INFO - [2024-05-04T16:01:36.349+0000] {dag.py:2573} INFO - Sync 1 DAGs
[2024-05-04T16:01:36.376+0000] {logging_mixin.py:117} INFO - [2024-05-04T16:01:36.376+0000] {dag.py:3328} INFO - Setting next_dagrun for example_time_delta_sensor_async to None, run_after=None
[2024-05-04T16:01:36.400+0000] {processor.py:178} INFO - Processing /home/airflow/.local/lib/python3.7/site-packages/airflow/example_dags/example_time_delta_sensor_async.py took 0.260 seconds
[2024-05-04T16:02:06.858+0000] {processor.py:156} INFO - Started process (PID=1988) to work on /home/airflow/.local/lib/python3.7/site-packages/airflow/example_dags/example_time_delta_sensor_async.py
[2024-05-04T16:02:06.858+0000] {processor.py:758} INFO - Processing file /home/airflow/.local/lib/python3.7/site-packages/airflow/example_dags/example_time_delta_sensor_async.py for tasks to queue
[2024-05-04T16:02:06.859+0000] {logging_mixin.py:117} INFO - [2024-05-04T16:02:06.859+0000] {dagbag.py:525} INFO - Filling up the DagBag from /home/airflow/.local/lib/python3.7/site-packages/airflow/example_dags/example_time_delta_sensor_async.py
[2024-05-04T16:02:06.875+0000] {processor.py:768} INFO - DAG(s) dict_keys(['example_time_delta_sensor_async']) retrieved from /home/airflow/.local/lib/python3.7/site-packages/airflow/example_dags/example_time_delta_sensor_async.py
[2024-05-04T16:02:07.094+0000] {logging_mixin.py:117} INFO - [2024-05-04T16:02:07.093+0000] {dag.py:2573} INFO - Sync 1 DAGs
[2024-05-04T16:02:07.123+0000] {logging_mixin.py:117} INFO - [2024-05-04T16:02:07.123+0000] {dag.py:3328} INFO - Setting next_dagrun for example_time_delta_sensor_async to None, run_after=None
[2024-05-04T16:02:07.154+0000] {processor.py:178} INFO - Processing /home/airflow/.local/lib/python3.7/site-packages/airflow/example_dags/example_time_delta_sensor_async.py took 0.299 seconds
[2024-05-04T16:02:37.635+0000] {processor.py:156} INFO - Started process (PID=2201) to work on /home/airflow/.local/lib/python3.7/site-packages/airflow/example_dags/example_time_delta_sensor_async.py
[2024-05-04T16:02:37.636+0000] {processor.py:758} INFO - Processing file /home/airflow/.local/lib/python3.7/site-packages/airflow/example_dags/example_time_delta_sensor_async.py for tasks to queue
[2024-05-04T16:02:37.636+0000] {logging_mixin.py:117} INFO - [2024-05-04T16:02:37.636+0000] {dagbag.py:525} INFO - Filling up the DagBag from /home/airflow/.local/lib/python3.7/site-packages/airflow/example_dags/example_time_delta_sensor_async.py
[2024-05-04T16:02:37.648+0000] {processor.py:768} INFO - DAG(s) dict_keys(['example_time_delta_sensor_async']) retrieved from /home/airflow/.local/lib/python3.7/site-packages/airflow/example_dags/example_time_delta_sensor_async.py
[2024-05-04T16:02:37.867+0000] {logging_mixin.py:117} INFO - [2024-05-04T16:02:37.867+0000] {dag.py:2573} INFO - Sync 1 DAGs
[2024-05-04T16:02:37.888+0000] {logging_mixin.py:117} INFO - [2024-05-04T16:02:37.888+0000] {dag.py:3328} INFO - Setting next_dagrun for example_time_delta_sensor_async to None, run_after=None
[2024-05-04T16:02:37.909+0000] {processor.py:178} INFO - Processing /home/airflow/.local/lib/python3.7/site-packages/airflow/example_dags/example_time_delta_sensor_async.py took 0.276 seconds
[2024-05-04T16:03:08.388+0000] {processor.py:156} INFO - Started process (PID=2406) to work on /home/airflow/.local/lib/python3.7/site-packages/airflow/example_dags/example_time_delta_sensor_async.py
[2024-05-04T16:03:08.389+0000] {processor.py:758} INFO - Processing file /home/airflow/.local/lib/python3.7/site-packages/airflow/example_dags/example_time_delta_sensor_async.py for tasks to queue
[2024-05-04T16:03:08.389+0000] {logging_mixin.py:117} INFO - [2024-05-04T16:03:08.389+0000] {dagbag.py:525} INFO - Filling up the DagBag from /home/airflow/.local/lib/python3.7/site-packages/airflow/example_dags/example_time_delta_sensor_async.py
[2024-05-04T16:03:08.401+0000] {processor.py:768} INFO - DAG(s) dict_keys(['example_time_delta_sensor_async']) retrieved from /home/airflow/.local/lib/python3.7/site-packages/airflow/example_dags/example_time_delta_sensor_async.py
[2024-05-04T16:03:08.605+0000] {logging_mixin.py:117} INFO - [2024-05-04T16:03:08.605+0000] {dag.py:2573} INFO - Sync 1 DAGs
[2024-05-04T16:03:08.629+0000] {logging_mixin.py:117} INFO - [2024-05-04T16:03:08.629+0000] {dag.py:3328} INFO - Setting next_dagrun for example_time_delta_sensor_async to None, run_after=None
[2024-05-04T16:03:08.653+0000] {processor.py:178} INFO - Processing /home/airflow/.local/lib/python3.7/site-packages/airflow/example_dags/example_time_delta_sensor_async.py took 0.268 seconds
[2024-05-04T16:03:39.137+0000] {processor.py:156} INFO - Started process (PID=2619) to work on /home/airflow/.local/lib/python3.7/site-packages/airflow/example_dags/example_time_delta_sensor_async.py
[2024-05-04T16:03:39.138+0000] {processor.py:758} INFO - Processing file /home/airflow/.local/lib/python3.7/site-packages/airflow/example_dags/example_time_delta_sensor_async.py for tasks to queue
[2024-05-04T16:03:39.138+0000] {logging_mixin.py:117} INFO - [2024-05-04T16:03:39.138+0000] {dagbag.py:525} INFO - Filling up the DagBag from /home/airflow/.local/lib/python3.7/site-packages/airflow/example_dags/example_time_delta_sensor_async.py
[2024-05-04T16:03:39.149+0000] {processor.py:768} INFO - DAG(s) dict_keys(['example_time_delta_sensor_async']) retrieved from /home/airflow/.local/lib/python3.7/site-packages/airflow/example_dags/example_time_delta_sensor_async.py
[2024-05-04T16:03:39.330+0000] {logging_mixin.py:117} INFO - [2024-05-04T16:03:39.330+0000] {dag.py:2573} INFO - Sync 1 DAGs
[2024-05-04T16:03:39.355+0000] {logging_mixin.py:117} INFO - [2024-05-04T16:03:39.355+0000] {dag.py:3328} INFO - Setting next_dagrun for example_time_delta_sensor_async to None, run_after=None
[2024-05-04T16:03:39.377+0000] {processor.py:178} INFO - Processing /home/airflow/.local/lib/python3.7/site-packages/airflow/example_dags/example_time_delta_sensor_async.py took 0.243 seconds
[2024-05-04T16:04:09.696+0000] {processor.py:156} INFO - Started process (PID=2832) to work on /home/airflow/.local/lib/python3.7/site-packages/airflow/example_dags/example_time_delta_sensor_async.py
[2024-05-04T16:04:09.697+0000] {processor.py:758} INFO - Processing file /home/airflow/.local/lib/python3.7/site-packages/airflow/example_dags/example_time_delta_sensor_async.py for tasks to queue
[2024-05-04T16:04:09.697+0000] {logging_mixin.py:117} INFO - [2024-05-04T16:04:09.697+0000] {dagbag.py:525} INFO - Filling up the DagBag from /home/airflow/.local/lib/python3.7/site-packages/airflow/example_dags/example_time_delta_sensor_async.py
[2024-05-04T16:04:09.713+0000] {processor.py:768} INFO - DAG(s) dict_keys(['example_time_delta_sensor_async']) retrieved from /home/airflow/.local/lib/python3.7/site-packages/airflow/example_dags/example_time_delta_sensor_async.py
[2024-05-04T16:04:09.923+0000] {logging_mixin.py:117} INFO - [2024-05-04T16:04:09.923+0000] {dag.py:2573} INFO - Sync 1 DAGs
[2024-05-04T16:04:09.942+0000] {logging_mixin.py:117} INFO - [2024-05-04T16:04:09.942+0000] {dag.py:3328} INFO - Setting next_dagrun for example_time_delta_sensor_async to None, run_after=None
[2024-05-04T16:04:09.964+0000] {processor.py:178} INFO - Processing /home/airflow/.local/lib/python3.7/site-packages/airflow/example_dags/example_time_delta_sensor_async.py took 0.271 seconds
[2024-05-04T16:04:40.348+0000] {processor.py:156} INFO - Started process (PID=3045) to work on /home/airflow/.local/lib/python3.7/site-packages/airflow/example_dags/example_time_delta_sensor_async.py
[2024-05-04T16:04:40.348+0000] {processor.py:758} INFO - Processing file /home/airflow/.local/lib/python3.7/site-packages/airflow/example_dags/example_time_delta_sensor_async.py for tasks to queue
[2024-05-04T16:04:40.349+0000] {logging_mixin.py:117} INFO - [2024-05-04T16:04:40.349+0000] {dagbag.py:525} INFO - Filling up the DagBag from /home/airflow/.local/lib/python3.7/site-packages/airflow/example_dags/example_time_delta_sensor_async.py
[2024-05-04T16:04:40.360+0000] {processor.py:768} INFO - DAG(s) dict_keys(['example_time_delta_sensor_async']) retrieved from /home/airflow/.local/lib/python3.7/site-packages/airflow/example_dags/example_time_delta_sensor_async.py
[2024-05-04T16:04:40.522+0000] {logging_mixin.py:117} INFO - [2024-05-04T16:04:40.522+0000] {dag.py:2573} INFO - Sync 1 DAGs
[2024-05-04T16:04:40.543+0000] {logging_mixin.py:117} INFO - [2024-05-04T16:04:40.543+0000] {dag.py:3328} INFO - Setting next_dagrun for example_time_delta_sensor_async to None, run_after=None
[2024-05-04T16:04:40.563+0000] {processor.py:178} INFO - Processing /home/airflow/.local/lib/python3.7/site-packages/airflow/example_dags/example_time_delta_sensor_async.py took 0.218 seconds
[2024-05-04T16:05:10.888+0000] {processor.py:156} INFO - Started process (PID=3249) to work on /home/airflow/.local/lib/python3.7/site-packages/airflow/example_dags/example_time_delta_sensor_async.py
[2024-05-04T16:05:10.888+0000] {processor.py:758} INFO - Processing file /home/airflow/.local/lib/python3.7/site-packages/airflow/example_dags/example_time_delta_sensor_async.py for tasks to queue
[2024-05-04T16:05:10.889+0000] {logging_mixin.py:117} INFO - [2024-05-04T16:05:10.889+0000] {dagbag.py:525} INFO - Filling up the DagBag from /home/airflow/.local/lib/python3.7/site-packages/airflow/example_dags/example_time_delta_sensor_async.py
[2024-05-04T16:05:10.905+0000] {processor.py:768} INFO - DAG(s) dict_keys(['example_time_delta_sensor_async']) retrieved from /home/airflow/.local/lib/python3.7/site-packages/airflow/example_dags/example_time_delta_sensor_async.py
[2024-05-04T16:05:11.080+0000] {logging_mixin.py:117} INFO - [2024-05-04T16:05:11.080+0000] {dag.py:2573} INFO - Sync 1 DAGs
[2024-05-04T16:05:11.101+0000] {logging_mixin.py:117} INFO - [2024-05-04T16:05:11.101+0000] {dag.py:3328} INFO - Setting next_dagrun for example_time_delta_sensor_async to None, run_after=None
[2024-05-04T16:05:11.125+0000] {processor.py:178} INFO - Processing /home/airflow/.local/lib/python3.7/site-packages/airflow/example_dags/example_time_delta_sensor_async.py took 0.240 seconds
[2024-05-04T16:05:41.604+0000] {processor.py:156} INFO - Started process (PID=3463) to work on /home/airflow/.local/lib/python3.7/site-packages/airflow/example_dags/example_time_delta_sensor_async.py
[2024-05-04T16:05:41.604+0000] {processor.py:758} INFO - Processing file /home/airflow/.local/lib/python3.7/site-packages/airflow/example_dags/example_time_delta_sensor_async.py for tasks to queue
[2024-05-04T16:05:41.605+0000] {logging_mixin.py:117} INFO - [2024-05-04T16:05:41.605+0000] {dagbag.py:525} INFO - Filling up the DagBag from /home/airflow/.local/lib/python3.7/site-packages/airflow/example_dags/example_time_delta_sensor_async.py
[2024-05-04T16:05:41.617+0000] {processor.py:768} INFO - DAG(s) dict_keys(['example_time_delta_sensor_async']) retrieved from /home/airflow/.local/lib/python3.7/site-packages/airflow/example_dags/example_time_delta_sensor_async.py
[2024-05-04T16:05:41.779+0000] {logging_mixin.py:117} INFO - [2024-05-04T16:05:41.778+0000] {dag.py:2573} INFO - Sync 1 DAGs
[2024-05-04T16:05:41.798+0000] {logging_mixin.py:117} INFO - [2024-05-04T16:05:41.798+0000] {dag.py:3328} INFO - Setting next_dagrun for example_time_delta_sensor_async to None, run_after=None
[2024-05-04T16:05:41.820+0000] {processor.py:178} INFO - Processing /home/airflow/.local/lib/python3.7/site-packages/airflow/example_dags/example_time_delta_sensor_async.py took 0.218 seconds
[2024-05-04T16:06:12.352+0000] {processor.py:156} INFO - Started process (PID=3675) to work on /home/airflow/.local/lib/python3.7/site-packages/airflow/example_dags/example_time_delta_sensor_async.py
[2024-05-04T16:06:12.353+0000] {processor.py:758} INFO - Processing file /home/airflow/.local/lib/python3.7/site-packages/airflow/example_dags/example_time_delta_sensor_async.py for tasks to queue
[2024-05-04T16:06:12.354+0000] {logging_mixin.py:117} INFO - [2024-05-04T16:06:12.353+0000] {dagbag.py:525} INFO - Filling up the DagBag from /home/airflow/.local/lib/python3.7/site-packages/airflow/example_dags/example_time_delta_sensor_async.py
[2024-05-04T16:06:12.369+0000] {processor.py:768} INFO - DAG(s) dict_keys(['example_time_delta_sensor_async']) retrieved from /home/airflow/.local/lib/python3.7/site-packages/airflow/example_dags/example_time_delta_sensor_async.py
[2024-05-04T16:06:12.543+0000] {logging_mixin.py:117} INFO - [2024-05-04T16:06:12.542+0000] {dag.py:2573} INFO - Sync 1 DAGs
[2024-05-04T16:06:12.563+0000] {logging_mixin.py:117} INFO - [2024-05-04T16:06:12.563+0000] {dag.py:3328} INFO - Setting next_dagrun for example_time_delta_sensor_async to None, run_after=None
[2024-05-04T16:06:12.585+0000] {processor.py:178} INFO - Processing /home/airflow/.local/lib/python3.7/site-packages/airflow/example_dags/example_time_delta_sensor_async.py took 0.235 seconds
[2024-05-04T16:06:43.370+0000] {processor.py:156} INFO - Started process (PID=3894) to work on /home/airflow/.local/lib/python3.7/site-packages/airflow/example_dags/example_time_delta_sensor_async.py
[2024-05-04T16:06:43.370+0000] {processor.py:758} INFO - Processing file /home/airflow/.local/lib/python3.7/site-packages/airflow/example_dags/example_time_delta_sensor_async.py for tasks to queue
[2024-05-04T16:06:43.371+0000] {logging_mixin.py:117} INFO - [2024-05-04T16:06:43.371+0000] {dagbag.py:525} INFO - Filling up the DagBag from /home/airflow/.local/lib/python3.7/site-packages/airflow/example_dags/example_time_delta_sensor_async.py
[2024-05-04T16:06:43.382+0000] {processor.py:768} INFO - DAG(s) dict_keys(['example_time_delta_sensor_async']) retrieved from /home/airflow/.local/lib/python3.7/site-packages/airflow/example_dags/example_time_delta_sensor_async.py
[2024-05-04T16:06:43.546+0000] {logging_mixin.py:117} INFO - [2024-05-04T16:06:43.546+0000] {dag.py:2573} INFO - Sync 1 DAGs
[2024-05-04T16:06:43.565+0000] {logging_mixin.py:117} INFO - [2024-05-04T16:06:43.565+0000] {dag.py:3328} INFO - Setting next_dagrun for example_time_delta_sensor_async to None, run_after=None
[2024-05-04T16:06:43.586+0000] {processor.py:178} INFO - Processing /home/airflow/.local/lib/python3.7/site-packages/airflow/example_dags/example_time_delta_sensor_async.py took 0.220 seconds
[2024-05-04T16:07:13.957+0000] {processor.py:156} INFO - Started process (PID=4098) to work on /home/airflow/.local/lib/python3.7/site-packages/airflow/example_dags/example_time_delta_sensor_async.py
[2024-05-04T16:07:13.958+0000] {processor.py:758} INFO - Processing file /home/airflow/.local/lib/python3.7/site-packages/airflow/example_dags/example_time_delta_sensor_async.py for tasks to queue
[2024-05-04T16:07:13.958+0000] {logging_mixin.py:117} INFO - [2024-05-04T16:07:13.958+0000] {dagbag.py:525} INFO - Filling up the DagBag from /home/airflow/.local/lib/python3.7/site-packages/airflow/example_dags/example_time_delta_sensor_async.py
[2024-05-04T16:07:13.970+0000] {processor.py:768} INFO - DAG(s) dict_keys(['example_time_delta_sensor_async']) retrieved from /home/airflow/.local/lib/python3.7/site-packages/airflow/example_dags/example_time_delta_sensor_async.py
[2024-05-04T16:07:14.209+0000] {logging_mixin.py:117} INFO - [2024-05-04T16:07:14.209+0000] {dag.py:2573} INFO - Sync 1 DAGs
[2024-05-04T16:07:14.229+0000] {logging_mixin.py:117} INFO - [2024-05-04T16:07:14.229+0000] {dag.py:3328} INFO - Setting next_dagrun for example_time_delta_sensor_async to None, run_after=None
[2024-05-04T16:07:14.250+0000] {processor.py:178} INFO - Processing /home/airflow/.local/lib/python3.7/site-packages/airflow/example_dags/example_time_delta_sensor_async.py took 0.295 seconds
[2024-05-04T16:07:44.664+0000] {processor.py:156} INFO - Started process (PID=4312) to work on /home/airflow/.local/lib/python3.7/site-packages/airflow/example_dags/example_time_delta_sensor_async.py
[2024-05-04T16:07:44.665+0000] {processor.py:758} INFO - Processing file /home/airflow/.local/lib/python3.7/site-packages/airflow/example_dags/example_time_delta_sensor_async.py for tasks to queue
[2024-05-04T16:07:44.665+0000] {logging_mixin.py:117} INFO - [2024-05-04T16:07:44.665+0000] {dagbag.py:525} INFO - Filling up the DagBag from /home/airflow/.local/lib/python3.7/site-packages/airflow/example_dags/example_time_delta_sensor_async.py
[2024-05-04T16:07:44.678+0000] {processor.py:768} INFO - DAG(s) dict_keys(['example_time_delta_sensor_async']) retrieved from /home/airflow/.local/lib/python3.7/site-packages/airflow/example_dags/example_time_delta_sensor_async.py
[2024-05-04T16:07:44.846+0000] {logging_mixin.py:117} INFO - [2024-05-04T16:07:44.846+0000] {dag.py:2573} INFO - Sync 1 DAGs
[2024-05-04T16:07:44.867+0000] {logging_mixin.py:117} INFO - [2024-05-04T16:07:44.866+0000] {dag.py:3328} INFO - Setting next_dagrun for example_time_delta_sensor_async to None, run_after=None
[2024-05-04T16:07:44.888+0000] {processor.py:178} INFO - Processing /home/airflow/.local/lib/python3.7/site-packages/airflow/example_dags/example_time_delta_sensor_async.py took 0.227 seconds
[2024-05-04T16:08:15.067+0000] {processor.py:156} INFO - Started process (PID=4525) to work on /home/airflow/.local/lib/python3.7/site-packages/airflow/example_dags/example_time_delta_sensor_async.py
[2024-05-04T16:08:15.068+0000] {processor.py:758} INFO - Processing file /home/airflow/.local/lib/python3.7/site-packages/airflow/example_dags/example_time_delta_sensor_async.py for tasks to queue
[2024-05-04T16:08:15.068+0000] {logging_mixin.py:117} INFO - [2024-05-04T16:08:15.068+0000] {dagbag.py:525} INFO - Filling up the DagBag from /home/airflow/.local/lib/python3.7/site-packages/airflow/example_dags/example_time_delta_sensor_async.py
[2024-05-04T16:08:15.081+0000] {processor.py:768} INFO - DAG(s) dict_keys(['example_time_delta_sensor_async']) retrieved from /home/airflow/.local/lib/python3.7/site-packages/airflow/example_dags/example_time_delta_sensor_async.py
[2024-05-04T16:08:15.247+0000] {logging_mixin.py:117} INFO - [2024-05-04T16:08:15.247+0000] {dag.py:2573} INFO - Sync 1 DAGs
[2024-05-04T16:08:15.266+0000] {logging_mixin.py:117} INFO - [2024-05-04T16:08:15.266+0000] {dag.py:3328} INFO - Setting next_dagrun for example_time_delta_sensor_async to None, run_after=None
[2024-05-04T16:08:15.288+0000] {processor.py:178} INFO - Processing /home/airflow/.local/lib/python3.7/site-packages/airflow/example_dags/example_time_delta_sensor_async.py took 0.224 seconds
[2024-05-04T16:08:45.845+0000] {processor.py:156} INFO - Started process (PID=4738) to work on /home/airflow/.local/lib/python3.7/site-packages/airflow/example_dags/example_time_delta_sensor_async.py
[2024-05-04T16:08:45.846+0000] {processor.py:758} INFO - Processing file /home/airflow/.local/lib/python3.7/site-packages/airflow/example_dags/example_time_delta_sensor_async.py for tasks to queue
[2024-05-04T16:08:45.847+0000] {logging_mixin.py:117} INFO - [2024-05-04T16:08:45.846+0000] {dagbag.py:525} INFO - Filling up the DagBag from /home/airflow/.local/lib/python3.7/site-packages/airflow/example_dags/example_time_delta_sensor_async.py
[2024-05-04T16:08:45.858+0000] {processor.py:768} INFO - DAG(s) dict_keys(['example_time_delta_sensor_async']) retrieved from /home/airflow/.local/lib/python3.7/site-packages/airflow/example_dags/example_time_delta_sensor_async.py
[2024-05-04T16:08:46.017+0000] {logging_mixin.py:117} INFO - [2024-05-04T16:08:46.016+0000] {dag.py:2573} INFO - Sync 1 DAGs
[2024-05-04T16:08:46.037+0000] {logging_mixin.py:117} INFO - [2024-05-04T16:08:46.037+0000] {dag.py:3328} INFO - Setting next_dagrun for example_time_delta_sensor_async to None, run_after=None
[2024-05-04T16:08:46.058+0000] {processor.py:178} INFO - Processing /home/airflow/.local/lib/python3.7/site-packages/airflow/example_dags/example_time_delta_sensor_async.py took 0.215 seconds
[2024-05-04T16:09:16.527+0000] {processor.py:156} INFO - Started process (PID=4943) to work on /home/airflow/.local/lib/python3.7/site-packages/airflow/example_dags/example_time_delta_sensor_async.py
[2024-05-04T16:09:16.527+0000] {processor.py:758} INFO - Processing file /home/airflow/.local/lib/python3.7/site-packages/airflow/example_dags/example_time_delta_sensor_async.py for tasks to queue
[2024-05-04T16:09:16.528+0000] {logging_mixin.py:117} INFO - [2024-05-04T16:09:16.528+0000] {dagbag.py:525} INFO - Filling up the DagBag from /home/airflow/.local/lib/python3.7/site-packages/airflow/example_dags/example_time_delta_sensor_async.py
[2024-05-04T16:09:16.539+0000] {processor.py:768} INFO - DAG(s) dict_keys(['example_time_delta_sensor_async']) retrieved from /home/airflow/.local/lib/python3.7/site-packages/airflow/example_dags/example_time_delta_sensor_async.py
[2024-05-04T16:09:16.802+0000] {logging_mixin.py:117} INFO - [2024-05-04T16:09:16.802+0000] {dag.py:2573} INFO - Sync 1 DAGs
[2024-05-04T16:09:16.826+0000] {logging_mixin.py:117} INFO - [2024-05-04T16:09:16.825+0000] {dag.py:3328} INFO - Setting next_dagrun for example_time_delta_sensor_async to None, run_after=None
[2024-05-04T16:09:16.845+0000] {processor.py:178} INFO - Processing /home/airflow/.local/lib/python3.7/site-packages/airflow/example_dags/example_time_delta_sensor_async.py took 0.321 seconds
[2024-05-04T16:09:47.163+0000] {processor.py:156} INFO - Started process (PID=5157) to work on /home/airflow/.local/lib/python3.7/site-packages/airflow/example_dags/example_time_delta_sensor_async.py
[2024-05-04T16:09:47.164+0000] {processor.py:758} INFO - Processing file /home/airflow/.local/lib/python3.7/site-packages/airflow/example_dags/example_time_delta_sensor_async.py for tasks to queue
[2024-05-04T16:09:47.164+0000] {logging_mixin.py:117} INFO - [2024-05-04T16:09:47.164+0000] {dagbag.py:525} INFO - Filling up the DagBag from /home/airflow/.local/lib/python3.7/site-packages/airflow/example_dags/example_time_delta_sensor_async.py
[2024-05-04T16:09:47.179+0000] {processor.py:768} INFO - DAG(s) dict_keys(['example_time_delta_sensor_async']) retrieved from /home/airflow/.local/lib/python3.7/site-packages/airflow/example_dags/example_time_delta_sensor_async.py
[2024-05-04T16:09:47.376+0000] {logging_mixin.py:117} INFO - [2024-05-04T16:09:47.375+0000] {dag.py:2573} INFO - Sync 1 DAGs
[2024-05-04T16:09:47.395+0000] {logging_mixin.py:117} INFO - [2024-05-04T16:09:47.395+0000] {dag.py:3328} INFO - Setting next_dagrun for example_time_delta_sensor_async to None, run_after=None
[2024-05-04T16:09:47.417+0000] {processor.py:178} INFO - Processing /home/airflow/.local/lib/python3.7/site-packages/airflow/example_dags/example_time_delta_sensor_async.py took 0.257 seconds
[2024-05-04T16:10:17.863+0000] {processor.py:156} INFO - Started process (PID=5370) to work on /home/airflow/.local/lib/python3.7/site-packages/airflow/example_dags/example_time_delta_sensor_async.py
[2024-05-04T16:10:17.863+0000] {processor.py:758} INFO - Processing file /home/airflow/.local/lib/python3.7/site-packages/airflow/example_dags/example_time_delta_sensor_async.py for tasks to queue
[2024-05-04T16:10:17.864+0000] {logging_mixin.py:117} INFO - [2024-05-04T16:10:17.864+0000] {dagbag.py:525} INFO - Filling up the DagBag from /home/airflow/.local/lib/python3.7/site-packages/airflow/example_dags/example_time_delta_sensor_async.py
[2024-05-04T16:10:17.877+0000] {processor.py:768} INFO - DAG(s) dict_keys(['example_time_delta_sensor_async']) retrieved from /home/airflow/.local/lib/python3.7/site-packages/airflow/example_dags/example_time_delta_sensor_async.py
[2024-05-04T16:10:18.112+0000] {logging_mixin.py:117} INFO - [2024-05-04T16:10:18.112+0000] {dag.py:2573} INFO - Sync 1 DAGs
[2024-05-04T16:10:18.142+0000] {logging_mixin.py:117} INFO - [2024-05-04T16:10:18.142+0000] {dag.py:3328} INFO - Setting next_dagrun for example_time_delta_sensor_async to None, run_after=None
[2024-05-04T16:10:18.167+0000] {processor.py:178} INFO - Processing /home/airflow/.local/lib/python3.7/site-packages/airflow/example_dags/example_time_delta_sensor_async.py took 0.307 seconds
[2024-05-04T16:10:48.547+0000] {processor.py:156} INFO - Started process (PID=5586) to work on /home/airflow/.local/lib/python3.7/site-packages/airflow/example_dags/example_time_delta_sensor_async.py
[2024-05-04T16:10:48.547+0000] {processor.py:758} INFO - Processing file /home/airflow/.local/lib/python3.7/site-packages/airflow/example_dags/example_time_delta_sensor_async.py for tasks to queue
[2024-05-04T16:10:48.548+0000] {logging_mixin.py:117} INFO - [2024-05-04T16:10:48.548+0000] {dagbag.py:525} INFO - Filling up the DagBag from /home/airflow/.local/lib/python3.7/site-packages/airflow/example_dags/example_time_delta_sensor_async.py
[2024-05-04T16:10:48.559+0000] {processor.py:768} INFO - DAG(s) dict_keys(['example_time_delta_sensor_async']) retrieved from /home/airflow/.local/lib/python3.7/site-packages/airflow/example_dags/example_time_delta_sensor_async.py
[2024-05-04T16:10:48.769+0000] {logging_mixin.py:117} INFO - [2024-05-04T16:10:48.769+0000] {dag.py:2573} INFO - Sync 1 DAGs
[2024-05-04T16:10:48.790+0000] {logging_mixin.py:117} INFO - [2024-05-04T16:10:48.790+0000] {dag.py:3328} INFO - Setting next_dagrun for example_time_delta_sensor_async to None, run_after=None
[2024-05-04T16:10:48.811+0000] {processor.py:178} INFO - Processing /home/airflow/.local/lib/python3.7/site-packages/airflow/example_dags/example_time_delta_sensor_async.py took 0.267 seconds
[2024-05-04T16:11:19.167+0000] {processor.py:156} INFO - Started process (PID=5790) to work on /home/airflow/.local/lib/python3.7/site-packages/airflow/example_dags/example_time_delta_sensor_async.py
[2024-05-04T16:11:19.168+0000] {processor.py:758} INFO - Processing file /home/airflow/.local/lib/python3.7/site-packages/airflow/example_dags/example_time_delta_sensor_async.py for tasks to queue
[2024-05-04T16:11:19.168+0000] {logging_mixin.py:117} INFO - [2024-05-04T16:11:19.168+0000] {dagbag.py:525} INFO - Filling up the DagBag from /home/airflow/.local/lib/python3.7/site-packages/airflow/example_dags/example_time_delta_sensor_async.py
[2024-05-04T16:11:19.183+0000] {processor.py:768} INFO - DAG(s) dict_keys(['example_time_delta_sensor_async']) retrieved from /home/airflow/.local/lib/python3.7/site-packages/airflow/example_dags/example_time_delta_sensor_async.py
[2024-05-04T16:11:19.359+0000] {logging_mixin.py:117} INFO - [2024-05-04T16:11:19.359+0000] {dag.py:2573} INFO - Sync 1 DAGs
[2024-05-04T16:11:19.378+0000] {logging_mixin.py:117} INFO - [2024-05-04T16:11:19.378+0000] {dag.py:3328} INFO - Setting next_dagrun for example_time_delta_sensor_async to None, run_after=None
[2024-05-04T16:11:19.399+0000] {processor.py:178} INFO - Processing /home/airflow/.local/lib/python3.7/site-packages/airflow/example_dags/example_time_delta_sensor_async.py took 0.235 seconds
[2024-05-04T16:11:49.806+0000] {processor.py:156} INFO - Started process (PID=6003) to work on /home/airflow/.local/lib/python3.7/site-packages/airflow/example_dags/example_time_delta_sensor_async.py
[2024-05-04T16:11:49.807+0000] {processor.py:758} INFO - Processing file /home/airflow/.local/lib/python3.7/site-packages/airflow/example_dags/example_time_delta_sensor_async.py for tasks to queue
[2024-05-04T16:11:49.807+0000] {logging_mixin.py:117} INFO - [2024-05-04T16:11:49.807+0000] {dagbag.py:525} INFO - Filling up the DagBag from /home/airflow/.local/lib/python3.7/site-packages/airflow/example_dags/example_time_delta_sensor_async.py
[2024-05-04T16:11:49.818+0000] {processor.py:768} INFO - DAG(s) dict_keys(['example_time_delta_sensor_async']) retrieved from /home/airflow/.local/lib/python3.7/site-packages/airflow/example_dags/example_time_delta_sensor_async.py
[2024-05-04T16:11:49.977+0000] {logging_mixin.py:117} INFO - [2024-05-04T16:11:49.977+0000] {dag.py:2573} INFO - Sync 1 DAGs
[2024-05-04T16:11:50.001+0000] {logging_mixin.py:117} INFO - [2024-05-04T16:11:50.001+0000] {dag.py:3328} INFO - Setting next_dagrun for example_time_delta_sensor_async to None, run_after=None
[2024-05-04T16:11:50.026+0000] {processor.py:178} INFO - Processing /home/airflow/.local/lib/python3.7/site-packages/airflow/example_dags/example_time_delta_sensor_async.py took 0.224 seconds
[2024-05-04T16:12:20.372+0000] {processor.py:156} INFO - Started process (PID=6216) to work on /home/airflow/.local/lib/python3.7/site-packages/airflow/example_dags/example_time_delta_sensor_async.py
[2024-05-04T16:12:20.372+0000] {processor.py:758} INFO - Processing file /home/airflow/.local/lib/python3.7/site-packages/airflow/example_dags/example_time_delta_sensor_async.py for tasks to queue
[2024-05-04T16:12:20.373+0000] {logging_mixin.py:117} INFO - [2024-05-04T16:12:20.373+0000] {dagbag.py:525} INFO - Filling up the DagBag from /home/airflow/.local/lib/python3.7/site-packages/airflow/example_dags/example_time_delta_sensor_async.py
[2024-05-04T16:12:20.388+0000] {processor.py:768} INFO - DAG(s) dict_keys(['example_time_delta_sensor_async']) retrieved from /home/airflow/.local/lib/python3.7/site-packages/airflow/example_dags/example_time_delta_sensor_async.py
[2024-05-04T16:12:20.587+0000] {logging_mixin.py:117} INFO - [2024-05-04T16:12:20.587+0000] {dag.py:2573} INFO - Sync 1 DAGs
[2024-05-04T16:12:20.608+0000] {logging_mixin.py:117} INFO - [2024-05-04T16:12:20.608+0000] {dag.py:3328} INFO - Setting next_dagrun for example_time_delta_sensor_async to None, run_after=None
[2024-05-04T16:12:20.635+0000] {processor.py:178} INFO - Processing /home/airflow/.local/lib/python3.7/site-packages/airflow/example_dags/example_time_delta_sensor_async.py took 0.267 seconds
[2024-05-04T16:12:51.065+0000] {processor.py:156} INFO - Started process (PID=6429) to work on /home/airflow/.local/lib/python3.7/site-packages/airflow/example_dags/example_time_delta_sensor_async.py
[2024-05-04T16:12:51.066+0000] {processor.py:758} INFO - Processing file /home/airflow/.local/lib/python3.7/site-packages/airflow/example_dags/example_time_delta_sensor_async.py for tasks to queue
[2024-05-04T16:12:51.067+0000] {logging_mixin.py:117} INFO - [2024-05-04T16:12:51.067+0000] {dagbag.py:525} INFO - Filling up the DagBag from /home/airflow/.local/lib/python3.7/site-packages/airflow/example_dags/example_time_delta_sensor_async.py
[2024-05-04T16:12:51.080+0000] {processor.py:768} INFO - DAG(s) dict_keys(['example_time_delta_sensor_async']) retrieved from /home/airflow/.local/lib/python3.7/site-packages/airflow/example_dags/example_time_delta_sensor_async.py
[2024-05-04T16:12:51.253+0000] {logging_mixin.py:117} INFO - [2024-05-04T16:12:51.253+0000] {dag.py:2573} INFO - Sync 1 DAGs
[2024-05-04T16:12:51.275+0000] {logging_mixin.py:117} INFO - [2024-05-04T16:12:51.275+0000] {dag.py:3328} INFO - Setting next_dagrun for example_time_delta_sensor_async to None, run_after=None
[2024-05-04T16:12:51.297+0000] {processor.py:178} INFO - Processing /home/airflow/.local/lib/python3.7/site-packages/airflow/example_dags/example_time_delta_sensor_async.py took 0.235 seconds
