[2024-05-04T15:58:03.555+0000] {processor.py:156} INFO - Started process (PID=270) to work on /home/airflow/.local/lib/python3.7/site-packages/airflow/example_dags/example_branch_python_dop_operator_3.py
[2024-05-04T15:58:03.556+0000] {processor.py:758} INFO - Processing file /home/airflow/.local/lib/python3.7/site-packages/airflow/example_dags/example_branch_python_dop_operator_3.py for tasks to queue
[2024-05-04T15:58:03.556+0000] {logging_mixin.py:117} INFO - [2024-05-04T15:58:03.556+0000] {dagbag.py:525} INFO - Filling up the DagBag from /home/airflow/.local/lib/python3.7/site-packages/airflow/example_dags/example_branch_python_dop_operator_3.py
[2024-05-04T15:58:03.610+0000] {processor.py:768} INFO - DAG(s) dict_keys(['example_branch_dop_operator_v3']) retrieved from /home/airflow/.local/lib/python3.7/site-packages/airflow/example_dags/example_branch_python_dop_operator_3.py
[2024-05-04T15:58:03.998+0000] {logging_mixin.py:117} INFO - [2024-05-04T15:58:03.998+0000] {manager.py:507} INFO - Created Permission View: can read on DAG:example_branch_dop_operator_v3
[2024-05-04T15:58:04.019+0000] {logging_mixin.py:117} INFO - [2024-05-04T15:58:04.018+0000] {manager.py:507} INFO - Created Permission View: can edit on DAG:example_branch_dop_operator_v3
[2024-05-04T15:58:04.034+0000] {logging_mixin.py:117} INFO - [2024-05-04T15:58:04.034+0000] {manager.py:507} INFO - Created Permission View: can delete on DAG:example_branch_dop_operator_v3
[2024-05-04T15:58:04.035+0000] {logging_mixin.py:117} INFO - [2024-05-04T15:58:04.034+0000] {dag.py:2573} INFO - Sync 1 DAGs
[2024-05-04T15:58:04.053+0000] {logging_mixin.py:117} INFO - [2024-05-04T15:58:04.053+0000] {dag.py:2594} INFO - Creating ORM DAG for example_branch_dop_operator_v3
[2024-05-04T15:58:04.074+0000] {logging_mixin.py:117} INFO - [2024-05-04T15:58:04.074+0000] {dag.py:3328} INFO - Setting next_dagrun for example_branch_dop_operator_v3 to 2024-05-04T15:57:00+00:00, run_after=2024-05-04T15:58:00+00:00
[2024-05-04T15:58:04.105+0000] {processor.py:178} INFO - Processing /home/airflow/.local/lib/python3.7/site-packages/airflow/example_dags/example_branch_python_dop_operator_3.py took 0.553 seconds
[2024-05-04T15:58:40.408+0000] {processor.py:156} INFO - Started process (PID=527) to work on /home/airflow/.local/lib/python3.7/site-packages/airflow/example_dags/example_branch_python_dop_operator_3.py
[2024-05-04T15:58:40.421+0000] {processor.py:758} INFO - Processing file /home/airflow/.local/lib/python3.7/site-packages/airflow/example_dags/example_branch_python_dop_operator_3.py for tasks to queue
[2024-05-04T15:58:40.422+0000] {logging_mixin.py:117} INFO - [2024-05-04T15:58:40.421+0000] {dagbag.py:525} INFO - Filling up the DagBag from /home/airflow/.local/lib/python3.7/site-packages/airflow/example_dags/example_branch_python_dop_operator_3.py
[2024-05-04T15:58:40.612+0000] {processor.py:768} INFO - DAG(s) dict_keys(['example_branch_dop_operator_v3']) retrieved from /home/airflow/.local/lib/python3.7/site-packages/airflow/example_dags/example_branch_python_dop_operator_3.py
[2024-05-04T15:58:40.754+0000] {logging_mixin.py:117} INFO - [2024-05-04T15:58:40.754+0000] {dag.py:2573} INFO - Sync 1 DAGs
[2024-05-04T15:58:41.664+0000] {logging_mixin.py:117} INFO - [2024-05-04T15:58:41.664+0000] {dag.py:3328} INFO - Setting next_dagrun for example_branch_dop_operator_v3 to 2024-05-04T15:57:00+00:00, run_after=2024-05-04T15:58:00+00:00
[2024-05-04T15:58:41.689+0000] {processor.py:178} INFO - Processing /home/airflow/.local/lib/python3.7/site-packages/airflow/example_dags/example_branch_python_dop_operator_3.py took 1.292 seconds
[2024-05-04T15:59:11.891+0000] {processor.py:156} INFO - Started process (PID=788) to work on /home/airflow/.local/lib/python3.7/site-packages/airflow/example_dags/example_branch_python_dop_operator_3.py
[2024-05-04T15:59:11.892+0000] {processor.py:758} INFO - Processing file /home/airflow/.local/lib/python3.7/site-packages/airflow/example_dags/example_branch_python_dop_operator_3.py for tasks to queue
[2024-05-04T15:59:11.892+0000] {logging_mixin.py:117} INFO - [2024-05-04T15:59:11.892+0000] {dagbag.py:525} INFO - Filling up the DagBag from /home/airflow/.local/lib/python3.7/site-packages/airflow/example_dags/example_branch_python_dop_operator_3.py
[2024-05-04T15:59:11.913+0000] {processor.py:768} INFO - DAG(s) dict_keys(['example_branch_dop_operator_v3']) retrieved from /home/airflow/.local/lib/python3.7/site-packages/airflow/example_dags/example_branch_python_dop_operator_3.py
[2024-05-04T15:59:11.944+0000] {logging_mixin.py:117} INFO - [2024-05-04T15:59:11.944+0000] {dag.py:2573} INFO - Sync 1 DAGs
[2024-05-04T15:59:12.082+0000] {logging_mixin.py:117} INFO - [2024-05-04T15:59:12.082+0000] {dag.py:3328} INFO - Setting next_dagrun for example_branch_dop_operator_v3 to 2024-05-04T15:58:00+00:00, run_after=2024-05-04T15:59:00+00:00
[2024-05-04T15:59:12.101+0000] {processor.py:178} INFO - Processing /home/airflow/.local/lib/python3.7/site-packages/airflow/example_dags/example_branch_python_dop_operator_3.py took 0.213 seconds
[2024-05-04T15:59:42.160+0000] {processor.py:156} INFO - Started process (PID=1001) to work on /home/airflow/.local/lib/python3.7/site-packages/airflow/example_dags/example_branch_python_dop_operator_3.py
[2024-05-04T15:59:42.161+0000] {processor.py:758} INFO - Processing file /home/airflow/.local/lib/python3.7/site-packages/airflow/example_dags/example_branch_python_dop_operator_3.py for tasks to queue
[2024-05-04T15:59:42.161+0000] {logging_mixin.py:117} INFO - [2024-05-04T15:59:42.161+0000] {dagbag.py:525} INFO - Filling up the DagBag from /home/airflow/.local/lib/python3.7/site-packages/airflow/example_dags/example_branch_python_dop_operator_3.py
[2024-05-04T15:59:42.185+0000] {processor.py:768} INFO - DAG(s) dict_keys(['example_branch_dop_operator_v3']) retrieved from /home/airflow/.local/lib/python3.7/site-packages/airflow/example_dags/example_branch_python_dop_operator_3.py
[2024-05-04T15:59:42.331+0000] {logging_mixin.py:117} INFO - [2024-05-04T15:59:42.330+0000] {dag.py:2573} INFO - Sync 1 DAGs
[2024-05-04T15:59:42.353+0000] {logging_mixin.py:117} INFO - [2024-05-04T15:59:42.353+0000] {dag.py:3328} INFO - Setting next_dagrun for example_branch_dop_operator_v3 to 2024-05-04T15:58:00+00:00, run_after=2024-05-04T15:59:00+00:00
[2024-05-04T15:59:42.371+0000] {processor.py:178} INFO - Processing /home/airflow/.local/lib/python3.7/site-packages/airflow/example_dags/example_branch_python_dop_operator_3.py took 0.214 seconds
[2024-05-04T16:00:12.511+0000] {processor.py:156} INFO - Started process (PID=1214) to work on /home/airflow/.local/lib/python3.7/site-packages/airflow/example_dags/example_branch_python_dop_operator_3.py
[2024-05-04T16:00:12.512+0000] {processor.py:758} INFO - Processing file /home/airflow/.local/lib/python3.7/site-packages/airflow/example_dags/example_branch_python_dop_operator_3.py for tasks to queue
[2024-05-04T16:00:12.512+0000] {logging_mixin.py:117} INFO - [2024-05-04T16:00:12.512+0000] {dagbag.py:525} INFO - Filling up the DagBag from /home/airflow/.local/lib/python3.7/site-packages/airflow/example_dags/example_branch_python_dop_operator_3.py
[2024-05-04T16:00:12.535+0000] {processor.py:768} INFO - DAG(s) dict_keys(['example_branch_dop_operator_v3']) retrieved from /home/airflow/.local/lib/python3.7/site-packages/airflow/example_dags/example_branch_python_dop_operator_3.py
[2024-05-04T16:00:12.672+0000] {logging_mixin.py:117} INFO - [2024-05-04T16:00:12.672+0000] {dag.py:2573} INFO - Sync 1 DAGs
[2024-05-04T16:00:12.695+0000] {logging_mixin.py:117} INFO - [2024-05-04T16:00:12.695+0000] {dag.py:3328} INFO - Setting next_dagrun for example_branch_dop_operator_v3 to 2024-05-04T15:59:00+00:00, run_after=2024-05-04T16:00:00+00:00
[2024-05-04T16:00:12.713+0000] {processor.py:178} INFO - Processing /home/airflow/.local/lib/python3.7/site-packages/airflow/example_dags/example_branch_python_dop_operator_3.py took 0.205 seconds
[2024-05-04T16:00:42.899+0000] {processor.py:156} INFO - Started process (PID=1418) to work on /home/airflow/.local/lib/python3.7/site-packages/airflow/example_dags/example_branch_python_dop_operator_3.py
[2024-05-04T16:00:42.900+0000] {processor.py:758} INFO - Processing file /home/airflow/.local/lib/python3.7/site-packages/airflow/example_dags/example_branch_python_dop_operator_3.py for tasks to queue
[2024-05-04T16:00:42.900+0000] {logging_mixin.py:117} INFO - [2024-05-04T16:00:42.900+0000] {dagbag.py:525} INFO - Filling up the DagBag from /home/airflow/.local/lib/python3.7/site-packages/airflow/example_dags/example_branch_python_dop_operator_3.py
[2024-05-04T16:00:43.034+0000] {processor.py:768} INFO - DAG(s) dict_keys(['example_branch_dop_operator_v3']) retrieved from /home/airflow/.local/lib/python3.7/site-packages/airflow/example_dags/example_branch_python_dop_operator_3.py
[2024-05-04T16:00:43.065+0000] {logging_mixin.py:117} INFO - [2024-05-04T16:00:43.065+0000] {dag.py:2573} INFO - Sync 1 DAGs
[2024-05-04T16:00:43.089+0000] {logging_mixin.py:117} INFO - [2024-05-04T16:00:43.089+0000] {dag.py:3328} INFO - Setting next_dagrun for example_branch_dop_operator_v3 to 2024-05-04T15:59:00+00:00, run_after=2024-05-04T16:00:00+00:00
[2024-05-04T16:00:43.108+0000] {processor.py:178} INFO - Processing /home/airflow/.local/lib/python3.7/site-packages/airflow/example_dags/example_branch_python_dop_operator_3.py took 0.211 seconds
[2024-05-04T16:01:13.342+0000] {processor.py:156} INFO - Started process (PID=1629) to work on /home/airflow/.local/lib/python3.7/site-packages/airflow/example_dags/example_branch_python_dop_operator_3.py
[2024-05-04T16:01:13.343+0000] {processor.py:758} INFO - Processing file /home/airflow/.local/lib/python3.7/site-packages/airflow/example_dags/example_branch_python_dop_operator_3.py for tasks to queue
[2024-05-04T16:01:13.343+0000] {logging_mixin.py:117} INFO - [2024-05-04T16:01:13.343+0000] {dagbag.py:525} INFO - Filling up the DagBag from /home/airflow/.local/lib/python3.7/site-packages/airflow/example_dags/example_branch_python_dop_operator_3.py
[2024-05-04T16:01:13.366+0000] {processor.py:768} INFO - DAG(s) dict_keys(['example_branch_dop_operator_v3']) retrieved from /home/airflow/.local/lib/python3.7/site-packages/airflow/example_dags/example_branch_python_dop_operator_3.py
[2024-05-04T16:01:13.399+0000] {logging_mixin.py:117} INFO - [2024-05-04T16:01:13.398+0000] {dag.py:2573} INFO - Sync 1 DAGs
[2024-05-04T16:01:13.423+0000] {logging_mixin.py:117} INFO - [2024-05-04T16:01:13.423+0000] {dag.py:3328} INFO - Setting next_dagrun for example_branch_dop_operator_v3 to 2024-05-04T16:00:00+00:00, run_after=2024-05-04T16:01:00+00:00
[2024-05-04T16:01:13.441+0000] {processor.py:178} INFO - Processing /home/airflow/.local/lib/python3.7/site-packages/airflow/example_dags/example_branch_python_dop_operator_3.py took 0.101 seconds
[2024-05-04T16:01:43.889+0000] {processor.py:156} INFO - Started process (PID=1842) to work on /home/airflow/.local/lib/python3.7/site-packages/airflow/example_dags/example_branch_python_dop_operator_3.py
[2024-05-04T16:01:43.890+0000] {processor.py:758} INFO - Processing file /home/airflow/.local/lib/python3.7/site-packages/airflow/example_dags/example_branch_python_dop_operator_3.py for tasks to queue
[2024-05-04T16:01:43.890+0000] {logging_mixin.py:117} INFO - [2024-05-04T16:01:43.890+0000] {dagbag.py:525} INFO - Filling up the DagBag from /home/airflow/.local/lib/python3.7/site-packages/airflow/example_dags/example_branch_python_dop_operator_3.py
[2024-05-04T16:01:43.919+0000] {processor.py:768} INFO - DAG(s) dict_keys(['example_branch_dop_operator_v3']) retrieved from /home/airflow/.local/lib/python3.7/site-packages/airflow/example_dags/example_branch_python_dop_operator_3.py
[2024-05-04T16:01:43.954+0000] {logging_mixin.py:117} INFO - [2024-05-04T16:01:43.954+0000] {dag.py:2573} INFO - Sync 1 DAGs
[2024-05-04T16:01:43.979+0000] {logging_mixin.py:117} INFO - [2024-05-04T16:01:43.979+0000] {dag.py:3328} INFO - Setting next_dagrun for example_branch_dop_operator_v3 to 2024-05-04T16:00:00+00:00, run_after=2024-05-04T16:01:00+00:00
[2024-05-04T16:01:44.005+0000] {processor.py:178} INFO - Processing /home/airflow/.local/lib/python3.7/site-packages/airflow/example_dags/example_branch_python_dop_operator_3.py took 0.119 seconds
[2024-05-04T16:02:14.769+0000] {processor.py:156} INFO - Started process (PID=2055) to work on /home/airflow/.local/lib/python3.7/site-packages/airflow/example_dags/example_branch_python_dop_operator_3.py
[2024-05-04T16:02:14.770+0000] {processor.py:758} INFO - Processing file /home/airflow/.local/lib/python3.7/site-packages/airflow/example_dags/example_branch_python_dop_operator_3.py for tasks to queue
[2024-05-04T16:02:14.770+0000] {logging_mixin.py:117} INFO - [2024-05-04T16:02:14.770+0000] {dagbag.py:525} INFO - Filling up the DagBag from /home/airflow/.local/lib/python3.7/site-packages/airflow/example_dags/example_branch_python_dop_operator_3.py
[2024-05-04T16:02:14.790+0000] {processor.py:768} INFO - DAG(s) dict_keys(['example_branch_dop_operator_v3']) retrieved from /home/airflow/.local/lib/python3.7/site-packages/airflow/example_dags/example_branch_python_dop_operator_3.py
[2024-05-04T16:02:14.825+0000] {logging_mixin.py:117} INFO - [2024-05-04T16:02:14.825+0000] {dag.py:2573} INFO - Sync 1 DAGs
[2024-05-04T16:02:14.848+0000] {logging_mixin.py:117} INFO - [2024-05-04T16:02:14.848+0000] {dag.py:3328} INFO - Setting next_dagrun for example_branch_dop_operator_v3 to 2024-05-04T16:01:00+00:00, run_after=2024-05-04T16:02:00+00:00
[2024-05-04T16:02:14.869+0000] {processor.py:178} INFO - Processing /home/airflow/.local/lib/python3.7/site-packages/airflow/example_dags/example_branch_python_dop_operator_3.py took 0.103 seconds
[2024-05-04T16:02:45.469+0000] {processor.py:156} INFO - Started process (PID=2259) to work on /home/airflow/.local/lib/python3.7/site-packages/airflow/example_dags/example_branch_python_dop_operator_3.py
[2024-05-04T16:02:45.469+0000] {processor.py:758} INFO - Processing file /home/airflow/.local/lib/python3.7/site-packages/airflow/example_dags/example_branch_python_dop_operator_3.py for tasks to queue
[2024-05-04T16:02:45.470+0000] {logging_mixin.py:117} INFO - [2024-05-04T16:02:45.469+0000] {dagbag.py:525} INFO - Filling up the DagBag from /home/airflow/.local/lib/python3.7/site-packages/airflow/example_dags/example_branch_python_dop_operator_3.py
[2024-05-04T16:02:45.490+0000] {processor.py:768} INFO - DAG(s) dict_keys(['example_branch_dop_operator_v3']) retrieved from /home/airflow/.local/lib/python3.7/site-packages/airflow/example_dags/example_branch_python_dop_operator_3.py
[2024-05-04T16:02:45.526+0000] {logging_mixin.py:117} INFO - [2024-05-04T16:02:45.526+0000] {dag.py:2573} INFO - Sync 1 DAGs
[2024-05-04T16:02:45.562+0000] {logging_mixin.py:117} INFO - [2024-05-04T16:02:45.562+0000] {dag.py:3328} INFO - Setting next_dagrun for example_branch_dop_operator_v3 to 2024-05-04T16:01:00+00:00, run_after=2024-05-04T16:02:00+00:00
[2024-05-04T16:02:45.589+0000] {processor.py:178} INFO - Processing /home/airflow/.local/lib/python3.7/site-packages/airflow/example_dags/example_branch_python_dop_operator_3.py took 0.123 seconds
[2024-05-04T16:03:16.313+0000] {processor.py:156} INFO - Started process (PID=2473) to work on /home/airflow/.local/lib/python3.7/site-packages/airflow/example_dags/example_branch_python_dop_operator_3.py
[2024-05-04T16:03:16.314+0000] {processor.py:758} INFO - Processing file /home/airflow/.local/lib/python3.7/site-packages/airflow/example_dags/example_branch_python_dop_operator_3.py for tasks to queue
[2024-05-04T16:03:16.314+0000] {logging_mixin.py:117} INFO - [2024-05-04T16:03:16.314+0000] {dagbag.py:525} INFO - Filling up the DagBag from /home/airflow/.local/lib/python3.7/site-packages/airflow/example_dags/example_branch_python_dop_operator_3.py
[2024-05-04T16:03:16.343+0000] {processor.py:768} INFO - DAG(s) dict_keys(['example_branch_dop_operator_v3']) retrieved from /home/airflow/.local/lib/python3.7/site-packages/airflow/example_dags/example_branch_python_dop_operator_3.py
[2024-05-04T16:03:16.389+0000] {logging_mixin.py:117} INFO - [2024-05-04T16:03:16.388+0000] {dag.py:2573} INFO - Sync 1 DAGs
[2024-05-04T16:03:16.418+0000] {logging_mixin.py:117} INFO - [2024-05-04T16:03:16.418+0000] {dag.py:3328} INFO - Setting next_dagrun for example_branch_dop_operator_v3 to 2024-05-04T16:02:00+00:00, run_after=2024-05-04T16:03:00+00:00
[2024-05-04T16:03:16.439+0000] {processor.py:178} INFO - Processing /home/airflow/.local/lib/python3.7/site-packages/airflow/example_dags/example_branch_python_dop_operator_3.py took 0.129 seconds
[2024-05-04T16:03:46.922+0000] {processor.py:156} INFO - Started process (PID=2686) to work on /home/airflow/.local/lib/python3.7/site-packages/airflow/example_dags/example_branch_python_dop_operator_3.py
[2024-05-04T16:03:46.923+0000] {processor.py:758} INFO - Processing file /home/airflow/.local/lib/python3.7/site-packages/airflow/example_dags/example_branch_python_dop_operator_3.py for tasks to queue
[2024-05-04T16:03:46.923+0000] {logging_mixin.py:117} INFO - [2024-05-04T16:03:46.923+0000] {dagbag.py:525} INFO - Filling up the DagBag from /home/airflow/.local/lib/python3.7/site-packages/airflow/example_dags/example_branch_python_dop_operator_3.py
[2024-05-04T16:03:46.943+0000] {processor.py:768} INFO - DAG(s) dict_keys(['example_branch_dop_operator_v3']) retrieved from /home/airflow/.local/lib/python3.7/site-packages/airflow/example_dags/example_branch_python_dop_operator_3.py
[2024-05-04T16:03:46.985+0000] {logging_mixin.py:117} INFO - [2024-05-04T16:03:46.985+0000] {dag.py:2573} INFO - Sync 1 DAGs
[2024-05-04T16:03:47.018+0000] {logging_mixin.py:117} INFO - [2024-05-04T16:03:47.018+0000] {dag.py:3328} INFO - Setting next_dagrun for example_branch_dop_operator_v3 to 2024-05-04T16:02:00+00:00, run_after=2024-05-04T16:03:00+00:00
[2024-05-04T16:03:47.041+0000] {processor.py:178} INFO - Processing /home/airflow/.local/lib/python3.7/site-packages/airflow/example_dags/example_branch_python_dop_operator_3.py took 0.121 seconds
[2024-05-04T16:04:17.492+0000] {processor.py:156} INFO - Started process (PID=2899) to work on /home/airflow/.local/lib/python3.7/site-packages/airflow/example_dags/example_branch_python_dop_operator_3.py
[2024-05-04T16:04:17.493+0000] {processor.py:758} INFO - Processing file /home/airflow/.local/lib/python3.7/site-packages/airflow/example_dags/example_branch_python_dop_operator_3.py for tasks to queue
[2024-05-04T16:04:17.493+0000] {logging_mixin.py:117} INFO - [2024-05-04T16:04:17.493+0000] {dagbag.py:525} INFO - Filling up the DagBag from /home/airflow/.local/lib/python3.7/site-packages/airflow/example_dags/example_branch_python_dop_operator_3.py
[2024-05-04T16:04:17.523+0000] {processor.py:768} INFO - DAG(s) dict_keys(['example_branch_dop_operator_v3']) retrieved from /home/airflow/.local/lib/python3.7/site-packages/airflow/example_dags/example_branch_python_dop_operator_3.py
[2024-05-04T16:04:17.556+0000] {logging_mixin.py:117} INFO - [2024-05-04T16:04:17.556+0000] {dag.py:2573} INFO - Sync 1 DAGs
[2024-05-04T16:04:17.579+0000] {logging_mixin.py:117} INFO - [2024-05-04T16:04:17.579+0000] {dag.py:3328} INFO - Setting next_dagrun for example_branch_dop_operator_v3 to 2024-05-04T16:03:00+00:00, run_after=2024-05-04T16:04:00+00:00
[2024-05-04T16:04:17.603+0000] {processor.py:178} INFO - Processing /home/airflow/.local/lib/python3.7/site-packages/airflow/example_dags/example_branch_python_dop_operator_3.py took 0.113 seconds
[2024-05-04T16:04:48.177+0000] {processor.py:156} INFO - Started process (PID=3103) to work on /home/airflow/.local/lib/python3.7/site-packages/airflow/example_dags/example_branch_python_dop_operator_3.py
[2024-05-04T16:04:48.178+0000] {processor.py:758} INFO - Processing file /home/airflow/.local/lib/python3.7/site-packages/airflow/example_dags/example_branch_python_dop_operator_3.py for tasks to queue
[2024-05-04T16:04:48.178+0000] {logging_mixin.py:117} INFO - [2024-05-04T16:04:48.178+0000] {dagbag.py:525} INFO - Filling up the DagBag from /home/airflow/.local/lib/python3.7/site-packages/airflow/example_dags/example_branch_python_dop_operator_3.py
[2024-05-04T16:04:48.198+0000] {processor.py:768} INFO - DAG(s) dict_keys(['example_branch_dop_operator_v3']) retrieved from /home/airflow/.local/lib/python3.7/site-packages/airflow/example_dags/example_branch_python_dop_operator_3.py
[2024-05-04T16:04:48.231+0000] {logging_mixin.py:117} INFO - [2024-05-04T16:04:48.231+0000] {dag.py:2573} INFO - Sync 1 DAGs
[2024-05-04T16:04:48.261+0000] {logging_mixin.py:117} INFO - [2024-05-04T16:04:48.261+0000] {dag.py:3328} INFO - Setting next_dagrun for example_branch_dop_operator_v3 to 2024-05-04T16:03:00+00:00, run_after=2024-05-04T16:04:00+00:00
[2024-05-04T16:04:48.288+0000] {processor.py:178} INFO - Processing /home/airflow/.local/lib/python3.7/site-packages/airflow/example_dags/example_branch_python_dop_operator_3.py took 0.113 seconds
[2024-05-04T16:05:18.768+0000] {processor.py:156} INFO - Started process (PID=3316) to work on /home/airflow/.local/lib/python3.7/site-packages/airflow/example_dags/example_branch_python_dop_operator_3.py
[2024-05-04T16:05:18.768+0000] {processor.py:758} INFO - Processing file /home/airflow/.local/lib/python3.7/site-packages/airflow/example_dags/example_branch_python_dop_operator_3.py for tasks to queue
[2024-05-04T16:05:18.769+0000] {logging_mixin.py:117} INFO - [2024-05-04T16:05:18.768+0000] {dagbag.py:525} INFO - Filling up the DagBag from /home/airflow/.local/lib/python3.7/site-packages/airflow/example_dags/example_branch_python_dop_operator_3.py
[2024-05-04T16:05:18.788+0000] {processor.py:768} INFO - DAG(s) dict_keys(['example_branch_dop_operator_v3']) retrieved from /home/airflow/.local/lib/python3.7/site-packages/airflow/example_dags/example_branch_python_dop_operator_3.py
[2024-05-04T16:05:18.825+0000] {logging_mixin.py:117} INFO - [2024-05-04T16:05:18.825+0000] {dag.py:2573} INFO - Sync 1 DAGs
[2024-05-04T16:05:18.857+0000] {logging_mixin.py:117} INFO - [2024-05-04T16:05:18.857+0000] {dag.py:3328} INFO - Setting next_dagrun for example_branch_dop_operator_v3 to 2024-05-04T16:04:00+00:00, run_after=2024-05-04T16:05:00+00:00
[2024-05-04T16:05:18.881+0000] {processor.py:178} INFO - Processing /home/airflow/.local/lib/python3.7/site-packages/airflow/example_dags/example_branch_python_dop_operator_3.py took 0.115 seconds
[2024-05-04T16:05:49.425+0000] {processor.py:156} INFO - Started process (PID=3530) to work on /home/airflow/.local/lib/python3.7/site-packages/airflow/example_dags/example_branch_python_dop_operator_3.py
[2024-05-04T16:05:49.426+0000] {processor.py:758} INFO - Processing file /home/airflow/.local/lib/python3.7/site-packages/airflow/example_dags/example_branch_python_dop_operator_3.py for tasks to queue
[2024-05-04T16:05:49.426+0000] {logging_mixin.py:117} INFO - [2024-05-04T16:05:49.426+0000] {dagbag.py:525} INFO - Filling up the DagBag from /home/airflow/.local/lib/python3.7/site-packages/airflow/example_dags/example_branch_python_dop_operator_3.py
[2024-05-04T16:05:49.447+0000] {processor.py:768} INFO - DAG(s) dict_keys(['example_branch_dop_operator_v3']) retrieved from /home/airflow/.local/lib/python3.7/site-packages/airflow/example_dags/example_branch_python_dop_operator_3.py
[2024-05-04T16:05:49.478+0000] {logging_mixin.py:117} INFO - [2024-05-04T16:05:49.478+0000] {dag.py:2573} INFO - Sync 1 DAGs
[2024-05-04T16:05:49.504+0000] {logging_mixin.py:117} INFO - [2024-05-04T16:05:49.504+0000] {dag.py:3328} INFO - Setting next_dagrun for example_branch_dop_operator_v3 to 2024-05-04T16:04:00+00:00, run_after=2024-05-04T16:05:00+00:00
[2024-05-04T16:05:49.528+0000] {processor.py:178} INFO - Processing /home/airflow/.local/lib/python3.7/site-packages/airflow/example_dags/example_branch_python_dop_operator_3.py took 0.105 seconds
[2024-05-04T16:06:20.221+0000] {processor.py:156} INFO - Started process (PID=3748) to work on /home/airflow/.local/lib/python3.7/site-packages/airflow/example_dags/example_branch_python_dop_operator_3.py
[2024-05-04T16:06:20.222+0000] {processor.py:758} INFO - Processing file /home/airflow/.local/lib/python3.7/site-packages/airflow/example_dags/example_branch_python_dop_operator_3.py for tasks to queue
[2024-05-04T16:06:20.222+0000] {logging_mixin.py:117} INFO - [2024-05-04T16:06:20.222+0000] {dagbag.py:525} INFO - Filling up the DagBag from /home/airflow/.local/lib/python3.7/site-packages/airflow/example_dags/example_branch_python_dop_operator_3.py
[2024-05-04T16:06:20.252+0000] {processor.py:768} INFO - DAG(s) dict_keys(['example_branch_dop_operator_v3']) retrieved from /home/airflow/.local/lib/python3.7/site-packages/airflow/example_dags/example_branch_python_dop_operator_3.py
[2024-05-04T16:06:20.288+0000] {logging_mixin.py:117} INFO - [2024-05-04T16:06:20.287+0000] {dag.py:2573} INFO - Sync 1 DAGs
[2024-05-04T16:06:20.311+0000] {logging_mixin.py:117} INFO - [2024-05-04T16:06:20.311+0000] {dag.py:3328} INFO - Setting next_dagrun for example_branch_dop_operator_v3 to 2024-05-04T16:05:00+00:00, run_after=2024-05-04T16:06:00+00:00
[2024-05-04T16:06:20.336+0000] {processor.py:178} INFO - Processing /home/airflow/.local/lib/python3.7/site-packages/airflow/example_dags/example_branch_python_dop_operator_3.py took 0.118 seconds
[2024-05-04T16:06:51.189+0000] {processor.py:156} INFO - Started process (PID=3952) to work on /home/airflow/.local/lib/python3.7/site-packages/airflow/example_dags/example_branch_python_dop_operator_3.py
[2024-05-04T16:06:51.190+0000] {processor.py:758} INFO - Processing file /home/airflow/.local/lib/python3.7/site-packages/airflow/example_dags/example_branch_python_dop_operator_3.py for tasks to queue
[2024-05-04T16:06:51.191+0000] {logging_mixin.py:117} INFO - [2024-05-04T16:06:51.191+0000] {dagbag.py:525} INFO - Filling up the DagBag from /home/airflow/.local/lib/python3.7/site-packages/airflow/example_dags/example_branch_python_dop_operator_3.py
[2024-05-04T16:06:51.220+0000] {processor.py:768} INFO - DAG(s) dict_keys(['example_branch_dop_operator_v3']) retrieved from /home/airflow/.local/lib/python3.7/site-packages/airflow/example_dags/example_branch_python_dop_operator_3.py
[2024-05-04T16:06:51.255+0000] {logging_mixin.py:117} INFO - [2024-05-04T16:06:51.254+0000] {dag.py:2573} INFO - Sync 1 DAGs
[2024-05-04T16:06:51.283+0000] {logging_mixin.py:117} INFO - [2024-05-04T16:06:51.283+0000] {dag.py:3328} INFO - Setting next_dagrun for example_branch_dop_operator_v3 to 2024-05-04T16:05:00+00:00, run_after=2024-05-04T16:06:00+00:00
[2024-05-04T16:06:51.305+0000] {processor.py:178} INFO - Processing /home/airflow/.local/lib/python3.7/site-packages/airflow/example_dags/example_branch_python_dop_operator_3.py took 0.118 seconds
[2024-05-04T16:07:21.892+0000] {processor.py:156} INFO - Started process (PID=4165) to work on /home/airflow/.local/lib/python3.7/site-packages/airflow/example_dags/example_branch_python_dop_operator_3.py
[2024-05-04T16:07:21.893+0000] {processor.py:758} INFO - Processing file /home/airflow/.local/lib/python3.7/site-packages/airflow/example_dags/example_branch_python_dop_operator_3.py for tasks to queue
[2024-05-04T16:07:21.893+0000] {logging_mixin.py:117} INFO - [2024-05-04T16:07:21.893+0000] {dagbag.py:525} INFO - Filling up the DagBag from /home/airflow/.local/lib/python3.7/site-packages/airflow/example_dags/example_branch_python_dop_operator_3.py
[2024-05-04T16:07:21.922+0000] {processor.py:768} INFO - DAG(s) dict_keys(['example_branch_dop_operator_v3']) retrieved from /home/airflow/.local/lib/python3.7/site-packages/airflow/example_dags/example_branch_python_dop_operator_3.py
[2024-05-04T16:07:21.962+0000] {logging_mixin.py:117} INFO - [2024-05-04T16:07:21.962+0000] {dag.py:2573} INFO - Sync 1 DAGs
[2024-05-04T16:07:21.997+0000] {logging_mixin.py:117} INFO - [2024-05-04T16:07:21.997+0000] {dag.py:3328} INFO - Setting next_dagrun for example_branch_dop_operator_v3 to 2024-05-04T16:06:00+00:00, run_after=2024-05-04T16:07:00+00:00
[2024-05-04T16:07:22.023+0000] {processor.py:178} INFO - Processing /home/airflow/.local/lib/python3.7/site-packages/airflow/example_dags/example_branch_python_dop_operator_3.py took 0.134 seconds
[2024-05-04T16:07:52.412+0000] {processor.py:156} INFO - Started process (PID=4379) to work on /home/airflow/.local/lib/python3.7/site-packages/airflow/example_dags/example_branch_python_dop_operator_3.py
[2024-05-04T16:07:52.413+0000] {processor.py:758} INFO - Processing file /home/airflow/.local/lib/python3.7/site-packages/airflow/example_dags/example_branch_python_dop_operator_3.py for tasks to queue
[2024-05-04T16:07:52.413+0000] {logging_mixin.py:117} INFO - [2024-05-04T16:07:52.413+0000] {dagbag.py:525} INFO - Filling up the DagBag from /home/airflow/.local/lib/python3.7/site-packages/airflow/example_dags/example_branch_python_dop_operator_3.py
[2024-05-04T16:07:52.434+0000] {processor.py:768} INFO - DAG(s) dict_keys(['example_branch_dop_operator_v3']) retrieved from /home/airflow/.local/lib/python3.7/site-packages/airflow/example_dags/example_branch_python_dop_operator_3.py
[2024-05-04T16:07:52.466+0000] {logging_mixin.py:117} INFO - [2024-05-04T16:07:52.466+0000] {dag.py:2573} INFO - Sync 1 DAGs
[2024-05-04T16:07:52.490+0000] {logging_mixin.py:117} INFO - [2024-05-04T16:07:52.490+0000] {dag.py:3328} INFO - Setting next_dagrun for example_branch_dop_operator_v3 to 2024-05-04T16:06:00+00:00, run_after=2024-05-04T16:07:00+00:00
[2024-05-04T16:07:52.511+0000] {processor.py:178} INFO - Processing /home/airflow/.local/lib/python3.7/site-packages/airflow/example_dags/example_branch_python_dop_operator_3.py took 0.102 seconds
[2024-05-04T16:08:22.903+0000] {processor.py:156} INFO - Started process (PID=4592) to work on /home/airflow/.local/lib/python3.7/site-packages/airflow/example_dags/example_branch_python_dop_operator_3.py
[2024-05-04T16:08:22.903+0000] {processor.py:758} INFO - Processing file /home/airflow/.local/lib/python3.7/site-packages/airflow/example_dags/example_branch_python_dop_operator_3.py for tasks to queue
[2024-05-04T16:08:22.904+0000] {logging_mixin.py:117} INFO - [2024-05-04T16:08:22.904+0000] {dagbag.py:525} INFO - Filling up the DagBag from /home/airflow/.local/lib/python3.7/site-packages/airflow/example_dags/example_branch_python_dop_operator_3.py
[2024-05-04T16:08:22.932+0000] {processor.py:768} INFO - DAG(s) dict_keys(['example_branch_dop_operator_v3']) retrieved from /home/airflow/.local/lib/python3.7/site-packages/airflow/example_dags/example_branch_python_dop_operator_3.py
[2024-05-04T16:08:22.972+0000] {logging_mixin.py:117} INFO - [2024-05-04T16:08:22.972+0000] {dag.py:2573} INFO - Sync 1 DAGs
[2024-05-04T16:08:23.004+0000] {logging_mixin.py:117} INFO - [2024-05-04T16:08:23.004+0000] {dag.py:3328} INFO - Setting next_dagrun for example_branch_dop_operator_v3 to 2024-05-04T16:07:00+00:00, run_after=2024-05-04T16:08:00+00:00
[2024-05-04T16:08:23.035+0000] {processor.py:178} INFO - Processing /home/airflow/.local/lib/python3.7/site-packages/airflow/example_dags/example_branch_python_dop_operator_3.py took 0.135 seconds
[2024-05-04T16:08:53.731+0000] {processor.py:156} INFO - Started process (PID=4796) to work on /home/airflow/.local/lib/python3.7/site-packages/airflow/example_dags/example_branch_python_dop_operator_3.py
[2024-05-04T16:08:53.731+0000] {processor.py:758} INFO - Processing file /home/airflow/.local/lib/python3.7/site-packages/airflow/example_dags/example_branch_python_dop_operator_3.py for tasks to queue
[2024-05-04T16:08:53.732+0000] {logging_mixin.py:117} INFO - [2024-05-04T16:08:53.732+0000] {dagbag.py:525} INFO - Filling up the DagBag from /home/airflow/.local/lib/python3.7/site-packages/airflow/example_dags/example_branch_python_dop_operator_3.py
[2024-05-04T16:08:53.761+0000] {processor.py:768} INFO - DAG(s) dict_keys(['example_branch_dop_operator_v3']) retrieved from /home/airflow/.local/lib/python3.7/site-packages/airflow/example_dags/example_branch_python_dop_operator_3.py
[2024-05-04T16:08:53.805+0000] {logging_mixin.py:117} INFO - [2024-05-04T16:08:53.804+0000] {dag.py:2573} INFO - Sync 1 DAGs
[2024-05-04T16:08:53.837+0000] {logging_mixin.py:117} INFO - [2024-05-04T16:08:53.837+0000] {dag.py:3328} INFO - Setting next_dagrun for example_branch_dop_operator_v3 to 2024-05-04T16:07:00+00:00, run_after=2024-05-04T16:08:00+00:00
[2024-05-04T16:08:53.858+0000] {processor.py:178} INFO - Processing /home/airflow/.local/lib/python3.7/site-packages/airflow/example_dags/example_branch_python_dop_operator_3.py took 0.130 seconds
[2024-05-04T16:09:24.443+0000] {processor.py:156} INFO - Started process (PID=5010) to work on /home/airflow/.local/lib/python3.7/site-packages/airflow/example_dags/example_branch_python_dop_operator_3.py
[2024-05-04T16:09:24.444+0000] {processor.py:758} INFO - Processing file /home/airflow/.local/lib/python3.7/site-packages/airflow/example_dags/example_branch_python_dop_operator_3.py for tasks to queue
[2024-05-04T16:09:24.444+0000] {logging_mixin.py:117} INFO - [2024-05-04T16:09:24.444+0000] {dagbag.py:525} INFO - Filling up the DagBag from /home/airflow/.local/lib/python3.7/site-packages/airflow/example_dags/example_branch_python_dop_operator_3.py
[2024-05-04T16:09:24.473+0000] {processor.py:768} INFO - DAG(s) dict_keys(['example_branch_dop_operator_v3']) retrieved from /home/airflow/.local/lib/python3.7/site-packages/airflow/example_dags/example_branch_python_dop_operator_3.py
[2024-05-04T16:09:24.518+0000] {logging_mixin.py:117} INFO - [2024-05-04T16:09:24.518+0000] {dag.py:2573} INFO - Sync 1 DAGs
[2024-05-04T16:09:24.556+0000] {logging_mixin.py:117} INFO - [2024-05-04T16:09:24.556+0000] {dag.py:3328} INFO - Setting next_dagrun for example_branch_dop_operator_v3 to 2024-05-04T16:08:00+00:00, run_after=2024-05-04T16:09:00+00:00
[2024-05-04T16:09:24.584+0000] {processor.py:178} INFO - Processing /home/airflow/.local/lib/python3.7/site-packages/airflow/example_dags/example_branch_python_dop_operator_3.py took 0.144 seconds
[2024-05-04T16:09:55.030+0000] {processor.py:156} INFO - Started process (PID=5222) to work on /home/airflow/.local/lib/python3.7/site-packages/airflow/example_dags/example_branch_python_dop_operator_3.py
[2024-05-04T16:09:55.034+0000] {processor.py:758} INFO - Processing file /home/airflow/.local/lib/python3.7/site-packages/airflow/example_dags/example_branch_python_dop_operator_3.py for tasks to queue
[2024-05-04T16:09:55.035+0000] {logging_mixin.py:117} INFO - [2024-05-04T16:09:55.035+0000] {dagbag.py:525} INFO - Filling up the DagBag from /home/airflow/.local/lib/python3.7/site-packages/airflow/example_dags/example_branch_python_dop_operator_3.py
[2024-05-04T16:09:55.117+0000] {processor.py:768} INFO - DAG(s) dict_keys(['example_branch_dop_operator_v3']) retrieved from /home/airflow/.local/lib/python3.7/site-packages/airflow/example_dags/example_branch_python_dop_operator_3.py
[2024-05-04T16:09:55.162+0000] {logging_mixin.py:117} INFO - [2024-05-04T16:09:55.162+0000] {dag.py:2573} INFO - Sync 1 DAGs
[2024-05-04T16:09:55.198+0000] {logging_mixin.py:117} INFO - [2024-05-04T16:09:55.198+0000] {dag.py:3328} INFO - Setting next_dagrun for example_branch_dop_operator_v3 to 2024-05-04T16:08:00+00:00, run_after=2024-05-04T16:09:00+00:00
[2024-05-04T16:09:55.223+0000] {processor.py:178} INFO - Processing /home/airflow/.local/lib/python3.7/site-packages/airflow/example_dags/example_branch_python_dop_operator_3.py took 0.199 seconds
[2024-05-04T16:10:25.823+0000] {processor.py:156} INFO - Started process (PID=5437) to work on /home/airflow/.local/lib/python3.7/site-packages/airflow/example_dags/example_branch_python_dop_operator_3.py
[2024-05-04T16:10:25.824+0000] {processor.py:758} INFO - Processing file /home/airflow/.local/lib/python3.7/site-packages/airflow/example_dags/example_branch_python_dop_operator_3.py for tasks to queue
[2024-05-04T16:10:25.824+0000] {logging_mixin.py:117} INFO - [2024-05-04T16:10:25.824+0000] {dagbag.py:525} INFO - Filling up the DagBag from /home/airflow/.local/lib/python3.7/site-packages/airflow/example_dags/example_branch_python_dop_operator_3.py
[2024-05-04T16:10:25.846+0000] {processor.py:768} INFO - DAG(s) dict_keys(['example_branch_dop_operator_v3']) retrieved from /home/airflow/.local/lib/python3.7/site-packages/airflow/example_dags/example_branch_python_dop_operator_3.py
[2024-05-04T16:10:25.881+0000] {logging_mixin.py:117} INFO - [2024-05-04T16:10:25.881+0000] {dag.py:2573} INFO - Sync 1 DAGs
[2024-05-04T16:10:25.905+0000] {logging_mixin.py:117} INFO - [2024-05-04T16:10:25.905+0000] {dag.py:3328} INFO - Setting next_dagrun for example_branch_dop_operator_v3 to 2024-05-04T16:09:00+00:00, run_after=2024-05-04T16:10:00+00:00
[2024-05-04T16:10:25.929+0000] {processor.py:178} INFO - Processing /home/airflow/.local/lib/python3.7/site-packages/airflow/example_dags/example_branch_python_dop_operator_3.py took 0.110 seconds
[2024-05-04T16:10:56.325+0000] {processor.py:156} INFO - Started process (PID=5644) to work on /home/airflow/.local/lib/python3.7/site-packages/airflow/example_dags/example_branch_python_dop_operator_3.py
[2024-05-04T16:10:56.326+0000] {processor.py:758} INFO - Processing file /home/airflow/.local/lib/python3.7/site-packages/airflow/example_dags/example_branch_python_dop_operator_3.py for tasks to queue
[2024-05-04T16:10:56.326+0000] {logging_mixin.py:117} INFO - [2024-05-04T16:10:56.326+0000] {dagbag.py:525} INFO - Filling up the DagBag from /home/airflow/.local/lib/python3.7/site-packages/airflow/example_dags/example_branch_python_dop_operator_3.py
[2024-05-04T16:10:56.346+0000] {processor.py:768} INFO - DAG(s) dict_keys(['example_branch_dop_operator_v3']) retrieved from /home/airflow/.local/lib/python3.7/site-packages/airflow/example_dags/example_branch_python_dop_operator_3.py
[2024-05-04T16:10:56.384+0000] {logging_mixin.py:117} INFO - [2024-05-04T16:10:56.384+0000] {dag.py:2573} INFO - Sync 1 DAGs
[2024-05-04T16:10:56.416+0000] {logging_mixin.py:117} INFO - [2024-05-04T16:10:56.416+0000] {dag.py:3328} INFO - Setting next_dagrun for example_branch_dop_operator_v3 to 2024-05-04T16:09:00+00:00, run_after=2024-05-04T16:10:00+00:00
[2024-05-04T16:10:56.438+0000] {processor.py:178} INFO - Processing /home/airflow/.local/lib/python3.7/site-packages/airflow/example_dags/example_branch_python_dop_operator_3.py took 0.116 seconds
[2024-05-04T16:11:26.972+0000] {processor.py:156} INFO - Started process (PID=5857) to work on /home/airflow/.local/lib/python3.7/site-packages/airflow/example_dags/example_branch_python_dop_operator_3.py
[2024-05-04T16:11:26.972+0000] {processor.py:758} INFO - Processing file /home/airflow/.local/lib/python3.7/site-packages/airflow/example_dags/example_branch_python_dop_operator_3.py for tasks to queue
[2024-05-04T16:11:26.973+0000] {logging_mixin.py:117} INFO - [2024-05-04T16:11:26.973+0000] {dagbag.py:525} INFO - Filling up the DagBag from /home/airflow/.local/lib/python3.7/site-packages/airflow/example_dags/example_branch_python_dop_operator_3.py
[2024-05-04T16:11:27.004+0000] {processor.py:768} INFO - DAG(s) dict_keys(['example_branch_dop_operator_v3']) retrieved from /home/airflow/.local/lib/python3.7/site-packages/airflow/example_dags/example_branch_python_dop_operator_3.py
[2024-05-04T16:11:27.041+0000] {logging_mixin.py:117} INFO - [2024-05-04T16:11:27.041+0000] {dag.py:2573} INFO - Sync 1 DAGs
[2024-05-04T16:11:27.074+0000] {logging_mixin.py:117} INFO - [2024-05-04T16:11:27.074+0000] {dag.py:3328} INFO - Setting next_dagrun for example_branch_dop_operator_v3 to 2024-05-04T16:10:00+00:00, run_after=2024-05-04T16:11:00+00:00
[2024-05-04T16:11:27.123+0000] {processor.py:178} INFO - Processing /home/airflow/.local/lib/python3.7/site-packages/airflow/example_dags/example_branch_python_dop_operator_3.py took 0.155 seconds
[2024-05-04T16:11:57.674+0000] {processor.py:156} INFO - Started process (PID=6070) to work on /home/airflow/.local/lib/python3.7/site-packages/airflow/example_dags/example_branch_python_dop_operator_3.py
[2024-05-04T16:11:57.674+0000] {processor.py:758} INFO - Processing file /home/airflow/.local/lib/python3.7/site-packages/airflow/example_dags/example_branch_python_dop_operator_3.py for tasks to queue
[2024-05-04T16:11:57.675+0000] {logging_mixin.py:117} INFO - [2024-05-04T16:11:57.675+0000] {dagbag.py:525} INFO - Filling up the DagBag from /home/airflow/.local/lib/python3.7/site-packages/airflow/example_dags/example_branch_python_dop_operator_3.py
[2024-05-04T16:11:57.697+0000] {processor.py:768} INFO - DAG(s) dict_keys(['example_branch_dop_operator_v3']) retrieved from /home/airflow/.local/lib/python3.7/site-packages/airflow/example_dags/example_branch_python_dop_operator_3.py
[2024-05-04T16:11:57.738+0000] {logging_mixin.py:117} INFO - [2024-05-04T16:11:57.738+0000] {dag.py:2573} INFO - Sync 1 DAGs
[2024-05-04T16:11:57.763+0000] {logging_mixin.py:117} INFO - [2024-05-04T16:11:57.763+0000] {dag.py:3328} INFO - Setting next_dagrun for example_branch_dop_operator_v3 to 2024-05-04T16:10:00+00:00, run_after=2024-05-04T16:11:00+00:00
[2024-05-04T16:11:57.790+0000] {processor.py:178} INFO - Processing /home/airflow/.local/lib/python3.7/site-packages/airflow/example_dags/example_branch_python_dop_operator_3.py took 0.119 seconds
[2024-05-04T16:12:28.217+0000] {processor.py:156} INFO - Started process (PID=6283) to work on /home/airflow/.local/lib/python3.7/site-packages/airflow/example_dags/example_branch_python_dop_operator_3.py
[2024-05-04T16:12:28.218+0000] {processor.py:758} INFO - Processing file /home/airflow/.local/lib/python3.7/site-packages/airflow/example_dags/example_branch_python_dop_operator_3.py for tasks to queue
[2024-05-04T16:12:28.218+0000] {logging_mixin.py:117} INFO - [2024-05-04T16:12:28.218+0000] {dagbag.py:525} INFO - Filling up the DagBag from /home/airflow/.local/lib/python3.7/site-packages/airflow/example_dags/example_branch_python_dop_operator_3.py
[2024-05-04T16:12:28.238+0000] {processor.py:768} INFO - DAG(s) dict_keys(['example_branch_dop_operator_v3']) retrieved from /home/airflow/.local/lib/python3.7/site-packages/airflow/example_dags/example_branch_python_dop_operator_3.py
[2024-05-04T16:12:28.274+0000] {logging_mixin.py:117} INFO - [2024-05-04T16:12:28.274+0000] {dag.py:2573} INFO - Sync 1 DAGs
[2024-05-04T16:12:28.300+0000] {logging_mixin.py:117} INFO - [2024-05-04T16:12:28.300+0000] {dag.py:3328} INFO - Setting next_dagrun for example_branch_dop_operator_v3 to 2024-05-04T16:11:00+00:00, run_after=2024-05-04T16:12:00+00:00
[2024-05-04T16:12:28.324+0000] {processor.py:178} INFO - Processing /home/airflow/.local/lib/python3.7/site-packages/airflow/example_dags/example_branch_python_dop_operator_3.py took 0.109 seconds
[2024-05-04T16:12:58.946+0000] {processor.py:156} INFO - Started process (PID=6487) to work on /home/airflow/.local/lib/python3.7/site-packages/airflow/example_dags/example_branch_python_dop_operator_3.py
[2024-05-04T16:12:58.947+0000] {processor.py:758} INFO - Processing file /home/airflow/.local/lib/python3.7/site-packages/airflow/example_dags/example_branch_python_dop_operator_3.py for tasks to queue
[2024-05-04T16:12:58.947+0000] {logging_mixin.py:117} INFO - [2024-05-04T16:12:58.947+0000] {dagbag.py:525} INFO - Filling up the DagBag from /home/airflow/.local/lib/python3.7/site-packages/airflow/example_dags/example_branch_python_dop_operator_3.py
[2024-05-04T16:12:58.967+0000] {processor.py:768} INFO - DAG(s) dict_keys(['example_branch_dop_operator_v3']) retrieved from /home/airflow/.local/lib/python3.7/site-packages/airflow/example_dags/example_branch_python_dop_operator_3.py
[2024-05-04T16:12:58.999+0000] {logging_mixin.py:117} INFO - [2024-05-04T16:12:58.999+0000] {dag.py:2573} INFO - Sync 1 DAGs
[2024-05-04T16:12:59.025+0000] {logging_mixin.py:117} INFO - [2024-05-04T16:12:59.025+0000] {dag.py:3328} INFO - Setting next_dagrun for example_branch_dop_operator_v3 to 2024-05-04T16:11:00+00:00, run_after=2024-05-04T16:12:00+00:00
[2024-05-04T16:12:59.052+0000] {processor.py:178} INFO - Processing /home/airflow/.local/lib/python3.7/site-packages/airflow/example_dags/example_branch_python_dop_operator_3.py took 0.108 seconds
