[2024-05-04T15:58:00.867+0000] {processor.py:156} INFO - Started process (PID=220) to work on /home/airflow/.local/lib/python3.7/site-packages/airflow/example_dags/example_branch_datetime_operator.py
[2024-05-04T15:58:00.868+0000] {processor.py:758} INFO - Processing file /home/airflow/.local/lib/python3.7/site-packages/airflow/example_dags/example_branch_datetime_operator.py for tasks to queue
[2024-05-04T15:58:00.869+0000] {logging_mixin.py:117} INFO - [2024-05-04T15:58:00.868+0000] {dagbag.py:525} INFO - Filling up the DagBag from /home/airflow/.local/lib/python3.7/site-packages/airflow/example_dags/example_branch_datetime_operator.py
[2024-05-04T15:58:00.899+0000] {processor.py:768} INFO - DAG(s) dict_keys(['example_branch_datetime_operator_3', 'example_branch_datetime_operator', 'example_branch_datetime_operator_2']) retrieved from /home/airflow/.local/lib/python3.7/site-packages/airflow/example_dags/example_branch_datetime_operator.py
[2024-05-04T15:58:01.227+0000] {logging_mixin.py:117} INFO - [2024-05-04T15:58:01.227+0000] {manager.py:507} INFO - Created Permission View: can read on DAG:example_branch_datetime_operator_3
[2024-05-04T15:58:01.242+0000] {logging_mixin.py:117} INFO - [2024-05-04T15:58:01.242+0000] {manager.py:507} INFO - Created Permission View: can edit on DAG:example_branch_datetime_operator_3
[2024-05-04T15:58:01.253+0000] {logging_mixin.py:117} INFO - [2024-05-04T15:58:01.253+0000] {manager.py:507} INFO - Created Permission View: can delete on DAG:example_branch_datetime_operator_3
[2024-05-04T15:58:01.278+0000] {logging_mixin.py:117} INFO - [2024-05-04T15:58:01.278+0000] {manager.py:507} INFO - Created Permission View: can read on DAG:example_branch_datetime_operator
[2024-05-04T15:58:01.290+0000] {logging_mixin.py:117} INFO - [2024-05-04T15:58:01.290+0000] {manager.py:507} INFO - Created Permission View: can edit on DAG:example_branch_datetime_operator
[2024-05-04T15:58:01.306+0000] {logging_mixin.py:117} INFO - [2024-05-04T15:58:01.305+0000] {manager.py:507} INFO - Created Permission View: can delete on DAG:example_branch_datetime_operator
[2024-05-04T15:58:01.333+0000] {logging_mixin.py:117} INFO - [2024-05-04T15:58:01.333+0000] {manager.py:507} INFO - Created Permission View: can read on DAG:example_branch_datetime_operator_2
[2024-05-04T15:58:01.344+0000] {logging_mixin.py:117} INFO - [2024-05-04T15:58:01.344+0000] {manager.py:507} INFO - Created Permission View: can edit on DAG:example_branch_datetime_operator_2
[2024-05-04T15:58:01.356+0000] {logging_mixin.py:117} INFO - [2024-05-04T15:58:01.355+0000] {manager.py:507} INFO - Created Permission View: can delete on DAG:example_branch_datetime_operator_2
[2024-05-04T15:58:01.356+0000] {logging_mixin.py:117} INFO - [2024-05-04T15:58:01.356+0000] {dag.py:2573} INFO - Sync 3 DAGs
[2024-05-04T15:58:01.372+0000] {logging_mixin.py:117} INFO - [2024-05-04T15:58:01.371+0000] {dag.py:2594} INFO - Creating ORM DAG for example_branch_datetime_operator_2
[2024-05-04T15:58:01.372+0000] {logging_mixin.py:117} INFO - [2024-05-04T15:58:01.372+0000] {dag.py:2594} INFO - Creating ORM DAG for example_branch_datetime_operator_3
[2024-05-04T15:58:01.373+0000] {logging_mixin.py:117} INFO - [2024-05-04T15:58:01.373+0000] {dag.py:2594} INFO - Creating ORM DAG for example_branch_datetime_operator
[2024-05-04T15:58:01.388+0000] {logging_mixin.py:117} INFO - [2024-05-04T15:58:01.388+0000] {dag.py:3328} INFO - Setting next_dagrun for example_branch_datetime_operator to 2024-05-03T00:00:00+00:00, run_after=2024-05-04T00:00:00+00:00
[2024-05-04T15:58:01.391+0000] {logging_mixin.py:117} INFO - [2024-05-04T15:58:01.391+0000] {dag.py:3328} INFO - Setting next_dagrun for example_branch_datetime_operator_2 to 2024-05-03T00:00:00+00:00, run_after=2024-05-04T00:00:00+00:00
[2024-05-04T15:58:01.394+0000] {logging_mixin.py:117} INFO - [2024-05-04T15:58:01.393+0000] {dag.py:3328} INFO - Setting next_dagrun for example_branch_datetime_operator_3 to 2024-05-03T00:00:00+00:00, run_after=2024-05-04T00:00:00+00:00
[2024-05-04T15:58:01.421+0000] {processor.py:178} INFO - Processing /home/airflow/.local/lib/python3.7/site-packages/airflow/example_dags/example_branch_datetime_operator.py took 0.557 seconds
[2024-05-04T15:58:33.148+0000] {processor.py:156} INFO - Started process (PID=438) to work on /home/airflow/.local/lib/python3.7/site-packages/airflow/example_dags/example_branch_datetime_operator.py
[2024-05-04T15:58:33.149+0000] {processor.py:758} INFO - Processing file /home/airflow/.local/lib/python3.7/site-packages/airflow/example_dags/example_branch_datetime_operator.py for tasks to queue
[2024-05-04T15:58:33.150+0000] {logging_mixin.py:117} INFO - [2024-05-04T15:58:33.150+0000] {dagbag.py:525} INFO - Filling up the DagBag from /home/airflow/.local/lib/python3.7/site-packages/airflow/example_dags/example_branch_datetime_operator.py
[2024-05-04T15:58:33.253+0000] {processor.py:768} INFO - DAG(s) dict_keys(['example_branch_datetime_operator_2', 'example_branch_datetime_operator_3', 'example_branch_datetime_operator']) retrieved from /home/airflow/.local/lib/python3.7/site-packages/airflow/example_dags/example_branch_datetime_operator.py
[2024-05-04T15:58:33.579+0000] {logging_mixin.py:117} INFO - [2024-05-04T15:58:33.579+0000] {dag.py:2573} INFO - Sync 3 DAGs
[2024-05-04T15:58:33.632+0000] {logging_mixin.py:117} INFO - [2024-05-04T15:58:33.632+0000] {dag.py:3328} INFO - Setting next_dagrun for example_branch_datetime_operator to 2024-05-03T00:00:00+00:00, run_after=2024-05-04T00:00:00+00:00
[2024-05-04T15:58:33.638+0000] {logging_mixin.py:117} INFO - [2024-05-04T15:58:33.638+0000] {dag.py:3328} INFO - Setting next_dagrun for example_branch_datetime_operator_2 to 2024-05-03T00:00:00+00:00, run_after=2024-05-04T00:00:00+00:00
[2024-05-04T15:58:33.641+0000] {logging_mixin.py:117} INFO - [2024-05-04T15:58:33.641+0000] {dag.py:3328} INFO - Setting next_dagrun for example_branch_datetime_operator_3 to 2024-05-03T00:00:00+00:00, run_after=2024-05-04T00:00:00+00:00
[2024-05-04T15:58:33.672+0000] {processor.py:178} INFO - Processing /home/airflow/.local/lib/python3.7/site-packages/airflow/example_dags/example_branch_datetime_operator.py took 0.527 seconds
[2024-05-04T15:59:04.122+0000] {processor.py:156} INFO - Started process (PID=727) to work on /home/airflow/.local/lib/python3.7/site-packages/airflow/example_dags/example_branch_datetime_operator.py
[2024-05-04T15:59:04.122+0000] {processor.py:758} INFO - Processing file /home/airflow/.local/lib/python3.7/site-packages/airflow/example_dags/example_branch_datetime_operator.py for tasks to queue
[2024-05-04T15:59:04.123+0000] {logging_mixin.py:117} INFO - [2024-05-04T15:59:04.123+0000] {dagbag.py:525} INFO - Filling up the DagBag from /home/airflow/.local/lib/python3.7/site-packages/airflow/example_dags/example_branch_datetime_operator.py
[2024-05-04T15:59:04.143+0000] {processor.py:768} INFO - DAG(s) dict_keys(['example_branch_datetime_operator_3', 'example_branch_datetime_operator', 'example_branch_datetime_operator_2']) retrieved from /home/airflow/.local/lib/python3.7/site-packages/airflow/example_dags/example_branch_datetime_operator.py
[2024-05-04T15:59:04.182+0000] {logging_mixin.py:117} INFO - [2024-05-04T15:59:04.182+0000] {dag.py:2573} INFO - Sync 3 DAGs
[2024-05-04T15:59:04.326+0000] {logging_mixin.py:117} INFO - [2024-05-04T15:59:04.325+0000] {dag.py:3328} INFO - Setting next_dagrun for example_branch_datetime_operator to 2024-05-03T00:00:00+00:00, run_after=2024-05-04T00:00:00+00:00
[2024-05-04T15:59:04.330+0000] {logging_mixin.py:117} INFO - [2024-05-04T15:59:04.329+0000] {dag.py:3328} INFO - Setting next_dagrun for example_branch_datetime_operator_2 to 2024-05-03T00:00:00+00:00, run_after=2024-05-04T00:00:00+00:00
[2024-05-04T15:59:04.332+0000] {logging_mixin.py:117} INFO - [2024-05-04T15:59:04.332+0000] {dag.py:3328} INFO - Setting next_dagrun for example_branch_datetime_operator_3 to 2024-05-03T00:00:00+00:00, run_after=2024-05-04T00:00:00+00:00
[2024-05-04T15:59:04.354+0000] {processor.py:178} INFO - Processing /home/airflow/.local/lib/python3.7/site-packages/airflow/example_dags/example_branch_datetime_operator.py took 0.236 seconds
[2024-05-04T15:59:34.395+0000] {processor.py:156} INFO - Started process (PID=935) to work on /home/airflow/.local/lib/python3.7/site-packages/airflow/example_dags/example_branch_datetime_operator.py
[2024-05-04T15:59:34.396+0000] {processor.py:758} INFO - Processing file /home/airflow/.local/lib/python3.7/site-packages/airflow/example_dags/example_branch_datetime_operator.py for tasks to queue
[2024-05-04T15:59:34.396+0000] {logging_mixin.py:117} INFO - [2024-05-04T15:59:34.396+0000] {dagbag.py:525} INFO - Filling up the DagBag from /home/airflow/.local/lib/python3.7/site-packages/airflow/example_dags/example_branch_datetime_operator.py
[2024-05-04T15:59:34.422+0000] {processor.py:768} INFO - DAG(s) dict_keys(['example_branch_datetime_operator', 'example_branch_datetime_operator_2', 'example_branch_datetime_operator_3']) retrieved from /home/airflow/.local/lib/python3.7/site-packages/airflow/example_dags/example_branch_datetime_operator.py
[2024-05-04T15:59:34.474+0000] {logging_mixin.py:117} INFO - [2024-05-04T15:59:34.474+0000] {dag.py:2573} INFO - Sync 3 DAGs
[2024-05-04T15:59:34.633+0000] {logging_mixin.py:117} INFO - [2024-05-04T15:59:34.633+0000] {dag.py:3328} INFO - Setting next_dagrun for example_branch_datetime_operator to 2024-05-03T00:00:00+00:00, run_after=2024-05-04T00:00:00+00:00
[2024-05-04T15:59:34.637+0000] {logging_mixin.py:117} INFO - [2024-05-04T15:59:34.637+0000] {dag.py:3328} INFO - Setting next_dagrun for example_branch_datetime_operator_2 to 2024-05-03T00:00:00+00:00, run_after=2024-05-04T00:00:00+00:00
[2024-05-04T15:59:34.639+0000] {logging_mixin.py:117} INFO - [2024-05-04T15:59:34.639+0000] {dag.py:3328} INFO - Setting next_dagrun for example_branch_datetime_operator_3 to 2024-05-03T00:00:00+00:00, run_after=2024-05-04T00:00:00+00:00
[2024-05-04T15:59:34.662+0000] {processor.py:178} INFO - Processing /home/airflow/.local/lib/python3.7/site-packages/airflow/example_dags/example_branch_datetime_operator.py took 0.270 seconds
[2024-05-04T16:00:04.758+0000] {processor.py:156} INFO - Started process (PID=1148) to work on /home/airflow/.local/lib/python3.7/site-packages/airflow/example_dags/example_branch_datetime_operator.py
[2024-05-04T16:00:04.758+0000] {processor.py:758} INFO - Processing file /home/airflow/.local/lib/python3.7/site-packages/airflow/example_dags/example_branch_datetime_operator.py for tasks to queue
[2024-05-04T16:00:04.759+0000] {logging_mixin.py:117} INFO - [2024-05-04T16:00:04.758+0000] {dagbag.py:525} INFO - Filling up the DagBag from /home/airflow/.local/lib/python3.7/site-packages/airflow/example_dags/example_branch_datetime_operator.py
[2024-05-04T16:00:04.774+0000] {processor.py:768} INFO - DAG(s) dict_keys(['example_branch_datetime_operator_2', 'example_branch_datetime_operator_3', 'example_branch_datetime_operator']) retrieved from /home/airflow/.local/lib/python3.7/site-packages/airflow/example_dags/example_branch_datetime_operator.py
[2024-05-04T16:00:04.940+0000] {logging_mixin.py:117} INFO - [2024-05-04T16:00:04.940+0000] {dag.py:2573} INFO - Sync 3 DAGs
[2024-05-04T16:00:04.961+0000] {logging_mixin.py:117} INFO - [2024-05-04T16:00:04.961+0000] {dag.py:3328} INFO - Setting next_dagrun for example_branch_datetime_operator to 2024-05-03T00:00:00+00:00, run_after=2024-05-04T00:00:00+00:00
[2024-05-04T16:00:04.965+0000] {logging_mixin.py:117} INFO - [2024-05-04T16:00:04.965+0000] {dag.py:3328} INFO - Setting next_dagrun for example_branch_datetime_operator_2 to 2024-05-03T00:00:00+00:00, run_after=2024-05-04T00:00:00+00:00
[2024-05-04T16:00:04.967+0000] {logging_mixin.py:117} INFO - [2024-05-04T16:00:04.967+0000] {dag.py:3328} INFO - Setting next_dagrun for example_branch_datetime_operator_3 to 2024-05-03T00:00:00+00:00, run_after=2024-05-04T00:00:00+00:00
[2024-05-04T16:00:04.985+0000] {processor.py:178} INFO - Processing /home/airflow/.local/lib/python3.7/site-packages/airflow/example_dags/example_branch_datetime_operator.py took 0.230 seconds
[2024-05-04T16:00:35.193+0000] {processor.py:156} INFO - Started process (PID=1361) to work on /home/airflow/.local/lib/python3.7/site-packages/airflow/example_dags/example_branch_datetime_operator.py
[2024-05-04T16:00:35.194+0000] {processor.py:758} INFO - Processing file /home/airflow/.local/lib/python3.7/site-packages/airflow/example_dags/example_branch_datetime_operator.py for tasks to queue
[2024-05-04T16:00:35.194+0000] {logging_mixin.py:117} INFO - [2024-05-04T16:00:35.194+0000] {dagbag.py:525} INFO - Filling up the DagBag from /home/airflow/.local/lib/python3.7/site-packages/airflow/example_dags/example_branch_datetime_operator.py
[2024-05-04T16:00:35.215+0000] {processor.py:768} INFO - DAG(s) dict_keys(['example_branch_datetime_operator_3', 'example_branch_datetime_operator_2', 'example_branch_datetime_operator']) retrieved from /home/airflow/.local/lib/python3.7/site-packages/airflow/example_dags/example_branch_datetime_operator.py
[2024-05-04T16:00:35.366+0000] {logging_mixin.py:117} INFO - [2024-05-04T16:00:35.366+0000] {dag.py:2573} INFO - Sync 3 DAGs
[2024-05-04T16:00:35.387+0000] {logging_mixin.py:117} INFO - [2024-05-04T16:00:35.387+0000] {dag.py:3328} INFO - Setting next_dagrun for example_branch_datetime_operator to 2024-05-03T00:00:00+00:00, run_after=2024-05-04T00:00:00+00:00
[2024-05-04T16:00:35.391+0000] {logging_mixin.py:117} INFO - [2024-05-04T16:00:35.391+0000] {dag.py:3328} INFO - Setting next_dagrun for example_branch_datetime_operator_2 to 2024-05-03T00:00:00+00:00, run_after=2024-05-04T00:00:00+00:00
[2024-05-04T16:00:35.393+0000] {logging_mixin.py:117} INFO - [2024-05-04T16:00:35.393+0000] {dag.py:3328} INFO - Setting next_dagrun for example_branch_datetime_operator_3 to 2024-05-03T00:00:00+00:00, run_after=2024-05-04T00:00:00+00:00
[2024-05-04T16:00:35.411+0000] {processor.py:178} INFO - Processing /home/airflow/.local/lib/python3.7/site-packages/airflow/example_dags/example_branch_datetime_operator.py took 0.222 seconds
[2024-05-04T16:01:05.681+0000] {processor.py:156} INFO - Started process (PID=1565) to work on /home/airflow/.local/lib/python3.7/site-packages/airflow/example_dags/example_branch_datetime_operator.py
[2024-05-04T16:01:05.682+0000] {processor.py:758} INFO - Processing file /home/airflow/.local/lib/python3.7/site-packages/airflow/example_dags/example_branch_datetime_operator.py for tasks to queue
[2024-05-04T16:01:05.682+0000] {logging_mixin.py:117} INFO - [2024-05-04T16:01:05.682+0000] {dagbag.py:525} INFO - Filling up the DagBag from /home/airflow/.local/lib/python3.7/site-packages/airflow/example_dags/example_branch_datetime_operator.py
[2024-05-04T16:01:05.841+0000] {processor.py:768} INFO - DAG(s) dict_keys(['example_branch_datetime_operator', 'example_branch_datetime_operator_2', 'example_branch_datetime_operator_3']) retrieved from /home/airflow/.local/lib/python3.7/site-packages/airflow/example_dags/example_branch_datetime_operator.py
[2024-05-04T16:01:05.881+0000] {logging_mixin.py:117} INFO - [2024-05-04T16:01:05.880+0000] {dag.py:2573} INFO - Sync 3 DAGs
[2024-05-04T16:01:05.913+0000] {logging_mixin.py:117} INFO - [2024-05-04T16:01:05.913+0000] {dag.py:3328} INFO - Setting next_dagrun for example_branch_datetime_operator to 2024-05-03T00:00:00+00:00, run_after=2024-05-04T00:00:00+00:00
[2024-05-04T16:01:05.919+0000] {logging_mixin.py:117} INFO - [2024-05-04T16:01:05.918+0000] {dag.py:3328} INFO - Setting next_dagrun for example_branch_datetime_operator_2 to 2024-05-03T00:00:00+00:00, run_after=2024-05-04T00:00:00+00:00
[2024-05-04T16:01:05.922+0000] {logging_mixin.py:117} INFO - [2024-05-04T16:01:05.921+0000] {dag.py:3328} INFO - Setting next_dagrun for example_branch_datetime_operator_3 to 2024-05-03T00:00:00+00:00, run_after=2024-05-04T00:00:00+00:00
[2024-05-04T16:01:05.943+0000] {processor.py:178} INFO - Processing /home/airflow/.local/lib/python3.7/site-packages/airflow/example_dags/example_branch_datetime_operator.py took 0.265 seconds
[2024-05-04T16:01:36.015+0000] {processor.py:156} INFO - Started process (PID=1775) to work on /home/airflow/.local/lib/python3.7/site-packages/airflow/example_dags/example_branch_datetime_operator.py
[2024-05-04T16:01:36.016+0000] {processor.py:758} INFO - Processing file /home/airflow/.local/lib/python3.7/site-packages/airflow/example_dags/example_branch_datetime_operator.py for tasks to queue
[2024-05-04T16:01:36.016+0000] {logging_mixin.py:117} INFO - [2024-05-04T16:01:36.016+0000] {dagbag.py:525} INFO - Filling up the DagBag from /home/airflow/.local/lib/python3.7/site-packages/airflow/example_dags/example_branch_datetime_operator.py
[2024-05-04T16:01:36.032+0000] {processor.py:768} INFO - DAG(s) dict_keys(['example_branch_datetime_operator', 'example_branch_datetime_operator_2', 'example_branch_datetime_operator_3']) retrieved from /home/airflow/.local/lib/python3.7/site-packages/airflow/example_dags/example_branch_datetime_operator.py
[2024-05-04T16:01:36.072+0000] {logging_mixin.py:117} INFO - [2024-05-04T16:01:36.071+0000] {dag.py:2573} INFO - Sync 3 DAGs
[2024-05-04T16:01:36.093+0000] {logging_mixin.py:117} INFO - [2024-05-04T16:01:36.093+0000] {dag.py:3328} INFO - Setting next_dagrun for example_branch_datetime_operator to 2024-05-03T00:00:00+00:00, run_after=2024-05-04T00:00:00+00:00
[2024-05-04T16:01:36.097+0000] {logging_mixin.py:117} INFO - [2024-05-04T16:01:36.097+0000] {dag.py:3328} INFO - Setting next_dagrun for example_branch_datetime_operator_2 to 2024-05-03T00:00:00+00:00, run_after=2024-05-04T00:00:00+00:00
[2024-05-04T16:01:36.099+0000] {logging_mixin.py:117} INFO - [2024-05-04T16:01:36.099+0000] {dag.py:3328} INFO - Setting next_dagrun for example_branch_datetime_operator_3 to 2024-05-03T00:00:00+00:00, run_after=2024-05-04T00:00:00+00:00
[2024-05-04T16:01:36.119+0000] {processor.py:178} INFO - Processing /home/airflow/.local/lib/python3.7/site-packages/airflow/example_dags/example_branch_datetime_operator.py took 0.107 seconds
[2024-05-04T16:02:07.190+0000] {processor.py:156} INFO - Started process (PID=1996) to work on /home/airflow/.local/lib/python3.7/site-packages/airflow/example_dags/example_branch_datetime_operator.py
[2024-05-04T16:02:07.191+0000] {processor.py:758} INFO - Processing file /home/airflow/.local/lib/python3.7/site-packages/airflow/example_dags/example_branch_datetime_operator.py for tasks to queue
[2024-05-04T16:02:07.191+0000] {logging_mixin.py:117} INFO - [2024-05-04T16:02:07.191+0000] {dagbag.py:525} INFO - Filling up the DagBag from /home/airflow/.local/lib/python3.7/site-packages/airflow/example_dags/example_branch_datetime_operator.py
[2024-05-04T16:02:07.213+0000] {processor.py:768} INFO - DAG(s) dict_keys(['example_branch_datetime_operator_3', 'example_branch_datetime_operator', 'example_branch_datetime_operator_2']) retrieved from /home/airflow/.local/lib/python3.7/site-packages/airflow/example_dags/example_branch_datetime_operator.py
[2024-05-04T16:02:07.257+0000] {logging_mixin.py:117} INFO - [2024-05-04T16:02:07.257+0000] {dag.py:2573} INFO - Sync 3 DAGs
[2024-05-04T16:02:07.284+0000] {logging_mixin.py:117} INFO - [2024-05-04T16:02:07.284+0000] {dag.py:3328} INFO - Setting next_dagrun for example_branch_datetime_operator to 2024-05-03T00:00:00+00:00, run_after=2024-05-04T00:00:00+00:00
[2024-05-04T16:02:07.288+0000] {logging_mixin.py:117} INFO - [2024-05-04T16:02:07.288+0000] {dag.py:3328} INFO - Setting next_dagrun for example_branch_datetime_operator_2 to 2024-05-03T00:00:00+00:00, run_after=2024-05-04T00:00:00+00:00
[2024-05-04T16:02:07.291+0000] {logging_mixin.py:117} INFO - [2024-05-04T16:02:07.291+0000] {dag.py:3328} INFO - Setting next_dagrun for example_branch_datetime_operator_3 to 2024-05-03T00:00:00+00:00, run_after=2024-05-04T00:00:00+00:00
[2024-05-04T16:02:07.311+0000] {processor.py:178} INFO - Processing /home/airflow/.local/lib/python3.7/site-packages/airflow/example_dags/example_branch_datetime_operator.py took 0.124 seconds
[2024-05-04T16:02:37.931+0000] {processor.py:156} INFO - Started process (PID=2209) to work on /home/airflow/.local/lib/python3.7/site-packages/airflow/example_dags/example_branch_datetime_operator.py
[2024-05-04T16:02:37.932+0000] {processor.py:758} INFO - Processing file /home/airflow/.local/lib/python3.7/site-packages/airflow/example_dags/example_branch_datetime_operator.py for tasks to queue
[2024-05-04T16:02:37.932+0000] {logging_mixin.py:117} INFO - [2024-05-04T16:02:37.932+0000] {dagbag.py:525} INFO - Filling up the DagBag from /home/airflow/.local/lib/python3.7/site-packages/airflow/example_dags/example_branch_datetime_operator.py
[2024-05-04T16:02:37.952+0000] {processor.py:768} INFO - DAG(s) dict_keys(['example_branch_datetime_operator_2', 'example_branch_datetime_operator', 'example_branch_datetime_operator_3']) retrieved from /home/airflow/.local/lib/python3.7/site-packages/airflow/example_dags/example_branch_datetime_operator.py
[2024-05-04T16:02:37.988+0000] {logging_mixin.py:117} INFO - [2024-05-04T16:02:37.988+0000] {dag.py:2573} INFO - Sync 3 DAGs
[2024-05-04T16:02:38.012+0000] {logging_mixin.py:117} INFO - [2024-05-04T16:02:38.012+0000] {dag.py:3328} INFO - Setting next_dagrun for example_branch_datetime_operator to 2024-05-03T00:00:00+00:00, run_after=2024-05-04T00:00:00+00:00
[2024-05-04T16:02:38.017+0000] {logging_mixin.py:117} INFO - [2024-05-04T16:02:38.017+0000] {dag.py:3328} INFO - Setting next_dagrun for example_branch_datetime_operator_2 to 2024-05-03T00:00:00+00:00, run_after=2024-05-04T00:00:00+00:00
[2024-05-04T16:02:38.020+0000] {logging_mixin.py:117} INFO - [2024-05-04T16:02:38.020+0000] {dag.py:3328} INFO - Setting next_dagrun for example_branch_datetime_operator_3 to 2024-05-03T00:00:00+00:00, run_after=2024-05-04T00:00:00+00:00
[2024-05-04T16:02:38.041+0000] {processor.py:178} INFO - Processing /home/airflow/.local/lib/python3.7/site-packages/airflow/example_dags/example_branch_datetime_operator.py took 0.113 seconds
[2024-05-04T16:03:08.678+0000] {processor.py:156} INFO - Started process (PID=2414) to work on /home/airflow/.local/lib/python3.7/site-packages/airflow/example_dags/example_branch_datetime_operator.py
[2024-05-04T16:03:08.678+0000] {processor.py:758} INFO - Processing file /home/airflow/.local/lib/python3.7/site-packages/airflow/example_dags/example_branch_datetime_operator.py for tasks to queue
[2024-05-04T16:03:08.679+0000] {logging_mixin.py:117} INFO - [2024-05-04T16:03:08.679+0000] {dagbag.py:525} INFO - Filling up the DagBag from /home/airflow/.local/lib/python3.7/site-packages/airflow/example_dags/example_branch_datetime_operator.py
[2024-05-04T16:03:08.695+0000] {processor.py:768} INFO - DAG(s) dict_keys(['example_branch_datetime_operator', 'example_branch_datetime_operator_2', 'example_branch_datetime_operator_3']) retrieved from /home/airflow/.local/lib/python3.7/site-packages/airflow/example_dags/example_branch_datetime_operator.py
[2024-05-04T16:03:08.731+0000] {logging_mixin.py:117} INFO - [2024-05-04T16:03:08.731+0000] {dag.py:2573} INFO - Sync 3 DAGs
[2024-05-04T16:03:08.752+0000] {logging_mixin.py:117} INFO - [2024-05-04T16:03:08.752+0000] {dag.py:3328} INFO - Setting next_dagrun for example_branch_datetime_operator to 2024-05-03T00:00:00+00:00, run_after=2024-05-04T00:00:00+00:00
[2024-05-04T16:03:08.756+0000] {logging_mixin.py:117} INFO - [2024-05-04T16:03:08.756+0000] {dag.py:3328} INFO - Setting next_dagrun for example_branch_datetime_operator_2 to 2024-05-03T00:00:00+00:00, run_after=2024-05-04T00:00:00+00:00
[2024-05-04T16:03:08.758+0000] {logging_mixin.py:117} INFO - [2024-05-04T16:03:08.758+0000] {dag.py:3328} INFO - Setting next_dagrun for example_branch_datetime_operator_3 to 2024-05-03T00:00:00+00:00, run_after=2024-05-04T00:00:00+00:00
[2024-05-04T16:03:08.777+0000] {processor.py:178} INFO - Processing /home/airflow/.local/lib/python3.7/site-packages/airflow/example_dags/example_branch_datetime_operator.py took 0.102 seconds
[2024-05-04T16:03:39.415+0000] {processor.py:156} INFO - Started process (PID=2627) to work on /home/airflow/.local/lib/python3.7/site-packages/airflow/example_dags/example_branch_datetime_operator.py
[2024-05-04T16:03:39.415+0000] {processor.py:758} INFO - Processing file /home/airflow/.local/lib/python3.7/site-packages/airflow/example_dags/example_branch_datetime_operator.py for tasks to queue
[2024-05-04T16:03:39.416+0000] {logging_mixin.py:117} INFO - [2024-05-04T16:03:39.416+0000] {dagbag.py:525} INFO - Filling up the DagBag from /home/airflow/.local/lib/python3.7/site-packages/airflow/example_dags/example_branch_datetime_operator.py
[2024-05-04T16:03:39.437+0000] {processor.py:768} INFO - DAG(s) dict_keys(['example_branch_datetime_operator', 'example_branch_datetime_operator_3', 'example_branch_datetime_operator_2']) retrieved from /home/airflow/.local/lib/python3.7/site-packages/airflow/example_dags/example_branch_datetime_operator.py
[2024-05-04T16:03:39.480+0000] {logging_mixin.py:117} INFO - [2024-05-04T16:03:39.480+0000] {dag.py:2573} INFO - Sync 3 DAGs
[2024-05-04T16:03:39.501+0000] {logging_mixin.py:117} INFO - [2024-05-04T16:03:39.501+0000] {dag.py:3328} INFO - Setting next_dagrun for example_branch_datetime_operator to 2024-05-03T00:00:00+00:00, run_after=2024-05-04T00:00:00+00:00
[2024-05-04T16:03:39.505+0000] {logging_mixin.py:117} INFO - [2024-05-04T16:03:39.505+0000] {dag.py:3328} INFO - Setting next_dagrun for example_branch_datetime_operator_2 to 2024-05-03T00:00:00+00:00, run_after=2024-05-04T00:00:00+00:00
[2024-05-04T16:03:39.507+0000] {logging_mixin.py:117} INFO - [2024-05-04T16:03:39.507+0000] {dag.py:3328} INFO - Setting next_dagrun for example_branch_datetime_operator_3 to 2024-05-03T00:00:00+00:00, run_after=2024-05-04T00:00:00+00:00
[2024-05-04T16:03:39.525+0000] {processor.py:178} INFO - Processing /home/airflow/.local/lib/python3.7/site-packages/airflow/example_dags/example_branch_datetime_operator.py took 0.113 seconds
[2024-05-04T16:04:09.988+0000] {processor.py:156} INFO - Started process (PID=2840) to work on /home/airflow/.local/lib/python3.7/site-packages/airflow/example_dags/example_branch_datetime_operator.py
[2024-05-04T16:04:09.988+0000] {processor.py:758} INFO - Processing file /home/airflow/.local/lib/python3.7/site-packages/airflow/example_dags/example_branch_datetime_operator.py for tasks to queue
[2024-05-04T16:04:09.988+0000] {logging_mixin.py:117} INFO - [2024-05-04T16:04:09.988+0000] {dagbag.py:525} INFO - Filling up the DagBag from /home/airflow/.local/lib/python3.7/site-packages/airflow/example_dags/example_branch_datetime_operator.py
[2024-05-04T16:04:10.006+0000] {processor.py:768} INFO - DAG(s) dict_keys(['example_branch_datetime_operator_3', 'example_branch_datetime_operator_2', 'example_branch_datetime_operator']) retrieved from /home/airflow/.local/lib/python3.7/site-packages/airflow/example_dags/example_branch_datetime_operator.py
[2024-05-04T16:04:10.055+0000] {logging_mixin.py:117} INFO - [2024-05-04T16:04:10.055+0000] {dag.py:2573} INFO - Sync 3 DAGs
[2024-05-04T16:04:10.079+0000] {logging_mixin.py:117} INFO - [2024-05-04T16:04:10.079+0000] {dag.py:3328} INFO - Setting next_dagrun for example_branch_datetime_operator to 2024-05-03T00:00:00+00:00, run_after=2024-05-04T00:00:00+00:00
[2024-05-04T16:04:10.083+0000] {logging_mixin.py:117} INFO - [2024-05-04T16:04:10.083+0000] {dag.py:3328} INFO - Setting next_dagrun for example_branch_datetime_operator_2 to 2024-05-03T00:00:00+00:00, run_after=2024-05-04T00:00:00+00:00
[2024-05-04T16:04:10.085+0000] {logging_mixin.py:117} INFO - [2024-05-04T16:04:10.085+0000] {dag.py:3328} INFO - Setting next_dagrun for example_branch_datetime_operator_3 to 2024-05-03T00:00:00+00:00, run_after=2024-05-04T00:00:00+00:00
[2024-05-04T16:04:10.104+0000] {processor.py:178} INFO - Processing /home/airflow/.local/lib/python3.7/site-packages/airflow/example_dags/example_branch_datetime_operator.py took 0.119 seconds
[2024-05-04T16:04:40.585+0000] {processor.py:156} INFO - Started process (PID=3053) to work on /home/airflow/.local/lib/python3.7/site-packages/airflow/example_dags/example_branch_datetime_operator.py
[2024-05-04T16:04:40.586+0000] {processor.py:758} INFO - Processing file /home/airflow/.local/lib/python3.7/site-packages/airflow/example_dags/example_branch_datetime_operator.py for tasks to queue
[2024-05-04T16:04:40.587+0000] {logging_mixin.py:117} INFO - [2024-05-04T16:04:40.586+0000] {dagbag.py:525} INFO - Filling up the DagBag from /home/airflow/.local/lib/python3.7/site-packages/airflow/example_dags/example_branch_datetime_operator.py
[2024-05-04T16:04:40.602+0000] {processor.py:768} INFO - DAG(s) dict_keys(['example_branch_datetime_operator_2', 'example_branch_datetime_operator_3', 'example_branch_datetime_operator']) retrieved from /home/airflow/.local/lib/python3.7/site-packages/airflow/example_dags/example_branch_datetime_operator.py
[2024-05-04T16:04:40.638+0000] {logging_mixin.py:117} INFO - [2024-05-04T16:04:40.638+0000] {dag.py:2573} INFO - Sync 3 DAGs
[2024-05-04T16:04:40.659+0000] {logging_mixin.py:117} INFO - [2024-05-04T16:04:40.659+0000] {dag.py:3328} INFO - Setting next_dagrun for example_branch_datetime_operator to 2024-05-03T00:00:00+00:00, run_after=2024-05-04T00:00:00+00:00
[2024-05-04T16:04:40.664+0000] {logging_mixin.py:117} INFO - [2024-05-04T16:04:40.664+0000] {dag.py:3328} INFO - Setting next_dagrun for example_branch_datetime_operator_2 to 2024-05-03T00:00:00+00:00, run_after=2024-05-04T00:00:00+00:00
[2024-05-04T16:04:40.666+0000] {logging_mixin.py:117} INFO - [2024-05-04T16:04:40.666+0000] {dag.py:3328} INFO - Setting next_dagrun for example_branch_datetime_operator_3 to 2024-05-03T00:00:00+00:00, run_after=2024-05-04T00:00:00+00:00
[2024-05-04T16:04:40.683+0000] {processor.py:178} INFO - Processing /home/airflow/.local/lib/python3.7/site-packages/airflow/example_dags/example_branch_datetime_operator.py took 0.101 seconds
[2024-05-04T16:05:11.150+0000] {processor.py:156} INFO - Started process (PID=3257) to work on /home/airflow/.local/lib/python3.7/site-packages/airflow/example_dags/example_branch_datetime_operator.py
[2024-05-04T16:05:11.151+0000] {processor.py:758} INFO - Processing file /home/airflow/.local/lib/python3.7/site-packages/airflow/example_dags/example_branch_datetime_operator.py for tasks to queue
[2024-05-04T16:05:11.151+0000] {logging_mixin.py:117} INFO - [2024-05-04T16:05:11.151+0000] {dagbag.py:525} INFO - Filling up the DagBag from /home/airflow/.local/lib/python3.7/site-packages/airflow/example_dags/example_branch_datetime_operator.py
[2024-05-04T16:05:11.167+0000] {processor.py:768} INFO - DAG(s) dict_keys(['example_branch_datetime_operator', 'example_branch_datetime_operator_2', 'example_branch_datetime_operator_3']) retrieved from /home/airflow/.local/lib/python3.7/site-packages/airflow/example_dags/example_branch_datetime_operator.py
[2024-05-04T16:05:11.206+0000] {logging_mixin.py:117} INFO - [2024-05-04T16:05:11.205+0000] {dag.py:2573} INFO - Sync 3 DAGs
[2024-05-04T16:05:11.228+0000] {logging_mixin.py:117} INFO - [2024-05-04T16:05:11.228+0000] {dag.py:3328} INFO - Setting next_dagrun for example_branch_datetime_operator to 2024-05-03T00:00:00+00:00, run_after=2024-05-04T00:00:00+00:00
[2024-05-04T16:05:11.232+0000] {logging_mixin.py:117} INFO - [2024-05-04T16:05:11.232+0000] {dag.py:3328} INFO - Setting next_dagrun for example_branch_datetime_operator_2 to 2024-05-03T00:00:00+00:00, run_after=2024-05-04T00:00:00+00:00
[2024-05-04T16:05:11.234+0000] {logging_mixin.py:117} INFO - [2024-05-04T16:05:11.234+0000] {dag.py:3328} INFO - Setting next_dagrun for example_branch_datetime_operator_3 to 2024-05-03T00:00:00+00:00, run_after=2024-05-04T00:00:00+00:00
[2024-05-04T16:05:11.253+0000] {processor.py:178} INFO - Processing /home/airflow/.local/lib/python3.7/site-packages/airflow/example_dags/example_branch_datetime_operator.py took 0.106 seconds
[2024-05-04T16:05:41.841+0000] {processor.py:156} INFO - Started process (PID=3471) to work on /home/airflow/.local/lib/python3.7/site-packages/airflow/example_dags/example_branch_datetime_operator.py
[2024-05-04T16:05:41.842+0000] {processor.py:758} INFO - Processing file /home/airflow/.local/lib/python3.7/site-packages/airflow/example_dags/example_branch_datetime_operator.py for tasks to queue
[2024-05-04T16:05:41.842+0000] {logging_mixin.py:117} INFO - [2024-05-04T16:05:41.842+0000] {dagbag.py:525} INFO - Filling up the DagBag from /home/airflow/.local/lib/python3.7/site-packages/airflow/example_dags/example_branch_datetime_operator.py
[2024-05-04T16:05:41.862+0000] {processor.py:768} INFO - DAG(s) dict_keys(['example_branch_datetime_operator_3', 'example_branch_datetime_operator', 'example_branch_datetime_operator_2']) retrieved from /home/airflow/.local/lib/python3.7/site-packages/airflow/example_dags/example_branch_datetime_operator.py
[2024-05-04T16:05:41.901+0000] {logging_mixin.py:117} INFO - [2024-05-04T16:05:41.900+0000] {dag.py:2573} INFO - Sync 3 DAGs
[2024-05-04T16:05:41.922+0000] {logging_mixin.py:117} INFO - [2024-05-04T16:05:41.922+0000] {dag.py:3328} INFO - Setting next_dagrun for example_branch_datetime_operator to 2024-05-03T00:00:00+00:00, run_after=2024-05-04T00:00:00+00:00
[2024-05-04T16:05:41.925+0000] {logging_mixin.py:117} INFO - [2024-05-04T16:05:41.925+0000] {dag.py:3328} INFO - Setting next_dagrun for example_branch_datetime_operator_2 to 2024-05-03T00:00:00+00:00, run_after=2024-05-04T00:00:00+00:00
[2024-05-04T16:05:41.927+0000] {logging_mixin.py:117} INFO - [2024-05-04T16:05:41.927+0000] {dag.py:3328} INFO - Setting next_dagrun for example_branch_datetime_operator_3 to 2024-05-03T00:00:00+00:00, run_after=2024-05-04T00:00:00+00:00
[2024-05-04T16:05:41.945+0000] {processor.py:178} INFO - Processing /home/airflow/.local/lib/python3.7/site-packages/airflow/example_dags/example_branch_datetime_operator.py took 0.107 seconds
[2024-05-04T16:06:12.606+0000] {processor.py:156} INFO - Started process (PID=3683) to work on /home/airflow/.local/lib/python3.7/site-packages/airflow/example_dags/example_branch_datetime_operator.py
[2024-05-04T16:06:12.607+0000] {processor.py:758} INFO - Processing file /home/airflow/.local/lib/python3.7/site-packages/airflow/example_dags/example_branch_datetime_operator.py for tasks to queue
[2024-05-04T16:06:12.607+0000] {logging_mixin.py:117} INFO - [2024-05-04T16:06:12.607+0000] {dagbag.py:525} INFO - Filling up the DagBag from /home/airflow/.local/lib/python3.7/site-packages/airflow/example_dags/example_branch_datetime_operator.py
[2024-05-04T16:06:12.623+0000] {processor.py:768} INFO - DAG(s) dict_keys(['example_branch_datetime_operator_3', 'example_branch_datetime_operator', 'example_branch_datetime_operator_2']) retrieved from /home/airflow/.local/lib/python3.7/site-packages/airflow/example_dags/example_branch_datetime_operator.py
[2024-05-04T16:06:12.658+0000] {logging_mixin.py:117} INFO - [2024-05-04T16:06:12.658+0000] {dag.py:2573} INFO - Sync 3 DAGs
[2024-05-04T16:06:12.679+0000] {logging_mixin.py:117} INFO - [2024-05-04T16:06:12.679+0000] {dag.py:3328} INFO - Setting next_dagrun for example_branch_datetime_operator to 2024-05-03T00:00:00+00:00, run_after=2024-05-04T00:00:00+00:00
[2024-05-04T16:06:12.683+0000] {logging_mixin.py:117} INFO - [2024-05-04T16:06:12.683+0000] {dag.py:3328} INFO - Setting next_dagrun for example_branch_datetime_operator_2 to 2024-05-03T00:00:00+00:00, run_after=2024-05-04T00:00:00+00:00
[2024-05-04T16:06:12.685+0000] {logging_mixin.py:117} INFO - [2024-05-04T16:06:12.685+0000] {dag.py:3328} INFO - Setting next_dagrun for example_branch_datetime_operator_3 to 2024-05-03T00:00:00+00:00, run_after=2024-05-04T00:00:00+00:00
[2024-05-04T16:06:12.704+0000] {processor.py:178} INFO - Processing /home/airflow/.local/lib/python3.7/site-packages/airflow/example_dags/example_branch_datetime_operator.py took 0.101 seconds
[2024-05-04T16:06:43.613+0000] {processor.py:156} INFO - Started process (PID=3902) to work on /home/airflow/.local/lib/python3.7/site-packages/airflow/example_dags/example_branch_datetime_operator.py
[2024-05-04T16:06:43.614+0000] {processor.py:758} INFO - Processing file /home/airflow/.local/lib/python3.7/site-packages/airflow/example_dags/example_branch_datetime_operator.py for tasks to queue
[2024-05-04T16:06:43.614+0000] {logging_mixin.py:117} INFO - [2024-05-04T16:06:43.614+0000] {dagbag.py:525} INFO - Filling up the DagBag from /home/airflow/.local/lib/python3.7/site-packages/airflow/example_dags/example_branch_datetime_operator.py
[2024-05-04T16:06:43.635+0000] {processor.py:768} INFO - DAG(s) dict_keys(['example_branch_datetime_operator_2', 'example_branch_datetime_operator_3', 'example_branch_datetime_operator']) retrieved from /home/airflow/.local/lib/python3.7/site-packages/airflow/example_dags/example_branch_datetime_operator.py
[2024-05-04T16:06:43.674+0000] {logging_mixin.py:117} INFO - [2024-05-04T16:06:43.674+0000] {dag.py:2573} INFO - Sync 3 DAGs
[2024-05-04T16:06:43.696+0000] {logging_mixin.py:117} INFO - [2024-05-04T16:06:43.696+0000] {dag.py:3328} INFO - Setting next_dagrun for example_branch_datetime_operator to 2024-05-03T00:00:00+00:00, run_after=2024-05-04T00:00:00+00:00
[2024-05-04T16:06:43.701+0000] {logging_mixin.py:117} INFO - [2024-05-04T16:06:43.701+0000] {dag.py:3328} INFO - Setting next_dagrun for example_branch_datetime_operator_2 to 2024-05-03T00:00:00+00:00, run_after=2024-05-04T00:00:00+00:00
[2024-05-04T16:06:43.703+0000] {logging_mixin.py:117} INFO - [2024-05-04T16:06:43.703+0000] {dag.py:3328} INFO - Setting next_dagrun for example_branch_datetime_operator_3 to 2024-05-03T00:00:00+00:00, run_after=2024-05-04T00:00:00+00:00
[2024-05-04T16:06:43.725+0000] {processor.py:178} INFO - Processing /home/airflow/.local/lib/python3.7/site-packages/airflow/example_dags/example_branch_datetime_operator.py took 0.116 seconds
[2024-05-04T16:07:14.274+0000] {processor.py:156} INFO - Started process (PID=4106) to work on /home/airflow/.local/lib/python3.7/site-packages/airflow/example_dags/example_branch_datetime_operator.py
[2024-05-04T16:07:14.274+0000] {processor.py:758} INFO - Processing file /home/airflow/.local/lib/python3.7/site-packages/airflow/example_dags/example_branch_datetime_operator.py for tasks to queue
[2024-05-04T16:07:14.275+0000] {logging_mixin.py:117} INFO - [2024-05-04T16:07:14.275+0000] {dagbag.py:525} INFO - Filling up the DagBag from /home/airflow/.local/lib/python3.7/site-packages/airflow/example_dags/example_branch_datetime_operator.py
[2024-05-04T16:07:14.293+0000] {processor.py:768} INFO - DAG(s) dict_keys(['example_branch_datetime_operator_2', 'example_branch_datetime_operator_3', 'example_branch_datetime_operator']) retrieved from /home/airflow/.local/lib/python3.7/site-packages/airflow/example_dags/example_branch_datetime_operator.py
[2024-05-04T16:07:14.329+0000] {logging_mixin.py:117} INFO - [2024-05-04T16:07:14.329+0000] {dag.py:2573} INFO - Sync 3 DAGs
[2024-05-04T16:07:14.351+0000] {logging_mixin.py:117} INFO - [2024-05-04T16:07:14.351+0000] {dag.py:3328} INFO - Setting next_dagrun for example_branch_datetime_operator to 2024-05-03T00:00:00+00:00, run_after=2024-05-04T00:00:00+00:00
[2024-05-04T16:07:14.355+0000] {logging_mixin.py:117} INFO - [2024-05-04T16:07:14.355+0000] {dag.py:3328} INFO - Setting next_dagrun for example_branch_datetime_operator_2 to 2024-05-03T00:00:00+00:00, run_after=2024-05-04T00:00:00+00:00
[2024-05-04T16:07:14.357+0000] {logging_mixin.py:117} INFO - [2024-05-04T16:07:14.357+0000] {dag.py:3328} INFO - Setting next_dagrun for example_branch_datetime_operator_3 to 2024-05-03T00:00:00+00:00, run_after=2024-05-04T00:00:00+00:00
[2024-05-04T16:07:14.375+0000] {processor.py:178} INFO - Processing /home/airflow/.local/lib/python3.7/site-packages/airflow/example_dags/example_branch_datetime_operator.py took 0.105 seconds
[2024-05-04T16:07:44.910+0000] {processor.py:156} INFO - Started process (PID=4320) to work on /home/airflow/.local/lib/python3.7/site-packages/airflow/example_dags/example_branch_datetime_operator.py
[2024-05-04T16:07:44.910+0000] {processor.py:758} INFO - Processing file /home/airflow/.local/lib/python3.7/site-packages/airflow/example_dags/example_branch_datetime_operator.py for tasks to queue
[2024-05-04T16:07:44.911+0000] {logging_mixin.py:117} INFO - [2024-05-04T16:07:44.911+0000] {dagbag.py:525} INFO - Filling up the DagBag from /home/airflow/.local/lib/python3.7/site-packages/airflow/example_dags/example_branch_datetime_operator.py
[2024-05-04T16:07:44.929+0000] {processor.py:768} INFO - DAG(s) dict_keys(['example_branch_datetime_operator_2', 'example_branch_datetime_operator', 'example_branch_datetime_operator_3']) retrieved from /home/airflow/.local/lib/python3.7/site-packages/airflow/example_dags/example_branch_datetime_operator.py
[2024-05-04T16:07:44.965+0000] {logging_mixin.py:117} INFO - [2024-05-04T16:07:44.965+0000] {dag.py:2573} INFO - Sync 3 DAGs
[2024-05-04T16:07:44.986+0000] {logging_mixin.py:117} INFO - [2024-05-04T16:07:44.986+0000] {dag.py:3328} INFO - Setting next_dagrun for example_branch_datetime_operator to 2024-05-03T00:00:00+00:00, run_after=2024-05-04T00:00:00+00:00
[2024-05-04T16:07:44.990+0000] {logging_mixin.py:117} INFO - [2024-05-04T16:07:44.989+0000] {dag.py:3328} INFO - Setting next_dagrun for example_branch_datetime_operator_2 to 2024-05-03T00:00:00+00:00, run_after=2024-05-04T00:00:00+00:00
[2024-05-04T16:07:44.992+0000] {logging_mixin.py:117} INFO - [2024-05-04T16:07:44.991+0000] {dag.py:3328} INFO - Setting next_dagrun for example_branch_datetime_operator_3 to 2024-05-03T00:00:00+00:00, run_after=2024-05-04T00:00:00+00:00
[2024-05-04T16:07:45.010+0000] {processor.py:178} INFO - Processing /home/airflow/.local/lib/python3.7/site-packages/airflow/example_dags/example_branch_datetime_operator.py took 0.103 seconds
[2024-05-04T16:08:15.312+0000] {processor.py:156} INFO - Started process (PID=4533) to work on /home/airflow/.local/lib/python3.7/site-packages/airflow/example_dags/example_branch_datetime_operator.py
[2024-05-04T16:08:15.313+0000] {processor.py:758} INFO - Processing file /home/airflow/.local/lib/python3.7/site-packages/airflow/example_dags/example_branch_datetime_operator.py for tasks to queue
[2024-05-04T16:08:15.313+0000] {logging_mixin.py:117} INFO - [2024-05-04T16:08:15.313+0000] {dagbag.py:525} INFO - Filling up the DagBag from /home/airflow/.local/lib/python3.7/site-packages/airflow/example_dags/example_branch_datetime_operator.py
[2024-05-04T16:08:15.332+0000] {processor.py:768} INFO - DAG(s) dict_keys(['example_branch_datetime_operator_3', 'example_branch_datetime_operator_2', 'example_branch_datetime_operator']) retrieved from /home/airflow/.local/lib/python3.7/site-packages/airflow/example_dags/example_branch_datetime_operator.py
[2024-05-04T16:08:15.368+0000] {logging_mixin.py:117} INFO - [2024-05-04T16:08:15.367+0000] {dag.py:2573} INFO - Sync 3 DAGs
[2024-05-04T16:08:15.388+0000] {logging_mixin.py:117} INFO - [2024-05-04T16:08:15.388+0000] {dag.py:3328} INFO - Setting next_dagrun for example_branch_datetime_operator to 2024-05-03T00:00:00+00:00, run_after=2024-05-04T00:00:00+00:00
[2024-05-04T16:08:15.392+0000] {logging_mixin.py:117} INFO - [2024-05-04T16:08:15.392+0000] {dag.py:3328} INFO - Setting next_dagrun for example_branch_datetime_operator_2 to 2024-05-03T00:00:00+00:00, run_after=2024-05-04T00:00:00+00:00
[2024-05-04T16:08:15.394+0000] {logging_mixin.py:117} INFO - [2024-05-04T16:08:15.394+0000] {dag.py:3328} INFO - Setting next_dagrun for example_branch_datetime_operator_3 to 2024-05-03T00:00:00+00:00, run_after=2024-05-04T00:00:00+00:00
[2024-05-04T16:08:15.412+0000] {processor.py:178} INFO - Processing /home/airflow/.local/lib/python3.7/site-packages/airflow/example_dags/example_branch_datetime_operator.py took 0.103 seconds
[2024-05-04T16:08:46.079+0000] {processor.py:156} INFO - Started process (PID=4746) to work on /home/airflow/.local/lib/python3.7/site-packages/airflow/example_dags/example_branch_datetime_operator.py
[2024-05-04T16:08:46.079+0000] {processor.py:758} INFO - Processing file /home/airflow/.local/lib/python3.7/site-packages/airflow/example_dags/example_branch_datetime_operator.py for tasks to queue
[2024-05-04T16:08:46.080+0000] {logging_mixin.py:117} INFO - [2024-05-04T16:08:46.080+0000] {dagbag.py:525} INFO - Filling up the DagBag from /home/airflow/.local/lib/python3.7/site-packages/airflow/example_dags/example_branch_datetime_operator.py
[2024-05-04T16:08:46.099+0000] {processor.py:768} INFO - DAG(s) dict_keys(['example_branch_datetime_operator_2', 'example_branch_datetime_operator_3', 'example_branch_datetime_operator']) retrieved from /home/airflow/.local/lib/python3.7/site-packages/airflow/example_dags/example_branch_datetime_operator.py
[2024-05-04T16:08:46.134+0000] {logging_mixin.py:117} INFO - [2024-05-04T16:08:46.134+0000] {dag.py:2573} INFO - Sync 3 DAGs
[2024-05-04T16:08:46.158+0000] {logging_mixin.py:117} INFO - [2024-05-04T16:08:46.157+0000] {dag.py:3328} INFO - Setting next_dagrun for example_branch_datetime_operator to 2024-05-03T00:00:00+00:00, run_after=2024-05-04T00:00:00+00:00
[2024-05-04T16:08:46.163+0000] {logging_mixin.py:117} INFO - [2024-05-04T16:08:46.163+0000] {dag.py:3328} INFO - Setting next_dagrun for example_branch_datetime_operator_2 to 2024-05-03T00:00:00+00:00, run_after=2024-05-04T00:00:00+00:00
[2024-05-04T16:08:46.166+0000] {logging_mixin.py:117} INFO - [2024-05-04T16:08:46.166+0000] {dag.py:3328} INFO - Setting next_dagrun for example_branch_datetime_operator_3 to 2024-05-03T00:00:00+00:00, run_after=2024-05-04T00:00:00+00:00
[2024-05-04T16:08:46.189+0000] {processor.py:178} INFO - Processing /home/airflow/.local/lib/python3.7/site-packages/airflow/example_dags/example_branch_datetime_operator.py took 0.113 seconds
[2024-05-04T16:09:16.869+0000] {processor.py:156} INFO - Started process (PID=4953) to work on /home/airflow/.local/lib/python3.7/site-packages/airflow/example_dags/example_branch_datetime_operator.py
[2024-05-04T16:09:16.870+0000] {processor.py:758} INFO - Processing file /home/airflow/.local/lib/python3.7/site-packages/airflow/example_dags/example_branch_datetime_operator.py for tasks to queue
[2024-05-04T16:09:16.870+0000] {logging_mixin.py:117} INFO - [2024-05-04T16:09:16.870+0000] {dagbag.py:525} INFO - Filling up the DagBag from /home/airflow/.local/lib/python3.7/site-packages/airflow/example_dags/example_branch_datetime_operator.py
[2024-05-04T16:09:16.888+0000] {processor.py:768} INFO - DAG(s) dict_keys(['example_branch_datetime_operator_2', 'example_branch_datetime_operator', 'example_branch_datetime_operator_3']) retrieved from /home/airflow/.local/lib/python3.7/site-packages/airflow/example_dags/example_branch_datetime_operator.py
[2024-05-04T16:09:16.925+0000] {logging_mixin.py:117} INFO - [2024-05-04T16:09:16.925+0000] {dag.py:2573} INFO - Sync 3 DAGs
[2024-05-04T16:09:16.947+0000] {logging_mixin.py:117} INFO - [2024-05-04T16:09:16.947+0000] {dag.py:3328} INFO - Setting next_dagrun for example_branch_datetime_operator to 2024-05-03T00:00:00+00:00, run_after=2024-05-04T00:00:00+00:00
[2024-05-04T16:09:16.950+0000] {logging_mixin.py:117} INFO - [2024-05-04T16:09:16.950+0000] {dag.py:3328} INFO - Setting next_dagrun for example_branch_datetime_operator_2 to 2024-05-03T00:00:00+00:00, run_after=2024-05-04T00:00:00+00:00
[2024-05-04T16:09:16.952+0000] {logging_mixin.py:117} INFO - [2024-05-04T16:09:16.952+0000] {dag.py:3328} INFO - Setting next_dagrun for example_branch_datetime_operator_3 to 2024-05-03T00:00:00+00:00, run_after=2024-05-04T00:00:00+00:00
[2024-05-04T16:09:16.970+0000] {processor.py:178} INFO - Processing /home/airflow/.local/lib/python3.7/site-packages/airflow/example_dags/example_branch_datetime_operator.py took 0.103 seconds
