[2024-05-04T15:58:04.651+0000] {processor.py:156} INFO - Started process (PID=285) to work on /home/airflow/.local/lib/python3.7/site-packages/airflow/example_dags/example_branch_day_of_week_operator.py
[2024-05-04T15:58:04.651+0000] {processor.py:758} INFO - Processing file /home/airflow/.local/lib/python3.7/site-packages/airflow/example_dags/example_branch_day_of_week_operator.py for tasks to queue
[2024-05-04T15:58:04.654+0000] {logging_mixin.py:117} INFO - [2024-05-04T15:58:04.654+0000] {dagbag.py:525} INFO - Filling up the DagBag from /home/airflow/.local/lib/python3.7/site-packages/airflow/example_dags/example_branch_day_of_week_operator.py
[2024-05-04T15:58:04.677+0000] {processor.py:768} INFO - DAG(s) dict_keys(['example_weekday_branch_operator']) retrieved from /home/airflow/.local/lib/python3.7/site-packages/airflow/example_dags/example_branch_day_of_week_operator.py
[2024-05-04T15:58:05.108+0000] {logging_mixin.py:117} INFO - [2024-05-04T15:58:05.107+0000] {manager.py:507} INFO - Created Permission View: can read on DAG:example_weekday_branch_operator
[2024-05-04T15:58:05.135+0000] {logging_mixin.py:117} INFO - [2024-05-04T15:58:05.135+0000] {manager.py:507} INFO - Created Permission View: can edit on DAG:example_weekday_branch_operator
[2024-05-04T15:58:05.154+0000] {logging_mixin.py:117} INFO - [2024-05-04T15:58:05.153+0000] {manager.py:507} INFO - Created Permission View: can delete on DAG:example_weekday_branch_operator
[2024-05-04T15:58:05.154+0000] {logging_mixin.py:117} INFO - [2024-05-04T15:58:05.154+0000] {dag.py:2573} INFO - Sync 1 DAGs
[2024-05-04T15:58:05.177+0000] {logging_mixin.py:117} INFO - [2024-05-04T15:58:05.177+0000] {dag.py:2594} INFO - Creating ORM DAG for example_weekday_branch_operator
[2024-05-04T15:58:05.195+0000] {logging_mixin.py:117} INFO - [2024-05-04T15:58:05.195+0000] {dag.py:3328} INFO - Setting next_dagrun for example_weekday_branch_operator to 2024-05-03T00:00:00+00:00, run_after=2024-05-04T00:00:00+00:00
[2024-05-04T15:58:05.223+0000] {processor.py:178} INFO - Processing /home/airflow/.local/lib/python3.7/site-packages/airflow/example_dags/example_branch_day_of_week_operator.py took 0.576 seconds
[2024-05-04T15:58:42.185+0000] {processor.py:156} INFO - Started process (PID=546) to work on /home/airflow/.local/lib/python3.7/site-packages/airflow/example_dags/example_branch_day_of_week_operator.py
[2024-05-04T15:58:42.188+0000] {processor.py:758} INFO - Processing file /home/airflow/.local/lib/python3.7/site-packages/airflow/example_dags/example_branch_day_of_week_operator.py for tasks to queue
[2024-05-04T15:58:42.189+0000] {logging_mixin.py:117} INFO - [2024-05-04T15:58:42.189+0000] {dagbag.py:525} INFO - Filling up the DagBag from /home/airflow/.local/lib/python3.7/site-packages/airflow/example_dags/example_branch_day_of_week_operator.py
[2024-05-04T15:58:42.267+0000] {processor.py:768} INFO - DAG(s) dict_keys(['example_weekday_branch_operator']) retrieved from /home/airflow/.local/lib/python3.7/site-packages/airflow/example_dags/example_branch_day_of_week_operator.py
[2024-05-04T15:58:42.424+0000] {logging_mixin.py:117} INFO - [2024-05-04T15:58:42.424+0000] {dag.py:2573} INFO - Sync 1 DAGs
[2024-05-04T15:58:42.525+0000] {logging_mixin.py:117} INFO - [2024-05-04T15:58:42.525+0000] {dag.py:3328} INFO - Setting next_dagrun for example_weekday_branch_operator to 2024-05-03T00:00:00+00:00, run_after=2024-05-04T00:00:00+00:00
[2024-05-04T15:58:42.786+0000] {processor.py:178} INFO - Processing /home/airflow/.local/lib/python3.7/site-packages/airflow/example_dags/example_branch_day_of_week_operator.py took 0.606 seconds
[2024-05-04T15:59:13.170+0000] {processor.py:156} INFO - Started process (PID=803) to work on /home/airflow/.local/lib/python3.7/site-packages/airflow/example_dags/example_branch_day_of_week_operator.py
[2024-05-04T15:59:13.170+0000] {processor.py:758} INFO - Processing file /home/airflow/.local/lib/python3.7/site-packages/airflow/example_dags/example_branch_day_of_week_operator.py for tasks to queue
[2024-05-04T15:59:13.171+0000] {logging_mixin.py:117} INFO - [2024-05-04T15:59:13.171+0000] {dagbag.py:525} INFO - Filling up the DagBag from /home/airflow/.local/lib/python3.7/site-packages/airflow/example_dags/example_branch_day_of_week_operator.py
[2024-05-04T15:59:13.191+0000] {processor.py:768} INFO - DAG(s) dict_keys(['example_weekday_branch_operator']) retrieved from /home/airflow/.local/lib/python3.7/site-packages/airflow/example_dags/example_branch_day_of_week_operator.py
[2024-05-04T15:59:13.225+0000] {logging_mixin.py:117} INFO - [2024-05-04T15:59:13.225+0000] {dag.py:2573} INFO - Sync 1 DAGs
[2024-05-04T15:59:13.355+0000] {logging_mixin.py:117} INFO - [2024-05-04T15:59:13.355+0000] {dag.py:3328} INFO - Setting next_dagrun for example_weekday_branch_operator to 2024-05-03T00:00:00+00:00, run_after=2024-05-04T00:00:00+00:00
[2024-05-04T15:59:13.375+0000] {processor.py:178} INFO - Processing /home/airflow/.local/lib/python3.7/site-packages/airflow/example_dags/example_branch_day_of_week_operator.py took 0.209 seconds
[2024-05-04T15:59:43.428+0000] {processor.py:156} INFO - Started process (PID=1014) to work on /home/airflow/.local/lib/python3.7/site-packages/airflow/example_dags/example_branch_day_of_week_operator.py
[2024-05-04T15:59:43.428+0000] {processor.py:758} INFO - Processing file /home/airflow/.local/lib/python3.7/site-packages/airflow/example_dags/example_branch_day_of_week_operator.py for tasks to queue
[2024-05-04T15:59:43.429+0000] {logging_mixin.py:117} INFO - [2024-05-04T15:59:43.429+0000] {dagbag.py:525} INFO - Filling up the DagBag from /home/airflow/.local/lib/python3.7/site-packages/airflow/example_dags/example_branch_day_of_week_operator.py
[2024-05-04T15:59:43.449+0000] {processor.py:768} INFO - DAG(s) dict_keys(['example_weekday_branch_operator']) retrieved from /home/airflow/.local/lib/python3.7/site-packages/airflow/example_dags/example_branch_day_of_week_operator.py
[2024-05-04T15:59:43.605+0000] {logging_mixin.py:117} INFO - [2024-05-04T15:59:43.604+0000] {dag.py:2573} INFO - Sync 1 DAGs
[2024-05-04T15:59:43.625+0000] {logging_mixin.py:117} INFO - [2024-05-04T15:59:43.625+0000] {dag.py:3328} INFO - Setting next_dagrun for example_weekday_branch_operator to 2024-05-03T00:00:00+00:00, run_after=2024-05-04T00:00:00+00:00
[2024-05-04T15:59:43.645+0000] {processor.py:178} INFO - Processing /home/airflow/.local/lib/python3.7/site-packages/airflow/example_dags/example_branch_day_of_week_operator.py took 0.221 seconds
[2024-05-04T16:00:13.747+0000] {processor.py:156} INFO - Started process (PID=1227) to work on /home/airflow/.local/lib/python3.7/site-packages/airflow/example_dags/example_branch_day_of_week_operator.py
[2024-05-04T16:00:13.747+0000] {processor.py:758} INFO - Processing file /home/airflow/.local/lib/python3.7/site-packages/airflow/example_dags/example_branch_day_of_week_operator.py for tasks to queue
[2024-05-04T16:00:13.748+0000] {logging_mixin.py:117} INFO - [2024-05-04T16:00:13.748+0000] {dagbag.py:525} INFO - Filling up the DagBag from /home/airflow/.local/lib/python3.7/site-packages/airflow/example_dags/example_branch_day_of_week_operator.py
[2024-05-04T16:00:13.763+0000] {processor.py:768} INFO - DAG(s) dict_keys(['example_weekday_branch_operator']) retrieved from /home/airflow/.local/lib/python3.7/site-packages/airflow/example_dags/example_branch_day_of_week_operator.py
[2024-05-04T16:00:13.923+0000] {logging_mixin.py:117} INFO - [2024-05-04T16:00:13.923+0000] {dag.py:2573} INFO - Sync 1 DAGs
[2024-05-04T16:00:13.957+0000] {logging_mixin.py:117} INFO - [2024-05-04T16:00:13.957+0000] {dag.py:3328} INFO - Setting next_dagrun for example_weekday_branch_operator to 2024-05-03T00:00:00+00:00, run_after=2024-05-04T00:00:00+00:00
[2024-05-04T16:00:13.982+0000] {processor.py:178} INFO - Processing /home/airflow/.local/lib/python3.7/site-packages/airflow/example_dags/example_branch_day_of_week_operator.py took 0.239 seconds
[2024-05-04T16:00:44.138+0000] {processor.py:156} INFO - Started process (PID=1431) to work on /home/airflow/.local/lib/python3.7/site-packages/airflow/example_dags/example_branch_day_of_week_operator.py
[2024-05-04T16:00:44.139+0000] {processor.py:758} INFO - Processing file /home/airflow/.local/lib/python3.7/site-packages/airflow/example_dags/example_branch_day_of_week_operator.py for tasks to queue
[2024-05-04T16:00:44.140+0000] {logging_mixin.py:117} INFO - [2024-05-04T16:00:44.139+0000] {dagbag.py:525} INFO - Filling up the DagBag from /home/airflow/.local/lib/python3.7/site-packages/airflow/example_dags/example_branch_day_of_week_operator.py
[2024-05-04T16:00:44.155+0000] {processor.py:768} INFO - DAG(s) dict_keys(['example_weekday_branch_operator']) retrieved from /home/airflow/.local/lib/python3.7/site-packages/airflow/example_dags/example_branch_day_of_week_operator.py
[2024-05-04T16:00:44.307+0000] {logging_mixin.py:117} INFO - [2024-05-04T16:00:44.306+0000] {dag.py:2573} INFO - Sync 1 DAGs
[2024-05-04T16:00:44.335+0000] {logging_mixin.py:117} INFO - [2024-05-04T16:00:44.334+0000] {dag.py:3328} INFO - Setting next_dagrun for example_weekday_branch_operator to 2024-05-03T00:00:00+00:00, run_after=2024-05-04T00:00:00+00:00
[2024-05-04T16:00:44.358+0000] {processor.py:178} INFO - Processing /home/airflow/.local/lib/python3.7/site-packages/airflow/example_dags/example_branch_day_of_week_operator.py took 0.223 seconds
[2024-05-04T16:01:14.398+0000] {processor.py:156} INFO - Started process (PID=1639) to work on /home/airflow/.local/lib/python3.7/site-packages/airflow/example_dags/example_branch_day_of_week_operator.py
[2024-05-04T16:01:14.399+0000] {processor.py:758} INFO - Processing file /home/airflow/.local/lib/python3.7/site-packages/airflow/example_dags/example_branch_day_of_week_operator.py for tasks to queue
[2024-05-04T16:01:14.399+0000] {logging_mixin.py:117} INFO - [2024-05-04T16:01:14.399+0000] {dagbag.py:525} INFO - Filling up the DagBag from /home/airflow/.local/lib/python3.7/site-packages/airflow/example_dags/example_branch_day_of_week_operator.py
[2024-05-04T16:01:14.415+0000] {processor.py:768} INFO - DAG(s) dict_keys(['example_weekday_branch_operator']) retrieved from /home/airflow/.local/lib/python3.7/site-packages/airflow/example_dags/example_branch_day_of_week_operator.py
[2024-05-04T16:01:14.449+0000] {logging_mixin.py:117} INFO - [2024-05-04T16:01:14.449+0000] {dag.py:2573} INFO - Sync 1 DAGs
[2024-05-04T16:01:14.472+0000] {logging_mixin.py:117} INFO - [2024-05-04T16:01:14.472+0000] {dag.py:3328} INFO - Setting next_dagrun for example_weekday_branch_operator to 2024-05-03T00:00:00+00:00, run_after=2024-05-04T00:00:00+00:00
[2024-05-04T16:01:14.498+0000] {processor.py:178} INFO - Processing /home/airflow/.local/lib/python3.7/site-packages/airflow/example_dags/example_branch_day_of_week_operator.py took 0.102 seconds
[2024-05-04T16:01:45.179+0000] {processor.py:156} INFO - Started process (PID=1859) to work on /home/airflow/.local/lib/python3.7/site-packages/airflow/example_dags/example_branch_day_of_week_operator.py
[2024-05-04T16:01:45.180+0000] {processor.py:758} INFO - Processing file /home/airflow/.local/lib/python3.7/site-packages/airflow/example_dags/example_branch_day_of_week_operator.py for tasks to queue
[2024-05-04T16:01:45.180+0000] {logging_mixin.py:117} INFO - [2024-05-04T16:01:45.180+0000] {dagbag.py:525} INFO - Filling up the DagBag from /home/airflow/.local/lib/python3.7/site-packages/airflow/example_dags/example_branch_day_of_week_operator.py
[2024-05-04T16:01:45.195+0000] {processor.py:768} INFO - DAG(s) dict_keys(['example_weekday_branch_operator']) retrieved from /home/airflow/.local/lib/python3.7/site-packages/airflow/example_dags/example_branch_day_of_week_operator.py
[2024-05-04T16:01:45.229+0000] {logging_mixin.py:117} INFO - [2024-05-04T16:01:45.229+0000] {dag.py:2573} INFO - Sync 1 DAGs
[2024-05-04T16:01:45.250+0000] {logging_mixin.py:117} INFO - [2024-05-04T16:01:45.249+0000] {dag.py:3328} INFO - Setting next_dagrun for example_weekday_branch_operator to 2024-05-03T00:00:00+00:00, run_after=2024-05-04T00:00:00+00:00
[2024-05-04T16:01:45.269+0000] {processor.py:178} INFO - Processing /home/airflow/.local/lib/python3.7/site-packages/airflow/example_dags/example_branch_day_of_week_operator.py took 0.092 seconds
[2024-05-04T16:02:16.043+0000] {processor.py:156} INFO - Started process (PID=2072) to work on /home/airflow/.local/lib/python3.7/site-packages/airflow/example_dags/example_branch_day_of_week_operator.py
[2024-05-04T16:02:16.044+0000] {processor.py:758} INFO - Processing file /home/airflow/.local/lib/python3.7/site-packages/airflow/example_dags/example_branch_day_of_week_operator.py for tasks to queue
[2024-05-04T16:02:16.044+0000] {logging_mixin.py:117} INFO - [2024-05-04T16:02:16.044+0000] {dagbag.py:525} INFO - Filling up the DagBag from /home/airflow/.local/lib/python3.7/site-packages/airflow/example_dags/example_branch_day_of_week_operator.py
[2024-05-04T16:02:16.058+0000] {processor.py:768} INFO - DAG(s) dict_keys(['example_weekday_branch_operator']) retrieved from /home/airflow/.local/lib/python3.7/site-packages/airflow/example_dags/example_branch_day_of_week_operator.py
[2024-05-04T16:02:16.090+0000] {logging_mixin.py:117} INFO - [2024-05-04T16:02:16.089+0000] {dag.py:2573} INFO - Sync 1 DAGs
[2024-05-04T16:02:16.110+0000] {logging_mixin.py:117} INFO - [2024-05-04T16:02:16.110+0000] {dag.py:3328} INFO - Setting next_dagrun for example_weekday_branch_operator to 2024-05-03T00:00:00+00:00, run_after=2024-05-04T00:00:00+00:00
[2024-05-04T16:02:16.130+0000] {processor.py:178} INFO - Processing /home/airflow/.local/lib/python3.7/site-packages/airflow/example_dags/example_branch_day_of_week_operator.py took 0.089 seconds
[2024-05-04T16:02:46.749+0000] {processor.py:156} INFO - Started process (PID=2276) to work on /home/airflow/.local/lib/python3.7/site-packages/airflow/example_dags/example_branch_day_of_week_operator.py
[2024-05-04T16:02:46.749+0000] {processor.py:758} INFO - Processing file /home/airflow/.local/lib/python3.7/site-packages/airflow/example_dags/example_branch_day_of_week_operator.py for tasks to queue
[2024-05-04T16:02:46.750+0000] {logging_mixin.py:117} INFO - [2024-05-04T16:02:46.750+0000] {dagbag.py:525} INFO - Filling up the DagBag from /home/airflow/.local/lib/python3.7/site-packages/airflow/example_dags/example_branch_day_of_week_operator.py
[2024-05-04T16:02:46.765+0000] {processor.py:768} INFO - DAG(s) dict_keys(['example_weekday_branch_operator']) retrieved from /home/airflow/.local/lib/python3.7/site-packages/airflow/example_dags/example_branch_day_of_week_operator.py
[2024-05-04T16:02:46.797+0000] {logging_mixin.py:117} INFO - [2024-05-04T16:02:46.797+0000] {dag.py:2573} INFO - Sync 1 DAGs
[2024-05-04T16:02:46.818+0000] {logging_mixin.py:117} INFO - [2024-05-04T16:02:46.818+0000] {dag.py:3328} INFO - Setting next_dagrun for example_weekday_branch_operator to 2024-05-03T00:00:00+00:00, run_after=2024-05-04T00:00:00+00:00
[2024-05-04T16:02:46.840+0000] {processor.py:178} INFO - Processing /home/airflow/.local/lib/python3.7/site-packages/airflow/example_dags/example_branch_day_of_week_operator.py took 0.093 seconds
[2024-05-04T16:03:17.582+0000] {processor.py:156} INFO - Started process (PID=2490) to work on /home/airflow/.local/lib/python3.7/site-packages/airflow/example_dags/example_branch_day_of_week_operator.py
[2024-05-04T16:03:17.582+0000] {processor.py:758} INFO - Processing file /home/airflow/.local/lib/python3.7/site-packages/airflow/example_dags/example_branch_day_of_week_operator.py for tasks to queue
[2024-05-04T16:03:17.583+0000] {logging_mixin.py:117} INFO - [2024-05-04T16:03:17.583+0000] {dagbag.py:525} INFO - Filling up the DagBag from /home/airflow/.local/lib/python3.7/site-packages/airflow/example_dags/example_branch_day_of_week_operator.py
[2024-05-04T16:03:17.596+0000] {processor.py:768} INFO - DAG(s) dict_keys(['example_weekday_branch_operator']) retrieved from /home/airflow/.local/lib/python3.7/site-packages/airflow/example_dags/example_branch_day_of_week_operator.py
[2024-05-04T16:03:17.628+0000] {logging_mixin.py:117} INFO - [2024-05-04T16:03:17.628+0000] {dag.py:2573} INFO - Sync 1 DAGs
[2024-05-04T16:03:17.649+0000] {logging_mixin.py:117} INFO - [2024-05-04T16:03:17.649+0000] {dag.py:3328} INFO - Setting next_dagrun for example_weekday_branch_operator to 2024-05-03T00:00:00+00:00, run_after=2024-05-04T00:00:00+00:00
[2024-05-04T16:03:17.668+0000] {processor.py:178} INFO - Processing /home/airflow/.local/lib/python3.7/site-packages/airflow/example_dags/example_branch_day_of_week_operator.py took 0.089 seconds
[2024-05-04T16:03:48.196+0000] {processor.py:156} INFO - Started process (PID=2703) to work on /home/airflow/.local/lib/python3.7/site-packages/airflow/example_dags/example_branch_day_of_week_operator.py
[2024-05-04T16:03:48.196+0000] {processor.py:758} INFO - Processing file /home/airflow/.local/lib/python3.7/site-packages/airflow/example_dags/example_branch_day_of_week_operator.py for tasks to queue
[2024-05-04T16:03:48.197+0000] {logging_mixin.py:117} INFO - [2024-05-04T16:03:48.197+0000] {dagbag.py:525} INFO - Filling up the DagBag from /home/airflow/.local/lib/python3.7/site-packages/airflow/example_dags/example_branch_day_of_week_operator.py
[2024-05-04T16:03:48.215+0000] {processor.py:768} INFO - DAG(s) dict_keys(['example_weekday_branch_operator']) retrieved from /home/airflow/.local/lib/python3.7/site-packages/airflow/example_dags/example_branch_day_of_week_operator.py
[2024-05-04T16:03:48.260+0000] {logging_mixin.py:117} INFO - [2024-05-04T16:03:48.260+0000] {dag.py:2573} INFO - Sync 1 DAGs
[2024-05-04T16:03:48.283+0000] {logging_mixin.py:117} INFO - [2024-05-04T16:03:48.283+0000] {dag.py:3328} INFO - Setting next_dagrun for example_weekday_branch_operator to 2024-05-03T00:00:00+00:00, run_after=2024-05-04T00:00:00+00:00
[2024-05-04T16:03:48.306+0000] {processor.py:178} INFO - Processing /home/airflow/.local/lib/python3.7/site-packages/airflow/example_dags/example_branch_day_of_week_operator.py took 0.114 seconds
[2024-05-04T16:04:18.767+0000] {processor.py:156} INFO - Started process (PID=2916) to work on /home/airflow/.local/lib/python3.7/site-packages/airflow/example_dags/example_branch_day_of_week_operator.py
[2024-05-04T16:04:18.767+0000] {processor.py:758} INFO - Processing file /home/airflow/.local/lib/python3.7/site-packages/airflow/example_dags/example_branch_day_of_week_operator.py for tasks to queue
[2024-05-04T16:04:18.768+0000] {logging_mixin.py:117} INFO - [2024-05-04T16:04:18.768+0000] {dagbag.py:525} INFO - Filling up the DagBag from /home/airflow/.local/lib/python3.7/site-packages/airflow/example_dags/example_branch_day_of_week_operator.py
[2024-05-04T16:04:18.786+0000] {processor.py:768} INFO - DAG(s) dict_keys(['example_weekday_branch_operator']) retrieved from /home/airflow/.local/lib/python3.7/site-packages/airflow/example_dags/example_branch_day_of_week_operator.py
[2024-05-04T16:04:18.826+0000] {logging_mixin.py:117} INFO - [2024-05-04T16:04:18.826+0000] {dag.py:2573} INFO - Sync 1 DAGs
[2024-05-04T16:04:18.848+0000] {logging_mixin.py:117} INFO - [2024-05-04T16:04:18.848+0000] {dag.py:3328} INFO - Setting next_dagrun for example_weekday_branch_operator to 2024-05-03T00:00:00+00:00, run_after=2024-05-04T00:00:00+00:00
[2024-05-04T16:04:18.868+0000] {processor.py:178} INFO - Processing /home/airflow/.local/lib/python3.7/site-packages/airflow/example_dags/example_branch_day_of_week_operator.py took 0.105 seconds
[2024-05-04T16:04:49.315+0000] {processor.py:156} INFO - Started process (PID=3120) to work on /home/airflow/.local/lib/python3.7/site-packages/airflow/example_dags/example_branch_day_of_week_operator.py
[2024-05-04T16:04:49.315+0000] {processor.py:758} INFO - Processing file /home/airflow/.local/lib/python3.7/site-packages/airflow/example_dags/example_branch_day_of_week_operator.py for tasks to queue
[2024-05-04T16:04:49.316+0000] {logging_mixin.py:117} INFO - [2024-05-04T16:04:49.316+0000] {dagbag.py:525} INFO - Filling up the DagBag from /home/airflow/.local/lib/python3.7/site-packages/airflow/example_dags/example_branch_day_of_week_operator.py
[2024-05-04T16:04:49.330+0000] {processor.py:768} INFO - DAG(s) dict_keys(['example_weekday_branch_operator']) retrieved from /home/airflow/.local/lib/python3.7/site-packages/airflow/example_dags/example_branch_day_of_week_operator.py
[2024-05-04T16:04:49.362+0000] {logging_mixin.py:117} INFO - [2024-05-04T16:04:49.361+0000] {dag.py:2573} INFO - Sync 1 DAGs
[2024-05-04T16:04:49.383+0000] {logging_mixin.py:117} INFO - [2024-05-04T16:04:49.383+0000] {dag.py:3328} INFO - Setting next_dagrun for example_weekday_branch_operator to 2024-05-03T00:00:00+00:00, run_after=2024-05-04T00:00:00+00:00
[2024-05-04T16:04:49.402+0000] {processor.py:178} INFO - Processing /home/airflow/.local/lib/python3.7/site-packages/airflow/example_dags/example_branch_day_of_week_operator.py took 0.090 seconds
[2024-05-04T16:05:20.042+0000] {processor.py:156} INFO - Started process (PID=3333) to work on /home/airflow/.local/lib/python3.7/site-packages/airflow/example_dags/example_branch_day_of_week_operator.py
[2024-05-04T16:05:20.042+0000] {processor.py:758} INFO - Processing file /home/airflow/.local/lib/python3.7/site-packages/airflow/example_dags/example_branch_day_of_week_operator.py for tasks to queue
[2024-05-04T16:05:20.043+0000] {logging_mixin.py:117} INFO - [2024-05-04T16:05:20.043+0000] {dagbag.py:525} INFO - Filling up the DagBag from /home/airflow/.local/lib/python3.7/site-packages/airflow/example_dags/example_branch_day_of_week_operator.py
[2024-05-04T16:05:20.057+0000] {processor.py:768} INFO - DAG(s) dict_keys(['example_weekday_branch_operator']) retrieved from /home/airflow/.local/lib/python3.7/site-packages/airflow/example_dags/example_branch_day_of_week_operator.py
[2024-05-04T16:05:20.090+0000] {logging_mixin.py:117} INFO - [2024-05-04T16:05:20.090+0000] {dag.py:2573} INFO - Sync 1 DAGs
[2024-05-04T16:05:20.113+0000] {logging_mixin.py:117} INFO - [2024-05-04T16:05:20.113+0000] {dag.py:3328} INFO - Setting next_dagrun for example_weekday_branch_operator to 2024-05-03T00:00:00+00:00, run_after=2024-05-04T00:00:00+00:00
[2024-05-04T16:05:20.132+0000] {processor.py:178} INFO - Processing /home/airflow/.local/lib/python3.7/site-packages/airflow/example_dags/example_branch_day_of_week_operator.py took 0.093 seconds
[2024-05-04T16:05:50.699+0000] {processor.py:156} INFO - Started process (PID=3547) to work on /home/airflow/.local/lib/python3.7/site-packages/airflow/example_dags/example_branch_day_of_week_operator.py
[2024-05-04T16:05:50.699+0000] {processor.py:758} INFO - Processing file /home/airflow/.local/lib/python3.7/site-packages/airflow/example_dags/example_branch_day_of_week_operator.py for tasks to queue
[2024-05-04T16:05:50.700+0000] {logging_mixin.py:117} INFO - [2024-05-04T16:05:50.700+0000] {dagbag.py:525} INFO - Filling up the DagBag from /home/airflow/.local/lib/python3.7/site-packages/airflow/example_dags/example_branch_day_of_week_operator.py
[2024-05-04T16:05:50.715+0000] {processor.py:768} INFO - DAG(s) dict_keys(['example_weekday_branch_operator']) retrieved from /home/airflow/.local/lib/python3.7/site-packages/airflow/example_dags/example_branch_day_of_week_operator.py
[2024-05-04T16:05:50.764+0000] {logging_mixin.py:117} INFO - [2024-05-04T16:05:50.764+0000] {dag.py:2573} INFO - Sync 1 DAGs
[2024-05-04T16:05:50.791+0000] {logging_mixin.py:117} INFO - [2024-05-04T16:05:50.791+0000] {dag.py:3328} INFO - Setting next_dagrun for example_weekday_branch_operator to 2024-05-03T00:00:00+00:00, run_after=2024-05-04T00:00:00+00:00
[2024-05-04T16:05:50.819+0000] {processor.py:178} INFO - Processing /home/airflow/.local/lib/python3.7/site-packages/airflow/example_dags/example_branch_day_of_week_operator.py took 0.124 seconds
[2024-05-04T16:06:21.508+0000] {processor.py:156} INFO - Started process (PID=3765) to work on /home/airflow/.local/lib/python3.7/site-packages/airflow/example_dags/example_branch_day_of_week_operator.py
[2024-05-04T16:06:21.509+0000] {processor.py:758} INFO - Processing file /home/airflow/.local/lib/python3.7/site-packages/airflow/example_dags/example_branch_day_of_week_operator.py for tasks to queue
[2024-05-04T16:06:21.509+0000] {logging_mixin.py:117} INFO - [2024-05-04T16:06:21.509+0000] {dagbag.py:525} INFO - Filling up the DagBag from /home/airflow/.local/lib/python3.7/site-packages/airflow/example_dags/example_branch_day_of_week_operator.py
[2024-05-04T16:06:21.523+0000] {processor.py:768} INFO - DAG(s) dict_keys(['example_weekday_branch_operator']) retrieved from /home/airflow/.local/lib/python3.7/site-packages/airflow/example_dags/example_branch_day_of_week_operator.py
[2024-05-04T16:06:21.557+0000] {logging_mixin.py:117} INFO - [2024-05-04T16:06:21.557+0000] {dag.py:2573} INFO - Sync 1 DAGs
[2024-05-04T16:06:21.585+0000] {logging_mixin.py:117} INFO - [2024-05-04T16:06:21.584+0000] {dag.py:3328} INFO - Setting next_dagrun for example_weekday_branch_operator to 2024-05-03T00:00:00+00:00, run_after=2024-05-04T00:00:00+00:00
[2024-05-04T16:06:21.606+0000] {processor.py:178} INFO - Processing /home/airflow/.local/lib/python3.7/site-packages/airflow/example_dags/example_branch_day_of_week_operator.py took 0.101 seconds
[2024-05-04T16:06:52.454+0000] {processor.py:156} INFO - Started process (PID=3969) to work on /home/airflow/.local/lib/python3.7/site-packages/airflow/example_dags/example_branch_day_of_week_operator.py
[2024-05-04T16:06:52.454+0000] {processor.py:758} INFO - Processing file /home/airflow/.local/lib/python3.7/site-packages/airflow/example_dags/example_branch_day_of_week_operator.py for tasks to queue
[2024-05-04T16:06:52.455+0000] {logging_mixin.py:117} INFO - [2024-05-04T16:06:52.455+0000] {dagbag.py:525} INFO - Filling up the DagBag from /home/airflow/.local/lib/python3.7/site-packages/airflow/example_dags/example_branch_day_of_week_operator.py
[2024-05-04T16:06:52.469+0000] {processor.py:768} INFO - DAG(s) dict_keys(['example_weekday_branch_operator']) retrieved from /home/airflow/.local/lib/python3.7/site-packages/airflow/example_dags/example_branch_day_of_week_operator.py
[2024-05-04T16:06:52.501+0000] {logging_mixin.py:117} INFO - [2024-05-04T16:06:52.501+0000] {dag.py:2573} INFO - Sync 1 DAGs
[2024-05-04T16:06:52.524+0000] {logging_mixin.py:117} INFO - [2024-05-04T16:06:52.523+0000] {dag.py:3328} INFO - Setting next_dagrun for example_weekday_branch_operator to 2024-05-03T00:00:00+00:00, run_after=2024-05-04T00:00:00+00:00
[2024-05-04T16:06:52.547+0000] {processor.py:178} INFO - Processing /home/airflow/.local/lib/python3.7/site-packages/airflow/example_dags/example_branch_day_of_week_operator.py took 0.096 seconds
[2024-05-04T16:07:23.168+0000] {processor.py:156} INFO - Started process (PID=4182) to work on /home/airflow/.local/lib/python3.7/site-packages/airflow/example_dags/example_branch_day_of_week_operator.py
[2024-05-04T16:07:23.169+0000] {processor.py:758} INFO - Processing file /home/airflow/.local/lib/python3.7/site-packages/airflow/example_dags/example_branch_day_of_week_operator.py for tasks to queue
[2024-05-04T16:07:23.170+0000] {logging_mixin.py:117} INFO - [2024-05-04T16:07:23.169+0000] {dagbag.py:525} INFO - Filling up the DagBag from /home/airflow/.local/lib/python3.7/site-packages/airflow/example_dags/example_branch_day_of_week_operator.py
[2024-05-04T16:07:23.185+0000] {processor.py:768} INFO - DAG(s) dict_keys(['example_weekday_branch_operator']) retrieved from /home/airflow/.local/lib/python3.7/site-packages/airflow/example_dags/example_branch_day_of_week_operator.py
[2024-05-04T16:07:23.216+0000] {logging_mixin.py:117} INFO - [2024-05-04T16:07:23.216+0000] {dag.py:2573} INFO - Sync 1 DAGs
[2024-05-04T16:07:23.238+0000] {logging_mixin.py:117} INFO - [2024-05-04T16:07:23.238+0000] {dag.py:3328} INFO - Setting next_dagrun for example_weekday_branch_operator to 2024-05-03T00:00:00+00:00, run_after=2024-05-04T00:00:00+00:00
[2024-05-04T16:07:23.257+0000] {processor.py:178} INFO - Processing /home/airflow/.local/lib/python3.7/site-packages/airflow/example_dags/example_branch_day_of_week_operator.py took 0.091 seconds
[2024-05-04T16:07:53.675+0000] {processor.py:156} INFO - Started process (PID=4394) to work on /home/airflow/.local/lib/python3.7/site-packages/airflow/example_dags/example_branch_day_of_week_operator.py
[2024-05-04T16:07:53.676+0000] {processor.py:758} INFO - Processing file /home/airflow/.local/lib/python3.7/site-packages/airflow/example_dags/example_branch_day_of_week_operator.py for tasks to queue
[2024-05-04T16:07:53.677+0000] {logging_mixin.py:117} INFO - [2024-05-04T16:07:53.677+0000] {dagbag.py:525} INFO - Filling up the DagBag from /home/airflow/.local/lib/python3.7/site-packages/airflow/example_dags/example_branch_day_of_week_operator.py
[2024-05-04T16:07:53.698+0000] {processor.py:768} INFO - DAG(s) dict_keys(['example_weekday_branch_operator']) retrieved from /home/airflow/.local/lib/python3.7/site-packages/airflow/example_dags/example_branch_day_of_week_operator.py
[2024-05-04T16:07:53.743+0000] {logging_mixin.py:117} INFO - [2024-05-04T16:07:53.743+0000] {dag.py:2573} INFO - Sync 1 DAGs
[2024-05-04T16:07:53.766+0000] {logging_mixin.py:117} INFO - [2024-05-04T16:07:53.766+0000] {dag.py:3328} INFO - Setting next_dagrun for example_weekday_branch_operator to 2024-05-03T00:00:00+00:00, run_after=2024-05-04T00:00:00+00:00
[2024-05-04T16:07:53.788+0000] {processor.py:178} INFO - Processing /home/airflow/.local/lib/python3.7/site-packages/airflow/example_dags/example_branch_day_of_week_operator.py took 0.116 seconds
[2024-05-04T16:08:24.194+0000] {processor.py:156} INFO - Started process (PID=4609) to work on /home/airflow/.local/lib/python3.7/site-packages/airflow/example_dags/example_branch_day_of_week_operator.py
[2024-05-04T16:08:24.195+0000] {processor.py:758} INFO - Processing file /home/airflow/.local/lib/python3.7/site-packages/airflow/example_dags/example_branch_day_of_week_operator.py for tasks to queue
[2024-05-04T16:08:24.195+0000] {logging_mixin.py:117} INFO - [2024-05-04T16:08:24.195+0000] {dagbag.py:525} INFO - Filling up the DagBag from /home/airflow/.local/lib/python3.7/site-packages/airflow/example_dags/example_branch_day_of_week_operator.py
[2024-05-04T16:08:24.212+0000] {processor.py:768} INFO - DAG(s) dict_keys(['example_weekday_branch_operator']) retrieved from /home/airflow/.local/lib/python3.7/site-packages/airflow/example_dags/example_branch_day_of_week_operator.py
[2024-05-04T16:08:24.245+0000] {logging_mixin.py:117} INFO - [2024-05-04T16:08:24.245+0000] {dag.py:2573} INFO - Sync 1 DAGs
[2024-05-04T16:08:24.269+0000] {logging_mixin.py:117} INFO - [2024-05-04T16:08:24.269+0000] {dag.py:3328} INFO - Setting next_dagrun for example_weekday_branch_operator to 2024-05-03T00:00:00+00:00, run_after=2024-05-04T00:00:00+00:00
[2024-05-04T16:08:24.296+0000] {processor.py:178} INFO - Processing /home/airflow/.local/lib/python3.7/site-packages/airflow/example_dags/example_branch_day_of_week_operator.py took 0.105 seconds
[2024-05-04T16:08:55.002+0000] {processor.py:156} INFO - Started process (PID=4813) to work on /home/airflow/.local/lib/python3.7/site-packages/airflow/example_dags/example_branch_day_of_week_operator.py
[2024-05-04T16:08:55.003+0000] {processor.py:758} INFO - Processing file /home/airflow/.local/lib/python3.7/site-packages/airflow/example_dags/example_branch_day_of_week_operator.py for tasks to queue
[2024-05-04T16:08:55.003+0000] {logging_mixin.py:117} INFO - [2024-05-04T16:08:55.003+0000] {dagbag.py:525} INFO - Filling up the DagBag from /home/airflow/.local/lib/python3.7/site-packages/airflow/example_dags/example_branch_day_of_week_operator.py
[2024-05-04T16:08:55.018+0000] {processor.py:768} INFO - DAG(s) dict_keys(['example_weekday_branch_operator']) retrieved from /home/airflow/.local/lib/python3.7/site-packages/airflow/example_dags/example_branch_day_of_week_operator.py
[2024-05-04T16:08:55.050+0000] {logging_mixin.py:117} INFO - [2024-05-04T16:08:55.049+0000] {dag.py:2573} INFO - Sync 1 DAGs
[2024-05-04T16:08:55.074+0000] {logging_mixin.py:117} INFO - [2024-05-04T16:08:55.074+0000] {dag.py:3328} INFO - Setting next_dagrun for example_weekday_branch_operator to 2024-05-03T00:00:00+00:00, run_after=2024-05-04T00:00:00+00:00
[2024-05-04T16:08:55.095+0000] {processor.py:178} INFO - Processing /home/airflow/.local/lib/python3.7/site-packages/airflow/example_dags/example_branch_day_of_week_operator.py took 0.095 seconds
[2024-05-04T16:09:25.589+0000] {processor.py:156} INFO - Started process (PID=5027) to work on /home/airflow/.local/lib/python3.7/site-packages/airflow/example_dags/example_branch_day_of_week_operator.py
[2024-05-04T16:09:25.589+0000] {processor.py:758} INFO - Processing file /home/airflow/.local/lib/python3.7/site-packages/airflow/example_dags/example_branch_day_of_week_operator.py for tasks to queue
[2024-05-04T16:09:25.590+0000] {logging_mixin.py:117} INFO - [2024-05-04T16:09:25.590+0000] {dagbag.py:525} INFO - Filling up the DagBag from /home/airflow/.local/lib/python3.7/site-packages/airflow/example_dags/example_branch_day_of_week_operator.py
[2024-05-04T16:09:25.604+0000] {processor.py:768} INFO - DAG(s) dict_keys(['example_weekday_branch_operator']) retrieved from /home/airflow/.local/lib/python3.7/site-packages/airflow/example_dags/example_branch_day_of_week_operator.py
[2024-05-04T16:09:25.639+0000] {logging_mixin.py:117} INFO - [2024-05-04T16:09:25.639+0000] {dag.py:2573} INFO - Sync 1 DAGs
[2024-05-04T16:09:25.661+0000] {logging_mixin.py:117} INFO - [2024-05-04T16:09:25.661+0000] {dag.py:3328} INFO - Setting next_dagrun for example_weekday_branch_operator to 2024-05-03T00:00:00+00:00, run_after=2024-05-04T00:00:00+00:00
[2024-05-04T16:09:25.680+0000] {processor.py:178} INFO - Processing /home/airflow/.local/lib/python3.7/site-packages/airflow/example_dags/example_branch_day_of_week_operator.py took 0.094 seconds
[2024-05-04T16:09:56.388+0000] {processor.py:156} INFO - Started process (PID=5241) to work on /home/airflow/.local/lib/python3.7/site-packages/airflow/example_dags/example_branch_day_of_week_operator.py
[2024-05-04T16:09:56.389+0000] {processor.py:758} INFO - Processing file /home/airflow/.local/lib/python3.7/site-packages/airflow/example_dags/example_branch_day_of_week_operator.py for tasks to queue
[2024-05-04T16:09:56.389+0000] {logging_mixin.py:117} INFO - [2024-05-04T16:09:56.389+0000] {dagbag.py:525} INFO - Filling up the DagBag from /home/airflow/.local/lib/python3.7/site-packages/airflow/example_dags/example_branch_day_of_week_operator.py
[2024-05-04T16:09:56.407+0000] {processor.py:768} INFO - DAG(s) dict_keys(['example_weekday_branch_operator']) retrieved from /home/airflow/.local/lib/python3.7/site-packages/airflow/example_dags/example_branch_day_of_week_operator.py
[2024-05-04T16:09:56.449+0000] {logging_mixin.py:117} INFO - [2024-05-04T16:09:56.448+0000] {dag.py:2573} INFO - Sync 1 DAGs
[2024-05-04T16:09:56.470+0000] {logging_mixin.py:117} INFO - [2024-05-04T16:09:56.470+0000] {dag.py:3328} INFO - Setting next_dagrun for example_weekday_branch_operator to 2024-05-03T00:00:00+00:00, run_after=2024-05-04T00:00:00+00:00
[2024-05-04T16:09:56.492+0000] {processor.py:178} INFO - Processing /home/airflow/.local/lib/python3.7/site-packages/airflow/example_dags/example_branch_day_of_week_operator.py took 0.107 seconds
[2024-05-04T16:10:27.097+0000] {processor.py:156} INFO - Started process (PID=5454) to work on /home/airflow/.local/lib/python3.7/site-packages/airflow/example_dags/example_branch_day_of_week_operator.py
[2024-05-04T16:10:27.097+0000] {processor.py:758} INFO - Processing file /home/airflow/.local/lib/python3.7/site-packages/airflow/example_dags/example_branch_day_of_week_operator.py for tasks to queue
[2024-05-04T16:10:27.098+0000] {logging_mixin.py:117} INFO - [2024-05-04T16:10:27.098+0000] {dagbag.py:525} INFO - Filling up the DagBag from /home/airflow/.local/lib/python3.7/site-packages/airflow/example_dags/example_branch_day_of_week_operator.py
[2024-05-04T16:10:27.113+0000] {processor.py:768} INFO - DAG(s) dict_keys(['example_weekday_branch_operator']) retrieved from /home/airflow/.local/lib/python3.7/site-packages/airflow/example_dags/example_branch_day_of_week_operator.py
[2024-05-04T16:10:27.145+0000] {logging_mixin.py:117} INFO - [2024-05-04T16:10:27.145+0000] {dag.py:2573} INFO - Sync 1 DAGs
[2024-05-04T16:10:27.166+0000] {logging_mixin.py:117} INFO - [2024-05-04T16:10:27.166+0000] {dag.py:3328} INFO - Setting next_dagrun for example_weekday_branch_operator to 2024-05-03T00:00:00+00:00, run_after=2024-05-04T00:00:00+00:00
[2024-05-04T16:10:27.185+0000] {processor.py:178} INFO - Processing /home/airflow/.local/lib/python3.7/site-packages/airflow/example_dags/example_branch_day_of_week_operator.py took 0.091 seconds
[2024-05-04T16:10:57.639+0000] {processor.py:156} INFO - Started process (PID=5668) to work on /home/airflow/.local/lib/python3.7/site-packages/airflow/example_dags/example_branch_day_of_week_operator.py
[2024-05-04T16:10:57.640+0000] {processor.py:758} INFO - Processing file /home/airflow/.local/lib/python3.7/site-packages/airflow/example_dags/example_branch_day_of_week_operator.py for tasks to queue
[2024-05-04T16:10:57.640+0000] {logging_mixin.py:117} INFO - [2024-05-04T16:10:57.640+0000] {dagbag.py:525} INFO - Filling up the DagBag from /home/airflow/.local/lib/python3.7/site-packages/airflow/example_dags/example_branch_day_of_week_operator.py
[2024-05-04T16:10:57.654+0000] {processor.py:768} INFO - DAG(s) dict_keys(['example_weekday_branch_operator']) retrieved from /home/airflow/.local/lib/python3.7/site-packages/airflow/example_dags/example_branch_day_of_week_operator.py
[2024-05-04T16:10:57.692+0000] {logging_mixin.py:117} INFO - [2024-05-04T16:10:57.692+0000] {dag.py:2573} INFO - Sync 1 DAGs
[2024-05-04T16:10:57.725+0000] {logging_mixin.py:117} INFO - [2024-05-04T16:10:57.725+0000] {dag.py:3328} INFO - Setting next_dagrun for example_weekday_branch_operator to 2024-05-03T00:00:00+00:00, run_after=2024-05-04T00:00:00+00:00
[2024-05-04T16:10:57.750+0000] {processor.py:178} INFO - Processing /home/airflow/.local/lib/python3.7/site-packages/airflow/example_dags/example_branch_day_of_week_operator.py took 0.114 seconds
[2024-05-04T16:11:28.305+0000] {processor.py:156} INFO - Started process (PID=5874) to work on /home/airflow/.local/lib/python3.7/site-packages/airflow/example_dags/example_branch_day_of_week_operator.py
[2024-05-04T16:11:28.306+0000] {processor.py:758} INFO - Processing file /home/airflow/.local/lib/python3.7/site-packages/airflow/example_dags/example_branch_day_of_week_operator.py for tasks to queue
[2024-05-04T16:11:28.306+0000] {logging_mixin.py:117} INFO - [2024-05-04T16:11:28.306+0000] {dagbag.py:525} INFO - Filling up the DagBag from /home/airflow/.local/lib/python3.7/site-packages/airflow/example_dags/example_branch_day_of_week_operator.py
[2024-05-04T16:11:28.324+0000] {processor.py:768} INFO - DAG(s) dict_keys(['example_weekday_branch_operator']) retrieved from /home/airflow/.local/lib/python3.7/site-packages/airflow/example_dags/example_branch_day_of_week_operator.py
[2024-05-04T16:11:28.363+0000] {logging_mixin.py:117} INFO - [2024-05-04T16:11:28.363+0000] {dag.py:2573} INFO - Sync 1 DAGs
[2024-05-04T16:11:28.386+0000] {logging_mixin.py:117} INFO - [2024-05-04T16:11:28.386+0000] {dag.py:3328} INFO - Setting next_dagrun for example_weekday_branch_operator to 2024-05-03T00:00:00+00:00, run_after=2024-05-04T00:00:00+00:00
[2024-05-04T16:11:28.408+0000] {processor.py:178} INFO - Processing /home/airflow/.local/lib/python3.7/site-packages/airflow/example_dags/example_branch_day_of_week_operator.py took 0.106 seconds
[2024-05-04T16:11:58.965+0000] {processor.py:156} INFO - Started process (PID=6085) to work on /home/airflow/.local/lib/python3.7/site-packages/airflow/example_dags/example_branch_day_of_week_operator.py
[2024-05-04T16:11:58.966+0000] {processor.py:758} INFO - Processing file /home/airflow/.local/lib/python3.7/site-packages/airflow/example_dags/example_branch_day_of_week_operator.py for tasks to queue
[2024-05-04T16:11:58.966+0000] {logging_mixin.py:117} INFO - [2024-05-04T16:11:58.966+0000] {dagbag.py:525} INFO - Filling up the DagBag from /home/airflow/.local/lib/python3.7/site-packages/airflow/example_dags/example_branch_day_of_week_operator.py
[2024-05-04T16:11:58.984+0000] {processor.py:768} INFO - DAG(s) dict_keys(['example_weekday_branch_operator']) retrieved from /home/airflow/.local/lib/python3.7/site-packages/airflow/example_dags/example_branch_day_of_week_operator.py
[2024-05-04T16:11:59.018+0000] {logging_mixin.py:117} INFO - [2024-05-04T16:11:59.017+0000] {dag.py:2573} INFO - Sync 1 DAGs
[2024-05-04T16:11:59.041+0000] {logging_mixin.py:117} INFO - [2024-05-04T16:11:59.041+0000] {dag.py:3328} INFO - Setting next_dagrun for example_weekday_branch_operator to 2024-05-03T00:00:00+00:00, run_after=2024-05-04T00:00:00+00:00
[2024-05-04T16:11:59.061+0000] {processor.py:178} INFO - Processing /home/airflow/.local/lib/python3.7/site-packages/airflow/example_dags/example_branch_day_of_week_operator.py took 0.098 seconds
[2024-05-04T16:12:29.493+0000] {processor.py:156} INFO - Started process (PID=6300) to work on /home/airflow/.local/lib/python3.7/site-packages/airflow/example_dags/example_branch_day_of_week_operator.py
[2024-05-04T16:12:29.493+0000] {processor.py:758} INFO - Processing file /home/airflow/.local/lib/python3.7/site-packages/airflow/example_dags/example_branch_day_of_week_operator.py for tasks to queue
[2024-05-04T16:12:29.493+0000] {logging_mixin.py:117} INFO - [2024-05-04T16:12:29.493+0000] {dagbag.py:525} INFO - Filling up the DagBag from /home/airflow/.local/lib/python3.7/site-packages/airflow/example_dags/example_branch_day_of_week_operator.py
[2024-05-04T16:12:29.507+0000] {processor.py:768} INFO - DAG(s) dict_keys(['example_weekday_branch_operator']) retrieved from /home/airflow/.local/lib/python3.7/site-packages/airflow/example_dags/example_branch_day_of_week_operator.py
[2024-05-04T16:12:29.539+0000] {logging_mixin.py:117} INFO - [2024-05-04T16:12:29.539+0000] {dag.py:2573} INFO - Sync 1 DAGs
[2024-05-04T16:12:29.560+0000] {logging_mixin.py:117} INFO - [2024-05-04T16:12:29.560+0000] {dag.py:3328} INFO - Setting next_dagrun for example_weekday_branch_operator to 2024-05-03T00:00:00+00:00, run_after=2024-05-04T00:00:00+00:00
[2024-05-04T16:12:29.581+0000] {processor.py:178} INFO - Processing /home/airflow/.local/lib/python3.7/site-packages/airflow/example_dags/example_branch_day_of_week_operator.py took 0.090 seconds
[2024-05-04T16:13:00.193+0000] {processor.py:156} INFO - Started process (PID=6504) to work on /home/airflow/.local/lib/python3.7/site-packages/airflow/example_dags/example_branch_day_of_week_operator.py
[2024-05-04T16:13:00.194+0000] {processor.py:758} INFO - Processing file /home/airflow/.local/lib/python3.7/site-packages/airflow/example_dags/example_branch_day_of_week_operator.py for tasks to queue
[2024-05-04T16:13:00.194+0000] {logging_mixin.py:117} INFO - [2024-05-04T16:13:00.194+0000] {dagbag.py:525} INFO - Filling up the DagBag from /home/airflow/.local/lib/python3.7/site-packages/airflow/example_dags/example_branch_day_of_week_operator.py
[2024-05-04T16:13:00.209+0000] {processor.py:768} INFO - DAG(s) dict_keys(['example_weekday_branch_operator']) retrieved from /home/airflow/.local/lib/python3.7/site-packages/airflow/example_dags/example_branch_day_of_week_operator.py
[2024-05-04T16:13:00.248+0000] {logging_mixin.py:117} INFO - [2024-05-04T16:13:00.248+0000] {dag.py:2573} INFO - Sync 1 DAGs
[2024-05-04T16:13:00.279+0000] {logging_mixin.py:117} INFO - [2024-05-04T16:13:00.278+0000] {dag.py:3328} INFO - Setting next_dagrun for example_weekday_branch_operator to 2024-05-03T00:00:00+00:00, run_after=2024-05-04T00:00:00+00:00
[2024-05-04T16:13:00.299+0000] {processor.py:178} INFO - Processing /home/airflow/.local/lib/python3.7/site-packages/airflow/example_dags/example_branch_day_of_week_operator.py took 0.108 seconds
