[2024-05-04T15:58:02.821+0000] {processor.py:156} INFO - Started process (PID=255) to work on /home/airflow/.local/lib/python3.7/site-packages/airflow/example_dags/example_sla_dag.py
[2024-05-04T15:58:02.821+0000] {processor.py:758} INFO - Processing file /home/airflow/.local/lib/python3.7/site-packages/airflow/example_dags/example_sla_dag.py for tasks to queue
[2024-05-04T15:58:02.822+0000] {logging_mixin.py:117} INFO - [2024-05-04T15:58:02.822+0000] {dagbag.py:525} INFO - Filling up the DagBag from /home/airflow/.local/lib/python3.7/site-packages/airflow/example_dags/example_sla_dag.py
[2024-05-04T15:58:02.849+0000] {processor.py:768} INFO - DAG(s) dict_keys(['example_sla_dag']) retrieved from /home/airflow/.local/lib/python3.7/site-packages/airflow/example_dags/example_sla_dag.py
[2024-05-04T15:58:03.148+0000] {logging_mixin.py:117} INFO - [2024-05-04T15:58:03.148+0000] {manager.py:507} INFO - Created Permission View: can read on DAG:example_sla_dag
[2024-05-04T15:58:03.168+0000] {logging_mixin.py:117} INFO - [2024-05-04T15:58:03.168+0000] {manager.py:507} INFO - Created Permission View: can edit on DAG:example_sla_dag
[2024-05-04T15:58:03.182+0000] {logging_mixin.py:117} INFO - [2024-05-04T15:58:03.182+0000] {manager.py:507} INFO - Created Permission View: can delete on DAG:example_sla_dag
[2024-05-04T15:58:03.182+0000] {logging_mixin.py:117} INFO - [2024-05-04T15:58:03.182+0000] {dag.py:2573} INFO - Sync 1 DAGs
[2024-05-04T15:58:03.206+0000] {logging_mixin.py:117} INFO - [2024-05-04T15:58:03.205+0000] {dag.py:2594} INFO - Creating ORM DAG for example_sla_dag
[2024-05-04T15:58:03.231+0000] {logging_mixin.py:117} INFO - [2024-05-04T15:58:03.230+0000] {dag.py:3328} INFO - Setting next_dagrun for example_sla_dag to 2024-05-04T15:56:00+00:00, run_after=2024-05-04T15:58:00+00:00
[2024-05-04T15:58:03.263+0000] {processor.py:178} INFO - Processing /home/airflow/.local/lib/python3.7/site-packages/airflow/example_dags/example_sla_dag.py took 0.444 seconds
[2024-05-04T15:58:38.038+0000] {processor.py:156} INFO - Started process (PID=503) to work on /home/airflow/.local/lib/python3.7/site-packages/airflow/example_dags/example_sla_dag.py
[2024-05-04T15:58:38.039+0000] {processor.py:758} INFO - Processing file /home/airflow/.local/lib/python3.7/site-packages/airflow/example_dags/example_sla_dag.py for tasks to queue
[2024-05-04T15:58:38.039+0000] {logging_mixin.py:117} INFO - [2024-05-04T15:58:38.039+0000] {dagbag.py:525} INFO - Filling up the DagBag from /home/airflow/.local/lib/python3.7/site-packages/airflow/example_dags/example_sla_dag.py
[2024-05-04T15:58:38.183+0000] {processor.py:768} INFO - DAG(s) dict_keys(['example_sla_dag']) retrieved from /home/airflow/.local/lib/python3.7/site-packages/airflow/example_dags/example_sla_dag.py
[2024-05-04T15:58:38.308+0000] {logging_mixin.py:117} INFO - [2024-05-04T15:58:38.308+0000] {dag.py:2573} INFO - Sync 1 DAGs
[2024-05-04T15:58:38.894+0000] {logging_mixin.py:117} INFO - [2024-05-04T15:58:38.894+0000] {dag.py:3328} INFO - Setting next_dagrun for example_sla_dag to 2024-05-04T15:56:00+00:00, run_after=2024-05-04T15:58:00+00:00
[2024-05-04T15:58:38.923+0000] {processor.py:178} INFO - Processing /home/airflow/.local/lib/python3.7/site-packages/airflow/example_dags/example_sla_dag.py took 0.888 seconds
[2024-05-04T15:59:09.169+0000] {processor.py:156} INFO - Started process (PID=768) to work on /home/airflow/.local/lib/python3.7/site-packages/airflow/example_dags/example_sla_dag.py
[2024-05-04T15:59:09.169+0000] {processor.py:758} INFO - Processing file /home/airflow/.local/lib/python3.7/site-packages/airflow/example_dags/example_sla_dag.py for tasks to queue
[2024-05-04T15:59:09.169+0000] {logging_mixin.py:117} INFO - [2024-05-04T15:59:09.169+0000] {dagbag.py:525} INFO - Filling up the DagBag from /home/airflow/.local/lib/python3.7/site-packages/airflow/example_dags/example_sla_dag.py
[2024-05-04T15:59:09.191+0000] {processor.py:768} INFO - DAG(s) dict_keys(['example_sla_dag']) retrieved from /home/airflow/.local/lib/python3.7/site-packages/airflow/example_dags/example_sla_dag.py
[2024-05-04T15:59:09.224+0000] {logging_mixin.py:117} INFO - [2024-05-04T15:59:09.224+0000] {dag.py:2573} INFO - Sync 1 DAGs
[2024-05-04T15:59:09.369+0000] {logging_mixin.py:117} INFO - [2024-05-04T15:59:09.368+0000] {dag.py:3328} INFO - Setting next_dagrun for example_sla_dag to 2024-05-04T15:56:00+00:00, run_after=2024-05-04T15:58:00+00:00
[2024-05-04T15:59:09.388+0000] {processor.py:178} INFO - Processing /home/airflow/.local/lib/python3.7/site-packages/airflow/example_dags/example_sla_dag.py took 0.222 seconds
[2024-05-04T15:59:39.441+0000] {processor.py:156} INFO - Started process (PID=981) to work on /home/airflow/.local/lib/python3.7/site-packages/airflow/example_dags/example_sla_dag.py
[2024-05-04T15:59:39.441+0000] {processor.py:758} INFO - Processing file /home/airflow/.local/lib/python3.7/site-packages/airflow/example_dags/example_sla_dag.py for tasks to queue
[2024-05-04T15:59:39.441+0000] {logging_mixin.py:117} INFO - [2024-05-04T15:59:39.441+0000] {dagbag.py:525} INFO - Filling up the DagBag from /home/airflow/.local/lib/python3.7/site-packages/airflow/example_dags/example_sla_dag.py
[2024-05-04T15:59:39.461+0000] {processor.py:768} INFO - DAG(s) dict_keys(['example_sla_dag']) retrieved from /home/airflow/.local/lib/python3.7/site-packages/airflow/example_dags/example_sla_dag.py
[2024-05-04T15:59:39.602+0000] {logging_mixin.py:117} INFO - [2024-05-04T15:59:39.601+0000] {dag.py:2573} INFO - Sync 1 DAGs
[2024-05-04T15:59:39.626+0000] {logging_mixin.py:117} INFO - [2024-05-04T15:59:39.626+0000] {dag.py:3328} INFO - Setting next_dagrun for example_sla_dag to 2024-05-04T15:56:00+00:00, run_after=2024-05-04T15:58:00+00:00
[2024-05-04T15:59:39.645+0000] {processor.py:178} INFO - Processing /home/airflow/.local/lib/python3.7/site-packages/airflow/example_dags/example_sla_dag.py took 0.206 seconds
[2024-05-04T16:00:09.781+0000] {processor.py:156} INFO - Started process (PID=1185) to work on /home/airflow/.local/lib/python3.7/site-packages/airflow/example_dags/example_sla_dag.py
[2024-05-04T16:00:09.782+0000] {processor.py:758} INFO - Processing file /home/airflow/.local/lib/python3.7/site-packages/airflow/example_dags/example_sla_dag.py for tasks to queue
[2024-05-04T16:00:09.782+0000] {logging_mixin.py:117} INFO - [2024-05-04T16:00:09.782+0000] {dagbag.py:525} INFO - Filling up the DagBag from /home/airflow/.local/lib/python3.7/site-packages/airflow/example_dags/example_sla_dag.py
[2024-05-04T16:00:09.801+0000] {processor.py:768} INFO - DAG(s) dict_keys(['example_sla_dag']) retrieved from /home/airflow/.local/lib/python3.7/site-packages/airflow/example_dags/example_sla_dag.py
[2024-05-04T16:00:09.939+0000] {logging_mixin.py:117} INFO - [2024-05-04T16:00:09.939+0000] {dag.py:2573} INFO - Sync 1 DAGs
[2024-05-04T16:00:09.959+0000] {logging_mixin.py:117} INFO - [2024-05-04T16:00:09.959+0000] {dag.py:3328} INFO - Setting next_dagrun for example_sla_dag to 2024-05-04T15:58:00+00:00, run_after=2024-05-04T16:00:00+00:00
[2024-05-04T16:00:09.977+0000] {processor.py:178} INFO - Processing /home/airflow/.local/lib/python3.7/site-packages/airflow/example_dags/example_sla_dag.py took 0.198 seconds
[2024-05-04T16:00:40.155+0000] {processor.py:156} INFO - Started process (PID=1396) to work on /home/airflow/.local/lib/python3.7/site-packages/airflow/example_dags/example_sla_dag.py
[2024-05-04T16:00:40.156+0000] {processor.py:758} INFO - Processing file /home/airflow/.local/lib/python3.7/site-packages/airflow/example_dags/example_sla_dag.py for tasks to queue
[2024-05-04T16:00:40.156+0000] {logging_mixin.py:117} INFO - [2024-05-04T16:00:40.156+0000] {dagbag.py:525} INFO - Filling up the DagBag from /home/airflow/.local/lib/python3.7/site-packages/airflow/example_dags/example_sla_dag.py
[2024-05-04T16:00:40.323+0000] {processor.py:768} INFO - DAG(s) dict_keys(['example_sla_dag']) retrieved from /home/airflow/.local/lib/python3.7/site-packages/airflow/example_dags/example_sla_dag.py
[2024-05-04T16:00:40.358+0000] {logging_mixin.py:117} INFO - [2024-05-04T16:00:40.357+0000] {dag.py:2573} INFO - Sync 1 DAGs
[2024-05-04T16:00:40.387+0000] {logging_mixin.py:117} INFO - [2024-05-04T16:00:40.387+0000] {dag.py:3328} INFO - Setting next_dagrun for example_sla_dag to 2024-05-04T15:58:00+00:00, run_after=2024-05-04T16:00:00+00:00
[2024-05-04T16:00:40.406+0000] {processor.py:178} INFO - Processing /home/airflow/.local/lib/python3.7/site-packages/airflow/example_dags/example_sla_dag.py took 0.255 seconds
[2024-05-04T16:01:10.971+0000] {processor.py:156} INFO - Started process (PID=1616) to work on /home/airflow/.local/lib/python3.7/site-packages/airflow/example_dags/example_sla_dag.py
[2024-05-04T16:01:10.972+0000] {processor.py:758} INFO - Processing file /home/airflow/.local/lib/python3.7/site-packages/airflow/example_dags/example_sla_dag.py for tasks to queue
[2024-05-04T16:01:11.086+0000] {logging_mixin.py:117} INFO - [2024-05-04T16:01:11.086+0000] {dagbag.py:525} INFO - Filling up the DagBag from /home/airflow/.local/lib/python3.7/site-packages/airflow/example_dags/example_sla_dag.py
[2024-05-04T16:01:11.103+0000] {processor.py:768} INFO - DAG(s) dict_keys(['example_sla_dag']) retrieved from /home/airflow/.local/lib/python3.7/site-packages/airflow/example_dags/example_sla_dag.py
[2024-05-04T16:01:11.131+0000] {logging_mixin.py:117} INFO - [2024-05-04T16:01:11.131+0000] {dag.py:2573} INFO - Sync 1 DAGs
[2024-05-04T16:01:11.153+0000] {logging_mixin.py:117} INFO - [2024-05-04T16:01:11.153+0000] {dag.py:3328} INFO - Setting next_dagrun for example_sla_dag to 2024-05-04T15:58:00+00:00, run_after=2024-05-04T16:00:00+00:00
[2024-05-04T16:01:11.172+0000] {processor.py:178} INFO - Processing /home/airflow/.local/lib/python3.7/site-packages/airflow/example_dags/example_sla_dag.py took 0.203 seconds
[2024-05-04T16:01:41.865+0000] {processor.py:156} INFO - Started process (PID=1829) to work on /home/airflow/.local/lib/python3.7/site-packages/airflow/example_dags/example_sla_dag.py
[2024-05-04T16:01:41.866+0000] {processor.py:758} INFO - Processing file /home/airflow/.local/lib/python3.7/site-packages/airflow/example_dags/example_sla_dag.py for tasks to queue
[2024-05-04T16:01:41.866+0000] {logging_mixin.py:117} INFO - [2024-05-04T16:01:41.866+0000] {dagbag.py:525} INFO - Filling up the DagBag from /home/airflow/.local/lib/python3.7/site-packages/airflow/example_dags/example_sla_dag.py
[2024-05-04T16:01:41.888+0000] {processor.py:768} INFO - DAG(s) dict_keys(['example_sla_dag']) retrieved from /home/airflow/.local/lib/python3.7/site-packages/airflow/example_dags/example_sla_dag.py
[2024-05-04T16:01:41.935+0000] {logging_mixin.py:117} INFO - [2024-05-04T16:01:41.935+0000] {dag.py:2573} INFO - Sync 1 DAGs
[2024-05-04T16:01:41.966+0000] {logging_mixin.py:117} INFO - [2024-05-04T16:01:41.966+0000] {dag.py:3328} INFO - Setting next_dagrun for example_sla_dag to 2024-05-04T15:58:00+00:00, run_after=2024-05-04T16:00:00+00:00
[2024-05-04T16:01:41.986+0000] {processor.py:178} INFO - Processing /home/airflow/.local/lib/python3.7/site-packages/airflow/example_dags/example_sla_dag.py took 0.123 seconds
[2024-05-04T16:02:12.637+0000] {processor.py:156} INFO - Started process (PID=2033) to work on /home/airflow/.local/lib/python3.7/site-packages/airflow/example_dags/example_sla_dag.py
[2024-05-04T16:02:12.638+0000] {processor.py:758} INFO - Processing file /home/airflow/.local/lib/python3.7/site-packages/airflow/example_dags/example_sla_dag.py for tasks to queue
[2024-05-04T16:02:12.638+0000] {logging_mixin.py:117} INFO - [2024-05-04T16:02:12.638+0000] {dagbag.py:525} INFO - Filling up the DagBag from /home/airflow/.local/lib/python3.7/site-packages/airflow/example_dags/example_sla_dag.py
[2024-05-04T16:02:12.658+0000] {processor.py:768} INFO - DAG(s) dict_keys(['example_sla_dag']) retrieved from /home/airflow/.local/lib/python3.7/site-packages/airflow/example_dags/example_sla_dag.py
[2024-05-04T16:02:12.691+0000] {logging_mixin.py:117} INFO - [2024-05-04T16:02:12.690+0000] {dag.py:2573} INFO - Sync 1 DAGs
[2024-05-04T16:02:12.712+0000] {logging_mixin.py:117} INFO - [2024-05-04T16:02:12.712+0000] {dag.py:3328} INFO - Setting next_dagrun for example_sla_dag to 2024-05-04T16:00:00+00:00, run_after=2024-05-04T16:02:00+00:00
[2024-05-04T16:02:12.733+0000] {processor.py:178} INFO - Processing /home/airflow/.local/lib/python3.7/site-packages/airflow/example_dags/example_sla_dag.py took 0.098 seconds
[2024-05-04T16:02:43.338+0000] {processor.py:156} INFO - Started process (PID=2246) to work on /home/airflow/.local/lib/python3.7/site-packages/airflow/example_dags/example_sla_dag.py
[2024-05-04T16:02:43.339+0000] {processor.py:758} INFO - Processing file /home/airflow/.local/lib/python3.7/site-packages/airflow/example_dags/example_sla_dag.py for tasks to queue
[2024-05-04T16:02:43.340+0000] {logging_mixin.py:117} INFO - [2024-05-04T16:02:43.339+0000] {dagbag.py:525} INFO - Filling up the DagBag from /home/airflow/.local/lib/python3.7/site-packages/airflow/example_dags/example_sla_dag.py
[2024-05-04T16:02:43.359+0000] {processor.py:768} INFO - DAG(s) dict_keys(['example_sla_dag']) retrieved from /home/airflow/.local/lib/python3.7/site-packages/airflow/example_dags/example_sla_dag.py
[2024-05-04T16:02:43.391+0000] {logging_mixin.py:117} INFO - [2024-05-04T16:02:43.391+0000] {dag.py:2573} INFO - Sync 1 DAGs
[2024-05-04T16:02:43.414+0000] {logging_mixin.py:117} INFO - [2024-05-04T16:02:43.413+0000] {dag.py:3328} INFO - Setting next_dagrun for example_sla_dag to 2024-05-04T16:00:00+00:00, run_after=2024-05-04T16:02:00+00:00
[2024-05-04T16:02:43.432+0000] {processor.py:178} INFO - Processing /home/airflow/.local/lib/python3.7/site-packages/airflow/example_dags/example_sla_dag.py took 0.096 seconds
[2024-05-04T16:03:14.159+0000] {processor.py:156} INFO - Started process (PID=2460) to work on /home/airflow/.local/lib/python3.7/site-packages/airflow/example_dags/example_sla_dag.py
[2024-05-04T16:03:14.159+0000] {processor.py:758} INFO - Processing file /home/airflow/.local/lib/python3.7/site-packages/airflow/example_dags/example_sla_dag.py for tasks to queue
[2024-05-04T16:03:14.161+0000] {logging_mixin.py:117} INFO - [2024-05-04T16:03:14.161+0000] {dagbag.py:525} INFO - Filling up the DagBag from /home/airflow/.local/lib/python3.7/site-packages/airflow/example_dags/example_sla_dag.py
[2024-05-04T16:03:14.189+0000] {processor.py:768} INFO - DAG(s) dict_keys(['example_sla_dag']) retrieved from /home/airflow/.local/lib/python3.7/site-packages/airflow/example_dags/example_sla_dag.py
[2024-05-04T16:03:14.232+0000] {logging_mixin.py:117} INFO - [2024-05-04T16:03:14.232+0000] {dag.py:2573} INFO - Sync 1 DAGs
[2024-05-04T16:03:14.255+0000] {logging_mixin.py:117} INFO - [2024-05-04T16:03:14.255+0000] {dag.py:3328} INFO - Setting next_dagrun for example_sla_dag to 2024-05-04T16:00:00+00:00, run_after=2024-05-04T16:02:00+00:00
[2024-05-04T16:03:14.274+0000] {processor.py:178} INFO - Processing /home/airflow/.local/lib/python3.7/site-packages/airflow/example_dags/example_sla_dag.py took 0.120 seconds
[2024-05-04T16:03:44.794+0000] {processor.py:156} INFO - Started process (PID=2673) to work on /home/airflow/.local/lib/python3.7/site-packages/airflow/example_dags/example_sla_dag.py
[2024-05-04T16:03:44.795+0000] {processor.py:758} INFO - Processing file /home/airflow/.local/lib/python3.7/site-packages/airflow/example_dags/example_sla_dag.py for tasks to queue
[2024-05-04T16:03:44.795+0000] {logging_mixin.py:117} INFO - [2024-05-04T16:03:44.795+0000] {dagbag.py:525} INFO - Filling up the DagBag from /home/airflow/.local/lib/python3.7/site-packages/airflow/example_dags/example_sla_dag.py
[2024-05-04T16:03:44.815+0000] {processor.py:768} INFO - DAG(s) dict_keys(['example_sla_dag']) retrieved from /home/airflow/.local/lib/python3.7/site-packages/airflow/example_dags/example_sla_dag.py
[2024-05-04T16:03:44.846+0000] {logging_mixin.py:117} INFO - [2024-05-04T16:03:44.846+0000] {dag.py:2573} INFO - Sync 1 DAGs
[2024-05-04T16:03:44.868+0000] {logging_mixin.py:117} INFO - [2024-05-04T16:03:44.868+0000] {dag.py:3328} INFO - Setting next_dagrun for example_sla_dag to 2024-05-04T16:00:00+00:00, run_after=2024-05-04T16:02:00+00:00
[2024-05-04T16:03:44.887+0000] {processor.py:178} INFO - Processing /home/airflow/.local/lib/python3.7/site-packages/airflow/example_dags/example_sla_dag.py took 0.095 seconds
[2024-05-04T16:04:15.354+0000] {processor.py:156} INFO - Started process (PID=2877) to work on /home/airflow/.local/lib/python3.7/site-packages/airflow/example_dags/example_sla_dag.py
[2024-05-04T16:04:15.355+0000] {processor.py:758} INFO - Processing file /home/airflow/.local/lib/python3.7/site-packages/airflow/example_dags/example_sla_dag.py for tasks to queue
[2024-05-04T16:04:15.355+0000] {logging_mixin.py:117} INFO - [2024-05-04T16:04:15.355+0000] {dagbag.py:525} INFO - Filling up the DagBag from /home/airflow/.local/lib/python3.7/site-packages/airflow/example_dags/example_sla_dag.py
[2024-05-04T16:04:15.375+0000] {processor.py:768} INFO - DAG(s) dict_keys(['example_sla_dag']) retrieved from /home/airflow/.local/lib/python3.7/site-packages/airflow/example_dags/example_sla_dag.py
[2024-05-04T16:04:15.407+0000] {logging_mixin.py:117} INFO - [2024-05-04T16:04:15.407+0000] {dag.py:2573} INFO - Sync 1 DAGs
[2024-05-04T16:04:15.430+0000] {logging_mixin.py:117} INFO - [2024-05-04T16:04:15.429+0000] {dag.py:3328} INFO - Setting next_dagrun for example_sla_dag to 2024-05-04T16:02:00+00:00, run_after=2024-05-04T16:04:00+00:00
[2024-05-04T16:04:15.450+0000] {processor.py:178} INFO - Processing /home/airflow/.local/lib/python3.7/site-packages/airflow/example_dags/example_sla_dag.py took 0.097 seconds
[2024-05-04T16:04:46.043+0000] {processor.py:156} INFO - Started process (PID=3090) to work on /home/airflow/.local/lib/python3.7/site-packages/airflow/example_dags/example_sla_dag.py
[2024-05-04T16:04:46.044+0000] {processor.py:758} INFO - Processing file /home/airflow/.local/lib/python3.7/site-packages/airflow/example_dags/example_sla_dag.py for tasks to queue
[2024-05-04T16:04:46.044+0000] {logging_mixin.py:117} INFO - [2024-05-04T16:04:46.044+0000] {dagbag.py:525} INFO - Filling up the DagBag from /home/airflow/.local/lib/python3.7/site-packages/airflow/example_dags/example_sla_dag.py
[2024-05-04T16:04:46.065+0000] {processor.py:768} INFO - DAG(s) dict_keys(['example_sla_dag']) retrieved from /home/airflow/.local/lib/python3.7/site-packages/airflow/example_dags/example_sla_dag.py
[2024-05-04T16:04:46.097+0000] {logging_mixin.py:117} INFO - [2024-05-04T16:04:46.096+0000] {dag.py:2573} INFO - Sync 1 DAGs
[2024-05-04T16:04:46.121+0000] {logging_mixin.py:117} INFO - [2024-05-04T16:04:46.121+0000] {dag.py:3328} INFO - Setting next_dagrun for example_sla_dag to 2024-05-04T16:02:00+00:00, run_after=2024-05-04T16:04:00+00:00
[2024-05-04T16:04:46.140+0000] {processor.py:178} INFO - Processing /home/airflow/.local/lib/python3.7/site-packages/airflow/example_dags/example_sla_dag.py took 0.099 seconds
[2024-05-04T16:05:16.631+0000] {processor.py:156} INFO - Started process (PID=3303) to work on /home/airflow/.local/lib/python3.7/site-packages/airflow/example_dags/example_sla_dag.py
[2024-05-04T16:05:16.631+0000] {processor.py:758} INFO - Processing file /home/airflow/.local/lib/python3.7/site-packages/airflow/example_dags/example_sla_dag.py for tasks to queue
[2024-05-04T16:05:16.632+0000] {logging_mixin.py:117} INFO - [2024-05-04T16:05:16.632+0000] {dagbag.py:525} INFO - Filling up the DagBag from /home/airflow/.local/lib/python3.7/site-packages/airflow/example_dags/example_sla_dag.py
[2024-05-04T16:05:16.653+0000] {processor.py:768} INFO - DAG(s) dict_keys(['example_sla_dag']) retrieved from /home/airflow/.local/lib/python3.7/site-packages/airflow/example_dags/example_sla_dag.py
[2024-05-04T16:05:16.685+0000] {logging_mixin.py:117} INFO - [2024-05-04T16:05:16.685+0000] {dag.py:2573} INFO - Sync 1 DAGs
[2024-05-04T16:05:16.707+0000] {logging_mixin.py:117} INFO - [2024-05-04T16:05:16.707+0000] {dag.py:3328} INFO - Setting next_dagrun for example_sla_dag to 2024-05-04T16:02:00+00:00, run_after=2024-05-04T16:04:00+00:00
[2024-05-04T16:05:16.727+0000] {processor.py:178} INFO - Processing /home/airflow/.local/lib/python3.7/site-packages/airflow/example_dags/example_sla_dag.py took 0.099 seconds
[2024-05-04T16:05:47.292+0000] {processor.py:156} INFO - Started process (PID=3517) to work on /home/airflow/.local/lib/python3.7/site-packages/airflow/example_dags/example_sla_dag.py
[2024-05-04T16:05:47.293+0000] {processor.py:758} INFO - Processing file /home/airflow/.local/lib/python3.7/site-packages/airflow/example_dags/example_sla_dag.py for tasks to queue
[2024-05-04T16:05:47.293+0000] {logging_mixin.py:117} INFO - [2024-05-04T16:05:47.293+0000] {dagbag.py:525} INFO - Filling up the DagBag from /home/airflow/.local/lib/python3.7/site-packages/airflow/example_dags/example_sla_dag.py
[2024-05-04T16:05:47.313+0000] {processor.py:768} INFO - DAG(s) dict_keys(['example_sla_dag']) retrieved from /home/airflow/.local/lib/python3.7/site-packages/airflow/example_dags/example_sla_dag.py
[2024-05-04T16:05:47.345+0000] {logging_mixin.py:117} INFO - [2024-05-04T16:05:47.345+0000] {dag.py:2573} INFO - Sync 1 DAGs
[2024-05-04T16:05:47.373+0000] {logging_mixin.py:117} INFO - [2024-05-04T16:05:47.373+0000] {dag.py:3328} INFO - Setting next_dagrun for example_sla_dag to 2024-05-04T16:02:00+00:00, run_after=2024-05-04T16:04:00+00:00
[2024-05-04T16:05:47.391+0000] {processor.py:178} INFO - Processing /home/airflow/.local/lib/python3.7/site-packages/airflow/example_dags/example_sla_dag.py took 0.101 seconds
[2024-05-04T16:06:18.056+0000] {processor.py:156} INFO - Started process (PID=3720) to work on /home/airflow/.local/lib/python3.7/site-packages/airflow/example_dags/example_sla_dag.py
[2024-05-04T16:06:18.056+0000] {processor.py:758} INFO - Processing file /home/airflow/.local/lib/python3.7/site-packages/airflow/example_dags/example_sla_dag.py for tasks to queue
[2024-05-04T16:06:18.057+0000] {logging_mixin.py:117} INFO - [2024-05-04T16:06:18.057+0000] {dagbag.py:525} INFO - Filling up the DagBag from /home/airflow/.local/lib/python3.7/site-packages/airflow/example_dags/example_sla_dag.py
[2024-05-04T16:06:18.077+0000] {processor.py:768} INFO - DAG(s) dict_keys(['example_sla_dag']) retrieved from /home/airflow/.local/lib/python3.7/site-packages/airflow/example_dags/example_sla_dag.py
[2024-05-04T16:06:18.109+0000] {logging_mixin.py:117} INFO - [2024-05-04T16:06:18.109+0000] {dag.py:2573} INFO - Sync 1 DAGs
[2024-05-04T16:06:18.131+0000] {logging_mixin.py:117} INFO - [2024-05-04T16:06:18.131+0000] {dag.py:3328} INFO - Setting next_dagrun for example_sla_dag to 2024-05-04T16:04:00+00:00, run_after=2024-05-04T16:06:00+00:00
[2024-05-04T16:06:18.153+0000] {processor.py:178} INFO - Processing /home/airflow/.local/lib/python3.7/site-packages/airflow/example_dags/example_sla_dag.py took 0.100 seconds
[2024-05-04T16:06:49.052+0000] {processor.py:156} INFO - Started process (PID=3939) to work on /home/airflow/.local/lib/python3.7/site-packages/airflow/example_dags/example_sla_dag.py
[2024-05-04T16:06:49.053+0000] {processor.py:758} INFO - Processing file /home/airflow/.local/lib/python3.7/site-packages/airflow/example_dags/example_sla_dag.py for tasks to queue
[2024-05-04T16:06:49.053+0000] {logging_mixin.py:117} INFO - [2024-05-04T16:06:49.053+0000] {dagbag.py:525} INFO - Filling up the DagBag from /home/airflow/.local/lib/python3.7/site-packages/airflow/example_dags/example_sla_dag.py
[2024-05-04T16:06:49.074+0000] {processor.py:768} INFO - DAG(s) dict_keys(['example_sla_dag']) retrieved from /home/airflow/.local/lib/python3.7/site-packages/airflow/example_dags/example_sla_dag.py
[2024-05-04T16:06:49.104+0000] {logging_mixin.py:117} INFO - [2024-05-04T16:06:49.104+0000] {dag.py:2573} INFO - Sync 1 DAGs
[2024-05-04T16:06:49.128+0000] {logging_mixin.py:117} INFO - [2024-05-04T16:06:49.127+0000] {dag.py:3328} INFO - Setting next_dagrun for example_sla_dag to 2024-05-04T16:04:00+00:00, run_after=2024-05-04T16:06:00+00:00
[2024-05-04T16:06:49.146+0000] {processor.py:178} INFO - Processing /home/airflow/.local/lib/python3.7/site-packages/airflow/example_dags/example_sla_dag.py took 0.096 seconds
[2024-05-04T16:07:19.752+0000] {processor.py:156} INFO - Started process (PID=4152) to work on /home/airflow/.local/lib/python3.7/site-packages/airflow/example_dags/example_sla_dag.py
[2024-05-04T16:07:19.752+0000] {processor.py:758} INFO - Processing file /home/airflow/.local/lib/python3.7/site-packages/airflow/example_dags/example_sla_dag.py for tasks to queue
[2024-05-04T16:07:19.753+0000] {logging_mixin.py:117} INFO - [2024-05-04T16:07:19.753+0000] {dagbag.py:525} INFO - Filling up the DagBag from /home/airflow/.local/lib/python3.7/site-packages/airflow/example_dags/example_sla_dag.py
[2024-05-04T16:07:19.772+0000] {processor.py:768} INFO - DAG(s) dict_keys(['example_sla_dag']) retrieved from /home/airflow/.local/lib/python3.7/site-packages/airflow/example_dags/example_sla_dag.py
[2024-05-04T16:07:19.807+0000] {logging_mixin.py:117} INFO - [2024-05-04T16:07:19.807+0000] {dag.py:2573} INFO - Sync 1 DAGs
[2024-05-04T16:07:19.831+0000] {logging_mixin.py:117} INFO - [2024-05-04T16:07:19.830+0000] {dag.py:3328} INFO - Setting next_dagrun for example_sla_dag to 2024-05-04T16:04:00+00:00, run_after=2024-05-04T16:06:00+00:00
[2024-05-04T16:07:19.852+0000] {processor.py:178} INFO - Processing /home/airflow/.local/lib/python3.7/site-packages/airflow/example_dags/example_sla_dag.py took 0.102 seconds
[2024-05-04T16:07:50.280+0000] {processor.py:156} INFO - Started process (PID=4366) to work on /home/airflow/.local/lib/python3.7/site-packages/airflow/example_dags/example_sla_dag.py
[2024-05-04T16:07:50.281+0000] {processor.py:758} INFO - Processing file /home/airflow/.local/lib/python3.7/site-packages/airflow/example_dags/example_sla_dag.py for tasks to queue
[2024-05-04T16:07:50.281+0000] {logging_mixin.py:117} INFO - [2024-05-04T16:07:50.281+0000] {dagbag.py:525} INFO - Filling up the DagBag from /home/airflow/.local/lib/python3.7/site-packages/airflow/example_dags/example_sla_dag.py
[2024-05-04T16:07:50.301+0000] {processor.py:768} INFO - DAG(s) dict_keys(['example_sla_dag']) retrieved from /home/airflow/.local/lib/python3.7/site-packages/airflow/example_dags/example_sla_dag.py
[2024-05-04T16:07:50.332+0000] {logging_mixin.py:117} INFO - [2024-05-04T16:07:50.332+0000] {dag.py:2573} INFO - Sync 1 DAGs
[2024-05-04T16:07:50.354+0000] {logging_mixin.py:117} INFO - [2024-05-04T16:07:50.354+0000] {dag.py:3328} INFO - Setting next_dagrun for example_sla_dag to 2024-05-04T16:04:00+00:00, run_after=2024-05-04T16:06:00+00:00
[2024-05-04T16:07:50.372+0000] {processor.py:178} INFO - Processing /home/airflow/.local/lib/python3.7/site-packages/airflow/example_dags/example_sla_dag.py took 0.094 seconds
[2024-05-04T16:08:20.770+0000] {processor.py:156} INFO - Started process (PID=4570) to work on /home/airflow/.local/lib/python3.7/site-packages/airflow/example_dags/example_sla_dag.py
[2024-05-04T16:08:20.770+0000] {processor.py:758} INFO - Processing file /home/airflow/.local/lib/python3.7/site-packages/airflow/example_dags/example_sla_dag.py for tasks to queue
[2024-05-04T16:08:20.771+0000] {logging_mixin.py:117} INFO - [2024-05-04T16:08:20.771+0000] {dagbag.py:525} INFO - Filling up the DagBag from /home/airflow/.local/lib/python3.7/site-packages/airflow/example_dags/example_sla_dag.py
[2024-05-04T16:08:20.790+0000] {processor.py:768} INFO - DAG(s) dict_keys(['example_sla_dag']) retrieved from /home/airflow/.local/lib/python3.7/site-packages/airflow/example_dags/example_sla_dag.py
[2024-05-04T16:08:20.821+0000] {logging_mixin.py:117} INFO - [2024-05-04T16:08:20.821+0000] {dag.py:2573} INFO - Sync 1 DAGs
[2024-05-04T16:08:20.843+0000] {logging_mixin.py:117} INFO - [2024-05-04T16:08:20.843+0000] {dag.py:3328} INFO - Setting next_dagrun for example_sla_dag to 2024-05-04T16:06:00+00:00, run_after=2024-05-04T16:08:00+00:00
[2024-05-04T16:08:20.864+0000] {processor.py:178} INFO - Processing /home/airflow/.local/lib/python3.7/site-packages/airflow/example_dags/example_sla_dag.py took 0.097 seconds
[2024-05-04T16:08:51.578+0000] {processor.py:156} INFO - Started process (PID=4783) to work on /home/airflow/.local/lib/python3.7/site-packages/airflow/example_dags/example_sla_dag.py
[2024-05-04T16:08:51.579+0000] {processor.py:758} INFO - Processing file /home/airflow/.local/lib/python3.7/site-packages/airflow/example_dags/example_sla_dag.py for tasks to queue
[2024-05-04T16:08:51.579+0000] {logging_mixin.py:117} INFO - [2024-05-04T16:08:51.579+0000] {dagbag.py:525} INFO - Filling up the DagBag from /home/airflow/.local/lib/python3.7/site-packages/airflow/example_dags/example_sla_dag.py
[2024-05-04T16:08:51.604+0000] {processor.py:768} INFO - DAG(s) dict_keys(['example_sla_dag']) retrieved from /home/airflow/.local/lib/python3.7/site-packages/airflow/example_dags/example_sla_dag.py
[2024-05-04T16:08:51.636+0000] {logging_mixin.py:117} INFO - [2024-05-04T16:08:51.636+0000] {dag.py:2573} INFO - Sync 1 DAGs
[2024-05-04T16:08:51.659+0000] {logging_mixin.py:117} INFO - [2024-05-04T16:08:51.659+0000] {dag.py:3328} INFO - Setting next_dagrun for example_sla_dag to 2024-05-04T16:06:00+00:00, run_after=2024-05-04T16:08:00+00:00
[2024-05-04T16:08:51.679+0000] {processor.py:178} INFO - Processing /home/airflow/.local/lib/python3.7/site-packages/airflow/example_dags/example_sla_dag.py took 0.104 seconds
[2024-05-04T16:09:22.305+0000] {processor.py:156} INFO - Started process (PID=4997) to work on /home/airflow/.local/lib/python3.7/site-packages/airflow/example_dags/example_sla_dag.py
[2024-05-04T16:09:22.306+0000] {processor.py:758} INFO - Processing file /home/airflow/.local/lib/python3.7/site-packages/airflow/example_dags/example_sla_dag.py for tasks to queue
[2024-05-04T16:09:22.307+0000] {logging_mixin.py:117} INFO - [2024-05-04T16:09:22.306+0000] {dagbag.py:525} INFO - Filling up the DagBag from /home/airflow/.local/lib/python3.7/site-packages/airflow/example_dags/example_sla_dag.py
[2024-05-04T16:09:22.326+0000] {processor.py:768} INFO - DAG(s) dict_keys(['example_sla_dag']) retrieved from /home/airflow/.local/lib/python3.7/site-packages/airflow/example_dags/example_sla_dag.py
[2024-05-04T16:09:22.358+0000] {logging_mixin.py:117} INFO - [2024-05-04T16:09:22.358+0000] {dag.py:2573} INFO - Sync 1 DAGs
[2024-05-04T16:09:22.380+0000] {logging_mixin.py:117} INFO - [2024-05-04T16:09:22.380+0000] {dag.py:3328} INFO - Setting next_dagrun for example_sla_dag to 2024-05-04T16:06:00+00:00, run_after=2024-05-04T16:08:00+00:00
[2024-05-04T16:09:22.399+0000] {processor.py:178} INFO - Processing /home/airflow/.local/lib/python3.7/site-packages/airflow/example_dags/example_sla_dag.py took 0.096 seconds
[2024-05-04T16:09:52.890+0000] {processor.py:156} INFO - Started process (PID=5211) to work on /home/airflow/.local/lib/python3.7/site-packages/airflow/example_dags/example_sla_dag.py
[2024-05-04T16:09:52.891+0000] {processor.py:758} INFO - Processing file /home/airflow/.local/lib/python3.7/site-packages/airflow/example_dags/example_sla_dag.py for tasks to queue
[2024-05-04T16:09:52.891+0000] {logging_mixin.py:117} INFO - [2024-05-04T16:09:52.891+0000] {dagbag.py:525} INFO - Filling up the DagBag from /home/airflow/.local/lib/python3.7/site-packages/airflow/example_dags/example_sla_dag.py
[2024-05-04T16:09:52.911+0000] {processor.py:768} INFO - DAG(s) dict_keys(['example_sla_dag']) retrieved from /home/airflow/.local/lib/python3.7/site-packages/airflow/example_dags/example_sla_dag.py
[2024-05-04T16:09:52.942+0000] {logging_mixin.py:117} INFO - [2024-05-04T16:09:52.942+0000] {dag.py:2573} INFO - Sync 1 DAGs
[2024-05-04T16:09:52.965+0000] {logging_mixin.py:117} INFO - [2024-05-04T16:09:52.965+0000] {dag.py:3328} INFO - Setting next_dagrun for example_sla_dag to 2024-05-04T16:06:00+00:00, run_after=2024-05-04T16:08:00+00:00
[2024-05-04T16:09:52.983+0000] {processor.py:178} INFO - Processing /home/airflow/.local/lib/python3.7/site-packages/airflow/example_dags/example_sla_dag.py took 0.095 seconds
[2024-05-04T16:10:23.683+0000] {processor.py:156} INFO - Started process (PID=5415) to work on /home/airflow/.local/lib/python3.7/site-packages/airflow/example_dags/example_sla_dag.py
[2024-05-04T16:10:23.684+0000] {processor.py:758} INFO - Processing file /home/airflow/.local/lib/python3.7/site-packages/airflow/example_dags/example_sla_dag.py for tasks to queue
[2024-05-04T16:10:23.684+0000] {logging_mixin.py:117} INFO - [2024-05-04T16:10:23.684+0000] {dagbag.py:525} INFO - Filling up the DagBag from /home/airflow/.local/lib/python3.7/site-packages/airflow/example_dags/example_sla_dag.py
[2024-05-04T16:10:23.706+0000] {processor.py:768} INFO - DAG(s) dict_keys(['example_sla_dag']) retrieved from /home/airflow/.local/lib/python3.7/site-packages/airflow/example_dags/example_sla_dag.py
[2024-05-04T16:10:23.737+0000] {logging_mixin.py:117} INFO - [2024-05-04T16:10:23.737+0000] {dag.py:2573} INFO - Sync 1 DAGs
[2024-05-04T16:10:23.759+0000] {logging_mixin.py:117} INFO - [2024-05-04T16:10:23.759+0000] {dag.py:3328} INFO - Setting next_dagrun for example_sla_dag to 2024-05-04T16:08:00+00:00, run_after=2024-05-04T16:10:00+00:00
[2024-05-04T16:10:23.781+0000] {processor.py:178} INFO - Processing /home/airflow/.local/lib/python3.7/site-packages/airflow/example_dags/example_sla_dag.py took 0.100 seconds
[2024-05-04T16:10:54.185+0000] {processor.py:156} INFO - Started process (PID=5631) to work on /home/airflow/.local/lib/python3.7/site-packages/airflow/example_dags/example_sla_dag.py
[2024-05-04T16:10:54.185+0000] {processor.py:758} INFO - Processing file /home/airflow/.local/lib/python3.7/site-packages/airflow/example_dags/example_sla_dag.py for tasks to queue
[2024-05-04T16:10:54.186+0000] {logging_mixin.py:117} INFO - [2024-05-04T16:10:54.186+0000] {dagbag.py:525} INFO - Filling up the DagBag from /home/airflow/.local/lib/python3.7/site-packages/airflow/example_dags/example_sla_dag.py
[2024-05-04T16:10:54.208+0000] {processor.py:768} INFO - DAG(s) dict_keys(['example_sla_dag']) retrieved from /home/airflow/.local/lib/python3.7/site-packages/airflow/example_dags/example_sla_dag.py
[2024-05-04T16:10:54.241+0000] {logging_mixin.py:117} INFO - [2024-05-04T16:10:54.241+0000] {dag.py:2573} INFO - Sync 1 DAGs
[2024-05-04T16:10:54.264+0000] {logging_mixin.py:117} INFO - [2024-05-04T16:10:54.264+0000] {dag.py:3328} INFO - Setting next_dagrun for example_sla_dag to 2024-05-04T16:08:00+00:00, run_after=2024-05-04T16:10:00+00:00
[2024-05-04T16:10:54.283+0000] {processor.py:178} INFO - Processing /home/airflow/.local/lib/python3.7/site-packages/airflow/example_dags/example_sla_dag.py took 0.100 seconds
[2024-05-04T16:11:24.825+0000] {processor.py:156} INFO - Started process (PID=5844) to work on /home/airflow/.local/lib/python3.7/site-packages/airflow/example_dags/example_sla_dag.py
[2024-05-04T16:11:24.825+0000] {processor.py:758} INFO - Processing file /home/airflow/.local/lib/python3.7/site-packages/airflow/example_dags/example_sla_dag.py for tasks to queue
[2024-05-04T16:11:24.826+0000] {logging_mixin.py:117} INFO - [2024-05-04T16:11:24.826+0000] {dagbag.py:525} INFO - Filling up the DagBag from /home/airflow/.local/lib/python3.7/site-packages/airflow/example_dags/example_sla_dag.py
[2024-05-04T16:11:24.848+0000] {processor.py:768} INFO - DAG(s) dict_keys(['example_sla_dag']) retrieved from /home/airflow/.local/lib/python3.7/site-packages/airflow/example_dags/example_sla_dag.py
[2024-05-04T16:11:24.887+0000] {logging_mixin.py:117} INFO - [2024-05-04T16:11:24.887+0000] {dag.py:2573} INFO - Sync 1 DAGs
[2024-05-04T16:11:24.910+0000] {logging_mixin.py:117} INFO - [2024-05-04T16:11:24.910+0000] {dag.py:3328} INFO - Setting next_dagrun for example_sla_dag to 2024-05-04T16:08:00+00:00, run_after=2024-05-04T16:10:00+00:00
[2024-05-04T16:11:24.929+0000] {processor.py:178} INFO - Processing /home/airflow/.local/lib/python3.7/site-packages/airflow/example_dags/example_sla_dag.py took 0.108 seconds
[2024-05-04T16:11:55.539+0000] {processor.py:156} INFO - Started process (PID=6057) to work on /home/airflow/.local/lib/python3.7/site-packages/airflow/example_dags/example_sla_dag.py
[2024-05-04T16:11:55.540+0000] {processor.py:758} INFO - Processing file /home/airflow/.local/lib/python3.7/site-packages/airflow/example_dags/example_sla_dag.py for tasks to queue
[2024-05-04T16:11:55.540+0000] {logging_mixin.py:117} INFO - [2024-05-04T16:11:55.540+0000] {dagbag.py:525} INFO - Filling up the DagBag from /home/airflow/.local/lib/python3.7/site-packages/airflow/example_dags/example_sla_dag.py
[2024-05-04T16:11:55.560+0000] {processor.py:768} INFO - DAG(s) dict_keys(['example_sla_dag']) retrieved from /home/airflow/.local/lib/python3.7/site-packages/airflow/example_dags/example_sla_dag.py
[2024-05-04T16:11:55.592+0000] {logging_mixin.py:117} INFO - [2024-05-04T16:11:55.592+0000] {dag.py:2573} INFO - Sync 1 DAGs
[2024-05-04T16:11:55.615+0000] {logging_mixin.py:117} INFO - [2024-05-04T16:11:55.615+0000] {dag.py:3328} INFO - Setting next_dagrun for example_sla_dag to 2024-05-04T16:08:00+00:00, run_after=2024-05-04T16:10:00+00:00
[2024-05-04T16:11:55.634+0000] {processor.py:178} INFO - Processing /home/airflow/.local/lib/python3.7/site-packages/airflow/example_dags/example_sla_dag.py took 0.097 seconds
[2024-05-04T16:12:26.085+0000] {processor.py:156} INFO - Started process (PID=6261) to work on /home/airflow/.local/lib/python3.7/site-packages/airflow/example_dags/example_sla_dag.py
[2024-05-04T16:12:26.085+0000] {processor.py:758} INFO - Processing file /home/airflow/.local/lib/python3.7/site-packages/airflow/example_dags/example_sla_dag.py for tasks to queue
[2024-05-04T16:12:26.086+0000] {logging_mixin.py:117} INFO - [2024-05-04T16:12:26.085+0000] {dagbag.py:525} INFO - Filling up the DagBag from /home/airflow/.local/lib/python3.7/site-packages/airflow/example_dags/example_sla_dag.py
[2024-05-04T16:12:26.105+0000] {processor.py:768} INFO - DAG(s) dict_keys(['example_sla_dag']) retrieved from /home/airflow/.local/lib/python3.7/site-packages/airflow/example_dags/example_sla_dag.py
[2024-05-04T16:12:26.137+0000] {logging_mixin.py:117} INFO - [2024-05-04T16:12:26.137+0000] {dag.py:2573} INFO - Sync 1 DAGs
[2024-05-04T16:12:26.160+0000] {logging_mixin.py:117} INFO - [2024-05-04T16:12:26.160+0000] {dag.py:3328} INFO - Setting next_dagrun for example_sla_dag to 2024-05-04T16:10:00+00:00, run_after=2024-05-04T16:12:00+00:00
[2024-05-04T16:12:26.181+0000] {processor.py:178} INFO - Processing /home/airflow/.local/lib/python3.7/site-packages/airflow/example_dags/example_sla_dag.py took 0.099 seconds
[2024-05-04T16:12:56.795+0000] {processor.py:156} INFO - Started process (PID=6474) to work on /home/airflow/.local/lib/python3.7/site-packages/airflow/example_dags/example_sla_dag.py
[2024-05-04T16:12:56.796+0000] {processor.py:758} INFO - Processing file /home/airflow/.local/lib/python3.7/site-packages/airflow/example_dags/example_sla_dag.py for tasks to queue
[2024-05-04T16:12:56.796+0000] {logging_mixin.py:117} INFO - [2024-05-04T16:12:56.796+0000] {dagbag.py:525} INFO - Filling up the DagBag from /home/airflow/.local/lib/python3.7/site-packages/airflow/example_dags/example_sla_dag.py
[2024-05-04T16:12:56.818+0000] {processor.py:768} INFO - DAG(s) dict_keys(['example_sla_dag']) retrieved from /home/airflow/.local/lib/python3.7/site-packages/airflow/example_dags/example_sla_dag.py
[2024-05-04T16:12:56.851+0000] {logging_mixin.py:117} INFO - [2024-05-04T16:12:56.851+0000] {dag.py:2573} INFO - Sync 1 DAGs
[2024-05-04T16:12:56.873+0000] {logging_mixin.py:117} INFO - [2024-05-04T16:12:56.873+0000] {dag.py:3328} INFO - Setting next_dagrun for example_sla_dag to 2024-05-04T16:10:00+00:00, run_after=2024-05-04T16:12:00+00:00
[2024-05-04T16:12:56.893+0000] {processor.py:178} INFO - Processing /home/airflow/.local/lib/python3.7/site-packages/airflow/example_dags/example_sla_dag.py took 0.100 seconds
[2024-05-04T16:13:27.432+0000] {processor.py:156} INFO - Started process (PID=6687) to work on /home/airflow/.local/lib/python3.7/site-packages/airflow/example_dags/example_sla_dag.py
[2024-05-04T16:13:27.433+0000] {processor.py:758} INFO - Processing file /home/airflow/.local/lib/python3.7/site-packages/airflow/example_dags/example_sla_dag.py for tasks to queue
[2024-05-04T16:13:27.434+0000] {logging_mixin.py:117} INFO - [2024-05-04T16:13:27.433+0000] {dagbag.py:525} INFO - Filling up the DagBag from /home/airflow/.local/lib/python3.7/site-packages/airflow/example_dags/example_sla_dag.py
[2024-05-04T16:13:27.453+0000] {processor.py:768} INFO - DAG(s) dict_keys(['example_sla_dag']) retrieved from /home/airflow/.local/lib/python3.7/site-packages/airflow/example_dags/example_sla_dag.py
[2024-05-04T16:13:27.485+0000] {logging_mixin.py:117} INFO - [2024-05-04T16:13:27.485+0000] {dag.py:2573} INFO - Sync 1 DAGs
[2024-05-04T16:13:27.509+0000] {logging_mixin.py:117} INFO - [2024-05-04T16:13:27.509+0000] {dag.py:3328} INFO - Setting next_dagrun for example_sla_dag to 2024-05-04T16:10:00+00:00, run_after=2024-05-04T16:12:00+00:00
[2024-05-04T16:13:27.531+0000] {processor.py:178} INFO - Processing /home/airflow/.local/lib/python3.7/site-packages/airflow/example_dags/example_sla_dag.py took 0.101 seconds
[2024-05-04T16:13:58.140+0000] {processor.py:156} INFO - Started process (PID=6903) to work on /home/airflow/.local/lib/python3.7/site-packages/airflow/example_dags/example_sla_dag.py
[2024-05-04T16:13:58.141+0000] {processor.py:758} INFO - Processing file /home/airflow/.local/lib/python3.7/site-packages/airflow/example_dags/example_sla_dag.py for tasks to queue
[2024-05-04T16:13:58.141+0000] {logging_mixin.py:117} INFO - [2024-05-04T16:13:58.141+0000] {dagbag.py:525} INFO - Filling up the DagBag from /home/airflow/.local/lib/python3.7/site-packages/airflow/example_dags/example_sla_dag.py
[2024-05-04T16:13:58.161+0000] {processor.py:768} INFO - DAG(s) dict_keys(['example_sla_dag']) retrieved from /home/airflow/.local/lib/python3.7/site-packages/airflow/example_dags/example_sla_dag.py
[2024-05-04T16:13:58.196+0000] {logging_mixin.py:117} INFO - [2024-05-04T16:13:58.196+0000] {dag.py:2573} INFO - Sync 1 DAGs
[2024-05-04T16:13:58.221+0000] {logging_mixin.py:117} INFO - [2024-05-04T16:13:58.221+0000] {dag.py:3328} INFO - Setting next_dagrun for example_sla_dag to 2024-05-04T16:10:00+00:00, run_after=2024-05-04T16:12:00+00:00
[2024-05-04T16:13:58.240+0000] {processor.py:178} INFO - Processing /home/airflow/.local/lib/python3.7/site-packages/airflow/example_dags/example_sla_dag.py took 0.103 seconds
[2024-05-04T16:14:28.816+0000] {processor.py:156} INFO - Started process (PID=7107) to work on /home/airflow/.local/lib/python3.7/site-packages/airflow/example_dags/example_sla_dag.py
[2024-05-04T16:14:28.817+0000] {processor.py:758} INFO - Processing file /home/airflow/.local/lib/python3.7/site-packages/airflow/example_dags/example_sla_dag.py for tasks to queue
[2024-05-04T16:14:28.818+0000] {logging_mixin.py:117} INFO - [2024-05-04T16:14:28.818+0000] {dagbag.py:525} INFO - Filling up the DagBag from /home/airflow/.local/lib/python3.7/site-packages/airflow/example_dags/example_sla_dag.py
[2024-05-04T16:14:28.838+0000] {processor.py:768} INFO - DAG(s) dict_keys(['example_sla_dag']) retrieved from /home/airflow/.local/lib/python3.7/site-packages/airflow/example_dags/example_sla_dag.py
[2024-05-04T16:14:28.869+0000] {logging_mixin.py:117} INFO - [2024-05-04T16:14:28.869+0000] {dag.py:2573} INFO - Sync 1 DAGs
[2024-05-04T16:14:28.892+0000] {logging_mixin.py:117} INFO - [2024-05-04T16:14:28.892+0000] {dag.py:3328} INFO - Setting next_dagrun for example_sla_dag to 2024-05-04T16:12:00+00:00, run_after=2024-05-04T16:14:00+00:00
[2024-05-04T16:14:28.912+0000] {processor.py:178} INFO - Processing /home/airflow/.local/lib/python3.7/site-packages/airflow/example_dags/example_sla_dag.py took 0.098 seconds
[2024-05-04T16:14:59.488+0000] {processor.py:156} INFO - Started process (PID=7320) to work on /home/airflow/.local/lib/python3.7/site-packages/airflow/example_dags/example_sla_dag.py
[2024-05-04T16:14:59.488+0000] {processor.py:758} INFO - Processing file /home/airflow/.local/lib/python3.7/site-packages/airflow/example_dags/example_sla_dag.py for tasks to queue
[2024-05-04T16:14:59.489+0000] {logging_mixin.py:117} INFO - [2024-05-04T16:14:59.489+0000] {dagbag.py:525} INFO - Filling up the DagBag from /home/airflow/.local/lib/python3.7/site-packages/airflow/example_dags/example_sla_dag.py
[2024-05-04T16:14:59.510+0000] {processor.py:768} INFO - DAG(s) dict_keys(['example_sla_dag']) retrieved from /home/airflow/.local/lib/python3.7/site-packages/airflow/example_dags/example_sla_dag.py
[2024-05-04T16:14:59.542+0000] {logging_mixin.py:117} INFO - [2024-05-04T16:14:59.542+0000] {dag.py:2573} INFO - Sync 1 DAGs
[2024-05-04T16:14:59.565+0000] {logging_mixin.py:117} INFO - [2024-05-04T16:14:59.565+0000] {dag.py:3328} INFO - Setting next_dagrun for example_sla_dag to 2024-05-04T16:12:00+00:00, run_after=2024-05-04T16:14:00+00:00
[2024-05-04T16:14:59.585+0000] {processor.py:178} INFO - Processing /home/airflow/.local/lib/python3.7/site-packages/airflow/example_dags/example_sla_dag.py took 0.100 seconds
[2024-05-04T16:15:30.296+0000] {processor.py:156} INFO - Started process (PID=7536) to work on /home/airflow/.local/lib/python3.7/site-packages/airflow/example_dags/example_sla_dag.py
[2024-05-04T16:15:30.297+0000] {processor.py:758} INFO - Processing file /home/airflow/.local/lib/python3.7/site-packages/airflow/example_dags/example_sla_dag.py for tasks to queue
[2024-05-04T16:15:30.297+0000] {logging_mixin.py:117} INFO - [2024-05-04T16:15:30.297+0000] {dagbag.py:525} INFO - Filling up the DagBag from /home/airflow/.local/lib/python3.7/site-packages/airflow/example_dags/example_sla_dag.py
[2024-05-04T16:15:30.318+0000] {processor.py:768} INFO - DAG(s) dict_keys(['example_sla_dag']) retrieved from /home/airflow/.local/lib/python3.7/site-packages/airflow/example_dags/example_sla_dag.py
[2024-05-04T16:15:30.354+0000] {logging_mixin.py:117} INFO - [2024-05-04T16:15:30.354+0000] {dag.py:2573} INFO - Sync 1 DAGs
[2024-05-04T16:15:30.376+0000] {logging_mixin.py:117} INFO - [2024-05-04T16:15:30.376+0000] {dag.py:3328} INFO - Setting next_dagrun for example_sla_dag to 2024-05-04T16:12:00+00:00, run_after=2024-05-04T16:14:00+00:00
[2024-05-04T16:15:30.395+0000] {processor.py:178} INFO - Processing /home/airflow/.local/lib/python3.7/site-packages/airflow/example_dags/example_sla_dag.py took 0.101 seconds
[2024-05-04T16:16:00.452+0000] {processor.py:156} INFO - Started process (PID=7755) to work on /home/airflow/.local/lib/python3.7/site-packages/airflow/example_dags/example_sla_dag.py
[2024-05-04T16:16:00.453+0000] {processor.py:758} INFO - Processing file /home/airflow/.local/lib/python3.7/site-packages/airflow/example_dags/example_sla_dag.py for tasks to queue
[2024-05-04T16:16:00.453+0000] {logging_mixin.py:117} INFO - [2024-05-04T16:16:00.453+0000] {dagbag.py:525} INFO - Filling up the DagBag from /home/airflow/.local/lib/python3.7/site-packages/airflow/example_dags/example_sla_dag.py
[2024-05-04T16:16:00.473+0000] {processor.py:768} INFO - DAG(s) dict_keys(['example_sla_dag']) retrieved from /home/airflow/.local/lib/python3.7/site-packages/airflow/example_dags/example_sla_dag.py
[2024-05-04T16:16:00.504+0000] {logging_mixin.py:117} INFO - [2024-05-04T16:16:00.504+0000] {dag.py:2573} INFO - Sync 1 DAGs
[2024-05-04T16:16:00.527+0000] {logging_mixin.py:117} INFO - [2024-05-04T16:16:00.526+0000] {dag.py:3328} INFO - Setting next_dagrun for example_sla_dag to 2024-05-04T16:14:00+00:00, run_after=2024-05-04T16:16:00+00:00
[2024-05-04T16:16:00.548+0000] {processor.py:178} INFO - Processing /home/airflow/.local/lib/python3.7/site-packages/airflow/example_dags/example_sla_dag.py took 0.098 seconds
[2024-05-04T16:16:30.599+0000] {processor.py:156} INFO - Started process (PID=7959) to work on /home/airflow/.local/lib/python3.7/site-packages/airflow/example_dags/example_sla_dag.py
[2024-05-04T16:16:30.600+0000] {processor.py:758} INFO - Processing file /home/airflow/.local/lib/python3.7/site-packages/airflow/example_dags/example_sla_dag.py for tasks to queue
[2024-05-04T16:16:30.600+0000] {logging_mixin.py:117} INFO - [2024-05-04T16:16:30.600+0000] {dagbag.py:525} INFO - Filling up the DagBag from /home/airflow/.local/lib/python3.7/site-packages/airflow/example_dags/example_sla_dag.py
[2024-05-04T16:16:30.621+0000] {processor.py:768} INFO - DAG(s) dict_keys(['example_sla_dag']) retrieved from /home/airflow/.local/lib/python3.7/site-packages/airflow/example_dags/example_sla_dag.py
[2024-05-04T16:16:30.654+0000] {logging_mixin.py:117} INFO - [2024-05-04T16:16:30.654+0000] {dag.py:2573} INFO - Sync 1 DAGs
[2024-05-04T16:16:30.676+0000] {logging_mixin.py:117} INFO - [2024-05-04T16:16:30.676+0000] {dag.py:3328} INFO - Setting next_dagrun for example_sla_dag to 2024-05-04T16:14:00+00:00, run_after=2024-05-04T16:16:00+00:00
[2024-05-04T16:16:30.697+0000] {processor.py:178} INFO - Processing /home/airflow/.local/lib/python3.7/site-packages/airflow/example_dags/example_sla_dag.py took 0.100 seconds
[2024-05-04T16:17:00.929+0000] {processor.py:156} INFO - Started process (PID=8173) to work on /home/airflow/.local/lib/python3.7/site-packages/airflow/example_dags/example_sla_dag.py
[2024-05-04T16:17:00.930+0000] {processor.py:758} INFO - Processing file /home/airflow/.local/lib/python3.7/site-packages/airflow/example_dags/example_sla_dag.py for tasks to queue
[2024-05-04T16:17:00.931+0000] {logging_mixin.py:117} INFO - [2024-05-04T16:17:00.930+0000] {dagbag.py:525} INFO - Filling up the DagBag from /home/airflow/.local/lib/python3.7/site-packages/airflow/example_dags/example_sla_dag.py
[2024-05-04T16:17:00.962+0000] {processor.py:768} INFO - DAG(s) dict_keys(['example_sla_dag']) retrieved from /home/airflow/.local/lib/python3.7/site-packages/airflow/example_dags/example_sla_dag.py
[2024-05-04T16:17:01.018+0000] {logging_mixin.py:117} INFO - [2024-05-04T16:17:01.018+0000] {dag.py:2573} INFO - Sync 1 DAGs
[2024-05-04T16:17:01.063+0000] {logging_mixin.py:117} INFO - [2024-05-04T16:17:01.063+0000] {dag.py:3328} INFO - Setting next_dagrun for example_sla_dag to 2024-05-04T16:14:00+00:00, run_after=2024-05-04T16:16:00+00:00
[2024-05-04T16:17:01.111+0000] {processor.py:178} INFO - Processing /home/airflow/.local/lib/python3.7/site-packages/airflow/example_dags/example_sla_dag.py took 0.186 seconds
[2024-05-04T16:17:31.229+0000] {processor.py:156} INFO - Started process (PID=8389) to work on /home/airflow/.local/lib/python3.7/site-packages/airflow/example_dags/example_sla_dag.py
[2024-05-04T16:17:31.230+0000] {processor.py:758} INFO - Processing file /home/airflow/.local/lib/python3.7/site-packages/airflow/example_dags/example_sla_dag.py for tasks to queue
[2024-05-04T16:17:31.230+0000] {logging_mixin.py:117} INFO - [2024-05-04T16:17:31.230+0000] {dagbag.py:525} INFO - Filling up the DagBag from /home/airflow/.local/lib/python3.7/site-packages/airflow/example_dags/example_sla_dag.py
[2024-05-04T16:17:31.250+0000] {processor.py:768} INFO - DAG(s) dict_keys(['example_sla_dag']) retrieved from /home/airflow/.local/lib/python3.7/site-packages/airflow/example_dags/example_sla_dag.py
[2024-05-04T16:17:31.282+0000] {logging_mixin.py:117} INFO - [2024-05-04T16:17:31.282+0000] {dag.py:2573} INFO - Sync 1 DAGs
[2024-05-04T16:17:31.307+0000] {logging_mixin.py:117} INFO - [2024-05-04T16:17:31.307+0000] {dag.py:3328} INFO - Setting next_dagrun for example_sla_dag to 2024-05-04T16:14:00+00:00, run_after=2024-05-04T16:16:00+00:00
[2024-05-04T16:17:31.331+0000] {processor.py:178} INFO - Processing /home/airflow/.local/lib/python3.7/site-packages/airflow/example_dags/example_sla_dag.py took 0.104 seconds
[2024-05-04T16:18:02.245+0000] {processor.py:156} INFO - Started process (PID=8593) to work on /home/airflow/.local/lib/python3.7/site-packages/airflow/example_dags/example_sla_dag.py
[2024-05-04T16:18:02.246+0000] {processor.py:758} INFO - Processing file /home/airflow/.local/lib/python3.7/site-packages/airflow/example_dags/example_sla_dag.py for tasks to queue
[2024-05-04T16:18:02.246+0000] {logging_mixin.py:117} INFO - [2024-05-04T16:18:02.246+0000] {dagbag.py:525} INFO - Filling up the DagBag from /home/airflow/.local/lib/python3.7/site-packages/airflow/example_dags/example_sla_dag.py
[2024-05-04T16:18:02.267+0000] {processor.py:768} INFO - DAG(s) dict_keys(['example_sla_dag']) retrieved from /home/airflow/.local/lib/python3.7/site-packages/airflow/example_dags/example_sla_dag.py
[2024-05-04T16:18:02.304+0000] {logging_mixin.py:117} INFO - [2024-05-04T16:18:02.304+0000] {dag.py:2573} INFO - Sync 1 DAGs
[2024-05-04T16:18:02.331+0000] {logging_mixin.py:117} INFO - [2024-05-04T16:18:02.331+0000] {dag.py:3328} INFO - Setting next_dagrun for example_sla_dag to 2024-05-04T16:16:00+00:00, run_after=2024-05-04T16:18:00+00:00
[2024-05-04T16:18:02.354+0000] {processor.py:178} INFO - Processing /home/airflow/.local/lib/python3.7/site-packages/airflow/example_dags/example_sla_dag.py took 0.112 seconds
[2024-05-04T16:18:32.637+0000] {processor.py:156} INFO - Started process (PID=8808) to work on /home/airflow/.local/lib/python3.7/site-packages/airflow/example_dags/example_sla_dag.py
[2024-05-04T16:18:32.638+0000] {processor.py:758} INFO - Processing file /home/airflow/.local/lib/python3.7/site-packages/airflow/example_dags/example_sla_dag.py for tasks to queue
[2024-05-04T16:18:32.638+0000] {logging_mixin.py:117} INFO - [2024-05-04T16:18:32.638+0000] {dagbag.py:525} INFO - Filling up the DagBag from /home/airflow/.local/lib/python3.7/site-packages/airflow/example_dags/example_sla_dag.py
[2024-05-04T16:18:32.667+0000] {processor.py:768} INFO - DAG(s) dict_keys(['example_sla_dag']) retrieved from /home/airflow/.local/lib/python3.7/site-packages/airflow/example_dags/example_sla_dag.py
[2024-05-04T16:18:32.706+0000] {logging_mixin.py:117} INFO - [2024-05-04T16:18:32.705+0000] {dag.py:2573} INFO - Sync 1 DAGs
[2024-05-04T16:18:32.728+0000] {logging_mixin.py:117} INFO - [2024-05-04T16:18:32.728+0000] {dag.py:3328} INFO - Setting next_dagrun for example_sla_dag to 2024-05-04T16:16:00+00:00, run_after=2024-05-04T16:18:00+00:00
[2024-05-04T16:18:32.751+0000] {processor.py:178} INFO - Processing /home/airflow/.local/lib/python3.7/site-packages/airflow/example_dags/example_sla_dag.py took 0.117 seconds
[2024-05-04T16:19:02.974+0000] {processor.py:156} INFO - Started process (PID=9026) to work on /home/airflow/.local/lib/python3.7/site-packages/airflow/example_dags/example_sla_dag.py
[2024-05-04T16:19:02.974+0000] {processor.py:758} INFO - Processing file /home/airflow/.local/lib/python3.7/site-packages/airflow/example_dags/example_sla_dag.py for tasks to queue
[2024-05-04T16:19:02.975+0000] {logging_mixin.py:117} INFO - [2024-05-04T16:19:02.975+0000] {dagbag.py:525} INFO - Filling up the DagBag from /home/airflow/.local/lib/python3.7/site-packages/airflow/example_dags/example_sla_dag.py
[2024-05-04T16:19:02.997+0000] {processor.py:768} INFO - DAG(s) dict_keys(['example_sla_dag']) retrieved from /home/airflow/.local/lib/python3.7/site-packages/airflow/example_dags/example_sla_dag.py
[2024-05-04T16:19:03.040+0000] {logging_mixin.py:117} INFO - [2024-05-04T16:19:03.040+0000] {dag.py:2573} INFO - Sync 1 DAGs
[2024-05-04T16:19:03.075+0000] {logging_mixin.py:117} INFO - [2024-05-04T16:19:03.074+0000] {dag.py:3328} INFO - Setting next_dagrun for example_sla_dag to 2024-05-04T16:16:00+00:00, run_after=2024-05-04T16:18:00+00:00
[2024-05-04T16:19:03.098+0000] {processor.py:178} INFO - Processing /home/airflow/.local/lib/python3.7/site-packages/airflow/example_dags/example_sla_dag.py took 0.127 seconds
[2024-05-04T16:19:33.680+0000] {processor.py:156} INFO - Started process (PID=9241) to work on /home/airflow/.local/lib/python3.7/site-packages/airflow/example_dags/example_sla_dag.py
[2024-05-04T16:19:33.680+0000] {processor.py:758} INFO - Processing file /home/airflow/.local/lib/python3.7/site-packages/airflow/example_dags/example_sla_dag.py for tasks to queue
[2024-05-04T16:19:33.681+0000] {logging_mixin.py:117} INFO - [2024-05-04T16:19:33.681+0000] {dagbag.py:525} INFO - Filling up the DagBag from /home/airflow/.local/lib/python3.7/site-packages/airflow/example_dags/example_sla_dag.py
[2024-05-04T16:19:33.707+0000] {processor.py:768} INFO - DAG(s) dict_keys(['example_sla_dag']) retrieved from /home/airflow/.local/lib/python3.7/site-packages/airflow/example_dags/example_sla_dag.py
[2024-05-04T16:19:33.744+0000] {logging_mixin.py:117} INFO - [2024-05-04T16:19:33.744+0000] {dag.py:2573} INFO - Sync 1 DAGs
[2024-05-04T16:19:33.775+0000] {logging_mixin.py:117} INFO - [2024-05-04T16:19:33.775+0000] {dag.py:3328} INFO - Setting next_dagrun for example_sla_dag to 2024-05-04T16:16:00+00:00, run_after=2024-05-04T16:18:00+00:00
[2024-05-04T16:19:33.797+0000] {processor.py:178} INFO - Processing /home/airflow/.local/lib/python3.7/site-packages/airflow/example_dags/example_sla_dag.py took 0.121 seconds
[2024-05-04T16:20:04.618+0000] {processor.py:156} INFO - Started process (PID=9442) to work on /home/airflow/.local/lib/python3.7/site-packages/airflow/example_dags/example_sla_dag.py
[2024-05-04T16:20:04.618+0000] {processor.py:758} INFO - Processing file /home/airflow/.local/lib/python3.7/site-packages/airflow/example_dags/example_sla_dag.py for tasks to queue
[2024-05-04T16:20:04.619+0000] {logging_mixin.py:117} INFO - [2024-05-04T16:20:04.619+0000] {dagbag.py:525} INFO - Filling up the DagBag from /home/airflow/.local/lib/python3.7/site-packages/airflow/example_dags/example_sla_dag.py
[2024-05-04T16:20:04.639+0000] {processor.py:768} INFO - DAG(s) dict_keys(['example_sla_dag']) retrieved from /home/airflow/.local/lib/python3.7/site-packages/airflow/example_dags/example_sla_dag.py
[2024-05-04T16:20:04.673+0000] {logging_mixin.py:117} INFO - [2024-05-04T16:20:04.673+0000] {dag.py:2573} INFO - Sync 1 DAGs
[2024-05-04T16:20:04.697+0000] {logging_mixin.py:117} INFO - [2024-05-04T16:20:04.697+0000] {dag.py:3328} INFO - Setting next_dagrun for example_sla_dag to 2024-05-04T16:18:00+00:00, run_after=2024-05-04T16:20:00+00:00
[2024-05-04T16:20:04.718+0000] {processor.py:178} INFO - Processing /home/airflow/.local/lib/python3.7/site-packages/airflow/example_dags/example_sla_dag.py took 0.103 seconds
[2024-05-04T16:20:35.098+0000] {processor.py:156} INFO - Started process (PID=9660) to work on /home/airflow/.local/lib/python3.7/site-packages/airflow/example_dags/example_sla_dag.py
[2024-05-04T16:20:35.099+0000] {processor.py:758} INFO - Processing file /home/airflow/.local/lib/python3.7/site-packages/airflow/example_dags/example_sla_dag.py for tasks to queue
[2024-05-04T16:20:35.100+0000] {logging_mixin.py:117} INFO - [2024-05-04T16:20:35.100+0000] {dagbag.py:525} INFO - Filling up the DagBag from /home/airflow/.local/lib/python3.7/site-packages/airflow/example_dags/example_sla_dag.py
[2024-05-04T16:20:35.165+0000] {processor.py:768} INFO - DAG(s) dict_keys(['example_sla_dag']) retrieved from /home/airflow/.local/lib/python3.7/site-packages/airflow/example_dags/example_sla_dag.py
[2024-05-04T16:20:35.224+0000] {logging_mixin.py:117} INFO - [2024-05-04T16:20:35.224+0000] {dag.py:2573} INFO - Sync 1 DAGs
[2024-05-04T16:20:35.280+0000] {logging_mixin.py:117} INFO - [2024-05-04T16:20:35.280+0000] {dag.py:3328} INFO - Setting next_dagrun for example_sla_dag to 2024-05-04T16:18:00+00:00, run_after=2024-05-04T16:20:00+00:00
[2024-05-04T16:20:35.308+0000] {processor.py:178} INFO - Processing /home/airflow/.local/lib/python3.7/site-packages/airflow/example_dags/example_sla_dag.py took 0.218 seconds
[2024-05-04T16:21:05.410+0000] {processor.py:156} INFO - Started process (PID=9875) to work on /home/airflow/.local/lib/python3.7/site-packages/airflow/example_dags/example_sla_dag.py
[2024-05-04T16:21:05.410+0000] {processor.py:758} INFO - Processing file /home/airflow/.local/lib/python3.7/site-packages/airflow/example_dags/example_sla_dag.py for tasks to queue
[2024-05-04T16:21:05.411+0000] {logging_mixin.py:117} INFO - [2024-05-04T16:21:05.411+0000] {dagbag.py:525} INFO - Filling up the DagBag from /home/airflow/.local/lib/python3.7/site-packages/airflow/example_dags/example_sla_dag.py
[2024-05-04T16:21:05.431+0000] {processor.py:768} INFO - DAG(s) dict_keys(['example_sla_dag']) retrieved from /home/airflow/.local/lib/python3.7/site-packages/airflow/example_dags/example_sla_dag.py
[2024-05-04T16:21:05.463+0000] {logging_mixin.py:117} INFO - [2024-05-04T16:21:05.462+0000] {dag.py:2573} INFO - Sync 1 DAGs
[2024-05-04T16:21:05.486+0000] {logging_mixin.py:117} INFO - [2024-05-04T16:21:05.485+0000] {dag.py:3328} INFO - Setting next_dagrun for example_sla_dag to 2024-05-04T16:18:00+00:00, run_after=2024-05-04T16:20:00+00:00
[2024-05-04T16:21:05.506+0000] {processor.py:178} INFO - Processing /home/airflow/.local/lib/python3.7/site-packages/airflow/example_dags/example_sla_dag.py took 0.099 seconds
[2024-05-04T16:21:35.651+0000] {processor.py:156} INFO - Started process (PID=10079) to work on /home/airflow/.local/lib/python3.7/site-packages/airflow/example_dags/example_sla_dag.py
[2024-05-04T16:21:35.652+0000] {processor.py:758} INFO - Processing file /home/airflow/.local/lib/python3.7/site-packages/airflow/example_dags/example_sla_dag.py for tasks to queue
[2024-05-04T16:21:35.652+0000] {logging_mixin.py:117} INFO - [2024-05-04T16:21:35.652+0000] {dagbag.py:525} INFO - Filling up the DagBag from /home/airflow/.local/lib/python3.7/site-packages/airflow/example_dags/example_sla_dag.py
[2024-05-04T16:21:35.673+0000] {processor.py:768} INFO - DAG(s) dict_keys(['example_sla_dag']) retrieved from /home/airflow/.local/lib/python3.7/site-packages/airflow/example_dags/example_sla_dag.py
[2024-05-04T16:21:35.707+0000] {logging_mixin.py:117} INFO - [2024-05-04T16:21:35.707+0000] {dag.py:2573} INFO - Sync 1 DAGs
[2024-05-04T16:21:35.730+0000] {logging_mixin.py:117} INFO - [2024-05-04T16:21:35.730+0000] {dag.py:3328} INFO - Setting next_dagrun for example_sla_dag to 2024-05-04T16:18:00+00:00, run_after=2024-05-04T16:20:00+00:00
[2024-05-04T16:21:35.749+0000] {processor.py:178} INFO - Processing /home/airflow/.local/lib/python3.7/site-packages/airflow/example_dags/example_sla_dag.py took 0.102 seconds
[2024-05-04T16:22:06.636+0000] {processor.py:156} INFO - Started process (PID=10295) to work on /home/airflow/.local/lib/python3.7/site-packages/airflow/example_dags/example_sla_dag.py
[2024-05-04T16:22:06.637+0000] {processor.py:758} INFO - Processing file /home/airflow/.local/lib/python3.7/site-packages/airflow/example_dags/example_sla_dag.py for tasks to queue
[2024-05-04T16:22:06.638+0000] {logging_mixin.py:117} INFO - [2024-05-04T16:22:06.638+0000] {dagbag.py:525} INFO - Filling up the DagBag from /home/airflow/.local/lib/python3.7/site-packages/airflow/example_dags/example_sla_dag.py
[2024-05-04T16:22:06.659+0000] {processor.py:768} INFO - DAG(s) dict_keys(['example_sla_dag']) retrieved from /home/airflow/.local/lib/python3.7/site-packages/airflow/example_dags/example_sla_dag.py
[2024-05-04T16:22:06.696+0000] {logging_mixin.py:117} INFO - [2024-05-04T16:22:06.695+0000] {dag.py:2573} INFO - Sync 1 DAGs
[2024-05-04T16:22:06.720+0000] {logging_mixin.py:117} INFO - [2024-05-04T16:22:06.720+0000] {dag.py:3328} INFO - Setting next_dagrun for example_sla_dag to 2024-05-04T16:20:00+00:00, run_after=2024-05-04T16:22:00+00:00
[2024-05-04T16:22:06.744+0000] {processor.py:178} INFO - Processing /home/airflow/.local/lib/python3.7/site-packages/airflow/example_dags/example_sla_dag.py took 0.111 seconds
[2024-05-04T16:22:37.430+0000] {processor.py:156} INFO - Started process (PID=10508) to work on /home/airflow/.local/lib/python3.7/site-packages/airflow/example_dags/example_sla_dag.py
[2024-05-04T16:22:37.431+0000] {processor.py:758} INFO - Processing file /home/airflow/.local/lib/python3.7/site-packages/airflow/example_dags/example_sla_dag.py for tasks to queue
[2024-05-04T16:22:37.432+0000] {logging_mixin.py:117} INFO - [2024-05-04T16:22:37.431+0000] {dagbag.py:525} INFO - Filling up the DagBag from /home/airflow/.local/lib/python3.7/site-packages/airflow/example_dags/example_sla_dag.py
[2024-05-04T16:22:37.460+0000] {processor.py:768} INFO - DAG(s) dict_keys(['example_sla_dag']) retrieved from /home/airflow/.local/lib/python3.7/site-packages/airflow/example_dags/example_sla_dag.py
[2024-05-04T16:22:37.510+0000] {logging_mixin.py:117} INFO - [2024-05-04T16:22:37.509+0000] {dag.py:2573} INFO - Sync 1 DAGs
[2024-05-04T16:22:37.547+0000] {logging_mixin.py:117} INFO - [2024-05-04T16:22:37.546+0000] {dag.py:3328} INFO - Setting next_dagrun for example_sla_dag to 2024-05-04T16:20:00+00:00, run_after=2024-05-04T16:22:00+00:00
[2024-05-04T16:22:37.602+0000] {processor.py:178} INFO - Processing /home/airflow/.local/lib/python3.7/site-packages/airflow/example_dags/example_sla_dag.py took 0.174 seconds
[2024-05-04T16:23:08.316+0000] {processor.py:156} INFO - Started process (PID=10721) to work on /home/airflow/.local/lib/python3.7/site-packages/airflow/example_dags/example_sla_dag.py
[2024-05-04T16:23:08.316+0000] {processor.py:758} INFO - Processing file /home/airflow/.local/lib/python3.7/site-packages/airflow/example_dags/example_sla_dag.py for tasks to queue
[2024-05-04T16:23:08.317+0000] {logging_mixin.py:117} INFO - [2024-05-04T16:23:08.317+0000] {dagbag.py:525} INFO - Filling up the DagBag from /home/airflow/.local/lib/python3.7/site-packages/airflow/example_dags/example_sla_dag.py
[2024-05-04T16:23:08.345+0000] {processor.py:768} INFO - DAG(s) dict_keys(['example_sla_dag']) retrieved from /home/airflow/.local/lib/python3.7/site-packages/airflow/example_dags/example_sla_dag.py
[2024-05-04T16:23:08.387+0000] {logging_mixin.py:117} INFO - [2024-05-04T16:23:08.387+0000] {dag.py:2573} INFO - Sync 1 DAGs
[2024-05-04T16:23:08.421+0000] {logging_mixin.py:117} INFO - [2024-05-04T16:23:08.420+0000] {dag.py:3328} INFO - Setting next_dagrun for example_sla_dag to 2024-05-04T16:20:00+00:00, run_after=2024-05-04T16:22:00+00:00
[2024-05-04T16:23:08.443+0000] {processor.py:178} INFO - Processing /home/airflow/.local/lib/python3.7/site-packages/airflow/example_dags/example_sla_dag.py took 0.131 seconds
[2024-05-04T16:23:39.106+0000] {processor.py:156} INFO - Started process (PID=10931) to work on /home/airflow/.local/lib/python3.7/site-packages/airflow/example_dags/example_sla_dag.py
[2024-05-04T16:23:39.107+0000] {processor.py:758} INFO - Processing file /home/airflow/.local/lib/python3.7/site-packages/airflow/example_dags/example_sla_dag.py for tasks to queue
[2024-05-04T16:23:39.108+0000] {logging_mixin.py:117} INFO - [2024-05-04T16:23:39.107+0000] {dagbag.py:525} INFO - Filling up the DagBag from /home/airflow/.local/lib/python3.7/site-packages/airflow/example_dags/example_sla_dag.py
[2024-05-04T16:23:39.136+0000] {processor.py:768} INFO - DAG(s) dict_keys(['example_sla_dag']) retrieved from /home/airflow/.local/lib/python3.7/site-packages/airflow/example_dags/example_sla_dag.py
[2024-05-04T16:23:39.184+0000] {logging_mixin.py:117} INFO - [2024-05-04T16:23:39.184+0000] {dag.py:2573} INFO - Sync 1 DAGs
[2024-05-04T16:23:39.220+0000] {logging_mixin.py:117} INFO - [2024-05-04T16:23:39.220+0000] {dag.py:3328} INFO - Setting next_dagrun for example_sla_dag to 2024-05-04T16:20:00+00:00, run_after=2024-05-04T16:22:00+00:00
[2024-05-04T16:23:39.255+0000] {processor.py:178} INFO - Processing /home/airflow/.local/lib/python3.7/site-packages/airflow/example_dags/example_sla_dag.py took 0.153 seconds
[2024-05-04T16:24:10.198+0000] {processor.py:156} INFO - Started process (PID=11138) to work on /home/airflow/.local/lib/python3.7/site-packages/airflow/example_dags/example_sla_dag.py
[2024-05-04T16:24:10.199+0000] {processor.py:758} INFO - Processing file /home/airflow/.local/lib/python3.7/site-packages/airflow/example_dags/example_sla_dag.py for tasks to queue
[2024-05-04T16:24:10.199+0000] {logging_mixin.py:117} INFO - [2024-05-04T16:24:10.199+0000] {dagbag.py:525} INFO - Filling up the DagBag from /home/airflow/.local/lib/python3.7/site-packages/airflow/example_dags/example_sla_dag.py
[2024-05-04T16:24:10.219+0000] {processor.py:768} INFO - DAG(s) dict_keys(['example_sla_dag']) retrieved from /home/airflow/.local/lib/python3.7/site-packages/airflow/example_dags/example_sla_dag.py
[2024-05-04T16:24:10.253+0000] {logging_mixin.py:117} INFO - [2024-05-04T16:24:10.252+0000] {dag.py:2573} INFO - Sync 1 DAGs
[2024-05-04T16:24:10.278+0000] {logging_mixin.py:117} INFO - [2024-05-04T16:24:10.278+0000] {dag.py:3328} INFO - Setting next_dagrun for example_sla_dag to 2024-05-04T16:22:00+00:00, run_after=2024-05-04T16:24:00+00:00
[2024-05-04T16:24:10.302+0000] {processor.py:178} INFO - Processing /home/airflow/.local/lib/python3.7/site-packages/airflow/example_dags/example_sla_dag.py took 0.107 seconds
[2024-05-04T16:24:40.816+0000] {processor.py:156} INFO - Started process (PID=11352) to work on /home/airflow/.local/lib/python3.7/site-packages/airflow/example_dags/example_sla_dag.py
[2024-05-04T16:24:40.816+0000] {processor.py:758} INFO - Processing file /home/airflow/.local/lib/python3.7/site-packages/airflow/example_dags/example_sla_dag.py for tasks to queue
[2024-05-04T16:24:40.817+0000] {logging_mixin.py:117} INFO - [2024-05-04T16:24:40.817+0000] {dagbag.py:525} INFO - Filling up the DagBag from /home/airflow/.local/lib/python3.7/site-packages/airflow/example_dags/example_sla_dag.py
[2024-05-04T16:24:40.848+0000] {processor.py:768} INFO - DAG(s) dict_keys(['example_sla_dag']) retrieved from /home/airflow/.local/lib/python3.7/site-packages/airflow/example_dags/example_sla_dag.py
[2024-05-04T16:24:40.889+0000] {logging_mixin.py:117} INFO - [2024-05-04T16:24:40.889+0000] {dag.py:2573} INFO - Sync 1 DAGs
[2024-05-04T16:24:40.917+0000] {logging_mixin.py:117} INFO - [2024-05-04T16:24:40.917+0000] {dag.py:3328} INFO - Setting next_dagrun for example_sla_dag to 2024-05-04T16:22:00+00:00, run_after=2024-05-04T16:24:00+00:00
[2024-05-04T16:24:40.942+0000] {processor.py:178} INFO - Processing /home/airflow/.local/lib/python3.7/site-packages/airflow/example_dags/example_sla_dag.py took 0.129 seconds
[2024-05-04T16:25:11.687+0000] {processor.py:156} INFO - Started process (PID=11565) to work on /home/airflow/.local/lib/python3.7/site-packages/airflow/example_dags/example_sla_dag.py
[2024-05-04T16:25:11.687+0000] {processor.py:758} INFO - Processing file /home/airflow/.local/lib/python3.7/site-packages/airflow/example_dags/example_sla_dag.py for tasks to queue
[2024-05-04T16:25:11.688+0000] {logging_mixin.py:117} INFO - [2024-05-04T16:25:11.688+0000] {dagbag.py:525} INFO - Filling up the DagBag from /home/airflow/.local/lib/python3.7/site-packages/airflow/example_dags/example_sla_dag.py
[2024-05-04T16:25:11.716+0000] {processor.py:768} INFO - DAG(s) dict_keys(['example_sla_dag']) retrieved from /home/airflow/.local/lib/python3.7/site-packages/airflow/example_dags/example_sla_dag.py
[2024-05-04T16:25:11.757+0000] {logging_mixin.py:117} INFO - [2024-05-04T16:25:11.757+0000] {dag.py:2573} INFO - Sync 1 DAGs
[2024-05-04T16:25:11.785+0000] {logging_mixin.py:117} INFO - [2024-05-04T16:25:11.785+0000] {dag.py:3328} INFO - Setting next_dagrun for example_sla_dag to 2024-05-04T16:22:00+00:00, run_after=2024-05-04T16:24:00+00:00
[2024-05-04T16:25:11.809+0000] {processor.py:178} INFO - Processing /home/airflow/.local/lib/python3.7/site-packages/airflow/example_dags/example_sla_dag.py took 0.125 seconds
[2024-05-04T16:25:42.756+0000] {processor.py:156} INFO - Started process (PID=11779) to work on /home/airflow/.local/lib/python3.7/site-packages/airflow/example_dags/example_sla_dag.py
[2024-05-04T16:25:42.756+0000] {processor.py:758} INFO - Processing file /home/airflow/.local/lib/python3.7/site-packages/airflow/example_dags/example_sla_dag.py for tasks to queue
[2024-05-04T16:25:42.757+0000] {logging_mixin.py:117} INFO - [2024-05-04T16:25:42.757+0000] {dagbag.py:525} INFO - Filling up the DagBag from /home/airflow/.local/lib/python3.7/site-packages/airflow/example_dags/example_sla_dag.py
[2024-05-04T16:25:42.781+0000] {processor.py:768} INFO - DAG(s) dict_keys(['example_sla_dag']) retrieved from /home/airflow/.local/lib/python3.7/site-packages/airflow/example_dags/example_sla_dag.py
[2024-05-04T16:25:42.822+0000] {logging_mixin.py:117} INFO - [2024-05-04T16:25:42.822+0000] {dag.py:2573} INFO - Sync 1 DAGs
[2024-05-04T16:25:42.847+0000] {logging_mixin.py:117} INFO - [2024-05-04T16:25:42.847+0000] {dag.py:3328} INFO - Setting next_dagrun for example_sla_dag to 2024-05-04T16:22:00+00:00, run_after=2024-05-04T16:24:00+00:00
[2024-05-04T16:25:42.870+0000] {processor.py:178} INFO - Processing /home/airflow/.local/lib/python3.7/site-packages/airflow/example_dags/example_sla_dag.py took 0.118 seconds
[2024-05-04T16:26:12.978+0000] {processor.py:156} INFO - Started process (PID=11989) to work on /home/airflow/.local/lib/python3.7/site-packages/airflow/example_dags/example_sla_dag.py
[2024-05-04T16:26:12.979+0000] {processor.py:758} INFO - Processing file /home/airflow/.local/lib/python3.7/site-packages/airflow/example_dags/example_sla_dag.py for tasks to queue
[2024-05-04T16:26:12.979+0000] {logging_mixin.py:117} INFO - [2024-05-04T16:26:12.979+0000] {dagbag.py:525} INFO - Filling up the DagBag from /home/airflow/.local/lib/python3.7/site-packages/airflow/example_dags/example_sla_dag.py
[2024-05-04T16:26:13.007+0000] {processor.py:768} INFO - DAG(s) dict_keys(['example_sla_dag']) retrieved from /home/airflow/.local/lib/python3.7/site-packages/airflow/example_dags/example_sla_dag.py
[2024-05-04T16:26:13.047+0000] {logging_mixin.py:117} INFO - [2024-05-04T16:26:13.047+0000] {dag.py:2573} INFO - Sync 1 DAGs
[2024-05-04T16:26:13.074+0000] {logging_mixin.py:117} INFO - [2024-05-04T16:26:13.074+0000] {dag.py:3328} INFO - Setting next_dagrun for example_sla_dag to 2024-05-04T16:24:00+00:00, run_after=2024-05-04T16:26:00+00:00
[2024-05-04T16:26:13.096+0000] {processor.py:178} INFO - Processing /home/airflow/.local/lib/python3.7/site-packages/airflow/example_dags/example_sla_dag.py took 0.121 seconds
[2024-05-04T16:26:43.284+0000] {processor.py:156} INFO - Started process (PID=12202) to work on /home/airflow/.local/lib/python3.7/site-packages/airflow/example_dags/example_sla_dag.py
[2024-05-04T16:26:43.285+0000] {processor.py:758} INFO - Processing file /home/airflow/.local/lib/python3.7/site-packages/airflow/example_dags/example_sla_dag.py for tasks to queue
[2024-05-04T16:26:43.285+0000] {logging_mixin.py:117} INFO - [2024-05-04T16:26:43.285+0000] {dagbag.py:525} INFO - Filling up the DagBag from /home/airflow/.local/lib/python3.7/site-packages/airflow/example_dags/example_sla_dag.py
[2024-05-04T16:26:43.313+0000] {processor.py:768} INFO - DAG(s) dict_keys(['example_sla_dag']) retrieved from /home/airflow/.local/lib/python3.7/site-packages/airflow/example_dags/example_sla_dag.py
[2024-05-04T16:26:43.365+0000] {logging_mixin.py:117} INFO - [2024-05-04T16:26:43.365+0000] {dag.py:2573} INFO - Sync 1 DAGs
[2024-05-04T16:26:43.416+0000] {logging_mixin.py:117} INFO - [2024-05-04T16:26:43.416+0000] {dag.py:3328} INFO - Setting next_dagrun for example_sla_dag to 2024-05-04T16:24:00+00:00, run_after=2024-05-04T16:26:00+00:00
[2024-05-04T16:26:43.449+0000] {processor.py:178} INFO - Processing /home/airflow/.local/lib/python3.7/site-packages/airflow/example_dags/example_sla_dag.py took 0.169 seconds
[2024-05-04T16:27:13.566+0000] {processor.py:156} INFO - Started process (PID=12413) to work on /home/airflow/.local/lib/python3.7/site-packages/airflow/example_dags/example_sla_dag.py
[2024-05-04T16:27:13.567+0000] {processor.py:758} INFO - Processing file /home/airflow/.local/lib/python3.7/site-packages/airflow/example_dags/example_sla_dag.py for tasks to queue
[2024-05-04T16:27:13.567+0000] {logging_mixin.py:117} INFO - [2024-05-04T16:27:13.567+0000] {dagbag.py:525} INFO - Filling up the DagBag from /home/airflow/.local/lib/python3.7/site-packages/airflow/example_dags/example_sla_dag.py
[2024-05-04T16:27:13.589+0000] {processor.py:768} INFO - DAG(s) dict_keys(['example_sla_dag']) retrieved from /home/airflow/.local/lib/python3.7/site-packages/airflow/example_dags/example_sla_dag.py
[2024-05-04T16:27:13.624+0000] {logging_mixin.py:117} INFO - [2024-05-04T16:27:13.624+0000] {dag.py:2573} INFO - Sync 1 DAGs
[2024-05-04T16:27:13.648+0000] {logging_mixin.py:117} INFO - [2024-05-04T16:27:13.648+0000] {dag.py:3328} INFO - Setting next_dagrun for example_sla_dag to 2024-05-04T16:24:00+00:00, run_after=2024-05-04T16:26:00+00:00
[2024-05-04T16:27:13.668+0000] {processor.py:178} INFO - Processing /home/airflow/.local/lib/python3.7/site-packages/airflow/example_dags/example_sla_dag.py took 0.105 seconds
[2024-05-04T16:27:44.540+0000] {processor.py:156} INFO - Started process (PID=12623) to work on /home/airflow/.local/lib/python3.7/site-packages/airflow/example_dags/example_sla_dag.py
[2024-05-04T16:27:44.541+0000] {processor.py:758} INFO - Processing file /home/airflow/.local/lib/python3.7/site-packages/airflow/example_dags/example_sla_dag.py for tasks to queue
[2024-05-04T16:27:44.543+0000] {logging_mixin.py:117} INFO - [2024-05-04T16:27:44.542+0000] {dagbag.py:525} INFO - Filling up the DagBag from /home/airflow/.local/lib/python3.7/site-packages/airflow/example_dags/example_sla_dag.py
[2024-05-04T16:27:44.572+0000] {processor.py:768} INFO - DAG(s) dict_keys(['example_sla_dag']) retrieved from /home/airflow/.local/lib/python3.7/site-packages/airflow/example_dags/example_sla_dag.py
[2024-05-04T16:27:44.625+0000] {logging_mixin.py:117} INFO - [2024-05-04T16:27:44.625+0000] {dag.py:2573} INFO - Sync 1 DAGs
[2024-05-04T16:27:44.660+0000] {logging_mixin.py:117} INFO - [2024-05-04T16:27:44.660+0000] {dag.py:3328} INFO - Setting next_dagrun for example_sla_dag to 2024-05-04T16:24:00+00:00, run_after=2024-05-04T16:26:00+00:00
[2024-05-04T16:27:44.689+0000] {processor.py:178} INFO - Processing /home/airflow/.local/lib/python3.7/site-packages/airflow/example_dags/example_sla_dag.py took 0.152 seconds
[2024-05-04T16:28:14.929+0000] {processor.py:156} INFO - Started process (PID=12830) to work on /home/airflow/.local/lib/python3.7/site-packages/airflow/example_dags/example_sla_dag.py
[2024-05-04T16:28:14.930+0000] {processor.py:758} INFO - Processing file /home/airflow/.local/lib/python3.7/site-packages/airflow/example_dags/example_sla_dag.py for tasks to queue
[2024-05-04T16:28:14.930+0000] {logging_mixin.py:117} INFO - [2024-05-04T16:28:14.930+0000] {dagbag.py:525} INFO - Filling up the DagBag from /home/airflow/.local/lib/python3.7/site-packages/airflow/example_dags/example_sla_dag.py
[2024-05-04T16:28:14.951+0000] {processor.py:768} INFO - DAG(s) dict_keys(['example_sla_dag']) retrieved from /home/airflow/.local/lib/python3.7/site-packages/airflow/example_dags/example_sla_dag.py
[2024-05-04T16:28:14.997+0000] {logging_mixin.py:117} INFO - [2024-05-04T16:28:14.997+0000] {dag.py:2573} INFO - Sync 1 DAGs
[2024-05-04T16:28:15.029+0000] {logging_mixin.py:117} INFO - [2024-05-04T16:28:15.028+0000] {dag.py:3328} INFO - Setting next_dagrun for example_sla_dag to 2024-05-04T16:26:00+00:00, run_after=2024-05-04T16:28:00+00:00
[2024-05-04T16:28:15.055+0000] {processor.py:178} INFO - Processing /home/airflow/.local/lib/python3.7/site-packages/airflow/example_dags/example_sla_dag.py took 0.129 seconds
[2024-05-04T16:28:46.195+0000] {processor.py:156} INFO - Started process (PID=13043) to work on /home/airflow/.local/lib/python3.7/site-packages/airflow/example_dags/example_sla_dag.py
[2024-05-04T16:28:46.196+0000] {processor.py:758} INFO - Processing file /home/airflow/.local/lib/python3.7/site-packages/airflow/example_dags/example_sla_dag.py for tasks to queue
[2024-05-04T16:28:46.196+0000] {logging_mixin.py:117} INFO - [2024-05-04T16:28:46.196+0000] {dagbag.py:525} INFO - Filling up the DagBag from /home/airflow/.local/lib/python3.7/site-packages/airflow/example_dags/example_sla_dag.py
[2024-05-04T16:28:46.217+0000] {processor.py:768} INFO - DAG(s) dict_keys(['example_sla_dag']) retrieved from /home/airflow/.local/lib/python3.7/site-packages/airflow/example_dags/example_sla_dag.py
[2024-05-04T16:28:46.251+0000] {logging_mixin.py:117} INFO - [2024-05-04T16:28:46.250+0000] {dag.py:2573} INFO - Sync 1 DAGs
[2024-05-04T16:28:46.274+0000] {logging_mixin.py:117} INFO - [2024-05-04T16:28:46.273+0000] {dag.py:3328} INFO - Setting next_dagrun for example_sla_dag to 2024-05-04T16:26:00+00:00, run_after=2024-05-04T16:28:00+00:00
[2024-05-04T16:28:46.295+0000] {processor.py:178} INFO - Processing /home/airflow/.local/lib/python3.7/site-packages/airflow/example_dags/example_sla_dag.py took 0.103 seconds
[2024-05-04T16:29:17.023+0000] {processor.py:156} INFO - Started process (PID=13257) to work on /home/airflow/.local/lib/python3.7/site-packages/airflow/example_dags/example_sla_dag.py
[2024-05-04T16:29:17.024+0000] {processor.py:758} INFO - Processing file /home/airflow/.local/lib/python3.7/site-packages/airflow/example_dags/example_sla_dag.py for tasks to queue
[2024-05-04T16:29:17.024+0000] {logging_mixin.py:117} INFO - [2024-05-04T16:29:17.024+0000] {dagbag.py:525} INFO - Filling up the DagBag from /home/airflow/.local/lib/python3.7/site-packages/airflow/example_dags/example_sla_dag.py
[2024-05-04T16:29:17.053+0000] {processor.py:768} INFO - DAG(s) dict_keys(['example_sla_dag']) retrieved from /home/airflow/.local/lib/python3.7/site-packages/airflow/example_dags/example_sla_dag.py
[2024-05-04T16:29:17.089+0000] {logging_mixin.py:117} INFO - [2024-05-04T16:29:17.089+0000] {dag.py:2573} INFO - Sync 1 DAGs
[2024-05-04T16:29:17.120+0000] {logging_mixin.py:117} INFO - [2024-05-04T16:29:17.120+0000] {dag.py:3328} INFO - Setting next_dagrun for example_sla_dag to 2024-05-04T16:26:00+00:00, run_after=2024-05-04T16:28:00+00:00
[2024-05-04T16:29:17.142+0000] {processor.py:178} INFO - Processing /home/airflow/.local/lib/python3.7/site-packages/airflow/example_dags/example_sla_dag.py took 0.122 seconds
[2024-05-04T16:29:47.862+0000] {processor.py:156} INFO - Started process (PID=13477) to work on /home/airflow/.local/lib/python3.7/site-packages/airflow/example_dags/example_sla_dag.py
[2024-05-04T16:29:47.863+0000] {processor.py:758} INFO - Processing file /home/airflow/.local/lib/python3.7/site-packages/airflow/example_dags/example_sla_dag.py for tasks to queue
[2024-05-04T16:29:47.863+0000] {logging_mixin.py:117} INFO - [2024-05-04T16:29:47.863+0000] {dagbag.py:525} INFO - Filling up the DagBag from /home/airflow/.local/lib/python3.7/site-packages/airflow/example_dags/example_sla_dag.py
[2024-05-04T16:29:47.891+0000] {processor.py:768} INFO - DAG(s) dict_keys(['example_sla_dag']) retrieved from /home/airflow/.local/lib/python3.7/site-packages/airflow/example_dags/example_sla_dag.py
[2024-05-04T16:29:47.936+0000] {logging_mixin.py:117} INFO - [2024-05-04T16:29:47.935+0000] {dag.py:2573} INFO - Sync 1 DAGs
[2024-05-04T16:29:47.965+0000] {logging_mixin.py:117} INFO - [2024-05-04T16:29:47.964+0000] {dag.py:3328} INFO - Setting next_dagrun for example_sla_dag to 2024-05-04T16:26:00+00:00, run_after=2024-05-04T16:28:00+00:00
[2024-05-04T16:29:47.990+0000] {processor.py:178} INFO - Processing /home/airflow/.local/lib/python3.7/site-packages/airflow/example_dags/example_sla_dag.py took 0.131 seconds
[2024-05-04T16:30:18.658+0000] {processor.py:156} INFO - Started process (PID=13684) to work on /home/airflow/.local/lib/python3.7/site-packages/airflow/example_dags/example_sla_dag.py
[2024-05-04T16:30:18.659+0000] {processor.py:758} INFO - Processing file /home/airflow/.local/lib/python3.7/site-packages/airflow/example_dags/example_sla_dag.py for tasks to queue
[2024-05-04T16:30:18.659+0000] {logging_mixin.py:117} INFO - [2024-05-04T16:30:18.659+0000] {dagbag.py:525} INFO - Filling up the DagBag from /home/airflow/.local/lib/python3.7/site-packages/airflow/example_dags/example_sla_dag.py
[2024-05-04T16:30:18.679+0000] {processor.py:768} INFO - DAG(s) dict_keys(['example_sla_dag']) retrieved from /home/airflow/.local/lib/python3.7/site-packages/airflow/example_dags/example_sla_dag.py
[2024-05-04T16:30:18.721+0000] {logging_mixin.py:117} INFO - [2024-05-04T16:30:18.721+0000] {dag.py:2573} INFO - Sync 1 DAGs
[2024-05-04T16:30:18.751+0000] {logging_mixin.py:117} INFO - [2024-05-04T16:30:18.751+0000] {dag.py:3328} INFO - Setting next_dagrun for example_sla_dag to 2024-05-04T16:28:00+00:00, run_after=2024-05-04T16:30:00+00:00
[2024-05-04T16:30:18.775+0000] {processor.py:178} INFO - Processing /home/airflow/.local/lib/python3.7/site-packages/airflow/example_dags/example_sla_dag.py took 0.120 seconds
[2024-05-04T16:30:49.289+0000] {processor.py:156} INFO - Started process (PID=13897) to work on /home/airflow/.local/lib/python3.7/site-packages/airflow/example_dags/example_sla_dag.py
[2024-05-04T16:30:49.290+0000] {processor.py:758} INFO - Processing file /home/airflow/.local/lib/python3.7/site-packages/airflow/example_dags/example_sla_dag.py for tasks to queue
[2024-05-04T16:30:49.290+0000] {logging_mixin.py:117} INFO - [2024-05-04T16:30:49.290+0000] {dagbag.py:525} INFO - Filling up the DagBag from /home/airflow/.local/lib/python3.7/site-packages/airflow/example_dags/example_sla_dag.py
[2024-05-04T16:30:49.311+0000] {processor.py:768} INFO - DAG(s) dict_keys(['example_sla_dag']) retrieved from /home/airflow/.local/lib/python3.7/site-packages/airflow/example_dags/example_sla_dag.py
[2024-05-04T16:30:49.349+0000] {logging_mixin.py:117} INFO - [2024-05-04T16:30:49.349+0000] {dag.py:2573} INFO - Sync 1 DAGs
[2024-05-04T16:30:49.382+0000] {logging_mixin.py:117} INFO - [2024-05-04T16:30:49.382+0000] {dag.py:3328} INFO - Setting next_dagrun for example_sla_dag to 2024-05-04T16:28:00+00:00, run_after=2024-05-04T16:30:00+00:00
[2024-05-04T16:30:49.411+0000] {processor.py:178} INFO - Processing /home/airflow/.local/lib/python3.7/site-packages/airflow/example_dags/example_sla_dag.py took 0.124 seconds
[2024-05-04T16:31:20.173+0000] {processor.py:156} INFO - Started process (PID=14114) to work on /home/airflow/.local/lib/python3.7/site-packages/airflow/example_dags/example_sla_dag.py
[2024-05-04T16:31:20.174+0000] {processor.py:758} INFO - Processing file /home/airflow/.local/lib/python3.7/site-packages/airflow/example_dags/example_sla_dag.py for tasks to queue
[2024-05-04T16:31:20.175+0000] {logging_mixin.py:117} INFO - [2024-05-04T16:31:20.174+0000] {dagbag.py:525} INFO - Filling up the DagBag from /home/airflow/.local/lib/python3.7/site-packages/airflow/example_dags/example_sla_dag.py
[2024-05-04T16:31:20.203+0000] {processor.py:768} INFO - DAG(s) dict_keys(['example_sla_dag']) retrieved from /home/airflow/.local/lib/python3.7/site-packages/airflow/example_dags/example_sla_dag.py
[2024-05-04T16:31:20.250+0000] {logging_mixin.py:117} INFO - [2024-05-04T16:31:20.250+0000] {dag.py:2573} INFO - Sync 1 DAGs
[2024-05-04T16:31:20.280+0000] {logging_mixin.py:117} INFO - [2024-05-04T16:31:20.280+0000] {dag.py:3328} INFO - Setting next_dagrun for example_sla_dag to 2024-05-04T16:28:00+00:00, run_after=2024-05-04T16:30:00+00:00
[2024-05-04T16:31:20.301+0000] {processor.py:178} INFO - Processing /home/airflow/.local/lib/python3.7/site-packages/airflow/example_dags/example_sla_dag.py took 0.132 seconds
[2024-05-04T16:31:50.784+0000] {processor.py:156} INFO - Started process (PID=14328) to work on /home/airflow/.local/lib/python3.7/site-packages/airflow/example_dags/example_sla_dag.py
[2024-05-04T16:31:50.785+0000] {processor.py:758} INFO - Processing file /home/airflow/.local/lib/python3.7/site-packages/airflow/example_dags/example_sla_dag.py for tasks to queue
[2024-05-04T16:31:50.786+0000] {logging_mixin.py:117} INFO - [2024-05-04T16:31:50.786+0000] {dagbag.py:525} INFO - Filling up the DagBag from /home/airflow/.local/lib/python3.7/site-packages/airflow/example_dags/example_sla_dag.py
[2024-05-04T16:31:50.814+0000] {processor.py:768} INFO - DAG(s) dict_keys(['example_sla_dag']) retrieved from /home/airflow/.local/lib/python3.7/site-packages/airflow/example_dags/example_sla_dag.py
[2024-05-04T16:31:50.862+0000] {logging_mixin.py:117} INFO - [2024-05-04T16:31:50.862+0000] {dag.py:2573} INFO - Sync 1 DAGs
[2024-05-04T16:31:50.897+0000] {logging_mixin.py:117} INFO - [2024-05-04T16:31:50.897+0000] {dag.py:3328} INFO - Setting next_dagrun for example_sla_dag to 2024-05-04T16:28:00+00:00, run_after=2024-05-04T16:30:00+00:00
[2024-05-04T16:31:50.921+0000] {processor.py:178} INFO - Processing /home/airflow/.local/lib/python3.7/site-packages/airflow/example_dags/example_sla_dag.py took 0.140 seconds
[2024-05-04T16:32:21.825+0000] {processor.py:156} INFO - Started process (PID=14534) to work on /home/airflow/.local/lib/python3.7/site-packages/airflow/example_dags/example_sla_dag.py
[2024-05-04T16:32:21.827+0000] {processor.py:758} INFO - Processing file /home/airflow/.local/lib/python3.7/site-packages/airflow/example_dags/example_sla_dag.py for tasks to queue
[2024-05-04T16:32:21.827+0000] {logging_mixin.py:117} INFO - [2024-05-04T16:32:21.827+0000] {dagbag.py:525} INFO - Filling up the DagBag from /home/airflow/.local/lib/python3.7/site-packages/airflow/example_dags/example_sla_dag.py
[2024-05-04T16:32:21.857+0000] {processor.py:768} INFO - DAG(s) dict_keys(['example_sla_dag']) retrieved from /home/airflow/.local/lib/python3.7/site-packages/airflow/example_dags/example_sla_dag.py
[2024-05-04T16:32:21.962+0000] {logging_mixin.py:117} INFO - [2024-05-04T16:32:21.962+0000] {dag.py:2573} INFO - Sync 1 DAGs
[2024-05-04T16:32:22.008+0000] {logging_mixin.py:117} INFO - [2024-05-04T16:32:22.008+0000] {dag.py:3328} INFO - Setting next_dagrun for example_sla_dag to 2024-05-04T16:30:00+00:00, run_after=2024-05-04T16:32:00+00:00
[2024-05-04T16:32:22.041+0000] {processor.py:178} INFO - Processing /home/airflow/.local/lib/python3.7/site-packages/airflow/example_dags/example_sla_dag.py took 0.220 seconds
[2024-05-04T16:32:52.179+0000] {processor.py:156} INFO - Started process (PID=14748) to work on /home/airflow/.local/lib/python3.7/site-packages/airflow/example_dags/example_sla_dag.py
[2024-05-04T16:32:52.180+0000] {processor.py:758} INFO - Processing file /home/airflow/.local/lib/python3.7/site-packages/airflow/example_dags/example_sla_dag.py for tasks to queue
[2024-05-04T16:32:52.180+0000] {logging_mixin.py:117} INFO - [2024-05-04T16:32:52.180+0000] {dagbag.py:525} INFO - Filling up the DagBag from /home/airflow/.local/lib/python3.7/site-packages/airflow/example_dags/example_sla_dag.py
[2024-05-04T16:32:52.211+0000] {processor.py:768} INFO - DAG(s) dict_keys(['example_sla_dag']) retrieved from /home/airflow/.local/lib/python3.7/site-packages/airflow/example_dags/example_sla_dag.py
[2024-05-04T16:32:52.258+0000] {logging_mixin.py:117} INFO - [2024-05-04T16:32:52.258+0000] {dag.py:2573} INFO - Sync 1 DAGs
[2024-05-04T16:32:52.294+0000] {logging_mixin.py:117} INFO - [2024-05-04T16:32:52.294+0000] {dag.py:3328} INFO - Setting next_dagrun for example_sla_dag to 2024-05-04T16:30:00+00:00, run_after=2024-05-04T16:32:00+00:00
[2024-05-04T16:32:52.320+0000] {processor.py:178} INFO - Processing /home/airflow/.local/lib/python3.7/site-packages/airflow/example_dags/example_sla_dag.py took 0.145 seconds
[2024-05-04T16:33:22.420+0000] {processor.py:156} INFO - Started process (PID=14961) to work on /home/airflow/.local/lib/python3.7/site-packages/airflow/example_dags/example_sla_dag.py
[2024-05-04T16:33:22.421+0000] {processor.py:758} INFO - Processing file /home/airflow/.local/lib/python3.7/site-packages/airflow/example_dags/example_sla_dag.py for tasks to queue
[2024-05-04T16:33:22.421+0000] {logging_mixin.py:117} INFO - [2024-05-04T16:33:22.421+0000] {dagbag.py:525} INFO - Filling up the DagBag from /home/airflow/.local/lib/python3.7/site-packages/airflow/example_dags/example_sla_dag.py
[2024-05-04T16:33:22.450+0000] {processor.py:768} INFO - DAG(s) dict_keys(['example_sla_dag']) retrieved from /home/airflow/.local/lib/python3.7/site-packages/airflow/example_dags/example_sla_dag.py
[2024-05-04T16:33:22.492+0000] {logging_mixin.py:117} INFO - [2024-05-04T16:33:22.492+0000] {dag.py:2573} INFO - Sync 1 DAGs
[2024-05-04T16:33:22.518+0000] {logging_mixin.py:117} INFO - [2024-05-04T16:33:22.517+0000] {dag.py:3328} INFO - Setting next_dagrun for example_sla_dag to 2024-05-04T16:30:00+00:00, run_after=2024-05-04T16:32:00+00:00
[2024-05-04T16:33:22.538+0000] {processor.py:178} INFO - Processing /home/airflow/.local/lib/python3.7/site-packages/airflow/example_dags/example_sla_dag.py took 0.121 seconds
[2024-05-04T16:33:52.740+0000] {processor.py:156} INFO - Started process (PID=15163) to work on /home/airflow/.local/lib/python3.7/site-packages/airflow/example_dags/example_sla_dag.py
[2024-05-04T16:33:52.740+0000] {processor.py:758} INFO - Processing file /home/airflow/.local/lib/python3.7/site-packages/airflow/example_dags/example_sla_dag.py for tasks to queue
[2024-05-04T16:33:52.741+0000] {logging_mixin.py:117} INFO - [2024-05-04T16:33:52.741+0000] {dagbag.py:525} INFO - Filling up the DagBag from /home/airflow/.local/lib/python3.7/site-packages/airflow/example_dags/example_sla_dag.py
[2024-05-04T16:33:52.765+0000] {processor.py:768} INFO - DAG(s) dict_keys(['example_sla_dag']) retrieved from /home/airflow/.local/lib/python3.7/site-packages/airflow/example_dags/example_sla_dag.py
[2024-05-04T16:33:52.814+0000] {logging_mixin.py:117} INFO - [2024-05-04T16:33:52.814+0000] {dag.py:2573} INFO - Sync 1 DAGs
[2024-05-04T16:33:52.850+0000] {logging_mixin.py:117} INFO - [2024-05-04T16:33:52.850+0000] {dag.py:3328} INFO - Setting next_dagrun for example_sla_dag to 2024-05-04T16:30:00+00:00, run_after=2024-05-04T16:32:00+00:00
[2024-05-04T16:33:52.874+0000] {processor.py:178} INFO - Processing /home/airflow/.local/lib/python3.7/site-packages/airflow/example_dags/example_sla_dag.py took 0.138 seconds
[2024-05-04T16:34:23.648+0000] {processor.py:156} INFO - Started process (PID=15376) to work on /home/airflow/.local/lib/python3.7/site-packages/airflow/example_dags/example_sla_dag.py
[2024-05-04T16:34:23.649+0000] {processor.py:758} INFO - Processing file /home/airflow/.local/lib/python3.7/site-packages/airflow/example_dags/example_sla_dag.py for tasks to queue
[2024-05-04T16:34:23.649+0000] {logging_mixin.py:117} INFO - [2024-05-04T16:34:23.649+0000] {dagbag.py:525} INFO - Filling up the DagBag from /home/airflow/.local/lib/python3.7/site-packages/airflow/example_dags/example_sla_dag.py
[2024-05-04T16:34:23.676+0000] {processor.py:768} INFO - DAG(s) dict_keys(['example_sla_dag']) retrieved from /home/airflow/.local/lib/python3.7/site-packages/airflow/example_dags/example_sla_dag.py
[2024-05-04T16:34:23.715+0000] {logging_mixin.py:117} INFO - [2024-05-04T16:34:23.715+0000] {dag.py:2573} INFO - Sync 1 DAGs
[2024-05-04T16:34:23.747+0000] {logging_mixin.py:117} INFO - [2024-05-04T16:34:23.747+0000] {dag.py:3328} INFO - Setting next_dagrun for example_sla_dag to 2024-05-04T16:32:00+00:00, run_after=2024-05-04T16:34:00+00:00
[2024-05-04T16:34:23.769+0000] {processor.py:178} INFO - Processing /home/airflow/.local/lib/python3.7/site-packages/airflow/example_dags/example_sla_dag.py took 0.125 seconds
[2024-05-04T16:34:54.375+0000] {processor.py:156} INFO - Started process (PID=15589) to work on /home/airflow/.local/lib/python3.7/site-packages/airflow/example_dags/example_sla_dag.py
[2024-05-04T16:34:54.375+0000] {processor.py:758} INFO - Processing file /home/airflow/.local/lib/python3.7/site-packages/airflow/example_dags/example_sla_dag.py for tasks to queue
[2024-05-04T16:34:54.376+0000] {logging_mixin.py:117} INFO - [2024-05-04T16:34:54.376+0000] {dagbag.py:525} INFO - Filling up the DagBag from /home/airflow/.local/lib/python3.7/site-packages/airflow/example_dags/example_sla_dag.py
[2024-05-04T16:34:54.404+0000] {processor.py:768} INFO - DAG(s) dict_keys(['example_sla_dag']) retrieved from /home/airflow/.local/lib/python3.7/site-packages/airflow/example_dags/example_sla_dag.py
[2024-05-04T16:34:54.448+0000] {logging_mixin.py:117} INFO - [2024-05-04T16:34:54.448+0000] {dag.py:2573} INFO - Sync 1 DAGs
[2024-05-04T16:34:54.484+0000] {logging_mixin.py:117} INFO - [2024-05-04T16:34:54.483+0000] {dag.py:3328} INFO - Setting next_dagrun for example_sla_dag to 2024-05-04T16:32:00+00:00, run_after=2024-05-04T16:34:00+00:00
[2024-05-04T16:34:54.510+0000] {processor.py:178} INFO - Processing /home/airflow/.local/lib/python3.7/site-packages/airflow/example_dags/example_sla_dag.py took 0.139 seconds
[2024-05-04T16:35:25.094+0000] {processor.py:156} INFO - Started process (PID=15805) to work on /home/airflow/.local/lib/python3.7/site-packages/airflow/example_dags/example_sla_dag.py
[2024-05-04T16:35:25.095+0000] {processor.py:758} INFO - Processing file /home/airflow/.local/lib/python3.7/site-packages/airflow/example_dags/example_sla_dag.py for tasks to queue
[2024-05-04T16:35:25.096+0000] {logging_mixin.py:117} INFO - [2024-05-04T16:35:25.096+0000] {dagbag.py:525} INFO - Filling up the DagBag from /home/airflow/.local/lib/python3.7/site-packages/airflow/example_dags/example_sla_dag.py
[2024-05-04T16:35:25.124+0000] {processor.py:768} INFO - DAG(s) dict_keys(['example_sla_dag']) retrieved from /home/airflow/.local/lib/python3.7/site-packages/airflow/example_dags/example_sla_dag.py
[2024-05-04T16:35:25.166+0000] {logging_mixin.py:117} INFO - [2024-05-04T16:35:25.166+0000] {dag.py:2573} INFO - Sync 1 DAGs
[2024-05-04T16:35:25.196+0000] {logging_mixin.py:117} INFO - [2024-05-04T16:35:25.196+0000] {dag.py:3328} INFO - Setting next_dagrun for example_sla_dag to 2024-05-04T16:32:00+00:00, run_after=2024-05-04T16:34:00+00:00
[2024-05-04T16:35:25.216+0000] {processor.py:178} INFO - Processing /home/airflow/.local/lib/python3.7/site-packages/airflow/example_dags/example_sla_dag.py took 0.126 seconds
[2024-05-04T16:35:55.751+0000] {processor.py:156} INFO - Started process (PID=16010) to work on /home/airflow/.local/lib/python3.7/site-packages/airflow/example_dags/example_sla_dag.py
[2024-05-04T16:35:55.751+0000] {processor.py:758} INFO - Processing file /home/airflow/.local/lib/python3.7/site-packages/airflow/example_dags/example_sla_dag.py for tasks to queue
[2024-05-04T16:35:55.752+0000] {logging_mixin.py:117} INFO - [2024-05-04T16:35:55.752+0000] {dagbag.py:525} INFO - Filling up the DagBag from /home/airflow/.local/lib/python3.7/site-packages/airflow/example_dags/example_sla_dag.py
[2024-05-04T16:35:55.774+0000] {processor.py:768} INFO - DAG(s) dict_keys(['example_sla_dag']) retrieved from /home/airflow/.local/lib/python3.7/site-packages/airflow/example_dags/example_sla_dag.py
[2024-05-04T16:35:55.820+0000] {logging_mixin.py:117} INFO - [2024-05-04T16:35:55.820+0000] {dag.py:2573} INFO - Sync 1 DAGs
[2024-05-04T16:35:55.857+0000] {logging_mixin.py:117} INFO - [2024-05-04T16:35:55.856+0000] {dag.py:3328} INFO - Setting next_dagrun for example_sla_dag to 2024-05-04T16:32:00+00:00, run_after=2024-05-04T16:34:00+00:00
[2024-05-04T16:35:55.881+0000] {processor.py:178} INFO - Processing /home/airflow/.local/lib/python3.7/site-packages/airflow/example_dags/example_sla_dag.py took 0.134 seconds
