[2024-05-04T15:58:04.147+0000] {processor.py:156} INFO - Started process (PID=280) to work on /home/airflow/.local/lib/python3.7/site-packages/airflow/example_dags/example_short_circuit_decorator.py
[2024-05-04T15:58:04.148+0000] {processor.py:758} INFO - Processing file /home/airflow/.local/lib/python3.7/site-packages/airflow/example_dags/example_short_circuit_decorator.py for tasks to queue
[2024-05-04T15:58:04.149+0000] {logging_mixin.py:117} INFO - [2024-05-04T15:58:04.149+0000] {dagbag.py:525} INFO - Filling up the DagBag from /home/airflow/.local/lib/python3.7/site-packages/airflow/example_dags/example_short_circuit_decorator.py
[2024-05-04T15:58:04.185+0000] {processor.py:768} INFO - DAG(s) dict_keys(['example_short_circuit_decorator']) retrieved from /home/airflow/.local/lib/python3.7/site-packages/airflow/example_dags/example_short_circuit_decorator.py
[2024-05-04T15:58:04.660+0000] {logging_mixin.py:117} INFO - [2024-05-04T15:58:04.659+0000] {manager.py:507} INFO - Created Permission View: can read on DAG:example_short_circuit_decorator
[2024-05-04T15:58:04.680+0000] {logging_mixin.py:117} INFO - [2024-05-04T15:58:04.680+0000] {manager.py:507} INFO - Created Permission View: can edit on DAG:example_short_circuit_decorator
[2024-05-04T15:58:04.695+0000] {logging_mixin.py:117} INFO - [2024-05-04T15:58:04.695+0000] {manager.py:507} INFO - Created Permission View: can delete on DAG:example_short_circuit_decorator
[2024-05-04T15:58:04.695+0000] {logging_mixin.py:117} INFO - [2024-05-04T15:58:04.695+0000] {dag.py:2573} INFO - Sync 1 DAGs
[2024-05-04T15:58:04.719+0000] {logging_mixin.py:117} INFO - [2024-05-04T15:58:04.719+0000] {dag.py:2594} INFO - Creating ORM DAG for example_short_circuit_decorator
[2024-05-04T15:58:04.738+0000] {logging_mixin.py:117} INFO - [2024-05-04T15:58:04.737+0000] {dag.py:3328} INFO - Setting next_dagrun for example_short_circuit_decorator to 2024-05-03T15:58:04.737629+00:00, run_after=2024-05-04T15:58:04.737629+00:00
[2024-05-04T15:58:04.771+0000] {processor.py:178} INFO - Processing /home/airflow/.local/lib/python3.7/site-packages/airflow/example_dags/example_short_circuit_decorator.py took 0.627 seconds
[2024-05-04T15:58:41.847+0000] {processor.py:156} INFO - Started process (PID=540) to work on /home/airflow/.local/lib/python3.7/site-packages/airflow/example_dags/example_short_circuit_decorator.py
[2024-05-04T15:58:41.847+0000] {processor.py:758} INFO - Processing file /home/airflow/.local/lib/python3.7/site-packages/airflow/example_dags/example_short_circuit_decorator.py for tasks to queue
[2024-05-04T15:58:41.848+0000] {logging_mixin.py:117} INFO - [2024-05-04T15:58:41.848+0000] {dagbag.py:525} INFO - Filling up the DagBag from /home/airflow/.local/lib/python3.7/site-packages/airflow/example_dags/example_short_circuit_decorator.py
[2024-05-04T15:58:42.023+0000] {processor.py:768} INFO - DAG(s) dict_keys(['example_short_circuit_decorator']) retrieved from /home/airflow/.local/lib/python3.7/site-packages/airflow/example_dags/example_short_circuit_decorator.py
[2024-05-04T15:58:42.149+0000] {logging_mixin.py:117} INFO - [2024-05-04T15:58:42.149+0000] {dag.py:2573} INFO - Sync 1 DAGs
[2024-05-04T15:58:42.572+0000] {logging_mixin.py:117} INFO - [2024-05-04T15:58:42.572+0000] {dag.py:3328} INFO - Setting next_dagrun for example_short_circuit_decorator to 2024-05-03T15:58:42.572427+00:00, run_after=2024-05-04T15:58:42.572427+00:00
[2024-05-04T15:58:42.634+0000] {processor.py:178} INFO - Processing /home/airflow/.local/lib/python3.7/site-packages/airflow/example_dags/example_short_circuit_decorator.py took 0.792 seconds
[2024-05-04T15:59:12.905+0000] {processor.py:156} INFO - Started process (PID=796) to work on /home/airflow/.local/lib/python3.7/site-packages/airflow/example_dags/example_short_circuit_decorator.py
[2024-05-04T15:59:12.905+0000] {processor.py:758} INFO - Processing file /home/airflow/.local/lib/python3.7/site-packages/airflow/example_dags/example_short_circuit_decorator.py for tasks to queue
[2024-05-04T15:59:12.906+0000] {logging_mixin.py:117} INFO - [2024-05-04T15:59:12.906+0000] {dagbag.py:525} INFO - Filling up the DagBag from /home/airflow/.local/lib/python3.7/site-packages/airflow/example_dags/example_short_circuit_decorator.py
[2024-05-04T15:59:12.935+0000] {processor.py:768} INFO - DAG(s) dict_keys(['example_short_circuit_decorator']) retrieved from /home/airflow/.local/lib/python3.7/site-packages/airflow/example_dags/example_short_circuit_decorator.py
[2024-05-04T15:59:12.974+0000] {logging_mixin.py:117} INFO - [2024-05-04T15:59:12.974+0000] {dag.py:2573} INFO - Sync 1 DAGs
[2024-05-04T15:59:13.112+0000] {logging_mixin.py:117} INFO - [2024-05-04T15:59:13.112+0000] {dag.py:3328} INFO - Setting next_dagrun for example_short_circuit_decorator to 2024-05-03T15:59:13.112505+00:00, run_after=2024-05-04T15:59:13.112505+00:00
[2024-05-04T15:59:13.141+0000] {processor.py:178} INFO - Processing /home/airflow/.local/lib/python3.7/site-packages/airflow/example_dags/example_short_circuit_decorator.py took 0.240 seconds
[2024-05-04T15:59:43.405+0000] {processor.py:156} INFO - Started process (PID=1011) to work on /home/airflow/.local/lib/python3.7/site-packages/airflow/example_dags/example_short_circuit_decorator.py
[2024-05-04T15:59:43.406+0000] {processor.py:758} INFO - Processing file /home/airflow/.local/lib/python3.7/site-packages/airflow/example_dags/example_short_circuit_decorator.py for tasks to queue
[2024-05-04T15:59:43.407+0000] {logging_mixin.py:117} INFO - [2024-05-04T15:59:43.407+0000] {dagbag.py:525} INFO - Filling up the DagBag from /home/airflow/.local/lib/python3.7/site-packages/airflow/example_dags/example_short_circuit_decorator.py
[2024-05-04T15:59:43.435+0000] {processor.py:768} INFO - DAG(s) dict_keys(['example_short_circuit_decorator']) retrieved from /home/airflow/.local/lib/python3.7/site-packages/airflow/example_dags/example_short_circuit_decorator.py
[2024-05-04T15:59:43.634+0000] {logging_mixin.py:117} INFO - [2024-05-04T15:59:43.634+0000] {dag.py:2573} INFO - Sync 1 DAGs
[2024-05-04T15:59:43.658+0000] {logging_mixin.py:117} INFO - [2024-05-04T15:59:43.658+0000] {dag.py:3328} INFO - Setting next_dagrun for example_short_circuit_decorator to 2024-05-03T15:59:43.658585+00:00, run_after=2024-05-04T15:59:43.658585+00:00
[2024-05-04T15:59:43.681+0000] {processor.py:178} INFO - Processing /home/airflow/.local/lib/python3.7/site-packages/airflow/example_dags/example_short_circuit_decorator.py took 0.279 seconds
[2024-05-04T16:00:13.741+0000] {processor.py:156} INFO - Started process (PID=1224) to work on /home/airflow/.local/lib/python3.7/site-packages/airflow/example_dags/example_short_circuit_decorator.py
[2024-05-04T16:00:13.741+0000] {processor.py:758} INFO - Processing file /home/airflow/.local/lib/python3.7/site-packages/airflow/example_dags/example_short_circuit_decorator.py for tasks to queue
[2024-05-04T16:00:13.742+0000] {logging_mixin.py:117} INFO - [2024-05-04T16:00:13.742+0000] {dagbag.py:525} INFO - Filling up the DagBag from /home/airflow/.local/lib/python3.7/site-packages/airflow/example_dags/example_short_circuit_decorator.py
[2024-05-04T16:00:13.767+0000] {processor.py:768} INFO - DAG(s) dict_keys(['example_short_circuit_decorator']) retrieved from /home/airflow/.local/lib/python3.7/site-packages/airflow/example_dags/example_short_circuit_decorator.py
[2024-05-04T16:00:13.931+0000] {logging_mixin.py:117} INFO - [2024-05-04T16:00:13.931+0000] {dag.py:2573} INFO - Sync 1 DAGs
[2024-05-04T16:00:13.955+0000] {logging_mixin.py:117} INFO - [2024-05-04T16:00:13.955+0000] {dag.py:3328} INFO - Setting next_dagrun for example_short_circuit_decorator to 2024-05-03T16:00:13.954815+00:00, run_after=2024-05-04T16:00:13.954815+00:00
[2024-05-04T16:00:13.975+0000] {processor.py:178} INFO - Processing /home/airflow/.local/lib/python3.7/site-packages/airflow/example_dags/example_short_circuit_decorator.py took 0.236 seconds
[2024-05-04T16:00:44.133+0000] {processor.py:156} INFO - Started process (PID=1428) to work on /home/airflow/.local/lib/python3.7/site-packages/airflow/example_dags/example_short_circuit_decorator.py
[2024-05-04T16:00:44.134+0000] {processor.py:758} INFO - Processing file /home/airflow/.local/lib/python3.7/site-packages/airflow/example_dags/example_short_circuit_decorator.py for tasks to queue
[2024-05-04T16:00:44.135+0000] {logging_mixin.py:117} INFO - [2024-05-04T16:00:44.135+0000] {dagbag.py:525} INFO - Filling up the DagBag from /home/airflow/.local/lib/python3.7/site-packages/airflow/example_dags/example_short_circuit_decorator.py
[2024-05-04T16:00:44.276+0000] {processor.py:768} INFO - DAG(s) dict_keys(['example_short_circuit_decorator']) retrieved from /home/airflow/.local/lib/python3.7/site-packages/airflow/example_dags/example_short_circuit_decorator.py
[2024-05-04T16:00:44.312+0000] {logging_mixin.py:117} INFO - [2024-05-04T16:00:44.311+0000] {dag.py:2573} INFO - Sync 1 DAGs
[2024-05-04T16:00:44.338+0000] {logging_mixin.py:117} INFO - [2024-05-04T16:00:44.338+0000] {dag.py:3328} INFO - Setting next_dagrun for example_short_circuit_decorator to 2024-05-03T16:00:44.338273+00:00, run_after=2024-05-04T16:00:44.338273+00:00
[2024-05-04T16:00:44.366+0000] {processor.py:178} INFO - Processing /home/airflow/.local/lib/python3.7/site-packages/airflow/example_dags/example_short_circuit_decorator.py took 0.236 seconds
[2024-05-04T16:01:14.513+0000] {processor.py:156} INFO - Started process (PID=1646) to work on /home/airflow/.local/lib/python3.7/site-packages/airflow/example_dags/example_short_circuit_decorator.py
[2024-05-04T16:01:14.513+0000] {processor.py:758} INFO - Processing file /home/airflow/.local/lib/python3.7/site-packages/airflow/example_dags/example_short_circuit_decorator.py for tasks to queue
[2024-05-04T16:01:14.514+0000] {logging_mixin.py:117} INFO - [2024-05-04T16:01:14.514+0000] {dagbag.py:525} INFO - Filling up the DagBag from /home/airflow/.local/lib/python3.7/site-packages/airflow/example_dags/example_short_circuit_decorator.py
[2024-05-04T16:01:14.535+0000] {processor.py:768} INFO - DAG(s) dict_keys(['example_short_circuit_decorator']) retrieved from /home/airflow/.local/lib/python3.7/site-packages/airflow/example_dags/example_short_circuit_decorator.py
[2024-05-04T16:01:14.569+0000] {logging_mixin.py:117} INFO - [2024-05-04T16:01:14.569+0000] {dag.py:2573} INFO - Sync 1 DAGs
[2024-05-04T16:01:14.594+0000] {logging_mixin.py:117} INFO - [2024-05-04T16:01:14.594+0000] {dag.py:3328} INFO - Setting next_dagrun for example_short_circuit_decorator to 2024-05-03T16:01:14.594142+00:00, run_after=2024-05-04T16:01:14.594142+00:00
[2024-05-04T16:01:14.616+0000] {processor.py:178} INFO - Processing /home/airflow/.local/lib/python3.7/site-packages/airflow/example_dags/example_short_circuit_decorator.py took 0.105 seconds
[2024-05-04T16:01:45.033+0000] {processor.py:156} INFO - Started process (PID=1852) to work on /home/airflow/.local/lib/python3.7/site-packages/airflow/example_dags/example_short_circuit_decorator.py
[2024-05-04T16:01:45.034+0000] {processor.py:758} INFO - Processing file /home/airflow/.local/lib/python3.7/site-packages/airflow/example_dags/example_short_circuit_decorator.py for tasks to queue
[2024-05-04T16:01:45.035+0000] {logging_mixin.py:117} INFO - [2024-05-04T16:01:45.035+0000] {dagbag.py:525} INFO - Filling up the DagBag from /home/airflow/.local/lib/python3.7/site-packages/airflow/example_dags/example_short_circuit_decorator.py
[2024-05-04T16:01:45.063+0000] {processor.py:768} INFO - DAG(s) dict_keys(['example_short_circuit_decorator']) retrieved from /home/airflow/.local/lib/python3.7/site-packages/airflow/example_dags/example_short_circuit_decorator.py
[2024-05-04T16:01:45.107+0000] {logging_mixin.py:117} INFO - [2024-05-04T16:01:45.107+0000] {dag.py:2573} INFO - Sync 1 DAGs
[2024-05-04T16:01:45.134+0000] {logging_mixin.py:117} INFO - [2024-05-04T16:01:45.134+0000] {dag.py:3328} INFO - Setting next_dagrun for example_short_circuit_decorator to 2024-05-03T16:01:45.133787+00:00, run_after=2024-05-04T16:01:45.133787+00:00
[2024-05-04T16:01:45.162+0000] {processor.py:178} INFO - Processing /home/airflow/.local/lib/python3.7/site-packages/airflow/example_dags/example_short_circuit_decorator.py took 0.131 seconds
[2024-05-04T16:02:15.902+0000] {processor.py:156} INFO - Started process (PID=2065) to work on /home/airflow/.local/lib/python3.7/site-packages/airflow/example_dags/example_short_circuit_decorator.py
[2024-05-04T16:02:15.903+0000] {processor.py:758} INFO - Processing file /home/airflow/.local/lib/python3.7/site-packages/airflow/example_dags/example_short_circuit_decorator.py for tasks to queue
[2024-05-04T16:02:15.904+0000] {logging_mixin.py:117} INFO - [2024-05-04T16:02:15.904+0000] {dagbag.py:525} INFO - Filling up the DagBag from /home/airflow/.local/lib/python3.7/site-packages/airflow/example_dags/example_short_circuit_decorator.py
[2024-05-04T16:02:15.933+0000] {processor.py:768} INFO - DAG(s) dict_keys(['example_short_circuit_decorator']) retrieved from /home/airflow/.local/lib/python3.7/site-packages/airflow/example_dags/example_short_circuit_decorator.py
[2024-05-04T16:02:15.975+0000] {logging_mixin.py:117} INFO - [2024-05-04T16:02:15.975+0000] {dag.py:2573} INFO - Sync 1 DAGs
[2024-05-04T16:02:16.000+0000] {logging_mixin.py:117} INFO - [2024-05-04T16:02:16.000+0000] {dag.py:3328} INFO - Setting next_dagrun for example_short_circuit_decorator to 2024-05-03T16:02:16.000143+00:00, run_after=2024-05-04T16:02:16.000143+00:00
[2024-05-04T16:02:16.028+0000] {processor.py:178} INFO - Processing /home/airflow/.local/lib/python3.7/site-packages/airflow/example_dags/example_short_circuit_decorator.py took 0.129 seconds
[2024-05-04T16:02:46.616+0000] {processor.py:156} INFO - Started process (PID=2269) to work on /home/airflow/.local/lib/python3.7/site-packages/airflow/example_dags/example_short_circuit_decorator.py
[2024-05-04T16:02:46.617+0000] {processor.py:758} INFO - Processing file /home/airflow/.local/lib/python3.7/site-packages/airflow/example_dags/example_short_circuit_decorator.py for tasks to queue
[2024-05-04T16:02:46.617+0000] {logging_mixin.py:117} INFO - [2024-05-04T16:02:46.617+0000] {dagbag.py:525} INFO - Filling up the DagBag from /home/airflow/.local/lib/python3.7/site-packages/airflow/example_dags/example_short_circuit_decorator.py
[2024-05-04T16:02:46.637+0000] {processor.py:768} INFO - DAG(s) dict_keys(['example_short_circuit_decorator']) retrieved from /home/airflow/.local/lib/python3.7/site-packages/airflow/example_dags/example_short_circuit_decorator.py
[2024-05-04T16:02:46.674+0000] {logging_mixin.py:117} INFO - [2024-05-04T16:02:46.674+0000] {dag.py:2573} INFO - Sync 1 DAGs
[2024-05-04T16:02:46.703+0000] {logging_mixin.py:117} INFO - [2024-05-04T16:02:46.703+0000] {dag.py:3328} INFO - Setting next_dagrun for example_short_circuit_decorator to 2024-05-03T16:02:46.703016+00:00, run_after=2024-05-04T16:02:46.703016+00:00
[2024-05-04T16:02:46.732+0000] {processor.py:178} INFO - Processing /home/airflow/.local/lib/python3.7/site-packages/airflow/example_dags/example_short_circuit_decorator.py took 0.117 seconds
[2024-05-04T16:03:17.464+0000] {processor.py:156} INFO - Started process (PID=2483) to work on /home/airflow/.local/lib/python3.7/site-packages/airflow/example_dags/example_short_circuit_decorator.py
[2024-05-04T16:03:17.464+0000] {processor.py:758} INFO - Processing file /home/airflow/.local/lib/python3.7/site-packages/airflow/example_dags/example_short_circuit_decorator.py for tasks to queue
[2024-05-04T16:03:17.465+0000] {logging_mixin.py:117} INFO - [2024-05-04T16:03:17.465+0000] {dagbag.py:525} INFO - Filling up the DagBag from /home/airflow/.local/lib/python3.7/site-packages/airflow/example_dags/example_short_circuit_decorator.py
[2024-05-04T16:03:17.486+0000] {processor.py:768} INFO - DAG(s) dict_keys(['example_short_circuit_decorator']) retrieved from /home/airflow/.local/lib/python3.7/site-packages/airflow/example_dags/example_short_circuit_decorator.py
[2024-05-04T16:03:17.520+0000] {logging_mixin.py:117} INFO - [2024-05-04T16:03:17.519+0000] {dag.py:2573} INFO - Sync 1 DAGs
[2024-05-04T16:03:17.542+0000] {logging_mixin.py:117} INFO - [2024-05-04T16:03:17.542+0000] {dag.py:3328} INFO - Setting next_dagrun for example_short_circuit_decorator to 2024-05-03T16:03:17.541951+00:00, run_after=2024-05-04T16:03:17.541951+00:00
[2024-05-04T16:03:17.565+0000] {processor.py:178} INFO - Processing /home/airflow/.local/lib/python3.7/site-packages/airflow/example_dags/example_short_circuit_decorator.py took 0.104 seconds
[2024-05-04T16:03:48.077+0000] {processor.py:156} INFO - Started process (PID=2696) to work on /home/airflow/.local/lib/python3.7/site-packages/airflow/example_dags/example_short_circuit_decorator.py
[2024-05-04T16:03:48.077+0000] {processor.py:758} INFO - Processing file /home/airflow/.local/lib/python3.7/site-packages/airflow/example_dags/example_short_circuit_decorator.py for tasks to queue
[2024-05-04T16:03:48.078+0000] {logging_mixin.py:117} INFO - [2024-05-04T16:03:48.078+0000] {dagbag.py:525} INFO - Filling up the DagBag from /home/airflow/.local/lib/python3.7/site-packages/airflow/example_dags/example_short_circuit_decorator.py
[2024-05-04T16:03:48.098+0000] {processor.py:768} INFO - DAG(s) dict_keys(['example_short_circuit_decorator']) retrieved from /home/airflow/.local/lib/python3.7/site-packages/airflow/example_dags/example_short_circuit_decorator.py
[2024-05-04T16:03:48.133+0000] {logging_mixin.py:117} INFO - [2024-05-04T16:03:48.133+0000] {dag.py:2573} INFO - Sync 1 DAGs
[2024-05-04T16:03:48.154+0000] {logging_mixin.py:117} INFO - [2024-05-04T16:03:48.154+0000] {dag.py:3328} INFO - Setting next_dagrun for example_short_circuit_decorator to 2024-05-03T16:03:48.154006+00:00, run_after=2024-05-04T16:03:48.154006+00:00
[2024-05-04T16:03:48.178+0000] {processor.py:178} INFO - Processing /home/airflow/.local/lib/python3.7/site-packages/airflow/example_dags/example_short_circuit_decorator.py took 0.104 seconds
[2024-05-04T16:04:18.635+0000] {processor.py:156} INFO - Started process (PID=2909) to work on /home/airflow/.local/lib/python3.7/site-packages/airflow/example_dags/example_short_circuit_decorator.py
[2024-05-04T16:04:18.636+0000] {processor.py:758} INFO - Processing file /home/airflow/.local/lib/python3.7/site-packages/airflow/example_dags/example_short_circuit_decorator.py for tasks to queue
[2024-05-04T16:04:18.636+0000] {logging_mixin.py:117} INFO - [2024-05-04T16:04:18.636+0000] {dagbag.py:525} INFO - Filling up the DagBag from /home/airflow/.local/lib/python3.7/site-packages/airflow/example_dags/example_short_circuit_decorator.py
[2024-05-04T16:04:18.656+0000] {processor.py:768} INFO - DAG(s) dict_keys(['example_short_circuit_decorator']) retrieved from /home/airflow/.local/lib/python3.7/site-packages/airflow/example_dags/example_short_circuit_decorator.py
[2024-05-04T16:04:18.693+0000] {logging_mixin.py:117} INFO - [2024-05-04T16:04:18.693+0000] {dag.py:2573} INFO - Sync 1 DAGs
[2024-05-04T16:04:18.722+0000] {logging_mixin.py:117} INFO - [2024-05-04T16:04:18.721+0000] {dag.py:3328} INFO - Setting next_dagrun for example_short_circuit_decorator to 2024-05-03T16:04:18.721683+00:00, run_after=2024-05-04T16:04:18.721683+00:00
[2024-05-04T16:04:18.751+0000] {processor.py:178} INFO - Processing /home/airflow/.local/lib/python3.7/site-packages/airflow/example_dags/example_short_circuit_decorator.py took 0.119 seconds
[2024-05-04T16:04:49.198+0000] {processor.py:156} INFO - Started process (PID=3113) to work on /home/airflow/.local/lib/python3.7/site-packages/airflow/example_dags/example_short_circuit_decorator.py
[2024-05-04T16:04:49.198+0000] {processor.py:758} INFO - Processing file /home/airflow/.local/lib/python3.7/site-packages/airflow/example_dags/example_short_circuit_decorator.py for tasks to queue
[2024-05-04T16:04:49.199+0000] {logging_mixin.py:117} INFO - [2024-05-04T16:04:49.199+0000] {dagbag.py:525} INFO - Filling up the DagBag from /home/airflow/.local/lib/python3.7/site-packages/airflow/example_dags/example_short_circuit_decorator.py
[2024-05-04T16:04:49.221+0000] {processor.py:768} INFO - DAG(s) dict_keys(['example_short_circuit_decorator']) retrieved from /home/airflow/.local/lib/python3.7/site-packages/airflow/example_dags/example_short_circuit_decorator.py
[2024-05-04T16:04:49.254+0000] {logging_mixin.py:117} INFO - [2024-05-04T16:04:49.254+0000] {dag.py:2573} INFO - Sync 1 DAGs
[2024-05-04T16:04:49.277+0000] {logging_mixin.py:117} INFO - [2024-05-04T16:04:49.277+0000] {dag.py:3328} INFO - Setting next_dagrun for example_short_circuit_decorator to 2024-05-03T16:04:49.277000+00:00, run_after=2024-05-04T16:04:49.277000+00:00
[2024-05-04T16:04:49.300+0000] {processor.py:178} INFO - Processing /home/airflow/.local/lib/python3.7/site-packages/airflow/example_dags/example_short_circuit_decorator.py took 0.104 seconds
[2024-05-04T16:05:19.913+0000] {processor.py:156} INFO - Started process (PID=3326) to work on /home/airflow/.local/lib/python3.7/site-packages/airflow/example_dags/example_short_circuit_decorator.py
[2024-05-04T16:05:19.913+0000] {processor.py:758} INFO - Processing file /home/airflow/.local/lib/python3.7/site-packages/airflow/example_dags/example_short_circuit_decorator.py for tasks to queue
[2024-05-04T16:05:19.914+0000] {logging_mixin.py:117} INFO - [2024-05-04T16:05:19.914+0000] {dagbag.py:525} INFO - Filling up the DagBag from /home/airflow/.local/lib/python3.7/site-packages/airflow/example_dags/example_short_circuit_decorator.py
[2024-05-04T16:05:19.943+0000] {processor.py:768} INFO - DAG(s) dict_keys(['example_short_circuit_decorator']) retrieved from /home/airflow/.local/lib/python3.7/site-packages/airflow/example_dags/example_short_circuit_decorator.py
[2024-05-04T16:05:19.982+0000] {logging_mixin.py:117} INFO - [2024-05-04T16:05:19.981+0000] {dag.py:2573} INFO - Sync 1 DAGs
[2024-05-04T16:05:20.004+0000] {logging_mixin.py:117} INFO - [2024-05-04T16:05:20.004+0000] {dag.py:3328} INFO - Setting next_dagrun for example_short_circuit_decorator to 2024-05-03T16:05:20.003896+00:00, run_after=2024-05-04T16:05:20.003896+00:00
[2024-05-04T16:05:20.026+0000] {processor.py:178} INFO - Processing /home/airflow/.local/lib/python3.7/site-packages/airflow/example_dags/example_short_circuit_decorator.py took 0.116 seconds
[2024-05-04T16:05:50.553+0000] {processor.py:156} INFO - Started process (PID=3540) to work on /home/airflow/.local/lib/python3.7/site-packages/airflow/example_dags/example_short_circuit_decorator.py
[2024-05-04T16:05:50.554+0000] {processor.py:758} INFO - Processing file /home/airflow/.local/lib/python3.7/site-packages/airflow/example_dags/example_short_circuit_decorator.py for tasks to queue
[2024-05-04T16:05:50.554+0000] {logging_mixin.py:117} INFO - [2024-05-04T16:05:50.554+0000] {dagbag.py:525} INFO - Filling up the DagBag from /home/airflow/.local/lib/python3.7/site-packages/airflow/example_dags/example_short_circuit_decorator.py
[2024-05-04T16:05:50.574+0000] {processor.py:768} INFO - DAG(s) dict_keys(['example_short_circuit_decorator']) retrieved from /home/airflow/.local/lib/python3.7/site-packages/airflow/example_dags/example_short_circuit_decorator.py
[2024-05-04T16:05:50.613+0000] {logging_mixin.py:117} INFO - [2024-05-04T16:05:50.613+0000] {dag.py:2573} INFO - Sync 1 DAGs
[2024-05-04T16:05:50.644+0000] {logging_mixin.py:117} INFO - [2024-05-04T16:05:50.644+0000] {dag.py:3328} INFO - Setting next_dagrun for example_short_circuit_decorator to 2024-05-03T16:05:50.643936+00:00, run_after=2024-05-04T16:05:50.643936+00:00
[2024-05-04T16:05:50.677+0000] {processor.py:178} INFO - Processing /home/airflow/.local/lib/python3.7/site-packages/airflow/example_dags/example_short_circuit_decorator.py took 0.126 seconds
[2024-05-04T16:06:21.363+0000] {processor.py:156} INFO - Started process (PID=3758) to work on /home/airflow/.local/lib/python3.7/site-packages/airflow/example_dags/example_short_circuit_decorator.py
[2024-05-04T16:06:21.364+0000] {processor.py:758} INFO - Processing file /home/airflow/.local/lib/python3.7/site-packages/airflow/example_dags/example_short_circuit_decorator.py for tasks to queue
[2024-05-04T16:06:21.365+0000] {logging_mixin.py:117} INFO - [2024-05-04T16:06:21.365+0000] {dagbag.py:525} INFO - Filling up the DagBag from /home/airflow/.local/lib/python3.7/site-packages/airflow/example_dags/example_short_circuit_decorator.py
[2024-05-04T16:06:21.395+0000] {processor.py:768} INFO - DAG(s) dict_keys(['example_short_circuit_decorator']) retrieved from /home/airflow/.local/lib/python3.7/site-packages/airflow/example_dags/example_short_circuit_decorator.py
[2024-05-04T16:06:21.437+0000] {logging_mixin.py:117} INFO - [2024-05-04T16:06:21.437+0000] {dag.py:2573} INFO - Sync 1 DAGs
[2024-05-04T16:06:21.464+0000] {logging_mixin.py:117} INFO - [2024-05-04T16:06:21.463+0000] {dag.py:3328} INFO - Setting next_dagrun for example_short_circuit_decorator to 2024-05-03T16:06:21.463748+00:00, run_after=2024-05-04T16:06:21.463748+00:00
[2024-05-04T16:06:21.492+0000] {processor.py:178} INFO - Processing /home/airflow/.local/lib/python3.7/site-packages/airflow/example_dags/example_short_circuit_decorator.py took 0.131 seconds
[2024-05-04T16:06:52.328+0000] {processor.py:156} INFO - Started process (PID=3962) to work on /home/airflow/.local/lib/python3.7/site-packages/airflow/example_dags/example_short_circuit_decorator.py
[2024-05-04T16:06:52.328+0000] {processor.py:758} INFO - Processing file /home/airflow/.local/lib/python3.7/site-packages/airflow/example_dags/example_short_circuit_decorator.py for tasks to queue
[2024-05-04T16:06:52.329+0000] {logging_mixin.py:117} INFO - [2024-05-04T16:06:52.328+0000] {dagbag.py:525} INFO - Filling up the DagBag from /home/airflow/.local/lib/python3.7/site-packages/airflow/example_dags/example_short_circuit_decorator.py
[2024-05-04T16:06:52.349+0000] {processor.py:768} INFO - DAG(s) dict_keys(['example_short_circuit_decorator']) retrieved from /home/airflow/.local/lib/python3.7/site-packages/airflow/example_dags/example_short_circuit_decorator.py
[2024-05-04T16:06:52.385+0000] {logging_mixin.py:117} INFO - [2024-05-04T16:06:52.385+0000] {dag.py:2573} INFO - Sync 1 DAGs
[2024-05-04T16:06:52.409+0000] {logging_mixin.py:117} INFO - [2024-05-04T16:06:52.409+0000] {dag.py:3328} INFO - Setting next_dagrun for example_short_circuit_decorator to 2024-05-03T16:06:52.408903+00:00, run_after=2024-05-04T16:06:52.408903+00:00
[2024-05-04T16:06:52.438+0000] {processor.py:178} INFO - Processing /home/airflow/.local/lib/python3.7/site-packages/airflow/example_dags/example_short_circuit_decorator.py took 0.112 seconds
[2024-05-04T16:07:23.049+0000] {processor.py:156} INFO - Started process (PID=4175) to work on /home/airflow/.local/lib/python3.7/site-packages/airflow/example_dags/example_short_circuit_decorator.py
[2024-05-04T16:07:23.049+0000] {processor.py:758} INFO - Processing file /home/airflow/.local/lib/python3.7/site-packages/airflow/example_dags/example_short_circuit_decorator.py for tasks to queue
[2024-05-04T16:07:23.050+0000] {logging_mixin.py:117} INFO - [2024-05-04T16:07:23.049+0000] {dagbag.py:525} INFO - Filling up the DagBag from /home/airflow/.local/lib/python3.7/site-packages/airflow/example_dags/example_short_circuit_decorator.py
[2024-05-04T16:07:23.072+0000] {processor.py:768} INFO - DAG(s) dict_keys(['example_short_circuit_decorator']) retrieved from /home/airflow/.local/lib/python3.7/site-packages/airflow/example_dags/example_short_circuit_decorator.py
[2024-05-04T16:07:23.105+0000] {logging_mixin.py:117} INFO - [2024-05-04T16:07:23.105+0000] {dag.py:2573} INFO - Sync 1 DAGs
[2024-05-04T16:07:23.126+0000] {logging_mixin.py:117} INFO - [2024-05-04T16:07:23.126+0000] {dag.py:3328} INFO - Setting next_dagrun for example_short_circuit_decorator to 2024-05-03T16:07:23.125886+00:00, run_after=2024-05-04T16:07:23.125886+00:00
[2024-05-04T16:07:23.154+0000] {processor.py:178} INFO - Processing /home/airflow/.local/lib/python3.7/site-packages/airflow/example_dags/example_short_circuit_decorator.py took 0.107 seconds
[2024-05-04T16:07:53.540+0000] {processor.py:156} INFO - Started process (PID=4389) to work on /home/airflow/.local/lib/python3.7/site-packages/airflow/example_dags/example_short_circuit_decorator.py
[2024-05-04T16:07:53.541+0000] {processor.py:758} INFO - Processing file /home/airflow/.local/lib/python3.7/site-packages/airflow/example_dags/example_short_circuit_decorator.py for tasks to queue
[2024-05-04T16:07:53.542+0000] {logging_mixin.py:117} INFO - [2024-05-04T16:07:53.541+0000] {dagbag.py:525} INFO - Filling up the DagBag from /home/airflow/.local/lib/python3.7/site-packages/airflow/example_dags/example_short_circuit_decorator.py
[2024-05-04T16:07:53.571+0000] {processor.py:768} INFO - DAG(s) dict_keys(['example_short_circuit_decorator']) retrieved from /home/airflow/.local/lib/python3.7/site-packages/airflow/example_dags/example_short_circuit_decorator.py
[2024-05-04T16:07:53.620+0000] {logging_mixin.py:117} INFO - [2024-05-04T16:07:53.620+0000] {dag.py:2573} INFO - Sync 1 DAGs
[2024-05-04T16:07:53.648+0000] {logging_mixin.py:117} INFO - [2024-05-04T16:07:53.648+0000] {dag.py:3328} INFO - Setting next_dagrun for example_short_circuit_decorator to 2024-05-03T16:07:53.648069+00:00, run_after=2024-05-04T16:07:53.648069+00:00
[2024-05-04T16:07:53.678+0000] {processor.py:178} INFO - Processing /home/airflow/.local/lib/python3.7/site-packages/airflow/example_dags/example_short_circuit_decorator.py took 0.141 seconds
[2024-05-04T16:08:24.059+0000] {processor.py:156} INFO - Started process (PID=4602) to work on /home/airflow/.local/lib/python3.7/site-packages/airflow/example_dags/example_short_circuit_decorator.py
[2024-05-04T16:08:24.059+0000] {processor.py:758} INFO - Processing file /home/airflow/.local/lib/python3.7/site-packages/airflow/example_dags/example_short_circuit_decorator.py for tasks to queue
[2024-05-04T16:08:24.060+0000] {logging_mixin.py:117} INFO - [2024-05-04T16:08:24.060+0000] {dagbag.py:525} INFO - Filling up the DagBag from /home/airflow/.local/lib/python3.7/site-packages/airflow/example_dags/example_short_circuit_decorator.py
[2024-05-04T16:08:24.081+0000] {processor.py:768} INFO - DAG(s) dict_keys(['example_short_circuit_decorator']) retrieved from /home/airflow/.local/lib/python3.7/site-packages/airflow/example_dags/example_short_circuit_decorator.py
[2024-05-04T16:08:24.119+0000] {logging_mixin.py:117} INFO - [2024-05-04T16:08:24.118+0000] {dag.py:2573} INFO - Sync 1 DAGs
[2024-05-04T16:08:24.146+0000] {logging_mixin.py:117} INFO - [2024-05-04T16:08:24.146+0000] {dag.py:3328} INFO - Setting next_dagrun for example_short_circuit_decorator to 2024-05-03T16:08:24.146218+00:00, run_after=2024-05-04T16:08:24.146218+00:00
[2024-05-04T16:08:24.176+0000] {processor.py:178} INFO - Processing /home/airflow/.local/lib/python3.7/site-packages/airflow/example_dags/example_short_circuit_decorator.py took 0.120 seconds
[2024-05-04T16:08:54.873+0000] {processor.py:156} INFO - Started process (PID=4806) to work on /home/airflow/.local/lib/python3.7/site-packages/airflow/example_dags/example_short_circuit_decorator.py
[2024-05-04T16:08:54.874+0000] {processor.py:758} INFO - Processing file /home/airflow/.local/lib/python3.7/site-packages/airflow/example_dags/example_short_circuit_decorator.py for tasks to queue
[2024-05-04T16:08:54.875+0000] {logging_mixin.py:117} INFO - [2024-05-04T16:08:54.874+0000] {dagbag.py:525} INFO - Filling up the DagBag from /home/airflow/.local/lib/python3.7/site-packages/airflow/example_dags/example_short_circuit_decorator.py
[2024-05-04T16:08:54.904+0000] {processor.py:768} INFO - DAG(s) dict_keys(['example_short_circuit_decorator']) retrieved from /home/airflow/.local/lib/python3.7/site-packages/airflow/example_dags/example_short_circuit_decorator.py
[2024-05-04T16:08:54.940+0000] {logging_mixin.py:117} INFO - [2024-05-04T16:08:54.940+0000] {dag.py:2573} INFO - Sync 1 DAGs
[2024-05-04T16:08:54.963+0000] {logging_mixin.py:117} INFO - [2024-05-04T16:08:54.963+0000] {dag.py:3328} INFO - Setting next_dagrun for example_short_circuit_decorator to 2024-05-03T16:08:54.963722+00:00, run_after=2024-05-04T16:08:54.963722+00:00
[2024-05-04T16:08:54.986+0000] {processor.py:178} INFO - Processing /home/airflow/.local/lib/python3.7/site-packages/airflow/example_dags/example_short_circuit_decorator.py took 0.115 seconds
[2024-05-04T16:09:25.474+0000] {processor.py:156} INFO - Started process (PID=5020) to work on /home/airflow/.local/lib/python3.7/site-packages/airflow/example_dags/example_short_circuit_decorator.py
[2024-05-04T16:09:25.475+0000] {processor.py:758} INFO - Processing file /home/airflow/.local/lib/python3.7/site-packages/airflow/example_dags/example_short_circuit_decorator.py for tasks to queue
[2024-05-04T16:09:25.475+0000] {logging_mixin.py:117} INFO - [2024-05-04T16:09:25.475+0000] {dagbag.py:525} INFO - Filling up the DagBag from /home/airflow/.local/lib/python3.7/site-packages/airflow/example_dags/example_short_circuit_decorator.py
[2024-05-04T16:09:25.496+0000] {processor.py:768} INFO - DAG(s) dict_keys(['example_short_circuit_decorator']) retrieved from /home/airflow/.local/lib/python3.7/site-packages/airflow/example_dags/example_short_circuit_decorator.py
[2024-05-04T16:09:25.531+0000] {logging_mixin.py:117} INFO - [2024-05-04T16:09:25.531+0000] {dag.py:2573} INFO - Sync 1 DAGs
[2024-05-04T16:09:25.550+0000] {logging_mixin.py:117} INFO - [2024-05-04T16:09:25.550+0000] {dag.py:3328} INFO - Setting next_dagrun for example_short_circuit_decorator to 2024-05-03T16:09:25.550093+00:00, run_after=2024-05-04T16:09:25.550093+00:00
[2024-05-04T16:09:25.572+0000] {processor.py:178} INFO - Processing /home/airflow/.local/lib/python3.7/site-packages/airflow/example_dags/example_short_circuit_decorator.py took 0.101 seconds
[2024-05-04T16:09:56.240+0000] {processor.py:156} INFO - Started process (PID=5234) to work on /home/airflow/.local/lib/python3.7/site-packages/airflow/example_dags/example_short_circuit_decorator.py
[2024-05-04T16:09:56.241+0000] {processor.py:758} INFO - Processing file /home/airflow/.local/lib/python3.7/site-packages/airflow/example_dags/example_short_circuit_decorator.py for tasks to queue
[2024-05-04T16:09:56.241+0000] {logging_mixin.py:117} INFO - [2024-05-04T16:09:56.241+0000] {dagbag.py:525} INFO - Filling up the DagBag from /home/airflow/.local/lib/python3.7/site-packages/airflow/example_dags/example_short_circuit_decorator.py
[2024-05-04T16:09:56.271+0000] {processor.py:768} INFO - DAG(s) dict_keys(['example_short_circuit_decorator']) retrieved from /home/airflow/.local/lib/python3.7/site-packages/airflow/example_dags/example_short_circuit_decorator.py
[2024-05-04T16:09:56.317+0000] {logging_mixin.py:117} INFO - [2024-05-04T16:09:56.317+0000] {dag.py:2573} INFO - Sync 1 DAGs
[2024-05-04T16:09:56.347+0000] {logging_mixin.py:117} INFO - [2024-05-04T16:09:56.347+0000] {dag.py:3328} INFO - Setting next_dagrun for example_short_circuit_decorator to 2024-05-03T16:09:56.347375+00:00, run_after=2024-05-04T16:09:56.347375+00:00
[2024-05-04T16:09:56.372+0000] {processor.py:178} INFO - Processing /home/airflow/.local/lib/python3.7/site-packages/airflow/example_dags/example_short_circuit_decorator.py took 0.134 seconds
[2024-05-04T16:10:26.956+0000] {processor.py:156} INFO - Started process (PID=5447) to work on /home/airflow/.local/lib/python3.7/site-packages/airflow/example_dags/example_short_circuit_decorator.py
[2024-05-04T16:10:26.957+0000] {processor.py:758} INFO - Processing file /home/airflow/.local/lib/python3.7/site-packages/airflow/example_dags/example_short_circuit_decorator.py for tasks to queue
[2024-05-04T16:10:26.958+0000] {logging_mixin.py:117} INFO - [2024-05-04T16:10:26.957+0000] {dagbag.py:525} INFO - Filling up the DagBag from /home/airflow/.local/lib/python3.7/site-packages/airflow/example_dags/example_short_circuit_decorator.py
[2024-05-04T16:10:26.978+0000] {processor.py:768} INFO - DAG(s) dict_keys(['example_short_circuit_decorator']) retrieved from /home/airflow/.local/lib/python3.7/site-packages/airflow/example_dags/example_short_circuit_decorator.py
[2024-05-04T16:10:27.018+0000] {logging_mixin.py:117} INFO - [2024-05-04T16:10:27.018+0000] {dag.py:2573} INFO - Sync 1 DAGs
[2024-05-04T16:10:27.048+0000] {logging_mixin.py:117} INFO - [2024-05-04T16:10:27.048+0000] {dag.py:3328} INFO - Setting next_dagrun for example_short_circuit_decorator to 2024-05-03T16:10:27.047916+00:00, run_after=2024-05-04T16:10:27.047916+00:00
[2024-05-04T16:10:27.073+0000] {processor.py:178} INFO - Processing /home/airflow/.local/lib/python3.7/site-packages/airflow/example_dags/example_short_circuit_decorator.py took 0.119 seconds
[2024-05-04T16:10:57.483+0000] {processor.py:156} INFO - Started process (PID=5660) to work on /home/airflow/.local/lib/python3.7/site-packages/airflow/example_dags/example_short_circuit_decorator.py
[2024-05-04T16:10:57.484+0000] {processor.py:758} INFO - Processing file /home/airflow/.local/lib/python3.7/site-packages/airflow/example_dags/example_short_circuit_decorator.py for tasks to queue
[2024-05-04T16:10:57.484+0000] {logging_mixin.py:117} INFO - [2024-05-04T16:10:57.484+0000] {dagbag.py:525} INFO - Filling up the DagBag from /home/airflow/.local/lib/python3.7/site-packages/airflow/example_dags/example_short_circuit_decorator.py
[2024-05-04T16:10:57.513+0000] {processor.py:768} INFO - DAG(s) dict_keys(['example_short_circuit_decorator']) retrieved from /home/airflow/.local/lib/python3.7/site-packages/airflow/example_dags/example_short_circuit_decorator.py
[2024-05-04T16:10:57.558+0000] {logging_mixin.py:117} INFO - [2024-05-04T16:10:57.558+0000] {dag.py:2573} INFO - Sync 1 DAGs
[2024-05-04T16:10:57.590+0000] {logging_mixin.py:117} INFO - [2024-05-04T16:10:57.590+0000] {dag.py:3328} INFO - Setting next_dagrun for example_short_circuit_decorator to 2024-05-03T16:10:57.589917+00:00, run_after=2024-05-04T16:10:57.589917+00:00
[2024-05-04T16:10:57.614+0000] {processor.py:178} INFO - Processing /home/airflow/.local/lib/python3.7/site-packages/airflow/example_dags/example_short_circuit_decorator.py took 0.134 seconds
[2024-05-04T16:11:28.183+0000] {processor.py:156} INFO - Started process (PID=5867) to work on /home/airflow/.local/lib/python3.7/site-packages/airflow/example_dags/example_short_circuit_decorator.py
[2024-05-04T16:11:28.183+0000] {processor.py:758} INFO - Processing file /home/airflow/.local/lib/python3.7/site-packages/airflow/example_dags/example_short_circuit_decorator.py for tasks to queue
[2024-05-04T16:11:28.183+0000] {logging_mixin.py:117} INFO - [2024-05-04T16:11:28.183+0000] {dagbag.py:525} INFO - Filling up the DagBag from /home/airflow/.local/lib/python3.7/site-packages/airflow/example_dags/example_short_circuit_decorator.py
[2024-05-04T16:11:28.205+0000] {processor.py:768} INFO - DAG(s) dict_keys(['example_short_circuit_decorator']) retrieved from /home/airflow/.local/lib/python3.7/site-packages/airflow/example_dags/example_short_circuit_decorator.py
[2024-05-04T16:11:28.247+0000] {logging_mixin.py:117} INFO - [2024-05-04T16:11:28.247+0000] {dag.py:2573} INFO - Sync 1 DAGs
[2024-05-04T16:11:28.271+0000] {logging_mixin.py:117} INFO - [2024-05-04T16:11:28.271+0000] {dag.py:3328} INFO - Setting next_dagrun for example_short_circuit_decorator to 2024-05-03T16:11:28.271596+00:00, run_after=2024-05-04T16:11:28.271596+00:00
[2024-05-04T16:11:28.292+0000] {processor.py:178} INFO - Processing /home/airflow/.local/lib/python3.7/site-packages/airflow/example_dags/example_short_circuit_decorator.py took 0.113 seconds
[2024-05-04T16:11:58.827+0000] {processor.py:156} INFO - Started process (PID=6080) to work on /home/airflow/.local/lib/python3.7/site-packages/airflow/example_dags/example_short_circuit_decorator.py
[2024-05-04T16:11:58.827+0000] {processor.py:758} INFO - Processing file /home/airflow/.local/lib/python3.7/site-packages/airflow/example_dags/example_short_circuit_decorator.py for tasks to queue
[2024-05-04T16:11:58.828+0000] {logging_mixin.py:117} INFO - [2024-05-04T16:11:58.828+0000] {dagbag.py:525} INFO - Filling up the DagBag from /home/airflow/.local/lib/python3.7/site-packages/airflow/example_dags/example_short_circuit_decorator.py
[2024-05-04T16:11:58.857+0000] {processor.py:768} INFO - DAG(s) dict_keys(['example_short_circuit_decorator']) retrieved from /home/airflow/.local/lib/python3.7/site-packages/airflow/example_dags/example_short_circuit_decorator.py
[2024-05-04T16:11:58.902+0000] {logging_mixin.py:117} INFO - [2024-05-04T16:11:58.902+0000] {dag.py:2573} INFO - Sync 1 DAGs
[2024-05-04T16:11:58.931+0000] {logging_mixin.py:117} INFO - [2024-05-04T16:11:58.931+0000] {dag.py:3328} INFO - Setting next_dagrun for example_short_circuit_decorator to 2024-05-03T16:11:58.931190+00:00, run_after=2024-05-04T16:11:58.931190+00:00
[2024-05-04T16:11:58.956+0000] {processor.py:178} INFO - Processing /home/airflow/.local/lib/python3.7/site-packages/airflow/example_dags/example_short_circuit_decorator.py took 0.133 seconds
[2024-05-04T16:12:29.349+0000] {processor.py:156} INFO - Started process (PID=6293) to work on /home/airflow/.local/lib/python3.7/site-packages/airflow/example_dags/example_short_circuit_decorator.py
[2024-05-04T16:12:29.350+0000] {processor.py:758} INFO - Processing file /home/airflow/.local/lib/python3.7/site-packages/airflow/example_dags/example_short_circuit_decorator.py for tasks to queue
[2024-05-04T16:12:29.350+0000] {logging_mixin.py:117} INFO - [2024-05-04T16:12:29.350+0000] {dagbag.py:525} INFO - Filling up the DagBag from /home/airflow/.local/lib/python3.7/site-packages/airflow/example_dags/example_short_circuit_decorator.py
[2024-05-04T16:12:29.378+0000] {processor.py:768} INFO - DAG(s) dict_keys(['example_short_circuit_decorator']) retrieved from /home/airflow/.local/lib/python3.7/site-packages/airflow/example_dags/example_short_circuit_decorator.py
[2024-05-04T16:12:29.417+0000] {logging_mixin.py:117} INFO - [2024-05-04T16:12:29.417+0000] {dag.py:2573} INFO - Sync 1 DAGs
[2024-05-04T16:12:29.440+0000] {logging_mixin.py:117} INFO - [2024-05-04T16:12:29.440+0000] {dag.py:3328} INFO - Setting next_dagrun for example_short_circuit_decorator to 2024-05-03T16:12:29.438943+00:00, run_after=2024-05-04T16:12:29.438943+00:00
[2024-05-04T16:12:29.469+0000] {processor.py:178} INFO - Processing /home/airflow/.local/lib/python3.7/site-packages/airflow/example_dags/example_short_circuit_decorator.py took 0.123 seconds
[2024-05-04T16:13:00.079+0000] {processor.py:156} INFO - Started process (PID=6497) to work on /home/airflow/.local/lib/python3.7/site-packages/airflow/example_dags/example_short_circuit_decorator.py
[2024-05-04T16:13:00.079+0000] {processor.py:758} INFO - Processing file /home/airflow/.local/lib/python3.7/site-packages/airflow/example_dags/example_short_circuit_decorator.py for tasks to queue
[2024-05-04T16:13:00.080+0000] {logging_mixin.py:117} INFO - [2024-05-04T16:13:00.080+0000] {dagbag.py:525} INFO - Filling up the DagBag from /home/airflow/.local/lib/python3.7/site-packages/airflow/example_dags/example_short_circuit_decorator.py
[2024-05-04T16:13:00.100+0000] {processor.py:768} INFO - DAG(s) dict_keys(['example_short_circuit_decorator']) retrieved from /home/airflow/.local/lib/python3.7/site-packages/airflow/example_dags/example_short_circuit_decorator.py
[2024-05-04T16:13:00.132+0000] {logging_mixin.py:117} INFO - [2024-05-04T16:13:00.132+0000] {dag.py:2573} INFO - Sync 1 DAGs
[2024-05-04T16:13:00.154+0000] {logging_mixin.py:117} INFO - [2024-05-04T16:13:00.154+0000] {dag.py:3328} INFO - Setting next_dagrun for example_short_circuit_decorator to 2024-05-03T16:13:00.154508+00:00, run_after=2024-05-04T16:13:00.154508+00:00
[2024-05-04T16:13:00.178+0000] {processor.py:178} INFO - Processing /home/airflow/.local/lib/python3.7/site-packages/airflow/example_dags/example_short_circuit_decorator.py took 0.102 seconds
[2024-05-04T16:13:30.706+0000] {processor.py:156} INFO - Started process (PID=6710) to work on /home/airflow/.local/lib/python3.7/site-packages/airflow/example_dags/example_short_circuit_decorator.py
[2024-05-04T16:13:30.707+0000] {processor.py:758} INFO - Processing file /home/airflow/.local/lib/python3.7/site-packages/airflow/example_dags/example_short_circuit_decorator.py for tasks to queue
[2024-05-04T16:13:30.708+0000] {logging_mixin.py:117} INFO - [2024-05-04T16:13:30.708+0000] {dagbag.py:525} INFO - Filling up the DagBag from /home/airflow/.local/lib/python3.7/site-packages/airflow/example_dags/example_short_circuit_decorator.py
[2024-05-04T16:13:30.738+0000] {processor.py:768} INFO - DAG(s) dict_keys(['example_short_circuit_decorator']) retrieved from /home/airflow/.local/lib/python3.7/site-packages/airflow/example_dags/example_short_circuit_decorator.py
[2024-05-04T16:13:30.830+0000] {logging_mixin.py:117} INFO - [2024-05-04T16:13:30.830+0000] {dag.py:2573} INFO - Sync 1 DAGs
[2024-05-04T16:13:30.871+0000] {logging_mixin.py:117} INFO - [2024-05-04T16:13:30.871+0000] {dag.py:3328} INFO - Setting next_dagrun for example_short_circuit_decorator to 2024-05-03T16:13:30.871509+00:00, run_after=2024-05-04T16:13:30.871509+00:00
[2024-05-04T16:13:30.918+0000] {processor.py:178} INFO - Processing /home/airflow/.local/lib/python3.7/site-packages/airflow/example_dags/example_short_circuit_decorator.py took 0.214 seconds
[2024-05-04T16:14:01.451+0000] {processor.py:156} INFO - Started process (PID=6926) to work on /home/airflow/.local/lib/python3.7/site-packages/airflow/example_dags/example_short_circuit_decorator.py
[2024-05-04T16:14:01.451+0000] {processor.py:758} INFO - Processing file /home/airflow/.local/lib/python3.7/site-packages/airflow/example_dags/example_short_circuit_decorator.py for tasks to queue
[2024-05-04T16:14:01.452+0000] {logging_mixin.py:117} INFO - [2024-05-04T16:14:01.452+0000] {dagbag.py:525} INFO - Filling up the DagBag from /home/airflow/.local/lib/python3.7/site-packages/airflow/example_dags/example_short_circuit_decorator.py
[2024-05-04T16:14:01.472+0000] {processor.py:768} INFO - DAG(s) dict_keys(['example_short_circuit_decorator']) retrieved from /home/airflow/.local/lib/python3.7/site-packages/airflow/example_dags/example_short_circuit_decorator.py
[2024-05-04T16:14:01.506+0000] {logging_mixin.py:117} INFO - [2024-05-04T16:14:01.505+0000] {dag.py:2573} INFO - Sync 1 DAGs
[2024-05-04T16:14:01.524+0000] {logging_mixin.py:117} INFO - [2024-05-04T16:14:01.524+0000] {dag.py:3328} INFO - Setting next_dagrun for example_short_circuit_decorator to 2024-05-03T16:14:01.524566+00:00, run_after=2024-05-04T16:14:01.524566+00:00
[2024-05-04T16:14:01.549+0000] {processor.py:178} INFO - Processing /home/airflow/.local/lib/python3.7/site-packages/airflow/example_dags/example_short_circuit_decorator.py took 0.100 seconds
[2024-05-04T16:14:32.089+0000] {processor.py:156} INFO - Started process (PID=7139) to work on /home/airflow/.local/lib/python3.7/site-packages/airflow/example_dags/example_short_circuit_decorator.py
[2024-05-04T16:14:32.089+0000] {processor.py:758} INFO - Processing file /home/airflow/.local/lib/python3.7/site-packages/airflow/example_dags/example_short_circuit_decorator.py for tasks to queue
[2024-05-04T16:14:32.090+0000] {logging_mixin.py:117} INFO - [2024-05-04T16:14:32.090+0000] {dagbag.py:525} INFO - Filling up the DagBag from /home/airflow/.local/lib/python3.7/site-packages/airflow/example_dags/example_short_circuit_decorator.py
[2024-05-04T16:14:32.111+0000] {processor.py:768} INFO - DAG(s) dict_keys(['example_short_circuit_decorator']) retrieved from /home/airflow/.local/lib/python3.7/site-packages/airflow/example_dags/example_short_circuit_decorator.py
[2024-05-04T16:14:32.144+0000] {logging_mixin.py:117} INFO - [2024-05-04T16:14:32.143+0000] {dag.py:2573} INFO - Sync 1 DAGs
[2024-05-04T16:14:32.164+0000] {logging_mixin.py:117} INFO - [2024-05-04T16:14:32.164+0000] {dag.py:3328} INFO - Setting next_dagrun for example_short_circuit_decorator to 2024-05-03T16:14:32.164444+00:00, run_after=2024-05-04T16:14:32.164444+00:00
[2024-05-04T16:14:32.188+0000] {processor.py:178} INFO - Processing /home/airflow/.local/lib/python3.7/site-packages/airflow/example_dags/example_short_circuit_decorator.py took 0.102 seconds
[2024-05-04T16:15:02.759+0000] {processor.py:156} INFO - Started process (PID=7343) to work on /home/airflow/.local/lib/python3.7/site-packages/airflow/example_dags/example_short_circuit_decorator.py
[2024-05-04T16:15:02.760+0000] {processor.py:758} INFO - Processing file /home/airflow/.local/lib/python3.7/site-packages/airflow/example_dags/example_short_circuit_decorator.py for tasks to queue
[2024-05-04T16:15:02.760+0000] {logging_mixin.py:117} INFO - [2024-05-04T16:15:02.760+0000] {dagbag.py:525} INFO - Filling up the DagBag from /home/airflow/.local/lib/python3.7/site-packages/airflow/example_dags/example_short_circuit_decorator.py
[2024-05-04T16:15:02.780+0000] {processor.py:768} INFO - DAG(s) dict_keys(['example_short_circuit_decorator']) retrieved from /home/airflow/.local/lib/python3.7/site-packages/airflow/example_dags/example_short_circuit_decorator.py
[2024-05-04T16:15:02.814+0000] {logging_mixin.py:117} INFO - [2024-05-04T16:15:02.814+0000] {dag.py:2573} INFO - Sync 1 DAGs
[2024-05-04T16:15:02.834+0000] {logging_mixin.py:117} INFO - [2024-05-04T16:15:02.834+0000] {dag.py:3328} INFO - Setting next_dagrun for example_short_circuit_decorator to 2024-05-03T16:15:02.834188+00:00, run_after=2024-05-04T16:15:02.834188+00:00
[2024-05-04T16:15:02.860+0000] {processor.py:178} INFO - Processing /home/airflow/.local/lib/python3.7/site-packages/airflow/example_dags/example_short_circuit_decorator.py took 0.104 seconds
