[2024-05-04T15:57:57.854+0000] {processor.py:156} INFO - Started process (PID=176) to work on /home/airflow/.local/lib/python3.7/site-packages/airflow/example_dags/example_branch_operator_decorator.py
[2024-05-04T15:57:57.855+0000] {processor.py:758} INFO - Processing file /home/airflow/.local/lib/python3.7/site-packages/airflow/example_dags/example_branch_operator_decorator.py for tasks to queue
[2024-05-04T15:57:57.856+0000] {logging_mixin.py:117} INFO - [2024-05-04T15:57:57.856+0000] {dagbag.py:525} INFO - Filling up the DagBag from /home/airflow/.local/lib/python3.7/site-packages/airflow/example_dags/example_branch_operator_decorator.py
[2024-05-04T15:57:57.901+0000] {processor.py:768} INFO - DAG(s) dict_keys(['example_branch_python_operator_decorator']) retrieved from /home/airflow/.local/lib/python3.7/site-packages/airflow/example_dags/example_branch_operator_decorator.py
[2024-05-04T15:57:58.222+0000] {logging_mixin.py:117} INFO - [2024-05-04T15:57:58.222+0000] {manager.py:507} INFO - Created Permission View: can read on DAG:example_branch_python_operator_decorator
[2024-05-04T15:57:58.237+0000] {logging_mixin.py:117} INFO - [2024-05-04T15:57:58.237+0000] {manager.py:507} INFO - Created Permission View: can edit on DAG:example_branch_python_operator_decorator
[2024-05-04T15:57:58.249+0000] {logging_mixin.py:117} INFO - [2024-05-04T15:57:58.249+0000] {manager.py:507} INFO - Created Permission View: can delete on DAG:example_branch_python_operator_decorator
[2024-05-04T15:57:58.249+0000] {logging_mixin.py:117} INFO - [2024-05-04T15:57:58.249+0000] {dag.py:2573} INFO - Sync 1 DAGs
[2024-05-04T15:57:58.264+0000] {logging_mixin.py:117} INFO - [2024-05-04T15:57:58.264+0000] {dag.py:2594} INFO - Creating ORM DAG for example_branch_python_operator_decorator
[2024-05-04T15:57:58.281+0000] {logging_mixin.py:117} INFO - [2024-05-04T15:57:58.281+0000] {dag.py:3328} INFO - Setting next_dagrun for example_branch_python_operator_decorator to 2024-05-03T00:00:00+00:00, run_after=2024-05-04T00:00:00+00:00
[2024-05-04T15:57:58.310+0000] {processor.py:178} INFO - Processing /home/airflow/.local/lib/python3.7/site-packages/airflow/example_dags/example_branch_operator_decorator.py took 0.459 seconds
[2024-05-04T15:58:28.980+0000] {processor.py:156} INFO - Started process (PID=385) to work on /home/airflow/.local/lib/python3.7/site-packages/airflow/example_dags/example_branch_operator_decorator.py
[2024-05-04T15:58:28.980+0000] {processor.py:758} INFO - Processing file /home/airflow/.local/lib/python3.7/site-packages/airflow/example_dags/example_branch_operator_decorator.py for tasks to queue
[2024-05-04T15:58:28.981+0000] {logging_mixin.py:117} INFO - [2024-05-04T15:58:28.981+0000] {dagbag.py:525} INFO - Filling up the DagBag from /home/airflow/.local/lib/python3.7/site-packages/airflow/example_dags/example_branch_operator_decorator.py
[2024-05-04T15:58:29.006+0000] {processor.py:768} INFO - DAG(s) dict_keys(['example_branch_python_operator_decorator']) retrieved from /home/airflow/.local/lib/python3.7/site-packages/airflow/example_dags/example_branch_operator_decorator.py
[2024-05-04T15:58:29.043+0000] {logging_mixin.py:117} INFO - [2024-05-04T15:58:29.043+0000] {dag.py:2573} INFO - Sync 1 DAGs
[2024-05-04T15:58:29.070+0000] {logging_mixin.py:117} INFO - [2024-05-04T15:58:29.070+0000] {dag.py:3328} INFO - Setting next_dagrun for example_branch_python_operator_decorator to 2024-05-03T00:00:00+00:00, run_after=2024-05-04T00:00:00+00:00
[2024-05-04T15:58:29.228+0000] {processor.py:178} INFO - Processing /home/airflow/.local/lib/python3.7/site-packages/airflow/example_dags/example_branch_operator_decorator.py took 0.250 seconds
[2024-05-04T15:58:59.915+0000] {processor.py:156} INFO - Started process (PID=688) to work on /home/airflow/.local/lib/python3.7/site-packages/airflow/example_dags/example_branch_operator_decorator.py
[2024-05-04T15:58:59.915+0000] {processor.py:758} INFO - Processing file /home/airflow/.local/lib/python3.7/site-packages/airflow/example_dags/example_branch_operator_decorator.py for tasks to queue
[2024-05-04T15:58:59.916+0000] {logging_mixin.py:117} INFO - [2024-05-04T15:58:59.916+0000] {dagbag.py:525} INFO - Filling up the DagBag from /home/airflow/.local/lib/python3.7/site-packages/airflow/example_dags/example_branch_operator_decorator.py
[2024-05-04T15:58:59.937+0000] {processor.py:768} INFO - DAG(s) dict_keys(['example_branch_python_operator_decorator']) retrieved from /home/airflow/.local/lib/python3.7/site-packages/airflow/example_dags/example_branch_operator_decorator.py
[2024-05-04T15:58:59.973+0000] {logging_mixin.py:117} INFO - [2024-05-04T15:58:59.973+0000] {dag.py:2573} INFO - Sync 1 DAGs
[2024-05-04T15:59:00.151+0000] {logging_mixin.py:117} INFO - [2024-05-04T15:59:00.151+0000] {dag.py:3328} INFO - Setting next_dagrun for example_branch_python_operator_decorator to 2024-05-03T00:00:00+00:00, run_after=2024-05-04T00:00:00+00:00
[2024-05-04T15:59:00.174+0000] {processor.py:178} INFO - Processing /home/airflow/.local/lib/python3.7/site-packages/airflow/example_dags/example_branch_operator_decorator.py took 0.263 seconds
[2024-05-04T15:59:30.403+0000] {processor.py:156} INFO - Started process (PID=901) to work on /home/airflow/.local/lib/python3.7/site-packages/airflow/example_dags/example_branch_operator_decorator.py
[2024-05-04T15:59:30.403+0000] {processor.py:758} INFO - Processing file /home/airflow/.local/lib/python3.7/site-packages/airflow/example_dags/example_branch_operator_decorator.py for tasks to queue
[2024-05-04T15:59:30.404+0000] {logging_mixin.py:117} INFO - [2024-05-04T15:59:30.404+0000] {dagbag.py:525} INFO - Filling up the DagBag from /home/airflow/.local/lib/python3.7/site-packages/airflow/example_dags/example_branch_operator_decorator.py
[2024-05-04T15:59:30.434+0000] {processor.py:768} INFO - DAG(s) dict_keys(['example_branch_python_operator_decorator']) retrieved from /home/airflow/.local/lib/python3.7/site-packages/airflow/example_dags/example_branch_operator_decorator.py
[2024-05-04T15:59:30.590+0000] {logging_mixin.py:117} INFO - [2024-05-04T15:59:30.589+0000] {dag.py:2573} INFO - Sync 1 DAGs
[2024-05-04T15:59:30.609+0000] {logging_mixin.py:117} INFO - [2024-05-04T15:59:30.609+0000] {dag.py:3328} INFO - Setting next_dagrun for example_branch_python_operator_decorator to 2024-05-03T00:00:00+00:00, run_after=2024-05-04T00:00:00+00:00
[2024-05-04T15:59:30.629+0000] {processor.py:178} INFO - Processing /home/airflow/.local/lib/python3.7/site-packages/airflow/example_dags/example_branch_operator_decorator.py took 0.229 seconds
[2024-05-04T16:00:00.765+0000] {processor.py:156} INFO - Started process (PID=1114) to work on /home/airflow/.local/lib/python3.7/site-packages/airflow/example_dags/example_branch_operator_decorator.py
[2024-05-04T16:00:00.766+0000] {processor.py:758} INFO - Processing file /home/airflow/.local/lib/python3.7/site-packages/airflow/example_dags/example_branch_operator_decorator.py for tasks to queue
[2024-05-04T16:00:00.767+0000] {logging_mixin.py:117} INFO - [2024-05-04T16:00:00.767+0000] {dagbag.py:525} INFO - Filling up the DagBag from /home/airflow/.local/lib/python3.7/site-packages/airflow/example_dags/example_branch_operator_decorator.py
[2024-05-04T16:00:00.788+0000] {processor.py:768} INFO - DAG(s) dict_keys(['example_branch_python_operator_decorator']) retrieved from /home/airflow/.local/lib/python3.7/site-packages/airflow/example_dags/example_branch_operator_decorator.py
[2024-05-04T16:00:00.942+0000] {logging_mixin.py:117} INFO - [2024-05-04T16:00:00.942+0000] {dag.py:2573} INFO - Sync 1 DAGs
[2024-05-04T16:00:00.961+0000] {logging_mixin.py:117} INFO - [2024-05-04T16:00:00.961+0000] {dag.py:3328} INFO - Setting next_dagrun for example_branch_python_operator_decorator to 2024-05-03T00:00:00+00:00, run_after=2024-05-04T00:00:00+00:00
[2024-05-04T16:00:00.981+0000] {processor.py:178} INFO - Processing /home/airflow/.local/lib/python3.7/site-packages/airflow/example_dags/example_branch_operator_decorator.py took 0.218 seconds
[2024-05-04T16:00:31.248+0000] {processor.py:156} INFO - Started process (PID=1318) to work on /home/airflow/.local/lib/python3.7/site-packages/airflow/example_dags/example_branch_operator_decorator.py
[2024-05-04T16:00:31.248+0000] {processor.py:758} INFO - Processing file /home/airflow/.local/lib/python3.7/site-packages/airflow/example_dags/example_branch_operator_decorator.py for tasks to queue
[2024-05-04T16:00:31.249+0000] {logging_mixin.py:117} INFO - [2024-05-04T16:00:31.249+0000] {dagbag.py:525} INFO - Filling up the DagBag from /home/airflow/.local/lib/python3.7/site-packages/airflow/example_dags/example_branch_operator_decorator.py
[2024-05-04T16:00:31.411+0000] {processor.py:768} INFO - DAG(s) dict_keys(['example_branch_python_operator_decorator']) retrieved from /home/airflow/.local/lib/python3.7/site-packages/airflow/example_dags/example_branch_operator_decorator.py
[2024-05-04T16:00:31.441+0000] {logging_mixin.py:117} INFO - [2024-05-04T16:00:31.441+0000] {dag.py:2573} INFO - Sync 1 DAGs
[2024-05-04T16:00:31.461+0000] {logging_mixin.py:117} INFO - [2024-05-04T16:00:31.461+0000] {dag.py:3328} INFO - Setting next_dagrun for example_branch_python_operator_decorator to 2024-05-03T00:00:00+00:00, run_after=2024-05-04T00:00:00+00:00
[2024-05-04T16:00:31.485+0000] {processor.py:178} INFO - Processing /home/airflow/.local/lib/python3.7/site-packages/airflow/example_dags/example_branch_operator_decorator.py took 0.240 seconds
[2024-05-04T16:01:01.878+0000] {processor.py:156} INFO - Started process (PID=1531) to work on /home/airflow/.local/lib/python3.7/site-packages/airflow/example_dags/example_branch_operator_decorator.py
[2024-05-04T16:01:01.879+0000] {processor.py:758} INFO - Processing file /home/airflow/.local/lib/python3.7/site-packages/airflow/example_dags/example_branch_operator_decorator.py for tasks to queue
[2024-05-04T16:01:01.879+0000] {logging_mixin.py:117} INFO - [2024-05-04T16:01:01.879+0000] {dagbag.py:525} INFO - Filling up the DagBag from /home/airflow/.local/lib/python3.7/site-packages/airflow/example_dags/example_branch_operator_decorator.py
[2024-05-04T16:01:02.057+0000] {processor.py:768} INFO - DAG(s) dict_keys(['example_branch_python_operator_decorator']) retrieved from /home/airflow/.local/lib/python3.7/site-packages/airflow/example_dags/example_branch_operator_decorator.py
[2024-05-04T16:01:02.096+0000] {logging_mixin.py:117} INFO - [2024-05-04T16:01:02.096+0000] {dag.py:2573} INFO - Sync 1 DAGs
[2024-05-04T16:01:02.129+0000] {logging_mixin.py:117} INFO - [2024-05-04T16:01:02.129+0000] {dag.py:3328} INFO - Setting next_dagrun for example_branch_python_operator_decorator to 2024-05-03T00:00:00+00:00, run_after=2024-05-04T00:00:00+00:00
[2024-05-04T16:01:02.160+0000] {processor.py:178} INFO - Processing /home/airflow/.local/lib/python3.7/site-packages/airflow/example_dags/example_branch_operator_decorator.py took 0.284 seconds
[2024-05-04T16:01:32.636+0000] {processor.py:156} INFO - Started process (PID=1744) to work on /home/airflow/.local/lib/python3.7/site-packages/airflow/example_dags/example_branch_operator_decorator.py
[2024-05-04T16:01:32.636+0000] {processor.py:758} INFO - Processing file /home/airflow/.local/lib/python3.7/site-packages/airflow/example_dags/example_branch_operator_decorator.py for tasks to queue
[2024-05-04T16:01:32.637+0000] {logging_mixin.py:117} INFO - [2024-05-04T16:01:32.637+0000] {dagbag.py:525} INFO - Filling up the DagBag from /home/airflow/.local/lib/python3.7/site-packages/airflow/example_dags/example_branch_operator_decorator.py
[2024-05-04T16:01:32.659+0000] {processor.py:768} INFO - DAG(s) dict_keys(['example_branch_python_operator_decorator']) retrieved from /home/airflow/.local/lib/python3.7/site-packages/airflow/example_dags/example_branch_operator_decorator.py
[2024-05-04T16:01:32.695+0000] {logging_mixin.py:117} INFO - [2024-05-04T16:01:32.695+0000] {dag.py:2573} INFO - Sync 1 DAGs
[2024-05-04T16:01:32.722+0000] {logging_mixin.py:117} INFO - [2024-05-04T16:01:32.722+0000] {dag.py:3328} INFO - Setting next_dagrun for example_branch_python_operator_decorator to 2024-05-03T00:00:00+00:00, run_after=2024-05-04T00:00:00+00:00
[2024-05-04T16:01:32.747+0000] {processor.py:178} INFO - Processing /home/airflow/.local/lib/python3.7/site-packages/airflow/example_dags/example_branch_operator_decorator.py took 0.114 seconds
[2024-05-04T16:02:03.374+0000] {processor.py:156} INFO - Started process (PID=1957) to work on /home/airflow/.local/lib/python3.7/site-packages/airflow/example_dags/example_branch_operator_decorator.py
[2024-05-04T16:02:03.375+0000] {processor.py:758} INFO - Processing file /home/airflow/.local/lib/python3.7/site-packages/airflow/example_dags/example_branch_operator_decorator.py for tasks to queue
[2024-05-04T16:02:03.376+0000] {logging_mixin.py:117} INFO - [2024-05-04T16:02:03.375+0000] {dagbag.py:525} INFO - Filling up the DagBag from /home/airflow/.local/lib/python3.7/site-packages/airflow/example_dags/example_branch_operator_decorator.py
[2024-05-04T16:02:03.406+0000] {processor.py:768} INFO - DAG(s) dict_keys(['example_branch_python_operator_decorator']) retrieved from /home/airflow/.local/lib/python3.7/site-packages/airflow/example_dags/example_branch_operator_decorator.py
[2024-05-04T16:02:03.453+0000] {logging_mixin.py:117} INFO - [2024-05-04T16:02:03.453+0000] {dag.py:2573} INFO - Sync 1 DAGs
[2024-05-04T16:02:03.491+0000] {logging_mixin.py:117} INFO - [2024-05-04T16:02:03.491+0000] {dag.py:3328} INFO - Setting next_dagrun for example_branch_python_operator_decorator to 2024-05-03T00:00:00+00:00, run_after=2024-05-04T00:00:00+00:00
[2024-05-04T16:02:03.521+0000] {processor.py:178} INFO - Processing /home/airflow/.local/lib/python3.7/site-packages/airflow/example_dags/example_branch_operator_decorator.py took 0.150 seconds
[2024-05-04T16:02:34.210+0000] {processor.py:156} INFO - Started process (PID=2161) to work on /home/airflow/.local/lib/python3.7/site-packages/airflow/example_dags/example_branch_operator_decorator.py
[2024-05-04T16:02:34.211+0000] {processor.py:758} INFO - Processing file /home/airflow/.local/lib/python3.7/site-packages/airflow/example_dags/example_branch_operator_decorator.py for tasks to queue
[2024-05-04T16:02:34.212+0000] {logging_mixin.py:117} INFO - [2024-05-04T16:02:34.211+0000] {dagbag.py:525} INFO - Filling up the DagBag from /home/airflow/.local/lib/python3.7/site-packages/airflow/example_dags/example_branch_operator_decorator.py
[2024-05-04T16:02:34.243+0000] {processor.py:768} INFO - DAG(s) dict_keys(['example_branch_python_operator_decorator']) retrieved from /home/airflow/.local/lib/python3.7/site-packages/airflow/example_dags/example_branch_operator_decorator.py
[2024-05-04T16:02:34.283+0000] {logging_mixin.py:117} INFO - [2024-05-04T16:02:34.283+0000] {dag.py:2573} INFO - Sync 1 DAGs
[2024-05-04T16:02:34.305+0000] {logging_mixin.py:117} INFO - [2024-05-04T16:02:34.305+0000] {dag.py:3328} INFO - Setting next_dagrun for example_branch_python_operator_decorator to 2024-05-03T00:00:00+00:00, run_after=2024-05-04T00:00:00+00:00
[2024-05-04T16:02:34.330+0000] {processor.py:178} INFO - Processing /home/airflow/.local/lib/python3.7/site-packages/airflow/example_dags/example_branch_operator_decorator.py took 0.123 seconds
[2024-05-04T16:03:04.963+0000] {processor.py:156} INFO - Started process (PID=2375) to work on /home/airflow/.local/lib/python3.7/site-packages/airflow/example_dags/example_branch_operator_decorator.py
[2024-05-04T16:03:04.964+0000] {processor.py:758} INFO - Processing file /home/airflow/.local/lib/python3.7/site-packages/airflow/example_dags/example_branch_operator_decorator.py for tasks to queue
[2024-05-04T16:03:04.964+0000] {logging_mixin.py:117} INFO - [2024-05-04T16:03:04.964+0000] {dagbag.py:525} INFO - Filling up the DagBag from /home/airflow/.local/lib/python3.7/site-packages/airflow/example_dags/example_branch_operator_decorator.py
[2024-05-04T16:03:04.995+0000] {processor.py:768} INFO - DAG(s) dict_keys(['example_branch_python_operator_decorator']) retrieved from /home/airflow/.local/lib/python3.7/site-packages/airflow/example_dags/example_branch_operator_decorator.py
[2024-05-04T16:03:05.044+0000] {logging_mixin.py:117} INFO - [2024-05-04T16:03:05.044+0000] {dag.py:2573} INFO - Sync 1 DAGs
[2024-05-04T16:03:05.075+0000] {logging_mixin.py:117} INFO - [2024-05-04T16:03:05.075+0000] {dag.py:3328} INFO - Setting next_dagrun for example_branch_python_operator_decorator to 2024-05-03T00:00:00+00:00, run_after=2024-05-04T00:00:00+00:00
[2024-05-04T16:03:05.098+0000] {processor.py:178} INFO - Processing /home/airflow/.local/lib/python3.7/site-packages/airflow/example_dags/example_branch_operator_decorator.py took 0.137 seconds
[2024-05-04T16:03:35.704+0000] {processor.py:156} INFO - Started process (PID=2588) to work on /home/airflow/.local/lib/python3.7/site-packages/airflow/example_dags/example_branch_operator_decorator.py
[2024-05-04T16:03:35.704+0000] {processor.py:758} INFO - Processing file /home/airflow/.local/lib/python3.7/site-packages/airflow/example_dags/example_branch_operator_decorator.py for tasks to queue
[2024-05-04T16:03:35.705+0000] {logging_mixin.py:117} INFO - [2024-05-04T16:03:35.705+0000] {dagbag.py:525} INFO - Filling up the DagBag from /home/airflow/.local/lib/python3.7/site-packages/airflow/example_dags/example_branch_operator_decorator.py
[2024-05-04T16:03:35.736+0000] {processor.py:768} INFO - DAG(s) dict_keys(['example_branch_python_operator_decorator']) retrieved from /home/airflow/.local/lib/python3.7/site-packages/airflow/example_dags/example_branch_operator_decorator.py
[2024-05-04T16:03:35.781+0000] {logging_mixin.py:117} INFO - [2024-05-04T16:03:35.781+0000] {dag.py:2573} INFO - Sync 1 DAGs
[2024-05-04T16:03:35.809+0000] {logging_mixin.py:117} INFO - [2024-05-04T16:03:35.809+0000] {dag.py:3328} INFO - Setting next_dagrun for example_branch_python_operator_decorator to 2024-05-03T00:00:00+00:00, run_after=2024-05-04T00:00:00+00:00
[2024-05-04T16:03:35.836+0000] {processor.py:178} INFO - Processing /home/airflow/.local/lib/python3.7/site-packages/airflow/example_dags/example_branch_operator_decorator.py took 0.134 seconds
[2024-05-04T16:04:06.234+0000] {processor.py:156} INFO - Started process (PID=2801) to work on /home/airflow/.local/lib/python3.7/site-packages/airflow/example_dags/example_branch_operator_decorator.py
[2024-05-04T16:04:06.234+0000] {processor.py:758} INFO - Processing file /home/airflow/.local/lib/python3.7/site-packages/airflow/example_dags/example_branch_operator_decorator.py for tasks to queue
[2024-05-04T16:04:06.235+0000] {logging_mixin.py:117} INFO - [2024-05-04T16:04:06.235+0000] {dagbag.py:525} INFO - Filling up the DagBag from /home/airflow/.local/lib/python3.7/site-packages/airflow/example_dags/example_branch_operator_decorator.py
[2024-05-04T16:04:06.265+0000] {processor.py:768} INFO - DAG(s) dict_keys(['example_branch_python_operator_decorator']) retrieved from /home/airflow/.local/lib/python3.7/site-packages/airflow/example_dags/example_branch_operator_decorator.py
[2024-05-04T16:04:06.313+0000] {logging_mixin.py:117} INFO - [2024-05-04T16:04:06.313+0000] {dag.py:2573} INFO - Sync 1 DAGs
[2024-05-04T16:04:06.338+0000] {logging_mixin.py:117} INFO - [2024-05-04T16:04:06.338+0000] {dag.py:3328} INFO - Setting next_dagrun for example_branch_python_operator_decorator to 2024-05-03T00:00:00+00:00, run_after=2024-05-04T00:00:00+00:00
[2024-05-04T16:04:06.359+0000] {processor.py:178} INFO - Processing /home/airflow/.local/lib/python3.7/site-packages/airflow/example_dags/example_branch_operator_decorator.py took 0.128 seconds
[2024-05-04T16:04:36.927+0000] {processor.py:156} INFO - Started process (PID=3005) to work on /home/airflow/.local/lib/python3.7/site-packages/airflow/example_dags/example_branch_operator_decorator.py
[2024-05-04T16:04:36.928+0000] {processor.py:758} INFO - Processing file /home/airflow/.local/lib/python3.7/site-packages/airflow/example_dags/example_branch_operator_decorator.py for tasks to queue
[2024-05-04T16:04:36.928+0000] {logging_mixin.py:117} INFO - [2024-05-04T16:04:36.928+0000] {dagbag.py:525} INFO - Filling up the DagBag from /home/airflow/.local/lib/python3.7/site-packages/airflow/example_dags/example_branch_operator_decorator.py
[2024-05-04T16:04:36.953+0000] {processor.py:768} INFO - DAG(s) dict_keys(['example_branch_python_operator_decorator']) retrieved from /home/airflow/.local/lib/python3.7/site-packages/airflow/example_dags/example_branch_operator_decorator.py
[2024-05-04T16:04:36.990+0000] {logging_mixin.py:117} INFO - [2024-05-04T16:04:36.990+0000] {dag.py:2573} INFO - Sync 1 DAGs
[2024-05-04T16:04:37.013+0000] {logging_mixin.py:117} INFO - [2024-05-04T16:04:37.013+0000] {dag.py:3328} INFO - Setting next_dagrun for example_branch_python_operator_decorator to 2024-05-03T00:00:00+00:00, run_after=2024-05-04T00:00:00+00:00
[2024-05-04T16:04:37.035+0000] {processor.py:178} INFO - Processing /home/airflow/.local/lib/python3.7/site-packages/airflow/example_dags/example_branch_operator_decorator.py took 0.111 seconds
[2024-05-04T16:05:07.473+0000] {processor.py:156} INFO - Started process (PID=3218) to work on /home/airflow/.local/lib/python3.7/site-packages/airflow/example_dags/example_branch_operator_decorator.py
[2024-05-04T16:05:07.474+0000] {processor.py:758} INFO - Processing file /home/airflow/.local/lib/python3.7/site-packages/airflow/example_dags/example_branch_operator_decorator.py for tasks to queue
[2024-05-04T16:05:07.474+0000] {logging_mixin.py:117} INFO - [2024-05-04T16:05:07.474+0000] {dagbag.py:525} INFO - Filling up the DagBag from /home/airflow/.local/lib/python3.7/site-packages/airflow/example_dags/example_branch_operator_decorator.py
[2024-05-04T16:05:07.499+0000] {processor.py:768} INFO - DAG(s) dict_keys(['example_branch_python_operator_decorator']) retrieved from /home/airflow/.local/lib/python3.7/site-packages/airflow/example_dags/example_branch_operator_decorator.py
[2024-05-04T16:05:07.538+0000] {logging_mixin.py:117} INFO - [2024-05-04T16:05:07.537+0000] {dag.py:2573} INFO - Sync 1 DAGs
[2024-05-04T16:05:07.568+0000] {logging_mixin.py:117} INFO - [2024-05-04T16:05:07.567+0000] {dag.py:3328} INFO - Setting next_dagrun for example_branch_python_operator_decorator to 2024-05-03T00:00:00+00:00, run_after=2024-05-04T00:00:00+00:00
[2024-05-04T16:05:07.592+0000] {processor.py:178} INFO - Processing /home/airflow/.local/lib/python3.7/site-packages/airflow/example_dags/example_branch_operator_decorator.py took 0.121 seconds
[2024-05-04T16:05:38.169+0000] {processor.py:156} INFO - Started process (PID=3432) to work on /home/airflow/.local/lib/python3.7/site-packages/airflow/example_dags/example_branch_operator_decorator.py
[2024-05-04T16:05:38.169+0000] {processor.py:758} INFO - Processing file /home/airflow/.local/lib/python3.7/site-packages/airflow/example_dags/example_branch_operator_decorator.py for tasks to queue
[2024-05-04T16:05:38.170+0000] {logging_mixin.py:117} INFO - [2024-05-04T16:05:38.170+0000] {dagbag.py:525} INFO - Filling up the DagBag from /home/airflow/.local/lib/python3.7/site-packages/airflow/example_dags/example_branch_operator_decorator.py
[2024-05-04T16:05:38.192+0000] {processor.py:768} INFO - DAG(s) dict_keys(['example_branch_python_operator_decorator']) retrieved from /home/airflow/.local/lib/python3.7/site-packages/airflow/example_dags/example_branch_operator_decorator.py
[2024-05-04T16:05:38.233+0000] {logging_mixin.py:117} INFO - [2024-05-04T16:05:38.233+0000] {dag.py:2573} INFO - Sync 1 DAGs
[2024-05-04T16:05:38.262+0000] {logging_mixin.py:117} INFO - [2024-05-04T16:05:38.262+0000] {dag.py:3328} INFO - Setting next_dagrun for example_branch_python_operator_decorator to 2024-05-03T00:00:00+00:00, run_after=2024-05-04T00:00:00+00:00
[2024-05-04T16:05:38.288+0000] {processor.py:178} INFO - Processing /home/airflow/.local/lib/python3.7/site-packages/airflow/example_dags/example_branch_operator_decorator.py took 0.122 seconds
[2024-05-04T16:06:08.920+0000] {processor.py:156} INFO - Started process (PID=3644) to work on /home/airflow/.local/lib/python3.7/site-packages/airflow/example_dags/example_branch_operator_decorator.py
[2024-05-04T16:06:08.920+0000] {processor.py:758} INFO - Processing file /home/airflow/.local/lib/python3.7/site-packages/airflow/example_dags/example_branch_operator_decorator.py for tasks to queue
[2024-05-04T16:06:08.921+0000] {logging_mixin.py:117} INFO - [2024-05-04T16:06:08.921+0000] {dagbag.py:525} INFO - Filling up the DagBag from /home/airflow/.local/lib/python3.7/site-packages/airflow/example_dags/example_branch_operator_decorator.py
[2024-05-04T16:06:08.952+0000] {processor.py:768} INFO - DAG(s) dict_keys(['example_branch_python_operator_decorator']) retrieved from /home/airflow/.local/lib/python3.7/site-packages/airflow/example_dags/example_branch_operator_decorator.py
[2024-05-04T16:06:09.000+0000] {logging_mixin.py:117} INFO - [2024-05-04T16:06:09.000+0000] {dag.py:2573} INFO - Sync 1 DAGs
[2024-05-04T16:06:09.026+0000] {logging_mixin.py:117} INFO - [2024-05-04T16:06:09.026+0000] {dag.py:3328} INFO - Setting next_dagrun for example_branch_python_operator_decorator to 2024-05-03T00:00:00+00:00, run_after=2024-05-04T00:00:00+00:00
[2024-05-04T16:06:09.048+0000] {processor.py:178} INFO - Processing /home/airflow/.local/lib/python3.7/site-packages/airflow/example_dags/example_branch_operator_decorator.py took 0.132 seconds
[2024-05-04T16:06:39.103+0000] {processor.py:156} INFO - Started process (PID=3860) to work on /home/airflow/.local/lib/python3.7/site-packages/airflow/example_dags/example_branch_operator_decorator.py
[2024-05-04T16:06:39.104+0000] {processor.py:758} INFO - Processing file /home/airflow/.local/lib/python3.7/site-packages/airflow/example_dags/example_branch_operator_decorator.py for tasks to queue
[2024-05-04T16:06:39.105+0000] {logging_mixin.py:117} INFO - [2024-05-04T16:06:39.104+0000] {dagbag.py:525} INFO - Filling up the DagBag from /home/airflow/.local/lib/python3.7/site-packages/airflow/example_dags/example_branch_operator_decorator.py
[2024-05-04T16:06:39.127+0000] {processor.py:768} INFO - DAG(s) dict_keys(['example_branch_python_operator_decorator']) retrieved from /home/airflow/.local/lib/python3.7/site-packages/airflow/example_dags/example_branch_operator_decorator.py
[2024-05-04T16:06:39.163+0000] {logging_mixin.py:117} INFO - [2024-05-04T16:06:39.162+0000] {dag.py:2573} INFO - Sync 1 DAGs
[2024-05-04T16:06:39.190+0000] {logging_mixin.py:117} INFO - [2024-05-04T16:06:39.190+0000] {dag.py:3328} INFO - Setting next_dagrun for example_branch_python_operator_decorator to 2024-05-03T00:00:00+00:00, run_after=2024-05-04T00:00:00+00:00
[2024-05-04T16:06:39.214+0000] {processor.py:178} INFO - Processing /home/airflow/.local/lib/python3.7/site-packages/airflow/example_dags/example_branch_operator_decorator.py took 0.113 seconds
[2024-05-04T16:07:09.641+0000] {processor.py:156} INFO - Started process (PID=4073) to work on /home/airflow/.local/lib/python3.7/site-packages/airflow/example_dags/example_branch_operator_decorator.py
[2024-05-04T16:07:09.642+0000] {processor.py:758} INFO - Processing file /home/airflow/.local/lib/python3.7/site-packages/airflow/example_dags/example_branch_operator_decorator.py for tasks to queue
[2024-05-04T16:07:09.643+0000] {logging_mixin.py:117} INFO - [2024-05-04T16:07:09.642+0000] {dagbag.py:525} INFO - Filling up the DagBag from /home/airflow/.local/lib/python3.7/site-packages/airflow/example_dags/example_branch_operator_decorator.py
[2024-05-04T16:07:09.673+0000] {processor.py:768} INFO - DAG(s) dict_keys(['example_branch_python_operator_decorator']) retrieved from /home/airflow/.local/lib/python3.7/site-packages/airflow/example_dags/example_branch_operator_decorator.py
[2024-05-04T16:07:09.719+0000] {logging_mixin.py:117} INFO - [2024-05-04T16:07:09.719+0000] {dag.py:2573} INFO - Sync 1 DAGs
[2024-05-04T16:07:09.752+0000] {logging_mixin.py:117} INFO - [2024-05-04T16:07:09.751+0000] {dag.py:3328} INFO - Setting next_dagrun for example_branch_python_operator_decorator to 2024-05-03T00:00:00+00:00, run_after=2024-05-04T00:00:00+00:00
[2024-05-04T16:07:09.776+0000] {processor.py:178} INFO - Processing /home/airflow/.local/lib/python3.7/site-packages/airflow/example_dags/example_branch_operator_decorator.py took 0.138 seconds
[2024-05-04T16:07:40.280+0000] {processor.py:156} INFO - Started process (PID=4287) to work on /home/airflow/.local/lib/python3.7/site-packages/airflow/example_dags/example_branch_operator_decorator.py
[2024-05-04T16:07:40.281+0000] {processor.py:758} INFO - Processing file /home/airflow/.local/lib/python3.7/site-packages/airflow/example_dags/example_branch_operator_decorator.py for tasks to queue
[2024-05-04T16:07:40.282+0000] {logging_mixin.py:117} INFO - [2024-05-04T16:07:40.281+0000] {dagbag.py:525} INFO - Filling up the DagBag from /home/airflow/.local/lib/python3.7/site-packages/airflow/example_dags/example_branch_operator_decorator.py
[2024-05-04T16:07:40.313+0000] {processor.py:768} INFO - DAG(s) dict_keys(['example_branch_python_operator_decorator']) retrieved from /home/airflow/.local/lib/python3.7/site-packages/airflow/example_dags/example_branch_operator_decorator.py
[2024-05-04T16:07:40.358+0000] {logging_mixin.py:117} INFO - [2024-05-04T16:07:40.358+0000] {dag.py:2573} INFO - Sync 1 DAGs
[2024-05-04T16:07:40.387+0000] {logging_mixin.py:117} INFO - [2024-05-04T16:07:40.387+0000] {dag.py:3328} INFO - Setting next_dagrun for example_branch_python_operator_decorator to 2024-05-03T00:00:00+00:00, run_after=2024-05-04T00:00:00+00:00
[2024-05-04T16:07:40.413+0000] {processor.py:178} INFO - Processing /home/airflow/.local/lib/python3.7/site-packages/airflow/example_dags/example_branch_operator_decorator.py took 0.135 seconds
[2024-05-04T16:08:10.757+0000] {processor.py:156} INFO - Started process (PID=4498) to work on /home/airflow/.local/lib/python3.7/site-packages/airflow/example_dags/example_branch_operator_decorator.py
[2024-05-04T16:08:10.757+0000] {processor.py:758} INFO - Processing file /home/airflow/.local/lib/python3.7/site-packages/airflow/example_dags/example_branch_operator_decorator.py for tasks to queue
[2024-05-04T16:08:10.758+0000] {logging_mixin.py:117} INFO - [2024-05-04T16:08:10.758+0000] {dagbag.py:525} INFO - Filling up the DagBag from /home/airflow/.local/lib/python3.7/site-packages/airflow/example_dags/example_branch_operator_decorator.py
[2024-05-04T16:08:10.788+0000] {processor.py:768} INFO - DAG(s) dict_keys(['example_branch_python_operator_decorator']) retrieved from /home/airflow/.local/lib/python3.7/site-packages/airflow/example_dags/example_branch_operator_decorator.py
[2024-05-04T16:08:10.835+0000] {logging_mixin.py:117} INFO - [2024-05-04T16:08:10.835+0000] {dag.py:2573} INFO - Sync 1 DAGs
[2024-05-04T16:08:10.862+0000] {logging_mixin.py:117} INFO - [2024-05-04T16:08:10.862+0000] {dag.py:3328} INFO - Setting next_dagrun for example_branch_python_operator_decorator to 2024-05-03T00:00:00+00:00, run_after=2024-05-04T00:00:00+00:00
[2024-05-04T16:08:10.884+0000] {processor.py:178} INFO - Processing /home/airflow/.local/lib/python3.7/site-packages/airflow/example_dags/example_branch_operator_decorator.py took 0.131 seconds
[2024-05-04T16:08:41.472+0000] {processor.py:156} INFO - Started process (PID=4704) to work on /home/airflow/.local/lib/python3.7/site-packages/airflow/example_dags/example_branch_operator_decorator.py
[2024-05-04T16:08:41.473+0000] {processor.py:758} INFO - Processing file /home/airflow/.local/lib/python3.7/site-packages/airflow/example_dags/example_branch_operator_decorator.py for tasks to queue
[2024-05-04T16:08:41.473+0000] {logging_mixin.py:117} INFO - [2024-05-04T16:08:41.473+0000] {dagbag.py:525} INFO - Filling up the DagBag from /home/airflow/.local/lib/python3.7/site-packages/airflow/example_dags/example_branch_operator_decorator.py
[2024-05-04T16:08:41.495+0000] {processor.py:768} INFO - DAG(s) dict_keys(['example_branch_python_operator_decorator']) retrieved from /home/airflow/.local/lib/python3.7/site-packages/airflow/example_dags/example_branch_operator_decorator.py
[2024-05-04T16:08:41.534+0000] {logging_mixin.py:117} INFO - [2024-05-04T16:08:41.534+0000] {dag.py:2573} INFO - Sync 1 DAGs
[2024-05-04T16:08:41.564+0000] {logging_mixin.py:117} INFO - [2024-05-04T16:08:41.564+0000] {dag.py:3328} INFO - Setting next_dagrun for example_branch_python_operator_decorator to 2024-05-03T00:00:00+00:00, run_after=2024-05-04T00:00:00+00:00
[2024-05-04T16:08:41.590+0000] {processor.py:178} INFO - Processing /home/airflow/.local/lib/python3.7/site-packages/airflow/example_dags/example_branch_operator_decorator.py took 0.121 seconds
[2024-05-04T16:09:12.184+0000] {processor.py:156} INFO - Started process (PID=4918) to work on /home/airflow/.local/lib/python3.7/site-packages/airflow/example_dags/example_branch_operator_decorator.py
[2024-05-04T16:09:12.184+0000] {processor.py:758} INFO - Processing file /home/airflow/.local/lib/python3.7/site-packages/airflow/example_dags/example_branch_operator_decorator.py for tasks to queue
[2024-05-04T16:09:12.185+0000] {logging_mixin.py:117} INFO - [2024-05-04T16:09:12.185+0000] {dagbag.py:525} INFO - Filling up the DagBag from /home/airflow/.local/lib/python3.7/site-packages/airflow/example_dags/example_branch_operator_decorator.py
[2024-05-04T16:09:12.217+0000] {processor.py:768} INFO - DAG(s) dict_keys(['example_branch_python_operator_decorator']) retrieved from /home/airflow/.local/lib/python3.7/site-packages/airflow/example_dags/example_branch_operator_decorator.py
[2024-05-04T16:09:12.263+0000] {logging_mixin.py:117} INFO - [2024-05-04T16:09:12.263+0000] {dag.py:2573} INFO - Sync 1 DAGs
[2024-05-04T16:09:12.295+0000] {logging_mixin.py:117} INFO - [2024-05-04T16:09:12.295+0000] {dag.py:3328} INFO - Setting next_dagrun for example_branch_python_operator_decorator to 2024-05-03T00:00:00+00:00, run_after=2024-05-04T00:00:00+00:00
[2024-05-04T16:09:12.320+0000] {processor.py:178} INFO - Processing /home/airflow/.local/lib/python3.7/site-packages/airflow/example_dags/example_branch_operator_decorator.py took 0.139 seconds
[2024-05-04T16:09:42.793+0000] {processor.py:156} INFO - Started process (PID=5132) to work on /home/airflow/.local/lib/python3.7/site-packages/airflow/example_dags/example_branch_operator_decorator.py
[2024-05-04T16:09:42.794+0000] {processor.py:758} INFO - Processing file /home/airflow/.local/lib/python3.7/site-packages/airflow/example_dags/example_branch_operator_decorator.py for tasks to queue
[2024-05-04T16:09:42.795+0000] {logging_mixin.py:117} INFO - [2024-05-04T16:09:42.795+0000] {dagbag.py:525} INFO - Filling up the DagBag from /home/airflow/.local/lib/python3.7/site-packages/airflow/example_dags/example_branch_operator_decorator.py
[2024-05-04T16:09:42.817+0000] {processor.py:768} INFO - DAG(s) dict_keys(['example_branch_python_operator_decorator']) retrieved from /home/airflow/.local/lib/python3.7/site-packages/airflow/example_dags/example_branch_operator_decorator.py
[2024-05-04T16:09:42.852+0000] {logging_mixin.py:117} INFO - [2024-05-04T16:09:42.852+0000] {dag.py:2573} INFO - Sync 1 DAGs
[2024-05-04T16:09:42.875+0000] {logging_mixin.py:117} INFO - [2024-05-04T16:09:42.875+0000] {dag.py:3328} INFO - Setting next_dagrun for example_branch_python_operator_decorator to 2024-05-03T00:00:00+00:00, run_after=2024-05-04T00:00:00+00:00
[2024-05-04T16:09:42.901+0000] {processor.py:178} INFO - Processing /home/airflow/.local/lib/python3.7/site-packages/airflow/example_dags/example_branch_operator_decorator.py took 0.110 seconds
[2024-05-04T16:10:13.525+0000] {processor.py:156} INFO - Started process (PID=5345) to work on /home/airflow/.local/lib/python3.7/site-packages/airflow/example_dags/example_branch_operator_decorator.py
[2024-05-04T16:10:13.525+0000] {processor.py:758} INFO - Processing file /home/airflow/.local/lib/python3.7/site-packages/airflow/example_dags/example_branch_operator_decorator.py for tasks to queue
[2024-05-04T16:10:13.526+0000] {logging_mixin.py:117} INFO - [2024-05-04T16:10:13.526+0000] {dagbag.py:525} INFO - Filling up the DagBag from /home/airflow/.local/lib/python3.7/site-packages/airflow/example_dags/example_branch_operator_decorator.py
[2024-05-04T16:10:13.557+0000] {processor.py:768} INFO - DAG(s) dict_keys(['example_branch_python_operator_decorator']) retrieved from /home/airflow/.local/lib/python3.7/site-packages/airflow/example_dags/example_branch_operator_decorator.py
[2024-05-04T16:10:13.605+0000] {logging_mixin.py:117} INFO - [2024-05-04T16:10:13.604+0000] {dag.py:2573} INFO - Sync 1 DAGs
[2024-05-04T16:10:13.635+0000] {logging_mixin.py:117} INFO - [2024-05-04T16:10:13.634+0000] {dag.py:3328} INFO - Setting next_dagrun for example_branch_python_operator_decorator to 2024-05-03T00:00:00+00:00, run_after=2024-05-04T00:00:00+00:00
[2024-05-04T16:10:13.659+0000] {processor.py:178} INFO - Processing /home/airflow/.local/lib/python3.7/site-packages/airflow/example_dags/example_branch_operator_decorator.py took 0.137 seconds
[2024-05-04T16:10:44.258+0000] {processor.py:156} INFO - Started process (PID=5552) to work on /home/airflow/.local/lib/python3.7/site-packages/airflow/example_dags/example_branch_operator_decorator.py
[2024-05-04T16:10:44.259+0000] {processor.py:758} INFO - Processing file /home/airflow/.local/lib/python3.7/site-packages/airflow/example_dags/example_branch_operator_decorator.py for tasks to queue
[2024-05-04T16:10:44.259+0000] {logging_mixin.py:117} INFO - [2024-05-04T16:10:44.259+0000] {dagbag.py:525} INFO - Filling up the DagBag from /home/airflow/.local/lib/python3.7/site-packages/airflow/example_dags/example_branch_operator_decorator.py
[2024-05-04T16:10:44.290+0000] {processor.py:768} INFO - DAG(s) dict_keys(['example_branch_python_operator_decorator']) retrieved from /home/airflow/.local/lib/python3.7/site-packages/airflow/example_dags/example_branch_operator_decorator.py
[2024-05-04T16:10:44.331+0000] {logging_mixin.py:117} INFO - [2024-05-04T16:10:44.330+0000] {dag.py:2573} INFO - Sync 1 DAGs
[2024-05-04T16:10:44.354+0000] {logging_mixin.py:117} INFO - [2024-05-04T16:10:44.354+0000] {dag.py:3328} INFO - Setting next_dagrun for example_branch_python_operator_decorator to 2024-05-03T00:00:00+00:00, run_after=2024-05-04T00:00:00+00:00
[2024-05-04T16:10:44.374+0000] {processor.py:178} INFO - Processing /home/airflow/.local/lib/python3.7/site-packages/airflow/example_dags/example_branch_operator_decorator.py took 0.119 seconds
[2024-05-04T16:11:14.841+0000] {processor.py:156} INFO - Started process (PID=5765) to work on /home/airflow/.local/lib/python3.7/site-packages/airflow/example_dags/example_branch_operator_decorator.py
[2024-05-04T16:11:14.841+0000] {processor.py:758} INFO - Processing file /home/airflow/.local/lib/python3.7/site-packages/airflow/example_dags/example_branch_operator_decorator.py for tasks to queue
[2024-05-04T16:11:14.842+0000] {logging_mixin.py:117} INFO - [2024-05-04T16:11:14.842+0000] {dagbag.py:525} INFO - Filling up the DagBag from /home/airflow/.local/lib/python3.7/site-packages/airflow/example_dags/example_branch_operator_decorator.py
[2024-05-04T16:11:14.872+0000] {processor.py:768} INFO - DAG(s) dict_keys(['example_branch_python_operator_decorator']) retrieved from /home/airflow/.local/lib/python3.7/site-packages/airflow/example_dags/example_branch_operator_decorator.py
[2024-05-04T16:11:14.917+0000] {logging_mixin.py:117} INFO - [2024-05-04T16:11:14.917+0000] {dag.py:2573} INFO - Sync 1 DAGs
[2024-05-04T16:11:14.952+0000] {logging_mixin.py:117} INFO - [2024-05-04T16:11:14.952+0000] {dag.py:3328} INFO - Setting next_dagrun for example_branch_python_operator_decorator to 2024-05-03T00:00:00+00:00, run_after=2024-05-04T00:00:00+00:00
[2024-05-04T16:11:14.978+0000] {processor.py:178} INFO - Processing /home/airflow/.local/lib/python3.7/site-packages/airflow/example_dags/example_branch_operator_decorator.py took 0.140 seconds
[2024-05-04T16:11:45.534+0000] {processor.py:156} INFO - Started process (PID=5978) to work on /home/airflow/.local/lib/python3.7/site-packages/airflow/example_dags/example_branch_operator_decorator.py
[2024-05-04T16:11:45.534+0000] {processor.py:758} INFO - Processing file /home/airflow/.local/lib/python3.7/site-packages/airflow/example_dags/example_branch_operator_decorator.py for tasks to queue
[2024-05-04T16:11:45.535+0000] {logging_mixin.py:117} INFO - [2024-05-04T16:11:45.535+0000] {dagbag.py:525} INFO - Filling up the DagBag from /home/airflow/.local/lib/python3.7/site-packages/airflow/example_dags/example_branch_operator_decorator.py
[2024-05-04T16:11:45.556+0000] {processor.py:768} INFO - DAG(s) dict_keys(['example_branch_python_operator_decorator']) retrieved from /home/airflow/.local/lib/python3.7/site-packages/airflow/example_dags/example_branch_operator_decorator.py
[2024-05-04T16:11:45.597+0000] {logging_mixin.py:117} INFO - [2024-05-04T16:11:45.597+0000] {dag.py:2573} INFO - Sync 1 DAGs
[2024-05-04T16:11:45.626+0000] {logging_mixin.py:117} INFO - [2024-05-04T16:11:45.626+0000] {dag.py:3328} INFO - Setting next_dagrun for example_branch_python_operator_decorator to 2024-05-03T00:00:00+00:00, run_after=2024-05-04T00:00:00+00:00
[2024-05-04T16:11:45.651+0000] {processor.py:178} INFO - Processing /home/airflow/.local/lib/python3.7/site-packages/airflow/example_dags/example_branch_operator_decorator.py took 0.120 seconds
[2024-05-04T16:12:16.189+0000] {processor.py:156} INFO - Started process (PID=6191) to work on /home/airflow/.local/lib/python3.7/site-packages/airflow/example_dags/example_branch_operator_decorator.py
[2024-05-04T16:12:16.190+0000] {processor.py:758} INFO - Processing file /home/airflow/.local/lib/python3.7/site-packages/airflow/example_dags/example_branch_operator_decorator.py for tasks to queue
[2024-05-04T16:12:16.190+0000] {logging_mixin.py:117} INFO - [2024-05-04T16:12:16.190+0000] {dagbag.py:525} INFO - Filling up the DagBag from /home/airflow/.local/lib/python3.7/site-packages/airflow/example_dags/example_branch_operator_decorator.py
[2024-05-04T16:12:16.214+0000] {processor.py:768} INFO - DAG(s) dict_keys(['example_branch_python_operator_decorator']) retrieved from /home/airflow/.local/lib/python3.7/site-packages/airflow/example_dags/example_branch_operator_decorator.py
[2024-05-04T16:12:16.250+0000] {logging_mixin.py:117} INFO - [2024-05-04T16:12:16.250+0000] {dag.py:2573} INFO - Sync 1 DAGs
[2024-05-04T16:12:16.271+0000] {logging_mixin.py:117} INFO - [2024-05-04T16:12:16.271+0000] {dag.py:3328} INFO - Setting next_dagrun for example_branch_python_operator_decorator to 2024-05-03T00:00:00+00:00, run_after=2024-05-04T00:00:00+00:00
[2024-05-04T16:12:16.292+0000] {processor.py:178} INFO - Processing /home/airflow/.local/lib/python3.7/site-packages/airflow/example_dags/example_branch_operator_decorator.py took 0.106 seconds
[2024-05-04T16:12:46.734+0000] {processor.py:156} INFO - Started process (PID=6395) to work on /home/airflow/.local/lib/python3.7/site-packages/airflow/example_dags/example_branch_operator_decorator.py
[2024-05-04T16:12:46.734+0000] {processor.py:758} INFO - Processing file /home/airflow/.local/lib/python3.7/site-packages/airflow/example_dags/example_branch_operator_decorator.py for tasks to queue
[2024-05-04T16:12:46.735+0000] {logging_mixin.py:117} INFO - [2024-05-04T16:12:46.735+0000] {dagbag.py:525} INFO - Filling up the DagBag from /home/airflow/.local/lib/python3.7/site-packages/airflow/example_dags/example_branch_operator_decorator.py
[2024-05-04T16:12:46.766+0000] {processor.py:768} INFO - DAG(s) dict_keys(['example_branch_python_operator_decorator']) retrieved from /home/airflow/.local/lib/python3.7/site-packages/airflow/example_dags/example_branch_operator_decorator.py
[2024-05-04T16:12:46.811+0000] {logging_mixin.py:117} INFO - [2024-05-04T16:12:46.811+0000] {dag.py:2573} INFO - Sync 1 DAGs
[2024-05-04T16:12:46.846+0000] {logging_mixin.py:117} INFO - [2024-05-04T16:12:46.846+0000] {dag.py:3328} INFO - Setting next_dagrun for example_branch_python_operator_decorator to 2024-05-03T00:00:00+00:00, run_after=2024-05-04T00:00:00+00:00
[2024-05-04T16:12:46.879+0000] {processor.py:178} INFO - Processing /home/airflow/.local/lib/python3.7/site-packages/airflow/example_dags/example_branch_operator_decorator.py took 0.149 seconds
[2024-05-04T16:13:17.412+0000] {processor.py:156} INFO - Started process (PID=6608) to work on /home/airflow/.local/lib/python3.7/site-packages/airflow/example_dags/example_branch_operator_decorator.py
[2024-05-04T16:13:17.413+0000] {processor.py:758} INFO - Processing file /home/airflow/.local/lib/python3.7/site-packages/airflow/example_dags/example_branch_operator_decorator.py for tasks to queue
[2024-05-04T16:13:17.413+0000] {logging_mixin.py:117} INFO - [2024-05-04T16:13:17.413+0000] {dagbag.py:525} INFO - Filling up the DagBag from /home/airflow/.local/lib/python3.7/site-packages/airflow/example_dags/example_branch_operator_decorator.py
[2024-05-04T16:13:17.435+0000] {processor.py:768} INFO - DAG(s) dict_keys(['example_branch_python_operator_decorator']) retrieved from /home/airflow/.local/lib/python3.7/site-packages/airflow/example_dags/example_branch_operator_decorator.py
[2024-05-04T16:13:17.469+0000] {logging_mixin.py:117} INFO - [2024-05-04T16:13:17.469+0000] {dag.py:2573} INFO - Sync 1 DAGs
[2024-05-04T16:13:17.504+0000] {logging_mixin.py:117} INFO - [2024-05-04T16:13:17.504+0000] {dag.py:3328} INFO - Setting next_dagrun for example_branch_python_operator_decorator to 2024-05-03T00:00:00+00:00, run_after=2024-05-04T00:00:00+00:00
[2024-05-04T16:13:17.529+0000] {processor.py:178} INFO - Processing /home/airflow/.local/lib/python3.7/site-packages/airflow/example_dags/example_branch_operator_decorator.py took 0.121 seconds
[2024-05-04T16:13:48.111+0000] {processor.py:156} INFO - Started process (PID=6824) to work on /home/airflow/.local/lib/python3.7/site-packages/airflow/example_dags/example_branch_operator_decorator.py
[2024-05-04T16:13:48.112+0000] {processor.py:758} INFO - Processing file /home/airflow/.local/lib/python3.7/site-packages/airflow/example_dags/example_branch_operator_decorator.py for tasks to queue
[2024-05-04T16:13:48.112+0000] {logging_mixin.py:117} INFO - [2024-05-04T16:13:48.112+0000] {dagbag.py:525} INFO - Filling up the DagBag from /home/airflow/.local/lib/python3.7/site-packages/airflow/example_dags/example_branch_operator_decorator.py
[2024-05-04T16:13:48.135+0000] {processor.py:768} INFO - DAG(s) dict_keys(['example_branch_python_operator_decorator']) retrieved from /home/airflow/.local/lib/python3.7/site-packages/airflow/example_dags/example_branch_operator_decorator.py
[2024-05-04T16:13:48.170+0000] {logging_mixin.py:117} INFO - [2024-05-04T16:13:48.169+0000] {dag.py:2573} INFO - Sync 1 DAGs
[2024-05-04T16:13:48.190+0000] {logging_mixin.py:117} INFO - [2024-05-04T16:13:48.190+0000] {dag.py:3328} INFO - Setting next_dagrun for example_branch_python_operator_decorator to 2024-05-03T00:00:00+00:00, run_after=2024-05-04T00:00:00+00:00
[2024-05-04T16:13:48.215+0000] {processor.py:178} INFO - Processing /home/airflow/.local/lib/python3.7/site-packages/airflow/example_dags/example_branch_operator_decorator.py took 0.106 seconds
[2024-05-04T16:14:18.729+0000] {processor.py:156} INFO - Started process (PID=7037) to work on /home/airflow/.local/lib/python3.7/site-packages/airflow/example_dags/example_branch_operator_decorator.py
[2024-05-04T16:14:18.729+0000] {processor.py:758} INFO - Processing file /home/airflow/.local/lib/python3.7/site-packages/airflow/example_dags/example_branch_operator_decorator.py for tasks to queue
[2024-05-04T16:14:18.730+0000] {logging_mixin.py:117} INFO - [2024-05-04T16:14:18.730+0000] {dagbag.py:525} INFO - Filling up the DagBag from /home/airflow/.local/lib/python3.7/site-packages/airflow/example_dags/example_branch_operator_decorator.py
[2024-05-04T16:14:18.761+0000] {processor.py:768} INFO - DAG(s) dict_keys(['example_branch_python_operator_decorator']) retrieved from /home/airflow/.local/lib/python3.7/site-packages/airflow/example_dags/example_branch_operator_decorator.py
[2024-05-04T16:14:18.810+0000] {logging_mixin.py:117} INFO - [2024-05-04T16:14:18.810+0000] {dag.py:2573} INFO - Sync 1 DAGs
[2024-05-04T16:14:18.841+0000] {logging_mixin.py:117} INFO - [2024-05-04T16:14:18.841+0000] {dag.py:3328} INFO - Setting next_dagrun for example_branch_python_operator_decorator to 2024-05-03T00:00:00+00:00, run_after=2024-05-04T00:00:00+00:00
[2024-05-04T16:14:18.866+0000] {processor.py:178} INFO - Processing /home/airflow/.local/lib/python3.7/site-packages/airflow/example_dags/example_branch_operator_decorator.py took 0.139 seconds
[2024-05-04T16:14:49.317+0000] {processor.py:156} INFO - Started process (PID=7241) to work on /home/airflow/.local/lib/python3.7/site-packages/airflow/example_dags/example_branch_operator_decorator.py
[2024-05-04T16:14:49.317+0000] {processor.py:758} INFO - Processing file /home/airflow/.local/lib/python3.7/site-packages/airflow/example_dags/example_branch_operator_decorator.py for tasks to queue
[2024-05-04T16:14:49.318+0000] {logging_mixin.py:117} INFO - [2024-05-04T16:14:49.318+0000] {dagbag.py:525} INFO - Filling up the DagBag from /home/airflow/.local/lib/python3.7/site-packages/airflow/example_dags/example_branch_operator_decorator.py
[2024-05-04T16:14:49.350+0000] {processor.py:768} INFO - DAG(s) dict_keys(['example_branch_python_operator_decorator']) retrieved from /home/airflow/.local/lib/python3.7/site-packages/airflow/example_dags/example_branch_operator_decorator.py
[2024-05-04T16:14:49.391+0000] {logging_mixin.py:117} INFO - [2024-05-04T16:14:49.391+0000] {dag.py:2573} INFO - Sync 1 DAGs
[2024-05-04T16:14:49.417+0000] {logging_mixin.py:117} INFO - [2024-05-04T16:14:49.417+0000] {dag.py:3328} INFO - Setting next_dagrun for example_branch_python_operator_decorator to 2024-05-03T00:00:00+00:00, run_after=2024-05-04T00:00:00+00:00
[2024-05-04T16:14:49.439+0000] {processor.py:178} INFO - Processing /home/airflow/.local/lib/python3.7/site-packages/airflow/example_dags/example_branch_operator_decorator.py took 0.125 seconds
[2024-05-04T16:15:20.048+0000] {processor.py:156} INFO - Started process (PID=7454) to work on /home/airflow/.local/lib/python3.7/site-packages/airflow/example_dags/example_branch_operator_decorator.py
[2024-05-04T16:15:20.048+0000] {processor.py:758} INFO - Processing file /home/airflow/.local/lib/python3.7/site-packages/airflow/example_dags/example_branch_operator_decorator.py for tasks to queue
[2024-05-04T16:15:20.049+0000] {logging_mixin.py:117} INFO - [2024-05-04T16:15:20.049+0000] {dagbag.py:525} INFO - Filling up the DagBag from /home/airflow/.local/lib/python3.7/site-packages/airflow/example_dags/example_branch_operator_decorator.py
[2024-05-04T16:15:20.079+0000] {processor.py:768} INFO - DAG(s) dict_keys(['example_branch_python_operator_decorator']) retrieved from /home/airflow/.local/lib/python3.7/site-packages/airflow/example_dags/example_branch_operator_decorator.py
[2024-05-04T16:15:20.128+0000] {logging_mixin.py:117} INFO - [2024-05-04T16:15:20.127+0000] {dag.py:2573} INFO - Sync 1 DAGs
[2024-05-04T16:15:20.157+0000] {logging_mixin.py:117} INFO - [2024-05-04T16:15:20.157+0000] {dag.py:3328} INFO - Setting next_dagrun for example_branch_python_operator_decorator to 2024-05-03T00:00:00+00:00, run_after=2024-05-04T00:00:00+00:00
[2024-05-04T16:15:20.183+0000] {processor.py:178} INFO - Processing /home/airflow/.local/lib/python3.7/site-packages/airflow/example_dags/example_branch_operator_decorator.py took 0.138 seconds
[2024-05-04T16:15:50.287+0000] {processor.py:156} INFO - Started process (PID=7676) to work on /home/airflow/.local/lib/python3.7/site-packages/airflow/example_dags/example_branch_operator_decorator.py
[2024-05-04T16:15:50.288+0000] {processor.py:758} INFO - Processing file /home/airflow/.local/lib/python3.7/site-packages/airflow/example_dags/example_branch_operator_decorator.py for tasks to queue
[2024-05-04T16:15:50.288+0000] {logging_mixin.py:117} INFO - [2024-05-04T16:15:50.288+0000] {dagbag.py:525} INFO - Filling up the DagBag from /home/airflow/.local/lib/python3.7/site-packages/airflow/example_dags/example_branch_operator_decorator.py
[2024-05-04T16:15:50.314+0000] {processor.py:768} INFO - DAG(s) dict_keys(['example_branch_python_operator_decorator']) retrieved from /home/airflow/.local/lib/python3.7/site-packages/airflow/example_dags/example_branch_operator_decorator.py
[2024-05-04T16:15:50.354+0000] {logging_mixin.py:117} INFO - [2024-05-04T16:15:50.354+0000] {dag.py:2573} INFO - Sync 1 DAGs
[2024-05-04T16:15:50.376+0000] {logging_mixin.py:117} INFO - [2024-05-04T16:15:50.376+0000] {dag.py:3328} INFO - Setting next_dagrun for example_branch_python_operator_decorator to 2024-05-03T00:00:00+00:00, run_after=2024-05-04T00:00:00+00:00
[2024-05-04T16:15:50.400+0000] {processor.py:178} INFO - Processing /home/airflow/.local/lib/python3.7/site-packages/airflow/example_dags/example_branch_operator_decorator.py took 0.116 seconds
[2024-05-04T16:16:20.451+0000] {processor.py:156} INFO - Started process (PID=7880) to work on /home/airflow/.local/lib/python3.7/site-packages/airflow/example_dags/example_branch_operator_decorator.py
[2024-05-04T16:16:20.452+0000] {processor.py:758} INFO - Processing file /home/airflow/.local/lib/python3.7/site-packages/airflow/example_dags/example_branch_operator_decorator.py for tasks to queue
[2024-05-04T16:16:20.453+0000] {logging_mixin.py:117} INFO - [2024-05-04T16:16:20.453+0000] {dagbag.py:525} INFO - Filling up the DagBag from /home/airflow/.local/lib/python3.7/site-packages/airflow/example_dags/example_branch_operator_decorator.py
[2024-05-04T16:16:20.484+0000] {processor.py:768} INFO - DAG(s) dict_keys(['example_branch_python_operator_decorator']) retrieved from /home/airflow/.local/lib/python3.7/site-packages/airflow/example_dags/example_branch_operator_decorator.py
[2024-05-04T16:16:20.525+0000] {logging_mixin.py:117} INFO - [2024-05-04T16:16:20.525+0000] {dag.py:2573} INFO - Sync 1 DAGs
[2024-05-04T16:16:20.548+0000] {logging_mixin.py:117} INFO - [2024-05-04T16:16:20.548+0000] {dag.py:3328} INFO - Setting next_dagrun for example_branch_python_operator_decorator to 2024-05-03T00:00:00+00:00, run_after=2024-05-04T00:00:00+00:00
[2024-05-04T16:16:20.575+0000] {processor.py:178} INFO - Processing /home/airflow/.local/lib/python3.7/site-packages/airflow/example_dags/example_branch_operator_decorator.py took 0.127 seconds
[2024-05-04T16:16:50.774+0000] {processor.py:156} INFO - Started process (PID=8093) to work on /home/airflow/.local/lib/python3.7/site-packages/airflow/example_dags/example_branch_operator_decorator.py
[2024-05-04T16:16:50.775+0000] {processor.py:758} INFO - Processing file /home/airflow/.local/lib/python3.7/site-packages/airflow/example_dags/example_branch_operator_decorator.py for tasks to queue
[2024-05-04T16:16:50.775+0000] {logging_mixin.py:117} INFO - [2024-05-04T16:16:50.775+0000] {dagbag.py:525} INFO - Filling up the DagBag from /home/airflow/.local/lib/python3.7/site-packages/airflow/example_dags/example_branch_operator_decorator.py
[2024-05-04T16:16:50.807+0000] {processor.py:768} INFO - DAG(s) dict_keys(['example_branch_python_operator_decorator']) retrieved from /home/airflow/.local/lib/python3.7/site-packages/airflow/example_dags/example_branch_operator_decorator.py
[2024-05-04T16:16:50.849+0000] {logging_mixin.py:117} INFO - [2024-05-04T16:16:50.848+0000] {dag.py:2573} INFO - Sync 1 DAGs
[2024-05-04T16:16:50.876+0000] {logging_mixin.py:117} INFO - [2024-05-04T16:16:50.876+0000] {dag.py:3328} INFO - Setting next_dagrun for example_branch_python_operator_decorator to 2024-05-03T00:00:00+00:00, run_after=2024-05-04T00:00:00+00:00
[2024-05-04T16:16:50.904+0000] {processor.py:178} INFO - Processing /home/airflow/.local/lib/python3.7/site-packages/airflow/example_dags/example_branch_operator_decorator.py took 0.133 seconds
[2024-05-04T16:17:20.948+0000] {processor.py:156} INFO - Started process (PID=8309) to work on /home/airflow/.local/lib/python3.7/site-packages/airflow/example_dags/example_branch_operator_decorator.py
[2024-05-04T16:17:20.949+0000] {processor.py:758} INFO - Processing file /home/airflow/.local/lib/python3.7/site-packages/airflow/example_dags/example_branch_operator_decorator.py for tasks to queue
[2024-05-04T16:17:20.949+0000] {logging_mixin.py:117} INFO - [2024-05-04T16:17:20.949+0000] {dagbag.py:525} INFO - Filling up the DagBag from /home/airflow/.local/lib/python3.7/site-packages/airflow/example_dags/example_branch_operator_decorator.py
[2024-05-04T16:17:20.980+0000] {processor.py:768} INFO - DAG(s) dict_keys(['example_branch_python_operator_decorator']) retrieved from /home/airflow/.local/lib/python3.7/site-packages/airflow/example_dags/example_branch_operator_decorator.py
[2024-05-04T16:17:21.025+0000] {logging_mixin.py:117} INFO - [2024-05-04T16:17:21.025+0000] {dag.py:2573} INFO - Sync 1 DAGs
[2024-05-04T16:17:21.057+0000] {logging_mixin.py:117} INFO - [2024-05-04T16:17:21.057+0000] {dag.py:3328} INFO - Setting next_dagrun for example_branch_python_operator_decorator to 2024-05-03T00:00:00+00:00, run_after=2024-05-04T00:00:00+00:00
[2024-05-04T16:17:21.084+0000] {processor.py:178} INFO - Processing /home/airflow/.local/lib/python3.7/site-packages/airflow/example_dags/example_branch_operator_decorator.py took 0.139 seconds
[2024-05-04T16:17:51.117+0000] {processor.py:156} INFO - Started process (PID=8520) to work on /home/airflow/.local/lib/python3.7/site-packages/airflow/example_dags/example_branch_operator_decorator.py
[2024-05-04T16:17:51.118+0000] {processor.py:758} INFO - Processing file /home/airflow/.local/lib/python3.7/site-packages/airflow/example_dags/example_branch_operator_decorator.py for tasks to queue
[2024-05-04T16:17:51.119+0000] {logging_mixin.py:117} INFO - [2024-05-04T16:17:51.118+0000] {dagbag.py:525} INFO - Filling up the DagBag from /home/airflow/.local/lib/python3.7/site-packages/airflow/example_dags/example_branch_operator_decorator.py
[2024-05-04T16:17:51.149+0000] {processor.py:768} INFO - DAG(s) dict_keys(['example_branch_python_operator_decorator']) retrieved from /home/airflow/.local/lib/python3.7/site-packages/airflow/example_dags/example_branch_operator_decorator.py
[2024-05-04T16:17:51.198+0000] {logging_mixin.py:117} INFO - [2024-05-04T16:17:51.198+0000] {dag.py:2573} INFO - Sync 1 DAGs
[2024-05-04T16:17:51.231+0000] {logging_mixin.py:117} INFO - [2024-05-04T16:17:51.231+0000] {dag.py:3328} INFO - Setting next_dagrun for example_branch_python_operator_decorator to 2024-05-03T00:00:00+00:00, run_after=2024-05-04T00:00:00+00:00
[2024-05-04T16:17:51.256+0000] {processor.py:178} INFO - Processing /home/airflow/.local/lib/python3.7/site-packages/airflow/example_dags/example_branch_operator_decorator.py took 0.143 seconds
[2024-05-04T16:18:21.473+0000] {processor.py:156} INFO - Started process (PID=8727) to work on /home/airflow/.local/lib/python3.7/site-packages/airflow/example_dags/example_branch_operator_decorator.py
[2024-05-04T16:18:21.474+0000] {processor.py:758} INFO - Processing file /home/airflow/.local/lib/python3.7/site-packages/airflow/example_dags/example_branch_operator_decorator.py for tasks to queue
[2024-05-04T16:18:21.474+0000] {logging_mixin.py:117} INFO - [2024-05-04T16:18:21.474+0000] {dagbag.py:525} INFO - Filling up the DagBag from /home/airflow/.local/lib/python3.7/site-packages/airflow/example_dags/example_branch_operator_decorator.py
[2024-05-04T16:18:21.505+0000] {processor.py:768} INFO - DAG(s) dict_keys(['example_branch_python_operator_decorator']) retrieved from /home/airflow/.local/lib/python3.7/site-packages/airflow/example_dags/example_branch_operator_decorator.py
[2024-05-04T16:18:21.546+0000] {logging_mixin.py:117} INFO - [2024-05-04T16:18:21.545+0000] {dag.py:2573} INFO - Sync 1 DAGs
[2024-05-04T16:18:21.567+0000] {logging_mixin.py:117} INFO - [2024-05-04T16:18:21.567+0000] {dag.py:3328} INFO - Setting next_dagrun for example_branch_python_operator_decorator to 2024-05-03T00:00:00+00:00, run_after=2024-05-04T00:00:00+00:00
[2024-05-04T16:18:21.593+0000] {processor.py:178} INFO - Processing /home/airflow/.local/lib/python3.7/site-packages/airflow/example_dags/example_branch_operator_decorator.py took 0.123 seconds
[2024-05-04T16:18:51.672+0000] {processor.py:156} INFO - Started process (PID=8943) to work on /home/airflow/.local/lib/python3.7/site-packages/airflow/example_dags/example_branch_operator_decorator.py
[2024-05-04T16:18:51.673+0000] {processor.py:758} INFO - Processing file /home/airflow/.local/lib/python3.7/site-packages/airflow/example_dags/example_branch_operator_decorator.py for tasks to queue
[2024-05-04T16:18:51.674+0000] {logging_mixin.py:117} INFO - [2024-05-04T16:18:51.674+0000] {dagbag.py:525} INFO - Filling up the DagBag from /home/airflow/.local/lib/python3.7/site-packages/airflow/example_dags/example_branch_operator_decorator.py
[2024-05-04T16:18:51.705+0000] {processor.py:768} INFO - DAG(s) dict_keys(['example_branch_python_operator_decorator']) retrieved from /home/airflow/.local/lib/python3.7/site-packages/airflow/example_dags/example_branch_operator_decorator.py
[2024-05-04T16:18:51.745+0000] {logging_mixin.py:117} INFO - [2024-05-04T16:18:51.744+0000] {dag.py:2573} INFO - Sync 1 DAGs
[2024-05-04T16:18:51.774+0000] {logging_mixin.py:117} INFO - [2024-05-04T16:18:51.774+0000] {dag.py:3328} INFO - Setting next_dagrun for example_branch_python_operator_decorator to 2024-05-03T00:00:00+00:00, run_after=2024-05-04T00:00:00+00:00
[2024-05-04T16:18:51.793+0000] {processor.py:178} INFO - Processing /home/airflow/.local/lib/python3.7/site-packages/airflow/example_dags/example_branch_operator_decorator.py took 0.124 seconds
