[2024-05-04T15:58:06.585+0000] {processor.py:156} INFO - Started process (PID=315) to work on /home/airflow/.local/lib/python3.7/site-packages/airflow/example_dags/example_branch_labels.py
[2024-05-04T15:58:06.586+0000] {processor.py:758} INFO - Processing file /home/airflow/.local/lib/python3.7/site-packages/airflow/example_dags/example_branch_labels.py for tasks to queue
[2024-05-04T15:58:06.587+0000] {logging_mixin.py:117} INFO - [2024-05-04T15:58:06.587+0000] {dagbag.py:525} INFO - Filling up the DagBag from /home/airflow/.local/lib/python3.7/site-packages/airflow/example_dags/example_branch_labels.py
[2024-05-04T15:58:06.638+0000] {processor.py:768} INFO - DAG(s) dict_keys(['example_branch_labels']) retrieved from /home/airflow/.local/lib/python3.7/site-packages/airflow/example_dags/example_branch_labels.py
[2024-05-04T15:58:07.025+0000] {logging_mixin.py:117} INFO - [2024-05-04T15:58:07.025+0000] {manager.py:507} INFO - Created Permission View: can read on DAG:example_branch_labels
[2024-05-04T15:58:07.042+0000] {logging_mixin.py:117} INFO - [2024-05-04T15:58:07.042+0000] {manager.py:507} INFO - Created Permission View: can edit on DAG:example_branch_labels
[2024-05-04T15:58:07.056+0000] {logging_mixin.py:117} INFO - [2024-05-04T15:58:07.055+0000] {manager.py:507} INFO - Created Permission View: can delete on DAG:example_branch_labels
[2024-05-04T15:58:07.056+0000] {logging_mixin.py:117} INFO - [2024-05-04T15:58:07.056+0000] {dag.py:2573} INFO - Sync 1 DAGs
[2024-05-04T15:58:07.075+0000] {logging_mixin.py:117} INFO - [2024-05-04T15:58:07.075+0000] {dag.py:2594} INFO - Creating ORM DAG for example_branch_labels
[2024-05-04T15:58:07.094+0000] {logging_mixin.py:117} INFO - [2024-05-04T15:58:07.093+0000] {dag.py:3328} INFO - Setting next_dagrun for example_branch_labels to 2024-05-03T00:00:00+00:00, run_after=2024-05-04T00:00:00+00:00
[2024-05-04T15:58:07.121+0000] {processor.py:178} INFO - Processing /home/airflow/.local/lib/python3.7/site-packages/airflow/example_dags/example_branch_labels.py took 0.540 seconds
[2024-05-04T15:58:43.540+0000] {processor.py:156} INFO - Started process (PID=576) to work on /home/airflow/.local/lib/python3.7/site-packages/airflow/example_dags/example_branch_labels.py
[2024-05-04T15:58:43.541+0000] {processor.py:758} INFO - Processing file /home/airflow/.local/lib/python3.7/site-packages/airflow/example_dags/example_branch_labels.py for tasks to queue
[2024-05-04T15:58:43.541+0000] {logging_mixin.py:117} INFO - [2024-05-04T15:58:43.541+0000] {dagbag.py:525} INFO - Filling up the DagBag from /home/airflow/.local/lib/python3.7/site-packages/airflow/example_dags/example_branch_labels.py
[2024-05-04T15:58:43.565+0000] {processor.py:768} INFO - DAG(s) dict_keys(['example_branch_labels']) retrieved from /home/airflow/.local/lib/python3.7/site-packages/airflow/example_dags/example_branch_labels.py
[2024-05-04T15:58:43.609+0000] {logging_mixin.py:117} INFO - [2024-05-04T15:58:43.609+0000] {dag.py:2573} INFO - Sync 1 DAGs
[2024-05-04T15:58:43.636+0000] {logging_mixin.py:117} INFO - [2024-05-04T15:58:43.636+0000] {dag.py:3328} INFO - Setting next_dagrun for example_branch_labels to 2024-05-03T00:00:00+00:00, run_after=2024-05-04T00:00:00+00:00
[2024-05-04T15:58:43.799+0000] {processor.py:178} INFO - Processing /home/airflow/.local/lib/python3.7/site-packages/airflow/example_dags/example_branch_labels.py took 0.262 seconds
[2024-05-04T15:59:14.204+0000] {processor.py:156} INFO - Started process (PID=831) to work on /home/airflow/.local/lib/python3.7/site-packages/airflow/example_dags/example_branch_labels.py
[2024-05-04T15:59:14.205+0000] {processor.py:758} INFO - Processing file /home/airflow/.local/lib/python3.7/site-packages/airflow/example_dags/example_branch_labels.py for tasks to queue
[2024-05-04T15:59:14.205+0000] {logging_mixin.py:117} INFO - [2024-05-04T15:59:14.205+0000] {dagbag.py:525} INFO - Filling up the DagBag from /home/airflow/.local/lib/python3.7/site-packages/airflow/example_dags/example_branch_labels.py
[2024-05-04T15:59:14.224+0000] {processor.py:768} INFO - DAG(s) dict_keys(['example_branch_labels']) retrieved from /home/airflow/.local/lib/python3.7/site-packages/airflow/example_dags/example_branch_labels.py
[2024-05-04T15:59:14.266+0000] {logging_mixin.py:117} INFO - [2024-05-04T15:59:14.266+0000] {dag.py:2573} INFO - Sync 1 DAGs
[2024-05-04T15:59:14.429+0000] {logging_mixin.py:117} INFO - [2024-05-04T15:59:14.429+0000] {dag.py:3328} INFO - Setting next_dagrun for example_branch_labels to 2024-05-03T00:00:00+00:00, run_after=2024-05-04T00:00:00+00:00
[2024-05-04T15:59:14.452+0000] {processor.py:178} INFO - Processing /home/airflow/.local/lib/python3.7/site-packages/airflow/example_dags/example_branch_labels.py took 0.253 seconds
[2024-05-04T15:59:44.496+0000] {processor.py:156} INFO - Started process (PID=1044) to work on /home/airflow/.local/lib/python3.7/site-packages/airflow/example_dags/example_branch_labels.py
[2024-05-04T15:59:44.496+0000] {processor.py:758} INFO - Processing file /home/airflow/.local/lib/python3.7/site-packages/airflow/example_dags/example_branch_labels.py for tasks to queue
[2024-05-04T15:59:44.497+0000] {logging_mixin.py:117} INFO - [2024-05-04T15:59:44.497+0000] {dagbag.py:525} INFO - Filling up the DagBag from /home/airflow/.local/lib/python3.7/site-packages/airflow/example_dags/example_branch_labels.py
[2024-05-04T15:59:44.512+0000] {processor.py:768} INFO - DAG(s) dict_keys(['example_branch_labels']) retrieved from /home/airflow/.local/lib/python3.7/site-packages/airflow/example_dags/example_branch_labels.py
[2024-05-04T15:59:44.692+0000] {logging_mixin.py:117} INFO - [2024-05-04T15:59:44.692+0000] {dag.py:2573} INFO - Sync 1 DAGs
[2024-05-04T15:59:44.724+0000] {logging_mixin.py:117} INFO - [2024-05-04T15:59:44.724+0000] {dag.py:3328} INFO - Setting next_dagrun for example_branch_labels to 2024-05-03T00:00:00+00:00, run_after=2024-05-04T00:00:00+00:00
[2024-05-04T15:59:44.749+0000] {processor.py:178} INFO - Processing /home/airflow/.local/lib/python3.7/site-packages/airflow/example_dags/example_branch_labels.py took 0.256 seconds
[2024-05-04T16:00:14.959+0000] {processor.py:156} INFO - Started process (PID=1257) to work on /home/airflow/.local/lib/python3.7/site-packages/airflow/example_dags/example_branch_labels.py
[2024-05-04T16:00:14.959+0000] {processor.py:758} INFO - Processing file /home/airflow/.local/lib/python3.7/site-packages/airflow/example_dags/example_branch_labels.py for tasks to queue
[2024-05-04T16:00:14.960+0000] {logging_mixin.py:117} INFO - [2024-05-04T16:00:14.960+0000] {dagbag.py:525} INFO - Filling up the DagBag from /home/airflow/.local/lib/python3.7/site-packages/airflow/example_dags/example_branch_labels.py
[2024-05-04T16:00:14.979+0000] {processor.py:768} INFO - DAG(s) dict_keys(['example_branch_labels']) retrieved from /home/airflow/.local/lib/python3.7/site-packages/airflow/example_dags/example_branch_labels.py
[2024-05-04T16:00:15.128+0000] {logging_mixin.py:117} INFO - [2024-05-04T16:00:15.128+0000] {dag.py:2573} INFO - Sync 1 DAGs
[2024-05-04T16:00:15.148+0000] {logging_mixin.py:117} INFO - [2024-05-04T16:00:15.148+0000] {dag.py:3328} INFO - Setting next_dagrun for example_branch_labels to 2024-05-03T00:00:00+00:00, run_after=2024-05-04T00:00:00+00:00
[2024-05-04T16:00:15.168+0000] {processor.py:178} INFO - Processing /home/airflow/.local/lib/python3.7/site-packages/airflow/example_dags/example_branch_labels.py took 0.212 seconds
[2024-05-04T16:00:45.366+0000] {processor.py:156} INFO - Started process (PID=1467) to work on /home/airflow/.local/lib/python3.7/site-packages/airflow/example_dags/example_branch_labels.py
[2024-05-04T16:00:45.369+0000] {processor.py:758} INFO - Processing file /home/airflow/.local/lib/python3.7/site-packages/airflow/example_dags/example_branch_labels.py for tasks to queue
[2024-05-04T16:00:45.379+0000] {logging_mixin.py:117} INFO - [2024-05-04T16:00:45.370+0000] {dagbag.py:525} INFO - Filling up the DagBag from /home/airflow/.local/lib/python3.7/site-packages/airflow/example_dags/example_branch_labels.py
[2024-05-04T16:00:45.399+0000] {processor.py:768} INFO - DAG(s) dict_keys(['example_branch_labels']) retrieved from /home/airflow/.local/lib/python3.7/site-packages/airflow/example_dags/example_branch_labels.py
[2024-05-04T16:00:45.567+0000] {logging_mixin.py:117} INFO - [2024-05-04T16:00:45.567+0000] {dag.py:2573} INFO - Sync 1 DAGs
[2024-05-04T16:00:45.588+0000] {logging_mixin.py:117} INFO - [2024-05-04T16:00:45.587+0000] {dag.py:3328} INFO - Setting next_dagrun for example_branch_labels to 2024-05-03T00:00:00+00:00, run_after=2024-05-04T00:00:00+00:00
[2024-05-04T16:00:45.607+0000] {processor.py:178} INFO - Processing /home/airflow/.local/lib/python3.7/site-packages/airflow/example_dags/example_branch_labels.py took 0.247 seconds
[2024-05-04T16:01:15.779+0000] {processor.py:156} INFO - Started process (PID=1669) to work on /home/airflow/.local/lib/python3.7/site-packages/airflow/example_dags/example_branch_labels.py
[2024-05-04T16:01:15.779+0000] {processor.py:758} INFO - Processing file /home/airflow/.local/lib/python3.7/site-packages/airflow/example_dags/example_branch_labels.py for tasks to queue
[2024-05-04T16:01:15.780+0000] {logging_mixin.py:117} INFO - [2024-05-04T16:01:15.780+0000] {dagbag.py:525} INFO - Filling up the DagBag from /home/airflow/.local/lib/python3.7/site-packages/airflow/example_dags/example_branch_labels.py
[2024-05-04T16:01:15.798+0000] {processor.py:768} INFO - DAG(s) dict_keys(['example_branch_labels']) retrieved from /home/airflow/.local/lib/python3.7/site-packages/airflow/example_dags/example_branch_labels.py
[2024-05-04T16:01:15.834+0000] {logging_mixin.py:117} INFO - [2024-05-04T16:01:15.834+0000] {dag.py:2573} INFO - Sync 1 DAGs
[2024-05-04T16:01:15.858+0000] {logging_mixin.py:117} INFO - [2024-05-04T16:01:15.858+0000] {dag.py:3328} INFO - Setting next_dagrun for example_branch_labels to 2024-05-03T00:00:00+00:00, run_after=2024-05-04T00:00:00+00:00
[2024-05-04T16:01:15.879+0000] {processor.py:178} INFO - Processing /home/airflow/.local/lib/python3.7/site-packages/airflow/example_dags/example_branch_labels.py took 0.104 seconds
[2024-05-04T16:01:46.461+0000] {processor.py:156} INFO - Started process (PID=1882) to work on /home/airflow/.local/lib/python3.7/site-packages/airflow/example_dags/example_branch_labels.py
[2024-05-04T16:01:46.462+0000] {processor.py:758} INFO - Processing file /home/airflow/.local/lib/python3.7/site-packages/airflow/example_dags/example_branch_labels.py for tasks to queue
[2024-05-04T16:01:46.462+0000] {logging_mixin.py:117} INFO - [2024-05-04T16:01:46.462+0000] {dagbag.py:525} INFO - Filling up the DagBag from /home/airflow/.local/lib/python3.7/site-packages/airflow/example_dags/example_branch_labels.py
[2024-05-04T16:01:46.483+0000] {processor.py:768} INFO - DAG(s) dict_keys(['example_branch_labels']) retrieved from /home/airflow/.local/lib/python3.7/site-packages/airflow/example_dags/example_branch_labels.py
[2024-05-04T16:01:46.532+0000] {logging_mixin.py:117} INFO - [2024-05-04T16:01:46.531+0000] {dag.py:2573} INFO - Sync 1 DAGs
[2024-05-04T16:01:46.573+0000] {logging_mixin.py:117} INFO - [2024-05-04T16:01:46.573+0000] {dag.py:3328} INFO - Setting next_dagrun for example_branch_labels to 2024-05-03T00:00:00+00:00, run_after=2024-05-04T00:00:00+00:00
[2024-05-04T16:01:46.626+0000] {processor.py:178} INFO - Processing /home/airflow/.local/lib/python3.7/site-packages/airflow/example_dags/example_branch_labels.py took 0.168 seconds
[2024-05-04T16:02:17.312+0000] {processor.py:156} INFO - Started process (PID=2095) to work on /home/airflow/.local/lib/python3.7/site-packages/airflow/example_dags/example_branch_labels.py
[2024-05-04T16:02:17.312+0000] {processor.py:758} INFO - Processing file /home/airflow/.local/lib/python3.7/site-packages/airflow/example_dags/example_branch_labels.py for tasks to queue
[2024-05-04T16:02:17.313+0000] {logging_mixin.py:117} INFO - [2024-05-04T16:02:17.313+0000] {dagbag.py:525} INFO - Filling up the DagBag from /home/airflow/.local/lib/python3.7/site-packages/airflow/example_dags/example_branch_labels.py
[2024-05-04T16:02:17.332+0000] {processor.py:768} INFO - DAG(s) dict_keys(['example_branch_labels']) retrieved from /home/airflow/.local/lib/python3.7/site-packages/airflow/example_dags/example_branch_labels.py
[2024-05-04T16:02:17.380+0000] {logging_mixin.py:117} INFO - [2024-05-04T16:02:17.379+0000] {dag.py:2573} INFO - Sync 1 DAGs
[2024-05-04T16:02:17.409+0000] {logging_mixin.py:117} INFO - [2024-05-04T16:02:17.409+0000] {dag.py:3328} INFO - Setting next_dagrun for example_branch_labels to 2024-05-03T00:00:00+00:00, run_after=2024-05-04T00:00:00+00:00
[2024-05-04T16:02:17.433+0000] {processor.py:178} INFO - Processing /home/airflow/.local/lib/python3.7/site-packages/airflow/example_dags/example_branch_labels.py took 0.124 seconds
[2024-05-04T16:02:48.090+0000] {processor.py:156} INFO - Started process (PID=2308) to work on /home/airflow/.local/lib/python3.7/site-packages/airflow/example_dags/example_branch_labels.py
[2024-05-04T16:02:48.090+0000] {processor.py:758} INFO - Processing file /home/airflow/.local/lib/python3.7/site-packages/airflow/example_dags/example_branch_labels.py for tasks to queue
[2024-05-04T16:02:48.091+0000] {logging_mixin.py:117} INFO - [2024-05-04T16:02:48.091+0000] {dagbag.py:525} INFO - Filling up the DagBag from /home/airflow/.local/lib/python3.7/site-packages/airflow/example_dags/example_branch_labels.py
[2024-05-04T16:02:48.129+0000] {processor.py:768} INFO - DAG(s) dict_keys(['example_branch_labels']) retrieved from /home/airflow/.local/lib/python3.7/site-packages/airflow/example_dags/example_branch_labels.py
[2024-05-04T16:02:48.182+0000] {logging_mixin.py:117} INFO - [2024-05-04T16:02:48.182+0000] {dag.py:2573} INFO - Sync 1 DAGs
[2024-05-04T16:02:48.210+0000] {logging_mixin.py:117} INFO - [2024-05-04T16:02:48.210+0000] {dag.py:3328} INFO - Setting next_dagrun for example_branch_labels to 2024-05-03T00:00:00+00:00, run_after=2024-05-04T00:00:00+00:00
[2024-05-04T16:02:48.234+0000] {processor.py:178} INFO - Processing /home/airflow/.local/lib/python3.7/site-packages/airflow/example_dags/example_branch_labels.py took 0.148 seconds
[2024-05-04T16:03:18.828+0000] {processor.py:156} INFO - Started process (PID=2513) to work on /home/airflow/.local/lib/python3.7/site-packages/airflow/example_dags/example_branch_labels.py
[2024-05-04T16:03:18.829+0000] {processor.py:758} INFO - Processing file /home/airflow/.local/lib/python3.7/site-packages/airflow/example_dags/example_branch_labels.py for tasks to queue
[2024-05-04T16:03:18.829+0000] {logging_mixin.py:117} INFO - [2024-05-04T16:03:18.829+0000] {dagbag.py:525} INFO - Filling up the DagBag from /home/airflow/.local/lib/python3.7/site-packages/airflow/example_dags/example_branch_labels.py
[2024-05-04T16:03:18.842+0000] {processor.py:768} INFO - DAG(s) dict_keys(['example_branch_labels']) retrieved from /home/airflow/.local/lib/python3.7/site-packages/airflow/example_dags/example_branch_labels.py
[2024-05-04T16:03:18.873+0000] {logging_mixin.py:117} INFO - [2024-05-04T16:03:18.873+0000] {dag.py:2573} INFO - Sync 1 DAGs
[2024-05-04T16:03:18.894+0000] {logging_mixin.py:117} INFO - [2024-05-04T16:03:18.894+0000] {dag.py:3328} INFO - Setting next_dagrun for example_branch_labels to 2024-05-03T00:00:00+00:00, run_after=2024-05-04T00:00:00+00:00
[2024-05-04T16:03:18.918+0000] {processor.py:178} INFO - Processing /home/airflow/.local/lib/python3.7/site-packages/airflow/example_dags/example_branch_labels.py took 0.092 seconds
[2024-05-04T16:03:49.491+0000] {processor.py:156} INFO - Started process (PID=2726) to work on /home/airflow/.local/lib/python3.7/site-packages/airflow/example_dags/example_branch_labels.py
[2024-05-04T16:03:49.492+0000] {processor.py:758} INFO - Processing file /home/airflow/.local/lib/python3.7/site-packages/airflow/example_dags/example_branch_labels.py for tasks to queue
[2024-05-04T16:03:49.492+0000] {logging_mixin.py:117} INFO - [2024-05-04T16:03:49.492+0000] {dagbag.py:525} INFO - Filling up the DagBag from /home/airflow/.local/lib/python3.7/site-packages/airflow/example_dags/example_branch_labels.py
[2024-05-04T16:03:49.511+0000] {processor.py:768} INFO - DAG(s) dict_keys(['example_branch_labels']) retrieved from /home/airflow/.local/lib/python3.7/site-packages/airflow/example_dags/example_branch_labels.py
[2024-05-04T16:03:49.553+0000] {logging_mixin.py:117} INFO - [2024-05-04T16:03:49.552+0000] {dag.py:2573} INFO - Sync 1 DAGs
[2024-05-04T16:03:49.582+0000] {logging_mixin.py:117} INFO - [2024-05-04T16:03:49.582+0000] {dag.py:3328} INFO - Setting next_dagrun for example_branch_labels to 2024-05-03T00:00:00+00:00, run_after=2024-05-04T00:00:00+00:00
[2024-05-04T16:03:49.601+0000] {processor.py:178} INFO - Processing /home/airflow/.local/lib/python3.7/site-packages/airflow/example_dags/example_branch_labels.py took 0.112 seconds
[2024-05-04T16:04:20.031+0000] {processor.py:156} INFO - Started process (PID=2939) to work on /home/airflow/.local/lib/python3.7/site-packages/airflow/example_dags/example_branch_labels.py
[2024-05-04T16:04:20.031+0000] {processor.py:758} INFO - Processing file /home/airflow/.local/lib/python3.7/site-packages/airflow/example_dags/example_branch_labels.py for tasks to queue
[2024-05-04T16:04:20.032+0000] {logging_mixin.py:117} INFO - [2024-05-04T16:04:20.031+0000] {dagbag.py:525} INFO - Filling up the DagBag from /home/airflow/.local/lib/python3.7/site-packages/airflow/example_dags/example_branch_labels.py
[2024-05-04T16:04:20.045+0000] {processor.py:768} INFO - DAG(s) dict_keys(['example_branch_labels']) retrieved from /home/airflow/.local/lib/python3.7/site-packages/airflow/example_dags/example_branch_labels.py
[2024-05-04T16:04:20.085+0000] {logging_mixin.py:117} INFO - [2024-05-04T16:04:20.085+0000] {dag.py:2573} INFO - Sync 1 DAGs
[2024-05-04T16:04:20.114+0000] {logging_mixin.py:117} INFO - [2024-05-04T16:04:20.114+0000] {dag.py:3328} INFO - Setting next_dagrun for example_branch_labels to 2024-05-03T00:00:00+00:00, run_after=2024-05-04T00:00:00+00:00
[2024-05-04T16:04:20.133+0000] {processor.py:178} INFO - Processing /home/airflow/.local/lib/python3.7/site-packages/airflow/example_dags/example_branch_labels.py took 0.105 seconds
[2024-05-04T16:04:50.632+0000] {processor.py:156} INFO - Started process (PID=3152) to work on /home/airflow/.local/lib/python3.7/site-packages/airflow/example_dags/example_branch_labels.py
[2024-05-04T16:04:50.633+0000] {processor.py:758} INFO - Processing file /home/airflow/.local/lib/python3.7/site-packages/airflow/example_dags/example_branch_labels.py for tasks to queue
[2024-05-04T16:04:50.633+0000] {logging_mixin.py:117} INFO - [2024-05-04T16:04:50.633+0000] {dagbag.py:525} INFO - Filling up the DagBag from /home/airflow/.local/lib/python3.7/site-packages/airflow/example_dags/example_branch_labels.py
[2024-05-04T16:04:50.652+0000] {processor.py:768} INFO - DAG(s) dict_keys(['example_branch_labels']) retrieved from /home/airflow/.local/lib/python3.7/site-packages/airflow/example_dags/example_branch_labels.py
[2024-05-04T16:04:50.700+0000] {logging_mixin.py:117} INFO - [2024-05-04T16:04:50.700+0000] {dag.py:2573} INFO - Sync 1 DAGs
[2024-05-04T16:04:50.735+0000] {logging_mixin.py:117} INFO - [2024-05-04T16:04:50.735+0000] {dag.py:3328} INFO - Setting next_dagrun for example_branch_labels to 2024-05-03T00:00:00+00:00, run_after=2024-05-04T00:00:00+00:00
[2024-05-04T16:04:50.757+0000] {processor.py:178} INFO - Processing /home/airflow/.local/lib/python3.7/site-packages/airflow/example_dags/example_branch_labels.py took 0.129 seconds
[2024-05-04T16:05:21.296+0000] {processor.py:156} INFO - Started process (PID=3356) to work on /home/airflow/.local/lib/python3.7/site-packages/airflow/example_dags/example_branch_labels.py
[2024-05-04T16:05:21.297+0000] {processor.py:758} INFO - Processing file /home/airflow/.local/lib/python3.7/site-packages/airflow/example_dags/example_branch_labels.py for tasks to queue
[2024-05-04T16:05:21.297+0000] {logging_mixin.py:117} INFO - [2024-05-04T16:05:21.297+0000] {dagbag.py:525} INFO - Filling up the DagBag from /home/airflow/.local/lib/python3.7/site-packages/airflow/example_dags/example_branch_labels.py
[2024-05-04T16:05:21.316+0000] {processor.py:768} INFO - DAG(s) dict_keys(['example_branch_labels']) retrieved from /home/airflow/.local/lib/python3.7/site-packages/airflow/example_dags/example_branch_labels.py
[2024-05-04T16:05:21.358+0000] {logging_mixin.py:117} INFO - [2024-05-04T16:05:21.358+0000] {dag.py:2573} INFO - Sync 1 DAGs
[2024-05-04T16:05:21.388+0000] {logging_mixin.py:117} INFO - [2024-05-04T16:05:21.388+0000] {dag.py:3328} INFO - Setting next_dagrun for example_branch_labels to 2024-05-03T00:00:00+00:00, run_after=2024-05-04T00:00:00+00:00
[2024-05-04T16:05:21.414+0000] {processor.py:178} INFO - Processing /home/airflow/.local/lib/python3.7/site-packages/airflow/example_dags/example_branch_labels.py took 0.122 seconds
[2024-05-04T16:05:51.997+0000] {processor.py:156} INFO - Started process (PID=3570) to work on /home/airflow/.local/lib/python3.7/site-packages/airflow/example_dags/example_branch_labels.py
[2024-05-04T16:05:51.997+0000] {processor.py:758} INFO - Processing file /home/airflow/.local/lib/python3.7/site-packages/airflow/example_dags/example_branch_labels.py for tasks to queue
[2024-05-04T16:05:51.997+0000] {logging_mixin.py:117} INFO - [2024-05-04T16:05:51.997+0000] {dagbag.py:525} INFO - Filling up the DagBag from /home/airflow/.local/lib/python3.7/site-packages/airflow/example_dags/example_branch_labels.py
[2024-05-04T16:05:52.011+0000] {processor.py:768} INFO - DAG(s) dict_keys(['example_branch_labels']) retrieved from /home/airflow/.local/lib/python3.7/site-packages/airflow/example_dags/example_branch_labels.py
[2024-05-04T16:05:52.053+0000] {logging_mixin.py:117} INFO - [2024-05-04T16:05:52.052+0000] {dag.py:2573} INFO - Sync 1 DAGs
[2024-05-04T16:05:52.075+0000] {logging_mixin.py:117} INFO - [2024-05-04T16:05:52.075+0000] {dag.py:3328} INFO - Setting next_dagrun for example_branch_labels to 2024-05-03T00:00:00+00:00, run_after=2024-05-04T00:00:00+00:00
[2024-05-04T16:05:52.101+0000] {processor.py:178} INFO - Processing /home/airflow/.local/lib/python3.7/site-packages/airflow/example_dags/example_branch_labels.py took 0.107 seconds
[2024-05-04T16:06:22.802+0000] {processor.py:156} INFO - Started process (PID=3788) to work on /home/airflow/.local/lib/python3.7/site-packages/airflow/example_dags/example_branch_labels.py
[2024-05-04T16:06:22.803+0000] {processor.py:758} INFO - Processing file /home/airflow/.local/lib/python3.7/site-packages/airflow/example_dags/example_branch_labels.py for tasks to queue
[2024-05-04T16:06:22.804+0000] {logging_mixin.py:117} INFO - [2024-05-04T16:06:22.803+0000] {dagbag.py:525} INFO - Filling up the DagBag from /home/airflow/.local/lib/python3.7/site-packages/airflow/example_dags/example_branch_labels.py
[2024-05-04T16:06:22.821+0000] {processor.py:768} INFO - DAG(s) dict_keys(['example_branch_labels']) retrieved from /home/airflow/.local/lib/python3.7/site-packages/airflow/example_dags/example_branch_labels.py
[2024-05-04T16:06:22.854+0000] {logging_mixin.py:117} INFO - [2024-05-04T16:06:22.854+0000] {dag.py:2573} INFO - Sync 1 DAGs
[2024-05-04T16:06:22.876+0000] {logging_mixin.py:117} INFO - [2024-05-04T16:06:22.876+0000] {dag.py:3328} INFO - Setting next_dagrun for example_branch_labels to 2024-05-03T00:00:00+00:00, run_after=2024-05-04T00:00:00+00:00
[2024-05-04T16:06:22.898+0000] {processor.py:178} INFO - Processing /home/airflow/.local/lib/python3.7/site-packages/airflow/example_dags/example_branch_labels.py took 0.099 seconds
[2024-05-04T16:06:53.751+0000] {processor.py:156} INFO - Started process (PID=4001) to work on /home/airflow/.local/lib/python3.7/site-packages/airflow/example_dags/example_branch_labels.py
[2024-05-04T16:06:53.751+0000] {processor.py:758} INFO - Processing file /home/airflow/.local/lib/python3.7/site-packages/airflow/example_dags/example_branch_labels.py for tasks to queue
[2024-05-04T16:06:53.752+0000] {logging_mixin.py:117} INFO - [2024-05-04T16:06:53.752+0000] {dagbag.py:525} INFO - Filling up the DagBag from /home/airflow/.local/lib/python3.7/site-packages/airflow/example_dags/example_branch_labels.py
[2024-05-04T16:06:53.771+0000] {processor.py:768} INFO - DAG(s) dict_keys(['example_branch_labels']) retrieved from /home/airflow/.local/lib/python3.7/site-packages/airflow/example_dags/example_branch_labels.py
[2024-05-04T16:06:53.808+0000] {logging_mixin.py:117} INFO - [2024-05-04T16:06:53.807+0000] {dag.py:2573} INFO - Sync 1 DAGs
[2024-05-04T16:06:53.829+0000] {logging_mixin.py:117} INFO - [2024-05-04T16:06:53.829+0000] {dag.py:3328} INFO - Setting next_dagrun for example_branch_labels to 2024-05-03T00:00:00+00:00, run_after=2024-05-04T00:00:00+00:00
[2024-05-04T16:06:53.852+0000] {processor.py:178} INFO - Processing /home/airflow/.local/lib/python3.7/site-packages/airflow/example_dags/example_branch_labels.py took 0.105 seconds
[2024-05-04T16:07:24.421+0000] {processor.py:156} INFO - Started process (PID=4205) to work on /home/airflow/.local/lib/python3.7/site-packages/airflow/example_dags/example_branch_labels.py
[2024-05-04T16:07:24.422+0000] {processor.py:758} INFO - Processing file /home/airflow/.local/lib/python3.7/site-packages/airflow/example_dags/example_branch_labels.py for tasks to queue
[2024-05-04T16:07:24.423+0000] {logging_mixin.py:117} INFO - [2024-05-04T16:07:24.422+0000] {dagbag.py:525} INFO - Filling up the DagBag from /home/airflow/.local/lib/python3.7/site-packages/airflow/example_dags/example_branch_labels.py
[2024-05-04T16:07:24.438+0000] {processor.py:768} INFO - DAG(s) dict_keys(['example_branch_labels']) retrieved from /home/airflow/.local/lib/python3.7/site-packages/airflow/example_dags/example_branch_labels.py
[2024-05-04T16:07:24.472+0000] {logging_mixin.py:117} INFO - [2024-05-04T16:07:24.472+0000] {dag.py:2573} INFO - Sync 1 DAGs
[2024-05-04T16:07:24.500+0000] {logging_mixin.py:117} INFO - [2024-05-04T16:07:24.500+0000] {dag.py:3328} INFO - Setting next_dagrun for example_branch_labels to 2024-05-03T00:00:00+00:00, run_after=2024-05-04T00:00:00+00:00
[2024-05-04T16:07:24.520+0000] {processor.py:178} INFO - Processing /home/airflow/.local/lib/python3.7/site-packages/airflow/example_dags/example_branch_labels.py took 0.101 seconds
[2024-05-04T16:07:54.974+0000] {processor.py:156} INFO - Started process (PID=4419) to work on /home/airflow/.local/lib/python3.7/site-packages/airflow/example_dags/example_branch_labels.py
[2024-05-04T16:07:54.975+0000] {processor.py:758} INFO - Processing file /home/airflow/.local/lib/python3.7/site-packages/airflow/example_dags/example_branch_labels.py for tasks to queue
[2024-05-04T16:07:54.975+0000] {logging_mixin.py:117} INFO - [2024-05-04T16:07:54.975+0000] {dagbag.py:525} INFO - Filling up the DagBag from /home/airflow/.local/lib/python3.7/site-packages/airflow/example_dags/example_branch_labels.py
[2024-05-04T16:07:54.993+0000] {processor.py:768} INFO - DAG(s) dict_keys(['example_branch_labels']) retrieved from /home/airflow/.local/lib/python3.7/site-packages/airflow/example_dags/example_branch_labels.py
[2024-05-04T16:07:55.031+0000] {logging_mixin.py:117} INFO - [2024-05-04T16:07:55.031+0000] {dag.py:2573} INFO - Sync 1 DAGs
[2024-05-04T16:07:55.051+0000] {logging_mixin.py:117} INFO - [2024-05-04T16:07:55.051+0000] {dag.py:3328} INFO - Setting next_dagrun for example_branch_labels to 2024-05-03T00:00:00+00:00, run_after=2024-05-04T00:00:00+00:00
[2024-05-04T16:07:55.071+0000] {processor.py:178} INFO - Processing /home/airflow/.local/lib/python3.7/site-packages/airflow/example_dags/example_branch_labels.py took 0.101 seconds
[2024-05-04T16:08:25.457+0000] {processor.py:156} INFO - Started process (PID=4632) to work on /home/airflow/.local/lib/python3.7/site-packages/airflow/example_dags/example_branch_labels.py
[2024-05-04T16:08:25.458+0000] {processor.py:758} INFO - Processing file /home/airflow/.local/lib/python3.7/site-packages/airflow/example_dags/example_branch_labels.py for tasks to queue
[2024-05-04T16:08:25.458+0000] {logging_mixin.py:117} INFO - [2024-05-04T16:08:25.458+0000] {dagbag.py:525} INFO - Filling up the DagBag from /home/airflow/.local/lib/python3.7/site-packages/airflow/example_dags/example_branch_labels.py
[2024-05-04T16:08:25.471+0000] {processor.py:768} INFO - DAG(s) dict_keys(['example_branch_labels']) retrieved from /home/airflow/.local/lib/python3.7/site-packages/airflow/example_dags/example_branch_labels.py
[2024-05-04T16:08:25.506+0000] {logging_mixin.py:117} INFO - [2024-05-04T16:08:25.506+0000] {dag.py:2573} INFO - Sync 1 DAGs
[2024-05-04T16:08:25.528+0000] {logging_mixin.py:117} INFO - [2024-05-04T16:08:25.528+0000] {dag.py:3328} INFO - Setting next_dagrun for example_branch_labels to 2024-05-03T00:00:00+00:00, run_after=2024-05-04T00:00:00+00:00
[2024-05-04T16:08:25.549+0000] {processor.py:178} INFO - Processing /home/airflow/.local/lib/python3.7/site-packages/airflow/example_dags/example_branch_labels.py took 0.095 seconds
[2024-05-04T16:08:56.282+0000] {processor.py:156} INFO - Started process (PID=4846) to work on /home/airflow/.local/lib/python3.7/site-packages/airflow/example_dags/example_branch_labels.py
[2024-05-04T16:08:56.283+0000] {processor.py:758} INFO - Processing file /home/airflow/.local/lib/python3.7/site-packages/airflow/example_dags/example_branch_labels.py for tasks to queue
[2024-05-04T16:08:56.283+0000] {logging_mixin.py:117} INFO - [2024-05-04T16:08:56.283+0000] {dagbag.py:525} INFO - Filling up the DagBag from /home/airflow/.local/lib/python3.7/site-packages/airflow/example_dags/example_branch_labels.py
[2024-05-04T16:08:56.297+0000] {processor.py:768} INFO - DAG(s) dict_keys(['example_branch_labels']) retrieved from /home/airflow/.local/lib/python3.7/site-packages/airflow/example_dags/example_branch_labels.py
[2024-05-04T16:08:56.331+0000] {logging_mixin.py:117} INFO - [2024-05-04T16:08:56.331+0000] {dag.py:2573} INFO - Sync 1 DAGs
[2024-05-04T16:08:56.359+0000] {logging_mixin.py:117} INFO - [2024-05-04T16:08:56.359+0000] {dag.py:3328} INFO - Setting next_dagrun for example_branch_labels to 2024-05-03T00:00:00+00:00, run_after=2024-05-04T00:00:00+00:00
[2024-05-04T16:08:56.379+0000] {processor.py:178} INFO - Processing /home/airflow/.local/lib/python3.7/site-packages/airflow/example_dags/example_branch_labels.py took 0.100 seconds
[2024-05-04T16:09:26.880+0000] {processor.py:156} INFO - Started process (PID=5050) to work on /home/airflow/.local/lib/python3.7/site-packages/airflow/example_dags/example_branch_labels.py
[2024-05-04T16:09:26.881+0000] {processor.py:758} INFO - Processing file /home/airflow/.local/lib/python3.7/site-packages/airflow/example_dags/example_branch_labels.py for tasks to queue
[2024-05-04T16:09:26.881+0000] {logging_mixin.py:117} INFO - [2024-05-04T16:09:26.881+0000] {dagbag.py:525} INFO - Filling up the DagBag from /home/airflow/.local/lib/python3.7/site-packages/airflow/example_dags/example_branch_labels.py
[2024-05-04T16:09:26.898+0000] {processor.py:768} INFO - DAG(s) dict_keys(['example_branch_labels']) retrieved from /home/airflow/.local/lib/python3.7/site-packages/airflow/example_dags/example_branch_labels.py
[2024-05-04T16:09:26.932+0000] {logging_mixin.py:117} INFO - [2024-05-04T16:09:26.931+0000] {dag.py:2573} INFO - Sync 1 DAGs
[2024-05-04T16:09:26.953+0000] {logging_mixin.py:117} INFO - [2024-05-04T16:09:26.953+0000] {dag.py:3328} INFO - Setting next_dagrun for example_branch_labels to 2024-05-03T00:00:00+00:00, run_after=2024-05-04T00:00:00+00:00
[2024-05-04T16:09:26.974+0000] {processor.py:178} INFO - Processing /home/airflow/.local/lib/python3.7/site-packages/airflow/example_dags/example_branch_labels.py took 0.099 seconds
[2024-05-04T16:09:57.647+0000] {processor.py:156} INFO - Started process (PID=5264) to work on /home/airflow/.local/lib/python3.7/site-packages/airflow/example_dags/example_branch_labels.py
[2024-05-04T16:09:57.648+0000] {processor.py:758} INFO - Processing file /home/airflow/.local/lib/python3.7/site-packages/airflow/example_dags/example_branch_labels.py for tasks to queue
[2024-05-04T16:09:57.648+0000] {logging_mixin.py:117} INFO - [2024-05-04T16:09:57.648+0000] {dagbag.py:525} INFO - Filling up the DagBag from /home/airflow/.local/lib/python3.7/site-packages/airflow/example_dags/example_branch_labels.py
[2024-05-04T16:09:57.661+0000] {processor.py:768} INFO - DAG(s) dict_keys(['example_branch_labels']) retrieved from /home/airflow/.local/lib/python3.7/site-packages/airflow/example_dags/example_branch_labels.py
[2024-05-04T16:09:57.695+0000] {logging_mixin.py:117} INFO - [2024-05-04T16:09:57.694+0000] {dag.py:2573} INFO - Sync 1 DAGs
[2024-05-04T16:09:57.715+0000] {logging_mixin.py:117} INFO - [2024-05-04T16:09:57.715+0000] {dag.py:3328} INFO - Setting next_dagrun for example_branch_labels to 2024-05-03T00:00:00+00:00, run_after=2024-05-04T00:00:00+00:00
[2024-05-04T16:09:57.736+0000] {processor.py:178} INFO - Processing /home/airflow/.local/lib/python3.7/site-packages/airflow/example_dags/example_branch_labels.py took 0.091 seconds
[2024-05-04T16:10:28.367+0000] {processor.py:156} INFO - Started process (PID=5477) to work on /home/airflow/.local/lib/python3.7/site-packages/airflow/example_dags/example_branch_labels.py
[2024-05-04T16:10:28.368+0000] {processor.py:758} INFO - Processing file /home/airflow/.local/lib/python3.7/site-packages/airflow/example_dags/example_branch_labels.py for tasks to queue
[2024-05-04T16:10:28.368+0000] {logging_mixin.py:117} INFO - [2024-05-04T16:10:28.368+0000] {dagbag.py:525} INFO - Filling up the DagBag from /home/airflow/.local/lib/python3.7/site-packages/airflow/example_dags/example_branch_labels.py
[2024-05-04T16:10:28.381+0000] {processor.py:768} INFO - DAG(s) dict_keys(['example_branch_labels']) retrieved from /home/airflow/.local/lib/python3.7/site-packages/airflow/example_dags/example_branch_labels.py
[2024-05-04T16:10:28.415+0000] {logging_mixin.py:117} INFO - [2024-05-04T16:10:28.415+0000] {dag.py:2573} INFO - Sync 1 DAGs
[2024-05-04T16:10:28.443+0000] {logging_mixin.py:117} INFO - [2024-05-04T16:10:28.442+0000] {dag.py:3328} INFO - Setting next_dagrun for example_branch_labels to 2024-05-03T00:00:00+00:00, run_after=2024-05-04T00:00:00+00:00
[2024-05-04T16:10:28.464+0000] {processor.py:178} INFO - Processing /home/airflow/.local/lib/python3.7/site-packages/airflow/example_dags/example_branch_labels.py took 0.100 seconds
[2024-05-04T16:10:58.935+0000] {processor.py:156} INFO - Started process (PID=5693) to work on /home/airflow/.local/lib/python3.7/site-packages/airflow/example_dags/example_branch_labels.py
[2024-05-04T16:10:58.936+0000] {processor.py:758} INFO - Processing file /home/airflow/.local/lib/python3.7/site-packages/airflow/example_dags/example_branch_labels.py for tasks to queue
[2024-05-04T16:10:58.936+0000] {logging_mixin.py:117} INFO - [2024-05-04T16:10:58.936+0000] {dagbag.py:525} INFO - Filling up the DagBag from /home/airflow/.local/lib/python3.7/site-packages/airflow/example_dags/example_branch_labels.py
[2024-05-04T16:10:58.955+0000] {processor.py:768} INFO - DAG(s) dict_keys(['example_branch_labels']) retrieved from /home/airflow/.local/lib/python3.7/site-packages/airflow/example_dags/example_branch_labels.py
[2024-05-04T16:10:58.996+0000] {logging_mixin.py:117} INFO - [2024-05-04T16:10:58.996+0000] {dag.py:2573} INFO - Sync 1 DAGs
[2024-05-04T16:10:59.027+0000] {logging_mixin.py:117} INFO - [2024-05-04T16:10:59.027+0000] {dag.py:3328} INFO - Setting next_dagrun for example_branch_labels to 2024-05-03T00:00:00+00:00, run_after=2024-05-04T00:00:00+00:00
[2024-05-04T16:10:59.048+0000] {processor.py:178} INFO - Processing /home/airflow/.local/lib/python3.7/site-packages/airflow/example_dags/example_branch_labels.py took 0.116 seconds
[2024-05-04T16:11:29.573+0000] {processor.py:156} INFO - Started process (PID=5897) to work on /home/airflow/.local/lib/python3.7/site-packages/airflow/example_dags/example_branch_labels.py
[2024-05-04T16:11:29.573+0000] {processor.py:758} INFO - Processing file /home/airflow/.local/lib/python3.7/site-packages/airflow/example_dags/example_branch_labels.py for tasks to queue
[2024-05-04T16:11:29.574+0000] {logging_mixin.py:117} INFO - [2024-05-04T16:11:29.574+0000] {dagbag.py:525} INFO - Filling up the DagBag from /home/airflow/.local/lib/python3.7/site-packages/airflow/example_dags/example_branch_labels.py
[2024-05-04T16:11:29.592+0000] {processor.py:768} INFO - DAG(s) dict_keys(['example_branch_labels']) retrieved from /home/airflow/.local/lib/python3.7/site-packages/airflow/example_dags/example_branch_labels.py
[2024-05-04T16:11:29.629+0000] {logging_mixin.py:117} INFO - [2024-05-04T16:11:29.629+0000] {dag.py:2573} INFO - Sync 1 DAGs
[2024-05-04T16:11:29.653+0000] {logging_mixin.py:117} INFO - [2024-05-04T16:11:29.653+0000] {dag.py:3328} INFO - Setting next_dagrun for example_branch_labels to 2024-05-03T00:00:00+00:00, run_after=2024-05-04T00:00:00+00:00
[2024-05-04T16:11:29.679+0000] {processor.py:178} INFO - Processing /home/airflow/.local/lib/python3.7/site-packages/airflow/example_dags/example_branch_labels.py took 0.110 seconds
[2024-05-04T16:12:00.244+0000] {processor.py:156} INFO - Started process (PID=6110) to work on /home/airflow/.local/lib/python3.7/site-packages/airflow/example_dags/example_branch_labels.py
[2024-05-04T16:12:00.244+0000] {processor.py:758} INFO - Processing file /home/airflow/.local/lib/python3.7/site-packages/airflow/example_dags/example_branch_labels.py for tasks to queue
[2024-05-04T16:12:00.245+0000] {logging_mixin.py:117} INFO - [2024-05-04T16:12:00.245+0000] {dagbag.py:525} INFO - Filling up the DagBag from /home/airflow/.local/lib/python3.7/site-packages/airflow/example_dags/example_branch_labels.py
[2024-05-04T16:12:00.264+0000] {processor.py:768} INFO - DAG(s) dict_keys(['example_branch_labels']) retrieved from /home/airflow/.local/lib/python3.7/site-packages/airflow/example_dags/example_branch_labels.py
[2024-05-04T16:12:00.305+0000] {logging_mixin.py:117} INFO - [2024-05-04T16:12:00.305+0000] {dag.py:2573} INFO - Sync 1 DAGs
[2024-05-04T16:12:00.328+0000] {logging_mixin.py:117} INFO - [2024-05-04T16:12:00.328+0000] {dag.py:3328} INFO - Setting next_dagrun for example_branch_labels to 2024-05-03T00:00:00+00:00, run_after=2024-05-04T00:00:00+00:00
[2024-05-04T16:12:00.351+0000] {processor.py:178} INFO - Processing /home/airflow/.local/lib/python3.7/site-packages/airflow/example_dags/example_branch_labels.py took 0.111 seconds
[2024-05-04T16:12:30.755+0000] {processor.py:156} INFO - Started process (PID=6323) to work on /home/airflow/.local/lib/python3.7/site-packages/airflow/example_dags/example_branch_labels.py
[2024-05-04T16:12:30.756+0000] {processor.py:758} INFO - Processing file /home/airflow/.local/lib/python3.7/site-packages/airflow/example_dags/example_branch_labels.py for tasks to queue
[2024-05-04T16:12:30.756+0000] {logging_mixin.py:117} INFO - [2024-05-04T16:12:30.756+0000] {dagbag.py:525} INFO - Filling up the DagBag from /home/airflow/.local/lib/python3.7/site-packages/airflow/example_dags/example_branch_labels.py
[2024-05-04T16:12:30.774+0000] {processor.py:768} INFO - DAG(s) dict_keys(['example_branch_labels']) retrieved from /home/airflow/.local/lib/python3.7/site-packages/airflow/example_dags/example_branch_labels.py
[2024-05-04T16:12:30.817+0000] {logging_mixin.py:117} INFO - [2024-05-04T16:12:30.817+0000] {dag.py:2573} INFO - Sync 1 DAGs
[2024-05-04T16:12:30.846+0000] {logging_mixin.py:117} INFO - [2024-05-04T16:12:30.846+0000] {dag.py:3328} INFO - Setting next_dagrun for example_branch_labels to 2024-05-03T00:00:00+00:00, run_after=2024-05-04T00:00:00+00:00
[2024-05-04T16:12:30.871+0000] {processor.py:178} INFO - Processing /home/airflow/.local/lib/python3.7/site-packages/airflow/example_dags/example_branch_labels.py took 0.119 seconds
[2024-05-04T16:13:01.504+0000] {processor.py:156} INFO - Started process (PID=6536) to work on /home/airflow/.local/lib/python3.7/site-packages/airflow/example_dags/example_branch_labels.py
[2024-05-04T16:13:01.505+0000] {processor.py:758} INFO - Processing file /home/airflow/.local/lib/python3.7/site-packages/airflow/example_dags/example_branch_labels.py for tasks to queue
[2024-05-04T16:13:01.506+0000] {logging_mixin.py:117} INFO - [2024-05-04T16:13:01.506+0000] {dagbag.py:525} INFO - Filling up the DagBag from /home/airflow/.local/lib/python3.7/site-packages/airflow/example_dags/example_branch_labels.py
[2024-05-04T16:13:01.524+0000] {processor.py:768} INFO - DAG(s) dict_keys(['example_branch_labels']) retrieved from /home/airflow/.local/lib/python3.7/site-packages/airflow/example_dags/example_branch_labels.py
[2024-05-04T16:13:01.584+0000] {logging_mixin.py:117} INFO - [2024-05-04T16:13:01.584+0000] {dag.py:2573} INFO - Sync 1 DAGs
[2024-05-04T16:13:01.622+0000] {logging_mixin.py:117} INFO - [2024-05-04T16:13:01.622+0000] {dag.py:3328} INFO - Setting next_dagrun for example_branch_labels to 2024-05-03T00:00:00+00:00, run_after=2024-05-04T00:00:00+00:00
[2024-05-04T16:13:01.651+0000] {processor.py:178} INFO - Processing /home/airflow/.local/lib/python3.7/site-packages/airflow/example_dags/example_branch_labels.py took 0.150 seconds
