[2024-05-04T15:58:01.439+0000] {processor.py:156} INFO - Started process (PID=227) to work on /home/airflow/.local/lib/python3.7/site-packages/airflow/example_dags/example_bash_operator.py
[2024-05-04T15:58:01.440+0000] {processor.py:758} INFO - Processing file /home/airflow/.local/lib/python3.7/site-packages/airflow/example_dags/example_bash_operator.py for tasks to queue
[2024-05-04T15:58:01.440+0000] {logging_mixin.py:117} INFO - [2024-05-04T15:58:01.440+0000] {dagbag.py:525} INFO - Filling up the DagBag from /home/airflow/.local/lib/python3.7/site-packages/airflow/example_dags/example_bash_operator.py
[2024-05-04T15:58:01.474+0000] {processor.py:768} INFO - DAG(s) dict_keys(['example_bash_operator']) retrieved from /home/airflow/.local/lib/python3.7/site-packages/airflow/example_dags/example_bash_operator.py
[2024-05-04T15:58:01.832+0000] {logging_mixin.py:117} INFO - [2024-05-04T15:58:01.832+0000] {manager.py:507} INFO - Created Permission View: can read on DAG:example_bash_operator
[2024-05-04T15:58:01.847+0000] {logging_mixin.py:117} INFO - [2024-05-04T15:58:01.847+0000] {manager.py:507} INFO - Created Permission View: can edit on DAG:example_bash_operator
[2024-05-04T15:58:01.858+0000] {logging_mixin.py:117} INFO - [2024-05-04T15:58:01.858+0000] {manager.py:507} INFO - Created Permission View: can delete on DAG:example_bash_operator
[2024-05-04T15:58:01.859+0000] {logging_mixin.py:117} INFO - [2024-05-04T15:58:01.858+0000] {dag.py:2573} INFO - Sync 1 DAGs
[2024-05-04T15:58:01.874+0000] {logging_mixin.py:117} INFO - [2024-05-04T15:58:01.874+0000] {dag.py:2594} INFO - Creating ORM DAG for example_bash_operator
[2024-05-04T15:58:01.892+0000] {logging_mixin.py:117} INFO - [2024-05-04T15:58:01.892+0000] {dag.py:3328} INFO - Setting next_dagrun for example_bash_operator to 2024-05-03T00:00:00+00:00, run_after=2024-05-04T00:00:00+00:00
[2024-05-04T15:58:01.927+0000] {processor.py:178} INFO - Processing /home/airflow/.local/lib/python3.7/site-packages/airflow/example_dags/example_bash_operator.py took 0.492 seconds
[2024-05-04T15:58:33.719+0000] {processor.py:156} INFO - Started process (PID=453) to work on /home/airflow/.local/lib/python3.7/site-packages/airflow/example_dags/example_bash_operator.py
[2024-05-04T15:58:33.720+0000] {processor.py:758} INFO - Processing file /home/airflow/.local/lib/python3.7/site-packages/airflow/example_dags/example_bash_operator.py for tasks to queue
[2024-05-04T15:58:33.720+0000] {logging_mixin.py:117} INFO - [2024-05-04T15:58:33.720+0000] {dagbag.py:525} INFO - Filling up the DagBag from /home/airflow/.local/lib/python3.7/site-packages/airflow/example_dags/example_bash_operator.py
[2024-05-04T15:58:33.857+0000] {processor.py:768} INFO - DAG(s) dict_keys(['example_bash_operator']) retrieved from /home/airflow/.local/lib/python3.7/site-packages/airflow/example_dags/example_bash_operator.py
[2024-05-04T15:58:34.469+0000] {logging_mixin.py:117} INFO - [2024-05-04T15:58:34.469+0000] {dag.py:2573} INFO - Sync 1 DAGs
[2024-05-04T15:58:34.530+0000] {logging_mixin.py:117} INFO - [2024-05-04T15:58:34.529+0000] {dag.py:3328} INFO - Setting next_dagrun for example_bash_operator to 2024-05-03T00:00:00+00:00, run_after=2024-05-04T00:00:00+00:00
[2024-05-04T15:58:35.729+0000] {processor.py:178} INFO - Processing /home/airflow/.local/lib/python3.7/site-packages/airflow/example_dags/example_bash_operator.py took 2.013 seconds
[2024-05-04T15:59:06.390+0000] {processor.py:156} INFO - Started process (PID=743) to work on /home/airflow/.local/lib/python3.7/site-packages/airflow/example_dags/example_bash_operator.py
[2024-05-04T15:59:06.391+0000] {processor.py:758} INFO - Processing file /home/airflow/.local/lib/python3.7/site-packages/airflow/example_dags/example_bash_operator.py for tasks to queue
[2024-05-04T15:59:06.391+0000] {logging_mixin.py:117} INFO - [2024-05-04T15:59:06.391+0000] {dagbag.py:525} INFO - Filling up the DagBag from /home/airflow/.local/lib/python3.7/site-packages/airflow/example_dags/example_bash_operator.py
[2024-05-04T15:59:06.409+0000] {processor.py:768} INFO - DAG(s) dict_keys(['example_bash_operator']) retrieved from /home/airflow/.local/lib/python3.7/site-packages/airflow/example_dags/example_bash_operator.py
[2024-05-04T15:59:06.457+0000] {logging_mixin.py:117} INFO - [2024-05-04T15:59:06.457+0000] {dag.py:2573} INFO - Sync 1 DAGs
[2024-05-04T15:59:06.605+0000] {logging_mixin.py:117} INFO - [2024-05-04T15:59:06.605+0000] {dag.py:3328} INFO - Setting next_dagrun for example_bash_operator to 2024-05-03T00:00:00+00:00, run_after=2024-05-04T00:00:00+00:00
[2024-05-04T15:59:06.625+0000] {processor.py:178} INFO - Processing /home/airflow/.local/lib/python3.7/site-packages/airflow/example_dags/example_bash_operator.py took 0.237 seconds
[2024-05-04T15:59:36.702+0000] {processor.py:156} INFO - Started process (PID=947) to work on /home/airflow/.local/lib/python3.7/site-packages/airflow/example_dags/example_bash_operator.py
[2024-05-04T15:59:36.702+0000] {processor.py:758} INFO - Processing file /home/airflow/.local/lib/python3.7/site-packages/airflow/example_dags/example_bash_operator.py for tasks to queue
[2024-05-04T15:59:36.703+0000] {logging_mixin.py:117} INFO - [2024-05-04T15:59:36.703+0000] {dagbag.py:525} INFO - Filling up the DagBag from /home/airflow/.local/lib/python3.7/site-packages/airflow/example_dags/example_bash_operator.py
[2024-05-04T15:59:36.729+0000] {processor.py:768} INFO - DAG(s) dict_keys(['example_bash_operator']) retrieved from /home/airflow/.local/lib/python3.7/site-packages/airflow/example_dags/example_bash_operator.py
[2024-05-04T15:59:36.884+0000] {logging_mixin.py:117} INFO - [2024-05-04T15:59:36.884+0000] {dag.py:2573} INFO - Sync 1 DAGs
[2024-05-04T15:59:36.906+0000] {logging_mixin.py:117} INFO - [2024-05-04T15:59:36.906+0000] {dag.py:3328} INFO - Setting next_dagrun for example_bash_operator to 2024-05-03T00:00:00+00:00, run_after=2024-05-04T00:00:00+00:00
[2024-05-04T15:59:36.929+0000] {processor.py:178} INFO - Processing /home/airflow/.local/lib/python3.7/site-packages/airflow/example_dags/example_bash_operator.py took 0.230 seconds
[2024-05-04T16:00:07.027+0000] {processor.py:156} INFO - Started process (PID=1160) to work on /home/airflow/.local/lib/python3.7/site-packages/airflow/example_dags/example_bash_operator.py
[2024-05-04T16:00:07.028+0000] {processor.py:758} INFO - Processing file /home/airflow/.local/lib/python3.7/site-packages/airflow/example_dags/example_bash_operator.py for tasks to queue
[2024-05-04T16:00:07.028+0000] {logging_mixin.py:117} INFO - [2024-05-04T16:00:07.028+0000] {dagbag.py:525} INFO - Filling up the DagBag from /home/airflow/.local/lib/python3.7/site-packages/airflow/example_dags/example_bash_operator.py
[2024-05-04T16:00:07.046+0000] {processor.py:768} INFO - DAG(s) dict_keys(['example_bash_operator']) retrieved from /home/airflow/.local/lib/python3.7/site-packages/airflow/example_dags/example_bash_operator.py
[2024-05-04T16:00:07.217+0000] {logging_mixin.py:117} INFO - [2024-05-04T16:00:07.217+0000] {dag.py:2573} INFO - Sync 1 DAGs
[2024-05-04T16:00:07.240+0000] {logging_mixin.py:117} INFO - [2024-05-04T16:00:07.240+0000] {dag.py:3328} INFO - Setting next_dagrun for example_bash_operator to 2024-05-03T00:00:00+00:00, run_after=2024-05-04T00:00:00+00:00
[2024-05-04T16:00:07.263+0000] {processor.py:178} INFO - Processing /home/airflow/.local/lib/python3.7/site-packages/airflow/example_dags/example_bash_operator.py took 0.238 seconds
[2024-05-04T16:00:37.607+0000] {processor.py:156} INFO - Started process (PID=1373) to work on /home/airflow/.local/lib/python3.7/site-packages/airflow/example_dags/example_bash_operator.py
[2024-05-04T16:00:37.608+0000] {processor.py:758} INFO - Processing file /home/airflow/.local/lib/python3.7/site-packages/airflow/example_dags/example_bash_operator.py for tasks to queue
[2024-05-04T16:00:37.608+0000] {logging_mixin.py:117} INFO - [2024-05-04T16:00:37.608+0000] {dagbag.py:525} INFO - Filling up the DagBag from /home/airflow/.local/lib/python3.7/site-packages/airflow/example_dags/example_bash_operator.py
[2024-05-04T16:00:37.751+0000] {processor.py:768} INFO - DAG(s) dict_keys(['example_bash_operator']) retrieved from /home/airflow/.local/lib/python3.7/site-packages/airflow/example_dags/example_bash_operator.py
[2024-05-04T16:00:37.791+0000] {logging_mixin.py:117} INFO - [2024-05-04T16:00:37.791+0000] {dag.py:2573} INFO - Sync 1 DAGs
[2024-05-04T16:00:37.814+0000] {logging_mixin.py:117} INFO - [2024-05-04T16:00:37.813+0000] {dag.py:3328} INFO - Setting next_dagrun for example_bash_operator to 2024-05-03T00:00:00+00:00, run_after=2024-05-04T00:00:00+00:00
[2024-05-04T16:00:37.834+0000] {processor.py:178} INFO - Processing /home/airflow/.local/lib/python3.7/site-packages/airflow/example_dags/example_bash_operator.py took 0.229 seconds
[2024-05-04T16:01:08.127+0000] {processor.py:156} INFO - Started process (PID=1586) to work on /home/airflow/.local/lib/python3.7/site-packages/airflow/example_dags/example_bash_operator.py
[2024-05-04T16:01:08.128+0000] {processor.py:758} INFO - Processing file /home/airflow/.local/lib/python3.7/site-packages/airflow/example_dags/example_bash_operator.py for tasks to queue
[2024-05-04T16:01:08.129+0000] {logging_mixin.py:117} INFO - [2024-05-04T16:01:08.129+0000] {dagbag.py:525} INFO - Filling up the DagBag from /home/airflow/.local/lib/python3.7/site-packages/airflow/example_dags/example_bash_operator.py
[2024-05-04T16:01:08.301+0000] {processor.py:768} INFO - DAG(s) dict_keys(['example_bash_operator']) retrieved from /home/airflow/.local/lib/python3.7/site-packages/airflow/example_dags/example_bash_operator.py
[2024-05-04T16:01:08.348+0000] {logging_mixin.py:117} INFO - [2024-05-04T16:01:08.348+0000] {dag.py:2573} INFO - Sync 1 DAGs
[2024-05-04T16:01:08.377+0000] {logging_mixin.py:117} INFO - [2024-05-04T16:01:08.377+0000] {dag.py:3328} INFO - Setting next_dagrun for example_bash_operator to 2024-05-03T00:00:00+00:00, run_after=2024-05-04T00:00:00+00:00
[2024-05-04T16:01:08.400+0000] {processor.py:178} INFO - Processing /home/airflow/.local/lib/python3.7/site-packages/airflow/example_dags/example_bash_operator.py took 0.275 seconds
[2024-05-04T16:01:38.436+0000] {processor.py:156} INFO - Started process (PID=1790) to work on /home/airflow/.local/lib/python3.7/site-packages/airflow/example_dags/example_bash_operator.py
[2024-05-04T16:01:38.437+0000] {processor.py:758} INFO - Processing file /home/airflow/.local/lib/python3.7/site-packages/airflow/example_dags/example_bash_operator.py for tasks to queue
[2024-05-04T16:01:38.437+0000] {logging_mixin.py:117} INFO - [2024-05-04T16:01:38.437+0000] {dagbag.py:525} INFO - Filling up the DagBag from /home/airflow/.local/lib/python3.7/site-packages/airflow/example_dags/example_bash_operator.py
[2024-05-04T16:01:38.457+0000] {processor.py:768} INFO - DAG(s) dict_keys(['example_bash_operator']) retrieved from /home/airflow/.local/lib/python3.7/site-packages/airflow/example_dags/example_bash_operator.py
[2024-05-04T16:01:38.498+0000] {logging_mixin.py:117} INFO - [2024-05-04T16:01:38.498+0000] {dag.py:2573} INFO - Sync 1 DAGs
[2024-05-04T16:01:38.520+0000] {logging_mixin.py:117} INFO - [2024-05-04T16:01:38.520+0000] {dag.py:3328} INFO - Setting next_dagrun for example_bash_operator to 2024-05-03T00:00:00+00:00, run_after=2024-05-04T00:00:00+00:00
[2024-05-04T16:01:38.541+0000] {processor.py:178} INFO - Processing /home/airflow/.local/lib/python3.7/site-packages/airflow/example_dags/example_bash_operator.py took 0.107 seconds
[2024-05-04T16:02:09.237+0000] {processor.py:156} INFO - Started process (PID=2003) to work on /home/airflow/.local/lib/python3.7/site-packages/airflow/example_dags/example_bash_operator.py
[2024-05-04T16:02:09.238+0000] {processor.py:758} INFO - Processing file /home/airflow/.local/lib/python3.7/site-packages/airflow/example_dags/example_bash_operator.py for tasks to queue
[2024-05-04T16:02:09.238+0000] {logging_mixin.py:117} INFO - [2024-05-04T16:02:09.238+0000] {dagbag.py:525} INFO - Filling up the DagBag from /home/airflow/.local/lib/python3.7/site-packages/airflow/example_dags/example_bash_operator.py
[2024-05-04T16:02:09.265+0000] {processor.py:768} INFO - DAG(s) dict_keys(['example_bash_operator']) retrieved from /home/airflow/.local/lib/python3.7/site-packages/airflow/example_dags/example_bash_operator.py
[2024-05-04T16:02:09.318+0000] {logging_mixin.py:117} INFO - [2024-05-04T16:02:09.318+0000] {dag.py:2573} INFO - Sync 1 DAGs
[2024-05-04T16:02:09.341+0000] {logging_mixin.py:117} INFO - [2024-05-04T16:02:09.341+0000] {dag.py:3328} INFO - Setting next_dagrun for example_bash_operator to 2024-05-03T00:00:00+00:00, run_after=2024-05-04T00:00:00+00:00
[2024-05-04T16:02:09.362+0000] {processor.py:178} INFO - Processing /home/airflow/.local/lib/python3.7/site-packages/airflow/example_dags/example_bash_operator.py took 0.128 seconds
[2024-05-04T16:02:39.962+0000] {processor.py:156} INFO - Started process (PID=2216) to work on /home/airflow/.local/lib/python3.7/site-packages/airflow/example_dags/example_bash_operator.py
[2024-05-04T16:02:39.963+0000] {processor.py:758} INFO - Processing file /home/airflow/.local/lib/python3.7/site-packages/airflow/example_dags/example_bash_operator.py for tasks to queue
[2024-05-04T16:02:39.963+0000] {logging_mixin.py:117} INFO - [2024-05-04T16:02:39.963+0000] {dagbag.py:525} INFO - Filling up the DagBag from /home/airflow/.local/lib/python3.7/site-packages/airflow/example_dags/example_bash_operator.py
[2024-05-04T16:02:39.982+0000] {processor.py:768} INFO - DAG(s) dict_keys(['example_bash_operator']) retrieved from /home/airflow/.local/lib/python3.7/site-packages/airflow/example_dags/example_bash_operator.py
[2024-05-04T16:02:40.022+0000] {logging_mixin.py:117} INFO - [2024-05-04T16:02:40.022+0000] {dag.py:2573} INFO - Sync 1 DAGs
[2024-05-04T16:02:40.044+0000] {logging_mixin.py:117} INFO - [2024-05-04T16:02:40.044+0000] {dag.py:3328} INFO - Setting next_dagrun for example_bash_operator to 2024-05-03T00:00:00+00:00, run_after=2024-05-04T00:00:00+00:00
[2024-05-04T16:02:40.065+0000] {processor.py:178} INFO - Processing /home/airflow/.local/lib/python3.7/site-packages/airflow/example_dags/example_bash_operator.py took 0.105 seconds
[2024-05-04T16:03:10.708+0000] {processor.py:156} INFO - Started process (PID=2430) to work on /home/airflow/.local/lib/python3.7/site-packages/airflow/example_dags/example_bash_operator.py
[2024-05-04T16:03:10.709+0000] {processor.py:758} INFO - Processing file /home/airflow/.local/lib/python3.7/site-packages/airflow/example_dags/example_bash_operator.py for tasks to queue
[2024-05-04T16:03:10.709+0000] {logging_mixin.py:117} INFO - [2024-05-04T16:03:10.709+0000] {dagbag.py:525} INFO - Filling up the DagBag from /home/airflow/.local/lib/python3.7/site-packages/airflow/example_dags/example_bash_operator.py
[2024-05-04T16:03:10.737+0000] {processor.py:768} INFO - DAG(s) dict_keys(['example_bash_operator']) retrieved from /home/airflow/.local/lib/python3.7/site-packages/airflow/example_dags/example_bash_operator.py
[2024-05-04T16:03:10.794+0000] {logging_mixin.py:117} INFO - [2024-05-04T16:03:10.794+0000] {dag.py:2573} INFO - Sync 1 DAGs
[2024-05-04T16:03:10.829+0000] {logging_mixin.py:117} INFO - [2024-05-04T16:03:10.829+0000] {dag.py:3328} INFO - Setting next_dagrun for example_bash_operator to 2024-05-03T00:00:00+00:00, run_after=2024-05-04T00:00:00+00:00
[2024-05-04T16:03:10.855+0000] {processor.py:178} INFO - Processing /home/airflow/.local/lib/python3.7/site-packages/airflow/example_dags/example_bash_operator.py took 0.150 seconds
[2024-05-04T16:03:41.486+0000] {processor.py:156} INFO - Started process (PID=2634) to work on /home/airflow/.local/lib/python3.7/site-packages/airflow/example_dags/example_bash_operator.py
[2024-05-04T16:03:41.487+0000] {processor.py:758} INFO - Processing file /home/airflow/.local/lib/python3.7/site-packages/airflow/example_dags/example_bash_operator.py for tasks to queue
[2024-05-04T16:03:41.487+0000] {logging_mixin.py:117} INFO - [2024-05-04T16:03:41.487+0000] {dagbag.py:525} INFO - Filling up the DagBag from /home/airflow/.local/lib/python3.7/site-packages/airflow/example_dags/example_bash_operator.py
[2024-05-04T16:03:41.510+0000] {processor.py:768} INFO - DAG(s) dict_keys(['example_bash_operator']) retrieved from /home/airflow/.local/lib/python3.7/site-packages/airflow/example_dags/example_bash_operator.py
[2024-05-04T16:03:41.553+0000] {logging_mixin.py:117} INFO - [2024-05-04T16:03:41.553+0000] {dag.py:2573} INFO - Sync 1 DAGs
[2024-05-04T16:03:41.575+0000] {logging_mixin.py:117} INFO - [2024-05-04T16:03:41.574+0000] {dag.py:3328} INFO - Setting next_dagrun for example_bash_operator to 2024-05-03T00:00:00+00:00, run_after=2024-05-04T00:00:00+00:00
[2024-05-04T16:03:41.595+0000] {processor.py:178} INFO - Processing /home/airflow/.local/lib/python3.7/site-packages/airflow/example_dags/example_bash_operator.py took 0.113 seconds
[2024-05-04T16:04:12.027+0000] {processor.py:156} INFO - Started process (PID=2847) to work on /home/airflow/.local/lib/python3.7/site-packages/airflow/example_dags/example_bash_operator.py
[2024-05-04T16:04:12.028+0000] {processor.py:758} INFO - Processing file /home/airflow/.local/lib/python3.7/site-packages/airflow/example_dags/example_bash_operator.py for tasks to queue
[2024-05-04T16:04:12.028+0000] {logging_mixin.py:117} INFO - [2024-05-04T16:04:12.028+0000] {dagbag.py:525} INFO - Filling up the DagBag from /home/airflow/.local/lib/python3.7/site-packages/airflow/example_dags/example_bash_operator.py
[2024-05-04T16:04:12.048+0000] {processor.py:768} INFO - DAG(s) dict_keys(['example_bash_operator']) retrieved from /home/airflow/.local/lib/python3.7/site-packages/airflow/example_dags/example_bash_operator.py
[2024-05-04T16:04:12.092+0000] {logging_mixin.py:117} INFO - [2024-05-04T16:04:12.091+0000] {dag.py:2573} INFO - Sync 1 DAGs
[2024-05-04T16:04:12.113+0000] {logging_mixin.py:117} INFO - [2024-05-04T16:04:12.113+0000] {dag.py:3328} INFO - Setting next_dagrun for example_bash_operator to 2024-05-03T00:00:00+00:00, run_after=2024-05-04T00:00:00+00:00
[2024-05-04T16:04:12.134+0000] {processor.py:178} INFO - Processing /home/airflow/.local/lib/python3.7/site-packages/airflow/example_dags/example_bash_operator.py took 0.110 seconds
[2024-05-04T16:04:42.619+0000] {processor.py:156} INFO - Started process (PID=3060) to work on /home/airflow/.local/lib/python3.7/site-packages/airflow/example_dags/example_bash_operator.py
[2024-05-04T16:04:42.619+0000] {processor.py:758} INFO - Processing file /home/airflow/.local/lib/python3.7/site-packages/airflow/example_dags/example_bash_operator.py for tasks to queue
[2024-05-04T16:04:42.620+0000] {logging_mixin.py:117} INFO - [2024-05-04T16:04:42.620+0000] {dagbag.py:525} INFO - Filling up the DagBag from /home/airflow/.local/lib/python3.7/site-packages/airflow/example_dags/example_bash_operator.py
[2024-05-04T16:04:42.646+0000] {processor.py:768} INFO - DAG(s) dict_keys(['example_bash_operator']) retrieved from /home/airflow/.local/lib/python3.7/site-packages/airflow/example_dags/example_bash_operator.py
[2024-05-04T16:04:42.698+0000] {logging_mixin.py:117} INFO - [2024-05-04T16:04:42.698+0000] {dag.py:2573} INFO - Sync 1 DAGs
[2024-05-04T16:04:42.731+0000] {logging_mixin.py:117} INFO - [2024-05-04T16:04:42.731+0000] {dag.py:3328} INFO - Setting next_dagrun for example_bash_operator to 2024-05-03T00:00:00+00:00, run_after=2024-05-04T00:00:00+00:00
[2024-05-04T16:04:42.754+0000] {processor.py:178} INFO - Processing /home/airflow/.local/lib/python3.7/site-packages/airflow/example_dags/example_bash_operator.py took 0.138 seconds
[2024-05-04T16:05:13.193+0000] {processor.py:156} INFO - Started process (PID=3273) to work on /home/airflow/.local/lib/python3.7/site-packages/airflow/example_dags/example_bash_operator.py
[2024-05-04T16:05:13.194+0000] {processor.py:758} INFO - Processing file /home/airflow/.local/lib/python3.7/site-packages/airflow/example_dags/example_bash_operator.py for tasks to queue
[2024-05-04T16:05:13.194+0000] {logging_mixin.py:117} INFO - [2024-05-04T16:05:13.194+0000] {dagbag.py:525} INFO - Filling up the DagBag from /home/airflow/.local/lib/python3.7/site-packages/airflow/example_dags/example_bash_operator.py
[2024-05-04T16:05:13.220+0000] {processor.py:768} INFO - DAG(s) dict_keys(['example_bash_operator']) retrieved from /home/airflow/.local/lib/python3.7/site-packages/airflow/example_dags/example_bash_operator.py
[2024-05-04T16:05:13.275+0000] {logging_mixin.py:117} INFO - [2024-05-04T16:05:13.275+0000] {dag.py:2573} INFO - Sync 1 DAGs
[2024-05-04T16:05:13.305+0000] {logging_mixin.py:117} INFO - [2024-05-04T16:05:13.305+0000] {dag.py:3328} INFO - Setting next_dagrun for example_bash_operator to 2024-05-03T00:00:00+00:00, run_after=2024-05-04T00:00:00+00:00
[2024-05-04T16:05:13.334+0000] {processor.py:178} INFO - Processing /home/airflow/.local/lib/python3.7/site-packages/airflow/example_dags/example_bash_operator.py took 0.144 seconds
[2024-05-04T16:05:43.872+0000] {processor.py:156} INFO - Started process (PID=3478) to work on /home/airflow/.local/lib/python3.7/site-packages/airflow/example_dags/example_bash_operator.py
[2024-05-04T16:05:43.873+0000] {processor.py:758} INFO - Processing file /home/airflow/.local/lib/python3.7/site-packages/airflow/example_dags/example_bash_operator.py for tasks to queue
[2024-05-04T16:05:43.873+0000] {logging_mixin.py:117} INFO - [2024-05-04T16:05:43.873+0000] {dagbag.py:525} INFO - Filling up the DagBag from /home/airflow/.local/lib/python3.7/site-packages/airflow/example_dags/example_bash_operator.py
[2024-05-04T16:05:43.892+0000] {processor.py:768} INFO - DAG(s) dict_keys(['example_bash_operator']) retrieved from /home/airflow/.local/lib/python3.7/site-packages/airflow/example_dags/example_bash_operator.py
[2024-05-04T16:05:43.948+0000] {logging_mixin.py:117} INFO - [2024-05-04T16:05:43.947+0000] {dag.py:2573} INFO - Sync 1 DAGs
[2024-05-04T16:05:43.979+0000] {logging_mixin.py:117} INFO - [2024-05-04T16:05:43.979+0000] {dag.py:3328} INFO - Setting next_dagrun for example_bash_operator to 2024-05-03T00:00:00+00:00, run_after=2024-05-04T00:00:00+00:00
[2024-05-04T16:05:44.004+0000] {processor.py:178} INFO - Processing /home/airflow/.local/lib/python3.7/site-packages/airflow/example_dags/example_bash_operator.py took 0.134 seconds
[2024-05-04T16:06:14.637+0000] {processor.py:156} INFO - Started process (PID=3690) to work on /home/airflow/.local/lib/python3.7/site-packages/airflow/example_dags/example_bash_operator.py
[2024-05-04T16:06:14.637+0000] {processor.py:758} INFO - Processing file /home/airflow/.local/lib/python3.7/site-packages/airflow/example_dags/example_bash_operator.py for tasks to queue
[2024-05-04T16:06:14.638+0000] {logging_mixin.py:117} INFO - [2024-05-04T16:06:14.638+0000] {dagbag.py:525} INFO - Filling up the DagBag from /home/airflow/.local/lib/python3.7/site-packages/airflow/example_dags/example_bash_operator.py
[2024-05-04T16:06:14.657+0000] {processor.py:768} INFO - DAG(s) dict_keys(['example_bash_operator']) retrieved from /home/airflow/.local/lib/python3.7/site-packages/airflow/example_dags/example_bash_operator.py
[2024-05-04T16:06:14.699+0000] {logging_mixin.py:117} INFO - [2024-05-04T16:06:14.699+0000] {dag.py:2573} INFO - Sync 1 DAGs
[2024-05-04T16:06:14.721+0000] {logging_mixin.py:117} INFO - [2024-05-04T16:06:14.721+0000] {dag.py:3328} INFO - Setting next_dagrun for example_bash_operator to 2024-05-03T00:00:00+00:00, run_after=2024-05-04T00:00:00+00:00
[2024-05-04T16:06:14.744+0000] {processor.py:178} INFO - Processing /home/airflow/.local/lib/python3.7/site-packages/airflow/example_dags/example_bash_operator.py took 0.109 seconds
[2024-05-04T16:06:45.650+0000] {processor.py:156} INFO - Started process (PID=3909) to work on /home/airflow/.local/lib/python3.7/site-packages/airflow/example_dags/example_bash_operator.py
[2024-05-04T16:06:45.650+0000] {processor.py:758} INFO - Processing file /home/airflow/.local/lib/python3.7/site-packages/airflow/example_dags/example_bash_operator.py for tasks to queue
[2024-05-04T16:06:45.651+0000] {logging_mixin.py:117} INFO - [2024-05-04T16:06:45.651+0000] {dagbag.py:525} INFO - Filling up the DagBag from /home/airflow/.local/lib/python3.7/site-packages/airflow/example_dags/example_bash_operator.py
[2024-05-04T16:06:45.669+0000] {processor.py:768} INFO - DAG(s) dict_keys(['example_bash_operator']) retrieved from /home/airflow/.local/lib/python3.7/site-packages/airflow/example_dags/example_bash_operator.py
[2024-05-04T16:06:45.713+0000] {logging_mixin.py:117} INFO - [2024-05-04T16:06:45.713+0000] {dag.py:2573} INFO - Sync 1 DAGs
[2024-05-04T16:06:45.736+0000] {logging_mixin.py:117} INFO - [2024-05-04T16:06:45.736+0000] {dag.py:3328} INFO - Setting next_dagrun for example_bash_operator to 2024-05-03T00:00:00+00:00, run_after=2024-05-04T00:00:00+00:00
[2024-05-04T16:06:45.759+0000] {processor.py:178} INFO - Processing /home/airflow/.local/lib/python3.7/site-packages/airflow/example_dags/example_bash_operator.py took 0.112 seconds
[2024-05-04T16:07:16.311+0000] {processor.py:156} INFO - Started process (PID=4122) to work on /home/airflow/.local/lib/python3.7/site-packages/airflow/example_dags/example_bash_operator.py
[2024-05-04T16:07:16.312+0000] {processor.py:758} INFO - Processing file /home/airflow/.local/lib/python3.7/site-packages/airflow/example_dags/example_bash_operator.py for tasks to queue
[2024-05-04T16:07:16.312+0000] {logging_mixin.py:117} INFO - [2024-05-04T16:07:16.312+0000] {dagbag.py:525} INFO - Filling up the DagBag from /home/airflow/.local/lib/python3.7/site-packages/airflow/example_dags/example_bash_operator.py
[2024-05-04T16:07:16.338+0000] {processor.py:768} INFO - DAG(s) dict_keys(['example_bash_operator']) retrieved from /home/airflow/.local/lib/python3.7/site-packages/airflow/example_dags/example_bash_operator.py
[2024-05-04T16:07:16.384+0000] {logging_mixin.py:117} INFO - [2024-05-04T16:07:16.384+0000] {dag.py:2573} INFO - Sync 1 DAGs
[2024-05-04T16:07:16.416+0000] {logging_mixin.py:117} INFO - [2024-05-04T16:07:16.416+0000] {dag.py:3328} INFO - Setting next_dagrun for example_bash_operator to 2024-05-03T00:00:00+00:00, run_after=2024-05-04T00:00:00+00:00
[2024-05-04T16:07:16.440+0000] {processor.py:178} INFO - Processing /home/airflow/.local/lib/python3.7/site-packages/airflow/example_dags/example_bash_operator.py took 0.131 seconds
[2024-05-04T16:07:46.948+0000] {processor.py:156} INFO - Started process (PID=4327) to work on /home/airflow/.local/lib/python3.7/site-packages/airflow/example_dags/example_bash_operator.py
[2024-05-04T16:07:46.949+0000] {processor.py:758} INFO - Processing file /home/airflow/.local/lib/python3.7/site-packages/airflow/example_dags/example_bash_operator.py for tasks to queue
[2024-05-04T16:07:46.950+0000] {logging_mixin.py:117} INFO - [2024-05-04T16:07:46.950+0000] {dagbag.py:525} INFO - Filling up the DagBag from /home/airflow/.local/lib/python3.7/site-packages/airflow/example_dags/example_bash_operator.py
[2024-05-04T16:07:46.969+0000] {processor.py:768} INFO - DAG(s) dict_keys(['example_bash_operator']) retrieved from /home/airflow/.local/lib/python3.7/site-packages/airflow/example_dags/example_bash_operator.py
[2024-05-04T16:07:47.010+0000] {logging_mixin.py:117} INFO - [2024-05-04T16:07:47.010+0000] {dag.py:2573} INFO - Sync 1 DAGs
[2024-05-04T16:07:47.032+0000] {logging_mixin.py:117} INFO - [2024-05-04T16:07:47.032+0000] {dag.py:3328} INFO - Setting next_dagrun for example_bash_operator to 2024-05-03T00:00:00+00:00, run_after=2024-05-04T00:00:00+00:00
[2024-05-04T16:07:47.053+0000] {processor.py:178} INFO - Processing /home/airflow/.local/lib/python3.7/site-packages/airflow/example_dags/example_bash_operator.py took 0.107 seconds
[2024-05-04T16:08:17.349+0000] {processor.py:156} INFO - Started process (PID=4540) to work on /home/airflow/.local/lib/python3.7/site-packages/airflow/example_dags/example_bash_operator.py
[2024-05-04T16:08:17.349+0000] {processor.py:758} INFO - Processing file /home/airflow/.local/lib/python3.7/site-packages/airflow/example_dags/example_bash_operator.py for tasks to queue
[2024-05-04T16:08:17.350+0000] {logging_mixin.py:117} INFO - [2024-05-04T16:08:17.350+0000] {dagbag.py:525} INFO - Filling up the DagBag from /home/airflow/.local/lib/python3.7/site-packages/airflow/example_dags/example_bash_operator.py
[2024-05-04T16:08:17.368+0000] {processor.py:768} INFO - DAG(s) dict_keys(['example_bash_operator']) retrieved from /home/airflow/.local/lib/python3.7/site-packages/airflow/example_dags/example_bash_operator.py
[2024-05-04T16:08:17.417+0000] {logging_mixin.py:117} INFO - [2024-05-04T16:08:17.416+0000] {dag.py:2573} INFO - Sync 1 DAGs
[2024-05-04T16:08:17.448+0000] {logging_mixin.py:117} INFO - [2024-05-04T16:08:17.448+0000] {dag.py:3328} INFO - Setting next_dagrun for example_bash_operator to 2024-05-03T00:00:00+00:00, run_after=2024-05-04T00:00:00+00:00
[2024-05-04T16:08:17.473+0000] {processor.py:178} INFO - Processing /home/airflow/.local/lib/python3.7/site-packages/airflow/example_dags/example_bash_operator.py took 0.127 seconds
[2024-05-04T16:08:48.115+0000] {processor.py:156} INFO - Started process (PID=4753) to work on /home/airflow/.local/lib/python3.7/site-packages/airflow/example_dags/example_bash_operator.py
[2024-05-04T16:08:48.116+0000] {processor.py:758} INFO - Processing file /home/airflow/.local/lib/python3.7/site-packages/airflow/example_dags/example_bash_operator.py for tasks to queue
[2024-05-04T16:08:48.117+0000] {logging_mixin.py:117} INFO - [2024-05-04T16:08:48.117+0000] {dagbag.py:525} INFO - Filling up the DagBag from /home/airflow/.local/lib/python3.7/site-packages/airflow/example_dags/example_bash_operator.py
[2024-05-04T16:08:48.143+0000] {processor.py:768} INFO - DAG(s) dict_keys(['example_bash_operator']) retrieved from /home/airflow/.local/lib/python3.7/site-packages/airflow/example_dags/example_bash_operator.py
[2024-05-04T16:08:48.197+0000] {logging_mixin.py:117} INFO - [2024-05-04T16:08:48.197+0000] {dag.py:2573} INFO - Sync 1 DAGs
[2024-05-04T16:08:48.232+0000] {logging_mixin.py:117} INFO - [2024-05-04T16:08:48.232+0000] {dag.py:3328} INFO - Setting next_dagrun for example_bash_operator to 2024-05-03T00:00:00+00:00, run_after=2024-05-04T00:00:00+00:00
[2024-05-04T16:08:48.257+0000] {processor.py:178} INFO - Processing /home/airflow/.local/lib/python3.7/site-packages/airflow/example_dags/example_bash_operator.py took 0.144 seconds
[2024-05-04T16:09:18.885+0000] {processor.py:156} INFO - Started process (PID=4967) to work on /home/airflow/.local/lib/python3.7/site-packages/airflow/example_dags/example_bash_operator.py
[2024-05-04T16:09:18.886+0000] {processor.py:758} INFO - Processing file /home/airflow/.local/lib/python3.7/site-packages/airflow/example_dags/example_bash_operator.py for tasks to queue
[2024-05-04T16:09:18.887+0000] {logging_mixin.py:117} INFO - [2024-05-04T16:09:18.887+0000] {dagbag.py:525} INFO - Filling up the DagBag from /home/airflow/.local/lib/python3.7/site-packages/airflow/example_dags/example_bash_operator.py
[2024-05-04T16:09:18.910+0000] {processor.py:768} INFO - DAG(s) dict_keys(['example_bash_operator']) retrieved from /home/airflow/.local/lib/python3.7/site-packages/airflow/example_dags/example_bash_operator.py
[2024-05-04T16:09:18.964+0000] {logging_mixin.py:117} INFO - [2024-05-04T16:09:18.964+0000] {dag.py:2573} INFO - Sync 1 DAGs
[2024-05-04T16:09:18.996+0000] {logging_mixin.py:117} INFO - [2024-05-04T16:09:18.996+0000] {dag.py:3328} INFO - Setting next_dagrun for example_bash_operator to 2024-05-03T00:00:00+00:00, run_after=2024-05-04T00:00:00+00:00
[2024-05-04T16:09:19.019+0000] {processor.py:178} INFO - Processing /home/airflow/.local/lib/python3.7/site-packages/airflow/example_dags/example_bash_operator.py took 0.137 seconds
[2024-05-04T16:09:49.468+0000] {processor.py:156} INFO - Started process (PID=5172) to work on /home/airflow/.local/lib/python3.7/site-packages/airflow/example_dags/example_bash_operator.py
[2024-05-04T16:09:49.468+0000] {processor.py:758} INFO - Processing file /home/airflow/.local/lib/python3.7/site-packages/airflow/example_dags/example_bash_operator.py for tasks to queue
[2024-05-04T16:09:49.469+0000] {logging_mixin.py:117} INFO - [2024-05-04T16:09:49.469+0000] {dagbag.py:525} INFO - Filling up the DagBag from /home/airflow/.local/lib/python3.7/site-packages/airflow/example_dags/example_bash_operator.py
[2024-05-04T16:09:49.494+0000] {processor.py:768} INFO - DAG(s) dict_keys(['example_bash_operator']) retrieved from /home/airflow/.local/lib/python3.7/site-packages/airflow/example_dags/example_bash_operator.py
[2024-05-04T16:09:49.540+0000] {logging_mixin.py:117} INFO - [2024-05-04T16:09:49.540+0000] {dag.py:2573} INFO - Sync 1 DAGs
[2024-05-04T16:09:49.564+0000] {logging_mixin.py:117} INFO - [2024-05-04T16:09:49.564+0000] {dag.py:3328} INFO - Setting next_dagrun for example_bash_operator to 2024-05-03T00:00:00+00:00, run_after=2024-05-04T00:00:00+00:00
[2024-05-04T16:09:49.587+0000] {processor.py:178} INFO - Processing /home/airflow/.local/lib/python3.7/site-packages/airflow/example_dags/example_bash_operator.py took 0.123 seconds
[2024-05-04T16:10:20.235+0000] {processor.py:156} INFO - Started process (PID=5385) to work on /home/airflow/.local/lib/python3.7/site-packages/airflow/example_dags/example_bash_operator.py
[2024-05-04T16:10:20.236+0000] {processor.py:758} INFO - Processing file /home/airflow/.local/lib/python3.7/site-packages/airflow/example_dags/example_bash_operator.py for tasks to queue
[2024-05-04T16:10:20.237+0000] {logging_mixin.py:117} INFO - [2024-05-04T16:10:20.237+0000] {dagbag.py:525} INFO - Filling up the DagBag from /home/airflow/.local/lib/python3.7/site-packages/airflow/example_dags/example_bash_operator.py
[2024-05-04T16:10:20.263+0000] {processor.py:768} INFO - DAG(s) dict_keys(['example_bash_operator']) retrieved from /home/airflow/.local/lib/python3.7/site-packages/airflow/example_dags/example_bash_operator.py
[2024-05-04T16:10:20.319+0000] {logging_mixin.py:117} INFO - [2024-05-04T16:10:20.318+0000] {dag.py:2573} INFO - Sync 1 DAGs
[2024-05-04T16:10:20.354+0000] {logging_mixin.py:117} INFO - [2024-05-04T16:10:20.354+0000] {dag.py:3328} INFO - Setting next_dagrun for example_bash_operator to 2024-05-03T00:00:00+00:00, run_after=2024-05-04T00:00:00+00:00
[2024-05-04T16:10:20.380+0000] {processor.py:178} INFO - Processing /home/airflow/.local/lib/python3.7/site-packages/airflow/example_dags/example_bash_operator.py took 0.148 seconds
[2024-05-04T16:10:50.871+0000] {processor.py:156} INFO - Started process (PID=5601) to work on /home/airflow/.local/lib/python3.7/site-packages/airflow/example_dags/example_bash_operator.py
[2024-05-04T16:10:50.872+0000] {processor.py:758} INFO - Processing file /home/airflow/.local/lib/python3.7/site-packages/airflow/example_dags/example_bash_operator.py for tasks to queue
[2024-05-04T16:10:50.873+0000] {logging_mixin.py:117} INFO - [2024-05-04T16:10:50.872+0000] {dagbag.py:525} INFO - Filling up the DagBag from /home/airflow/.local/lib/python3.7/site-packages/airflow/example_dags/example_bash_operator.py
[2024-05-04T16:10:50.891+0000] {processor.py:768} INFO - DAG(s) dict_keys(['example_bash_operator']) retrieved from /home/airflow/.local/lib/python3.7/site-packages/airflow/example_dags/example_bash_operator.py
[2024-05-04T16:10:50.932+0000] {logging_mixin.py:117} INFO - [2024-05-04T16:10:50.931+0000] {dag.py:2573} INFO - Sync 1 DAGs
[2024-05-04T16:10:50.955+0000] {logging_mixin.py:117} INFO - [2024-05-04T16:10:50.955+0000] {dag.py:3328} INFO - Setting next_dagrun for example_bash_operator to 2024-05-03T00:00:00+00:00, run_after=2024-05-04T00:00:00+00:00
[2024-05-04T16:10:50.977+0000] {processor.py:178} INFO - Processing /home/airflow/.local/lib/python3.7/site-packages/airflow/example_dags/example_bash_operator.py took 0.108 seconds
[2024-05-04T16:11:21.461+0000] {processor.py:156} INFO - Started process (PID=5814) to work on /home/airflow/.local/lib/python3.7/site-packages/airflow/example_dags/example_bash_operator.py
[2024-05-04T16:11:21.462+0000] {processor.py:758} INFO - Processing file /home/airflow/.local/lib/python3.7/site-packages/airflow/example_dags/example_bash_operator.py for tasks to queue
[2024-05-04T16:11:21.462+0000] {logging_mixin.py:117} INFO - [2024-05-04T16:11:21.462+0000] {dagbag.py:525} INFO - Filling up the DagBag from /home/airflow/.local/lib/python3.7/site-packages/airflow/example_dags/example_bash_operator.py
[2024-05-04T16:11:21.488+0000] {processor.py:768} INFO - DAG(s) dict_keys(['example_bash_operator']) retrieved from /home/airflow/.local/lib/python3.7/site-packages/airflow/example_dags/example_bash_operator.py
[2024-05-04T16:11:21.540+0000] {logging_mixin.py:117} INFO - [2024-05-04T16:11:21.540+0000] {dag.py:2573} INFO - Sync 1 DAGs
[2024-05-04T16:11:21.572+0000] {logging_mixin.py:117} INFO - [2024-05-04T16:11:21.572+0000] {dag.py:3328} INFO - Setting next_dagrun for example_bash_operator to 2024-05-03T00:00:00+00:00, run_after=2024-05-04T00:00:00+00:00
[2024-05-04T16:11:21.596+0000] {processor.py:178} INFO - Processing /home/airflow/.local/lib/python3.7/site-packages/airflow/example_dags/example_bash_operator.py took 0.138 seconds
[2024-05-04T16:11:52.099+0000] {processor.py:156} INFO - Started process (PID=6018) to work on /home/airflow/.local/lib/python3.7/site-packages/airflow/example_dags/example_bash_operator.py
[2024-05-04T16:11:52.099+0000] {processor.py:758} INFO - Processing file /home/airflow/.local/lib/python3.7/site-packages/airflow/example_dags/example_bash_operator.py for tasks to queue
[2024-05-04T16:11:52.100+0000] {logging_mixin.py:117} INFO - [2024-05-04T16:11:52.100+0000] {dagbag.py:525} INFO - Filling up the DagBag from /home/airflow/.local/lib/python3.7/site-packages/airflow/example_dags/example_bash_operator.py
[2024-05-04T16:11:52.126+0000] {processor.py:768} INFO - DAG(s) dict_keys(['example_bash_operator']) retrieved from /home/airflow/.local/lib/python3.7/site-packages/airflow/example_dags/example_bash_operator.py
[2024-05-04T16:11:52.182+0000] {logging_mixin.py:117} INFO - [2024-05-04T16:11:52.181+0000] {dag.py:2573} INFO - Sync 1 DAGs
[2024-05-04T16:11:52.215+0000] {logging_mixin.py:117} INFO - [2024-05-04T16:11:52.214+0000] {dag.py:3328} INFO - Setting next_dagrun for example_bash_operator to 2024-05-03T00:00:00+00:00, run_after=2024-05-04T00:00:00+00:00
[2024-05-04T16:11:52.237+0000] {processor.py:178} INFO - Processing /home/airflow/.local/lib/python3.7/site-packages/airflow/example_dags/example_bash_operator.py took 0.141 seconds
[2024-05-04T16:12:22.683+0000] {processor.py:156} INFO - Started process (PID=6231) to work on /home/airflow/.local/lib/python3.7/site-packages/airflow/example_dags/example_bash_operator.py
[2024-05-04T16:12:22.683+0000] {processor.py:758} INFO - Processing file /home/airflow/.local/lib/python3.7/site-packages/airflow/example_dags/example_bash_operator.py for tasks to queue
[2024-05-04T16:12:22.684+0000] {logging_mixin.py:117} INFO - [2024-05-04T16:12:22.684+0000] {dagbag.py:525} INFO - Filling up the DagBag from /home/airflow/.local/lib/python3.7/site-packages/airflow/example_dags/example_bash_operator.py
[2024-05-04T16:12:22.702+0000] {processor.py:768} INFO - DAG(s) dict_keys(['example_bash_operator']) retrieved from /home/airflow/.local/lib/python3.7/site-packages/airflow/example_dags/example_bash_operator.py
[2024-05-04T16:12:22.744+0000] {logging_mixin.py:117} INFO - [2024-05-04T16:12:22.744+0000] {dag.py:2573} INFO - Sync 1 DAGs
[2024-05-04T16:12:22.765+0000] {logging_mixin.py:117} INFO - [2024-05-04T16:12:22.765+0000] {dag.py:3328} INFO - Setting next_dagrun for example_bash_operator to 2024-05-03T00:00:00+00:00, run_after=2024-05-04T00:00:00+00:00
[2024-05-04T16:12:22.788+0000] {processor.py:178} INFO - Processing /home/airflow/.local/lib/python3.7/site-packages/airflow/example_dags/example_bash_operator.py took 0.108 seconds
[2024-05-04T16:12:53.354+0000] {processor.py:156} INFO - Started process (PID=6444) to work on /home/airflow/.local/lib/python3.7/site-packages/airflow/example_dags/example_bash_operator.py
[2024-05-04T16:12:53.354+0000] {processor.py:758} INFO - Processing file /home/airflow/.local/lib/python3.7/site-packages/airflow/example_dags/example_bash_operator.py for tasks to queue
[2024-05-04T16:12:53.355+0000] {logging_mixin.py:117} INFO - [2024-05-04T16:12:53.355+0000] {dagbag.py:525} INFO - Filling up the DagBag from /home/airflow/.local/lib/python3.7/site-packages/airflow/example_dags/example_bash_operator.py
[2024-05-04T16:12:53.378+0000] {processor.py:768} INFO - DAG(s) dict_keys(['example_bash_operator']) retrieved from /home/airflow/.local/lib/python3.7/site-packages/airflow/example_dags/example_bash_operator.py
[2024-05-04T16:12:53.432+0000] {logging_mixin.py:117} INFO - [2024-05-04T16:12:53.431+0000] {dag.py:2573} INFO - Sync 1 DAGs
[2024-05-04T16:12:53.465+0000] {logging_mixin.py:117} INFO - [2024-05-04T16:12:53.465+0000] {dag.py:3328} INFO - Setting next_dagrun for example_bash_operator to 2024-05-03T00:00:00+00:00, run_after=2024-05-04T00:00:00+00:00
[2024-05-04T16:12:53.488+0000] {processor.py:178} INFO - Processing /home/airflow/.local/lib/python3.7/site-packages/airflow/example_dags/example_bash_operator.py took 0.137 seconds
[2024-05-04T16:13:24.008+0000] {processor.py:156} INFO - Started process (PID=6657) to work on /home/airflow/.local/lib/python3.7/site-packages/airflow/example_dags/example_bash_operator.py
[2024-05-04T16:13:24.009+0000] {processor.py:758} INFO - Processing file /home/airflow/.local/lib/python3.7/site-packages/airflow/example_dags/example_bash_operator.py for tasks to queue
[2024-05-04T16:13:24.010+0000] {logging_mixin.py:117} INFO - [2024-05-04T16:13:24.010+0000] {dagbag.py:525} INFO - Filling up the DagBag from /home/airflow/.local/lib/python3.7/site-packages/airflow/example_dags/example_bash_operator.py
[2024-05-04T16:13:24.034+0000] {processor.py:768} INFO - DAG(s) dict_keys(['example_bash_operator']) retrieved from /home/airflow/.local/lib/python3.7/site-packages/airflow/example_dags/example_bash_operator.py
[2024-05-04T16:13:24.077+0000] {logging_mixin.py:117} INFO - [2024-05-04T16:13:24.077+0000] {dag.py:2573} INFO - Sync 1 DAGs
[2024-05-04T16:13:24.102+0000] {logging_mixin.py:117} INFO - [2024-05-04T16:13:24.101+0000] {dag.py:3328} INFO - Setting next_dagrun for example_bash_operator to 2024-05-03T00:00:00+00:00, run_after=2024-05-04T00:00:00+00:00
[2024-05-04T16:13:24.122+0000] {processor.py:178} INFO - Processing /home/airflow/.local/lib/python3.7/site-packages/airflow/example_dags/example_bash_operator.py took 0.117 seconds
[2024-05-04T16:13:54.744+0000] {processor.py:156} INFO - Started process (PID=6864) to work on /home/airflow/.local/lib/python3.7/site-packages/airflow/example_dags/example_bash_operator.py
[2024-05-04T16:13:54.745+0000] {processor.py:758} INFO - Processing file /home/airflow/.local/lib/python3.7/site-packages/airflow/example_dags/example_bash_operator.py for tasks to queue
[2024-05-04T16:13:54.746+0000] {logging_mixin.py:117} INFO - [2024-05-04T16:13:54.745+0000] {dagbag.py:525} INFO - Filling up the DagBag from /home/airflow/.local/lib/python3.7/site-packages/airflow/example_dags/example_bash_operator.py
[2024-05-04T16:13:54.764+0000] {processor.py:768} INFO - DAG(s) dict_keys(['example_bash_operator']) retrieved from /home/airflow/.local/lib/python3.7/site-packages/airflow/example_dags/example_bash_operator.py
[2024-05-04T16:13:54.806+0000] {logging_mixin.py:117} INFO - [2024-05-04T16:13:54.806+0000] {dag.py:2573} INFO - Sync 1 DAGs
[2024-05-04T16:13:54.831+0000] {logging_mixin.py:117} INFO - [2024-05-04T16:13:54.831+0000] {dag.py:3328} INFO - Setting next_dagrun for example_bash_operator to 2024-05-03T00:00:00+00:00, run_after=2024-05-04T00:00:00+00:00
[2024-05-04T16:13:54.852+0000] {processor.py:178} INFO - Processing /home/airflow/.local/lib/python3.7/site-packages/airflow/example_dags/example_bash_operator.py took 0.110 seconds
[2024-05-04T16:14:25.408+0000] {processor.py:156} INFO - Started process (PID=7077) to work on /home/airflow/.local/lib/python3.7/site-packages/airflow/example_dags/example_bash_operator.py
[2024-05-04T16:14:25.409+0000] {processor.py:758} INFO - Processing file /home/airflow/.local/lib/python3.7/site-packages/airflow/example_dags/example_bash_operator.py for tasks to queue
[2024-05-04T16:14:25.409+0000] {logging_mixin.py:117} INFO - [2024-05-04T16:14:25.409+0000] {dagbag.py:525} INFO - Filling up the DagBag from /home/airflow/.local/lib/python3.7/site-packages/airflow/example_dags/example_bash_operator.py
[2024-05-04T16:14:25.432+0000] {processor.py:768} INFO - DAG(s) dict_keys(['example_bash_operator']) retrieved from /home/airflow/.local/lib/python3.7/site-packages/airflow/example_dags/example_bash_operator.py
[2024-05-04T16:14:25.482+0000] {logging_mixin.py:117} INFO - [2024-05-04T16:14:25.481+0000] {dag.py:2573} INFO - Sync 1 DAGs
[2024-05-04T16:14:25.504+0000] {logging_mixin.py:117} INFO - [2024-05-04T16:14:25.504+0000] {dag.py:3328} INFO - Setting next_dagrun for example_bash_operator to 2024-05-03T00:00:00+00:00, run_after=2024-05-04T00:00:00+00:00
[2024-05-04T16:14:25.527+0000] {processor.py:178} INFO - Processing /home/airflow/.local/lib/python3.7/site-packages/airflow/example_dags/example_bash_operator.py took 0.122 seconds
[2024-05-04T16:14:56.087+0000] {processor.py:156} INFO - Started process (PID=7290) to work on /home/airflow/.local/lib/python3.7/site-packages/airflow/example_dags/example_bash_operator.py
[2024-05-04T16:14:56.088+0000] {processor.py:758} INFO - Processing file /home/airflow/.local/lib/python3.7/site-packages/airflow/example_dags/example_bash_operator.py for tasks to queue
[2024-05-04T16:14:56.088+0000] {logging_mixin.py:117} INFO - [2024-05-04T16:14:56.088+0000] {dagbag.py:525} INFO - Filling up the DagBag from /home/airflow/.local/lib/python3.7/site-packages/airflow/example_dags/example_bash_operator.py
[2024-05-04T16:14:56.107+0000] {processor.py:768} INFO - DAG(s) dict_keys(['example_bash_operator']) retrieved from /home/airflow/.local/lib/python3.7/site-packages/airflow/example_dags/example_bash_operator.py
[2024-05-04T16:14:56.146+0000] {logging_mixin.py:117} INFO - [2024-05-04T16:14:56.146+0000] {dag.py:2573} INFO - Sync 1 DAGs
[2024-05-04T16:14:56.177+0000] {logging_mixin.py:117} INFO - [2024-05-04T16:14:56.177+0000] {dag.py:3328} INFO - Setting next_dagrun for example_bash_operator to 2024-05-03T00:00:00+00:00, run_after=2024-05-04T00:00:00+00:00
[2024-05-04T16:14:56.201+0000] {processor.py:178} INFO - Processing /home/airflow/.local/lib/python3.7/site-packages/airflow/example_dags/example_bash_operator.py took 0.116 seconds
[2024-05-04T16:15:26.845+0000] {processor.py:156} INFO - Started process (PID=7506) to work on /home/airflow/.local/lib/python3.7/site-packages/airflow/example_dags/example_bash_operator.py
[2024-05-04T16:15:26.845+0000] {processor.py:758} INFO - Processing file /home/airflow/.local/lib/python3.7/site-packages/airflow/example_dags/example_bash_operator.py for tasks to queue
[2024-05-04T16:15:26.846+0000] {logging_mixin.py:117} INFO - [2024-05-04T16:15:26.846+0000] {dagbag.py:525} INFO - Filling up the DagBag from /home/airflow/.local/lib/python3.7/site-packages/airflow/example_dags/example_bash_operator.py
[2024-05-04T16:15:26.872+0000] {processor.py:768} INFO - DAG(s) dict_keys(['example_bash_operator']) retrieved from /home/airflow/.local/lib/python3.7/site-packages/airflow/example_dags/example_bash_operator.py
[2024-05-04T16:15:26.924+0000] {logging_mixin.py:117} INFO - [2024-05-04T16:15:26.923+0000] {dag.py:2573} INFO - Sync 1 DAGs
[2024-05-04T16:15:26.956+0000] {logging_mixin.py:117} INFO - [2024-05-04T16:15:26.955+0000] {dag.py:3328} INFO - Setting next_dagrun for example_bash_operator to 2024-05-03T00:00:00+00:00, run_after=2024-05-04T00:00:00+00:00
[2024-05-04T16:15:26.980+0000] {processor.py:178} INFO - Processing /home/airflow/.local/lib/python3.7/site-packages/airflow/example_dags/example_bash_operator.py took 0.138 seconds
[2024-05-04T16:15:57.048+0000] {processor.py:156} INFO - Started process (PID=7716) to work on /home/airflow/.local/lib/python3.7/site-packages/airflow/example_dags/example_bash_operator.py
[2024-05-04T16:15:57.049+0000] {processor.py:758} INFO - Processing file /home/airflow/.local/lib/python3.7/site-packages/airflow/example_dags/example_bash_operator.py for tasks to queue
[2024-05-04T16:15:57.049+0000] {logging_mixin.py:117} INFO - [2024-05-04T16:15:57.049+0000] {dagbag.py:525} INFO - Filling up the DagBag from /home/airflow/.local/lib/python3.7/site-packages/airflow/example_dags/example_bash_operator.py
[2024-05-04T16:15:57.076+0000] {processor.py:768} INFO - DAG(s) dict_keys(['example_bash_operator']) retrieved from /home/airflow/.local/lib/python3.7/site-packages/airflow/example_dags/example_bash_operator.py
[2024-05-04T16:15:57.121+0000] {logging_mixin.py:117} INFO - [2024-05-04T16:15:57.121+0000] {dag.py:2573} INFO - Sync 1 DAGs
[2024-05-04T16:15:57.141+0000] {logging_mixin.py:117} INFO - [2024-05-04T16:15:57.141+0000] {dag.py:3328} INFO - Setting next_dagrun for example_bash_operator to 2024-05-03T00:00:00+00:00, run_after=2024-05-04T00:00:00+00:00
[2024-05-04T16:15:57.163+0000] {processor.py:178} INFO - Processing /home/airflow/.local/lib/python3.7/site-packages/airflow/example_dags/example_bash_operator.py took 0.117 seconds
[2024-05-04T16:16:27.239+0000] {processor.py:156} INFO - Started process (PID=7927) to work on /home/airflow/.local/lib/python3.7/site-packages/airflow/example_dags/example_bash_operator.py
[2024-05-04T16:16:27.239+0000] {processor.py:758} INFO - Processing file /home/airflow/.local/lib/python3.7/site-packages/airflow/example_dags/example_bash_operator.py for tasks to queue
[2024-05-04T16:16:27.240+0000] {logging_mixin.py:117} INFO - [2024-05-04T16:16:27.240+0000] {dagbag.py:525} INFO - Filling up the DagBag from /home/airflow/.local/lib/python3.7/site-packages/airflow/example_dags/example_bash_operator.py
[2024-05-04T16:16:27.265+0000] {processor.py:768} INFO - DAG(s) dict_keys(['example_bash_operator']) retrieved from /home/airflow/.local/lib/python3.7/site-packages/airflow/example_dags/example_bash_operator.py
[2024-05-04T16:16:27.324+0000] {logging_mixin.py:117} INFO - [2024-05-04T16:16:27.324+0000] {dag.py:2573} INFO - Sync 1 DAGs
[2024-05-04T16:16:27.360+0000] {logging_mixin.py:117} INFO - [2024-05-04T16:16:27.360+0000] {dag.py:3328} INFO - Setting next_dagrun for example_bash_operator to 2024-05-03T00:00:00+00:00, run_after=2024-05-04T00:00:00+00:00
[2024-05-04T16:16:27.393+0000] {processor.py:178} INFO - Processing /home/airflow/.local/lib/python3.7/site-packages/airflow/example_dags/example_bash_operator.py took 0.157 seconds
[2024-05-04T16:16:57.569+0000] {processor.py:156} INFO - Started process (PID=8140) to work on /home/airflow/.local/lib/python3.7/site-packages/airflow/example_dags/example_bash_operator.py
[2024-05-04T16:16:57.569+0000] {processor.py:758} INFO - Processing file /home/airflow/.local/lib/python3.7/site-packages/airflow/example_dags/example_bash_operator.py for tasks to queue
[2024-05-04T16:16:57.570+0000] {logging_mixin.py:117} INFO - [2024-05-04T16:16:57.569+0000] {dagbag.py:525} INFO - Filling up the DagBag from /home/airflow/.local/lib/python3.7/site-packages/airflow/example_dags/example_bash_operator.py
[2024-05-04T16:16:57.589+0000] {processor.py:768} INFO - DAG(s) dict_keys(['example_bash_operator']) retrieved from /home/airflow/.local/lib/python3.7/site-packages/airflow/example_dags/example_bash_operator.py
[2024-05-04T16:16:57.632+0000] {logging_mixin.py:117} INFO - [2024-05-04T16:16:57.632+0000] {dag.py:2573} INFO - Sync 1 DAGs
[2024-05-04T16:16:57.653+0000] {logging_mixin.py:117} INFO - [2024-05-04T16:16:57.652+0000] {dag.py:3328} INFO - Setting next_dagrun for example_bash_operator to 2024-05-03T00:00:00+00:00, run_after=2024-05-04T00:00:00+00:00
[2024-05-04T16:16:57.676+0000] {processor.py:178} INFO - Processing /home/airflow/.local/lib/python3.7/site-packages/airflow/example_dags/example_bash_operator.py took 0.111 seconds
[2024-05-04T16:17:28.750+0000] {processor.py:156} INFO - Started process (PID=8355) to work on /home/airflow/.local/lib/python3.7/site-packages/airflow/example_dags/example_bash_operator.py
[2024-05-04T16:17:28.751+0000] {processor.py:758} INFO - Processing file /home/airflow/.local/lib/python3.7/site-packages/airflow/example_dags/example_bash_operator.py for tasks to queue
[2024-05-04T16:17:28.752+0000] {logging_mixin.py:117} INFO - [2024-05-04T16:17:28.752+0000] {dagbag.py:525} INFO - Filling up the DagBag from /home/airflow/.local/lib/python3.7/site-packages/airflow/example_dags/example_bash_operator.py
[2024-05-04T16:17:28.782+0000] {processor.py:768} INFO - DAG(s) dict_keys(['example_bash_operator']) retrieved from /home/airflow/.local/lib/python3.7/site-packages/airflow/example_dags/example_bash_operator.py
[2024-05-04T16:17:28.843+0000] {logging_mixin.py:117} INFO - [2024-05-04T16:17:28.843+0000] {dag.py:2573} INFO - Sync 1 DAGs
[2024-05-04T16:17:28.879+0000] {logging_mixin.py:117} INFO - [2024-05-04T16:17:28.879+0000] {dag.py:3328} INFO - Setting next_dagrun for example_bash_operator to 2024-05-03T00:00:00+00:00, run_after=2024-05-04T00:00:00+00:00
[2024-05-04T16:17:28.906+0000] {processor.py:178} INFO - Processing /home/airflow/.local/lib/python3.7/site-packages/airflow/example_dags/example_bash_operator.py took 0.159 seconds
[2024-05-04T16:17:59.758+0000] {processor.py:156} INFO - Started process (PID=8561) to work on /home/airflow/.local/lib/python3.7/site-packages/airflow/example_dags/example_bash_operator.py
[2024-05-04T16:17:59.759+0000] {processor.py:758} INFO - Processing file /home/airflow/.local/lib/python3.7/site-packages/airflow/example_dags/example_bash_operator.py for tasks to queue
[2024-05-04T16:17:59.759+0000] {logging_mixin.py:117} INFO - [2024-05-04T16:17:59.759+0000] {dagbag.py:525} INFO - Filling up the DagBag from /home/airflow/.local/lib/python3.7/site-packages/airflow/example_dags/example_bash_operator.py
[2024-05-04T16:17:59.782+0000] {processor.py:768} INFO - DAG(s) dict_keys(['example_bash_operator']) retrieved from /home/airflow/.local/lib/python3.7/site-packages/airflow/example_dags/example_bash_operator.py
[2024-05-04T16:17:59.832+0000] {logging_mixin.py:117} INFO - [2024-05-04T16:17:59.832+0000] {dag.py:2573} INFO - Sync 1 DAGs
[2024-05-04T16:17:59.864+0000] {logging_mixin.py:117} INFO - [2024-05-04T16:17:59.863+0000] {dag.py:3328} INFO - Setting next_dagrun for example_bash_operator to 2024-05-03T00:00:00+00:00, run_after=2024-05-04T00:00:00+00:00
[2024-05-04T16:17:59.891+0000] {processor.py:178} INFO - Processing /home/airflow/.local/lib/python3.7/site-packages/airflow/example_dags/example_bash_operator.py took 0.136 seconds
[2024-05-04T16:18:30.151+0000] {processor.py:156} INFO - Started process (PID=8774) to work on /home/airflow/.local/lib/python3.7/site-packages/airflow/example_dags/example_bash_operator.py
[2024-05-04T16:18:30.151+0000] {processor.py:758} INFO - Processing file /home/airflow/.local/lib/python3.7/site-packages/airflow/example_dags/example_bash_operator.py for tasks to queue
[2024-05-04T16:18:30.152+0000] {logging_mixin.py:117} INFO - [2024-05-04T16:18:30.152+0000] {dagbag.py:525} INFO - Filling up the DagBag from /home/airflow/.local/lib/python3.7/site-packages/airflow/example_dags/example_bash_operator.py
[2024-05-04T16:18:30.171+0000] {processor.py:768} INFO - DAG(s) dict_keys(['example_bash_operator']) retrieved from /home/airflow/.local/lib/python3.7/site-packages/airflow/example_dags/example_bash_operator.py
[2024-05-04T16:18:30.221+0000] {logging_mixin.py:117} INFO - [2024-05-04T16:18:30.221+0000] {dag.py:2573} INFO - Sync 1 DAGs
[2024-05-04T16:18:30.248+0000] {logging_mixin.py:117} INFO - [2024-05-04T16:18:30.248+0000] {dag.py:3328} INFO - Setting next_dagrun for example_bash_operator to 2024-05-03T00:00:00+00:00, run_after=2024-05-04T00:00:00+00:00
[2024-05-04T16:18:30.276+0000] {processor.py:178} INFO - Processing /home/airflow/.local/lib/python3.7/site-packages/airflow/example_dags/example_bash_operator.py took 0.128 seconds
[2024-05-04T16:19:01.393+0000] {processor.py:156} INFO - Started process (PID=8990) to work on /home/airflow/.local/lib/python3.7/site-packages/airflow/example_dags/example_bash_operator.py
[2024-05-04T16:19:01.393+0000] {processor.py:758} INFO - Processing file /home/airflow/.local/lib/python3.7/site-packages/airflow/example_dags/example_bash_operator.py for tasks to queue
[2024-05-04T16:19:01.394+0000] {logging_mixin.py:117} INFO - [2024-05-04T16:19:01.394+0000] {dagbag.py:525} INFO - Filling up the DagBag from /home/airflow/.local/lib/python3.7/site-packages/airflow/example_dags/example_bash_operator.py
[2024-05-04T16:19:01.423+0000] {processor.py:768} INFO - DAG(s) dict_keys(['example_bash_operator']) retrieved from /home/airflow/.local/lib/python3.7/site-packages/airflow/example_dags/example_bash_operator.py
[2024-05-04T16:19:01.479+0000] {logging_mixin.py:117} INFO - [2024-05-04T16:19:01.479+0000] {dag.py:2573} INFO - Sync 1 DAGs
[2024-05-04T16:19:01.504+0000] {logging_mixin.py:117} INFO - [2024-05-04T16:19:01.503+0000] {dag.py:3328} INFO - Setting next_dagrun for example_bash_operator to 2024-05-03T00:00:00+00:00, run_after=2024-05-04T00:00:00+00:00
[2024-05-04T16:19:01.526+0000] {processor.py:178} INFO - Processing /home/airflow/.local/lib/python3.7/site-packages/airflow/example_dags/example_bash_operator.py took 0.136 seconds
[2024-05-04T16:19:32.606+0000] {processor.py:156} INFO - Started process (PID=9203) to work on /home/airflow/.local/lib/python3.7/site-packages/airflow/example_dags/example_bash_operator.py
[2024-05-04T16:19:32.606+0000] {processor.py:758} INFO - Processing file /home/airflow/.local/lib/python3.7/site-packages/airflow/example_dags/example_bash_operator.py for tasks to queue
[2024-05-04T16:19:32.607+0000] {logging_mixin.py:117} INFO - [2024-05-04T16:19:32.607+0000] {dagbag.py:525} INFO - Filling up the DagBag from /home/airflow/.local/lib/python3.7/site-packages/airflow/example_dags/example_bash_operator.py
[2024-05-04T16:19:32.635+0000] {processor.py:768} INFO - DAG(s) dict_keys(['example_bash_operator']) retrieved from /home/airflow/.local/lib/python3.7/site-packages/airflow/example_dags/example_bash_operator.py
[2024-05-04T16:19:32.687+0000] {logging_mixin.py:117} INFO - [2024-05-04T16:19:32.687+0000] {dag.py:2573} INFO - Sync 1 DAGs
[2024-05-04T16:19:32.722+0000] {logging_mixin.py:117} INFO - [2024-05-04T16:19:32.722+0000] {dag.py:3328} INFO - Setting next_dagrun for example_bash_operator to 2024-05-03T00:00:00+00:00, run_after=2024-05-04T00:00:00+00:00
[2024-05-04T16:19:32.749+0000] {processor.py:178} INFO - Processing /home/airflow/.local/lib/python3.7/site-packages/airflow/example_dags/example_bash_operator.py took 0.147 seconds
[2024-05-04T16:20:03.039+0000] {processor.py:156} INFO - Started process (PID=9407) to work on /home/airflow/.local/lib/python3.7/site-packages/airflow/example_dags/example_bash_operator.py
[2024-05-04T16:20:03.039+0000] {processor.py:758} INFO - Processing file /home/airflow/.local/lib/python3.7/site-packages/airflow/example_dags/example_bash_operator.py for tasks to queue
[2024-05-04T16:20:03.040+0000] {logging_mixin.py:117} INFO - [2024-05-04T16:20:03.040+0000] {dagbag.py:525} INFO - Filling up the DagBag from /home/airflow/.local/lib/python3.7/site-packages/airflow/example_dags/example_bash_operator.py
[2024-05-04T16:20:03.062+0000] {processor.py:768} INFO - DAG(s) dict_keys(['example_bash_operator']) retrieved from /home/airflow/.local/lib/python3.7/site-packages/airflow/example_dags/example_bash_operator.py
[2024-05-04T16:20:03.114+0000] {logging_mixin.py:117} INFO - [2024-05-04T16:20:03.114+0000] {dag.py:2573} INFO - Sync 1 DAGs
[2024-05-04T16:20:03.140+0000] {logging_mixin.py:117} INFO - [2024-05-04T16:20:03.140+0000] {dag.py:3328} INFO - Setting next_dagrun for example_bash_operator to 2024-05-03T00:00:00+00:00, run_after=2024-05-04T00:00:00+00:00
[2024-05-04T16:20:03.164+0000] {processor.py:178} INFO - Processing /home/airflow/.local/lib/python3.7/site-packages/airflow/example_dags/example_bash_operator.py took 0.128 seconds
[2024-05-04T16:20:33.444+0000] {processor.py:156} INFO - Started process (PID=9626) to work on /home/airflow/.local/lib/python3.7/site-packages/airflow/example_dags/example_bash_operator.py
[2024-05-04T16:20:33.445+0000] {processor.py:758} INFO - Processing file /home/airflow/.local/lib/python3.7/site-packages/airflow/example_dags/example_bash_operator.py for tasks to queue
[2024-05-04T16:20:33.446+0000] {logging_mixin.py:117} INFO - [2024-05-04T16:20:33.446+0000] {dagbag.py:525} INFO - Filling up the DagBag from /home/airflow/.local/lib/python3.7/site-packages/airflow/example_dags/example_bash_operator.py
[2024-05-04T16:20:33.473+0000] {processor.py:768} INFO - DAG(s) dict_keys(['example_bash_operator']) retrieved from /home/airflow/.local/lib/python3.7/site-packages/airflow/example_dags/example_bash_operator.py
[2024-05-04T16:20:33.539+0000] {logging_mixin.py:117} INFO - [2024-05-04T16:20:33.539+0000] {dag.py:2573} INFO - Sync 1 DAGs
[2024-05-04T16:20:33.569+0000] {logging_mixin.py:117} INFO - [2024-05-04T16:20:33.569+0000] {dag.py:3328} INFO - Setting next_dagrun for example_bash_operator to 2024-05-03T00:00:00+00:00, run_after=2024-05-04T00:00:00+00:00
[2024-05-04T16:20:33.607+0000] {processor.py:178} INFO - Processing /home/airflow/.local/lib/python3.7/site-packages/airflow/example_dags/example_bash_operator.py took 0.166 seconds
[2024-05-04T16:21:03.889+0000] {processor.py:156} INFO - Started process (PID=9843) to work on /home/airflow/.local/lib/python3.7/site-packages/airflow/example_dags/example_bash_operator.py
[2024-05-04T16:21:03.890+0000] {processor.py:758} INFO - Processing file /home/airflow/.local/lib/python3.7/site-packages/airflow/example_dags/example_bash_operator.py for tasks to queue
[2024-05-04T16:21:03.891+0000] {logging_mixin.py:117} INFO - [2024-05-04T16:21:03.890+0000] {dagbag.py:525} INFO - Filling up the DagBag from /home/airflow/.local/lib/python3.7/site-packages/airflow/example_dags/example_bash_operator.py
[2024-05-04T16:21:03.917+0000] {processor.py:768} INFO - DAG(s) dict_keys(['example_bash_operator']) retrieved from /home/airflow/.local/lib/python3.7/site-packages/airflow/example_dags/example_bash_operator.py
[2024-05-04T16:21:03.969+0000] {logging_mixin.py:117} INFO - [2024-05-04T16:21:03.969+0000] {dag.py:2573} INFO - Sync 1 DAGs
[2024-05-04T16:21:03.991+0000] {logging_mixin.py:117} INFO - [2024-05-04T16:21:03.991+0000] {dag.py:3328} INFO - Setting next_dagrun for example_bash_operator to 2024-05-03T00:00:00+00:00, run_after=2024-05-04T00:00:00+00:00
[2024-05-04T16:21:04.012+0000] {processor.py:178} INFO - Processing /home/airflow/.local/lib/python3.7/site-packages/airflow/example_dags/example_bash_operator.py took 0.130 seconds
[2024-05-04T16:21:34.194+0000] {processor.py:156} INFO - Started process (PID=10047) to work on /home/airflow/.local/lib/python3.7/site-packages/airflow/example_dags/example_bash_operator.py
[2024-05-04T16:21:34.195+0000] {processor.py:758} INFO - Processing file /home/airflow/.local/lib/python3.7/site-packages/airflow/example_dags/example_bash_operator.py for tasks to queue
[2024-05-04T16:21:34.195+0000] {logging_mixin.py:117} INFO - [2024-05-04T16:21:34.195+0000] {dagbag.py:525} INFO - Filling up the DagBag from /home/airflow/.local/lib/python3.7/site-packages/airflow/example_dags/example_bash_operator.py
[2024-05-04T16:21:34.216+0000] {processor.py:768} INFO - DAG(s) dict_keys(['example_bash_operator']) retrieved from /home/airflow/.local/lib/python3.7/site-packages/airflow/example_dags/example_bash_operator.py
[2024-05-04T16:21:34.256+0000] {logging_mixin.py:117} INFO - [2024-05-04T16:21:34.256+0000] {dag.py:2573} INFO - Sync 1 DAGs
[2024-05-04T16:21:34.278+0000] {logging_mixin.py:117} INFO - [2024-05-04T16:21:34.278+0000] {dag.py:3328} INFO - Setting next_dagrun for example_bash_operator to 2024-05-03T00:00:00+00:00, run_after=2024-05-04T00:00:00+00:00
[2024-05-04T16:21:34.299+0000] {processor.py:178} INFO - Processing /home/airflow/.local/lib/python3.7/site-packages/airflow/example_dags/example_bash_operator.py took 0.110 seconds
[2024-05-04T16:22:05.121+0000] {processor.py:156} INFO - Started process (PID=10263) to work on /home/airflow/.local/lib/python3.7/site-packages/airflow/example_dags/example_bash_operator.py
[2024-05-04T16:22:05.122+0000] {processor.py:758} INFO - Processing file /home/airflow/.local/lib/python3.7/site-packages/airflow/example_dags/example_bash_operator.py for tasks to queue
[2024-05-04T16:22:05.122+0000] {logging_mixin.py:117} INFO - [2024-05-04T16:22:05.122+0000] {dagbag.py:525} INFO - Filling up the DagBag from /home/airflow/.local/lib/python3.7/site-packages/airflow/example_dags/example_bash_operator.py
[2024-05-04T16:22:05.144+0000] {processor.py:768} INFO - DAG(s) dict_keys(['example_bash_operator']) retrieved from /home/airflow/.local/lib/python3.7/site-packages/airflow/example_dags/example_bash_operator.py
[2024-05-04T16:22:05.186+0000] {logging_mixin.py:117} INFO - [2024-05-04T16:22:05.185+0000] {dag.py:2573} INFO - Sync 1 DAGs
[2024-05-04T16:22:05.211+0000] {logging_mixin.py:117} INFO - [2024-05-04T16:22:05.210+0000] {dag.py:3328} INFO - Setting next_dagrun for example_bash_operator to 2024-05-03T00:00:00+00:00, run_after=2024-05-04T00:00:00+00:00
[2024-05-04T16:22:05.236+0000] {processor.py:178} INFO - Processing /home/airflow/.local/lib/python3.7/site-packages/airflow/example_dags/example_bash_operator.py took 0.120 seconds
[2024-05-04T16:22:35.998+0000] {processor.py:156} INFO - Started process (PID=10476) to work on /home/airflow/.local/lib/python3.7/site-packages/airflow/example_dags/example_bash_operator.py
[2024-05-04T16:22:35.999+0000] {processor.py:758} INFO - Processing file /home/airflow/.local/lib/python3.7/site-packages/airflow/example_dags/example_bash_operator.py for tasks to queue
[2024-05-04T16:22:35.999+0000] {logging_mixin.py:117} INFO - [2024-05-04T16:22:35.999+0000] {dagbag.py:525} INFO - Filling up the DagBag from /home/airflow/.local/lib/python3.7/site-packages/airflow/example_dags/example_bash_operator.py
[2024-05-04T16:22:36.021+0000] {processor.py:768} INFO - DAG(s) dict_keys(['example_bash_operator']) retrieved from /home/airflow/.local/lib/python3.7/site-packages/airflow/example_dags/example_bash_operator.py
[2024-05-04T16:22:36.062+0000] {logging_mixin.py:117} INFO - [2024-05-04T16:22:36.062+0000] {dag.py:2573} INFO - Sync 1 DAGs
[2024-05-04T16:22:36.087+0000] {logging_mixin.py:117} INFO - [2024-05-04T16:22:36.087+0000] {dag.py:3328} INFO - Setting next_dagrun for example_bash_operator to 2024-05-03T00:00:00+00:00, run_after=2024-05-04T00:00:00+00:00
[2024-05-04T16:22:36.109+0000] {processor.py:178} INFO - Processing /home/airflow/.local/lib/python3.7/site-packages/airflow/example_dags/example_bash_operator.py took 0.113 seconds
[2024-05-04T16:23:06.913+0000] {processor.py:156} INFO - Started process (PID=10689) to work on /home/airflow/.local/lib/python3.7/site-packages/airflow/example_dags/example_bash_operator.py
[2024-05-04T16:23:06.914+0000] {processor.py:758} INFO - Processing file /home/airflow/.local/lib/python3.7/site-packages/airflow/example_dags/example_bash_operator.py for tasks to queue
[2024-05-04T16:23:06.914+0000] {logging_mixin.py:117} INFO - [2024-05-04T16:23:06.914+0000] {dagbag.py:525} INFO - Filling up the DagBag from /home/airflow/.local/lib/python3.7/site-packages/airflow/example_dags/example_bash_operator.py
[2024-05-04T16:23:06.936+0000] {processor.py:768} INFO - DAG(s) dict_keys(['example_bash_operator']) retrieved from /home/airflow/.local/lib/python3.7/site-packages/airflow/example_dags/example_bash_operator.py
[2024-05-04T16:23:06.975+0000] {logging_mixin.py:117} INFO - [2024-05-04T16:23:06.975+0000] {dag.py:2573} INFO - Sync 1 DAGs
[2024-05-04T16:23:06.998+0000] {logging_mixin.py:117} INFO - [2024-05-04T16:23:06.998+0000] {dag.py:3328} INFO - Setting next_dagrun for example_bash_operator to 2024-05-03T00:00:00+00:00, run_after=2024-05-04T00:00:00+00:00
[2024-05-04T16:23:07.020+0000] {processor.py:178} INFO - Processing /home/airflow/.local/lib/python3.7/site-packages/airflow/example_dags/example_bash_operator.py took 0.110 seconds
[2024-05-04T16:23:37.708+0000] {processor.py:156} INFO - Started process (PID=10893) to work on /home/airflow/.local/lib/python3.7/site-packages/airflow/example_dags/example_bash_operator.py
[2024-05-04T16:23:37.709+0000] {processor.py:758} INFO - Processing file /home/airflow/.local/lib/python3.7/site-packages/airflow/example_dags/example_bash_operator.py for tasks to queue
[2024-05-04T16:23:37.709+0000] {logging_mixin.py:117} INFO - [2024-05-04T16:23:37.709+0000] {dagbag.py:525} INFO - Filling up the DagBag from /home/airflow/.local/lib/python3.7/site-packages/airflow/example_dags/example_bash_operator.py
[2024-05-04T16:23:37.730+0000] {processor.py:768} INFO - DAG(s) dict_keys(['example_bash_operator']) retrieved from /home/airflow/.local/lib/python3.7/site-packages/airflow/example_dags/example_bash_operator.py
[2024-05-04T16:23:37.768+0000] {logging_mixin.py:117} INFO - [2024-05-04T16:23:37.768+0000] {dag.py:2573} INFO - Sync 1 DAGs
[2024-05-04T16:23:37.791+0000] {logging_mixin.py:117} INFO - [2024-05-04T16:23:37.791+0000] {dag.py:3328} INFO - Setting next_dagrun for example_bash_operator to 2024-05-03T00:00:00+00:00, run_after=2024-05-04T00:00:00+00:00
[2024-05-04T16:23:37.812+0000] {processor.py:178} INFO - Processing /home/airflow/.local/lib/python3.7/site-packages/airflow/example_dags/example_bash_operator.py took 0.106 seconds
[2024-05-04T16:24:08.624+0000] {processor.py:156} INFO - Started process (PID=11106) to work on /home/airflow/.local/lib/python3.7/site-packages/airflow/example_dags/example_bash_operator.py
[2024-05-04T16:24:08.625+0000] {processor.py:758} INFO - Processing file /home/airflow/.local/lib/python3.7/site-packages/airflow/example_dags/example_bash_operator.py for tasks to queue
[2024-05-04T16:24:08.625+0000] {logging_mixin.py:117} INFO - [2024-05-04T16:24:08.625+0000] {dagbag.py:525} INFO - Filling up the DagBag from /home/airflow/.local/lib/python3.7/site-packages/airflow/example_dags/example_bash_operator.py
[2024-05-04T16:24:08.646+0000] {processor.py:768} INFO - DAG(s) dict_keys(['example_bash_operator']) retrieved from /home/airflow/.local/lib/python3.7/site-packages/airflow/example_dags/example_bash_operator.py
[2024-05-04T16:24:08.695+0000] {logging_mixin.py:117} INFO - [2024-05-04T16:24:08.695+0000] {dag.py:2573} INFO - Sync 1 DAGs
[2024-05-04T16:24:08.725+0000] {logging_mixin.py:117} INFO - [2024-05-04T16:24:08.725+0000] {dag.py:3328} INFO - Setting next_dagrun for example_bash_operator to 2024-05-03T00:00:00+00:00, run_after=2024-05-04T00:00:00+00:00
[2024-05-04T16:24:08.749+0000] {processor.py:178} INFO - Processing /home/airflow/.local/lib/python3.7/site-packages/airflow/example_dags/example_bash_operator.py took 0.127 seconds
[2024-05-04T16:24:39.313+0000] {processor.py:156} INFO - Started process (PID=11320) to work on /home/airflow/.local/lib/python3.7/site-packages/airflow/example_dags/example_bash_operator.py
[2024-05-04T16:24:39.314+0000] {processor.py:758} INFO - Processing file /home/airflow/.local/lib/python3.7/site-packages/airflow/example_dags/example_bash_operator.py for tasks to queue
[2024-05-04T16:24:39.315+0000] {logging_mixin.py:117} INFO - [2024-05-04T16:24:39.315+0000] {dagbag.py:525} INFO - Filling up the DagBag from /home/airflow/.local/lib/python3.7/site-packages/airflow/example_dags/example_bash_operator.py
[2024-05-04T16:24:39.340+0000] {processor.py:768} INFO - DAG(s) dict_keys(['example_bash_operator']) retrieved from /home/airflow/.local/lib/python3.7/site-packages/airflow/example_dags/example_bash_operator.py
[2024-05-04T16:24:39.394+0000] {logging_mixin.py:117} INFO - [2024-05-04T16:24:39.393+0000] {dag.py:2573} INFO - Sync 1 DAGs
[2024-05-04T16:24:39.426+0000] {logging_mixin.py:117} INFO - [2024-05-04T16:24:39.426+0000] {dag.py:3328} INFO - Setting next_dagrun for example_bash_operator to 2024-05-03T00:00:00+00:00, run_after=2024-05-04T00:00:00+00:00
[2024-05-04T16:24:39.452+0000] {processor.py:178} INFO - Processing /home/airflow/.local/lib/python3.7/site-packages/airflow/example_dags/example_bash_operator.py took 0.142 seconds
