[2024-05-04T15:57:57.331+0000] {processor.py:156} INFO - Started process (PID=169) to work on /home/airflow/.local/lib/python3.7/site-packages/airflow/example_dags/example_skip_dag.py
[2024-05-04T15:57:57.331+0000] {processor.py:758} INFO - Processing file /home/airflow/.local/lib/python3.7/site-packages/airflow/example_dags/example_skip_dag.py for tasks to queue
[2024-05-04T15:57:57.332+0000] {logging_mixin.py:117} INFO - [2024-05-04T15:57:57.332+0000] {dagbag.py:525} INFO - Filling up the DagBag from /home/airflow/.local/lib/python3.7/site-packages/airflow/example_dags/example_skip_dag.py
[2024-05-04T15:57:57.369+0000] {processor.py:768} INFO - DAG(s) dict_keys(['example_skip_dag']) retrieved from /home/airflow/.local/lib/python3.7/site-packages/airflow/example_dags/example_skip_dag.py
[2024-05-04T15:57:57.734+0000] {logging_mixin.py:117} INFO - [2024-05-04T15:57:57.734+0000] {manager.py:507} INFO - Created Permission View: can read on DAG:example_skip_dag
[2024-05-04T15:57:57.750+0000] {logging_mixin.py:117} INFO - [2024-05-04T15:57:57.750+0000] {manager.py:507} INFO - Created Permission View: can edit on DAG:example_skip_dag
[2024-05-04T15:57:57.762+0000] {logging_mixin.py:117} INFO - [2024-05-04T15:57:57.762+0000] {manager.py:507} INFO - Created Permission View: can delete on DAG:example_skip_dag
[2024-05-04T15:57:57.762+0000] {logging_mixin.py:117} INFO - [2024-05-04T15:57:57.762+0000] {dag.py:2573} INFO - Sync 1 DAGs
[2024-05-04T15:57:57.779+0000] {logging_mixin.py:117} INFO - [2024-05-04T15:57:57.779+0000] {dag.py:2594} INFO - Creating ORM DAG for example_skip_dag
[2024-05-04T15:57:57.792+0000] {logging_mixin.py:117} INFO - [2024-05-04T15:57:57.792+0000] {dag.py:3328} INFO - Setting next_dagrun for example_skip_dag to 2024-05-03T15:57:57.791850+00:00, run_after=2024-05-04T15:57:57.791850+00:00
[2024-05-04T15:57:57.819+0000] {processor.py:178} INFO - Processing /home/airflow/.local/lib/python3.7/site-packages/airflow/example_dags/example_skip_dag.py took 0.492 seconds
[2024-05-04T15:58:27.969+0000] {processor.py:156} INFO - Started process (PID=380) to work on /home/airflow/.local/lib/python3.7/site-packages/airflow/example_dags/example_skip_dag.py
[2024-05-04T15:58:27.970+0000] {processor.py:758} INFO - Processing file /home/airflow/.local/lib/python3.7/site-packages/airflow/example_dags/example_skip_dag.py for tasks to queue
[2024-05-04T15:58:27.970+0000] {logging_mixin.py:117} INFO - [2024-05-04T15:58:27.970+0000] {dagbag.py:525} INFO - Filling up the DagBag from /home/airflow/.local/lib/python3.7/site-packages/airflow/example_dags/example_skip_dag.py
[2024-05-04T15:58:27.984+0000] {processor.py:768} INFO - DAG(s) dict_keys(['example_skip_dag']) retrieved from /home/airflow/.local/lib/python3.7/site-packages/airflow/example_dags/example_skip_dag.py
[2024-05-04T15:58:28.015+0000] {logging_mixin.py:117} INFO - [2024-05-04T15:58:28.015+0000] {dag.py:2573} INFO - Sync 1 DAGs
[2024-05-04T15:58:28.035+0000] {logging_mixin.py:117} INFO - [2024-05-04T15:58:28.034+0000] {dag.py:3328} INFO - Setting next_dagrun for example_skip_dag to 2024-05-03T15:58:28.034763+00:00, run_after=2024-05-04T15:58:28.034763+00:00
[2024-05-04T15:58:28.054+0000] {processor.py:178} INFO - Processing /home/airflow/.local/lib/python3.7/site-packages/airflow/example_dags/example_skip_dag.py took 0.087 seconds
[2024-05-04T15:58:58.741+0000] {processor.py:156} INFO - Started process (PID=683) to work on /home/airflow/.local/lib/python3.7/site-packages/airflow/example_dags/example_skip_dag.py
[2024-05-04T15:58:58.742+0000] {processor.py:758} INFO - Processing file /home/airflow/.local/lib/python3.7/site-packages/airflow/example_dags/example_skip_dag.py for tasks to queue
[2024-05-04T15:58:58.743+0000] {logging_mixin.py:117} INFO - [2024-05-04T15:58:58.742+0000] {dagbag.py:525} INFO - Filling up the DagBag from /home/airflow/.local/lib/python3.7/site-packages/airflow/example_dags/example_skip_dag.py
[2024-05-04T15:58:58.761+0000] {processor.py:768} INFO - DAG(s) dict_keys(['example_skip_dag']) retrieved from /home/airflow/.local/lib/python3.7/site-packages/airflow/example_dags/example_skip_dag.py
[2024-05-04T15:58:58.826+0000] {logging_mixin.py:117} INFO - [2024-05-04T15:58:58.826+0000] {dag.py:2573} INFO - Sync 1 DAGs
[2024-05-04T15:58:59.036+0000] {logging_mixin.py:117} INFO - [2024-05-04T15:58:59.035+0000] {dag.py:3328} INFO - Setting next_dagrun for example_skip_dag to 2024-05-03T15:58:59.035786+00:00, run_after=2024-05-04T15:58:59.035786+00:00
[2024-05-04T15:58:59.056+0000] {processor.py:178} INFO - Processing /home/airflow/.local/lib/python3.7/site-packages/airflow/example_dags/example_skip_dag.py took 0.318 seconds
[2024-05-04T15:59:29.389+0000] {processor.py:156} INFO - Started process (PID=896) to work on /home/airflow/.local/lib/python3.7/site-packages/airflow/example_dags/example_skip_dag.py
[2024-05-04T15:59:29.389+0000] {processor.py:758} INFO - Processing file /home/airflow/.local/lib/python3.7/site-packages/airflow/example_dags/example_skip_dag.py for tasks to queue
[2024-05-04T15:59:29.389+0000] {logging_mixin.py:117} INFO - [2024-05-04T15:59:29.389+0000] {dagbag.py:525} INFO - Filling up the DagBag from /home/airflow/.local/lib/python3.7/site-packages/airflow/example_dags/example_skip_dag.py
[2024-05-04T15:59:29.401+0000] {processor.py:768} INFO - DAG(s) dict_keys(['example_skip_dag']) retrieved from /home/airflow/.local/lib/python3.7/site-packages/airflow/example_dags/example_skip_dag.py
[2024-05-04T15:59:29.434+0000] {logging_mixin.py:117} INFO - [2024-05-04T15:59:29.434+0000] {dag.py:2573} INFO - Sync 1 DAGs
[2024-05-04T15:59:29.562+0000] {logging_mixin.py:117} INFO - [2024-05-04T15:59:29.562+0000] {dag.py:3328} INFO - Setting next_dagrun for example_skip_dag to 2024-05-03T15:59:29.562168+00:00, run_after=2024-05-04T15:59:29.562168+00:00
[2024-05-04T15:59:29.582+0000] {processor.py:178} INFO - Processing /home/airflow/.local/lib/python3.7/site-packages/airflow/example_dags/example_skip_dag.py took 0.195 seconds
[2024-05-04T15:59:59.638+0000] {processor.py:156} INFO - Started process (PID=1100) to work on /home/airflow/.local/lib/python3.7/site-packages/airflow/example_dags/example_skip_dag.py
[2024-05-04T15:59:59.639+0000] {processor.py:758} INFO - Processing file /home/airflow/.local/lib/python3.7/site-packages/airflow/example_dags/example_skip_dag.py for tasks to queue
[2024-05-04T15:59:59.639+0000] {logging_mixin.py:117} INFO - [2024-05-04T15:59:59.639+0000] {dagbag.py:525} INFO - Filling up the DagBag from /home/airflow/.local/lib/python3.7/site-packages/airflow/example_dags/example_skip_dag.py
[2024-05-04T15:59:59.650+0000] {processor.py:768} INFO - DAG(s) dict_keys(['example_skip_dag']) retrieved from /home/airflow/.local/lib/python3.7/site-packages/airflow/example_dags/example_skip_dag.py
[2024-05-04T15:59:59.788+0000] {logging_mixin.py:117} INFO - [2024-05-04T15:59:59.788+0000] {dag.py:2573} INFO - Sync 1 DAGs
[2024-05-04T15:59:59.806+0000] {logging_mixin.py:117} INFO - [2024-05-04T15:59:59.806+0000] {dag.py:3328} INFO - Setting next_dagrun for example_skip_dag to 2024-05-03T15:59:59.806143+00:00, run_after=2024-05-04T15:59:59.806143+00:00
[2024-05-04T15:59:59.827+0000] {processor.py:178} INFO - Processing /home/airflow/.local/lib/python3.7/site-packages/airflow/example_dags/example_skip_dag.py took 0.191 seconds
[2024-05-04T16:00:30.185+0000] {processor.py:156} INFO - Started process (PID=1313) to work on /home/airflow/.local/lib/python3.7/site-packages/airflow/example_dags/example_skip_dag.py
[2024-05-04T16:00:30.185+0000] {processor.py:758} INFO - Processing file /home/airflow/.local/lib/python3.7/site-packages/airflow/example_dags/example_skip_dag.py for tasks to queue
[2024-05-04T16:00:30.186+0000] {logging_mixin.py:117} INFO - [2024-05-04T16:00:30.186+0000] {dagbag.py:525} INFO - Filling up the DagBag from /home/airflow/.local/lib/python3.7/site-packages/airflow/example_dags/example_skip_dag.py
[2024-05-04T16:00:30.198+0000] {processor.py:768} INFO - DAG(s) dict_keys(['example_skip_dag']) retrieved from /home/airflow/.local/lib/python3.7/site-packages/airflow/example_dags/example_skip_dag.py
[2024-05-04T16:00:30.338+0000] {logging_mixin.py:117} INFO - [2024-05-04T16:00:30.338+0000] {dag.py:2573} INFO - Sync 1 DAGs
[2024-05-04T16:00:30.356+0000] {logging_mixin.py:117} INFO - [2024-05-04T16:00:30.356+0000] {dag.py:3328} INFO - Setting next_dagrun for example_skip_dag to 2024-05-03T16:00:30.356721+00:00, run_after=2024-05-04T16:00:30.356721+00:00
[2024-05-04T16:00:30.375+0000] {processor.py:178} INFO - Processing /home/airflow/.local/lib/python3.7/site-packages/airflow/example_dags/example_skip_dag.py took 0.193 seconds
[2024-05-04T16:01:00.722+0000] {processor.py:156} INFO - Started process (PID=1526) to work on /home/airflow/.local/lib/python3.7/site-packages/airflow/example_dags/example_skip_dag.py
[2024-05-04T16:01:00.723+0000] {processor.py:758} INFO - Processing file /home/airflow/.local/lib/python3.7/site-packages/airflow/example_dags/example_skip_dag.py for tasks to queue
[2024-05-04T16:01:00.724+0000] {logging_mixin.py:117} INFO - [2024-05-04T16:01:00.723+0000] {dagbag.py:525} INFO - Filling up the DagBag from /home/airflow/.local/lib/python3.7/site-packages/airflow/example_dags/example_skip_dag.py
[2024-05-04T16:01:00.851+0000] {processor.py:768} INFO - DAG(s) dict_keys(['example_skip_dag']) retrieved from /home/airflow/.local/lib/python3.7/site-packages/airflow/example_dags/example_skip_dag.py
[2024-05-04T16:01:00.879+0000] {logging_mixin.py:117} INFO - [2024-05-04T16:01:00.879+0000] {dag.py:2573} INFO - Sync 1 DAGs
[2024-05-04T16:01:00.899+0000] {logging_mixin.py:117} INFO - [2024-05-04T16:01:00.899+0000] {dag.py:3328} INFO - Setting next_dagrun for example_skip_dag to 2024-05-03T16:01:00.898959+00:00, run_after=2024-05-04T16:01:00.898959+00:00
[2024-05-04T16:01:00.918+0000] {processor.py:178} INFO - Processing /home/airflow/.local/lib/python3.7/site-packages/airflow/example_dags/example_skip_dag.py took 0.198 seconds
[2024-05-04T16:01:31.621+0000] {processor.py:156} INFO - Started process (PID=1739) to work on /home/airflow/.local/lib/python3.7/site-packages/airflow/example_dags/example_skip_dag.py
[2024-05-04T16:01:31.622+0000] {processor.py:758} INFO - Processing file /home/airflow/.local/lib/python3.7/site-packages/airflow/example_dags/example_skip_dag.py for tasks to queue
[2024-05-04T16:01:31.622+0000] {logging_mixin.py:117} INFO - [2024-05-04T16:01:31.622+0000] {dagbag.py:525} INFO - Filling up the DagBag from /home/airflow/.local/lib/python3.7/site-packages/airflow/example_dags/example_skip_dag.py
[2024-05-04T16:01:31.634+0000] {processor.py:768} INFO - DAG(s) dict_keys(['example_skip_dag']) retrieved from /home/airflow/.local/lib/python3.7/site-packages/airflow/example_dags/example_skip_dag.py
[2024-05-04T16:01:31.667+0000] {logging_mixin.py:117} INFO - [2024-05-04T16:01:31.667+0000] {dag.py:2573} INFO - Sync 1 DAGs
[2024-05-04T16:01:31.688+0000] {logging_mixin.py:117} INFO - [2024-05-04T16:01:31.688+0000] {dag.py:3328} INFO - Setting next_dagrun for example_skip_dag to 2024-05-03T16:01:31.688292+00:00, run_after=2024-05-04T16:01:31.688292+00:00
[2024-05-04T16:01:31.707+0000] {processor.py:178} INFO - Processing /home/airflow/.local/lib/python3.7/site-packages/airflow/example_dags/example_skip_dag.py took 0.089 seconds
[2024-05-04T16:02:02.323+0000] {processor.py:156} INFO - Started process (PID=1943) to work on /home/airflow/.local/lib/python3.7/site-packages/airflow/example_dags/example_skip_dag.py
[2024-05-04T16:02:02.323+0000] {processor.py:758} INFO - Processing file /home/airflow/.local/lib/python3.7/site-packages/airflow/example_dags/example_skip_dag.py for tasks to queue
[2024-05-04T16:02:02.324+0000] {logging_mixin.py:117} INFO - [2024-05-04T16:02:02.324+0000] {dagbag.py:525} INFO - Filling up the DagBag from /home/airflow/.local/lib/python3.7/site-packages/airflow/example_dags/example_skip_dag.py
[2024-05-04T16:02:02.336+0000] {processor.py:768} INFO - DAG(s) dict_keys(['example_skip_dag']) retrieved from /home/airflow/.local/lib/python3.7/site-packages/airflow/example_dags/example_skip_dag.py
[2024-05-04T16:02:02.367+0000] {logging_mixin.py:117} INFO - [2024-05-04T16:02:02.367+0000] {dag.py:2573} INFO - Sync 1 DAGs
[2024-05-04T16:02:02.387+0000] {logging_mixin.py:117} INFO - [2024-05-04T16:02:02.387+0000] {dag.py:3328} INFO - Setting next_dagrun for example_skip_dag to 2024-05-03T16:02:02.387076+00:00, run_after=2024-05-04T16:02:02.387076+00:00
[2024-05-04T16:02:02.407+0000] {processor.py:178} INFO - Processing /home/airflow/.local/lib/python3.7/site-packages/airflow/example_dags/example_skip_dag.py took 0.087 seconds
[2024-05-04T16:02:33.152+0000] {processor.py:156} INFO - Started process (PID=2156) to work on /home/airflow/.local/lib/python3.7/site-packages/airflow/example_dags/example_skip_dag.py
[2024-05-04T16:02:33.153+0000] {processor.py:758} INFO - Processing file /home/airflow/.local/lib/python3.7/site-packages/airflow/example_dags/example_skip_dag.py for tasks to queue
[2024-05-04T16:02:33.153+0000] {logging_mixin.py:117} INFO - [2024-05-04T16:02:33.153+0000] {dagbag.py:525} INFO - Filling up the DagBag from /home/airflow/.local/lib/python3.7/site-packages/airflow/example_dags/example_skip_dag.py
[2024-05-04T16:02:33.165+0000] {processor.py:768} INFO - DAG(s) dict_keys(['example_skip_dag']) retrieved from /home/airflow/.local/lib/python3.7/site-packages/airflow/example_dags/example_skip_dag.py
[2024-05-04T16:02:33.199+0000] {logging_mixin.py:117} INFO - [2024-05-04T16:02:33.199+0000] {dag.py:2573} INFO - Sync 1 DAGs
[2024-05-04T16:02:33.218+0000] {logging_mixin.py:117} INFO - [2024-05-04T16:02:33.218+0000] {dag.py:3328} INFO - Setting next_dagrun for example_skip_dag to 2024-05-03T16:02:33.218335+00:00, run_after=2024-05-04T16:02:33.218335+00:00
[2024-05-04T16:02:33.238+0000] {processor.py:178} INFO - Processing /home/airflow/.local/lib/python3.7/site-packages/airflow/example_dags/example_skip_dag.py took 0.088 seconds
[2024-05-04T16:03:03.948+0000] {processor.py:156} INFO - Started process (PID=2370) to work on /home/airflow/.local/lib/python3.7/site-packages/airflow/example_dags/example_skip_dag.py
[2024-05-04T16:03:03.949+0000] {processor.py:758} INFO - Processing file /home/airflow/.local/lib/python3.7/site-packages/airflow/example_dags/example_skip_dag.py for tasks to queue
[2024-05-04T16:03:03.949+0000] {logging_mixin.py:117} INFO - [2024-05-04T16:03:03.949+0000] {dagbag.py:525} INFO - Filling up the DagBag from /home/airflow/.local/lib/python3.7/site-packages/airflow/example_dags/example_skip_dag.py
[2024-05-04T16:03:03.962+0000] {processor.py:768} INFO - DAG(s) dict_keys(['example_skip_dag']) retrieved from /home/airflow/.local/lib/python3.7/site-packages/airflow/example_dags/example_skip_dag.py
[2024-05-04T16:03:03.996+0000] {logging_mixin.py:117} INFO - [2024-05-04T16:03:03.996+0000] {dag.py:2573} INFO - Sync 1 DAGs
[2024-05-04T16:03:04.026+0000] {logging_mixin.py:117} INFO - [2024-05-04T16:03:04.026+0000] {dag.py:3328} INFO - Setting next_dagrun for example_skip_dag to 2024-05-03T16:03:04.026217+00:00, run_after=2024-05-04T16:03:04.026217+00:00
[2024-05-04T16:03:04.056+0000] {processor.py:178} INFO - Processing /home/airflow/.local/lib/python3.7/site-packages/airflow/example_dags/example_skip_dag.py took 0.110 seconds
[2024-05-04T16:03:34.655+0000] {processor.py:156} INFO - Started process (PID=2583) to work on /home/airflow/.local/lib/python3.7/site-packages/airflow/example_dags/example_skip_dag.py
[2024-05-04T16:03:34.656+0000] {processor.py:758} INFO - Processing file /home/airflow/.local/lib/python3.7/site-packages/airflow/example_dags/example_skip_dag.py for tasks to queue
[2024-05-04T16:03:34.656+0000] {logging_mixin.py:117} INFO - [2024-05-04T16:03:34.656+0000] {dagbag.py:525} INFO - Filling up the DagBag from /home/airflow/.local/lib/python3.7/site-packages/airflow/example_dags/example_skip_dag.py
[2024-05-04T16:03:34.669+0000] {processor.py:768} INFO - DAG(s) dict_keys(['example_skip_dag']) retrieved from /home/airflow/.local/lib/python3.7/site-packages/airflow/example_dags/example_skip_dag.py
[2024-05-04T16:03:34.702+0000] {logging_mixin.py:117} INFO - [2024-05-04T16:03:34.702+0000] {dag.py:2573} INFO - Sync 1 DAGs
[2024-05-04T16:03:34.722+0000] {logging_mixin.py:117} INFO - [2024-05-04T16:03:34.721+0000] {dag.py:3328} INFO - Setting next_dagrun for example_skip_dag to 2024-05-03T16:03:34.721771+00:00, run_after=2024-05-04T16:03:34.721771+00:00
[2024-05-04T16:03:34.741+0000] {processor.py:178} INFO - Processing /home/airflow/.local/lib/python3.7/site-packages/airflow/example_dags/example_skip_dag.py took 0.088 seconds
[2024-05-04T16:04:05.223+0000] {processor.py:156} INFO - Started process (PID=2787) to work on /home/airflow/.local/lib/python3.7/site-packages/airflow/example_dags/example_skip_dag.py
[2024-05-04T16:04:05.224+0000] {processor.py:758} INFO - Processing file /home/airflow/.local/lib/python3.7/site-packages/airflow/example_dags/example_skip_dag.py for tasks to queue
[2024-05-04T16:04:05.224+0000] {logging_mixin.py:117} INFO - [2024-05-04T16:04:05.224+0000] {dagbag.py:525} INFO - Filling up the DagBag from /home/airflow/.local/lib/python3.7/site-packages/airflow/example_dags/example_skip_dag.py
[2024-05-04T16:04:05.236+0000] {processor.py:768} INFO - DAG(s) dict_keys(['example_skip_dag']) retrieved from /home/airflow/.local/lib/python3.7/site-packages/airflow/example_dags/example_skip_dag.py
[2024-05-04T16:04:05.269+0000] {logging_mixin.py:117} INFO - [2024-05-04T16:04:05.269+0000] {dag.py:2573} INFO - Sync 1 DAGs
[2024-05-04T16:04:05.288+0000] {logging_mixin.py:117} INFO - [2024-05-04T16:04:05.288+0000] {dag.py:3328} INFO - Setting next_dagrun for example_skip_dag to 2024-05-03T16:04:05.288606+00:00, run_after=2024-05-04T16:04:05.288606+00:00
[2024-05-04T16:04:05.309+0000] {processor.py:178} INFO - Processing /home/airflow/.local/lib/python3.7/site-packages/airflow/example_dags/example_skip_dag.py took 0.088 seconds
[2024-05-04T16:04:35.903+0000] {processor.py:156} INFO - Started process (PID=3000) to work on /home/airflow/.local/lib/python3.7/site-packages/airflow/example_dags/example_skip_dag.py
[2024-05-04T16:04:35.904+0000] {processor.py:758} INFO - Processing file /home/airflow/.local/lib/python3.7/site-packages/airflow/example_dags/example_skip_dag.py for tasks to queue
[2024-05-04T16:04:35.904+0000] {logging_mixin.py:117} INFO - [2024-05-04T16:04:35.904+0000] {dagbag.py:525} INFO - Filling up the DagBag from /home/airflow/.local/lib/python3.7/site-packages/airflow/example_dags/example_skip_dag.py
[2024-05-04T16:04:35.919+0000] {processor.py:768} INFO - DAG(s) dict_keys(['example_skip_dag']) retrieved from /home/airflow/.local/lib/python3.7/site-packages/airflow/example_dags/example_skip_dag.py
[2024-05-04T16:04:35.950+0000] {logging_mixin.py:117} INFO - [2024-05-04T16:04:35.950+0000] {dag.py:2573} INFO - Sync 1 DAGs
[2024-05-04T16:04:35.970+0000] {logging_mixin.py:117} INFO - [2024-05-04T16:04:35.970+0000] {dag.py:3328} INFO - Setting next_dagrun for example_skip_dag to 2024-05-03T16:04:35.970368+00:00, run_after=2024-05-04T16:04:35.970368+00:00
[2024-05-04T16:04:35.990+0000] {processor.py:178} INFO - Processing /home/airflow/.local/lib/python3.7/site-packages/airflow/example_dags/example_skip_dag.py took 0.090 seconds
[2024-05-04T16:05:06.460+0000] {processor.py:156} INFO - Started process (PID=3213) to work on /home/airflow/.local/lib/python3.7/site-packages/airflow/example_dags/example_skip_dag.py
[2024-05-04T16:05:06.461+0000] {processor.py:758} INFO - Processing file /home/airflow/.local/lib/python3.7/site-packages/airflow/example_dags/example_skip_dag.py for tasks to queue
[2024-05-04T16:05:06.461+0000] {logging_mixin.py:117} INFO - [2024-05-04T16:05:06.461+0000] {dagbag.py:525} INFO - Filling up the DagBag from /home/airflow/.local/lib/python3.7/site-packages/airflow/example_dags/example_skip_dag.py
[2024-05-04T16:05:06.478+0000] {processor.py:768} INFO - DAG(s) dict_keys(['example_skip_dag']) retrieved from /home/airflow/.local/lib/python3.7/site-packages/airflow/example_dags/example_skip_dag.py
[2024-05-04T16:05:06.515+0000] {logging_mixin.py:117} INFO - [2024-05-04T16:05:06.515+0000] {dag.py:2573} INFO - Sync 1 DAGs
[2024-05-04T16:05:06.536+0000] {logging_mixin.py:117} INFO - [2024-05-04T16:05:06.535+0000] {dag.py:3328} INFO - Setting next_dagrun for example_skip_dag to 2024-05-03T16:05:06.535759+00:00, run_after=2024-05-04T16:05:06.535759+00:00
[2024-05-04T16:05:06.558+0000] {processor.py:178} INFO - Processing /home/airflow/.local/lib/python3.7/site-packages/airflow/example_dags/example_skip_dag.py took 0.101 seconds
[2024-05-04T16:05:37.117+0000] {processor.py:156} INFO - Started process (PID=3427) to work on /home/airflow/.local/lib/python3.7/site-packages/airflow/example_dags/example_skip_dag.py
[2024-05-04T16:05:37.118+0000] {processor.py:758} INFO - Processing file /home/airflow/.local/lib/python3.7/site-packages/airflow/example_dags/example_skip_dag.py for tasks to queue
[2024-05-04T16:05:37.118+0000] {logging_mixin.py:117} INFO - [2024-05-04T16:05:37.118+0000] {dagbag.py:525} INFO - Filling up the DagBag from /home/airflow/.local/lib/python3.7/site-packages/airflow/example_dags/example_skip_dag.py
[2024-05-04T16:05:37.130+0000] {processor.py:768} INFO - DAG(s) dict_keys(['example_skip_dag']) retrieved from /home/airflow/.local/lib/python3.7/site-packages/airflow/example_dags/example_skip_dag.py
[2024-05-04T16:05:37.163+0000] {logging_mixin.py:117} INFO - [2024-05-04T16:05:37.162+0000] {dag.py:2573} INFO - Sync 1 DAGs
[2024-05-04T16:05:37.192+0000] {logging_mixin.py:117} INFO - [2024-05-04T16:05:37.192+0000] {dag.py:3328} INFO - Setting next_dagrun for example_skip_dag to 2024-05-03T16:05:37.192320+00:00, run_after=2024-05-04T16:05:37.192320+00:00
[2024-05-04T16:05:37.213+0000] {processor.py:178} INFO - Processing /home/airflow/.local/lib/python3.7/site-packages/airflow/example_dags/example_skip_dag.py took 0.099 seconds
[2024-05-04T16:06:07.826+0000] {processor.py:156} INFO - Started process (PID=3630) to work on /home/airflow/.local/lib/python3.7/site-packages/airflow/example_dags/example_skip_dag.py
[2024-05-04T16:06:07.826+0000] {processor.py:758} INFO - Processing file /home/airflow/.local/lib/python3.7/site-packages/airflow/example_dags/example_skip_dag.py for tasks to queue
[2024-05-04T16:06:07.827+0000] {logging_mixin.py:117} INFO - [2024-05-04T16:06:07.827+0000] {dagbag.py:525} INFO - Filling up the DagBag from /home/airflow/.local/lib/python3.7/site-packages/airflow/example_dags/example_skip_dag.py
[2024-05-04T16:06:07.839+0000] {processor.py:768} INFO - DAG(s) dict_keys(['example_skip_dag']) retrieved from /home/airflow/.local/lib/python3.7/site-packages/airflow/example_dags/example_skip_dag.py
[2024-05-04T16:06:07.871+0000] {logging_mixin.py:117} INFO - [2024-05-04T16:06:07.870+0000] {dag.py:2573} INFO - Sync 1 DAGs
[2024-05-04T16:06:07.891+0000] {logging_mixin.py:117} INFO - [2024-05-04T16:06:07.891+0000] {dag.py:3328} INFO - Setting next_dagrun for example_skip_dag to 2024-05-03T16:06:07.891014+00:00, run_after=2024-05-04T16:06:07.891014+00:00
[2024-05-04T16:06:07.915+0000] {processor.py:178} INFO - Processing /home/airflow/.local/lib/python3.7/site-packages/airflow/example_dags/example_skip_dag.py took 0.091 seconds
[2024-05-04T16:06:37.993+0000] {processor.py:156} INFO - Started process (PID=3855) to work on /home/airflow/.local/lib/python3.7/site-packages/airflow/example_dags/example_skip_dag.py
[2024-05-04T16:06:37.993+0000] {processor.py:758} INFO - Processing file /home/airflow/.local/lib/python3.7/site-packages/airflow/example_dags/example_skip_dag.py for tasks to queue
[2024-05-04T16:06:37.994+0000] {logging_mixin.py:117} INFO - [2024-05-04T16:06:37.994+0000] {dagbag.py:525} INFO - Filling up the DagBag from /home/airflow/.local/lib/python3.7/site-packages/airflow/example_dags/example_skip_dag.py
[2024-05-04T16:06:38.006+0000] {processor.py:768} INFO - DAG(s) dict_keys(['example_skip_dag']) retrieved from /home/airflow/.local/lib/python3.7/site-packages/airflow/example_dags/example_skip_dag.py
[2024-05-04T16:06:38.037+0000] {logging_mixin.py:117} INFO - [2024-05-04T16:06:38.037+0000] {dag.py:2573} INFO - Sync 1 DAGs
[2024-05-04T16:06:38.058+0000] {logging_mixin.py:117} INFO - [2024-05-04T16:06:38.058+0000] {dag.py:3328} INFO - Setting next_dagrun for example_skip_dag to 2024-05-03T16:06:38.057932+00:00, run_after=2024-05-04T16:06:38.057932+00:00
[2024-05-04T16:06:38.077+0000] {processor.py:178} INFO - Processing /home/airflow/.local/lib/python3.7/site-packages/airflow/example_dags/example_skip_dag.py took 0.087 seconds
[2024-05-04T16:07:08.631+0000] {processor.py:156} INFO - Started process (PID=4068) to work on /home/airflow/.local/lib/python3.7/site-packages/airflow/example_dags/example_skip_dag.py
[2024-05-04T16:07:08.632+0000] {processor.py:758} INFO - Processing file /home/airflow/.local/lib/python3.7/site-packages/airflow/example_dags/example_skip_dag.py for tasks to queue
[2024-05-04T16:07:08.632+0000] {logging_mixin.py:117} INFO - [2024-05-04T16:07:08.632+0000] {dagbag.py:525} INFO - Filling up the DagBag from /home/airflow/.local/lib/python3.7/site-packages/airflow/example_dags/example_skip_dag.py
[2024-05-04T16:07:08.644+0000] {processor.py:768} INFO - DAG(s) dict_keys(['example_skip_dag']) retrieved from /home/airflow/.local/lib/python3.7/site-packages/airflow/example_dags/example_skip_dag.py
[2024-05-04T16:07:08.676+0000] {logging_mixin.py:117} INFO - [2024-05-04T16:07:08.676+0000] {dag.py:2573} INFO - Sync 1 DAGs
[2024-05-04T16:07:08.699+0000] {logging_mixin.py:117} INFO - [2024-05-04T16:07:08.699+0000] {dag.py:3328} INFO - Setting next_dagrun for example_skip_dag to 2024-05-03T16:07:08.699295+00:00, run_after=2024-05-04T16:07:08.699295+00:00
[2024-05-04T16:07:08.720+0000] {processor.py:178} INFO - Processing /home/airflow/.local/lib/python3.7/site-packages/airflow/example_dags/example_skip_dag.py took 0.092 seconds
[2024-05-04T16:07:39.271+0000] {processor.py:156} INFO - Started process (PID=4282) to work on /home/airflow/.local/lib/python3.7/site-packages/airflow/example_dags/example_skip_dag.py
[2024-05-04T16:07:39.272+0000] {processor.py:758} INFO - Processing file /home/airflow/.local/lib/python3.7/site-packages/airflow/example_dags/example_skip_dag.py for tasks to queue
[2024-05-04T16:07:39.272+0000] {logging_mixin.py:117} INFO - [2024-05-04T16:07:39.272+0000] {dagbag.py:525} INFO - Filling up the DagBag from /home/airflow/.local/lib/python3.7/site-packages/airflow/example_dags/example_skip_dag.py
[2024-05-04T16:07:39.284+0000] {processor.py:768} INFO - DAG(s) dict_keys(['example_skip_dag']) retrieved from /home/airflow/.local/lib/python3.7/site-packages/airflow/example_dags/example_skip_dag.py
[2024-05-04T16:07:39.315+0000] {logging_mixin.py:117} INFO - [2024-05-04T16:07:39.315+0000] {dag.py:2573} INFO - Sync 1 DAGs
[2024-05-04T16:07:39.335+0000] {logging_mixin.py:117} INFO - [2024-05-04T16:07:39.335+0000] {dag.py:3328} INFO - Setting next_dagrun for example_skip_dag to 2024-05-03T16:07:39.335665+00:00, run_after=2024-05-04T16:07:39.335665+00:00
[2024-05-04T16:07:39.355+0000] {processor.py:178} INFO - Processing /home/airflow/.local/lib/python3.7/site-packages/airflow/example_dags/example_skip_dag.py took 0.087 seconds
[2024-05-04T16:08:09.746+0000] {processor.py:156} INFO - Started process (PID=4486) to work on /home/airflow/.local/lib/python3.7/site-packages/airflow/example_dags/example_skip_dag.py
[2024-05-04T16:08:09.747+0000] {processor.py:758} INFO - Processing file /home/airflow/.local/lib/python3.7/site-packages/airflow/example_dags/example_skip_dag.py for tasks to queue
[2024-05-04T16:08:09.747+0000] {logging_mixin.py:117} INFO - [2024-05-04T16:08:09.747+0000] {dagbag.py:525} INFO - Filling up the DagBag from /home/airflow/.local/lib/python3.7/site-packages/airflow/example_dags/example_skip_dag.py
[2024-05-04T16:08:09.759+0000] {processor.py:768} INFO - DAG(s) dict_keys(['example_skip_dag']) retrieved from /home/airflow/.local/lib/python3.7/site-packages/airflow/example_dags/example_skip_dag.py
[2024-05-04T16:08:09.791+0000] {logging_mixin.py:117} INFO - [2024-05-04T16:08:09.791+0000] {dag.py:2573} INFO - Sync 1 DAGs
[2024-05-04T16:08:09.811+0000] {logging_mixin.py:117} INFO - [2024-05-04T16:08:09.811+0000] {dag.py:3328} INFO - Setting next_dagrun for example_skip_dag to 2024-05-03T16:08:09.811448+00:00, run_after=2024-05-04T16:08:09.811448+00:00
[2024-05-04T16:08:09.832+0000] {processor.py:178} INFO - Processing /home/airflow/.local/lib/python3.7/site-packages/airflow/example_dags/example_skip_dag.py took 0.088 seconds
[2024-05-04T16:08:40.463+0000] {processor.py:156} INFO - Started process (PID=4699) to work on /home/airflow/.local/lib/python3.7/site-packages/airflow/example_dags/example_skip_dag.py
[2024-05-04T16:08:40.464+0000] {processor.py:758} INFO - Processing file /home/airflow/.local/lib/python3.7/site-packages/airflow/example_dags/example_skip_dag.py for tasks to queue
[2024-05-04T16:08:40.464+0000] {logging_mixin.py:117} INFO - [2024-05-04T16:08:40.464+0000] {dagbag.py:525} INFO - Filling up the DagBag from /home/airflow/.local/lib/python3.7/site-packages/airflow/example_dags/example_skip_dag.py
[2024-05-04T16:08:40.476+0000] {processor.py:768} INFO - DAG(s) dict_keys(['example_skip_dag']) retrieved from /home/airflow/.local/lib/python3.7/site-packages/airflow/example_dags/example_skip_dag.py
[2024-05-04T16:08:40.509+0000] {logging_mixin.py:117} INFO - [2024-05-04T16:08:40.509+0000] {dag.py:2573} INFO - Sync 1 DAGs
[2024-05-04T16:08:40.530+0000] {logging_mixin.py:117} INFO - [2024-05-04T16:08:40.529+0000] {dag.py:3328} INFO - Setting next_dagrun for example_skip_dag to 2024-05-03T16:08:40.529755+00:00, run_after=2024-05-04T16:08:40.529755+00:00
[2024-05-04T16:08:40.549+0000] {processor.py:178} INFO - Processing /home/airflow/.local/lib/python3.7/site-packages/airflow/example_dags/example_skip_dag.py took 0.088 seconds
[2024-05-04T16:09:11.175+0000] {processor.py:156} INFO - Started process (PID=4913) to work on /home/airflow/.local/lib/python3.7/site-packages/airflow/example_dags/example_skip_dag.py
[2024-05-04T16:09:11.175+0000] {processor.py:758} INFO - Processing file /home/airflow/.local/lib/python3.7/site-packages/airflow/example_dags/example_skip_dag.py for tasks to queue
[2024-05-04T16:09:11.176+0000] {logging_mixin.py:117} INFO - [2024-05-04T16:09:11.176+0000] {dagbag.py:525} INFO - Filling up the DagBag from /home/airflow/.local/lib/python3.7/site-packages/airflow/example_dags/example_skip_dag.py
[2024-05-04T16:09:11.189+0000] {processor.py:768} INFO - DAG(s) dict_keys(['example_skip_dag']) retrieved from /home/airflow/.local/lib/python3.7/site-packages/airflow/example_dags/example_skip_dag.py
[2024-05-04T16:09:11.221+0000] {logging_mixin.py:117} INFO - [2024-05-04T16:09:11.221+0000] {dag.py:2573} INFO - Sync 1 DAGs
[2024-05-04T16:09:11.241+0000] {logging_mixin.py:117} INFO - [2024-05-04T16:09:11.241+0000] {dag.py:3328} INFO - Setting next_dagrun for example_skip_dag to 2024-05-03T16:09:11.241246+00:00, run_after=2024-05-04T16:09:11.241246+00:00
[2024-05-04T16:09:11.261+0000] {processor.py:178} INFO - Processing /home/airflow/.local/lib/python3.7/site-packages/airflow/example_dags/example_skip_dag.py took 0.089 seconds
[2024-05-04T16:09:41.785+0000] {processor.py:156} INFO - Started process (PID=5127) to work on /home/airflow/.local/lib/python3.7/site-packages/airflow/example_dags/example_skip_dag.py
[2024-05-04T16:09:41.786+0000] {processor.py:758} INFO - Processing file /home/airflow/.local/lib/python3.7/site-packages/airflow/example_dags/example_skip_dag.py for tasks to queue
[2024-05-04T16:09:41.787+0000] {logging_mixin.py:117} INFO - [2024-05-04T16:09:41.786+0000] {dagbag.py:525} INFO - Filling up the DagBag from /home/airflow/.local/lib/python3.7/site-packages/airflow/example_dags/example_skip_dag.py
[2024-05-04T16:09:41.799+0000] {processor.py:768} INFO - DAG(s) dict_keys(['example_skip_dag']) retrieved from /home/airflow/.local/lib/python3.7/site-packages/airflow/example_dags/example_skip_dag.py
[2024-05-04T16:09:41.831+0000] {logging_mixin.py:117} INFO - [2024-05-04T16:09:41.830+0000] {dag.py:2573} INFO - Sync 1 DAGs
[2024-05-04T16:09:41.851+0000] {logging_mixin.py:117} INFO - [2024-05-04T16:09:41.850+0000] {dag.py:3328} INFO - Setting next_dagrun for example_skip_dag to 2024-05-03T16:09:41.850801+00:00, run_after=2024-05-04T16:09:41.850801+00:00
[2024-05-04T16:09:41.871+0000] {processor.py:178} INFO - Processing /home/airflow/.local/lib/python3.7/site-packages/airflow/example_dags/example_skip_dag.py took 0.089 seconds
[2024-05-04T16:10:12.514+0000] {processor.py:156} INFO - Started process (PID=5331) to work on /home/airflow/.local/lib/python3.7/site-packages/airflow/example_dags/example_skip_dag.py
[2024-05-04T16:10:12.515+0000] {processor.py:758} INFO - Processing file /home/airflow/.local/lib/python3.7/site-packages/airflow/example_dags/example_skip_dag.py for tasks to queue
[2024-05-04T16:10:12.515+0000] {logging_mixin.py:117} INFO - [2024-05-04T16:10:12.515+0000] {dagbag.py:525} INFO - Filling up the DagBag from /home/airflow/.local/lib/python3.7/site-packages/airflow/example_dags/example_skip_dag.py
[2024-05-04T16:10:12.527+0000] {processor.py:768} INFO - DAG(s) dict_keys(['example_skip_dag']) retrieved from /home/airflow/.local/lib/python3.7/site-packages/airflow/example_dags/example_skip_dag.py
[2024-05-04T16:10:12.559+0000] {logging_mixin.py:117} INFO - [2024-05-04T16:10:12.558+0000] {dag.py:2573} INFO - Sync 1 DAGs
[2024-05-04T16:10:12.578+0000] {logging_mixin.py:117} INFO - [2024-05-04T16:10:12.578+0000] {dag.py:3328} INFO - Setting next_dagrun for example_skip_dag to 2024-05-03T16:10:12.577962+00:00, run_after=2024-05-04T16:10:12.577962+00:00
[2024-05-04T16:10:12.597+0000] {processor.py:178} INFO - Processing /home/airflow/.local/lib/python3.7/site-packages/airflow/example_dags/example_skip_dag.py took 0.085 seconds
[2024-05-04T16:10:43.248+0000] {processor.py:156} INFO - Started process (PID=5547) to work on /home/airflow/.local/lib/python3.7/site-packages/airflow/example_dags/example_skip_dag.py
[2024-05-04T16:10:43.249+0000] {processor.py:758} INFO - Processing file /home/airflow/.local/lib/python3.7/site-packages/airflow/example_dags/example_skip_dag.py for tasks to queue
[2024-05-04T16:10:43.249+0000] {logging_mixin.py:117} INFO - [2024-05-04T16:10:43.249+0000] {dagbag.py:525} INFO - Filling up the DagBag from /home/airflow/.local/lib/python3.7/site-packages/airflow/example_dags/example_skip_dag.py
[2024-05-04T16:10:43.262+0000] {processor.py:768} INFO - DAG(s) dict_keys(['example_skip_dag']) retrieved from /home/airflow/.local/lib/python3.7/site-packages/airflow/example_dags/example_skip_dag.py
[2024-05-04T16:10:43.296+0000] {logging_mixin.py:117} INFO - [2024-05-04T16:10:43.296+0000] {dag.py:2573} INFO - Sync 1 DAGs
[2024-05-04T16:10:43.315+0000] {logging_mixin.py:117} INFO - [2024-05-04T16:10:43.315+0000] {dag.py:3328} INFO - Setting next_dagrun for example_skip_dag to 2024-05-03T16:10:43.315717+00:00, run_after=2024-05-04T16:10:43.315717+00:00
[2024-05-04T16:10:43.336+0000] {processor.py:178} INFO - Processing /home/airflow/.local/lib/python3.7/site-packages/airflow/example_dags/example_skip_dag.py took 0.090 seconds
[2024-05-04T16:11:13.829+0000] {processor.py:156} INFO - Started process (PID=5760) to work on /home/airflow/.local/lib/python3.7/site-packages/airflow/example_dags/example_skip_dag.py
[2024-05-04T16:11:13.829+0000] {processor.py:758} INFO - Processing file /home/airflow/.local/lib/python3.7/site-packages/airflow/example_dags/example_skip_dag.py for tasks to queue
[2024-05-04T16:11:13.830+0000] {logging_mixin.py:117} INFO - [2024-05-04T16:11:13.829+0000] {dagbag.py:525} INFO - Filling up the DagBag from /home/airflow/.local/lib/python3.7/site-packages/airflow/example_dags/example_skip_dag.py
[2024-05-04T16:11:13.841+0000] {processor.py:768} INFO - DAG(s) dict_keys(['example_skip_dag']) retrieved from /home/airflow/.local/lib/python3.7/site-packages/airflow/example_dags/example_skip_dag.py
[2024-05-04T16:11:13.872+0000] {logging_mixin.py:117} INFO - [2024-05-04T16:11:13.872+0000] {dag.py:2573} INFO - Sync 1 DAGs
[2024-05-04T16:11:13.897+0000] {logging_mixin.py:117} INFO - [2024-05-04T16:11:13.897+0000] {dag.py:3328} INFO - Setting next_dagrun for example_skip_dag to 2024-05-03T16:11:13.897474+00:00, run_after=2024-05-04T16:11:13.897474+00:00
[2024-05-04T16:11:13.918+0000] {processor.py:178} INFO - Processing /home/airflow/.local/lib/python3.7/site-packages/airflow/example_dags/example_skip_dag.py took 0.091 seconds
[2024-05-04T16:11:44.525+0000] {processor.py:156} INFO - Started process (PID=5973) to work on /home/airflow/.local/lib/python3.7/site-packages/airflow/example_dags/example_skip_dag.py
[2024-05-04T16:11:44.525+0000] {processor.py:758} INFO - Processing file /home/airflow/.local/lib/python3.7/site-packages/airflow/example_dags/example_skip_dag.py for tasks to queue
[2024-05-04T16:11:44.526+0000] {logging_mixin.py:117} INFO - [2024-05-04T16:11:44.525+0000] {dagbag.py:525} INFO - Filling up the DagBag from /home/airflow/.local/lib/python3.7/site-packages/airflow/example_dags/example_skip_dag.py
[2024-05-04T16:11:44.537+0000] {processor.py:768} INFO - DAG(s) dict_keys(['example_skip_dag']) retrieved from /home/airflow/.local/lib/python3.7/site-packages/airflow/example_dags/example_skip_dag.py
[2024-05-04T16:11:44.570+0000] {logging_mixin.py:117} INFO - [2024-05-04T16:11:44.570+0000] {dag.py:2573} INFO - Sync 1 DAGs
[2024-05-04T16:11:44.590+0000] {logging_mixin.py:117} INFO - [2024-05-04T16:11:44.590+0000] {dag.py:3328} INFO - Setting next_dagrun for example_skip_dag to 2024-05-03T16:11:44.589934+00:00, run_after=2024-05-04T16:11:44.589934+00:00
[2024-05-04T16:11:44.609+0000] {processor.py:178} INFO - Processing /home/airflow/.local/lib/python3.7/site-packages/airflow/example_dags/example_skip_dag.py took 0.087 seconds
[2024-05-04T16:12:15.169+0000] {processor.py:156} INFO - Started process (PID=6177) to work on /home/airflow/.local/lib/python3.7/site-packages/airflow/example_dags/example_skip_dag.py
[2024-05-04T16:12:15.169+0000] {processor.py:758} INFO - Processing file /home/airflow/.local/lib/python3.7/site-packages/airflow/example_dags/example_skip_dag.py for tasks to queue
[2024-05-04T16:12:15.169+0000] {logging_mixin.py:117} INFO - [2024-05-04T16:12:15.169+0000] {dagbag.py:525} INFO - Filling up the DagBag from /home/airflow/.local/lib/python3.7/site-packages/airflow/example_dags/example_skip_dag.py
[2024-05-04T16:12:15.182+0000] {processor.py:768} INFO - DAG(s) dict_keys(['example_skip_dag']) retrieved from /home/airflow/.local/lib/python3.7/site-packages/airflow/example_dags/example_skip_dag.py
[2024-05-04T16:12:15.217+0000] {logging_mixin.py:117} INFO - [2024-05-04T16:12:15.217+0000] {dag.py:2573} INFO - Sync 1 DAGs
[2024-05-04T16:12:15.249+0000] {logging_mixin.py:117} INFO - [2024-05-04T16:12:15.249+0000] {dag.py:3328} INFO - Setting next_dagrun for example_skip_dag to 2024-05-03T16:12:15.249337+00:00, run_after=2024-05-04T16:12:15.249337+00:00
[2024-05-04T16:12:15.274+0000] {processor.py:178} INFO - Processing /home/airflow/.local/lib/python3.7/site-packages/airflow/example_dags/example_skip_dag.py took 0.108 seconds
[2024-05-04T16:12:45.708+0000] {processor.py:156} INFO - Started process (PID=6390) to work on /home/airflow/.local/lib/python3.7/site-packages/airflow/example_dags/example_skip_dag.py
[2024-05-04T16:12:45.709+0000] {processor.py:758} INFO - Processing file /home/airflow/.local/lib/python3.7/site-packages/airflow/example_dags/example_skip_dag.py for tasks to queue
[2024-05-04T16:12:45.709+0000] {logging_mixin.py:117} INFO - [2024-05-04T16:12:45.709+0000] {dagbag.py:525} INFO - Filling up the DagBag from /home/airflow/.local/lib/python3.7/site-packages/airflow/example_dags/example_skip_dag.py
[2024-05-04T16:12:45.721+0000] {processor.py:768} INFO - DAG(s) dict_keys(['example_skip_dag']) retrieved from /home/airflow/.local/lib/python3.7/site-packages/airflow/example_dags/example_skip_dag.py
[2024-05-04T16:12:45.753+0000] {logging_mixin.py:117} INFO - [2024-05-04T16:12:45.753+0000] {dag.py:2573} INFO - Sync 1 DAGs
[2024-05-04T16:12:45.773+0000] {logging_mixin.py:117} INFO - [2024-05-04T16:12:45.772+0000] {dag.py:3328} INFO - Setting next_dagrun for example_skip_dag to 2024-05-03T16:12:45.772835+00:00, run_after=2024-05-04T16:12:45.772835+00:00
[2024-05-04T16:12:45.794+0000] {processor.py:178} INFO - Processing /home/airflow/.local/lib/python3.7/site-packages/airflow/example_dags/example_skip_dag.py took 0.088 seconds
[2024-05-04T16:13:16.401+0000] {processor.py:156} INFO - Started process (PID=6603) to work on /home/airflow/.local/lib/python3.7/site-packages/airflow/example_dags/example_skip_dag.py
[2024-05-04T16:13:16.402+0000] {processor.py:758} INFO - Processing file /home/airflow/.local/lib/python3.7/site-packages/airflow/example_dags/example_skip_dag.py for tasks to queue
[2024-05-04T16:13:16.402+0000] {logging_mixin.py:117} INFO - [2024-05-04T16:13:16.402+0000] {dagbag.py:525} INFO - Filling up the DagBag from /home/airflow/.local/lib/python3.7/site-packages/airflow/example_dags/example_skip_dag.py
[2024-05-04T16:13:16.418+0000] {processor.py:768} INFO - DAG(s) dict_keys(['example_skip_dag']) retrieved from /home/airflow/.local/lib/python3.7/site-packages/airflow/example_dags/example_skip_dag.py
[2024-05-04T16:13:16.465+0000] {logging_mixin.py:117} INFO - [2024-05-04T16:13:16.465+0000] {dag.py:2573} INFO - Sync 1 DAGs
[2024-05-04T16:13:16.490+0000] {logging_mixin.py:117} INFO - [2024-05-04T16:13:16.490+0000] {dag.py:3328} INFO - Setting next_dagrun for example_skip_dag to 2024-05-03T16:13:16.490437+00:00, run_after=2024-05-04T16:13:16.490437+00:00
[2024-05-04T16:13:16.511+0000] {processor.py:178} INFO - Processing /home/airflow/.local/lib/python3.7/site-packages/airflow/example_dags/example_skip_dag.py took 0.112 seconds
[2024-05-04T16:13:47.102+0000] {processor.py:156} INFO - Started process (PID=6819) to work on /home/airflow/.local/lib/python3.7/site-packages/airflow/example_dags/example_skip_dag.py
[2024-05-04T16:13:47.103+0000] {processor.py:758} INFO - Processing file /home/airflow/.local/lib/python3.7/site-packages/airflow/example_dags/example_skip_dag.py for tasks to queue
[2024-05-04T16:13:47.103+0000] {logging_mixin.py:117} INFO - [2024-05-04T16:13:47.103+0000] {dagbag.py:525} INFO - Filling up the DagBag from /home/airflow/.local/lib/python3.7/site-packages/airflow/example_dags/example_skip_dag.py
[2024-05-04T16:13:47.115+0000] {processor.py:768} INFO - DAG(s) dict_keys(['example_skip_dag']) retrieved from /home/airflow/.local/lib/python3.7/site-packages/airflow/example_dags/example_skip_dag.py
[2024-05-04T16:13:47.149+0000] {logging_mixin.py:117} INFO - [2024-05-04T16:13:47.149+0000] {dag.py:2573} INFO - Sync 1 DAGs
[2024-05-04T16:13:47.169+0000] {logging_mixin.py:117} INFO - [2024-05-04T16:13:47.169+0000] {dag.py:3328} INFO - Setting next_dagrun for example_skip_dag to 2024-05-03T16:13:47.169149+00:00, run_after=2024-05-04T16:13:47.169149+00:00
[2024-05-04T16:13:47.188+0000] {processor.py:178} INFO - Processing /home/airflow/.local/lib/python3.7/site-packages/airflow/example_dags/example_skip_dag.py took 0.088 seconds
[2024-05-04T16:14:17.717+0000] {processor.py:156} INFO - Started process (PID=7023) to work on /home/airflow/.local/lib/python3.7/site-packages/airflow/example_dags/example_skip_dag.py
[2024-05-04T16:14:17.718+0000] {processor.py:758} INFO - Processing file /home/airflow/.local/lib/python3.7/site-packages/airflow/example_dags/example_skip_dag.py for tasks to queue
[2024-05-04T16:14:17.718+0000] {logging_mixin.py:117} INFO - [2024-05-04T16:14:17.718+0000] {dagbag.py:525} INFO - Filling up the DagBag from /home/airflow/.local/lib/python3.7/site-packages/airflow/example_dags/example_skip_dag.py
[2024-05-04T16:14:17.730+0000] {processor.py:768} INFO - DAG(s) dict_keys(['example_skip_dag']) retrieved from /home/airflow/.local/lib/python3.7/site-packages/airflow/example_dags/example_skip_dag.py
[2024-05-04T16:14:17.763+0000] {logging_mixin.py:117} INFO - [2024-05-04T16:14:17.763+0000] {dag.py:2573} INFO - Sync 1 DAGs
[2024-05-04T16:14:17.784+0000] {logging_mixin.py:117} INFO - [2024-05-04T16:14:17.784+0000] {dag.py:3328} INFO - Setting next_dagrun for example_skip_dag to 2024-05-03T16:14:17.784350+00:00, run_after=2024-05-04T16:14:17.784350+00:00
[2024-05-04T16:14:17.804+0000] {processor.py:178} INFO - Processing /home/airflow/.local/lib/python3.7/site-packages/airflow/example_dags/example_skip_dag.py took 0.090 seconds
[2024-05-04T16:14:48.307+0000] {processor.py:156} INFO - Started process (PID=7236) to work on /home/airflow/.local/lib/python3.7/site-packages/airflow/example_dags/example_skip_dag.py
[2024-05-04T16:14:48.308+0000] {processor.py:758} INFO - Processing file /home/airflow/.local/lib/python3.7/site-packages/airflow/example_dags/example_skip_dag.py for tasks to queue
[2024-05-04T16:14:48.308+0000] {logging_mixin.py:117} INFO - [2024-05-04T16:14:48.308+0000] {dagbag.py:525} INFO - Filling up the DagBag from /home/airflow/.local/lib/python3.7/site-packages/airflow/example_dags/example_skip_dag.py
[2024-05-04T16:14:48.321+0000] {processor.py:768} INFO - DAG(s) dict_keys(['example_skip_dag']) retrieved from /home/airflow/.local/lib/python3.7/site-packages/airflow/example_dags/example_skip_dag.py
[2024-05-04T16:14:48.354+0000] {logging_mixin.py:117} INFO - [2024-05-04T16:14:48.354+0000] {dag.py:2573} INFO - Sync 1 DAGs
[2024-05-04T16:14:48.375+0000] {logging_mixin.py:117} INFO - [2024-05-04T16:14:48.375+0000] {dag.py:3328} INFO - Setting next_dagrun for example_skip_dag to 2024-05-03T16:14:48.375336+00:00, run_after=2024-05-04T16:14:48.375336+00:00
[2024-05-04T16:14:48.396+0000] {processor.py:178} INFO - Processing /home/airflow/.local/lib/python3.7/site-packages/airflow/example_dags/example_skip_dag.py took 0.091 seconds
[2024-05-04T16:15:19.037+0000] {processor.py:156} INFO - Started process (PID=7449) to work on /home/airflow/.local/lib/python3.7/site-packages/airflow/example_dags/example_skip_dag.py
[2024-05-04T16:15:19.038+0000] {processor.py:758} INFO - Processing file /home/airflow/.local/lib/python3.7/site-packages/airflow/example_dags/example_skip_dag.py for tasks to queue
[2024-05-04T16:15:19.038+0000] {logging_mixin.py:117} INFO - [2024-05-04T16:15:19.038+0000] {dagbag.py:525} INFO - Filling up the DagBag from /home/airflow/.local/lib/python3.7/site-packages/airflow/example_dags/example_skip_dag.py
[2024-05-04T16:15:19.050+0000] {processor.py:768} INFO - DAG(s) dict_keys(['example_skip_dag']) retrieved from /home/airflow/.local/lib/python3.7/site-packages/airflow/example_dags/example_skip_dag.py
[2024-05-04T16:15:19.083+0000] {logging_mixin.py:117} INFO - [2024-05-04T16:15:19.083+0000] {dag.py:2573} INFO - Sync 1 DAGs
[2024-05-04T16:15:19.106+0000] {logging_mixin.py:117} INFO - [2024-05-04T16:15:19.106+0000] {dag.py:3328} INFO - Setting next_dagrun for example_skip_dag to 2024-05-03T16:15:19.106307+00:00, run_after=2024-05-04T16:15:19.106307+00:00
[2024-05-04T16:15:19.132+0000] {processor.py:178} INFO - Processing /home/airflow/.local/lib/python3.7/site-packages/airflow/example_dags/example_skip_dag.py took 0.098 seconds
[2024-05-04T16:15:49.167+0000] {processor.py:156} INFO - Started process (PID=7671) to work on /home/airflow/.local/lib/python3.7/site-packages/airflow/example_dags/example_skip_dag.py
[2024-05-04T16:15:49.167+0000] {processor.py:758} INFO - Processing file /home/airflow/.local/lib/python3.7/site-packages/airflow/example_dags/example_skip_dag.py for tasks to queue
[2024-05-04T16:15:49.168+0000] {logging_mixin.py:117} INFO - [2024-05-04T16:15:49.168+0000] {dagbag.py:525} INFO - Filling up the DagBag from /home/airflow/.local/lib/python3.7/site-packages/airflow/example_dags/example_skip_dag.py
[2024-05-04T16:15:49.181+0000] {processor.py:768} INFO - DAG(s) dict_keys(['example_skip_dag']) retrieved from /home/airflow/.local/lib/python3.7/site-packages/airflow/example_dags/example_skip_dag.py
[2024-05-04T16:15:49.215+0000] {logging_mixin.py:117} INFO - [2024-05-04T16:15:49.215+0000] {dag.py:2573} INFO - Sync 1 DAGs
[2024-05-04T16:15:49.236+0000] {logging_mixin.py:117} INFO - [2024-05-04T16:15:49.236+0000] {dag.py:3328} INFO - Setting next_dagrun for example_skip_dag to 2024-05-03T16:15:49.236121+00:00, run_after=2024-05-04T16:15:49.236121+00:00
[2024-05-04T16:15:49.259+0000] {processor.py:178} INFO - Processing /home/airflow/.local/lib/python3.7/site-packages/airflow/example_dags/example_skip_dag.py took 0.095 seconds
[2024-05-04T16:16:19.440+0000] {processor.py:156} INFO - Started process (PID=7875) to work on /home/airflow/.local/lib/python3.7/site-packages/airflow/example_dags/example_skip_dag.py
[2024-05-04T16:16:19.441+0000] {processor.py:758} INFO - Processing file /home/airflow/.local/lib/python3.7/site-packages/airflow/example_dags/example_skip_dag.py for tasks to queue
[2024-05-04T16:16:19.442+0000] {logging_mixin.py:117} INFO - [2024-05-04T16:16:19.441+0000] {dagbag.py:525} INFO - Filling up the DagBag from /home/airflow/.local/lib/python3.7/site-packages/airflow/example_dags/example_skip_dag.py
[2024-05-04T16:16:19.454+0000] {processor.py:768} INFO - DAG(s) dict_keys(['example_skip_dag']) retrieved from /home/airflow/.local/lib/python3.7/site-packages/airflow/example_dags/example_skip_dag.py
[2024-05-04T16:16:19.488+0000] {logging_mixin.py:117} INFO - [2024-05-04T16:16:19.488+0000] {dag.py:2573} INFO - Sync 1 DAGs
[2024-05-04T16:16:19.508+0000] {logging_mixin.py:117} INFO - [2024-05-04T16:16:19.508+0000] {dag.py:3328} INFO - Setting next_dagrun for example_skip_dag to 2024-05-03T16:16:19.508286+00:00, run_after=2024-05-04T16:16:19.508286+00:00
[2024-05-04T16:16:19.528+0000] {processor.py:178} INFO - Processing /home/airflow/.local/lib/python3.7/site-packages/airflow/example_dags/example_skip_dag.py took 0.090 seconds
[2024-05-04T16:16:49.766+0000] {processor.py:156} INFO - Started process (PID=8088) to work on /home/airflow/.local/lib/python3.7/site-packages/airflow/example_dags/example_skip_dag.py
[2024-05-04T16:16:49.766+0000] {processor.py:758} INFO - Processing file /home/airflow/.local/lib/python3.7/site-packages/airflow/example_dags/example_skip_dag.py for tasks to queue
[2024-05-04T16:16:49.767+0000] {logging_mixin.py:117} INFO - [2024-05-04T16:16:49.767+0000] {dagbag.py:525} INFO - Filling up the DagBag from /home/airflow/.local/lib/python3.7/site-packages/airflow/example_dags/example_skip_dag.py
[2024-05-04T16:16:49.784+0000] {processor.py:768} INFO - DAG(s) dict_keys(['example_skip_dag']) retrieved from /home/airflow/.local/lib/python3.7/site-packages/airflow/example_dags/example_skip_dag.py
[2024-05-04T16:16:49.823+0000] {logging_mixin.py:117} INFO - [2024-05-04T16:16:49.823+0000] {dag.py:2573} INFO - Sync 1 DAGs
[2024-05-04T16:16:49.845+0000] {logging_mixin.py:117} INFO - [2024-05-04T16:16:49.845+0000] {dag.py:3328} INFO - Setting next_dagrun for example_skip_dag to 2024-05-03T16:16:49.844849+00:00, run_after=2024-05-04T16:16:49.844849+00:00
[2024-05-04T16:16:49.868+0000] {processor.py:178} INFO - Processing /home/airflow/.local/lib/python3.7/site-packages/airflow/example_dags/example_skip_dag.py took 0.105 seconds
[2024-05-04T16:17:19.942+0000] {processor.py:156} INFO - Started process (PID=8304) to work on /home/airflow/.local/lib/python3.7/site-packages/airflow/example_dags/example_skip_dag.py
[2024-05-04T16:17:19.943+0000] {processor.py:758} INFO - Processing file /home/airflow/.local/lib/python3.7/site-packages/airflow/example_dags/example_skip_dag.py for tasks to queue
[2024-05-04T16:17:19.943+0000] {logging_mixin.py:117} INFO - [2024-05-04T16:17:19.943+0000] {dagbag.py:525} INFO - Filling up the DagBag from /home/airflow/.local/lib/python3.7/site-packages/airflow/example_dags/example_skip_dag.py
[2024-05-04T16:17:19.960+0000] {processor.py:768} INFO - DAG(s) dict_keys(['example_skip_dag']) retrieved from /home/airflow/.local/lib/python3.7/site-packages/airflow/example_dags/example_skip_dag.py
[2024-05-04T16:17:20.000+0000] {logging_mixin.py:117} INFO - [2024-05-04T16:17:20.000+0000] {dag.py:2573} INFO - Sync 1 DAGs
[2024-05-04T16:17:20.022+0000] {logging_mixin.py:117} INFO - [2024-05-04T16:17:20.022+0000] {dag.py:3328} INFO - Setting next_dagrun for example_skip_dag to 2024-05-03T16:17:20.022391+00:00, run_after=2024-05-04T16:17:20.022391+00:00
[2024-05-04T16:17:20.042+0000] {processor.py:178} INFO - Processing /home/airflow/.local/lib/python3.7/site-packages/airflow/example_dags/example_skip_dag.py took 0.103 seconds
[2024-05-04T16:17:50.107+0000] {processor.py:156} INFO - Started process (PID=8509) to work on /home/airflow/.local/lib/python3.7/site-packages/airflow/example_dags/example_skip_dag.py
[2024-05-04T16:17:50.107+0000] {processor.py:758} INFO - Processing file /home/airflow/.local/lib/python3.7/site-packages/airflow/example_dags/example_skip_dag.py for tasks to queue
[2024-05-04T16:17:50.108+0000] {logging_mixin.py:117} INFO - [2024-05-04T16:17:50.108+0000] {dagbag.py:525} INFO - Filling up the DagBag from /home/airflow/.local/lib/python3.7/site-packages/airflow/example_dags/example_skip_dag.py
[2024-05-04T16:17:50.122+0000] {processor.py:768} INFO - DAG(s) dict_keys(['example_skip_dag']) retrieved from /home/airflow/.local/lib/python3.7/site-packages/airflow/example_dags/example_skip_dag.py
[2024-05-04T16:17:50.163+0000] {logging_mixin.py:117} INFO - [2024-05-04T16:17:50.163+0000] {dag.py:2573} INFO - Sync 1 DAGs
[2024-05-04T16:17:50.186+0000] {logging_mixin.py:117} INFO - [2024-05-04T16:17:50.186+0000] {dag.py:3328} INFO - Setting next_dagrun for example_skip_dag to 2024-05-03T16:17:50.185932+00:00, run_after=2024-05-04T16:17:50.185932+00:00
[2024-05-04T16:17:50.207+0000] {processor.py:178} INFO - Processing /home/airflow/.local/lib/python3.7/site-packages/airflow/example_dags/example_skip_dag.py took 0.103 seconds
[2024-05-04T16:18:20.463+0000] {processor.py:156} INFO - Started process (PID=8722) to work on /home/airflow/.local/lib/python3.7/site-packages/airflow/example_dags/example_skip_dag.py
[2024-05-04T16:18:20.463+0000] {processor.py:758} INFO - Processing file /home/airflow/.local/lib/python3.7/site-packages/airflow/example_dags/example_skip_dag.py for tasks to queue
[2024-05-04T16:18:20.464+0000] {logging_mixin.py:117} INFO - [2024-05-04T16:18:20.464+0000] {dagbag.py:525} INFO - Filling up the DagBag from /home/airflow/.local/lib/python3.7/site-packages/airflow/example_dags/example_skip_dag.py
[2024-05-04T16:18:20.476+0000] {processor.py:768} INFO - DAG(s) dict_keys(['example_skip_dag']) retrieved from /home/airflow/.local/lib/python3.7/site-packages/airflow/example_dags/example_skip_dag.py
[2024-05-04T16:18:20.513+0000] {logging_mixin.py:117} INFO - [2024-05-04T16:18:20.513+0000] {dag.py:2573} INFO - Sync 1 DAGs
[2024-05-04T16:18:20.533+0000] {logging_mixin.py:117} INFO - [2024-05-04T16:18:20.533+0000] {dag.py:3328} INFO - Setting next_dagrun for example_skip_dag to 2024-05-03T16:18:20.532960+00:00, run_after=2024-05-04T16:18:20.532960+00:00
[2024-05-04T16:18:20.553+0000] {processor.py:178} INFO - Processing /home/airflow/.local/lib/python3.7/site-packages/airflow/example_dags/example_skip_dag.py took 0.093 seconds
[2024-05-04T16:18:50.663+0000] {processor.py:156} INFO - Started process (PID=8938) to work on /home/airflow/.local/lib/python3.7/site-packages/airflow/example_dags/example_skip_dag.py
[2024-05-04T16:18:50.664+0000] {processor.py:758} INFO - Processing file /home/airflow/.local/lib/python3.7/site-packages/airflow/example_dags/example_skip_dag.py for tasks to queue
[2024-05-04T16:18:50.664+0000] {logging_mixin.py:117} INFO - [2024-05-04T16:18:50.664+0000] {dagbag.py:525} INFO - Filling up the DagBag from /home/airflow/.local/lib/python3.7/site-packages/airflow/example_dags/example_skip_dag.py
[2024-05-04T16:18:50.677+0000] {processor.py:768} INFO - DAG(s) dict_keys(['example_skip_dag']) retrieved from /home/airflow/.local/lib/python3.7/site-packages/airflow/example_dags/example_skip_dag.py
[2024-05-04T16:18:50.714+0000] {logging_mixin.py:117} INFO - [2024-05-04T16:18:50.714+0000] {dag.py:2573} INFO - Sync 1 DAGs
[2024-05-04T16:18:50.734+0000] {logging_mixin.py:117} INFO - [2024-05-04T16:18:50.734+0000] {dag.py:3328} INFO - Setting next_dagrun for example_skip_dag to 2024-05-03T16:18:50.734096+00:00, run_after=2024-05-04T16:18:50.734096+00:00
[2024-05-04T16:18:50.754+0000] {processor.py:178} INFO - Processing /home/airflow/.local/lib/python3.7/site-packages/airflow/example_dags/example_skip_dag.py took 0.094 seconds
