[2024-05-04T15:58:00.064+0000] {processor.py:156} INFO - Started process (PID=210) to work on /home/airflow/.local/lib/python3.7/site-packages/airflow/example_dags/example_short_circuit_operator.py
[2024-05-04T15:58:00.064+0000] {processor.py:758} INFO - Processing file /home/airflow/.local/lib/python3.7/site-packages/airflow/example_dags/example_short_circuit_operator.py for tasks to queue
[2024-05-04T15:58:00.065+0000] {logging_mixin.py:117} INFO - [2024-05-04T15:58:00.065+0000] {dagbag.py:525} INFO - Filling up the DagBag from /home/airflow/.local/lib/python3.7/site-packages/airflow/example_dags/example_short_circuit_operator.py
[2024-05-04T15:58:00.111+0000] {processor.py:768} INFO - DAG(s) dict_keys(['example_short_circuit_operator']) retrieved from /home/airflow/.local/lib/python3.7/site-packages/airflow/example_dags/example_short_circuit_operator.py
[2024-05-04T15:58:00.704+0000] {logging_mixin.py:117} INFO - [2024-05-04T15:58:00.704+0000] {manager.py:507} INFO - Created Permission View: can read on DAG:example_short_circuit_operator
[2024-05-04T15:58:00.719+0000] {logging_mixin.py:117} INFO - [2024-05-04T15:58:00.719+0000] {manager.py:507} INFO - Created Permission View: can edit on DAG:example_short_circuit_operator
[2024-05-04T15:58:00.739+0000] {logging_mixin.py:117} INFO - [2024-05-04T15:58:00.739+0000] {manager.py:507} INFO - Created Permission View: can delete on DAG:example_short_circuit_operator
[2024-05-04T15:58:00.740+0000] {logging_mixin.py:117} INFO - [2024-05-04T15:58:00.740+0000] {dag.py:2573} INFO - Sync 1 DAGs
[2024-05-04T15:58:00.751+0000] {logging_mixin.py:117} INFO - [2024-05-04T15:58:00.751+0000] {dag.py:2594} INFO - Creating ORM DAG for example_short_circuit_operator
[2024-05-04T15:58:00.761+0000] {logging_mixin.py:117} INFO - [2024-05-04T15:58:00.761+0000] {dag.py:3328} INFO - Setting next_dagrun for example_short_circuit_operator to 2024-05-03T15:58:00.760883+00:00, run_after=2024-05-04T15:58:00.760883+00:00
[2024-05-04T15:58:00.786+0000] {processor.py:178} INFO - Processing /home/airflow/.local/lib/python3.7/site-packages/airflow/example_dags/example_short_circuit_operator.py took 0.726 seconds
[2024-05-04T15:58:31.238+0000] {processor.py:156} INFO - Started process (PID=415) to work on /home/airflow/.local/lib/python3.7/site-packages/airflow/example_dags/example_short_circuit_operator.py
[2024-05-04T15:58:31.240+0000] {processor.py:758} INFO - Processing file /home/airflow/.local/lib/python3.7/site-packages/airflow/example_dags/example_short_circuit_operator.py for tasks to queue
[2024-05-04T15:58:31.240+0000] {logging_mixin.py:117} INFO - [2024-05-04T15:58:31.240+0000] {dagbag.py:525} INFO - Filling up the DagBag from /home/airflow/.local/lib/python3.7/site-packages/airflow/example_dags/example_short_circuit_operator.py
[2024-05-04T15:58:31.332+0000] {processor.py:768} INFO - DAG(s) dict_keys(['example_short_circuit_operator']) retrieved from /home/airflow/.local/lib/python3.7/site-packages/airflow/example_dags/example_short_circuit_operator.py
[2024-05-04T15:58:31.456+0000] {logging_mixin.py:117} INFO - [2024-05-04T15:58:31.455+0000] {dag.py:2573} INFO - Sync 1 DAGs
[2024-05-04T15:58:31.547+0000] {logging_mixin.py:117} INFO - [2024-05-04T15:58:31.547+0000] {dag.py:3328} INFO - Setting next_dagrun for example_short_circuit_operator to 2024-05-03T15:58:31.547509+00:00, run_after=2024-05-04T15:58:31.547509+00:00
[2024-05-04T15:58:31.610+0000] {processor.py:178} INFO - Processing /home/airflow/.local/lib/python3.7/site-packages/airflow/example_dags/example_short_circuit_operator.py took 0.376 seconds
[2024-05-04T15:59:01.759+0000] {processor.py:156} INFO - Started process (PID=714) to work on /home/airflow/.local/lib/python3.7/site-packages/airflow/example_dags/example_short_circuit_operator.py
[2024-05-04T15:59:01.759+0000] {processor.py:758} INFO - Processing file /home/airflow/.local/lib/python3.7/site-packages/airflow/example_dags/example_short_circuit_operator.py for tasks to queue
[2024-05-04T15:59:01.760+0000] {logging_mixin.py:117} INFO - [2024-05-04T15:59:01.760+0000] {dagbag.py:525} INFO - Filling up the DagBag from /home/airflow/.local/lib/python3.7/site-packages/airflow/example_dags/example_short_circuit_operator.py
[2024-05-04T15:59:01.775+0000] {processor.py:768} INFO - DAG(s) dict_keys(['example_short_circuit_operator']) retrieved from /home/airflow/.local/lib/python3.7/site-packages/airflow/example_dags/example_short_circuit_operator.py
[2024-05-04T15:59:01.809+0000] {logging_mixin.py:117} INFO - [2024-05-04T15:59:01.809+0000] {dag.py:2573} INFO - Sync 1 DAGs
[2024-05-04T15:59:02.023+0000] {logging_mixin.py:117} INFO - [2024-05-04T15:59:02.023+0000] {dag.py:3328} INFO - Setting next_dagrun for example_short_circuit_operator to 2024-05-03T15:59:02.023214+00:00, run_after=2024-05-04T15:59:02.023214+00:00
[2024-05-04T15:59:02.065+0000] {processor.py:178} INFO - Processing /home/airflow/.local/lib/python3.7/site-packages/airflow/example_dags/example_short_circuit_operator.py took 0.308 seconds
[2024-05-04T15:59:32.143+0000] {processor.py:156} INFO - Started process (PID=927) to work on /home/airflow/.local/lib/python3.7/site-packages/airflow/example_dags/example_short_circuit_operator.py
[2024-05-04T15:59:32.143+0000] {processor.py:758} INFO - Processing file /home/airflow/.local/lib/python3.7/site-packages/airflow/example_dags/example_short_circuit_operator.py for tasks to queue
[2024-05-04T15:59:32.144+0000] {logging_mixin.py:117} INFO - [2024-05-04T15:59:32.144+0000] {dagbag.py:525} INFO - Filling up the DagBag from /home/airflow/.local/lib/python3.7/site-packages/airflow/example_dags/example_short_circuit_operator.py
[2024-05-04T15:59:32.163+0000] {processor.py:768} INFO - DAG(s) dict_keys(['example_short_circuit_operator']) retrieved from /home/airflow/.local/lib/python3.7/site-packages/airflow/example_dags/example_short_circuit_operator.py
[2024-05-04T15:59:32.208+0000] {logging_mixin.py:117} INFO - [2024-05-04T15:59:32.208+0000] {dag.py:2573} INFO - Sync 1 DAGs
[2024-05-04T15:59:32.338+0000] {logging_mixin.py:117} INFO - [2024-05-04T15:59:32.337+0000] {dag.py:3328} INFO - Setting next_dagrun for example_short_circuit_operator to 2024-05-03T15:59:32.337764+00:00, run_after=2024-05-04T15:59:32.337764+00:00
[2024-05-04T15:59:32.357+0000] {processor.py:178} INFO - Processing /home/airflow/.local/lib/python3.7/site-packages/airflow/example_dags/example_short_circuit_operator.py took 0.218 seconds
[2024-05-04T16:00:02.518+0000] {processor.py:156} INFO - Started process (PID=1140) to work on /home/airflow/.local/lib/python3.7/site-packages/airflow/example_dags/example_short_circuit_operator.py
[2024-05-04T16:00:02.519+0000] {processor.py:758} INFO - Processing file /home/airflow/.local/lib/python3.7/site-packages/airflow/example_dags/example_short_circuit_operator.py for tasks to queue
[2024-05-04T16:00:02.519+0000] {logging_mixin.py:117} INFO - [2024-05-04T16:00:02.519+0000] {dagbag.py:525} INFO - Filling up the DagBag from /home/airflow/.local/lib/python3.7/site-packages/airflow/example_dags/example_short_circuit_operator.py
[2024-05-04T16:00:02.533+0000] {processor.py:768} INFO - DAG(s) dict_keys(['example_short_circuit_operator']) retrieved from /home/airflow/.local/lib/python3.7/site-packages/airflow/example_dags/example_short_circuit_operator.py
[2024-05-04T16:00:02.683+0000] {logging_mixin.py:117} INFO - [2024-05-04T16:00:02.682+0000] {dag.py:2573} INFO - Sync 1 DAGs
[2024-05-04T16:00:02.702+0000] {logging_mixin.py:117} INFO - [2024-05-04T16:00:02.702+0000] {dag.py:3328} INFO - Setting next_dagrun for example_short_circuit_operator to 2024-05-03T16:00:02.701982+00:00, run_after=2024-05-04T16:00:02.701982+00:00
[2024-05-04T16:00:02.722+0000] {processor.py:178} INFO - Processing /home/airflow/.local/lib/python3.7/site-packages/airflow/example_dags/example_short_circuit_operator.py took 0.207 seconds
[2024-05-04T16:00:32.944+0000] {processor.py:156} INFO - Started process (PID=1342) to work on /home/airflow/.local/lib/python3.7/site-packages/airflow/example_dags/example_short_circuit_operator.py
[2024-05-04T16:00:32.945+0000] {processor.py:758} INFO - Processing file /home/airflow/.local/lib/python3.7/site-packages/airflow/example_dags/example_short_circuit_operator.py for tasks to queue
[2024-05-04T16:00:32.946+0000] {logging_mixin.py:117} INFO - [2024-05-04T16:00:32.945+0000] {dagbag.py:525} INFO - Filling up the DagBag from /home/airflow/.local/lib/python3.7/site-packages/airflow/example_dags/example_short_circuit_operator.py
[2024-05-04T16:00:32.960+0000] {processor.py:768} INFO - DAG(s) dict_keys(['example_short_circuit_operator']) retrieved from /home/airflow/.local/lib/python3.7/site-packages/airflow/example_dags/example_short_circuit_operator.py
[2024-05-04T16:00:33.109+0000] {logging_mixin.py:117} INFO - [2024-05-04T16:00:33.109+0000] {dag.py:2573} INFO - Sync 1 DAGs
[2024-05-04T16:00:33.127+0000] {logging_mixin.py:117} INFO - [2024-05-04T16:00:33.127+0000] {dag.py:3328} INFO - Setting next_dagrun for example_short_circuit_operator to 2024-05-03T16:00:33.127374+00:00, run_after=2024-05-04T16:00:33.127374+00:00
[2024-05-04T16:00:33.149+0000] {processor.py:178} INFO - Processing /home/airflow/.local/lib/python3.7/site-packages/airflow/example_dags/example_short_circuit_operator.py took 0.207 seconds
[2024-05-04T16:01:03.429+0000] {processor.py:156} INFO - Started process (PID=1554) to work on /home/airflow/.local/lib/python3.7/site-packages/airflow/example_dags/example_short_circuit_operator.py
[2024-05-04T16:01:03.429+0000] {processor.py:758} INFO - Processing file /home/airflow/.local/lib/python3.7/site-packages/airflow/example_dags/example_short_circuit_operator.py for tasks to queue
[2024-05-04T16:01:03.430+0000] {logging_mixin.py:117} INFO - [2024-05-04T16:01:03.430+0000] {dagbag.py:525} INFO - Filling up the DagBag from /home/airflow/.local/lib/python3.7/site-packages/airflow/example_dags/example_short_circuit_operator.py
[2024-05-04T16:01:03.564+0000] {processor.py:768} INFO - DAG(s) dict_keys(['example_short_circuit_operator']) retrieved from /home/airflow/.local/lib/python3.7/site-packages/airflow/example_dags/example_short_circuit_operator.py
[2024-05-04T16:01:03.595+0000] {logging_mixin.py:117} INFO - [2024-05-04T16:01:03.595+0000] {dag.py:2573} INFO - Sync 1 DAGs
[2024-05-04T16:01:03.616+0000] {logging_mixin.py:117} INFO - [2024-05-04T16:01:03.616+0000] {dag.py:3328} INFO - Setting next_dagrun for example_short_circuit_operator to 2024-05-03T16:01:03.616192+00:00, run_after=2024-05-04T16:01:03.616192+00:00
[2024-05-04T16:01:03.638+0000] {processor.py:178} INFO - Processing /home/airflow/.local/lib/python3.7/site-packages/airflow/example_dags/example_short_circuit_operator.py took 0.211 seconds
[2024-05-04T16:01:33.890+0000] {processor.py:156} INFO - Started process (PID=1764) to work on /home/airflow/.local/lib/python3.7/site-packages/airflow/example_dags/example_short_circuit_operator.py
[2024-05-04T16:01:33.890+0000] {processor.py:758} INFO - Processing file /home/airflow/.local/lib/python3.7/site-packages/airflow/example_dags/example_short_circuit_operator.py for tasks to queue
[2024-05-04T16:01:33.891+0000] {logging_mixin.py:117} INFO - [2024-05-04T16:01:33.891+0000] {dagbag.py:525} INFO - Filling up the DagBag from /home/airflow/.local/lib/python3.7/site-packages/airflow/example_dags/example_short_circuit_operator.py
[2024-05-04T16:01:33.905+0000] {processor.py:768} INFO - DAG(s) dict_keys(['example_short_circuit_operator']) retrieved from /home/airflow/.local/lib/python3.7/site-packages/airflow/example_dags/example_short_circuit_operator.py
[2024-05-04T16:01:33.939+0000] {logging_mixin.py:117} INFO - [2024-05-04T16:01:33.939+0000] {dag.py:2573} INFO - Sync 1 DAGs
[2024-05-04T16:01:33.959+0000] {logging_mixin.py:117} INFO - [2024-05-04T16:01:33.959+0000] {dag.py:3328} INFO - Setting next_dagrun for example_short_circuit_operator to 2024-05-03T16:01:33.959704+00:00, run_after=2024-05-04T16:01:33.959704+00:00
[2024-05-04T16:01:33.979+0000] {processor.py:178} INFO - Processing /home/airflow/.local/lib/python3.7/site-packages/airflow/example_dags/example_short_circuit_operator.py took 0.092 seconds
[2024-05-04T16:02:04.708+0000] {processor.py:156} INFO - Started process (PID=1980) to work on /home/airflow/.local/lib/python3.7/site-packages/airflow/example_dags/example_short_circuit_operator.py
[2024-05-04T16:02:04.708+0000] {processor.py:758} INFO - Processing file /home/airflow/.local/lib/python3.7/site-packages/airflow/example_dags/example_short_circuit_operator.py for tasks to queue
[2024-05-04T16:02:04.709+0000] {logging_mixin.py:117} INFO - [2024-05-04T16:02:04.709+0000] {dagbag.py:525} INFO - Filling up the DagBag from /home/airflow/.local/lib/python3.7/site-packages/airflow/example_dags/example_short_circuit_operator.py
[2024-05-04T16:02:04.726+0000] {processor.py:768} INFO - DAG(s) dict_keys(['example_short_circuit_operator']) retrieved from /home/airflow/.local/lib/python3.7/site-packages/airflow/example_dags/example_short_circuit_operator.py
[2024-05-04T16:02:04.773+0000] {logging_mixin.py:117} INFO - [2024-05-04T16:02:04.772+0000] {dag.py:2573} INFO - Sync 1 DAGs
[2024-05-04T16:02:04.799+0000] {logging_mixin.py:117} INFO - [2024-05-04T16:02:04.799+0000] {dag.py:3328} INFO - Setting next_dagrun for example_short_circuit_operator to 2024-05-03T16:02:04.798985+00:00, run_after=2024-05-04T16:02:04.798985+00:00
[2024-05-04T16:02:04.825+0000] {processor.py:178} INFO - Processing /home/airflow/.local/lib/python3.7/site-packages/airflow/example_dags/example_short_circuit_operator.py took 0.121 seconds
[2024-05-04T16:02:35.484+0000] {processor.py:156} INFO - Started process (PID=2184) to work on /home/airflow/.local/lib/python3.7/site-packages/airflow/example_dags/example_short_circuit_operator.py
[2024-05-04T16:02:35.485+0000] {processor.py:758} INFO - Processing file /home/airflow/.local/lib/python3.7/site-packages/airflow/example_dags/example_short_circuit_operator.py for tasks to queue
[2024-05-04T16:02:35.485+0000] {logging_mixin.py:117} INFO - [2024-05-04T16:02:35.485+0000] {dagbag.py:525} INFO - Filling up the DagBag from /home/airflow/.local/lib/python3.7/site-packages/airflow/example_dags/example_short_circuit_operator.py
[2024-05-04T16:02:35.504+0000] {processor.py:768} INFO - DAG(s) dict_keys(['example_short_circuit_operator']) retrieved from /home/airflow/.local/lib/python3.7/site-packages/airflow/example_dags/example_short_circuit_operator.py
[2024-05-04T16:02:35.548+0000] {logging_mixin.py:117} INFO - [2024-05-04T16:02:35.548+0000] {dag.py:2573} INFO - Sync 1 DAGs
[2024-05-04T16:02:35.578+0000] {logging_mixin.py:117} INFO - [2024-05-04T16:02:35.578+0000] {dag.py:3328} INFO - Setting next_dagrun for example_short_circuit_operator to 2024-05-03T16:02:35.578465+00:00, run_after=2024-05-04T16:02:35.578465+00:00
[2024-05-04T16:02:35.605+0000] {processor.py:178} INFO - Processing /home/airflow/.local/lib/python3.7/site-packages/airflow/example_dags/example_short_circuit_operator.py took 0.124 seconds
[2024-05-04T16:03:06.248+0000] {processor.py:156} INFO - Started process (PID=2398) to work on /home/airflow/.local/lib/python3.7/site-packages/airflow/example_dags/example_short_circuit_operator.py
[2024-05-04T16:03:06.249+0000] {processor.py:758} INFO - Processing file /home/airflow/.local/lib/python3.7/site-packages/airflow/example_dags/example_short_circuit_operator.py for tasks to queue
[2024-05-04T16:03:06.249+0000] {logging_mixin.py:117} INFO - [2024-05-04T16:03:06.249+0000] {dagbag.py:525} INFO - Filling up the DagBag from /home/airflow/.local/lib/python3.7/site-packages/airflow/example_dags/example_short_circuit_operator.py
[2024-05-04T16:03:06.263+0000] {processor.py:768} INFO - DAG(s) dict_keys(['example_short_circuit_operator']) retrieved from /home/airflow/.local/lib/python3.7/site-packages/airflow/example_dags/example_short_circuit_operator.py
[2024-05-04T16:03:06.298+0000] {logging_mixin.py:117} INFO - [2024-05-04T16:03:06.298+0000] {dag.py:2573} INFO - Sync 1 DAGs
[2024-05-04T16:03:06.328+0000] {logging_mixin.py:117} INFO - [2024-05-04T16:03:06.327+0000] {dag.py:3328} INFO - Setting next_dagrun for example_short_circuit_operator to 2024-05-03T16:03:06.327721+00:00, run_after=2024-05-04T16:03:06.327721+00:00
[2024-05-04T16:03:06.352+0000] {processor.py:178} INFO - Processing /home/airflow/.local/lib/python3.7/site-packages/airflow/example_dags/example_short_circuit_operator.py took 0.106 seconds
[2024-05-04T16:03:36.975+0000] {processor.py:156} INFO - Started process (PID=2611) to work on /home/airflow/.local/lib/python3.7/site-packages/airflow/example_dags/example_short_circuit_operator.py
[2024-05-04T16:03:36.976+0000] {processor.py:758} INFO - Processing file /home/airflow/.local/lib/python3.7/site-packages/airflow/example_dags/example_short_circuit_operator.py for tasks to queue
[2024-05-04T16:03:36.976+0000] {logging_mixin.py:117} INFO - [2024-05-04T16:03:36.976+0000] {dagbag.py:525} INFO - Filling up the DagBag from /home/airflow/.local/lib/python3.7/site-packages/airflow/example_dags/example_short_circuit_operator.py
[2024-05-04T16:03:36.990+0000] {processor.py:768} INFO - DAG(s) dict_keys(['example_short_circuit_operator']) retrieved from /home/airflow/.local/lib/python3.7/site-packages/airflow/example_dags/example_short_circuit_operator.py
[2024-05-04T16:03:37.032+0000] {logging_mixin.py:117} INFO - [2024-05-04T16:03:37.031+0000] {dag.py:2573} INFO - Sync 1 DAGs
[2024-05-04T16:03:37.073+0000] {logging_mixin.py:117} INFO - [2024-05-04T16:03:37.073+0000] {dag.py:3328} INFO - Setting next_dagrun for example_short_circuit_operator to 2024-05-03T16:03:37.073246+00:00, run_after=2024-05-04T16:03:37.073246+00:00
[2024-05-04T16:03:37.100+0000] {processor.py:178} INFO - Processing /home/airflow/.local/lib/python3.7/site-packages/airflow/example_dags/example_short_circuit_operator.py took 0.127 seconds
[2024-05-04T16:04:07.530+0000] {processor.py:156} INFO - Started process (PID=2824) to work on /home/airflow/.local/lib/python3.7/site-packages/airflow/example_dags/example_short_circuit_operator.py
[2024-05-04T16:04:07.530+0000] {processor.py:758} INFO - Processing file /home/airflow/.local/lib/python3.7/site-packages/airflow/example_dags/example_short_circuit_operator.py for tasks to queue
[2024-05-04T16:04:07.531+0000] {logging_mixin.py:117} INFO - [2024-05-04T16:04:07.531+0000] {dagbag.py:525} INFO - Filling up the DagBag from /home/airflow/.local/lib/python3.7/site-packages/airflow/example_dags/example_short_circuit_operator.py
[2024-05-04T16:04:07.551+0000] {processor.py:768} INFO - DAG(s) dict_keys(['example_short_circuit_operator']) retrieved from /home/airflow/.local/lib/python3.7/site-packages/airflow/example_dags/example_short_circuit_operator.py
[2024-05-04T16:04:07.601+0000] {logging_mixin.py:117} INFO - [2024-05-04T16:04:07.601+0000] {dag.py:2573} INFO - Sync 1 DAGs
[2024-05-04T16:04:07.635+0000] {logging_mixin.py:117} INFO - [2024-05-04T16:04:07.634+0000] {dag.py:3328} INFO - Setting next_dagrun for example_short_circuit_operator to 2024-05-03T16:04:07.634749+00:00, run_after=2024-05-04T16:04:07.634749+00:00
[2024-05-04T16:04:07.662+0000] {processor.py:178} INFO - Processing /home/airflow/.local/lib/python3.7/site-packages/airflow/example_dags/example_short_circuit_operator.py took 0.135 seconds
[2024-05-04T16:04:38.206+0000] {processor.py:156} INFO - Started process (PID=3028) to work on /home/airflow/.local/lib/python3.7/site-packages/airflow/example_dags/example_short_circuit_operator.py
[2024-05-04T16:04:38.207+0000] {processor.py:758} INFO - Processing file /home/airflow/.local/lib/python3.7/site-packages/airflow/example_dags/example_short_circuit_operator.py for tasks to queue
[2024-05-04T16:04:38.207+0000] {logging_mixin.py:117} INFO - [2024-05-04T16:04:38.207+0000] {dagbag.py:525} INFO - Filling up the DagBag from /home/airflow/.local/lib/python3.7/site-packages/airflow/example_dags/example_short_circuit_operator.py
[2024-05-04T16:04:38.227+0000] {processor.py:768} INFO - DAG(s) dict_keys(['example_short_circuit_operator']) retrieved from /home/airflow/.local/lib/python3.7/site-packages/airflow/example_dags/example_short_circuit_operator.py
[2024-05-04T16:04:38.263+0000] {logging_mixin.py:117} INFO - [2024-05-04T16:04:38.263+0000] {dag.py:2573} INFO - Sync 1 DAGs
[2024-05-04T16:04:38.286+0000] {logging_mixin.py:117} INFO - [2024-05-04T16:04:38.286+0000] {dag.py:3328} INFO - Setting next_dagrun for example_short_circuit_operator to 2024-05-03T16:04:38.285853+00:00, run_after=2024-05-04T16:04:38.285853+00:00
[2024-05-04T16:04:38.309+0000] {processor.py:178} INFO - Processing /home/airflow/.local/lib/python3.7/site-packages/airflow/example_dags/example_short_circuit_operator.py took 0.107 seconds
[2024-05-04T16:05:08.757+0000] {processor.py:156} INFO - Started process (PID=3241) to work on /home/airflow/.local/lib/python3.7/site-packages/airflow/example_dags/example_short_circuit_operator.py
[2024-05-04T16:05:08.758+0000] {processor.py:758} INFO - Processing file /home/airflow/.local/lib/python3.7/site-packages/airflow/example_dags/example_short_circuit_operator.py for tasks to queue
[2024-05-04T16:05:08.758+0000] {logging_mixin.py:117} INFO - [2024-05-04T16:05:08.758+0000] {dagbag.py:525} INFO - Filling up the DagBag from /home/airflow/.local/lib/python3.7/site-packages/airflow/example_dags/example_short_circuit_operator.py
[2024-05-04T16:05:08.777+0000] {processor.py:768} INFO - DAG(s) dict_keys(['example_short_circuit_operator']) retrieved from /home/airflow/.local/lib/python3.7/site-packages/airflow/example_dags/example_short_circuit_operator.py
[2024-05-04T16:05:08.813+0000] {logging_mixin.py:117} INFO - [2024-05-04T16:05:08.813+0000] {dag.py:2573} INFO - Sync 1 DAGs
[2024-05-04T16:05:08.836+0000] {logging_mixin.py:117} INFO - [2024-05-04T16:05:08.836+0000] {dag.py:3328} INFO - Setting next_dagrun for example_short_circuit_operator to 2024-05-03T16:05:08.836351+00:00, run_after=2024-05-04T16:05:08.836351+00:00
[2024-05-04T16:05:08.856+0000] {processor.py:178} INFO - Processing /home/airflow/.local/lib/python3.7/site-packages/airflow/example_dags/example_short_circuit_operator.py took 0.101 seconds
[2024-05-04T16:05:39.430+0000] {processor.py:156} INFO - Started process (PID=3455) to work on /home/airflow/.local/lib/python3.7/site-packages/airflow/example_dags/example_short_circuit_operator.py
[2024-05-04T16:05:39.430+0000] {processor.py:758} INFO - Processing file /home/airflow/.local/lib/python3.7/site-packages/airflow/example_dags/example_short_circuit_operator.py for tasks to queue
[2024-05-04T16:05:39.431+0000] {logging_mixin.py:117} INFO - [2024-05-04T16:05:39.431+0000] {dagbag.py:525} INFO - Filling up the DagBag from /home/airflow/.local/lib/python3.7/site-packages/airflow/example_dags/example_short_circuit_operator.py
[2024-05-04T16:05:39.452+0000] {processor.py:768} INFO - DAG(s) dict_keys(['example_short_circuit_operator']) retrieved from /home/airflow/.local/lib/python3.7/site-packages/airflow/example_dags/example_short_circuit_operator.py
[2024-05-04T16:05:39.504+0000] {logging_mixin.py:117} INFO - [2024-05-04T16:05:39.504+0000] {dag.py:2573} INFO - Sync 1 DAGs
[2024-05-04T16:05:39.539+0000] {logging_mixin.py:117} INFO - [2024-05-04T16:05:39.539+0000] {dag.py:3328} INFO - Setting next_dagrun for example_short_circuit_operator to 2024-05-03T16:05:39.538139+00:00, run_after=2024-05-04T16:05:39.538139+00:00
[2024-05-04T16:05:39.567+0000] {processor.py:178} INFO - Processing /home/airflow/.local/lib/python3.7/site-packages/airflow/example_dags/example_short_circuit_operator.py took 0.139 seconds
[2024-05-04T16:06:10.216+0000] {processor.py:156} INFO - Started process (PID=3667) to work on /home/airflow/.local/lib/python3.7/site-packages/airflow/example_dags/example_short_circuit_operator.py
[2024-05-04T16:06:10.217+0000] {processor.py:758} INFO - Processing file /home/airflow/.local/lib/python3.7/site-packages/airflow/example_dags/example_short_circuit_operator.py for tasks to queue
[2024-05-04T16:06:10.217+0000] {logging_mixin.py:117} INFO - [2024-05-04T16:06:10.217+0000] {dagbag.py:525} INFO - Filling up the DagBag from /home/airflow/.local/lib/python3.7/site-packages/airflow/example_dags/example_short_circuit_operator.py
[2024-05-04T16:06:10.234+0000] {processor.py:768} INFO - DAG(s) dict_keys(['example_short_circuit_operator']) retrieved from /home/airflow/.local/lib/python3.7/site-packages/airflow/example_dags/example_short_circuit_operator.py
[2024-05-04T16:06:10.272+0000] {logging_mixin.py:117} INFO - [2024-05-04T16:06:10.272+0000] {dag.py:2573} INFO - Sync 1 DAGs
[2024-05-04T16:06:10.295+0000] {logging_mixin.py:117} INFO - [2024-05-04T16:06:10.295+0000] {dag.py:3328} INFO - Setting next_dagrun for example_short_circuit_operator to 2024-05-03T16:06:10.295619+00:00, run_after=2024-05-04T16:06:10.295619+00:00
[2024-05-04T16:06:10.317+0000] {processor.py:178} INFO - Processing /home/airflow/.local/lib/python3.7/site-packages/airflow/example_dags/example_short_circuit_operator.py took 0.103 seconds
[2024-05-04T16:06:40.352+0000] {processor.py:156} INFO - Started process (PID=3880) to work on /home/airflow/.local/lib/python3.7/site-packages/airflow/example_dags/example_short_circuit_operator.py
[2024-05-04T16:06:40.353+0000] {processor.py:758} INFO - Processing file /home/airflow/.local/lib/python3.7/site-packages/airflow/example_dags/example_short_circuit_operator.py for tasks to queue
[2024-05-04T16:06:40.353+0000] {logging_mixin.py:117} INFO - [2024-05-04T16:06:40.353+0000] {dagbag.py:525} INFO - Filling up the DagBag from /home/airflow/.local/lib/python3.7/site-packages/airflow/example_dags/example_short_circuit_operator.py
[2024-05-04T16:06:40.367+0000] {processor.py:768} INFO - DAG(s) dict_keys(['example_short_circuit_operator']) retrieved from /home/airflow/.local/lib/python3.7/site-packages/airflow/example_dags/example_short_circuit_operator.py
[2024-05-04T16:06:40.400+0000] {logging_mixin.py:117} INFO - [2024-05-04T16:06:40.400+0000] {dag.py:2573} INFO - Sync 1 DAGs
[2024-05-04T16:06:40.420+0000] {logging_mixin.py:117} INFO - [2024-05-04T16:06:40.420+0000] {dag.py:3328} INFO - Setting next_dagrun for example_short_circuit_operator to 2024-05-03T16:06:40.420227+00:00, run_after=2024-05-04T16:06:40.420227+00:00
[2024-05-04T16:06:40.441+0000] {processor.py:178} INFO - Processing /home/airflow/.local/lib/python3.7/site-packages/airflow/example_dags/example_short_circuit_operator.py took 0.090 seconds
[2024-05-04T16:07:10.935+0000] {processor.py:156} INFO - Started process (PID=4093) to work on /home/airflow/.local/lib/python3.7/site-packages/airflow/example_dags/example_short_circuit_operator.py
[2024-05-04T16:07:10.935+0000] {processor.py:758} INFO - Processing file /home/airflow/.local/lib/python3.7/site-packages/airflow/example_dags/example_short_circuit_operator.py for tasks to queue
[2024-05-04T16:07:10.936+0000] {logging_mixin.py:117} INFO - [2024-05-04T16:07:10.936+0000] {dagbag.py:525} INFO - Filling up the DagBag from /home/airflow/.local/lib/python3.7/site-packages/airflow/example_dags/example_short_circuit_operator.py
[2024-05-04T16:07:10.950+0000] {processor.py:768} INFO - DAG(s) dict_keys(['example_short_circuit_operator']) retrieved from /home/airflow/.local/lib/python3.7/site-packages/airflow/example_dags/example_short_circuit_operator.py
[2024-05-04T16:07:10.982+0000] {logging_mixin.py:117} INFO - [2024-05-04T16:07:10.982+0000] {dag.py:2573} INFO - Sync 1 DAGs
[2024-05-04T16:07:11.002+0000] {logging_mixin.py:117} INFO - [2024-05-04T16:07:11.002+0000] {dag.py:3328} INFO - Setting next_dagrun for example_short_circuit_operator to 2024-05-03T16:07:11.002670+00:00, run_after=2024-05-04T16:07:11.002670+00:00
[2024-05-04T16:07:11.023+0000] {processor.py:178} INFO - Processing /home/airflow/.local/lib/python3.7/site-packages/airflow/example_dags/example_short_circuit_operator.py took 0.091 seconds
[2024-05-04T16:07:41.548+0000] {processor.py:156} INFO - Started process (PID=4307) to work on /home/airflow/.local/lib/python3.7/site-packages/airflow/example_dags/example_short_circuit_operator.py
[2024-05-04T16:07:41.549+0000] {processor.py:758} INFO - Processing file /home/airflow/.local/lib/python3.7/site-packages/airflow/example_dags/example_short_circuit_operator.py for tasks to queue
[2024-05-04T16:07:41.549+0000] {logging_mixin.py:117} INFO - [2024-05-04T16:07:41.549+0000] {dagbag.py:525} INFO - Filling up the DagBag from /home/airflow/.local/lib/python3.7/site-packages/airflow/example_dags/example_short_circuit_operator.py
[2024-05-04T16:07:41.563+0000] {processor.py:768} INFO - DAG(s) dict_keys(['example_short_circuit_operator']) retrieved from /home/airflow/.local/lib/python3.7/site-packages/airflow/example_dags/example_short_circuit_operator.py
[2024-05-04T16:07:41.596+0000] {logging_mixin.py:117} INFO - [2024-05-04T16:07:41.596+0000] {dag.py:2573} INFO - Sync 1 DAGs
[2024-05-04T16:07:41.620+0000] {logging_mixin.py:117} INFO - [2024-05-04T16:07:41.620+0000] {dag.py:3328} INFO - Setting next_dagrun for example_short_circuit_operator to 2024-05-03T16:07:41.620524+00:00, run_after=2024-05-04T16:07:41.620524+00:00
[2024-05-04T16:07:41.644+0000] {processor.py:178} INFO - Processing /home/airflow/.local/lib/python3.7/site-packages/airflow/example_dags/example_short_circuit_operator.py took 0.098 seconds
[2024-05-04T16:08:12.049+0000] {processor.py:156} INFO - Started process (PID=4520) to work on /home/airflow/.local/lib/python3.7/site-packages/airflow/example_dags/example_short_circuit_operator.py
[2024-05-04T16:08:12.050+0000] {processor.py:758} INFO - Processing file /home/airflow/.local/lib/python3.7/site-packages/airflow/example_dags/example_short_circuit_operator.py for tasks to queue
[2024-05-04T16:08:12.050+0000] {logging_mixin.py:117} INFO - [2024-05-04T16:08:12.050+0000] {dagbag.py:525} INFO - Filling up the DagBag from /home/airflow/.local/lib/python3.7/site-packages/airflow/example_dags/example_short_circuit_operator.py
[2024-05-04T16:08:12.064+0000] {processor.py:768} INFO - DAG(s) dict_keys(['example_short_circuit_operator']) retrieved from /home/airflow/.local/lib/python3.7/site-packages/airflow/example_dags/example_short_circuit_operator.py
[2024-05-04T16:08:12.100+0000] {logging_mixin.py:117} INFO - [2024-05-04T16:08:12.099+0000] {dag.py:2573} INFO - Sync 1 DAGs
[2024-05-04T16:08:12.119+0000] {logging_mixin.py:117} INFO - [2024-05-04T16:08:12.119+0000] {dag.py:3328} INFO - Setting next_dagrun for example_short_circuit_operator to 2024-05-03T16:08:12.119367+00:00, run_after=2024-05-04T16:08:12.119367+00:00
[2024-05-04T16:08:12.140+0000] {processor.py:178} INFO - Processing /home/airflow/.local/lib/python3.7/site-packages/airflow/example_dags/example_short_circuit_operator.py took 0.093 seconds
[2024-05-04T16:08:42.730+0000] {processor.py:156} INFO - Started process (PID=4724) to work on /home/airflow/.local/lib/python3.7/site-packages/airflow/example_dags/example_short_circuit_operator.py
[2024-05-04T16:08:42.730+0000] {processor.py:758} INFO - Processing file /home/airflow/.local/lib/python3.7/site-packages/airflow/example_dags/example_short_circuit_operator.py for tasks to queue
[2024-05-04T16:08:42.731+0000] {logging_mixin.py:117} INFO - [2024-05-04T16:08:42.730+0000] {dagbag.py:525} INFO - Filling up the DagBag from /home/airflow/.local/lib/python3.7/site-packages/airflow/example_dags/example_short_circuit_operator.py
[2024-05-04T16:08:42.745+0000] {processor.py:768} INFO - DAG(s) dict_keys(['example_short_circuit_operator']) retrieved from /home/airflow/.local/lib/python3.7/site-packages/airflow/example_dags/example_short_circuit_operator.py
[2024-05-04T16:08:42.777+0000] {logging_mixin.py:117} INFO - [2024-05-04T16:08:42.776+0000] {dag.py:2573} INFO - Sync 1 DAGs
[2024-05-04T16:08:42.796+0000] {logging_mixin.py:117} INFO - [2024-05-04T16:08:42.796+0000] {dag.py:3328} INFO - Setting next_dagrun for example_short_circuit_operator to 2024-05-03T16:08:42.795877+00:00, run_after=2024-05-04T16:08:42.795877+00:00
[2024-05-04T16:08:42.816+0000] {processor.py:178} INFO - Processing /home/airflow/.local/lib/python3.7/site-packages/airflow/example_dags/example_short_circuit_operator.py took 0.089 seconds
[2024-05-04T16:09:13.500+0000] {processor.py:156} INFO - Started process (PID=4938) to work on /home/airflow/.local/lib/python3.7/site-packages/airflow/example_dags/example_short_circuit_operator.py
[2024-05-04T16:09:13.501+0000] {processor.py:758} INFO - Processing file /home/airflow/.local/lib/python3.7/site-packages/airflow/example_dags/example_short_circuit_operator.py for tasks to queue
[2024-05-04T16:09:13.501+0000] {logging_mixin.py:117} INFO - [2024-05-04T16:09:13.501+0000] {dagbag.py:525} INFO - Filling up the DagBag from /home/airflow/.local/lib/python3.7/site-packages/airflow/example_dags/example_short_circuit_operator.py
[2024-05-04T16:09:13.516+0000] {processor.py:768} INFO - DAG(s) dict_keys(['example_short_circuit_operator']) retrieved from /home/airflow/.local/lib/python3.7/site-packages/airflow/example_dags/example_short_circuit_operator.py
[2024-05-04T16:09:13.548+0000] {logging_mixin.py:117} INFO - [2024-05-04T16:09:13.548+0000] {dag.py:2573} INFO - Sync 1 DAGs
[2024-05-04T16:09:13.568+0000] {logging_mixin.py:117} INFO - [2024-05-04T16:09:13.567+0000] {dag.py:3328} INFO - Setting next_dagrun for example_short_circuit_operator to 2024-05-03T16:09:13.567807+00:00, run_after=2024-05-04T16:09:13.567807+00:00
[2024-05-04T16:09:13.589+0000] {processor.py:178} INFO - Processing /home/airflow/.local/lib/python3.7/site-packages/airflow/example_dags/example_short_circuit_operator.py took 0.092 seconds
[2024-05-04T16:09:44.049+0000] {processor.py:156} INFO - Started process (PID=5152) to work on /home/airflow/.local/lib/python3.7/site-packages/airflow/example_dags/example_short_circuit_operator.py
[2024-05-04T16:09:44.049+0000] {processor.py:758} INFO - Processing file /home/airflow/.local/lib/python3.7/site-packages/airflow/example_dags/example_short_circuit_operator.py for tasks to queue
[2024-05-04T16:09:44.050+0000] {logging_mixin.py:117} INFO - [2024-05-04T16:09:44.050+0000] {dagbag.py:525} INFO - Filling up the DagBag from /home/airflow/.local/lib/python3.7/site-packages/airflow/example_dags/example_short_circuit_operator.py
[2024-05-04T16:09:44.064+0000] {processor.py:768} INFO - DAG(s) dict_keys(['example_short_circuit_operator']) retrieved from /home/airflow/.local/lib/python3.7/site-packages/airflow/example_dags/example_short_circuit_operator.py
[2024-05-04T16:09:44.108+0000] {logging_mixin.py:117} INFO - [2024-05-04T16:09:44.108+0000] {dag.py:2573} INFO - Sync 1 DAGs
[2024-05-04T16:09:44.130+0000] {logging_mixin.py:117} INFO - [2024-05-04T16:09:44.130+0000] {dag.py:3328} INFO - Setting next_dagrun for example_short_circuit_operator to 2024-05-03T16:09:44.129984+00:00, run_after=2024-05-04T16:09:44.129984+00:00
[2024-05-04T16:09:44.151+0000] {processor.py:178} INFO - Processing /home/airflow/.local/lib/python3.7/site-packages/airflow/example_dags/example_short_circuit_operator.py took 0.104 seconds
[2024-05-04T16:10:14.810+0000] {processor.py:156} INFO - Started process (PID=5365) to work on /home/airflow/.local/lib/python3.7/site-packages/airflow/example_dags/example_short_circuit_operator.py
[2024-05-04T16:10:14.810+0000] {processor.py:758} INFO - Processing file /home/airflow/.local/lib/python3.7/site-packages/airflow/example_dags/example_short_circuit_operator.py for tasks to queue
[2024-05-04T16:10:14.811+0000] {logging_mixin.py:117} INFO - [2024-05-04T16:10:14.811+0000] {dagbag.py:525} INFO - Filling up the DagBag from /home/airflow/.local/lib/python3.7/site-packages/airflow/example_dags/example_short_circuit_operator.py
[2024-05-04T16:10:14.825+0000] {processor.py:768} INFO - DAG(s) dict_keys(['example_short_circuit_operator']) retrieved from /home/airflow/.local/lib/python3.7/site-packages/airflow/example_dags/example_short_circuit_operator.py
[2024-05-04T16:10:14.857+0000] {logging_mixin.py:117} INFO - [2024-05-04T16:10:14.857+0000] {dag.py:2573} INFO - Sync 1 DAGs
[2024-05-04T16:10:14.876+0000] {logging_mixin.py:117} INFO - [2024-05-04T16:10:14.876+0000] {dag.py:3328} INFO - Setting next_dagrun for example_short_circuit_operator to 2024-05-03T16:10:14.876707+00:00, run_after=2024-05-04T16:10:14.876707+00:00
[2024-05-04T16:10:14.895+0000] {processor.py:178} INFO - Processing /home/airflow/.local/lib/python3.7/site-packages/airflow/example_dags/example_short_circuit_operator.py took 0.088 seconds
[2024-05-04T16:10:45.526+0000] {processor.py:156} INFO - Started process (PID=5572) to work on /home/airflow/.local/lib/python3.7/site-packages/airflow/example_dags/example_short_circuit_operator.py
[2024-05-04T16:10:45.527+0000] {processor.py:758} INFO - Processing file /home/airflow/.local/lib/python3.7/site-packages/airflow/example_dags/example_short_circuit_operator.py for tasks to queue
[2024-05-04T16:10:45.528+0000] {logging_mixin.py:117} INFO - [2024-05-04T16:10:45.527+0000] {dagbag.py:525} INFO - Filling up the DagBag from /home/airflow/.local/lib/python3.7/site-packages/airflow/example_dags/example_short_circuit_operator.py
[2024-05-04T16:10:45.548+0000] {processor.py:768} INFO - DAG(s) dict_keys(['example_short_circuit_operator']) retrieved from /home/airflow/.local/lib/python3.7/site-packages/airflow/example_dags/example_short_circuit_operator.py
[2024-05-04T16:10:45.603+0000] {logging_mixin.py:117} INFO - [2024-05-04T16:10:45.603+0000] {dag.py:2573} INFO - Sync 1 DAGs
[2024-05-04T16:10:45.638+0000] {logging_mixin.py:117} INFO - [2024-05-04T16:10:45.638+0000] {dag.py:3328} INFO - Setting next_dagrun for example_short_circuit_operator to 2024-05-03T16:10:45.638173+00:00, run_after=2024-05-04T16:10:45.638173+00:00
[2024-05-04T16:10:45.671+0000] {processor.py:178} INFO - Processing /home/airflow/.local/lib/python3.7/site-packages/airflow/example_dags/example_short_circuit_operator.py took 0.148 seconds
[2024-05-04T16:11:16.150+0000] {processor.py:156} INFO - Started process (PID=5785) to work on /home/airflow/.local/lib/python3.7/site-packages/airflow/example_dags/example_short_circuit_operator.py
[2024-05-04T16:11:16.151+0000] {processor.py:758} INFO - Processing file /home/airflow/.local/lib/python3.7/site-packages/airflow/example_dags/example_short_circuit_operator.py for tasks to queue
[2024-05-04T16:11:16.152+0000] {logging_mixin.py:117} INFO - [2024-05-04T16:11:16.151+0000] {dagbag.py:525} INFO - Filling up the DagBag from /home/airflow/.local/lib/python3.7/site-packages/airflow/example_dags/example_short_circuit_operator.py
[2024-05-04T16:11:16.173+0000] {processor.py:768} INFO - DAG(s) dict_keys(['example_short_circuit_operator']) retrieved from /home/airflow/.local/lib/python3.7/site-packages/airflow/example_dags/example_short_circuit_operator.py
[2024-05-04T16:11:16.216+0000] {logging_mixin.py:117} INFO - [2024-05-04T16:11:16.216+0000] {dag.py:2573} INFO - Sync 1 DAGs
[2024-05-04T16:11:16.236+0000] {logging_mixin.py:117} INFO - [2024-05-04T16:11:16.236+0000] {dag.py:3328} INFO - Setting next_dagrun for example_short_circuit_operator to 2024-05-03T16:11:16.236627+00:00, run_after=2024-05-04T16:11:16.236627+00:00
[2024-05-04T16:11:16.256+0000] {processor.py:178} INFO - Processing /home/airflow/.local/lib/python3.7/site-packages/airflow/example_dags/example_short_circuit_operator.py took 0.109 seconds
[2024-05-04T16:11:46.786+0000] {processor.py:156} INFO - Started process (PID=5998) to work on /home/airflow/.local/lib/python3.7/site-packages/airflow/example_dags/example_short_circuit_operator.py
[2024-05-04T16:11:46.787+0000] {processor.py:758} INFO - Processing file /home/airflow/.local/lib/python3.7/site-packages/airflow/example_dags/example_short_circuit_operator.py for tasks to queue
[2024-05-04T16:11:46.787+0000] {logging_mixin.py:117} INFO - [2024-05-04T16:11:46.787+0000] {dagbag.py:525} INFO - Filling up the DagBag from /home/airflow/.local/lib/python3.7/site-packages/airflow/example_dags/example_short_circuit_operator.py
[2024-05-04T16:11:46.801+0000] {processor.py:768} INFO - DAG(s) dict_keys(['example_short_circuit_operator']) retrieved from /home/airflow/.local/lib/python3.7/site-packages/airflow/example_dags/example_short_circuit_operator.py
[2024-05-04T16:11:46.834+0000] {logging_mixin.py:117} INFO - [2024-05-04T16:11:46.834+0000] {dag.py:2573} INFO - Sync 1 DAGs
[2024-05-04T16:11:46.853+0000] {logging_mixin.py:117} INFO - [2024-05-04T16:11:46.853+0000] {dag.py:3328} INFO - Setting next_dagrun for example_short_circuit_operator to 2024-05-03T16:11:46.853427+00:00, run_after=2024-05-04T16:11:46.853427+00:00
[2024-05-04T16:11:46.872+0000] {processor.py:178} INFO - Processing /home/airflow/.local/lib/python3.7/site-packages/airflow/example_dags/example_short_circuit_operator.py took 0.088 seconds
[2024-05-04T16:12:17.356+0000] {processor.py:156} INFO - Started process (PID=6211) to work on /home/airflow/.local/lib/python3.7/site-packages/airflow/example_dags/example_short_circuit_operator.py
[2024-05-04T16:12:17.357+0000] {processor.py:758} INFO - Processing file /home/airflow/.local/lib/python3.7/site-packages/airflow/example_dags/example_short_circuit_operator.py for tasks to queue
[2024-05-04T16:12:17.358+0000] {logging_mixin.py:117} INFO - [2024-05-04T16:12:17.358+0000] {dagbag.py:525} INFO - Filling up the DagBag from /home/airflow/.local/lib/python3.7/site-packages/airflow/example_dags/example_short_circuit_operator.py
[2024-05-04T16:12:17.377+0000] {processor.py:768} INFO - DAG(s) dict_keys(['example_short_circuit_operator']) retrieved from /home/airflow/.local/lib/python3.7/site-packages/airflow/example_dags/example_short_circuit_operator.py
[2024-05-04T16:12:17.411+0000] {logging_mixin.py:117} INFO - [2024-05-04T16:12:17.411+0000] {dag.py:2573} INFO - Sync 1 DAGs
[2024-05-04T16:12:17.431+0000] {logging_mixin.py:117} INFO - [2024-05-04T16:12:17.431+0000] {dag.py:3328} INFO - Setting next_dagrun for example_short_circuit_operator to 2024-05-03T16:12:17.431281+00:00, run_after=2024-05-04T16:12:17.431281+00:00
[2024-05-04T16:12:17.451+0000] {processor.py:178} INFO - Processing /home/airflow/.local/lib/python3.7/site-packages/airflow/example_dags/example_short_circuit_operator.py took 0.098 seconds
[2024-05-04T16:12:48.039+0000] {processor.py:156} INFO - Started process (PID=6415) to work on /home/airflow/.local/lib/python3.7/site-packages/airflow/example_dags/example_short_circuit_operator.py
[2024-05-04T16:12:48.039+0000] {processor.py:758} INFO - Processing file /home/airflow/.local/lib/python3.7/site-packages/airflow/example_dags/example_short_circuit_operator.py for tasks to queue
[2024-05-04T16:12:48.040+0000] {logging_mixin.py:117} INFO - [2024-05-04T16:12:48.040+0000] {dagbag.py:525} INFO - Filling up the DagBag from /home/airflow/.local/lib/python3.7/site-packages/airflow/example_dags/example_short_circuit_operator.py
[2024-05-04T16:12:48.054+0000] {processor.py:768} INFO - DAG(s) dict_keys(['example_short_circuit_operator']) retrieved from /home/airflow/.local/lib/python3.7/site-packages/airflow/example_dags/example_short_circuit_operator.py
[2024-05-04T16:12:48.087+0000] {logging_mixin.py:117} INFO - [2024-05-04T16:12:48.087+0000] {dag.py:2573} INFO - Sync 1 DAGs
[2024-05-04T16:12:48.107+0000] {logging_mixin.py:117} INFO - [2024-05-04T16:12:48.107+0000] {dag.py:3328} INFO - Setting next_dagrun for example_short_circuit_operator to 2024-05-03T16:12:48.107319+00:00, run_after=2024-05-04T16:12:48.107319+00:00
[2024-05-04T16:12:48.132+0000] {processor.py:178} INFO - Processing /home/airflow/.local/lib/python3.7/site-packages/airflow/example_dags/example_short_circuit_operator.py took 0.096 seconds
[2024-05-04T16:13:18.693+0000] {processor.py:156} INFO - Started process (PID=6628) to work on /home/airflow/.local/lib/python3.7/site-packages/airflow/example_dags/example_short_circuit_operator.py
[2024-05-04T16:13:18.694+0000] {processor.py:758} INFO - Processing file /home/airflow/.local/lib/python3.7/site-packages/airflow/example_dags/example_short_circuit_operator.py for tasks to queue
[2024-05-04T16:13:18.694+0000] {logging_mixin.py:117} INFO - [2024-05-04T16:13:18.694+0000] {dagbag.py:525} INFO - Filling up the DagBag from /home/airflow/.local/lib/python3.7/site-packages/airflow/example_dags/example_short_circuit_operator.py
[2024-05-04T16:13:18.714+0000] {processor.py:768} INFO - DAG(s) dict_keys(['example_short_circuit_operator']) retrieved from /home/airflow/.local/lib/python3.7/site-packages/airflow/example_dags/example_short_circuit_operator.py
[2024-05-04T16:13:18.753+0000] {logging_mixin.py:117} INFO - [2024-05-04T16:13:18.753+0000] {dag.py:2573} INFO - Sync 1 DAGs
[2024-05-04T16:13:18.776+0000] {logging_mixin.py:117} INFO - [2024-05-04T16:13:18.775+0000] {dag.py:3328} INFO - Setting next_dagrun for example_short_circuit_operator to 2024-05-03T16:13:18.775754+00:00, run_after=2024-05-04T16:13:18.775754+00:00
[2024-05-04T16:13:18.797+0000] {processor.py:178} INFO - Processing /home/airflow/.local/lib/python3.7/site-packages/airflow/example_dags/example_short_circuit_operator.py took 0.108 seconds
[2024-05-04T16:13:49.351+0000] {processor.py:156} INFO - Started process (PID=6844) to work on /home/airflow/.local/lib/python3.7/site-packages/airflow/example_dags/example_short_circuit_operator.py
[2024-05-04T16:13:49.352+0000] {processor.py:758} INFO - Processing file /home/airflow/.local/lib/python3.7/site-packages/airflow/example_dags/example_short_circuit_operator.py for tasks to queue
[2024-05-04T16:13:49.352+0000] {logging_mixin.py:117} INFO - [2024-05-04T16:13:49.352+0000] {dagbag.py:525} INFO - Filling up the DagBag from /home/airflow/.local/lib/python3.7/site-packages/airflow/example_dags/example_short_circuit_operator.py
[2024-05-04T16:13:49.366+0000] {processor.py:768} INFO - DAG(s) dict_keys(['example_short_circuit_operator']) retrieved from /home/airflow/.local/lib/python3.7/site-packages/airflow/example_dags/example_short_circuit_operator.py
[2024-05-04T16:13:49.402+0000] {logging_mixin.py:117} INFO - [2024-05-04T16:13:49.402+0000] {dag.py:2573} INFO - Sync 1 DAGs
[2024-05-04T16:13:49.433+0000] {logging_mixin.py:117} INFO - [2024-05-04T16:13:49.433+0000] {dag.py:3328} INFO - Setting next_dagrun for example_short_circuit_operator to 2024-05-03T16:13:49.432922+00:00, run_after=2024-05-04T16:13:49.432922+00:00
[2024-05-04T16:13:49.459+0000] {processor.py:178} INFO - Processing /home/airflow/.local/lib/python3.7/site-packages/airflow/example_dags/example_short_circuit_operator.py took 0.111 seconds
[2024-05-04T16:14:20.019+0000] {processor.py:156} INFO - Started process (PID=7057) to work on /home/airflow/.local/lib/python3.7/site-packages/airflow/example_dags/example_short_circuit_operator.py
[2024-05-04T16:14:20.020+0000] {processor.py:758} INFO - Processing file /home/airflow/.local/lib/python3.7/site-packages/airflow/example_dags/example_short_circuit_operator.py for tasks to queue
[2024-05-04T16:14:20.020+0000] {logging_mixin.py:117} INFO - [2024-05-04T16:14:20.020+0000] {dagbag.py:525} INFO - Filling up the DagBag from /home/airflow/.local/lib/python3.7/site-packages/airflow/example_dags/example_short_circuit_operator.py
[2024-05-04T16:14:20.035+0000] {processor.py:768} INFO - DAG(s) dict_keys(['example_short_circuit_operator']) retrieved from /home/airflow/.local/lib/python3.7/site-packages/airflow/example_dags/example_short_circuit_operator.py
[2024-05-04T16:14:20.070+0000] {logging_mixin.py:117} INFO - [2024-05-04T16:14:20.070+0000] {dag.py:2573} INFO - Sync 1 DAGs
[2024-05-04T16:14:20.090+0000] {logging_mixin.py:117} INFO - [2024-05-04T16:14:20.090+0000] {dag.py:3328} INFO - Setting next_dagrun for example_short_circuit_operator to 2024-05-03T16:14:20.090398+00:00, run_after=2024-05-04T16:14:20.090398+00:00
[2024-05-04T16:14:20.109+0000] {processor.py:178} INFO - Processing /home/airflow/.local/lib/python3.7/site-packages/airflow/example_dags/example_short_circuit_operator.py took 0.093 seconds
[2024-05-04T16:14:50.607+0000] {processor.py:156} INFO - Started process (PID=7261) to work on /home/airflow/.local/lib/python3.7/site-packages/airflow/example_dags/example_short_circuit_operator.py
[2024-05-04T16:14:50.608+0000] {processor.py:758} INFO - Processing file /home/airflow/.local/lib/python3.7/site-packages/airflow/example_dags/example_short_circuit_operator.py for tasks to queue
[2024-05-04T16:14:50.608+0000] {logging_mixin.py:117} INFO - [2024-05-04T16:14:50.608+0000] {dagbag.py:525} INFO - Filling up the DagBag from /home/airflow/.local/lib/python3.7/site-packages/airflow/example_dags/example_short_circuit_operator.py
[2024-05-04T16:14:50.624+0000] {processor.py:768} INFO - DAG(s) dict_keys(['example_short_circuit_operator']) retrieved from /home/airflow/.local/lib/python3.7/site-packages/airflow/example_dags/example_short_circuit_operator.py
[2024-05-04T16:14:50.659+0000] {logging_mixin.py:117} INFO - [2024-05-04T16:14:50.659+0000] {dag.py:2573} INFO - Sync 1 DAGs
[2024-05-04T16:14:50.680+0000] {logging_mixin.py:117} INFO - [2024-05-04T16:14:50.679+0000] {dag.py:3328} INFO - Setting next_dagrun for example_short_circuit_operator to 2024-05-03T16:14:50.679691+00:00, run_after=2024-05-04T16:14:50.679691+00:00
[2024-05-04T16:14:50.702+0000] {processor.py:178} INFO - Processing /home/airflow/.local/lib/python3.7/site-packages/airflow/example_dags/example_short_circuit_operator.py took 0.098 seconds
[2024-05-04T16:15:21.359+0000] {processor.py:156} INFO - Started process (PID=7475) to work on /home/airflow/.local/lib/python3.7/site-packages/airflow/example_dags/example_short_circuit_operator.py
[2024-05-04T16:15:21.360+0000] {processor.py:758} INFO - Processing file /home/airflow/.local/lib/python3.7/site-packages/airflow/example_dags/example_short_circuit_operator.py for tasks to queue
[2024-05-04T16:15:21.360+0000] {logging_mixin.py:117} INFO - [2024-05-04T16:15:21.360+0000] {dagbag.py:525} INFO - Filling up the DagBag from /home/airflow/.local/lib/python3.7/site-packages/airflow/example_dags/example_short_circuit_operator.py
[2024-05-04T16:15:21.374+0000] {processor.py:768} INFO - DAG(s) dict_keys(['example_short_circuit_operator']) retrieved from /home/airflow/.local/lib/python3.7/site-packages/airflow/example_dags/example_short_circuit_operator.py
[2024-05-04T16:15:21.408+0000] {logging_mixin.py:117} INFO - [2024-05-04T16:15:21.408+0000] {dag.py:2573} INFO - Sync 1 DAGs
[2024-05-04T16:15:21.436+0000] {logging_mixin.py:117} INFO - [2024-05-04T16:15:21.436+0000] {dag.py:3328} INFO - Setting next_dagrun for example_short_circuit_operator to 2024-05-03T16:15:21.436480+00:00, run_after=2024-05-04T16:15:21.436480+00:00
[2024-05-04T16:15:21.460+0000] {processor.py:178} INFO - Processing /home/airflow/.local/lib/python3.7/site-packages/airflow/example_dags/example_short_circuit_operator.py took 0.103 seconds
[2024-05-04T16:15:51.538+0000] {processor.py:156} INFO - Started process (PID=7696) to work on /home/airflow/.local/lib/python3.7/site-packages/airflow/example_dags/example_short_circuit_operator.py
[2024-05-04T16:15:51.538+0000] {processor.py:758} INFO - Processing file /home/airflow/.local/lib/python3.7/site-packages/airflow/example_dags/example_short_circuit_operator.py for tasks to queue
[2024-05-04T16:15:51.539+0000] {logging_mixin.py:117} INFO - [2024-05-04T16:15:51.539+0000] {dagbag.py:525} INFO - Filling up the DagBag from /home/airflow/.local/lib/python3.7/site-packages/airflow/example_dags/example_short_circuit_operator.py
[2024-05-04T16:15:51.559+0000] {processor.py:768} INFO - DAG(s) dict_keys(['example_short_circuit_operator']) retrieved from /home/airflow/.local/lib/python3.7/site-packages/airflow/example_dags/example_short_circuit_operator.py
[2024-05-04T16:15:51.602+0000] {logging_mixin.py:117} INFO - [2024-05-04T16:15:51.601+0000] {dag.py:2573} INFO - Sync 1 DAGs
[2024-05-04T16:15:51.623+0000] {logging_mixin.py:117} INFO - [2024-05-04T16:15:51.623+0000] {dag.py:3328} INFO - Setting next_dagrun for example_short_circuit_operator to 2024-05-03T16:15:51.622866+00:00, run_after=2024-05-04T16:15:51.622866+00:00
[2024-05-04T16:15:51.645+0000] {processor.py:178} INFO - Processing /home/airflow/.local/lib/python3.7/site-packages/airflow/example_dags/example_short_circuit_operator.py took 0.109 seconds
[2024-05-04T16:16:21.719+0000] {processor.py:156} INFO - Started process (PID=7909) to work on /home/airflow/.local/lib/python3.7/site-packages/airflow/example_dags/example_short_circuit_operator.py
[2024-05-04T16:16:21.720+0000] {processor.py:758} INFO - Processing file /home/airflow/.local/lib/python3.7/site-packages/airflow/example_dags/example_short_circuit_operator.py for tasks to queue
[2024-05-04T16:16:21.721+0000] {logging_mixin.py:117} INFO - [2024-05-04T16:16:21.721+0000] {dagbag.py:525} INFO - Filling up the DagBag from /home/airflow/.local/lib/python3.7/site-packages/airflow/example_dags/example_short_circuit_operator.py
[2024-05-04T16:16:21.737+0000] {processor.py:768} INFO - DAG(s) dict_keys(['example_short_circuit_operator']) retrieved from /home/airflow/.local/lib/python3.7/site-packages/airflow/example_dags/example_short_circuit_operator.py
[2024-05-04T16:16:21.776+0000] {logging_mixin.py:117} INFO - [2024-05-04T16:16:21.776+0000] {dag.py:2573} INFO - Sync 1 DAGs
[2024-05-04T16:16:21.803+0000] {logging_mixin.py:117} INFO - [2024-05-04T16:16:21.803+0000] {dag.py:3328} INFO - Setting next_dagrun for example_short_circuit_operator to 2024-05-03T16:16:21.803386+00:00, run_after=2024-05-04T16:16:21.803386+00:00
[2024-05-04T16:16:21.825+0000] {processor.py:178} INFO - Processing /home/airflow/.local/lib/python3.7/site-packages/airflow/example_dags/example_short_circuit_operator.py took 0.109 seconds
[2024-05-04T16:16:52.044+0000] {processor.py:156} INFO - Started process (PID=8113) to work on /home/airflow/.local/lib/python3.7/site-packages/airflow/example_dags/example_short_circuit_operator.py
[2024-05-04T16:16:52.045+0000] {processor.py:758} INFO - Processing file /home/airflow/.local/lib/python3.7/site-packages/airflow/example_dags/example_short_circuit_operator.py for tasks to queue
[2024-05-04T16:16:52.045+0000] {logging_mixin.py:117} INFO - [2024-05-04T16:16:52.045+0000] {dagbag.py:525} INFO - Filling up the DagBag from /home/airflow/.local/lib/python3.7/site-packages/airflow/example_dags/example_short_circuit_operator.py
[2024-05-04T16:16:52.060+0000] {processor.py:768} INFO - DAG(s) dict_keys(['example_short_circuit_operator']) retrieved from /home/airflow/.local/lib/python3.7/site-packages/airflow/example_dags/example_short_circuit_operator.py
[2024-05-04T16:16:52.095+0000] {logging_mixin.py:117} INFO - [2024-05-04T16:16:52.095+0000] {dag.py:2573} INFO - Sync 1 DAGs
[2024-05-04T16:16:52.115+0000] {logging_mixin.py:117} INFO - [2024-05-04T16:16:52.114+0000] {dag.py:3328} INFO - Setting next_dagrun for example_short_circuit_operator to 2024-05-03T16:16:52.114811+00:00, run_after=2024-05-04T16:16:52.114811+00:00
[2024-05-04T16:16:52.137+0000] {processor.py:178} INFO - Processing /home/airflow/.local/lib/python3.7/site-packages/airflow/example_dags/example_short_circuit_operator.py took 0.095 seconds
[2024-05-04T16:17:22.226+0000] {processor.py:156} INFO - Started process (PID=8329) to work on /home/airflow/.local/lib/python3.7/site-packages/airflow/example_dags/example_short_circuit_operator.py
[2024-05-04T16:17:22.226+0000] {processor.py:758} INFO - Processing file /home/airflow/.local/lib/python3.7/site-packages/airflow/example_dags/example_short_circuit_operator.py for tasks to queue
[2024-05-04T16:17:22.227+0000] {logging_mixin.py:117} INFO - [2024-05-04T16:17:22.227+0000] {dagbag.py:525} INFO - Filling up the DagBag from /home/airflow/.local/lib/python3.7/site-packages/airflow/example_dags/example_short_circuit_operator.py
[2024-05-04T16:17:22.242+0000] {processor.py:768} INFO - DAG(s) dict_keys(['example_short_circuit_operator']) retrieved from /home/airflow/.local/lib/python3.7/site-packages/airflow/example_dags/example_short_circuit_operator.py
[2024-05-04T16:17:22.284+0000] {logging_mixin.py:117} INFO - [2024-05-04T16:17:22.284+0000] {dag.py:2573} INFO - Sync 1 DAGs
[2024-05-04T16:17:22.307+0000] {logging_mixin.py:117} INFO - [2024-05-04T16:17:22.307+0000] {dag.py:3328} INFO - Setting next_dagrun for example_short_circuit_operator to 2024-05-03T16:17:22.307309+00:00, run_after=2024-05-04T16:17:22.307309+00:00
[2024-05-04T16:17:22.327+0000] {processor.py:178} INFO - Processing /home/airflow/.local/lib/python3.7/site-packages/airflow/example_dags/example_short_circuit_operator.py took 0.103 seconds
[2024-05-04T16:17:52.404+0000] {processor.py:156} INFO - Started process (PID=8543) to work on /home/airflow/.local/lib/python3.7/site-packages/airflow/example_dags/example_short_circuit_operator.py
[2024-05-04T16:17:52.405+0000] {processor.py:758} INFO - Processing file /home/airflow/.local/lib/python3.7/site-packages/airflow/example_dags/example_short_circuit_operator.py for tasks to queue
[2024-05-04T16:17:52.405+0000] {logging_mixin.py:117} INFO - [2024-05-04T16:17:52.405+0000] {dagbag.py:525} INFO - Filling up the DagBag from /home/airflow/.local/lib/python3.7/site-packages/airflow/example_dags/example_short_circuit_operator.py
[2024-05-04T16:17:52.420+0000] {processor.py:768} INFO - DAG(s) dict_keys(['example_short_circuit_operator']) retrieved from /home/airflow/.local/lib/python3.7/site-packages/airflow/example_dags/example_short_circuit_operator.py
[2024-05-04T16:17:52.455+0000] {logging_mixin.py:117} INFO - [2024-05-04T16:17:52.455+0000] {dag.py:2573} INFO - Sync 1 DAGs
[2024-05-04T16:17:52.478+0000] {logging_mixin.py:117} INFO - [2024-05-04T16:17:52.478+0000] {dag.py:3328} INFO - Setting next_dagrun for example_short_circuit_operator to 2024-05-03T16:17:52.478592+00:00, run_after=2024-05-04T16:17:52.478592+00:00
[2024-05-04T16:17:52.506+0000] {processor.py:178} INFO - Processing /home/airflow/.local/lib/python3.7/site-packages/airflow/example_dags/example_short_circuit_operator.py took 0.105 seconds
[2024-05-04T16:18:22.735+0000] {processor.py:156} INFO - Started process (PID=8747) to work on /home/airflow/.local/lib/python3.7/site-packages/airflow/example_dags/example_short_circuit_operator.py
[2024-05-04T16:18:22.736+0000] {processor.py:758} INFO - Processing file /home/airflow/.local/lib/python3.7/site-packages/airflow/example_dags/example_short_circuit_operator.py for tasks to queue
[2024-05-04T16:18:22.736+0000] {logging_mixin.py:117} INFO - [2024-05-04T16:18:22.736+0000] {dagbag.py:525} INFO - Filling up the DagBag from /home/airflow/.local/lib/python3.7/site-packages/airflow/example_dags/example_short_circuit_operator.py
[2024-05-04T16:18:22.751+0000] {processor.py:768} INFO - DAG(s) dict_keys(['example_short_circuit_operator']) retrieved from /home/airflow/.local/lib/python3.7/site-packages/airflow/example_dags/example_short_circuit_operator.py
[2024-05-04T16:18:22.792+0000] {logging_mixin.py:117} INFO - [2024-05-04T16:18:22.792+0000] {dag.py:2573} INFO - Sync 1 DAGs
[2024-05-04T16:18:22.816+0000] {logging_mixin.py:117} INFO - [2024-05-04T16:18:22.816+0000] {dag.py:3328} INFO - Setting next_dagrun for example_short_circuit_operator to 2024-05-03T16:18:22.816470+00:00, run_after=2024-05-04T16:18:22.816470+00:00
[2024-05-04T16:18:22.842+0000] {processor.py:178} INFO - Processing /home/airflow/.local/lib/python3.7/site-packages/airflow/example_dags/example_short_circuit_operator.py took 0.110 seconds
[2024-05-04T16:18:52.955+0000] {processor.py:156} INFO - Started process (PID=8963) to work on /home/airflow/.local/lib/python3.7/site-packages/airflow/example_dags/example_short_circuit_operator.py
[2024-05-04T16:18:52.956+0000] {processor.py:758} INFO - Processing file /home/airflow/.local/lib/python3.7/site-packages/airflow/example_dags/example_short_circuit_operator.py for tasks to queue
[2024-05-04T16:18:52.956+0000] {logging_mixin.py:117} INFO - [2024-05-04T16:18:52.956+0000] {dagbag.py:525} INFO - Filling up the DagBag from /home/airflow/.local/lib/python3.7/site-packages/airflow/example_dags/example_short_circuit_operator.py
[2024-05-04T16:18:52.971+0000] {processor.py:768} INFO - DAG(s) dict_keys(['example_short_circuit_operator']) retrieved from /home/airflow/.local/lib/python3.7/site-packages/airflow/example_dags/example_short_circuit_operator.py
[2024-05-04T16:18:53.004+0000] {logging_mixin.py:117} INFO - [2024-05-04T16:18:53.004+0000] {dag.py:2573} INFO - Sync 1 DAGs
[2024-05-04T16:18:53.025+0000] {logging_mixin.py:117} INFO - [2024-05-04T16:18:53.025+0000] {dag.py:3328} INFO - Setting next_dagrun for example_short_circuit_operator to 2024-05-03T16:18:53.024929+00:00, run_after=2024-05-04T16:18:53.024929+00:00
[2024-05-04T16:18:53.049+0000] {processor.py:178} INFO - Processing /home/airflow/.local/lib/python3.7/site-packages/airflow/example_dags/example_short_circuit_operator.py took 0.097 seconds
[2024-05-04T16:19:23.154+0000] {processor.py:156} INFO - Started process (PID=9176) to work on /home/airflow/.local/lib/python3.7/site-packages/airflow/example_dags/example_short_circuit_operator.py
[2024-05-04T16:19:23.154+0000] {processor.py:758} INFO - Processing file /home/airflow/.local/lib/python3.7/site-packages/airflow/example_dags/example_short_circuit_operator.py for tasks to queue
[2024-05-04T16:19:23.155+0000] {logging_mixin.py:117} INFO - [2024-05-04T16:19:23.155+0000] {dagbag.py:525} INFO - Filling up the DagBag from /home/airflow/.local/lib/python3.7/site-packages/airflow/example_dags/example_short_circuit_operator.py
[2024-05-04T16:19:23.169+0000] {processor.py:768} INFO - DAG(s) dict_keys(['example_short_circuit_operator']) retrieved from /home/airflow/.local/lib/python3.7/site-packages/airflow/example_dags/example_short_circuit_operator.py
[2024-05-04T16:19:23.204+0000] {logging_mixin.py:117} INFO - [2024-05-04T16:19:23.204+0000] {dag.py:2573} INFO - Sync 1 DAGs
[2024-05-04T16:19:23.226+0000] {logging_mixin.py:117} INFO - [2024-05-04T16:19:23.226+0000] {dag.py:3328} INFO - Setting next_dagrun for example_short_circuit_operator to 2024-05-03T16:19:23.226486+00:00, run_after=2024-05-04T16:19:23.226486+00:00
[2024-05-04T16:19:23.248+0000] {processor.py:178} INFO - Processing /home/airflow/.local/lib/python3.7/site-packages/airflow/example_dags/example_short_circuit_operator.py took 0.097 seconds
[2024-05-04T16:19:53.712+0000] {processor.py:156} INFO - Started process (PID=9380) to work on /home/airflow/.local/lib/python3.7/site-packages/airflow/example_dags/example_short_circuit_operator.py
[2024-05-04T16:19:53.713+0000] {processor.py:758} INFO - Processing file /home/airflow/.local/lib/python3.7/site-packages/airflow/example_dags/example_short_circuit_operator.py for tasks to queue
[2024-05-04T16:19:53.713+0000] {logging_mixin.py:117} INFO - [2024-05-04T16:19:53.713+0000] {dagbag.py:525} INFO - Filling up the DagBag from /home/airflow/.local/lib/python3.7/site-packages/airflow/example_dags/example_short_circuit_operator.py
[2024-05-04T16:19:53.728+0000] {processor.py:768} INFO - DAG(s) dict_keys(['example_short_circuit_operator']) retrieved from /home/airflow/.local/lib/python3.7/site-packages/airflow/example_dags/example_short_circuit_operator.py
[2024-05-04T16:19:53.764+0000] {logging_mixin.py:117} INFO - [2024-05-04T16:19:53.763+0000] {dag.py:2573} INFO - Sync 1 DAGs
[2024-05-04T16:19:53.784+0000] {logging_mixin.py:117} INFO - [2024-05-04T16:19:53.784+0000] {dag.py:3328} INFO - Setting next_dagrun for example_short_circuit_operator to 2024-05-03T16:19:53.784004+00:00, run_after=2024-05-04T16:19:53.784004+00:00
[2024-05-04T16:19:53.803+0000] {processor.py:178} INFO - Processing /home/airflow/.local/lib/python3.7/site-packages/airflow/example_dags/example_short_circuit_operator.py took 0.094 seconds
[2024-05-04T16:20:23.864+0000] {processor.py:156} INFO - Started process (PID=9594) to work on /home/airflow/.local/lib/python3.7/site-packages/airflow/example_dags/example_short_circuit_operator.py
[2024-05-04T16:20:23.865+0000] {processor.py:758} INFO - Processing file /home/airflow/.local/lib/python3.7/site-packages/airflow/example_dags/example_short_circuit_operator.py for tasks to queue
[2024-05-04T16:20:23.866+0000] {logging_mixin.py:117} INFO - [2024-05-04T16:20:23.866+0000] {dagbag.py:525} INFO - Filling up the DagBag from /home/airflow/.local/lib/python3.7/site-packages/airflow/example_dags/example_short_circuit_operator.py
[2024-05-04T16:20:23.887+0000] {processor.py:768} INFO - DAG(s) dict_keys(['example_short_circuit_operator']) retrieved from /home/airflow/.local/lib/python3.7/site-packages/airflow/example_dags/example_short_circuit_operator.py
[2024-05-04T16:20:23.932+0000] {logging_mixin.py:117} INFO - [2024-05-04T16:20:23.932+0000] {dag.py:2573} INFO - Sync 1 DAGs
[2024-05-04T16:20:23.959+0000] {logging_mixin.py:117} INFO - [2024-05-04T16:20:23.959+0000] {dag.py:3328} INFO - Setting next_dagrun for example_short_circuit_operator to 2024-05-03T16:20:23.958903+00:00, run_after=2024-05-04T16:20:23.958903+00:00
[2024-05-04T16:20:23.982+0000] {processor.py:178} INFO - Processing /home/airflow/.local/lib/python3.7/site-packages/airflow/example_dags/example_short_circuit_operator.py took 0.121 seconds
[2024-05-04T16:20:54.305+0000] {processor.py:156} INFO - Started process (PID=9814) to work on /home/airflow/.local/lib/python3.7/site-packages/airflow/example_dags/example_short_circuit_operator.py
[2024-05-04T16:20:54.305+0000] {processor.py:758} INFO - Processing file /home/airflow/.local/lib/python3.7/site-packages/airflow/example_dags/example_short_circuit_operator.py for tasks to queue
[2024-05-04T16:20:54.306+0000] {logging_mixin.py:117} INFO - [2024-05-04T16:20:54.306+0000] {dagbag.py:525} INFO - Filling up the DagBag from /home/airflow/.local/lib/python3.7/site-packages/airflow/example_dags/example_short_circuit_operator.py
[2024-05-04T16:20:54.321+0000] {processor.py:768} INFO - DAG(s) dict_keys(['example_short_circuit_operator']) retrieved from /home/airflow/.local/lib/python3.7/site-packages/airflow/example_dags/example_short_circuit_operator.py
[2024-05-04T16:20:54.359+0000] {logging_mixin.py:117} INFO - [2024-05-04T16:20:54.359+0000] {dag.py:2573} INFO - Sync 1 DAGs
[2024-05-04T16:20:54.381+0000] {logging_mixin.py:117} INFO - [2024-05-04T16:20:54.381+0000] {dag.py:3328} INFO - Setting next_dagrun for example_short_circuit_operator to 2024-05-03T16:20:54.381089+00:00, run_after=2024-05-04T16:20:54.381089+00:00
[2024-05-04T16:20:54.409+0000] {processor.py:178} INFO - Processing /home/airflow/.local/lib/python3.7/site-packages/airflow/example_dags/example_short_circuit_operator.py took 0.108 seconds
[2024-05-04T16:21:24.640+0000] {processor.py:156} INFO - Started process (PID=10020) to work on /home/airflow/.local/lib/python3.7/site-packages/airflow/example_dags/example_short_circuit_operator.py
[2024-05-04T16:21:24.641+0000] {processor.py:758} INFO - Processing file /home/airflow/.local/lib/python3.7/site-packages/airflow/example_dags/example_short_circuit_operator.py for tasks to queue
[2024-05-04T16:21:24.641+0000] {logging_mixin.py:117} INFO - [2024-05-04T16:21:24.641+0000] {dagbag.py:525} INFO - Filling up the DagBag from /home/airflow/.local/lib/python3.7/site-packages/airflow/example_dags/example_short_circuit_operator.py
[2024-05-04T16:21:24.656+0000] {processor.py:768} INFO - DAG(s) dict_keys(['example_short_circuit_operator']) retrieved from /home/airflow/.local/lib/python3.7/site-packages/airflow/example_dags/example_short_circuit_operator.py
[2024-05-04T16:21:24.695+0000] {logging_mixin.py:117} INFO - [2024-05-04T16:21:24.695+0000] {dag.py:2573} INFO - Sync 1 DAGs
[2024-05-04T16:21:24.717+0000] {logging_mixin.py:117} INFO - [2024-05-04T16:21:24.717+0000] {dag.py:3328} INFO - Setting next_dagrun for example_short_circuit_operator to 2024-05-03T16:21:24.717549+00:00, run_after=2024-05-04T16:21:24.717549+00:00
[2024-05-04T16:21:24.742+0000] {processor.py:178} INFO - Processing /home/airflow/.local/lib/python3.7/site-packages/airflow/example_dags/example_short_circuit_operator.py took 0.104 seconds
[2024-05-04T16:21:54.773+0000] {processor.py:156} INFO - Started process (PID=10233) to work on /home/airflow/.local/lib/python3.7/site-packages/airflow/example_dags/example_short_circuit_operator.py
[2024-05-04T16:21:54.774+0000] {processor.py:758} INFO - Processing file /home/airflow/.local/lib/python3.7/site-packages/airflow/example_dags/example_short_circuit_operator.py for tasks to queue
[2024-05-04T16:21:54.774+0000] {logging_mixin.py:117} INFO - [2024-05-04T16:21:54.774+0000] {dagbag.py:525} INFO - Filling up the DagBag from /home/airflow/.local/lib/python3.7/site-packages/airflow/example_dags/example_short_circuit_operator.py
[2024-05-04T16:21:54.788+0000] {processor.py:768} INFO - DAG(s) dict_keys(['example_short_circuit_operator']) retrieved from /home/airflow/.local/lib/python3.7/site-packages/airflow/example_dags/example_short_circuit_operator.py
[2024-05-04T16:21:54.823+0000] {logging_mixin.py:117} INFO - [2024-05-04T16:21:54.823+0000] {dag.py:2573} INFO - Sync 1 DAGs
[2024-05-04T16:21:54.844+0000] {logging_mixin.py:117} INFO - [2024-05-04T16:21:54.844+0000] {dag.py:3328} INFO - Setting next_dagrun for example_short_circuit_operator to 2024-05-03T16:21:54.843910+00:00, run_after=2024-05-04T16:21:54.843910+00:00
[2024-05-04T16:21:54.864+0000] {processor.py:178} INFO - Processing /home/airflow/.local/lib/python3.7/site-packages/airflow/example_dags/example_short_circuit_operator.py took 0.093 seconds
[2024-05-04T16:22:25.577+0000] {processor.py:156} INFO - Started process (PID=10447) to work on /home/airflow/.local/lib/python3.7/site-packages/airflow/example_dags/example_short_circuit_operator.py
[2024-05-04T16:22:25.578+0000] {processor.py:758} INFO - Processing file /home/airflow/.local/lib/python3.7/site-packages/airflow/example_dags/example_short_circuit_operator.py for tasks to queue
[2024-05-04T16:22:25.578+0000] {logging_mixin.py:117} INFO - [2024-05-04T16:22:25.578+0000] {dagbag.py:525} INFO - Filling up the DagBag from /home/airflow/.local/lib/python3.7/site-packages/airflow/example_dags/example_short_circuit_operator.py
[2024-05-04T16:22:25.593+0000] {processor.py:768} INFO - DAG(s) dict_keys(['example_short_circuit_operator']) retrieved from /home/airflow/.local/lib/python3.7/site-packages/airflow/example_dags/example_short_circuit_operator.py
[2024-05-04T16:22:25.635+0000] {logging_mixin.py:117} INFO - [2024-05-04T16:22:25.635+0000] {dag.py:2573} INFO - Sync 1 DAGs
[2024-05-04T16:22:25.655+0000] {logging_mixin.py:117} INFO - [2024-05-04T16:22:25.655+0000] {dag.py:3328} INFO - Setting next_dagrun for example_short_circuit_operator to 2024-05-03T16:22:25.655707+00:00, run_after=2024-05-04T16:22:25.655707+00:00
[2024-05-04T16:22:25.676+0000] {processor.py:178} INFO - Processing /home/airflow/.local/lib/python3.7/site-packages/airflow/example_dags/example_short_circuit_operator.py took 0.102 seconds
[2024-05-04T16:22:56.350+0000] {processor.py:156} INFO - Started process (PID=10660) to work on /home/airflow/.local/lib/python3.7/site-packages/airflow/example_dags/example_short_circuit_operator.py
[2024-05-04T16:22:56.351+0000] {processor.py:758} INFO - Processing file /home/airflow/.local/lib/python3.7/site-packages/airflow/example_dags/example_short_circuit_operator.py for tasks to queue
[2024-05-04T16:22:56.352+0000] {logging_mixin.py:117} INFO - [2024-05-04T16:22:56.352+0000] {dagbag.py:525} INFO - Filling up the DagBag from /home/airflow/.local/lib/python3.7/site-packages/airflow/example_dags/example_short_circuit_operator.py
[2024-05-04T16:22:56.369+0000] {processor.py:768} INFO - DAG(s) dict_keys(['example_short_circuit_operator']) retrieved from /home/airflow/.local/lib/python3.7/site-packages/airflow/example_dags/example_short_circuit_operator.py
[2024-05-04T16:22:56.405+0000] {logging_mixin.py:117} INFO - [2024-05-04T16:22:56.405+0000] {dag.py:2573} INFO - Sync 1 DAGs
[2024-05-04T16:22:56.425+0000] {logging_mixin.py:117} INFO - [2024-05-04T16:22:56.425+0000] {dag.py:3328} INFO - Setting next_dagrun for example_short_circuit_operator to 2024-05-03T16:22:56.425562+00:00, run_after=2024-05-04T16:22:56.425562+00:00
[2024-05-04T16:22:56.447+0000] {processor.py:178} INFO - Processing /home/airflow/.local/lib/python3.7/site-packages/airflow/example_dags/example_short_circuit_operator.py took 0.101 seconds
[2024-05-04T16:23:27.282+0000] {processor.py:156} INFO - Started process (PID=10864) to work on /home/airflow/.local/lib/python3.7/site-packages/airflow/example_dags/example_short_circuit_operator.py
[2024-05-04T16:23:27.283+0000] {processor.py:758} INFO - Processing file /home/airflow/.local/lib/python3.7/site-packages/airflow/example_dags/example_short_circuit_operator.py for tasks to queue
[2024-05-04T16:23:27.284+0000] {logging_mixin.py:117} INFO - [2024-05-04T16:23:27.284+0000] {dagbag.py:525} INFO - Filling up the DagBag from /home/airflow/.local/lib/python3.7/site-packages/airflow/example_dags/example_short_circuit_operator.py
[2024-05-04T16:23:27.300+0000] {processor.py:768} INFO - DAG(s) dict_keys(['example_short_circuit_operator']) retrieved from /home/airflow/.local/lib/python3.7/site-packages/airflow/example_dags/example_short_circuit_operator.py
[2024-05-04T16:23:27.339+0000] {logging_mixin.py:117} INFO - [2024-05-04T16:23:27.339+0000] {dag.py:2573} INFO - Sync 1 DAGs
[2024-05-04T16:23:27.363+0000] {logging_mixin.py:117} INFO - [2024-05-04T16:23:27.363+0000] {dag.py:3328} INFO - Setting next_dagrun for example_short_circuit_operator to 2024-05-03T16:23:27.363050+00:00, run_after=2024-05-04T16:23:27.363050+00:00
[2024-05-04T16:23:27.384+0000] {processor.py:178} INFO - Processing /home/airflow/.local/lib/python3.7/site-packages/airflow/example_dags/example_short_circuit_operator.py took 0.106 seconds
[2024-05-04T16:23:58.278+0000] {processor.py:156} INFO - Started process (PID=11079) to work on /home/airflow/.local/lib/python3.7/site-packages/airflow/example_dags/example_short_circuit_operator.py
[2024-05-04T16:23:58.278+0000] {processor.py:758} INFO - Processing file /home/airflow/.local/lib/python3.7/site-packages/airflow/example_dags/example_short_circuit_operator.py for tasks to queue
[2024-05-04T16:23:58.278+0000] {logging_mixin.py:117} INFO - [2024-05-04T16:23:58.278+0000] {dagbag.py:525} INFO - Filling up the DagBag from /home/airflow/.local/lib/python3.7/site-packages/airflow/example_dags/example_short_circuit_operator.py
[2024-05-04T16:23:58.293+0000] {processor.py:768} INFO - DAG(s) dict_keys(['example_short_circuit_operator']) retrieved from /home/airflow/.local/lib/python3.7/site-packages/airflow/example_dags/example_short_circuit_operator.py
[2024-05-04T16:23:58.327+0000] {logging_mixin.py:117} INFO - [2024-05-04T16:23:58.327+0000] {dag.py:2573} INFO - Sync 1 DAGs
[2024-05-04T16:23:58.348+0000] {logging_mixin.py:117} INFO - [2024-05-04T16:23:58.348+0000] {dag.py:3328} INFO - Setting next_dagrun for example_short_circuit_operator to 2024-05-03T16:23:58.347896+00:00, run_after=2024-05-04T16:23:58.347896+00:00
[2024-05-04T16:23:58.367+0000] {processor.py:178} INFO - Processing /home/airflow/.local/lib/python3.7/site-packages/airflow/example_dags/example_short_circuit_operator.py took 0.092 seconds
[2024-05-04T16:24:28.881+0000] {processor.py:156} INFO - Started process (PID=11290) to work on /home/airflow/.local/lib/python3.7/site-packages/airflow/example_dags/example_short_circuit_operator.py
[2024-05-04T16:24:28.882+0000] {processor.py:758} INFO - Processing file /home/airflow/.local/lib/python3.7/site-packages/airflow/example_dags/example_short_circuit_operator.py for tasks to queue
[2024-05-04T16:24:28.882+0000] {logging_mixin.py:117} INFO - [2024-05-04T16:24:28.882+0000] {dagbag.py:525} INFO - Filling up the DagBag from /home/airflow/.local/lib/python3.7/site-packages/airflow/example_dags/example_short_circuit_operator.py
[2024-05-04T16:24:28.903+0000] {processor.py:768} INFO - DAG(s) dict_keys(['example_short_circuit_operator']) retrieved from /home/airflow/.local/lib/python3.7/site-packages/airflow/example_dags/example_short_circuit_operator.py
[2024-05-04T16:24:28.952+0000] {logging_mixin.py:117} INFO - [2024-05-04T16:24:28.952+0000] {dag.py:2573} INFO - Sync 1 DAGs
[2024-05-04T16:24:28.979+0000] {logging_mixin.py:117} INFO - [2024-05-04T16:24:28.979+0000] {dag.py:3328} INFO - Setting next_dagrun for example_short_circuit_operator to 2024-05-03T16:24:28.978955+00:00, run_after=2024-05-04T16:24:28.978955+00:00
[2024-05-04T16:24:29.000+0000] {processor.py:178} INFO - Processing /home/airflow/.local/lib/python3.7/site-packages/airflow/example_dags/example_short_circuit_operator.py took 0.123 seconds
[2024-05-04T16:24:59.807+0000] {processor.py:156} INFO - Started process (PID=11504) to work on /home/airflow/.local/lib/python3.7/site-packages/airflow/example_dags/example_short_circuit_operator.py
[2024-05-04T16:24:59.807+0000] {processor.py:758} INFO - Processing file /home/airflow/.local/lib/python3.7/site-packages/airflow/example_dags/example_short_circuit_operator.py for tasks to queue
[2024-05-04T16:24:59.808+0000] {logging_mixin.py:117} INFO - [2024-05-04T16:24:59.808+0000] {dagbag.py:525} INFO - Filling up the DagBag from /home/airflow/.local/lib/python3.7/site-packages/airflow/example_dags/example_short_circuit_operator.py
[2024-05-04T16:24:59.829+0000] {processor.py:768} INFO - DAG(s) dict_keys(['example_short_circuit_operator']) retrieved from /home/airflow/.local/lib/python3.7/site-packages/airflow/example_dags/example_short_circuit_operator.py
[2024-05-04T16:24:59.872+0000] {logging_mixin.py:117} INFO - [2024-05-04T16:24:59.872+0000] {dag.py:2573} INFO - Sync 1 DAGs
[2024-05-04T16:24:59.899+0000] {logging_mixin.py:117} INFO - [2024-05-04T16:24:59.899+0000] {dag.py:3328} INFO - Setting next_dagrun for example_short_circuit_operator to 2024-05-03T16:24:59.899120+00:00, run_after=2024-05-04T16:24:59.899120+00:00
[2024-05-04T16:24:59.923+0000] {processor.py:178} INFO - Processing /home/airflow/.local/lib/python3.7/site-packages/airflow/example_dags/example_short_circuit_operator.py took 0.120 seconds
[2024-05-04T16:25:30.644+0000] {processor.py:156} INFO - Started process (PID=11715) to work on /home/airflow/.local/lib/python3.7/site-packages/airflow/example_dags/example_short_circuit_operator.py
[2024-05-04T16:25:30.645+0000] {processor.py:758} INFO - Processing file /home/airflow/.local/lib/python3.7/site-packages/airflow/example_dags/example_short_circuit_operator.py for tasks to queue
[2024-05-04T16:25:30.645+0000] {logging_mixin.py:117} INFO - [2024-05-04T16:25:30.645+0000] {dagbag.py:525} INFO - Filling up the DagBag from /home/airflow/.local/lib/python3.7/site-packages/airflow/example_dags/example_short_circuit_operator.py
[2024-05-04T16:25:30.665+0000] {processor.py:768} INFO - DAG(s) dict_keys(['example_short_circuit_operator']) retrieved from /home/airflow/.local/lib/python3.7/site-packages/airflow/example_dags/example_short_circuit_operator.py
[2024-05-04T16:25:30.707+0000] {logging_mixin.py:117} INFO - [2024-05-04T16:25:30.707+0000] {dag.py:2573} INFO - Sync 1 DAGs
[2024-05-04T16:25:30.740+0000] {logging_mixin.py:117} INFO - [2024-05-04T16:25:30.740+0000] {dag.py:3328} INFO - Setting next_dagrun for example_short_circuit_operator to 2024-05-03T16:25:30.740307+00:00, run_after=2024-05-04T16:25:30.740307+00:00
[2024-05-04T16:25:30.766+0000] {processor.py:178} INFO - Processing /home/airflow/.local/lib/python3.7/site-packages/airflow/example_dags/example_short_circuit_operator.py took 0.126 seconds
[2024-05-04T16:26:01.077+0000] {processor.py:156} INFO - Started process (PID=11930) to work on /home/airflow/.local/lib/python3.7/site-packages/airflow/example_dags/example_short_circuit_operator.py
[2024-05-04T16:26:01.078+0000] {processor.py:758} INFO - Processing file /home/airflow/.local/lib/python3.7/site-packages/airflow/example_dags/example_short_circuit_operator.py for tasks to queue
[2024-05-04T16:26:01.078+0000] {logging_mixin.py:117} INFO - [2024-05-04T16:26:01.078+0000] {dagbag.py:525} INFO - Filling up the DagBag from /home/airflow/.local/lib/python3.7/site-packages/airflow/example_dags/example_short_circuit_operator.py
[2024-05-04T16:26:01.093+0000] {processor.py:768} INFO - DAG(s) dict_keys(['example_short_circuit_operator']) retrieved from /home/airflow/.local/lib/python3.7/site-packages/airflow/example_dags/example_short_circuit_operator.py
[2024-05-04T16:26:01.127+0000] {logging_mixin.py:117} INFO - [2024-05-04T16:26:01.127+0000] {dag.py:2573} INFO - Sync 1 DAGs
[2024-05-04T16:26:01.147+0000] {logging_mixin.py:117} INFO - [2024-05-04T16:26:01.147+0000] {dag.py:3328} INFO - Setting next_dagrun for example_short_circuit_operator to 2024-05-03T16:26:01.147217+00:00, run_after=2024-05-04T16:26:01.147217+00:00
[2024-05-04T16:26:01.167+0000] {processor.py:178} INFO - Processing /home/airflow/.local/lib/python3.7/site-packages/airflow/example_dags/example_short_circuit_operator.py took 0.092 seconds
[2024-05-04T16:26:31.385+0000] {processor.py:156} INFO - Started process (PID=12143) to work on /home/airflow/.local/lib/python3.7/site-packages/airflow/example_dags/example_short_circuit_operator.py
[2024-05-04T16:26:31.386+0000] {processor.py:758} INFO - Processing file /home/airflow/.local/lib/python3.7/site-packages/airflow/example_dags/example_short_circuit_operator.py for tasks to queue
[2024-05-04T16:26:31.387+0000] {logging_mixin.py:117} INFO - [2024-05-04T16:26:31.386+0000] {dagbag.py:525} INFO - Filling up the DagBag from /home/airflow/.local/lib/python3.7/site-packages/airflow/example_dags/example_short_circuit_operator.py
[2024-05-04T16:26:31.402+0000] {processor.py:768} INFO - DAG(s) dict_keys(['example_short_circuit_operator']) retrieved from /home/airflow/.local/lib/python3.7/site-packages/airflow/example_dags/example_short_circuit_operator.py
[2024-05-04T16:26:31.439+0000] {logging_mixin.py:117} INFO - [2024-05-04T16:26:31.439+0000] {dag.py:2573} INFO - Sync 1 DAGs
[2024-05-04T16:26:31.470+0000] {logging_mixin.py:117} INFO - [2024-05-04T16:26:31.470+0000] {dag.py:3328} INFO - Setting next_dagrun for example_short_circuit_operator to 2024-05-03T16:26:31.470415+00:00, run_after=2024-05-04T16:26:31.470415+00:00
[2024-05-04T16:26:31.496+0000] {processor.py:178} INFO - Processing /home/airflow/.local/lib/python3.7/site-packages/airflow/example_dags/example_short_circuit_operator.py took 0.114 seconds
[2024-05-04T16:27:01.620+0000] {processor.py:156} INFO - Started process (PID=12356) to work on /home/airflow/.local/lib/python3.7/site-packages/airflow/example_dags/example_short_circuit_operator.py
[2024-05-04T16:27:01.620+0000] {processor.py:758} INFO - Processing file /home/airflow/.local/lib/python3.7/site-packages/airflow/example_dags/example_short_circuit_operator.py for tasks to queue
[2024-05-04T16:27:01.621+0000] {logging_mixin.py:117} INFO - [2024-05-04T16:27:01.621+0000] {dagbag.py:525} INFO - Filling up the DagBag from /home/airflow/.local/lib/python3.7/site-packages/airflow/example_dags/example_short_circuit_operator.py
[2024-05-04T16:27:01.635+0000] {processor.py:768} INFO - DAG(s) dict_keys(['example_short_circuit_operator']) retrieved from /home/airflow/.local/lib/python3.7/site-packages/airflow/example_dags/example_short_circuit_operator.py
[2024-05-04T16:27:01.668+0000] {logging_mixin.py:117} INFO - [2024-05-04T16:27:01.668+0000] {dag.py:2573} INFO - Sync 1 DAGs
[2024-05-04T16:27:01.688+0000] {logging_mixin.py:117} INFO - [2024-05-04T16:27:01.688+0000] {dag.py:3328} INFO - Setting next_dagrun for example_short_circuit_operator to 2024-05-03T16:27:01.688028+00:00, run_after=2024-05-04T16:27:01.688028+00:00
[2024-05-04T16:27:01.709+0000] {processor.py:178} INFO - Processing /home/airflow/.local/lib/python3.7/site-packages/airflow/example_dags/example_short_circuit_operator.py took 0.091 seconds
[2024-05-04T16:27:31.768+0000] {processor.py:156} INFO - Started process (PID=12560) to work on /home/airflow/.local/lib/python3.7/site-packages/airflow/example_dags/example_short_circuit_operator.py
[2024-05-04T16:27:31.768+0000] {processor.py:758} INFO - Processing file /home/airflow/.local/lib/python3.7/site-packages/airflow/example_dags/example_short_circuit_operator.py for tasks to queue
[2024-05-04T16:27:31.769+0000] {logging_mixin.py:117} INFO - [2024-05-04T16:27:31.768+0000] {dagbag.py:525} INFO - Filling up the DagBag from /home/airflow/.local/lib/python3.7/site-packages/airflow/example_dags/example_short_circuit_operator.py
[2024-05-04T16:27:31.783+0000] {processor.py:768} INFO - DAG(s) dict_keys(['example_short_circuit_operator']) retrieved from /home/airflow/.local/lib/python3.7/site-packages/airflow/example_dags/example_short_circuit_operator.py
[2024-05-04T16:27:31.816+0000] {logging_mixin.py:117} INFO - [2024-05-04T16:27:31.816+0000] {dag.py:2573} INFO - Sync 1 DAGs
[2024-05-04T16:27:31.837+0000] {logging_mixin.py:117} INFO - [2024-05-04T16:27:31.837+0000] {dag.py:3328} INFO - Setting next_dagrun for example_short_circuit_operator to 2024-05-03T16:27:31.836960+00:00, run_after=2024-05-04T16:27:31.836960+00:00
[2024-05-04T16:27:31.856+0000] {processor.py:178} INFO - Processing /home/airflow/.local/lib/python3.7/site-packages/airflow/example_dags/example_short_circuit_operator.py took 0.091 seconds
[2024-05-04T16:28:01.989+0000] {processor.py:156} INFO - Started process (PID=12771) to work on /home/airflow/.local/lib/python3.7/site-packages/airflow/example_dags/example_short_circuit_operator.py
[2024-05-04T16:28:01.989+0000] {processor.py:758} INFO - Processing file /home/airflow/.local/lib/python3.7/site-packages/airflow/example_dags/example_short_circuit_operator.py for tasks to queue
[2024-05-04T16:28:01.990+0000] {logging_mixin.py:117} INFO - [2024-05-04T16:28:01.990+0000] {dagbag.py:525} INFO - Filling up the DagBag from /home/airflow/.local/lib/python3.7/site-packages/airflow/example_dags/example_short_circuit_operator.py
[2024-05-04T16:28:02.004+0000] {processor.py:768} INFO - DAG(s) dict_keys(['example_short_circuit_operator']) retrieved from /home/airflow/.local/lib/python3.7/site-packages/airflow/example_dags/example_short_circuit_operator.py
[2024-05-04T16:28:02.044+0000] {logging_mixin.py:117} INFO - [2024-05-04T16:28:02.044+0000] {dag.py:2573} INFO - Sync 1 DAGs
[2024-05-04T16:28:02.066+0000] {logging_mixin.py:117} INFO - [2024-05-04T16:28:02.066+0000] {dag.py:3328} INFO - Setting next_dagrun for example_short_circuit_operator to 2024-05-03T16:28:02.065927+00:00, run_after=2024-05-04T16:28:02.065927+00:00
[2024-05-04T16:28:02.089+0000] {processor.py:178} INFO - Processing /home/airflow/.local/lib/python3.7/site-packages/airflow/example_dags/example_short_circuit_operator.py took 0.104 seconds
[2024-05-04T16:28:32.136+0000] {processor.py:156} INFO - Started process (PID=12984) to work on /home/airflow/.local/lib/python3.7/site-packages/airflow/example_dags/example_short_circuit_operator.py
[2024-05-04T16:28:32.137+0000] {processor.py:758} INFO - Processing file /home/airflow/.local/lib/python3.7/site-packages/airflow/example_dags/example_short_circuit_operator.py for tasks to queue
[2024-05-04T16:28:32.137+0000] {logging_mixin.py:117} INFO - [2024-05-04T16:28:32.137+0000] {dagbag.py:525} INFO - Filling up the DagBag from /home/airflow/.local/lib/python3.7/site-packages/airflow/example_dags/example_short_circuit_operator.py
[2024-05-04T16:28:32.151+0000] {processor.py:768} INFO - DAG(s) dict_keys(['example_short_circuit_operator']) retrieved from /home/airflow/.local/lib/python3.7/site-packages/airflow/example_dags/example_short_circuit_operator.py
[2024-05-04T16:28:32.192+0000] {logging_mixin.py:117} INFO - [2024-05-04T16:28:32.192+0000] {dag.py:2573} INFO - Sync 1 DAGs
[2024-05-04T16:28:32.214+0000] {logging_mixin.py:117} INFO - [2024-05-04T16:28:32.214+0000] {dag.py:3328} INFO - Setting next_dagrun for example_short_circuit_operator to 2024-05-03T16:28:32.214164+00:00, run_after=2024-05-04T16:28:32.214164+00:00
[2024-05-04T16:28:32.234+0000] {processor.py:178} INFO - Processing /home/airflow/.local/lib/python3.7/site-packages/airflow/example_dags/example_short_circuit_operator.py took 0.102 seconds
[2024-05-04T16:29:03.205+0000] {processor.py:156} INFO - Started process (PID=13198) to work on /home/airflow/.local/lib/python3.7/site-packages/airflow/example_dags/example_short_circuit_operator.py
[2024-05-04T16:29:03.206+0000] {processor.py:758} INFO - Processing file /home/airflow/.local/lib/python3.7/site-packages/airflow/example_dags/example_short_circuit_operator.py for tasks to queue
[2024-05-04T16:29:03.206+0000] {logging_mixin.py:117} INFO - [2024-05-04T16:29:03.206+0000] {dagbag.py:525} INFO - Filling up the DagBag from /home/airflow/.local/lib/python3.7/site-packages/airflow/example_dags/example_short_circuit_operator.py
[2024-05-04T16:29:03.227+0000] {processor.py:768} INFO - DAG(s) dict_keys(['example_short_circuit_operator']) retrieved from /home/airflow/.local/lib/python3.7/site-packages/airflow/example_dags/example_short_circuit_operator.py
[2024-05-04T16:29:03.267+0000] {logging_mixin.py:117} INFO - [2024-05-04T16:29:03.266+0000] {dag.py:2573} INFO - Sync 1 DAGs
[2024-05-04T16:29:03.293+0000] {logging_mixin.py:117} INFO - [2024-05-04T16:29:03.293+0000] {dag.py:3328} INFO - Setting next_dagrun for example_short_circuit_operator to 2024-05-03T16:29:03.293504+00:00, run_after=2024-05-04T16:29:03.293504+00:00
[2024-05-04T16:29:03.333+0000] {processor.py:178} INFO - Processing /home/airflow/.local/lib/python3.7/site-packages/airflow/example_dags/example_short_circuit_operator.py took 0.132 seconds
[2024-05-04T16:29:33.876+0000] {processor.py:156} INFO - Started process (PID=13402) to work on /home/airflow/.local/lib/python3.7/site-packages/airflow/example_dags/example_short_circuit_operator.py
[2024-05-04T16:29:33.877+0000] {processor.py:758} INFO - Processing file /home/airflow/.local/lib/python3.7/site-packages/airflow/example_dags/example_short_circuit_operator.py for tasks to queue
[2024-05-04T16:29:33.877+0000] {logging_mixin.py:117} INFO - [2024-05-04T16:29:33.877+0000] {dagbag.py:525} INFO - Filling up the DagBag from /home/airflow/.local/lib/python3.7/site-packages/airflow/example_dags/example_short_circuit_operator.py
[2024-05-04T16:29:33.894+0000] {processor.py:768} INFO - DAG(s) dict_keys(['example_short_circuit_operator']) retrieved from /home/airflow/.local/lib/python3.7/site-packages/airflow/example_dags/example_short_circuit_operator.py
[2024-05-04T16:29:33.940+0000] {logging_mixin.py:117} INFO - [2024-05-04T16:29:33.939+0000] {dag.py:2573} INFO - Sync 1 DAGs
[2024-05-04T16:29:33.968+0000] {logging_mixin.py:117} INFO - [2024-05-04T16:29:33.968+0000] {dag.py:3328} INFO - Setting next_dagrun for example_short_circuit_operator to 2024-05-03T16:29:33.968282+00:00, run_after=2024-05-04T16:29:33.968282+00:00
[2024-05-04T16:29:33.989+0000] {processor.py:178} INFO - Processing /home/airflow/.local/lib/python3.7/site-packages/airflow/example_dags/example_short_circuit_operator.py took 0.116 seconds
