[2024-05-04T15:58:07.196+0000] {processor.py:156} INFO - Started process (PID=322) to work on /home/airflow/.local/lib/python3.7/site-packages/airflow/example_dags/example_kubernetes_executor.py
[2024-05-04T15:58:07.197+0000] {processor.py:758} INFO - Processing file /home/airflow/.local/lib/python3.7/site-packages/airflow/example_dags/example_kubernetes_executor.py for tasks to queue
[2024-05-04T15:58:07.197+0000] {logging_mixin.py:117} INFO - [2024-05-04T15:58:07.197+0000] {dagbag.py:525} INFO - Filling up the DagBag from /home/airflow/.local/lib/python3.7/site-packages/airflow/example_dags/example_kubernetes_executor.py
[2024-05-04T15:58:07.264+0000] {processor.py:768} INFO - DAG(s) dict_keys(['example_kubernetes_executor']) retrieved from /home/airflow/.local/lib/python3.7/site-packages/airflow/example_dags/example_kubernetes_executor.py
[2024-05-04T15:58:07.799+0000] {logging_mixin.py:117} INFO - [2024-05-04T15:58:07.799+0000] {manager.py:507} INFO - Created Permission View: can read on DAG:example_kubernetes_executor
[2024-05-04T15:58:07.823+0000] {logging_mixin.py:117} INFO - [2024-05-04T15:58:07.823+0000] {manager.py:507} INFO - Created Permission View: can edit on DAG:example_kubernetes_executor
[2024-05-04T15:58:07.846+0000] {logging_mixin.py:117} INFO - [2024-05-04T15:58:07.846+0000] {manager.py:507} INFO - Created Permission View: can delete on DAG:example_kubernetes_executor
[2024-05-04T15:58:07.846+0000] {logging_mixin.py:117} INFO - [2024-05-04T15:58:07.846+0000] {dag.py:2573} INFO - Sync 1 DAGs
[2024-05-04T15:58:07.872+0000] {logging_mixin.py:117} INFO - [2024-05-04T15:58:07.872+0000] {dag.py:2594} INFO - Creating ORM DAG for example_kubernetes_executor
[2024-05-04T15:58:07.902+0000] {logging_mixin.py:117} INFO - [2024-05-04T15:58:07.902+0000] {dag.py:3328} INFO - Setting next_dagrun for example_kubernetes_executor to None, run_after=None
[2024-05-04T15:58:07.949+0000] {processor.py:178} INFO - Processing /home/airflow/.local/lib/python3.7/site-packages/airflow/example_dags/example_kubernetes_executor.py took 0.757 seconds
[2024-05-04T15:58:43.825+0000] {processor.py:156} INFO - Started process (PID=583) to work on /home/airflow/.local/lib/python3.7/site-packages/airflow/example_dags/example_kubernetes_executor.py
[2024-05-04T15:58:43.826+0000] {processor.py:758} INFO - Processing file /home/airflow/.local/lib/python3.7/site-packages/airflow/example_dags/example_kubernetes_executor.py for tasks to queue
[2024-05-04T15:58:43.826+0000] {logging_mixin.py:117} INFO - [2024-05-04T15:58:43.826+0000] {dagbag.py:525} INFO - Filling up the DagBag from /home/airflow/.local/lib/python3.7/site-packages/airflow/example_dags/example_kubernetes_executor.py
[2024-05-04T15:58:43.853+0000] {processor.py:768} INFO - DAG(s) dict_keys(['example_kubernetes_executor']) retrieved from /home/airflow/.local/lib/python3.7/site-packages/airflow/example_dags/example_kubernetes_executor.py
[2024-05-04T15:58:43.887+0000] {logging_mixin.py:117} INFO - [2024-05-04T15:58:43.887+0000] {dag.py:2573} INFO - Sync 1 DAGs
[2024-05-04T15:58:44.024+0000] {logging_mixin.py:117} INFO - [2024-05-04T15:58:44.024+0000] {dag.py:3328} INFO - Setting next_dagrun for example_kubernetes_executor to None, run_after=None
[2024-05-04T15:58:44.043+0000] {processor.py:178} INFO - Processing /home/airflow/.local/lib/python3.7/site-packages/airflow/example_dags/example_kubernetes_executor.py took 0.221 seconds
[2024-05-04T15:59:14.361+0000] {processor.py:156} INFO - Started process (PID=836) to work on /home/airflow/.local/lib/python3.7/site-packages/airflow/example_dags/example_kubernetes_executor.py
[2024-05-04T15:59:14.362+0000] {processor.py:758} INFO - Processing file /home/airflow/.local/lib/python3.7/site-packages/airflow/example_dags/example_kubernetes_executor.py for tasks to queue
[2024-05-04T15:59:14.362+0000] {logging_mixin.py:117} INFO - [2024-05-04T15:59:14.362+0000] {dagbag.py:525} INFO - Filling up the DagBag from /home/airflow/.local/lib/python3.7/site-packages/airflow/example_dags/example_kubernetes_executor.py
[2024-05-04T15:59:14.394+0000] {processor.py:768} INFO - DAG(s) dict_keys(['example_kubernetes_executor']) retrieved from /home/airflow/.local/lib/python3.7/site-packages/airflow/example_dags/example_kubernetes_executor.py
[2024-05-04T15:59:14.584+0000] {logging_mixin.py:117} INFO - [2024-05-04T15:59:14.583+0000] {dag.py:2573} INFO - Sync 1 DAGs
[2024-05-04T15:59:14.603+0000] {logging_mixin.py:117} INFO - [2024-05-04T15:59:14.603+0000] {dag.py:3328} INFO - Setting next_dagrun for example_kubernetes_executor to None, run_after=None
[2024-05-04T15:59:14.623+0000] {processor.py:178} INFO - Processing /home/airflow/.local/lib/python3.7/site-packages/airflow/example_dags/example_kubernetes_executor.py took 0.266 seconds
[2024-05-04T15:59:44.786+0000] {processor.py:156} INFO - Started process (PID=1049) to work on /home/airflow/.local/lib/python3.7/site-packages/airflow/example_dags/example_kubernetes_executor.py
[2024-05-04T15:59:44.786+0000] {processor.py:758} INFO - Processing file /home/airflow/.local/lib/python3.7/site-packages/airflow/example_dags/example_kubernetes_executor.py for tasks to queue
[2024-05-04T15:59:44.787+0000] {logging_mixin.py:117} INFO - [2024-05-04T15:59:44.787+0000] {dagbag.py:525} INFO - Filling up the DagBag from /home/airflow/.local/lib/python3.7/site-packages/airflow/example_dags/example_kubernetes_executor.py
[2024-05-04T15:59:44.821+0000] {processor.py:768} INFO - DAG(s) dict_keys(['example_kubernetes_executor']) retrieved from /home/airflow/.local/lib/python3.7/site-packages/airflow/example_dags/example_kubernetes_executor.py
[2024-05-04T15:59:44.965+0000] {logging_mixin.py:117} INFO - [2024-05-04T15:59:44.965+0000] {dag.py:2573} INFO - Sync 1 DAGs
[2024-05-04T15:59:44.984+0000] {logging_mixin.py:117} INFO - [2024-05-04T15:59:44.984+0000] {dag.py:3328} INFO - Setting next_dagrun for example_kubernetes_executor to None, run_after=None
[2024-05-04T15:59:45.004+0000] {processor.py:178} INFO - Processing /home/airflow/.local/lib/python3.7/site-packages/airflow/example_dags/example_kubernetes_executor.py took 0.222 seconds
[2024-05-04T16:00:15.203+0000] {processor.py:156} INFO - Started process (PID=1262) to work on /home/airflow/.local/lib/python3.7/site-packages/airflow/example_dags/example_kubernetes_executor.py
[2024-05-04T16:00:15.204+0000] {processor.py:758} INFO - Processing file /home/airflow/.local/lib/python3.7/site-packages/airflow/example_dags/example_kubernetes_executor.py for tasks to queue
[2024-05-04T16:00:15.205+0000] {logging_mixin.py:117} INFO - [2024-05-04T16:00:15.204+0000] {dagbag.py:525} INFO - Filling up the DagBag from /home/airflow/.local/lib/python3.7/site-packages/airflow/example_dags/example_kubernetes_executor.py
[2024-05-04T16:00:15.242+0000] {processor.py:768} INFO - DAG(s) dict_keys(['example_kubernetes_executor']) retrieved from /home/airflow/.local/lib/python3.7/site-packages/airflow/example_dags/example_kubernetes_executor.py
[2024-05-04T16:00:15.414+0000] {logging_mixin.py:117} INFO - [2024-05-04T16:00:15.414+0000] {dag.py:2573} INFO - Sync 1 DAGs
[2024-05-04T16:00:15.433+0000] {logging_mixin.py:117} INFO - [2024-05-04T16:00:15.433+0000] {dag.py:3328} INFO - Setting next_dagrun for example_kubernetes_executor to None, run_after=None
[2024-05-04T16:00:15.455+0000] {processor.py:178} INFO - Processing /home/airflow/.local/lib/python3.7/site-packages/airflow/example_dags/example_kubernetes_executor.py took 0.255 seconds
[2024-05-04T16:00:45.641+0000] {processor.py:156} INFO - Started process (PID=1475) to work on /home/airflow/.local/lib/python3.7/site-packages/airflow/example_dags/example_kubernetes_executor.py
[2024-05-04T16:00:45.641+0000] {processor.py:758} INFO - Processing file /home/airflow/.local/lib/python3.7/site-packages/airflow/example_dags/example_kubernetes_executor.py for tasks to queue
[2024-05-04T16:00:45.642+0000] {logging_mixin.py:117} INFO - [2024-05-04T16:00:45.642+0000] {dagbag.py:525} INFO - Filling up the DagBag from /home/airflow/.local/lib/python3.7/site-packages/airflow/example_dags/example_kubernetes_executor.py
[2024-05-04T16:00:45.839+0000] {processor.py:768} INFO - DAG(s) dict_keys(['example_kubernetes_executor']) retrieved from /home/airflow/.local/lib/python3.7/site-packages/airflow/example_dags/example_kubernetes_executor.py
[2024-05-04T16:00:45.888+0000] {logging_mixin.py:117} INFO - [2024-05-04T16:00:45.888+0000] {dag.py:2573} INFO - Sync 1 DAGs
[2024-05-04T16:00:45.920+0000] {logging_mixin.py:117} INFO - [2024-05-04T16:00:45.920+0000] {dag.py:3328} INFO - Setting next_dagrun for example_kubernetes_executor to None, run_after=None
[2024-05-04T16:00:45.945+0000] {processor.py:178} INFO - Processing /home/airflow/.local/lib/python3.7/site-packages/airflow/example_dags/example_kubernetes_executor.py took 0.307 seconds
[2024-05-04T16:01:16.906+0000] {processor.py:156} INFO - Started process (PID=1679) to work on /home/airflow/.local/lib/python3.7/site-packages/airflow/example_dags/example_kubernetes_executor.py
[2024-05-04T16:01:16.906+0000] {processor.py:758} INFO - Processing file /home/airflow/.local/lib/python3.7/site-packages/airflow/example_dags/example_kubernetes_executor.py for tasks to queue
[2024-05-04T16:01:16.907+0000] {logging_mixin.py:117} INFO - [2024-05-04T16:01:16.907+0000] {dagbag.py:525} INFO - Filling up the DagBag from /home/airflow/.local/lib/python3.7/site-packages/airflow/example_dags/example_kubernetes_executor.py
[2024-05-04T16:01:16.930+0000] {processor.py:768} INFO - DAG(s) dict_keys(['example_kubernetes_executor']) retrieved from /home/airflow/.local/lib/python3.7/site-packages/airflow/example_dags/example_kubernetes_executor.py
[2024-05-04T16:01:16.964+0000] {logging_mixin.py:117} INFO - [2024-05-04T16:01:16.964+0000] {dag.py:2573} INFO - Sync 1 DAGs
[2024-05-04T16:01:16.989+0000] {logging_mixin.py:117} INFO - [2024-05-04T16:01:16.989+0000] {dag.py:3328} INFO - Setting next_dagrun for example_kubernetes_executor to None, run_after=None
[2024-05-04T16:01:17.012+0000] {processor.py:178} INFO - Processing /home/airflow/.local/lib/python3.7/site-packages/airflow/example_dags/example_kubernetes_executor.py took 0.108 seconds
[2024-05-04T16:01:47.642+0000] {processor.py:156} INFO - Started process (PID=1892) to work on /home/airflow/.local/lib/python3.7/site-packages/airflow/example_dags/example_kubernetes_executor.py
[2024-05-04T16:01:47.643+0000] {processor.py:758} INFO - Processing file /home/airflow/.local/lib/python3.7/site-packages/airflow/example_dags/example_kubernetes_executor.py for tasks to queue
[2024-05-04T16:01:47.643+0000] {logging_mixin.py:117} INFO - [2024-05-04T16:01:47.643+0000] {dagbag.py:525} INFO - Filling up the DagBag from /home/airflow/.local/lib/python3.7/site-packages/airflow/example_dags/example_kubernetes_executor.py
[2024-05-04T16:01:47.668+0000] {processor.py:768} INFO - DAG(s) dict_keys(['example_kubernetes_executor']) retrieved from /home/airflow/.local/lib/python3.7/site-packages/airflow/example_dags/example_kubernetes_executor.py
[2024-05-04T16:01:47.702+0000] {logging_mixin.py:117} INFO - [2024-05-04T16:01:47.701+0000] {dag.py:2573} INFO - Sync 1 DAGs
[2024-05-04T16:01:47.721+0000] {logging_mixin.py:117} INFO - [2024-05-04T16:01:47.720+0000] {dag.py:3328} INFO - Setting next_dagrun for example_kubernetes_executor to None, run_after=None
[2024-05-04T16:01:47.742+0000] {processor.py:178} INFO - Processing /home/airflow/.local/lib/python3.7/site-packages/airflow/example_dags/example_kubernetes_executor.py took 0.103 seconds
[2024-05-04T16:02:18.462+0000] {processor.py:156} INFO - Started process (PID=2105) to work on /home/airflow/.local/lib/python3.7/site-packages/airflow/example_dags/example_kubernetes_executor.py
[2024-05-04T16:02:18.463+0000] {processor.py:758} INFO - Processing file /home/airflow/.local/lib/python3.7/site-packages/airflow/example_dags/example_kubernetes_executor.py for tasks to queue
[2024-05-04T16:02:18.463+0000] {logging_mixin.py:117} INFO - [2024-05-04T16:02:18.463+0000] {dagbag.py:525} INFO - Filling up the DagBag from /home/airflow/.local/lib/python3.7/site-packages/airflow/example_dags/example_kubernetes_executor.py
[2024-05-04T16:02:18.488+0000] {processor.py:768} INFO - DAG(s) dict_keys(['example_kubernetes_executor']) retrieved from /home/airflow/.local/lib/python3.7/site-packages/airflow/example_dags/example_kubernetes_executor.py
[2024-05-04T16:02:18.532+0000] {logging_mixin.py:117} INFO - [2024-05-04T16:02:18.531+0000] {dag.py:2573} INFO - Sync 1 DAGs
[2024-05-04T16:02:18.561+0000] {logging_mixin.py:117} INFO - [2024-05-04T16:02:18.561+0000] {dag.py:3328} INFO - Setting next_dagrun for example_kubernetes_executor to None, run_after=None
[2024-05-04T16:02:18.583+0000] {processor.py:178} INFO - Processing /home/airflow/.local/lib/python3.7/site-packages/airflow/example_dags/example_kubernetes_executor.py took 0.123 seconds
[2024-05-04T16:02:49.247+0000] {processor.py:156} INFO - Started process (PID=2318) to work on /home/airflow/.local/lib/python3.7/site-packages/airflow/example_dags/example_kubernetes_executor.py
[2024-05-04T16:02:49.247+0000] {processor.py:758} INFO - Processing file /home/airflow/.local/lib/python3.7/site-packages/airflow/example_dags/example_kubernetes_executor.py for tasks to queue
[2024-05-04T16:02:49.248+0000] {logging_mixin.py:117} INFO - [2024-05-04T16:02:49.248+0000] {dagbag.py:525} INFO - Filling up the DagBag from /home/airflow/.local/lib/python3.7/site-packages/airflow/example_dags/example_kubernetes_executor.py
[2024-05-04T16:02:49.273+0000] {processor.py:768} INFO - DAG(s) dict_keys(['example_kubernetes_executor']) retrieved from /home/airflow/.local/lib/python3.7/site-packages/airflow/example_dags/example_kubernetes_executor.py
[2024-05-04T16:02:49.316+0000] {logging_mixin.py:117} INFO - [2024-05-04T16:02:49.316+0000] {dag.py:2573} INFO - Sync 1 DAGs
[2024-05-04T16:02:49.347+0000] {logging_mixin.py:117} INFO - [2024-05-04T16:02:49.347+0000] {dag.py:3328} INFO - Setting next_dagrun for example_kubernetes_executor to None, run_after=None
[2024-05-04T16:02:49.369+0000] {processor.py:178} INFO - Processing /home/airflow/.local/lib/python3.7/site-packages/airflow/example_dags/example_kubernetes_executor.py took 0.125 seconds
[2024-05-04T16:03:19.945+0000] {processor.py:156} INFO - Started process (PID=2523) to work on /home/airflow/.local/lib/python3.7/site-packages/airflow/example_dags/example_kubernetes_executor.py
[2024-05-04T16:03:19.946+0000] {processor.py:758} INFO - Processing file /home/airflow/.local/lib/python3.7/site-packages/airflow/example_dags/example_kubernetes_executor.py for tasks to queue
[2024-05-04T16:03:19.946+0000] {logging_mixin.py:117} INFO - [2024-05-04T16:03:19.946+0000] {dagbag.py:525} INFO - Filling up the DagBag from /home/airflow/.local/lib/python3.7/site-packages/airflow/example_dags/example_kubernetes_executor.py
[2024-05-04T16:03:19.969+0000] {processor.py:768} INFO - DAG(s) dict_keys(['example_kubernetes_executor']) retrieved from /home/airflow/.local/lib/python3.7/site-packages/airflow/example_dags/example_kubernetes_executor.py
[2024-05-04T16:03:20.003+0000] {logging_mixin.py:117} INFO - [2024-05-04T16:03:20.003+0000] {dag.py:2573} INFO - Sync 1 DAGs
[2024-05-04T16:03:20.024+0000] {logging_mixin.py:117} INFO - [2024-05-04T16:03:20.024+0000] {dag.py:3328} INFO - Setting next_dagrun for example_kubernetes_executor to None, run_after=None
[2024-05-04T16:03:20.047+0000] {processor.py:178} INFO - Processing /home/airflow/.local/lib/python3.7/site-packages/airflow/example_dags/example_kubernetes_executor.py took 0.104 seconds
[2024-05-04T16:03:50.612+0000] {processor.py:156} INFO - Started process (PID=2736) to work on /home/airflow/.local/lib/python3.7/site-packages/airflow/example_dags/example_kubernetes_executor.py
[2024-05-04T16:03:50.612+0000] {processor.py:758} INFO - Processing file /home/airflow/.local/lib/python3.7/site-packages/airflow/example_dags/example_kubernetes_executor.py for tasks to queue
[2024-05-04T16:03:50.613+0000] {logging_mixin.py:117} INFO - [2024-05-04T16:03:50.613+0000] {dagbag.py:525} INFO - Filling up the DagBag from /home/airflow/.local/lib/python3.7/site-packages/airflow/example_dags/example_kubernetes_executor.py
[2024-05-04T16:03:50.637+0000] {processor.py:768} INFO - DAG(s) dict_keys(['example_kubernetes_executor']) retrieved from /home/airflow/.local/lib/python3.7/site-packages/airflow/example_dags/example_kubernetes_executor.py
[2024-05-04T16:03:50.670+0000] {logging_mixin.py:117} INFO - [2024-05-04T16:03:50.670+0000] {dag.py:2573} INFO - Sync 1 DAGs
[2024-05-04T16:03:50.692+0000] {logging_mixin.py:117} INFO - [2024-05-04T16:03:50.692+0000] {dag.py:3328} INFO - Setting next_dagrun for example_kubernetes_executor to None, run_after=None
[2024-05-04T16:03:50.714+0000] {processor.py:178} INFO - Processing /home/airflow/.local/lib/python3.7/site-packages/airflow/example_dags/example_kubernetes_executor.py took 0.104 seconds
[2024-05-04T16:04:21.161+0000] {processor.py:156} INFO - Started process (PID=2949) to work on /home/airflow/.local/lib/python3.7/site-packages/airflow/example_dags/example_kubernetes_executor.py
[2024-05-04T16:04:21.161+0000] {processor.py:758} INFO - Processing file /home/airflow/.local/lib/python3.7/site-packages/airflow/example_dags/example_kubernetes_executor.py for tasks to queue
[2024-05-04T16:04:21.162+0000] {logging_mixin.py:117} INFO - [2024-05-04T16:04:21.162+0000] {dagbag.py:525} INFO - Filling up the DagBag from /home/airflow/.local/lib/python3.7/site-packages/airflow/example_dags/example_kubernetes_executor.py
[2024-05-04T16:04:21.200+0000] {processor.py:768} INFO - DAG(s) dict_keys(['example_kubernetes_executor']) retrieved from /home/airflow/.local/lib/python3.7/site-packages/airflow/example_dags/example_kubernetes_executor.py
[2024-05-04T16:04:21.238+0000] {logging_mixin.py:117} INFO - [2024-05-04T16:04:21.238+0000] {dag.py:2573} INFO - Sync 1 DAGs
[2024-05-04T16:04:21.258+0000] {logging_mixin.py:117} INFO - [2024-05-04T16:04:21.258+0000] {dag.py:3328} INFO - Setting next_dagrun for example_kubernetes_executor to None, run_after=None
[2024-05-04T16:04:21.280+0000] {processor.py:178} INFO - Processing /home/airflow/.local/lib/python3.7/site-packages/airflow/example_dags/example_kubernetes_executor.py took 0.121 seconds
[2024-05-04T16:04:51.748+0000] {processor.py:156} INFO - Started process (PID=3162) to work on /home/airflow/.local/lib/python3.7/site-packages/airflow/example_dags/example_kubernetes_executor.py
[2024-05-04T16:04:51.748+0000] {processor.py:758} INFO - Processing file /home/airflow/.local/lib/python3.7/site-packages/airflow/example_dags/example_kubernetes_executor.py for tasks to queue
[2024-05-04T16:04:51.749+0000] {logging_mixin.py:117} INFO - [2024-05-04T16:04:51.749+0000] {dagbag.py:525} INFO - Filling up the DagBag from /home/airflow/.local/lib/python3.7/site-packages/airflow/example_dags/example_kubernetes_executor.py
[2024-05-04T16:04:51.772+0000] {processor.py:768} INFO - DAG(s) dict_keys(['example_kubernetes_executor']) retrieved from /home/airflow/.local/lib/python3.7/site-packages/airflow/example_dags/example_kubernetes_executor.py
[2024-05-04T16:04:51.806+0000] {logging_mixin.py:117} INFO - [2024-05-04T16:04:51.806+0000] {dag.py:2573} INFO - Sync 1 DAGs
[2024-05-04T16:04:51.826+0000] {logging_mixin.py:117} INFO - [2024-05-04T16:04:51.826+0000] {dag.py:3328} INFO - Setting next_dagrun for example_kubernetes_executor to None, run_after=None
[2024-05-04T16:04:51.849+0000] {processor.py:178} INFO - Processing /home/airflow/.local/lib/python3.7/site-packages/airflow/example_dags/example_kubernetes_executor.py took 0.103 seconds
[2024-05-04T16:05:22.443+0000] {processor.py:156} INFO - Started process (PID=3366) to work on /home/airflow/.local/lib/python3.7/site-packages/airflow/example_dags/example_kubernetes_executor.py
[2024-05-04T16:05:22.443+0000] {processor.py:758} INFO - Processing file /home/airflow/.local/lib/python3.7/site-packages/airflow/example_dags/example_kubernetes_executor.py for tasks to queue
[2024-05-04T16:05:22.444+0000] {logging_mixin.py:117} INFO - [2024-05-04T16:05:22.443+0000] {dagbag.py:525} INFO - Filling up the DagBag from /home/airflow/.local/lib/python3.7/site-packages/airflow/example_dags/example_kubernetes_executor.py
[2024-05-04T16:05:22.477+0000] {processor.py:768} INFO - DAG(s) dict_keys(['example_kubernetes_executor']) retrieved from /home/airflow/.local/lib/python3.7/site-packages/airflow/example_dags/example_kubernetes_executor.py
[2024-05-04T16:05:22.521+0000] {logging_mixin.py:117} INFO - [2024-05-04T16:05:22.521+0000] {dag.py:2573} INFO - Sync 1 DAGs
[2024-05-04T16:05:22.542+0000] {logging_mixin.py:117} INFO - [2024-05-04T16:05:22.542+0000] {dag.py:3328} INFO - Setting next_dagrun for example_kubernetes_executor to None, run_after=None
[2024-05-04T16:05:22.562+0000] {processor.py:178} INFO - Processing /home/airflow/.local/lib/python3.7/site-packages/airflow/example_dags/example_kubernetes_executor.py took 0.121 seconds
[2024-05-04T16:05:53.128+0000] {processor.py:156} INFO - Started process (PID=3580) to work on /home/airflow/.local/lib/python3.7/site-packages/airflow/example_dags/example_kubernetes_executor.py
[2024-05-04T16:05:53.128+0000] {processor.py:758} INFO - Processing file /home/airflow/.local/lib/python3.7/site-packages/airflow/example_dags/example_kubernetes_executor.py for tasks to queue
[2024-05-04T16:05:53.129+0000] {logging_mixin.py:117} INFO - [2024-05-04T16:05:53.129+0000] {dagbag.py:525} INFO - Filling up the DagBag from /home/airflow/.local/lib/python3.7/site-packages/airflow/example_dags/example_kubernetes_executor.py
[2024-05-04T16:05:53.153+0000] {processor.py:768} INFO - DAG(s) dict_keys(['example_kubernetes_executor']) retrieved from /home/airflow/.local/lib/python3.7/site-packages/airflow/example_dags/example_kubernetes_executor.py
[2024-05-04T16:05:53.190+0000] {logging_mixin.py:117} INFO - [2024-05-04T16:05:53.190+0000] {dag.py:2573} INFO - Sync 1 DAGs
[2024-05-04T16:05:53.208+0000] {logging_mixin.py:117} INFO - [2024-05-04T16:05:53.208+0000] {dag.py:3328} INFO - Setting next_dagrun for example_kubernetes_executor to None, run_after=None
[2024-05-04T16:05:53.233+0000] {processor.py:178} INFO - Processing /home/airflow/.local/lib/python3.7/site-packages/airflow/example_dags/example_kubernetes_executor.py took 0.107 seconds
[2024-05-04T16:06:23.916+0000] {processor.py:156} INFO - Started process (PID=3798) to work on /home/airflow/.local/lib/python3.7/site-packages/airflow/example_dags/example_kubernetes_executor.py
[2024-05-04T16:06:23.917+0000] {processor.py:758} INFO - Processing file /home/airflow/.local/lib/python3.7/site-packages/airflow/example_dags/example_kubernetes_executor.py for tasks to queue
[2024-05-04T16:06:23.917+0000] {logging_mixin.py:117} INFO - [2024-05-04T16:06:23.917+0000] {dagbag.py:525} INFO - Filling up the DagBag from /home/airflow/.local/lib/python3.7/site-packages/airflow/example_dags/example_kubernetes_executor.py
[2024-05-04T16:06:23.952+0000] {processor.py:768} INFO - DAG(s) dict_keys(['example_kubernetes_executor']) retrieved from /home/airflow/.local/lib/python3.7/site-packages/airflow/example_dags/example_kubernetes_executor.py
[2024-05-04T16:06:23.984+0000] {logging_mixin.py:117} INFO - [2024-05-04T16:06:23.984+0000] {dag.py:2573} INFO - Sync 1 DAGs
[2024-05-04T16:06:24.005+0000] {logging_mixin.py:117} INFO - [2024-05-04T16:06:24.005+0000] {dag.py:3328} INFO - Setting next_dagrun for example_kubernetes_executor to None, run_after=None
[2024-05-04T16:06:24.029+0000] {processor.py:178} INFO - Processing /home/airflow/.local/lib/python3.7/site-packages/airflow/example_dags/example_kubernetes_executor.py took 0.116 seconds
[2024-05-04T16:06:54.881+0000] {processor.py:156} INFO - Started process (PID=4011) to work on /home/airflow/.local/lib/python3.7/site-packages/airflow/example_dags/example_kubernetes_executor.py
[2024-05-04T16:06:54.881+0000] {processor.py:758} INFO - Processing file /home/airflow/.local/lib/python3.7/site-packages/airflow/example_dags/example_kubernetes_executor.py for tasks to queue
[2024-05-04T16:06:54.882+0000] {logging_mixin.py:117} INFO - [2024-05-04T16:06:54.882+0000] {dagbag.py:525} INFO - Filling up the DagBag from /home/airflow/.local/lib/python3.7/site-packages/airflow/example_dags/example_kubernetes_executor.py
[2024-05-04T16:06:54.906+0000] {processor.py:768} INFO - DAG(s) dict_keys(['example_kubernetes_executor']) retrieved from /home/airflow/.local/lib/python3.7/site-packages/airflow/example_dags/example_kubernetes_executor.py
[2024-05-04T16:06:54.941+0000] {logging_mixin.py:117} INFO - [2024-05-04T16:06:54.940+0000] {dag.py:2573} INFO - Sync 1 DAGs
[2024-05-04T16:06:54.962+0000] {logging_mixin.py:117} INFO - [2024-05-04T16:06:54.962+0000] {dag.py:3328} INFO - Setting next_dagrun for example_kubernetes_executor to None, run_after=None
[2024-05-04T16:06:54.984+0000] {processor.py:178} INFO - Processing /home/airflow/.local/lib/python3.7/site-packages/airflow/example_dags/example_kubernetes_executor.py took 0.105 seconds
[2024-05-04T16:07:25.550+0000] {processor.py:156} INFO - Started process (PID=4215) to work on /home/airflow/.local/lib/python3.7/site-packages/airflow/example_dags/example_kubernetes_executor.py
[2024-05-04T16:07:25.551+0000] {processor.py:758} INFO - Processing file /home/airflow/.local/lib/python3.7/site-packages/airflow/example_dags/example_kubernetes_executor.py for tasks to queue
[2024-05-04T16:07:25.551+0000] {logging_mixin.py:117} INFO - [2024-05-04T16:07:25.551+0000] {dagbag.py:525} INFO - Filling up the DagBag from /home/airflow/.local/lib/python3.7/site-packages/airflow/example_dags/example_kubernetes_executor.py
[2024-05-04T16:07:25.577+0000] {processor.py:768} INFO - DAG(s) dict_keys(['example_kubernetes_executor']) retrieved from /home/airflow/.local/lib/python3.7/site-packages/airflow/example_dags/example_kubernetes_executor.py
[2024-05-04T16:07:25.615+0000] {logging_mixin.py:117} INFO - [2024-05-04T16:07:25.615+0000] {dag.py:2573} INFO - Sync 1 DAGs
[2024-05-04T16:07:25.636+0000] {logging_mixin.py:117} INFO - [2024-05-04T16:07:25.636+0000] {dag.py:3328} INFO - Setting next_dagrun for example_kubernetes_executor to None, run_after=None
[2024-05-04T16:07:25.656+0000] {processor.py:178} INFO - Processing /home/airflow/.local/lib/python3.7/site-packages/airflow/example_dags/example_kubernetes_executor.py took 0.109 seconds
[2024-05-04T16:07:55.988+0000] {processor.py:156} INFO - Started process (PID=4429) to work on /home/airflow/.local/lib/python3.7/site-packages/airflow/example_dags/example_kubernetes_executor.py
[2024-05-04T16:07:55.989+0000] {processor.py:758} INFO - Processing file /home/airflow/.local/lib/python3.7/site-packages/airflow/example_dags/example_kubernetes_executor.py for tasks to queue
[2024-05-04T16:07:55.990+0000] {logging_mixin.py:117} INFO - [2024-05-04T16:07:55.989+0000] {dagbag.py:525} INFO - Filling up the DagBag from /home/airflow/.local/lib/python3.7/site-packages/airflow/example_dags/example_kubernetes_executor.py
[2024-05-04T16:07:56.023+0000] {processor.py:768} INFO - DAG(s) dict_keys(['example_kubernetes_executor']) retrieved from /home/airflow/.local/lib/python3.7/site-packages/airflow/example_dags/example_kubernetes_executor.py
[2024-05-04T16:07:56.068+0000] {logging_mixin.py:117} INFO - [2024-05-04T16:07:56.068+0000] {dag.py:2573} INFO - Sync 1 DAGs
[2024-05-04T16:07:56.097+0000] {logging_mixin.py:117} INFO - [2024-05-04T16:07:56.097+0000] {dag.py:3328} INFO - Setting next_dagrun for example_kubernetes_executor to None, run_after=None
[2024-05-04T16:07:56.123+0000] {processor.py:178} INFO - Processing /home/airflow/.local/lib/python3.7/site-packages/airflow/example_dags/example_kubernetes_executor.py took 0.137 seconds
[2024-05-04T16:08:26.578+0000] {processor.py:156} INFO - Started process (PID=4642) to work on /home/airflow/.local/lib/python3.7/site-packages/airflow/example_dags/example_kubernetes_executor.py
[2024-05-04T16:08:26.578+0000] {processor.py:758} INFO - Processing file /home/airflow/.local/lib/python3.7/site-packages/airflow/example_dags/example_kubernetes_executor.py for tasks to queue
[2024-05-04T16:08:26.579+0000] {logging_mixin.py:117} INFO - [2024-05-04T16:08:26.579+0000] {dagbag.py:525} INFO - Filling up the DagBag from /home/airflow/.local/lib/python3.7/site-packages/airflow/example_dags/example_kubernetes_executor.py
[2024-05-04T16:08:26.602+0000] {processor.py:768} INFO - DAG(s) dict_keys(['example_kubernetes_executor']) retrieved from /home/airflow/.local/lib/python3.7/site-packages/airflow/example_dags/example_kubernetes_executor.py
[2024-05-04T16:08:26.639+0000] {logging_mixin.py:117} INFO - [2024-05-04T16:08:26.639+0000] {dag.py:2573} INFO - Sync 1 DAGs
[2024-05-04T16:08:26.662+0000] {logging_mixin.py:117} INFO - [2024-05-04T16:08:26.662+0000] {dag.py:3328} INFO - Setting next_dagrun for example_kubernetes_executor to None, run_after=None
[2024-05-04T16:08:26.688+0000] {processor.py:178} INFO - Processing /home/airflow/.local/lib/python3.7/site-packages/airflow/example_dags/example_kubernetes_executor.py took 0.113 seconds
[2024-05-04T16:08:57.406+0000] {processor.py:156} INFO - Started process (PID=4856) to work on /home/airflow/.local/lib/python3.7/site-packages/airflow/example_dags/example_kubernetes_executor.py
[2024-05-04T16:08:57.406+0000] {processor.py:758} INFO - Processing file /home/airflow/.local/lib/python3.7/site-packages/airflow/example_dags/example_kubernetes_executor.py for tasks to queue
[2024-05-04T16:08:57.407+0000] {logging_mixin.py:117} INFO - [2024-05-04T16:08:57.407+0000] {dagbag.py:525} INFO - Filling up the DagBag from /home/airflow/.local/lib/python3.7/site-packages/airflow/example_dags/example_kubernetes_executor.py
[2024-05-04T16:08:57.442+0000] {processor.py:768} INFO - DAG(s) dict_keys(['example_kubernetes_executor']) retrieved from /home/airflow/.local/lib/python3.7/site-packages/airflow/example_dags/example_kubernetes_executor.py
[2024-05-04T16:08:57.485+0000] {logging_mixin.py:117} INFO - [2024-05-04T16:08:57.485+0000] {dag.py:2573} INFO - Sync 1 DAGs
[2024-05-04T16:08:57.509+0000] {logging_mixin.py:117} INFO - [2024-05-04T16:08:57.508+0000] {dag.py:3328} INFO - Setting next_dagrun for example_kubernetes_executor to None, run_after=None
[2024-05-04T16:08:57.530+0000] {processor.py:178} INFO - Processing /home/airflow/.local/lib/python3.7/site-packages/airflow/example_dags/example_kubernetes_executor.py took 0.126 seconds
[2024-05-04T16:09:27.999+0000] {processor.py:156} INFO - Started process (PID=5060) to work on /home/airflow/.local/lib/python3.7/site-packages/airflow/example_dags/example_kubernetes_executor.py
[2024-05-04T16:09:28.000+0000] {processor.py:758} INFO - Processing file /home/airflow/.local/lib/python3.7/site-packages/airflow/example_dags/example_kubernetes_executor.py for tasks to queue
[2024-05-04T16:09:28.000+0000] {logging_mixin.py:117} INFO - [2024-05-04T16:09:28.000+0000] {dagbag.py:525} INFO - Filling up the DagBag from /home/airflow/.local/lib/python3.7/site-packages/airflow/example_dags/example_kubernetes_executor.py
[2024-05-04T16:09:28.024+0000] {processor.py:768} INFO - DAG(s) dict_keys(['example_kubernetes_executor']) retrieved from /home/airflow/.local/lib/python3.7/site-packages/airflow/example_dags/example_kubernetes_executor.py
[2024-05-04T16:09:28.068+0000] {logging_mixin.py:117} INFO - [2024-05-04T16:09:28.068+0000] {dag.py:2573} INFO - Sync 1 DAGs
[2024-05-04T16:09:28.097+0000] {logging_mixin.py:117} INFO - [2024-05-04T16:09:28.097+0000] {dag.py:3328} INFO - Setting next_dagrun for example_kubernetes_executor to None, run_after=None
[2024-05-04T16:09:28.120+0000] {processor.py:178} INFO - Processing /home/airflow/.local/lib/python3.7/site-packages/airflow/example_dags/example_kubernetes_executor.py took 0.123 seconds
[2024-05-04T16:09:58.774+0000] {processor.py:156} INFO - Started process (PID=5274) to work on /home/airflow/.local/lib/python3.7/site-packages/airflow/example_dags/example_kubernetes_executor.py
[2024-05-04T16:09:58.775+0000] {processor.py:758} INFO - Processing file /home/airflow/.local/lib/python3.7/site-packages/airflow/example_dags/example_kubernetes_executor.py for tasks to queue
[2024-05-04T16:09:58.775+0000] {logging_mixin.py:117} INFO - [2024-05-04T16:09:58.775+0000] {dagbag.py:525} INFO - Filling up the DagBag from /home/airflow/.local/lib/python3.7/site-packages/airflow/example_dags/example_kubernetes_executor.py
[2024-05-04T16:09:58.808+0000] {processor.py:768} INFO - DAG(s) dict_keys(['example_kubernetes_executor']) retrieved from /home/airflow/.local/lib/python3.7/site-packages/airflow/example_dags/example_kubernetes_executor.py
[2024-05-04T16:09:58.844+0000] {logging_mixin.py:117} INFO - [2024-05-04T16:09:58.844+0000] {dag.py:2573} INFO - Sync 1 DAGs
[2024-05-04T16:09:58.863+0000] {logging_mixin.py:117} INFO - [2024-05-04T16:09:58.863+0000] {dag.py:3328} INFO - Setting next_dagrun for example_kubernetes_executor to None, run_after=None
[2024-05-04T16:09:58.883+0000] {processor.py:178} INFO - Processing /home/airflow/.local/lib/python3.7/site-packages/airflow/example_dags/example_kubernetes_executor.py took 0.112 seconds
[2024-05-04T16:10:29.496+0000] {processor.py:156} INFO - Started process (PID=5487) to work on /home/airflow/.local/lib/python3.7/site-packages/airflow/example_dags/example_kubernetes_executor.py
[2024-05-04T16:10:29.496+0000] {processor.py:758} INFO - Processing file /home/airflow/.local/lib/python3.7/site-packages/airflow/example_dags/example_kubernetes_executor.py for tasks to queue
[2024-05-04T16:10:29.497+0000] {logging_mixin.py:117} INFO - [2024-05-04T16:10:29.497+0000] {dagbag.py:525} INFO - Filling up the DagBag from /home/airflow/.local/lib/python3.7/site-packages/airflow/example_dags/example_kubernetes_executor.py
[2024-05-04T16:10:29.525+0000] {processor.py:768} INFO - DAG(s) dict_keys(['example_kubernetes_executor']) retrieved from /home/airflow/.local/lib/python3.7/site-packages/airflow/example_dags/example_kubernetes_executor.py
[2024-05-04T16:10:29.559+0000] {logging_mixin.py:117} INFO - [2024-05-04T16:10:29.559+0000] {dag.py:2573} INFO - Sync 1 DAGs
[2024-05-04T16:10:29.582+0000] {logging_mixin.py:117} INFO - [2024-05-04T16:10:29.582+0000] {dag.py:3328} INFO - Setting next_dagrun for example_kubernetes_executor to None, run_after=None
[2024-05-04T16:10:29.605+0000] {processor.py:178} INFO - Processing /home/airflow/.local/lib/python3.7/site-packages/airflow/example_dags/example_kubernetes_executor.py took 0.112 seconds
[2024-05-04T16:11:00.075+0000] {processor.py:156} INFO - Started process (PID=5703) to work on /home/airflow/.local/lib/python3.7/site-packages/airflow/example_dags/example_kubernetes_executor.py
[2024-05-04T16:11:00.075+0000] {processor.py:758} INFO - Processing file /home/airflow/.local/lib/python3.7/site-packages/airflow/example_dags/example_kubernetes_executor.py for tasks to queue
[2024-05-04T16:11:00.076+0000] {logging_mixin.py:117} INFO - [2024-05-04T16:11:00.076+0000] {dagbag.py:525} INFO - Filling up the DagBag from /home/airflow/.local/lib/python3.7/site-packages/airflow/example_dags/example_kubernetes_executor.py
[2024-05-04T16:11:00.100+0000] {processor.py:768} INFO - DAG(s) dict_keys(['example_kubernetes_executor']) retrieved from /home/airflow/.local/lib/python3.7/site-packages/airflow/example_dags/example_kubernetes_executor.py
[2024-05-04T16:11:00.139+0000] {logging_mixin.py:117} INFO - [2024-05-04T16:11:00.139+0000] {dag.py:2573} INFO - Sync 1 DAGs
[2024-05-04T16:11:00.170+0000] {logging_mixin.py:117} INFO - [2024-05-04T16:11:00.169+0000] {dag.py:3328} INFO - Setting next_dagrun for example_kubernetes_executor to None, run_after=None
[2024-05-04T16:11:00.197+0000] {processor.py:178} INFO - Processing /home/airflow/.local/lib/python3.7/site-packages/airflow/example_dags/example_kubernetes_executor.py took 0.125 seconds
[2024-05-04T16:11:30.708+0000] {processor.py:156} INFO - Started process (PID=5907) to work on /home/airflow/.local/lib/python3.7/site-packages/airflow/example_dags/example_kubernetes_executor.py
[2024-05-04T16:11:30.709+0000] {processor.py:758} INFO - Processing file /home/airflow/.local/lib/python3.7/site-packages/airflow/example_dags/example_kubernetes_executor.py for tasks to queue
[2024-05-04T16:11:30.709+0000] {logging_mixin.py:117} INFO - [2024-05-04T16:11:30.709+0000] {dagbag.py:525} INFO - Filling up the DagBag from /home/airflow/.local/lib/python3.7/site-packages/airflow/example_dags/example_kubernetes_executor.py
[2024-05-04T16:11:30.733+0000] {processor.py:768} INFO - DAG(s) dict_keys(['example_kubernetes_executor']) retrieved from /home/airflow/.local/lib/python3.7/site-packages/airflow/example_dags/example_kubernetes_executor.py
[2024-05-04T16:11:30.768+0000] {logging_mixin.py:117} INFO - [2024-05-04T16:11:30.767+0000] {dag.py:2573} INFO - Sync 1 DAGs
[2024-05-04T16:11:30.788+0000] {logging_mixin.py:117} INFO - [2024-05-04T16:11:30.788+0000] {dag.py:3328} INFO - Setting next_dagrun for example_kubernetes_executor to None, run_after=None
[2024-05-04T16:11:30.809+0000] {processor.py:178} INFO - Processing /home/airflow/.local/lib/python3.7/site-packages/airflow/example_dags/example_kubernetes_executor.py took 0.103 seconds
[2024-05-04T16:12:01.370+0000] {processor.py:156} INFO - Started process (PID=6120) to work on /home/airflow/.local/lib/python3.7/site-packages/airflow/example_dags/example_kubernetes_executor.py
[2024-05-04T16:12:01.371+0000] {processor.py:758} INFO - Processing file /home/airflow/.local/lib/python3.7/site-packages/airflow/example_dags/example_kubernetes_executor.py for tasks to queue
[2024-05-04T16:12:01.371+0000] {logging_mixin.py:117} INFO - [2024-05-04T16:12:01.371+0000] {dagbag.py:525} INFO - Filling up the DagBag from /home/airflow/.local/lib/python3.7/site-packages/airflow/example_dags/example_kubernetes_executor.py
[2024-05-04T16:12:01.396+0000] {processor.py:768} INFO - DAG(s) dict_keys(['example_kubernetes_executor']) retrieved from /home/airflow/.local/lib/python3.7/site-packages/airflow/example_dags/example_kubernetes_executor.py
[2024-05-04T16:12:01.429+0000] {logging_mixin.py:117} INFO - [2024-05-04T16:12:01.429+0000] {dag.py:2573} INFO - Sync 1 DAGs
[2024-05-04T16:12:01.449+0000] {logging_mixin.py:117} INFO - [2024-05-04T16:12:01.449+0000] {dag.py:3328} INFO - Setting next_dagrun for example_kubernetes_executor to None, run_after=None
[2024-05-04T16:12:01.475+0000] {processor.py:178} INFO - Processing /home/airflow/.local/lib/python3.7/site-packages/airflow/example_dags/example_kubernetes_executor.py took 0.107 seconds
[2024-05-04T16:12:31.897+0000] {processor.py:156} INFO - Started process (PID=6333) to work on /home/airflow/.local/lib/python3.7/site-packages/airflow/example_dags/example_kubernetes_executor.py
[2024-05-04T16:12:31.898+0000] {processor.py:758} INFO - Processing file /home/airflow/.local/lib/python3.7/site-packages/airflow/example_dags/example_kubernetes_executor.py for tasks to queue
[2024-05-04T16:12:31.898+0000] {logging_mixin.py:117} INFO - [2024-05-04T16:12:31.898+0000] {dagbag.py:525} INFO - Filling up the DagBag from /home/airflow/.local/lib/python3.7/site-packages/airflow/example_dags/example_kubernetes_executor.py
[2024-05-04T16:12:31.922+0000] {processor.py:768} INFO - DAG(s) dict_keys(['example_kubernetes_executor']) retrieved from /home/airflow/.local/lib/python3.7/site-packages/airflow/example_dags/example_kubernetes_executor.py
[2024-05-04T16:12:31.955+0000] {logging_mixin.py:117} INFO - [2024-05-04T16:12:31.954+0000] {dag.py:2573} INFO - Sync 1 DAGs
[2024-05-04T16:12:31.976+0000] {logging_mixin.py:117} INFO - [2024-05-04T16:12:31.976+0000] {dag.py:3328} INFO - Setting next_dagrun for example_kubernetes_executor to None, run_after=None
[2024-05-04T16:12:32.002+0000] {processor.py:178} INFO - Processing /home/airflow/.local/lib/python3.7/site-packages/airflow/example_dags/example_kubernetes_executor.py took 0.107 seconds
[2024-05-04T16:13:02.643+0000] {processor.py:156} INFO - Started process (PID=6546) to work on /home/airflow/.local/lib/python3.7/site-packages/airflow/example_dags/example_kubernetes_executor.py
[2024-05-04T16:13:02.644+0000] {processor.py:758} INFO - Processing file /home/airflow/.local/lib/python3.7/site-packages/airflow/example_dags/example_kubernetes_executor.py for tasks to queue
[2024-05-04T16:13:02.644+0000] {logging_mixin.py:117} INFO - [2024-05-04T16:13:02.644+0000] {dagbag.py:525} INFO - Filling up the DagBag from /home/airflow/.local/lib/python3.7/site-packages/airflow/example_dags/example_kubernetes_executor.py
[2024-05-04T16:13:02.679+0000] {processor.py:768} INFO - DAG(s) dict_keys(['example_kubernetes_executor']) retrieved from /home/airflow/.local/lib/python3.7/site-packages/airflow/example_dags/example_kubernetes_executor.py
[2024-05-04T16:13:02.721+0000] {logging_mixin.py:117} INFO - [2024-05-04T16:13:02.720+0000] {dag.py:2573} INFO - Sync 1 DAGs
[2024-05-04T16:13:02.747+0000] {logging_mixin.py:117} INFO - [2024-05-04T16:13:02.747+0000] {dag.py:3328} INFO - Setting next_dagrun for example_kubernetes_executor to None, run_after=None
[2024-05-04T16:13:02.767+0000] {processor.py:178} INFO - Processing /home/airflow/.local/lib/python3.7/site-packages/airflow/example_dags/example_kubernetes_executor.py took 0.127 seconds
[2024-05-04T16:13:33.346+0000] {processor.py:156} INFO - Started process (PID=6753) to work on /home/airflow/.local/lib/python3.7/site-packages/airflow/example_dags/example_kubernetes_executor.py
[2024-05-04T16:13:33.347+0000] {processor.py:758} INFO - Processing file /home/airflow/.local/lib/python3.7/site-packages/airflow/example_dags/example_kubernetes_executor.py for tasks to queue
[2024-05-04T16:13:33.348+0000] {logging_mixin.py:117} INFO - [2024-05-04T16:13:33.347+0000] {dagbag.py:525} INFO - Filling up the DagBag from /home/airflow/.local/lib/python3.7/site-packages/airflow/example_dags/example_kubernetes_executor.py
[2024-05-04T16:13:33.382+0000] {processor.py:768} INFO - DAG(s) dict_keys(['example_kubernetes_executor']) retrieved from /home/airflow/.local/lib/python3.7/site-packages/airflow/example_dags/example_kubernetes_executor.py
[2024-05-04T16:13:33.423+0000] {logging_mixin.py:117} INFO - [2024-05-04T16:13:33.423+0000] {dag.py:2573} INFO - Sync 1 DAGs
[2024-05-04T16:13:33.452+0000] {logging_mixin.py:117} INFO - [2024-05-04T16:13:33.452+0000] {dag.py:3328} INFO - Setting next_dagrun for example_kubernetes_executor to None, run_after=None
[2024-05-04T16:13:33.475+0000] {processor.py:178} INFO - Processing /home/airflow/.local/lib/python3.7/site-packages/airflow/example_dags/example_kubernetes_executor.py took 0.131 seconds
[2024-05-04T16:14:03.981+0000] {processor.py:156} INFO - Started process (PID=6966) to work on /home/airflow/.local/lib/python3.7/site-packages/airflow/example_dags/example_kubernetes_executor.py
[2024-05-04T16:14:03.982+0000] {processor.py:758} INFO - Processing file /home/airflow/.local/lib/python3.7/site-packages/airflow/example_dags/example_kubernetes_executor.py for tasks to queue
[2024-05-04T16:14:03.982+0000] {logging_mixin.py:117} INFO - [2024-05-04T16:14:03.982+0000] {dagbag.py:525} INFO - Filling up the DagBag from /home/airflow/.local/lib/python3.7/site-packages/airflow/example_dags/example_kubernetes_executor.py
[2024-05-04T16:14:04.009+0000] {processor.py:768} INFO - DAG(s) dict_keys(['example_kubernetes_executor']) retrieved from /home/airflow/.local/lib/python3.7/site-packages/airflow/example_dags/example_kubernetes_executor.py
[2024-05-04T16:14:04.043+0000] {logging_mixin.py:117} INFO - [2024-05-04T16:14:04.043+0000] {dag.py:2573} INFO - Sync 1 DAGs
[2024-05-04T16:14:04.062+0000] {logging_mixin.py:117} INFO - [2024-05-04T16:14:04.062+0000] {dag.py:3328} INFO - Setting next_dagrun for example_kubernetes_executor to None, run_after=None
[2024-05-04T16:14:04.084+0000] {processor.py:178} INFO - Processing /home/airflow/.local/lib/python3.7/site-packages/airflow/example_dags/example_kubernetes_executor.py took 0.105 seconds
[2024-05-04T16:14:34.575+0000] {processor.py:156} INFO - Started process (PID=7179) to work on /home/airflow/.local/lib/python3.7/site-packages/airflow/example_dags/example_kubernetes_executor.py
[2024-05-04T16:14:34.575+0000] {processor.py:758} INFO - Processing file /home/airflow/.local/lib/python3.7/site-packages/airflow/example_dags/example_kubernetes_executor.py for tasks to queue
[2024-05-04T16:14:34.576+0000] {logging_mixin.py:117} INFO - [2024-05-04T16:14:34.576+0000] {dagbag.py:525} INFO - Filling up the DagBag from /home/airflow/.local/lib/python3.7/site-packages/airflow/example_dags/example_kubernetes_executor.py
[2024-05-04T16:14:34.600+0000] {processor.py:768} INFO - DAG(s) dict_keys(['example_kubernetes_executor']) retrieved from /home/airflow/.local/lib/python3.7/site-packages/airflow/example_dags/example_kubernetes_executor.py
[2024-05-04T16:14:34.638+0000] {logging_mixin.py:117} INFO - [2024-05-04T16:14:34.637+0000] {dag.py:2573} INFO - Sync 1 DAGs
[2024-05-04T16:14:34.660+0000] {logging_mixin.py:117} INFO - [2024-05-04T16:14:34.660+0000] {dag.py:3328} INFO - Setting next_dagrun for example_kubernetes_executor to None, run_after=None
[2024-05-04T16:14:34.688+0000] {processor.py:178} INFO - Processing /home/airflow/.local/lib/python3.7/site-packages/airflow/example_dags/example_kubernetes_executor.py took 0.116 seconds
[2024-05-04T16:15:05.188+0000] {processor.py:156} INFO - Started process (PID=7392) to work on /home/airflow/.local/lib/python3.7/site-packages/airflow/example_dags/example_kubernetes_executor.py
[2024-05-04T16:15:05.189+0000] {processor.py:758} INFO - Processing file /home/airflow/.local/lib/python3.7/site-packages/airflow/example_dags/example_kubernetes_executor.py for tasks to queue
[2024-05-04T16:15:05.189+0000] {logging_mixin.py:117} INFO - [2024-05-04T16:15:05.189+0000] {dagbag.py:525} INFO - Filling up the DagBag from /home/airflow/.local/lib/python3.7/site-packages/airflow/example_dags/example_kubernetes_executor.py
[2024-05-04T16:15:05.224+0000] {processor.py:768} INFO - DAG(s) dict_keys(['example_kubernetes_executor']) retrieved from /home/airflow/.local/lib/python3.7/site-packages/airflow/example_dags/example_kubernetes_executor.py
[2024-05-04T16:15:05.264+0000] {logging_mixin.py:117} INFO - [2024-05-04T16:15:05.264+0000] {dag.py:2573} INFO - Sync 1 DAGs
[2024-05-04T16:15:05.292+0000] {logging_mixin.py:117} INFO - [2024-05-04T16:15:05.292+0000] {dag.py:3328} INFO - Setting next_dagrun for example_kubernetes_executor to None, run_after=None
[2024-05-04T16:15:05.313+0000] {processor.py:178} INFO - Processing /home/airflow/.local/lib/python3.7/site-packages/airflow/example_dags/example_kubernetes_executor.py took 0.128 seconds
[2024-05-04T16:15:36.053+0000] {processor.py:156} INFO - Started process (PID=7605) to work on /home/airflow/.local/lib/python3.7/site-packages/airflow/example_dags/example_kubernetes_executor.py
[2024-05-04T16:15:36.053+0000] {processor.py:758} INFO - Processing file /home/airflow/.local/lib/python3.7/site-packages/airflow/example_dags/example_kubernetes_executor.py for tasks to queue
[2024-05-04T16:15:36.054+0000] {logging_mixin.py:117} INFO - [2024-05-04T16:15:36.054+0000] {dagbag.py:525} INFO - Filling up the DagBag from /home/airflow/.local/lib/python3.7/site-packages/airflow/example_dags/example_kubernetes_executor.py
[2024-05-04T16:15:36.090+0000] {processor.py:768} INFO - DAG(s) dict_keys(['example_kubernetes_executor']) retrieved from /home/airflow/.local/lib/python3.7/site-packages/airflow/example_dags/example_kubernetes_executor.py
[2024-05-04T16:15:36.127+0000] {logging_mixin.py:117} INFO - [2024-05-04T16:15:36.126+0000] {dag.py:2573} INFO - Sync 1 DAGs
[2024-05-04T16:15:36.146+0000] {logging_mixin.py:117} INFO - [2024-05-04T16:15:36.146+0000] {dag.py:3328} INFO - Setting next_dagrun for example_kubernetes_executor to None, run_after=None
[2024-05-04T16:15:36.168+0000] {processor.py:178} INFO - Processing /home/airflow/.local/lib/python3.7/site-packages/airflow/example_dags/example_kubernetes_executor.py took 0.118 seconds
[2024-05-04T16:16:06.410+0000] {processor.py:156} INFO - Started process (PID=7818) to work on /home/airflow/.local/lib/python3.7/site-packages/airflow/example_dags/example_kubernetes_executor.py
[2024-05-04T16:16:06.411+0000] {processor.py:758} INFO - Processing file /home/airflow/.local/lib/python3.7/site-packages/airflow/example_dags/example_kubernetes_executor.py for tasks to queue
[2024-05-04T16:16:06.411+0000] {logging_mixin.py:117} INFO - [2024-05-04T16:16:06.411+0000] {dagbag.py:525} INFO - Filling up the DagBag from /home/airflow/.local/lib/python3.7/site-packages/airflow/example_dags/example_kubernetes_executor.py
[2024-05-04T16:16:06.446+0000] {processor.py:768} INFO - DAG(s) dict_keys(['example_kubernetes_executor']) retrieved from /home/airflow/.local/lib/python3.7/site-packages/airflow/example_dags/example_kubernetes_executor.py
[2024-05-04T16:16:06.493+0000] {logging_mixin.py:117} INFO - [2024-05-04T16:16:06.493+0000] {dag.py:2573} INFO - Sync 1 DAGs
[2024-05-04T16:16:06.526+0000] {logging_mixin.py:117} INFO - [2024-05-04T16:16:06.526+0000] {dag.py:3328} INFO - Setting next_dagrun for example_kubernetes_executor to None, run_after=None
[2024-05-04T16:16:06.546+0000] {processor.py:178} INFO - Processing /home/airflow/.local/lib/python3.7/site-packages/airflow/example_dags/example_kubernetes_executor.py took 0.139 seconds
[2024-05-04T16:16:36.646+0000] {processor.py:156} INFO - Started process (PID=8028) to work on /home/airflow/.local/lib/python3.7/site-packages/airflow/example_dags/example_kubernetes_executor.py
[2024-05-04T16:16:36.646+0000] {processor.py:758} INFO - Processing file /home/airflow/.local/lib/python3.7/site-packages/airflow/example_dags/example_kubernetes_executor.py for tasks to queue
[2024-05-04T16:16:36.647+0000] {logging_mixin.py:117} INFO - [2024-05-04T16:16:36.647+0000] {dagbag.py:525} INFO - Filling up the DagBag from /home/airflow/.local/lib/python3.7/site-packages/airflow/example_dags/example_kubernetes_executor.py
[2024-05-04T16:16:36.671+0000] {processor.py:768} INFO - DAG(s) dict_keys(['example_kubernetes_executor']) retrieved from /home/airflow/.local/lib/python3.7/site-packages/airflow/example_dags/example_kubernetes_executor.py
[2024-05-04T16:16:36.703+0000] {logging_mixin.py:117} INFO - [2024-05-04T16:16:36.703+0000] {dag.py:2573} INFO - Sync 1 DAGs
[2024-05-04T16:16:36.723+0000] {logging_mixin.py:117} INFO - [2024-05-04T16:16:36.723+0000] {dag.py:3328} INFO - Setting next_dagrun for example_kubernetes_executor to None, run_after=None
[2024-05-04T16:16:36.744+0000] {processor.py:178} INFO - Processing /home/airflow/.local/lib/python3.7/site-packages/airflow/example_dags/example_kubernetes_executor.py took 0.101 seconds
[2024-05-04T16:17:06.794+0000] {processor.py:156} INFO - Started process (PID=8244) to work on /home/airflow/.local/lib/python3.7/site-packages/airflow/example_dags/example_kubernetes_executor.py
[2024-05-04T16:17:06.795+0000] {processor.py:758} INFO - Processing file /home/airflow/.local/lib/python3.7/site-packages/airflow/example_dags/example_kubernetes_executor.py for tasks to queue
[2024-05-04T16:17:06.795+0000] {logging_mixin.py:117} INFO - [2024-05-04T16:17:06.795+0000] {dagbag.py:525} INFO - Filling up the DagBag from /home/airflow/.local/lib/python3.7/site-packages/airflow/example_dags/example_kubernetes_executor.py
[2024-05-04T16:17:06.819+0000] {processor.py:768} INFO - DAG(s) dict_keys(['example_kubernetes_executor']) retrieved from /home/airflow/.local/lib/python3.7/site-packages/airflow/example_dags/example_kubernetes_executor.py
[2024-05-04T16:17:06.858+0000] {logging_mixin.py:117} INFO - [2024-05-04T16:17:06.857+0000] {dag.py:2573} INFO - Sync 1 DAGs
[2024-05-04T16:17:06.888+0000] {logging_mixin.py:117} INFO - [2024-05-04T16:17:06.888+0000] {dag.py:3328} INFO - Setting next_dagrun for example_kubernetes_executor to None, run_after=None
[2024-05-04T16:17:06.908+0000] {processor.py:178} INFO - Processing /home/airflow/.local/lib/python3.7/site-packages/airflow/example_dags/example_kubernetes_executor.py took 0.118 seconds
[2024-05-04T16:17:37.103+0000] {processor.py:156} INFO - Started process (PID=8449) to work on /home/airflow/.local/lib/python3.7/site-packages/airflow/example_dags/example_kubernetes_executor.py
[2024-05-04T16:17:37.104+0000] {processor.py:758} INFO - Processing file /home/airflow/.local/lib/python3.7/site-packages/airflow/example_dags/example_kubernetes_executor.py for tasks to queue
[2024-05-04T16:17:37.104+0000] {logging_mixin.py:117} INFO - [2024-05-04T16:17:37.104+0000] {dagbag.py:525} INFO - Filling up the DagBag from /home/airflow/.local/lib/python3.7/site-packages/airflow/example_dags/example_kubernetes_executor.py
[2024-05-04T16:17:37.137+0000] {processor.py:768} INFO - DAG(s) dict_keys(['example_kubernetes_executor']) retrieved from /home/airflow/.local/lib/python3.7/site-packages/airflow/example_dags/example_kubernetes_executor.py
[2024-05-04T16:17:37.174+0000] {logging_mixin.py:117} INFO - [2024-05-04T16:17:37.174+0000] {dag.py:2573} INFO - Sync 1 DAGs
[2024-05-04T16:17:37.198+0000] {logging_mixin.py:117} INFO - [2024-05-04T16:17:37.198+0000] {dag.py:3328} INFO - Setting next_dagrun for example_kubernetes_executor to None, run_after=None
[2024-05-04T16:17:37.227+0000] {processor.py:178} INFO - Processing /home/airflow/.local/lib/python3.7/site-packages/airflow/example_dags/example_kubernetes_executor.py took 0.127 seconds
[2024-05-04T16:18:07.321+0000] {processor.py:156} INFO - Started process (PID=8662) to work on /home/airflow/.local/lib/python3.7/site-packages/airflow/example_dags/example_kubernetes_executor.py
[2024-05-04T16:18:07.321+0000] {processor.py:758} INFO - Processing file /home/airflow/.local/lib/python3.7/site-packages/airflow/example_dags/example_kubernetes_executor.py for tasks to queue
[2024-05-04T16:18:07.322+0000] {logging_mixin.py:117} INFO - [2024-05-04T16:18:07.322+0000] {dagbag.py:525} INFO - Filling up the DagBag from /home/airflow/.local/lib/python3.7/site-packages/airflow/example_dags/example_kubernetes_executor.py
[2024-05-04T16:18:07.358+0000] {processor.py:768} INFO - DAG(s) dict_keys(['example_kubernetes_executor']) retrieved from /home/airflow/.local/lib/python3.7/site-packages/airflow/example_dags/example_kubernetes_executor.py
[2024-05-04T16:18:07.395+0000] {logging_mixin.py:117} INFO - [2024-05-04T16:18:07.395+0000] {dag.py:2573} INFO - Sync 1 DAGs
[2024-05-04T16:18:07.422+0000] {logging_mixin.py:117} INFO - [2024-05-04T16:18:07.421+0000] {dag.py:3328} INFO - Setting next_dagrun for example_kubernetes_executor to None, run_after=None
[2024-05-04T16:18:07.442+0000] {processor.py:178} INFO - Processing /home/airflow/.local/lib/python3.7/site-packages/airflow/example_dags/example_kubernetes_executor.py took 0.124 seconds
[2024-05-04T16:18:37.600+0000] {processor.py:156} INFO - Started process (PID=8878) to work on /home/airflow/.local/lib/python3.7/site-packages/airflow/example_dags/example_kubernetes_executor.py
[2024-05-04T16:18:37.600+0000] {processor.py:758} INFO - Processing file /home/airflow/.local/lib/python3.7/site-packages/airflow/example_dags/example_kubernetes_executor.py for tasks to queue
[2024-05-04T16:18:37.601+0000] {logging_mixin.py:117} INFO - [2024-05-04T16:18:37.601+0000] {dagbag.py:525} INFO - Filling up the DagBag from /home/airflow/.local/lib/python3.7/site-packages/airflow/example_dags/example_kubernetes_executor.py
[2024-05-04T16:18:37.638+0000] {processor.py:768} INFO - DAG(s) dict_keys(['example_kubernetes_executor']) retrieved from /home/airflow/.local/lib/python3.7/site-packages/airflow/example_dags/example_kubernetes_executor.py
[2024-05-04T16:18:37.685+0000] {logging_mixin.py:117} INFO - [2024-05-04T16:18:37.685+0000] {dag.py:2573} INFO - Sync 1 DAGs
[2024-05-04T16:18:37.716+0000] {logging_mixin.py:117} INFO - [2024-05-04T16:18:37.716+0000] {dag.py:3328} INFO - Setting next_dagrun for example_kubernetes_executor to None, run_after=None
[2024-05-04T16:18:37.743+0000] {processor.py:178} INFO - Processing /home/airflow/.local/lib/python3.7/site-packages/airflow/example_dags/example_kubernetes_executor.py took 0.146 seconds
[2024-05-04T16:19:08.014+0000] {processor.py:156} INFO - Started process (PID=9088) to work on /home/airflow/.local/lib/python3.7/site-packages/airflow/example_dags/example_kubernetes_executor.py
[2024-05-04T16:19:08.015+0000] {processor.py:758} INFO - Processing file /home/airflow/.local/lib/python3.7/site-packages/airflow/example_dags/example_kubernetes_executor.py for tasks to queue
[2024-05-04T16:19:08.015+0000] {logging_mixin.py:117} INFO - [2024-05-04T16:19:08.015+0000] {dagbag.py:525} INFO - Filling up the DagBag from /home/airflow/.local/lib/python3.7/site-packages/airflow/example_dags/example_kubernetes_executor.py
[2024-05-04T16:19:08.052+0000] {processor.py:768} INFO - DAG(s) dict_keys(['example_kubernetes_executor']) retrieved from /home/airflow/.local/lib/python3.7/site-packages/airflow/example_dags/example_kubernetes_executor.py
[2024-05-04T16:19:08.093+0000] {logging_mixin.py:117} INFO - [2024-05-04T16:19:08.093+0000] {dag.py:2573} INFO - Sync 1 DAGs
[2024-05-04T16:19:08.115+0000] {logging_mixin.py:117} INFO - [2024-05-04T16:19:08.115+0000] {dag.py:3328} INFO - Setting next_dagrun for example_kubernetes_executor to None, run_after=None
[2024-05-04T16:19:08.137+0000] {processor.py:178} INFO - Processing /home/airflow/.local/lib/python3.7/site-packages/airflow/example_dags/example_kubernetes_executor.py took 0.127 seconds
[2024-05-04T16:19:38.583+0000] {processor.py:156} INFO - Started process (PID=9301) to work on /home/airflow/.local/lib/python3.7/site-packages/airflow/example_dags/example_kubernetes_executor.py
[2024-05-04T16:19:38.584+0000] {processor.py:758} INFO - Processing file /home/airflow/.local/lib/python3.7/site-packages/airflow/example_dags/example_kubernetes_executor.py for tasks to queue
[2024-05-04T16:19:38.584+0000] {logging_mixin.py:117} INFO - [2024-05-04T16:19:38.584+0000] {dagbag.py:525} INFO - Filling up the DagBag from /home/airflow/.local/lib/python3.7/site-packages/airflow/example_dags/example_kubernetes_executor.py
[2024-05-04T16:19:38.609+0000] {processor.py:768} INFO - DAG(s) dict_keys(['example_kubernetes_executor']) retrieved from /home/airflow/.local/lib/python3.7/site-packages/airflow/example_dags/example_kubernetes_executor.py
[2024-05-04T16:19:38.647+0000] {logging_mixin.py:117} INFO - [2024-05-04T16:19:38.647+0000] {dag.py:2573} INFO - Sync 1 DAGs
[2024-05-04T16:19:38.667+0000] {logging_mixin.py:117} INFO - [2024-05-04T16:19:38.667+0000] {dag.py:3328} INFO - Setting next_dagrun for example_kubernetes_executor to None, run_after=None
[2024-05-04T16:19:38.689+0000] {processor.py:178} INFO - Processing /home/airflow/.local/lib/python3.7/site-packages/airflow/example_dags/example_kubernetes_executor.py took 0.109 seconds
[2024-05-04T16:20:08.789+0000] {processor.py:156} INFO - Started process (PID=9514) to work on /home/airflow/.local/lib/python3.7/site-packages/airflow/example_dags/example_kubernetes_executor.py
[2024-05-04T16:20:08.790+0000] {processor.py:758} INFO - Processing file /home/airflow/.local/lib/python3.7/site-packages/airflow/example_dags/example_kubernetes_executor.py for tasks to queue
[2024-05-04T16:20:08.791+0000] {logging_mixin.py:117} INFO - [2024-05-04T16:20:08.791+0000] {dagbag.py:525} INFO - Filling up the DagBag from /home/airflow/.local/lib/python3.7/site-packages/airflow/example_dags/example_kubernetes_executor.py
[2024-05-04T16:20:08.824+0000] {processor.py:768} INFO - DAG(s) dict_keys(['example_kubernetes_executor']) retrieved from /home/airflow/.local/lib/python3.7/site-packages/airflow/example_dags/example_kubernetes_executor.py
[2024-05-04T16:20:08.860+0000] {logging_mixin.py:117} INFO - [2024-05-04T16:20:08.860+0000] {dag.py:2573} INFO - Sync 1 DAGs
[2024-05-04T16:20:08.881+0000] {logging_mixin.py:117} INFO - [2024-05-04T16:20:08.881+0000] {dag.py:3328} INFO - Setting next_dagrun for example_kubernetes_executor to None, run_after=None
[2024-05-04T16:20:08.901+0000] {processor.py:178} INFO - Processing /home/airflow/.local/lib/python3.7/site-packages/airflow/example_dags/example_kubernetes_executor.py took 0.117 seconds
[2024-05-04T16:20:39.300+0000] {processor.py:156} INFO - Started process (PID=9724) to work on /home/airflow/.local/lib/python3.7/site-packages/airflow/example_dags/example_kubernetes_executor.py
[2024-05-04T16:20:39.301+0000] {processor.py:758} INFO - Processing file /home/airflow/.local/lib/python3.7/site-packages/airflow/example_dags/example_kubernetes_executor.py for tasks to queue
[2024-05-04T16:20:39.301+0000] {logging_mixin.py:117} INFO - [2024-05-04T16:20:39.301+0000] {dagbag.py:525} INFO - Filling up the DagBag from /home/airflow/.local/lib/python3.7/site-packages/airflow/example_dags/example_kubernetes_executor.py
[2024-05-04T16:20:39.328+0000] {processor.py:768} INFO - DAG(s) dict_keys(['example_kubernetes_executor']) retrieved from /home/airflow/.local/lib/python3.7/site-packages/airflow/example_dags/example_kubernetes_executor.py
[2024-05-04T16:20:39.368+0000] {logging_mixin.py:117} INFO - [2024-05-04T16:20:39.368+0000] {dag.py:2573} INFO - Sync 1 DAGs
[2024-05-04T16:20:39.399+0000] {logging_mixin.py:117} INFO - [2024-05-04T16:20:39.398+0000] {dag.py:3328} INFO - Setting next_dagrun for example_kubernetes_executor to None, run_after=None
[2024-05-04T16:20:39.432+0000] {processor.py:178} INFO - Processing /home/airflow/.local/lib/python3.7/site-packages/airflow/example_dags/example_kubernetes_executor.py took 0.134 seconds
[2024-05-04T16:21:09.513+0000] {processor.py:156} INFO - Started process (PID=9941) to work on /home/airflow/.local/lib/python3.7/site-packages/airflow/example_dags/example_kubernetes_executor.py
[2024-05-04T16:21:09.513+0000] {processor.py:758} INFO - Processing file /home/airflow/.local/lib/python3.7/site-packages/airflow/example_dags/example_kubernetes_executor.py for tasks to queue
[2024-05-04T16:21:09.514+0000] {logging_mixin.py:117} INFO - [2024-05-04T16:21:09.514+0000] {dagbag.py:525} INFO - Filling up the DagBag from /home/airflow/.local/lib/python3.7/site-packages/airflow/example_dags/example_kubernetes_executor.py
[2024-05-04T16:21:09.538+0000] {processor.py:768} INFO - DAG(s) dict_keys(['example_kubernetes_executor']) retrieved from /home/airflow/.local/lib/python3.7/site-packages/airflow/example_dags/example_kubernetes_executor.py
[2024-05-04T16:21:09.571+0000] {logging_mixin.py:117} INFO - [2024-05-04T16:21:09.571+0000] {dag.py:2573} INFO - Sync 1 DAGs
[2024-05-04T16:21:09.594+0000] {logging_mixin.py:117} INFO - [2024-05-04T16:21:09.594+0000] {dag.py:3328} INFO - Setting next_dagrun for example_kubernetes_executor to None, run_after=None
[2024-05-04T16:21:09.616+0000] {processor.py:178} INFO - Processing /home/airflow/.local/lib/python3.7/site-packages/airflow/example_dags/example_kubernetes_executor.py took 0.106 seconds
[2024-05-04T16:21:39.895+0000] {processor.py:156} INFO - Started process (PID=10154) to work on /home/airflow/.local/lib/python3.7/site-packages/airflow/example_dags/example_kubernetes_executor.py
[2024-05-04T16:21:39.896+0000] {processor.py:758} INFO - Processing file /home/airflow/.local/lib/python3.7/site-packages/airflow/example_dags/example_kubernetes_executor.py for tasks to queue
[2024-05-04T16:21:39.896+0000] {logging_mixin.py:117} INFO - [2024-05-04T16:21:39.896+0000] {dagbag.py:525} INFO - Filling up the DagBag from /home/airflow/.local/lib/python3.7/site-packages/airflow/example_dags/example_kubernetes_executor.py
[2024-05-04T16:21:39.920+0000] {processor.py:768} INFO - DAG(s) dict_keys(['example_kubernetes_executor']) retrieved from /home/airflow/.local/lib/python3.7/site-packages/airflow/example_dags/example_kubernetes_executor.py
[2024-05-04T16:21:39.954+0000] {logging_mixin.py:117} INFO - [2024-05-04T16:21:39.954+0000] {dag.py:2573} INFO - Sync 1 DAGs
[2024-05-04T16:21:39.973+0000] {logging_mixin.py:117} INFO - [2024-05-04T16:21:39.973+0000] {dag.py:3328} INFO - Setting next_dagrun for example_kubernetes_executor to None, run_after=None
[2024-05-04T16:21:39.993+0000] {processor.py:178} INFO - Processing /home/airflow/.local/lib/python3.7/site-packages/airflow/example_dags/example_kubernetes_executor.py took 0.100 seconds
[2024-05-04T16:22:10.716+0000] {processor.py:156} INFO - Started process (PID=10370) to work on /home/airflow/.local/lib/python3.7/site-packages/airflow/example_dags/example_kubernetes_executor.py
[2024-05-04T16:22:10.716+0000] {processor.py:758} INFO - Processing file /home/airflow/.local/lib/python3.7/site-packages/airflow/example_dags/example_kubernetes_executor.py for tasks to queue
[2024-05-04T16:22:10.717+0000] {logging_mixin.py:117} INFO - [2024-05-04T16:22:10.716+0000] {dagbag.py:525} INFO - Filling up the DagBag from /home/airflow/.local/lib/python3.7/site-packages/airflow/example_dags/example_kubernetes_executor.py
[2024-05-04T16:22:10.740+0000] {processor.py:768} INFO - DAG(s) dict_keys(['example_kubernetes_executor']) retrieved from /home/airflow/.local/lib/python3.7/site-packages/airflow/example_dags/example_kubernetes_executor.py
[2024-05-04T16:22:10.776+0000] {logging_mixin.py:117} INFO - [2024-05-04T16:22:10.776+0000] {dag.py:2573} INFO - Sync 1 DAGs
[2024-05-04T16:22:10.798+0000] {logging_mixin.py:117} INFO - [2024-05-04T16:22:10.797+0000] {dag.py:3328} INFO - Setting next_dagrun for example_kubernetes_executor to None, run_after=None
[2024-05-04T16:22:10.819+0000] {processor.py:178} INFO - Processing /home/airflow/.local/lib/python3.7/site-packages/airflow/example_dags/example_kubernetes_executor.py took 0.106 seconds
[2024-05-04T16:22:41.517+0000] {processor.py:156} INFO - Started process (PID=10574) to work on /home/airflow/.local/lib/python3.7/site-packages/airflow/example_dags/example_kubernetes_executor.py
[2024-05-04T16:22:41.518+0000] {processor.py:758} INFO - Processing file /home/airflow/.local/lib/python3.7/site-packages/airflow/example_dags/example_kubernetes_executor.py for tasks to queue
[2024-05-04T16:22:41.518+0000] {logging_mixin.py:117} INFO - [2024-05-04T16:22:41.518+0000] {dagbag.py:525} INFO - Filling up the DagBag from /home/airflow/.local/lib/python3.7/site-packages/airflow/example_dags/example_kubernetes_executor.py
[2024-05-04T16:22:41.542+0000] {processor.py:768} INFO - DAG(s) dict_keys(['example_kubernetes_executor']) retrieved from /home/airflow/.local/lib/python3.7/site-packages/airflow/example_dags/example_kubernetes_executor.py
[2024-05-04T16:22:41.574+0000] {logging_mixin.py:117} INFO - [2024-05-04T16:22:41.574+0000] {dag.py:2573} INFO - Sync 1 DAGs
[2024-05-04T16:22:41.594+0000] {logging_mixin.py:117} INFO - [2024-05-04T16:22:41.594+0000] {dag.py:3328} INFO - Setting next_dagrun for example_kubernetes_executor to None, run_after=None
[2024-05-04T16:22:41.614+0000] {processor.py:178} INFO - Processing /home/airflow/.local/lib/python3.7/site-packages/airflow/example_dags/example_kubernetes_executor.py took 0.100 seconds
[2024-05-04T16:23:12.417+0000] {processor.py:156} INFO - Started process (PID=10787) to work on /home/airflow/.local/lib/python3.7/site-packages/airflow/example_dags/example_kubernetes_executor.py
[2024-05-04T16:23:12.418+0000] {processor.py:758} INFO - Processing file /home/airflow/.local/lib/python3.7/site-packages/airflow/example_dags/example_kubernetes_executor.py for tasks to queue
[2024-05-04T16:23:12.418+0000] {logging_mixin.py:117} INFO - [2024-05-04T16:23:12.418+0000] {dagbag.py:525} INFO - Filling up the DagBag from /home/airflow/.local/lib/python3.7/site-packages/airflow/example_dags/example_kubernetes_executor.py
[2024-05-04T16:23:12.442+0000] {processor.py:768} INFO - DAG(s) dict_keys(['example_kubernetes_executor']) retrieved from /home/airflow/.local/lib/python3.7/site-packages/airflow/example_dags/example_kubernetes_executor.py
[2024-05-04T16:23:12.474+0000] {logging_mixin.py:117} INFO - [2024-05-04T16:23:12.474+0000] {dag.py:2573} INFO - Sync 1 DAGs
[2024-05-04T16:23:12.495+0000] {logging_mixin.py:117} INFO - [2024-05-04T16:23:12.494+0000] {dag.py:3328} INFO - Setting next_dagrun for example_kubernetes_executor to None, run_after=None
[2024-05-04T16:23:12.514+0000] {processor.py:178} INFO - Processing /home/airflow/.local/lib/python3.7/site-packages/airflow/example_dags/example_kubernetes_executor.py took 0.099 seconds
[2024-05-04T16:23:43.255+0000] {processor.py:156} INFO - Started process (PID=11000) to work on /home/airflow/.local/lib/python3.7/site-packages/airflow/example_dags/example_kubernetes_executor.py
[2024-05-04T16:23:43.256+0000] {processor.py:758} INFO - Processing file /home/airflow/.local/lib/python3.7/site-packages/airflow/example_dags/example_kubernetes_executor.py for tasks to queue
[2024-05-04T16:23:43.256+0000] {logging_mixin.py:117} INFO - [2024-05-04T16:23:43.256+0000] {dagbag.py:525} INFO - Filling up the DagBag from /home/airflow/.local/lib/python3.7/site-packages/airflow/example_dags/example_kubernetes_executor.py
[2024-05-04T16:23:43.283+0000] {processor.py:768} INFO - DAG(s) dict_keys(['example_kubernetes_executor']) retrieved from /home/airflow/.local/lib/python3.7/site-packages/airflow/example_dags/example_kubernetes_executor.py
[2024-05-04T16:23:43.320+0000] {logging_mixin.py:117} INFO - [2024-05-04T16:23:43.319+0000] {dag.py:2573} INFO - Sync 1 DAGs
[2024-05-04T16:23:43.342+0000] {logging_mixin.py:117} INFO - [2024-05-04T16:23:43.342+0000] {dag.py:3328} INFO - Setting next_dagrun for example_kubernetes_executor to None, run_after=None
[2024-05-04T16:23:43.367+0000] {processor.py:178} INFO - Processing /home/airflow/.local/lib/python3.7/site-packages/airflow/example_dags/example_kubernetes_executor.py took 0.114 seconds
[2024-05-04T16:24:14.118+0000] {processor.py:156} INFO - Started process (PID=11213) to work on /home/airflow/.local/lib/python3.7/site-packages/airflow/example_dags/example_kubernetes_executor.py
[2024-05-04T16:24:14.119+0000] {processor.py:758} INFO - Processing file /home/airflow/.local/lib/python3.7/site-packages/airflow/example_dags/example_kubernetes_executor.py for tasks to queue
[2024-05-04T16:24:14.119+0000] {logging_mixin.py:117} INFO - [2024-05-04T16:24:14.119+0000] {dagbag.py:525} INFO - Filling up the DagBag from /home/airflow/.local/lib/python3.7/site-packages/airflow/example_dags/example_kubernetes_executor.py
[2024-05-04T16:24:14.152+0000] {processor.py:768} INFO - DAG(s) dict_keys(['example_kubernetes_executor']) retrieved from /home/airflow/.local/lib/python3.7/site-packages/airflow/example_dags/example_kubernetes_executor.py
[2024-05-04T16:24:14.188+0000] {logging_mixin.py:117} INFO - [2024-05-04T16:24:14.188+0000] {dag.py:2573} INFO - Sync 1 DAGs
[2024-05-04T16:24:14.208+0000] {logging_mixin.py:117} INFO - [2024-05-04T16:24:14.208+0000] {dag.py:3328} INFO - Setting next_dagrun for example_kubernetes_executor to None, run_after=None
[2024-05-04T16:24:14.229+0000] {processor.py:178} INFO - Processing /home/airflow/.local/lib/python3.7/site-packages/airflow/example_dags/example_kubernetes_executor.py took 0.113 seconds
[2024-05-04T16:24:44.957+0000] {processor.py:156} INFO - Started process (PID=11418) to work on /home/airflow/.local/lib/python3.7/site-packages/airflow/example_dags/example_kubernetes_executor.py
[2024-05-04T16:24:44.957+0000] {processor.py:758} INFO - Processing file /home/airflow/.local/lib/python3.7/site-packages/airflow/example_dags/example_kubernetes_executor.py for tasks to queue
[2024-05-04T16:24:44.957+0000] {logging_mixin.py:117} INFO - [2024-05-04T16:24:44.957+0000] {dagbag.py:525} INFO - Filling up the DagBag from /home/airflow/.local/lib/python3.7/site-packages/airflow/example_dags/example_kubernetes_executor.py
[2024-05-04T16:24:44.981+0000] {processor.py:768} INFO - DAG(s) dict_keys(['example_kubernetes_executor']) retrieved from /home/airflow/.local/lib/python3.7/site-packages/airflow/example_dags/example_kubernetes_executor.py
[2024-05-04T16:24:45.013+0000] {logging_mixin.py:117} INFO - [2024-05-04T16:24:45.013+0000] {dag.py:2573} INFO - Sync 1 DAGs
[2024-05-04T16:24:45.034+0000] {logging_mixin.py:117} INFO - [2024-05-04T16:24:45.034+0000] {dag.py:3328} INFO - Setting next_dagrun for example_kubernetes_executor to None, run_after=None
[2024-05-04T16:24:45.053+0000] {processor.py:178} INFO - Processing /home/airflow/.local/lib/python3.7/site-packages/airflow/example_dags/example_kubernetes_executor.py took 0.099 seconds
[2024-05-04T16:25:15.645+0000] {processor.py:156} INFO - Started process (PID=11629) to work on /home/airflow/.local/lib/python3.7/site-packages/airflow/example_dags/example_kubernetes_executor.py
[2024-05-04T16:25:15.645+0000] {processor.py:758} INFO - Processing file /home/airflow/.local/lib/python3.7/site-packages/airflow/example_dags/example_kubernetes_executor.py for tasks to queue
[2024-05-04T16:25:15.646+0000] {logging_mixin.py:117} INFO - [2024-05-04T16:25:15.646+0000] {dagbag.py:525} INFO - Filling up the DagBag from /home/airflow/.local/lib/python3.7/site-packages/airflow/example_dags/example_kubernetes_executor.py
[2024-05-04T16:25:15.672+0000] {processor.py:768} INFO - DAG(s) dict_keys(['example_kubernetes_executor']) retrieved from /home/airflow/.local/lib/python3.7/site-packages/airflow/example_dags/example_kubernetes_executor.py
[2024-05-04T16:25:15.712+0000] {logging_mixin.py:117} INFO - [2024-05-04T16:25:15.712+0000] {dag.py:2573} INFO - Sync 1 DAGs
[2024-05-04T16:25:15.745+0000] {logging_mixin.py:117} INFO - [2024-05-04T16:25:15.745+0000] {dag.py:3328} INFO - Setting next_dagrun for example_kubernetes_executor to None, run_after=None
[2024-05-04T16:25:15.772+0000] {processor.py:178} INFO - Processing /home/airflow/.local/lib/python3.7/site-packages/airflow/example_dags/example_kubernetes_executor.py took 0.130 seconds
[2024-05-04T16:25:45.887+0000] {processor.py:156} INFO - Started process (PID=11845) to work on /home/airflow/.local/lib/python3.7/site-packages/airflow/example_dags/example_kubernetes_executor.py
[2024-05-04T16:25:45.887+0000] {processor.py:758} INFO - Processing file /home/airflow/.local/lib/python3.7/site-packages/airflow/example_dags/example_kubernetes_executor.py for tasks to queue
[2024-05-04T16:25:45.888+0000] {logging_mixin.py:117} INFO - [2024-05-04T16:25:45.888+0000] {dagbag.py:525} INFO - Filling up the DagBag from /home/airflow/.local/lib/python3.7/site-packages/airflow/example_dags/example_kubernetes_executor.py
[2024-05-04T16:25:45.912+0000] {processor.py:768} INFO - DAG(s) dict_keys(['example_kubernetes_executor']) retrieved from /home/airflow/.local/lib/python3.7/site-packages/airflow/example_dags/example_kubernetes_executor.py
[2024-05-04T16:25:45.945+0000] {logging_mixin.py:117} INFO - [2024-05-04T16:25:45.945+0000] {dag.py:2573} INFO - Sync 1 DAGs
[2024-05-04T16:25:45.965+0000] {logging_mixin.py:117} INFO - [2024-05-04T16:25:45.965+0000] {dag.py:3328} INFO - Setting next_dagrun for example_kubernetes_executor to None, run_after=None
[2024-05-04T16:25:45.985+0000] {processor.py:178} INFO - Processing /home/airflow/.local/lib/python3.7/site-packages/airflow/example_dags/example_kubernetes_executor.py took 0.101 seconds
[2024-05-04T16:26:16.407+0000] {processor.py:156} INFO - Started process (PID=12064) to work on /home/airflow/.local/lib/python3.7/site-packages/airflow/example_dags/example_kubernetes_executor.py
[2024-05-04T16:26:16.407+0000] {processor.py:758} INFO - Processing file /home/airflow/.local/lib/python3.7/site-packages/airflow/example_dags/example_kubernetes_executor.py for tasks to queue
[2024-05-04T16:26:16.408+0000] {logging_mixin.py:117} INFO - [2024-05-04T16:26:16.408+0000] {dagbag.py:525} INFO - Filling up the DagBag from /home/airflow/.local/lib/python3.7/site-packages/airflow/example_dags/example_kubernetes_executor.py
[2024-05-04T16:26:16.442+0000] {processor.py:768} INFO - DAG(s) dict_keys(['example_kubernetes_executor']) retrieved from /home/airflow/.local/lib/python3.7/site-packages/airflow/example_dags/example_kubernetes_executor.py
[2024-05-04T16:26:16.487+0000] {logging_mixin.py:117} INFO - [2024-05-04T16:26:16.486+0000] {dag.py:2573} INFO - Sync 1 DAGs
[2024-05-04T16:26:16.514+0000] {logging_mixin.py:117} INFO - [2024-05-04T16:26:16.514+0000] {dag.py:3328} INFO - Setting next_dagrun for example_kubernetes_executor to None, run_after=None
[2024-05-04T16:26:16.537+0000] {processor.py:178} INFO - Processing /home/airflow/.local/lib/python3.7/site-packages/airflow/example_dags/example_kubernetes_executor.py took 0.133 seconds
[2024-05-04T16:26:46.608+0000] {processor.py:156} INFO - Started process (PID=12266) to work on /home/airflow/.local/lib/python3.7/site-packages/airflow/example_dags/example_kubernetes_executor.py
[2024-05-04T16:26:46.609+0000] {processor.py:758} INFO - Processing file /home/airflow/.local/lib/python3.7/site-packages/airflow/example_dags/example_kubernetes_executor.py for tasks to queue
[2024-05-04T16:26:46.610+0000] {logging_mixin.py:117} INFO - [2024-05-04T16:26:46.610+0000] {dagbag.py:525} INFO - Filling up the DagBag from /home/airflow/.local/lib/python3.7/site-packages/airflow/example_dags/example_kubernetes_executor.py
[2024-05-04T16:26:46.647+0000] {processor.py:768} INFO - DAG(s) dict_keys(['example_kubernetes_executor']) retrieved from /home/airflow/.local/lib/python3.7/site-packages/airflow/example_dags/example_kubernetes_executor.py
[2024-05-04T16:26:46.690+0000] {logging_mixin.py:117} INFO - [2024-05-04T16:26:46.690+0000] {dag.py:2573} INFO - Sync 1 DAGs
[2024-05-04T16:26:46.711+0000] {logging_mixin.py:117} INFO - [2024-05-04T16:26:46.711+0000] {dag.py:3328} INFO - Setting next_dagrun for example_kubernetes_executor to None, run_after=None
[2024-05-04T16:26:46.731+0000] {processor.py:178} INFO - Processing /home/airflow/.local/lib/python3.7/site-packages/airflow/example_dags/example_kubernetes_executor.py took 0.126 seconds
[2024-05-04T16:27:17.630+0000] {processor.py:156} INFO - Started process (PID=12481) to work on /home/airflow/.local/lib/python3.7/site-packages/airflow/example_dags/example_kubernetes_executor.py
[2024-05-04T16:27:17.631+0000] {processor.py:758} INFO - Processing file /home/airflow/.local/lib/python3.7/site-packages/airflow/example_dags/example_kubernetes_executor.py for tasks to queue
[2024-05-04T16:27:17.631+0000] {logging_mixin.py:117} INFO - [2024-05-04T16:27:17.631+0000] {dagbag.py:525} INFO - Filling up the DagBag from /home/airflow/.local/lib/python3.7/site-packages/airflow/example_dags/example_kubernetes_executor.py
[2024-05-04T16:27:17.663+0000] {processor.py:768} INFO - DAG(s) dict_keys(['example_kubernetes_executor']) retrieved from /home/airflow/.local/lib/python3.7/site-packages/airflow/example_dags/example_kubernetes_executor.py
[2024-05-04T16:27:17.700+0000] {logging_mixin.py:117} INFO - [2024-05-04T16:27:17.700+0000] {dag.py:2573} INFO - Sync 1 DAGs
[2024-05-04T16:27:17.721+0000] {logging_mixin.py:117} INFO - [2024-05-04T16:27:17.720+0000] {dag.py:3328} INFO - Setting next_dagrun for example_kubernetes_executor to None, run_after=None
[2024-05-04T16:27:17.740+0000] {processor.py:178} INFO - Processing /home/airflow/.local/lib/python3.7/site-packages/airflow/example_dags/example_kubernetes_executor.py took 0.113 seconds
[2024-05-04T16:27:47.766+0000] {processor.py:156} INFO - Started process (PID=12692) to work on /home/airflow/.local/lib/python3.7/site-packages/airflow/example_dags/example_kubernetes_executor.py
[2024-05-04T16:27:47.767+0000] {processor.py:758} INFO - Processing file /home/airflow/.local/lib/python3.7/site-packages/airflow/example_dags/example_kubernetes_executor.py for tasks to queue
[2024-05-04T16:27:47.767+0000] {logging_mixin.py:117} INFO - [2024-05-04T16:27:47.767+0000] {dagbag.py:525} INFO - Filling up the DagBag from /home/airflow/.local/lib/python3.7/site-packages/airflow/example_dags/example_kubernetes_executor.py
[2024-05-04T16:27:47.792+0000] {processor.py:768} INFO - DAG(s) dict_keys(['example_kubernetes_executor']) retrieved from /home/airflow/.local/lib/python3.7/site-packages/airflow/example_dags/example_kubernetes_executor.py
[2024-05-04T16:27:47.827+0000] {logging_mixin.py:117} INFO - [2024-05-04T16:27:47.827+0000] {dag.py:2573} INFO - Sync 1 DAGs
[2024-05-04T16:27:47.849+0000] {logging_mixin.py:117} INFO - [2024-05-04T16:27:47.849+0000] {dag.py:3328} INFO - Setting next_dagrun for example_kubernetes_executor to None, run_after=None
[2024-05-04T16:27:47.870+0000] {processor.py:178} INFO - Processing /home/airflow/.local/lib/python3.7/site-packages/airflow/example_dags/example_kubernetes_executor.py took 0.106 seconds
[2024-05-04T16:28:18.234+0000] {processor.py:156} INFO - Started process (PID=12905) to work on /home/airflow/.local/lib/python3.7/site-packages/airflow/example_dags/example_kubernetes_executor.py
[2024-05-04T16:28:18.235+0000] {processor.py:758} INFO - Processing file /home/airflow/.local/lib/python3.7/site-packages/airflow/example_dags/example_kubernetes_executor.py for tasks to queue
[2024-05-04T16:28:18.235+0000] {logging_mixin.py:117} INFO - [2024-05-04T16:28:18.235+0000] {dagbag.py:525} INFO - Filling up the DagBag from /home/airflow/.local/lib/python3.7/site-packages/airflow/example_dags/example_kubernetes_executor.py
[2024-05-04T16:28:18.271+0000] {processor.py:768} INFO - DAG(s) dict_keys(['example_kubernetes_executor']) retrieved from /home/airflow/.local/lib/python3.7/site-packages/airflow/example_dags/example_kubernetes_executor.py
[2024-05-04T16:28:18.321+0000] {logging_mixin.py:117} INFO - [2024-05-04T16:28:18.320+0000] {dag.py:2573} INFO - Sync 1 DAGs
[2024-05-04T16:28:18.350+0000] {logging_mixin.py:117} INFO - [2024-05-04T16:28:18.350+0000] {dag.py:3328} INFO - Setting next_dagrun for example_kubernetes_executor to None, run_after=None
[2024-05-04T16:28:18.373+0000] {processor.py:178} INFO - Processing /home/airflow/.local/lib/python3.7/site-packages/airflow/example_dags/example_kubernetes_executor.py took 0.142 seconds
[2024-05-04T16:28:49.270+0000] {processor.py:156} INFO - Started process (PID=13109) to work on /home/airflow/.local/lib/python3.7/site-packages/airflow/example_dags/example_kubernetes_executor.py
[2024-05-04T16:28:49.271+0000] {processor.py:758} INFO - Processing file /home/airflow/.local/lib/python3.7/site-packages/airflow/example_dags/example_kubernetes_executor.py for tasks to queue
[2024-05-04T16:28:49.272+0000] {logging_mixin.py:117} INFO - [2024-05-04T16:28:49.271+0000] {dagbag.py:525} INFO - Filling up the DagBag from /home/airflow/.local/lib/python3.7/site-packages/airflow/example_dags/example_kubernetes_executor.py
[2024-05-04T16:28:49.307+0000] {processor.py:768} INFO - DAG(s) dict_keys(['example_kubernetes_executor']) retrieved from /home/airflow/.local/lib/python3.7/site-packages/airflow/example_dags/example_kubernetes_executor.py
[2024-05-04T16:28:49.352+0000] {logging_mixin.py:117} INFO - [2024-05-04T16:28:49.352+0000] {dag.py:2573} INFO - Sync 1 DAGs
[2024-05-04T16:28:49.378+0000] {logging_mixin.py:117} INFO - [2024-05-04T16:28:49.378+0000] {dag.py:3328} INFO - Setting next_dagrun for example_kubernetes_executor to None, run_after=None
[2024-05-04T16:28:49.398+0000] {processor.py:178} INFO - Processing /home/airflow/.local/lib/python3.7/site-packages/airflow/example_dags/example_kubernetes_executor.py took 0.131 seconds
[2024-05-04T16:29:20.003+0000] {processor.py:156} INFO - Started process (PID=13323) to work on /home/airflow/.local/lib/python3.7/site-packages/airflow/example_dags/example_kubernetes_executor.py
[2024-05-04T16:29:20.003+0000] {processor.py:758} INFO - Processing file /home/airflow/.local/lib/python3.7/site-packages/airflow/example_dags/example_kubernetes_executor.py for tasks to queue
[2024-05-04T16:29:20.004+0000] {logging_mixin.py:117} INFO - [2024-05-04T16:29:20.004+0000] {dagbag.py:525} INFO - Filling up the DagBag from /home/airflow/.local/lib/python3.7/site-packages/airflow/example_dags/example_kubernetes_executor.py
[2024-05-04T16:29:20.028+0000] {processor.py:768} INFO - DAG(s) dict_keys(['example_kubernetes_executor']) retrieved from /home/airflow/.local/lib/python3.7/site-packages/airflow/example_dags/example_kubernetes_executor.py
[2024-05-04T16:29:20.066+0000] {logging_mixin.py:117} INFO - [2024-05-04T16:29:20.065+0000] {dag.py:2573} INFO - Sync 1 DAGs
[2024-05-04T16:29:20.088+0000] {logging_mixin.py:117} INFO - [2024-05-04T16:29:20.088+0000] {dag.py:3328} INFO - Setting next_dagrun for example_kubernetes_executor to None, run_after=None
[2024-05-04T16:29:20.110+0000] {processor.py:178} INFO - Processing /home/airflow/.local/lib/python3.7/site-packages/airflow/example_dags/example_kubernetes_executor.py took 0.110 seconds
