[2024-05-04T15:58:06.176+0000] {processor.py:156} INFO - Started process (PID=310) to work on /home/airflow/.local/lib/python3.7/site-packages/airflow/example_dags/example_external_task_marker_dag.py
[2024-05-04T15:58:06.176+0000] {processor.py:758} INFO - Processing file /home/airflow/.local/lib/python3.7/site-packages/airflow/example_dags/example_external_task_marker_dag.py for tasks to queue
[2024-05-04T15:58:06.177+0000] {logging_mixin.py:117} INFO - [2024-05-04T15:58:06.177+0000] {dagbag.py:525} INFO - Filling up the DagBag from /home/airflow/.local/lib/python3.7/site-packages/airflow/example_dags/example_external_task_marker_dag.py
[2024-05-04T15:58:06.210+0000] {processor.py:768} INFO - DAG(s) dict_keys(['example_external_task_marker_child', 'example_external_task_marker_parent']) retrieved from /home/airflow/.local/lib/python3.7/site-packages/airflow/example_dags/example_external_task_marker_dag.py
[2024-05-04T15:58:06.933+0000] {logging_mixin.py:117} INFO - [2024-05-04T15:58:06.932+0000] {manager.py:507} INFO - Created Permission View: can read on DAG:example_external_task_marker_child
[2024-05-04T15:58:06.954+0000] {logging_mixin.py:117} INFO - [2024-05-04T15:58:06.954+0000] {manager.py:507} INFO - Created Permission View: can edit on DAG:example_external_task_marker_child
[2024-05-04T15:58:06.971+0000] {logging_mixin.py:117} INFO - [2024-05-04T15:58:06.971+0000] {manager.py:507} INFO - Created Permission View: can delete on DAG:example_external_task_marker_child
[2024-05-04T15:58:07.005+0000] {logging_mixin.py:117} INFO - [2024-05-04T15:58:07.005+0000] {manager.py:507} INFO - Created Permission View: can read on DAG:example_external_task_marker_parent
[2024-05-04T15:58:07.019+0000] {logging_mixin.py:117} INFO - [2024-05-04T15:58:07.019+0000] {manager.py:507} INFO - Created Permission View: can edit on DAG:example_external_task_marker_parent
[2024-05-04T15:58:07.031+0000] {logging_mixin.py:117} INFO - [2024-05-04T15:58:07.031+0000] {manager.py:507} INFO - Created Permission View: can delete on DAG:example_external_task_marker_parent
[2024-05-04T15:58:07.032+0000] {logging_mixin.py:117} INFO - [2024-05-04T15:58:07.032+0000] {dag.py:2573} INFO - Sync 2 DAGs
[2024-05-04T15:58:07.054+0000] {logging_mixin.py:117} INFO - [2024-05-04T15:58:07.054+0000] {dag.py:2594} INFO - Creating ORM DAG for example_external_task_marker_parent
[2024-05-04T15:58:07.056+0000] {logging_mixin.py:117} INFO - [2024-05-04T15:58:07.056+0000] {dag.py:2594} INFO - Creating ORM DAG for example_external_task_marker_child
[2024-05-04T15:58:07.078+0000] {logging_mixin.py:117} INFO - [2024-05-04T15:58:07.078+0000] {dag.py:3328} INFO - Setting next_dagrun for example_external_task_marker_child to None, run_after=None
[2024-05-04T15:58:07.078+0000] {logging_mixin.py:117} INFO - [2024-05-04T15:58:07.078+0000] {dag.py:3328} INFO - Setting next_dagrun for example_external_task_marker_parent to None, run_after=None
[2024-05-04T15:58:07.109+0000] {processor.py:178} INFO - Processing /home/airflow/.local/lib/python3.7/site-packages/airflow/example_dags/example_external_task_marker_dag.py took 0.936 seconds
[2024-05-04T15:58:43.339+0000] {processor.py:156} INFO - Started process (PID=571) to work on /home/airflow/.local/lib/python3.7/site-packages/airflow/example_dags/example_external_task_marker_dag.py
[2024-05-04T15:58:43.340+0000] {processor.py:758} INFO - Processing file /home/airflow/.local/lib/python3.7/site-packages/airflow/example_dags/example_external_task_marker_dag.py for tasks to queue
[2024-05-04T15:58:43.340+0000] {logging_mixin.py:117} INFO - [2024-05-04T15:58:43.340+0000] {dagbag.py:525} INFO - Filling up the DagBag from /home/airflow/.local/lib/python3.7/site-packages/airflow/example_dags/example_external_task_marker_dag.py
[2024-05-04T15:58:43.360+0000] {processor.py:768} INFO - DAG(s) dict_keys(['example_external_task_marker_parent', 'example_external_task_marker_child']) retrieved from /home/airflow/.local/lib/python3.7/site-packages/airflow/example_dags/example_external_task_marker_dag.py
[2024-05-04T15:58:43.613+0000] {logging_mixin.py:117} INFO - [2024-05-04T15:58:43.613+0000] {dag.py:2573} INFO - Sync 2 DAGs
[2024-05-04T15:58:43.784+0000] {logging_mixin.py:117} INFO - [2024-05-04T15:58:43.784+0000] {dag.py:3328} INFO - Setting next_dagrun for example_external_task_marker_child to None, run_after=None
[2024-05-04T15:58:43.787+0000] {logging_mixin.py:117} INFO - [2024-05-04T15:58:43.787+0000] {dag.py:3328} INFO - Setting next_dagrun for example_external_task_marker_parent to None, run_after=None
[2024-05-04T15:58:43.806+0000] {processor.py:178} INFO - Processing /home/airflow/.local/lib/python3.7/site-packages/airflow/example_dags/example_external_task_marker_dag.py took 0.470 seconds
[2024-05-04T15:59:13.903+0000] {processor.py:156} INFO - Started process (PID=826) to work on /home/airflow/.local/lib/python3.7/site-packages/airflow/example_dags/example_external_task_marker_dag.py
[2024-05-04T15:59:13.904+0000] {processor.py:758} INFO - Processing file /home/airflow/.local/lib/python3.7/site-packages/airflow/example_dags/example_external_task_marker_dag.py for tasks to queue
[2024-05-04T15:59:13.904+0000] {logging_mixin.py:117} INFO - [2024-05-04T15:59:13.904+0000] {dagbag.py:525} INFO - Filling up the DagBag from /home/airflow/.local/lib/python3.7/site-packages/airflow/example_dags/example_external_task_marker_dag.py
[2024-05-04T15:59:13.916+0000] {processor.py:768} INFO - DAG(s) dict_keys(['example_external_task_marker_child', 'example_external_task_marker_parent']) retrieved from /home/airflow/.local/lib/python3.7/site-packages/airflow/example_dags/example_external_task_marker_dag.py
[2024-05-04T15:59:14.282+0000] {logging_mixin.py:117} INFO - [2024-05-04T15:59:14.282+0000] {dag.py:2573} INFO - Sync 2 DAGs
[2024-05-04T15:59:14.305+0000] {logging_mixin.py:117} INFO - [2024-05-04T15:59:14.305+0000] {dag.py:3328} INFO - Setting next_dagrun for example_external_task_marker_child to None, run_after=None
[2024-05-04T15:59:14.309+0000] {logging_mixin.py:117} INFO - [2024-05-04T15:59:14.309+0000] {dag.py:3328} INFO - Setting next_dagrun for example_external_task_marker_parent to None, run_after=None
[2024-05-04T15:59:14.330+0000] {processor.py:178} INFO - Processing /home/airflow/.local/lib/python3.7/site-packages/airflow/example_dags/example_external_task_marker_dag.py took 0.429 seconds
[2024-05-04T15:59:44.490+0000] {processor.py:156} INFO - Started process (PID=1041) to work on /home/airflow/.local/lib/python3.7/site-packages/airflow/example_dags/example_external_task_marker_dag.py
[2024-05-04T15:59:44.491+0000] {processor.py:758} INFO - Processing file /home/airflow/.local/lib/python3.7/site-packages/airflow/example_dags/example_external_task_marker_dag.py for tasks to queue
[2024-05-04T15:59:44.491+0000] {logging_mixin.py:117} INFO - [2024-05-04T15:59:44.491+0000] {dagbag.py:525} INFO - Filling up the DagBag from /home/airflow/.local/lib/python3.7/site-packages/airflow/example_dags/example_external_task_marker_dag.py
[2024-05-04T15:59:44.507+0000] {processor.py:768} INFO - DAG(s) dict_keys(['example_external_task_marker_child', 'example_external_task_marker_parent']) retrieved from /home/airflow/.local/lib/python3.7/site-packages/airflow/example_dags/example_external_task_marker_dag.py
[2024-05-04T15:59:44.870+0000] {logging_mixin.py:117} INFO - [2024-05-04T15:59:44.869+0000] {dag.py:2573} INFO - Sync 2 DAGs
[2024-05-04T15:59:44.888+0000] {logging_mixin.py:117} INFO - [2024-05-04T15:59:44.888+0000] {dag.py:3328} INFO - Setting next_dagrun for example_external_task_marker_child to None, run_after=None
[2024-05-04T15:59:44.890+0000] {logging_mixin.py:117} INFO - [2024-05-04T15:59:44.890+0000] {dag.py:3328} INFO - Setting next_dagrun for example_external_task_marker_parent to None, run_after=None
[2024-05-04T15:59:44.909+0000] {processor.py:178} INFO - Processing /home/airflow/.local/lib/python3.7/site-packages/airflow/example_dags/example_external_task_marker_dag.py took 0.422 seconds
[2024-05-04T16:00:14.953+0000] {processor.py:156} INFO - Started process (PID=1254) to work on /home/airflow/.local/lib/python3.7/site-packages/airflow/example_dags/example_external_task_marker_dag.py
[2024-05-04T16:00:14.954+0000] {processor.py:758} INFO - Processing file /home/airflow/.local/lib/python3.7/site-packages/airflow/example_dags/example_external_task_marker_dag.py for tasks to queue
[2024-05-04T16:00:14.954+0000] {logging_mixin.py:117} INFO - [2024-05-04T16:00:14.954+0000] {dagbag.py:525} INFO - Filling up the DagBag from /home/airflow/.local/lib/python3.7/site-packages/airflow/example_dags/example_external_task_marker_dag.py
[2024-05-04T16:00:14.967+0000] {processor.py:768} INFO - DAG(s) dict_keys(['example_external_task_marker_child', 'example_external_task_marker_parent']) retrieved from /home/airflow/.local/lib/python3.7/site-packages/airflow/example_dags/example_external_task_marker_dag.py
[2024-05-04T16:00:15.297+0000] {logging_mixin.py:117} INFO - [2024-05-04T16:00:15.296+0000] {dag.py:2573} INFO - Sync 2 DAGs
[2024-05-04T16:00:15.326+0000] {logging_mixin.py:117} INFO - [2024-05-04T16:00:15.326+0000] {dag.py:3328} INFO - Setting next_dagrun for example_external_task_marker_child to None, run_after=None
[2024-05-04T16:00:15.330+0000] {logging_mixin.py:117} INFO - [2024-05-04T16:00:15.330+0000] {dag.py:3328} INFO - Setting next_dagrun for example_external_task_marker_parent to None, run_after=None
[2024-05-04T16:00:15.352+0000] {processor.py:178} INFO - Processing /home/airflow/.local/lib/python3.7/site-packages/airflow/example_dags/example_external_task_marker_dag.py took 0.402 seconds
[2024-05-04T16:00:45.634+0000] {processor.py:156} INFO - Started process (PID=1472) to work on /home/airflow/.local/lib/python3.7/site-packages/airflow/example_dags/example_external_task_marker_dag.py
[2024-05-04T16:00:45.635+0000] {processor.py:758} INFO - Processing file /home/airflow/.local/lib/python3.7/site-packages/airflow/example_dags/example_external_task_marker_dag.py for tasks to queue
[2024-05-04T16:00:45.636+0000] {logging_mixin.py:117} INFO - [2024-05-04T16:00:45.635+0000] {dagbag.py:525} INFO - Filling up the DagBag from /home/airflow/.local/lib/python3.7/site-packages/airflow/example_dags/example_external_task_marker_dag.py
[2024-05-04T16:00:45.811+0000] {processor.py:768} INFO - DAG(s) dict_keys(['example_external_task_marker_parent', 'example_external_task_marker_child']) retrieved from /home/airflow/.local/lib/python3.7/site-packages/airflow/example_dags/example_external_task_marker_dag.py
[2024-05-04T16:00:46.065+0000] {logging_mixin.py:117} INFO - [2024-05-04T16:00:46.064+0000] {dag.py:2573} INFO - Sync 2 DAGs
[2024-05-04T16:00:46.086+0000] {logging_mixin.py:117} INFO - [2024-05-04T16:00:46.086+0000] {dag.py:3328} INFO - Setting next_dagrun for example_external_task_marker_child to None, run_after=None
[2024-05-04T16:00:46.089+0000] {logging_mixin.py:117} INFO - [2024-05-04T16:00:46.088+0000] {dag.py:3328} INFO - Setting next_dagrun for example_external_task_marker_parent to None, run_after=None
[2024-05-04T16:00:46.106+0000] {processor.py:178} INFO - Processing /home/airflow/.local/lib/python3.7/site-packages/airflow/example_dags/example_external_task_marker_dag.py took 0.475 seconds
[2024-05-04T16:01:16.902+0000] {processor.py:156} INFO - Started process (PID=1676) to work on /home/airflow/.local/lib/python3.7/site-packages/airflow/example_dags/example_external_task_marker_dag.py
[2024-05-04T16:01:16.903+0000] {processor.py:758} INFO - Processing file /home/airflow/.local/lib/python3.7/site-packages/airflow/example_dags/example_external_task_marker_dag.py for tasks to queue
[2024-05-04T16:01:16.903+0000] {logging_mixin.py:117} INFO - [2024-05-04T16:01:16.903+0000] {dagbag.py:525} INFO - Filling up the DagBag from /home/airflow/.local/lib/python3.7/site-packages/airflow/example_dags/example_external_task_marker_dag.py
[2024-05-04T16:01:16.916+0000] {processor.py:768} INFO - DAG(s) dict_keys(['example_external_task_marker_child', 'example_external_task_marker_parent']) retrieved from /home/airflow/.local/lib/python3.7/site-packages/airflow/example_dags/example_external_task_marker_dag.py
[2024-05-04T16:01:17.095+0000] {logging_mixin.py:117} INFO - [2024-05-04T16:01:17.095+0000] {dag.py:2573} INFO - Sync 2 DAGs
[2024-05-04T16:01:17.114+0000] {logging_mixin.py:117} INFO - [2024-05-04T16:01:17.114+0000] {dag.py:3328} INFO - Setting next_dagrun for example_external_task_marker_child to None, run_after=None
[2024-05-04T16:01:17.116+0000] {logging_mixin.py:117} INFO - [2024-05-04T16:01:17.116+0000] {dag.py:3328} INFO - Setting next_dagrun for example_external_task_marker_parent to None, run_after=None
[2024-05-04T16:01:17.138+0000] {processor.py:178} INFO - Processing /home/airflow/.local/lib/python3.7/site-packages/airflow/example_dags/example_external_task_marker_dag.py took 0.239 seconds
[2024-05-04T16:01:47.635+0000] {processor.py:156} INFO - Started process (PID=1889) to work on /home/airflow/.local/lib/python3.7/site-packages/airflow/example_dags/example_external_task_marker_dag.py
[2024-05-04T16:01:47.636+0000] {processor.py:758} INFO - Processing file /home/airflow/.local/lib/python3.7/site-packages/airflow/example_dags/example_external_task_marker_dag.py for tasks to queue
[2024-05-04T16:01:47.637+0000] {logging_mixin.py:117} INFO - [2024-05-04T16:01:47.637+0000] {dagbag.py:525} INFO - Filling up the DagBag from /home/airflow/.local/lib/python3.7/site-packages/airflow/example_dags/example_external_task_marker_dag.py
[2024-05-04T16:01:47.651+0000] {processor.py:768} INFO - DAG(s) dict_keys(['example_external_task_marker_parent', 'example_external_task_marker_child']) retrieved from /home/airflow/.local/lib/python3.7/site-packages/airflow/example_dags/example_external_task_marker_dag.py
[2024-05-04T16:01:47.863+0000] {logging_mixin.py:117} INFO - [2024-05-04T16:01:47.863+0000] {dag.py:2573} INFO - Sync 2 DAGs
[2024-05-04T16:01:47.887+0000] {logging_mixin.py:117} INFO - [2024-05-04T16:01:47.887+0000] {dag.py:3328} INFO - Setting next_dagrun for example_external_task_marker_child to None, run_after=None
[2024-05-04T16:01:47.890+0000] {logging_mixin.py:117} INFO - [2024-05-04T16:01:47.890+0000] {dag.py:3328} INFO - Setting next_dagrun for example_external_task_marker_parent to None, run_after=None
[2024-05-04T16:01:47.909+0000] {processor.py:178} INFO - Processing /home/airflow/.local/lib/python3.7/site-packages/airflow/example_dags/example_external_task_marker_dag.py took 0.276 seconds
[2024-05-04T16:02:18.456+0000] {processor.py:156} INFO - Started process (PID=2102) to work on /home/airflow/.local/lib/python3.7/site-packages/airflow/example_dags/example_external_task_marker_dag.py
[2024-05-04T16:02:18.457+0000] {processor.py:758} INFO - Processing file /home/airflow/.local/lib/python3.7/site-packages/airflow/example_dags/example_external_task_marker_dag.py for tasks to queue
[2024-05-04T16:02:18.458+0000] {logging_mixin.py:117} INFO - [2024-05-04T16:02:18.457+0000] {dagbag.py:525} INFO - Filling up the DagBag from /home/airflow/.local/lib/python3.7/site-packages/airflow/example_dags/example_external_task_marker_dag.py
[2024-05-04T16:02:18.471+0000] {processor.py:768} INFO - DAG(s) dict_keys(['example_external_task_marker_child', 'example_external_task_marker_parent']) retrieved from /home/airflow/.local/lib/python3.7/site-packages/airflow/example_dags/example_external_task_marker_dag.py
[2024-05-04T16:02:18.679+0000] {logging_mixin.py:117} INFO - [2024-05-04T16:02:18.679+0000] {dag.py:2573} INFO - Sync 2 DAGs
[2024-05-04T16:02:18.704+0000] {logging_mixin.py:117} INFO - [2024-05-04T16:02:18.704+0000] {dag.py:3328} INFO - Setting next_dagrun for example_external_task_marker_child to None, run_after=None
[2024-05-04T16:02:18.708+0000] {logging_mixin.py:117} INFO - [2024-05-04T16:02:18.708+0000] {dag.py:3328} INFO - Setting next_dagrun for example_external_task_marker_parent to None, run_after=None
[2024-05-04T16:02:18.728+0000] {processor.py:178} INFO - Processing /home/airflow/.local/lib/python3.7/site-packages/airflow/example_dags/example_external_task_marker_dag.py took 0.274 seconds
[2024-05-04T16:02:49.242+0000] {processor.py:156} INFO - Started process (PID=2315) to work on /home/airflow/.local/lib/python3.7/site-packages/airflow/example_dags/example_external_task_marker_dag.py
[2024-05-04T16:02:49.242+0000] {processor.py:758} INFO - Processing file /home/airflow/.local/lib/python3.7/site-packages/airflow/example_dags/example_external_task_marker_dag.py for tasks to queue
[2024-05-04T16:02:49.243+0000] {logging_mixin.py:117} INFO - [2024-05-04T16:02:49.243+0000] {dagbag.py:525} INFO - Filling up the DagBag from /home/airflow/.local/lib/python3.7/site-packages/airflow/example_dags/example_external_task_marker_dag.py
[2024-05-04T16:02:49.257+0000] {processor.py:768} INFO - DAG(s) dict_keys(['example_external_task_marker_parent', 'example_external_task_marker_child']) retrieved from /home/airflow/.local/lib/python3.7/site-packages/airflow/example_dags/example_external_task_marker_dag.py
[2024-05-04T16:02:49.486+0000] {logging_mixin.py:117} INFO - [2024-05-04T16:02:49.486+0000] {dag.py:2573} INFO - Sync 2 DAGs
[2024-05-04T16:02:49.510+0000] {logging_mixin.py:117} INFO - [2024-05-04T16:02:49.510+0000] {dag.py:3328} INFO - Setting next_dagrun for example_external_task_marker_child to None, run_after=None
[2024-05-04T16:02:49.512+0000] {logging_mixin.py:117} INFO - [2024-05-04T16:02:49.512+0000] {dag.py:3328} INFO - Setting next_dagrun for example_external_task_marker_parent to None, run_after=None
[2024-05-04T16:02:49.533+0000] {processor.py:178} INFO - Processing /home/airflow/.local/lib/python3.7/site-packages/airflow/example_dags/example_external_task_marker_dag.py took 0.293 seconds
[2024-05-04T16:03:19.941+0000] {processor.py:156} INFO - Started process (PID=2520) to work on /home/airflow/.local/lib/python3.7/site-packages/airflow/example_dags/example_external_task_marker_dag.py
[2024-05-04T16:03:19.942+0000] {processor.py:758} INFO - Processing file /home/airflow/.local/lib/python3.7/site-packages/airflow/example_dags/example_external_task_marker_dag.py for tasks to queue
[2024-05-04T16:03:19.942+0000] {logging_mixin.py:117} INFO - [2024-05-04T16:03:19.942+0000] {dagbag.py:525} INFO - Filling up the DagBag from /home/airflow/.local/lib/python3.7/site-packages/airflow/example_dags/example_external_task_marker_dag.py
[2024-05-04T16:03:19.956+0000] {processor.py:768} INFO - DAG(s) dict_keys(['example_external_task_marker_child', 'example_external_task_marker_parent']) retrieved from /home/airflow/.local/lib/python3.7/site-packages/airflow/example_dags/example_external_task_marker_dag.py
[2024-05-04T16:03:20.154+0000] {logging_mixin.py:117} INFO - [2024-05-04T16:03:20.154+0000] {dag.py:2573} INFO - Sync 2 DAGs
[2024-05-04T16:03:20.180+0000] {logging_mixin.py:117} INFO - [2024-05-04T16:03:20.179+0000] {dag.py:3328} INFO - Setting next_dagrun for example_external_task_marker_child to None, run_after=None
[2024-05-04T16:03:20.183+0000] {logging_mixin.py:117} INFO - [2024-05-04T16:03:20.183+0000] {dag.py:3328} INFO - Setting next_dagrun for example_external_task_marker_parent to None, run_after=None
[2024-05-04T16:03:20.205+0000] {processor.py:178} INFO - Processing /home/airflow/.local/lib/python3.7/site-packages/airflow/example_dags/example_external_task_marker_dag.py took 0.268 seconds
[2024-05-04T16:03:50.608+0000] {processor.py:156} INFO - Started process (PID=2733) to work on /home/airflow/.local/lib/python3.7/site-packages/airflow/example_dags/example_external_task_marker_dag.py
[2024-05-04T16:03:50.608+0000] {processor.py:758} INFO - Processing file /home/airflow/.local/lib/python3.7/site-packages/airflow/example_dags/example_external_task_marker_dag.py for tasks to queue
[2024-05-04T16:03:50.609+0000] {logging_mixin.py:117} INFO - [2024-05-04T16:03:50.609+0000] {dagbag.py:525} INFO - Filling up the DagBag from /home/airflow/.local/lib/python3.7/site-packages/airflow/example_dags/example_external_task_marker_dag.py
[2024-05-04T16:03:50.623+0000] {processor.py:768} INFO - DAG(s) dict_keys(['example_external_task_marker_parent', 'example_external_task_marker_child']) retrieved from /home/airflow/.local/lib/python3.7/site-packages/airflow/example_dags/example_external_task_marker_dag.py
[2024-05-04T16:03:50.809+0000] {logging_mixin.py:117} INFO - [2024-05-04T16:03:50.809+0000] {dag.py:2573} INFO - Sync 2 DAGs
[2024-05-04T16:03:50.831+0000] {logging_mixin.py:117} INFO - [2024-05-04T16:03:50.831+0000] {dag.py:3328} INFO - Setting next_dagrun for example_external_task_marker_child to None, run_after=None
[2024-05-04T16:03:50.833+0000] {logging_mixin.py:117} INFO - [2024-05-04T16:03:50.833+0000] {dag.py:3328} INFO - Setting next_dagrun for example_external_task_marker_parent to None, run_after=None
[2024-05-04T16:03:50.853+0000] {processor.py:178} INFO - Processing /home/airflow/.local/lib/python3.7/site-packages/airflow/example_dags/example_external_task_marker_dag.py took 0.248 seconds
[2024-05-04T16:04:21.156+0000] {processor.py:156} INFO - Started process (PID=2946) to work on /home/airflow/.local/lib/python3.7/site-packages/airflow/example_dags/example_external_task_marker_dag.py
[2024-05-04T16:04:21.157+0000] {processor.py:758} INFO - Processing file /home/airflow/.local/lib/python3.7/site-packages/airflow/example_dags/example_external_task_marker_dag.py for tasks to queue
[2024-05-04T16:04:21.157+0000] {logging_mixin.py:117} INFO - [2024-05-04T16:04:21.157+0000] {dagbag.py:525} INFO - Filling up the DagBag from /home/airflow/.local/lib/python3.7/site-packages/airflow/example_dags/example_external_task_marker_dag.py
[2024-05-04T16:04:21.174+0000] {processor.py:768} INFO - DAG(s) dict_keys(['example_external_task_marker_parent', 'example_external_task_marker_child']) retrieved from /home/airflow/.local/lib/python3.7/site-packages/airflow/example_dags/example_external_task_marker_dag.py
[2024-05-04T16:04:21.363+0000] {logging_mixin.py:117} INFO - [2024-05-04T16:04:21.363+0000] {dag.py:2573} INFO - Sync 2 DAGs
[2024-05-04T16:04:21.385+0000] {logging_mixin.py:117} INFO - [2024-05-04T16:04:21.385+0000] {dag.py:3328} INFO - Setting next_dagrun for example_external_task_marker_child to None, run_after=None
[2024-05-04T16:04:21.387+0000] {logging_mixin.py:117} INFO - [2024-05-04T16:04:21.387+0000] {dag.py:3328} INFO - Setting next_dagrun for example_external_task_marker_parent to None, run_after=None
[2024-05-04T16:04:21.406+0000] {processor.py:178} INFO - Processing /home/airflow/.local/lib/python3.7/site-packages/airflow/example_dags/example_external_task_marker_dag.py took 0.253 seconds
[2024-05-04T16:04:51.744+0000] {processor.py:156} INFO - Started process (PID=3159) to work on /home/airflow/.local/lib/python3.7/site-packages/airflow/example_dags/example_external_task_marker_dag.py
[2024-05-04T16:04:51.744+0000] {processor.py:758} INFO - Processing file /home/airflow/.local/lib/python3.7/site-packages/airflow/example_dags/example_external_task_marker_dag.py for tasks to queue
[2024-05-04T16:04:51.745+0000] {logging_mixin.py:117} INFO - [2024-05-04T16:04:51.744+0000] {dagbag.py:525} INFO - Filling up the DagBag from /home/airflow/.local/lib/python3.7/site-packages/airflow/example_dags/example_external_task_marker_dag.py
[2024-05-04T16:04:51.757+0000] {processor.py:768} INFO - DAG(s) dict_keys(['example_external_task_marker_child', 'example_external_task_marker_parent']) retrieved from /home/airflow/.local/lib/python3.7/site-packages/airflow/example_dags/example_external_task_marker_dag.py
[2024-05-04T16:04:51.928+0000] {logging_mixin.py:117} INFO - [2024-05-04T16:04:51.927+0000] {dag.py:2573} INFO - Sync 2 DAGs
[2024-05-04T16:04:51.948+0000] {logging_mixin.py:117} INFO - [2024-05-04T16:04:51.948+0000] {dag.py:3328} INFO - Setting next_dagrun for example_external_task_marker_child to None, run_after=None
[2024-05-04T16:04:51.951+0000] {logging_mixin.py:117} INFO - [2024-05-04T16:04:51.950+0000] {dag.py:3328} INFO - Setting next_dagrun for example_external_task_marker_parent to None, run_after=None
[2024-05-04T16:04:51.969+0000] {processor.py:178} INFO - Processing /home/airflow/.local/lib/python3.7/site-packages/airflow/example_dags/example_external_task_marker_dag.py took 0.229 seconds
[2024-05-04T16:05:22.438+0000] {processor.py:156} INFO - Started process (PID=3363) to work on /home/airflow/.local/lib/python3.7/site-packages/airflow/example_dags/example_external_task_marker_dag.py
[2024-05-04T16:05:22.438+0000] {processor.py:758} INFO - Processing file /home/airflow/.local/lib/python3.7/site-packages/airflow/example_dags/example_external_task_marker_dag.py for tasks to queue
[2024-05-04T16:05:22.439+0000] {logging_mixin.py:117} INFO - [2024-05-04T16:05:22.439+0000] {dagbag.py:525} INFO - Filling up the DagBag from /home/airflow/.local/lib/python3.7/site-packages/airflow/example_dags/example_external_task_marker_dag.py
[2024-05-04T16:05:22.456+0000] {processor.py:768} INFO - DAG(s) dict_keys(['example_external_task_marker_child', 'example_external_task_marker_parent']) retrieved from /home/airflow/.local/lib/python3.7/site-packages/airflow/example_dags/example_external_task_marker_dag.py
[2024-05-04T16:05:22.658+0000] {logging_mixin.py:117} INFO - [2024-05-04T16:05:22.658+0000] {dag.py:2573} INFO - Sync 2 DAGs
[2024-05-04T16:05:22.677+0000] {logging_mixin.py:117} INFO - [2024-05-04T16:05:22.677+0000] {dag.py:3328} INFO - Setting next_dagrun for example_external_task_marker_child to None, run_after=None
[2024-05-04T16:05:22.679+0000] {logging_mixin.py:117} INFO - [2024-05-04T16:05:22.679+0000] {dag.py:3328} INFO - Setting next_dagrun for example_external_task_marker_parent to None, run_after=None
[2024-05-04T16:05:22.698+0000] {processor.py:178} INFO - Processing /home/airflow/.local/lib/python3.7/site-packages/airflow/example_dags/example_external_task_marker_dag.py took 0.263 seconds
[2024-05-04T16:05:53.123+0000] {processor.py:156} INFO - Started process (PID=3577) to work on /home/airflow/.local/lib/python3.7/site-packages/airflow/example_dags/example_external_task_marker_dag.py
[2024-05-04T16:05:53.124+0000] {processor.py:758} INFO - Processing file /home/airflow/.local/lib/python3.7/site-packages/airflow/example_dags/example_external_task_marker_dag.py for tasks to queue
[2024-05-04T16:05:53.124+0000] {logging_mixin.py:117} INFO - [2024-05-04T16:05:53.124+0000] {dagbag.py:525} INFO - Filling up the DagBag from /home/airflow/.local/lib/python3.7/site-packages/airflow/example_dags/example_external_task_marker_dag.py
[2024-05-04T16:05:53.137+0000] {processor.py:768} INFO - DAG(s) dict_keys(['example_external_task_marker_parent', 'example_external_task_marker_child']) retrieved from /home/airflow/.local/lib/python3.7/site-packages/airflow/example_dags/example_external_task_marker_dag.py
[2024-05-04T16:05:53.319+0000] {logging_mixin.py:117} INFO - [2024-05-04T16:05:53.319+0000] {dag.py:2573} INFO - Sync 2 DAGs
[2024-05-04T16:05:53.353+0000] {logging_mixin.py:117} INFO - [2024-05-04T16:05:53.353+0000] {dag.py:3328} INFO - Setting next_dagrun for example_external_task_marker_child to None, run_after=None
[2024-05-04T16:05:53.358+0000] {logging_mixin.py:117} INFO - [2024-05-04T16:05:53.358+0000] {dag.py:3328} INFO - Setting next_dagrun for example_external_task_marker_parent to None, run_after=None
[2024-05-04T16:05:53.386+0000] {processor.py:178} INFO - Processing /home/airflow/.local/lib/python3.7/site-packages/airflow/example_dags/example_external_task_marker_dag.py took 0.265 seconds
[2024-05-04T16:06:23.910+0000] {processor.py:156} INFO - Started process (PID=3795) to work on /home/airflow/.local/lib/python3.7/site-packages/airflow/example_dags/example_external_task_marker_dag.py
[2024-05-04T16:06:23.911+0000] {processor.py:758} INFO - Processing file /home/airflow/.local/lib/python3.7/site-packages/airflow/example_dags/example_external_task_marker_dag.py for tasks to queue
[2024-05-04T16:06:23.912+0000] {logging_mixin.py:117} INFO - [2024-05-04T16:06:23.912+0000] {dagbag.py:525} INFO - Filling up the DagBag from /home/airflow/.local/lib/python3.7/site-packages/airflow/example_dags/example_external_task_marker_dag.py
[2024-05-04T16:06:23.929+0000] {processor.py:768} INFO - DAG(s) dict_keys(['example_external_task_marker_parent', 'example_external_task_marker_child']) retrieved from /home/airflow/.local/lib/python3.7/site-packages/airflow/example_dags/example_external_task_marker_dag.py
[2024-05-04T16:06:24.127+0000] {logging_mixin.py:117} INFO - [2024-05-04T16:06:24.126+0000] {dag.py:2573} INFO - Sync 2 DAGs
[2024-05-04T16:06:24.150+0000] {logging_mixin.py:117} INFO - [2024-05-04T16:06:24.150+0000] {dag.py:3328} INFO - Setting next_dagrun for example_external_task_marker_child to None, run_after=None
[2024-05-04T16:06:24.153+0000] {logging_mixin.py:117} INFO - [2024-05-04T16:06:24.153+0000] {dag.py:3328} INFO - Setting next_dagrun for example_external_task_marker_parent to None, run_after=None
[2024-05-04T16:06:24.177+0000] {processor.py:178} INFO - Processing /home/airflow/.local/lib/python3.7/site-packages/airflow/example_dags/example_external_task_marker_dag.py took 0.268 seconds
[2024-05-04T16:06:54.877+0000] {processor.py:156} INFO - Started process (PID=4008) to work on /home/airflow/.local/lib/python3.7/site-packages/airflow/example_dags/example_external_task_marker_dag.py
[2024-05-04T16:06:54.877+0000] {processor.py:758} INFO - Processing file /home/airflow/.local/lib/python3.7/site-packages/airflow/example_dags/example_external_task_marker_dag.py for tasks to queue
[2024-05-04T16:06:54.878+0000] {logging_mixin.py:117} INFO - [2024-05-04T16:06:54.878+0000] {dagbag.py:525} INFO - Filling up the DagBag from /home/airflow/.local/lib/python3.7/site-packages/airflow/example_dags/example_external_task_marker_dag.py
[2024-05-04T16:06:54.891+0000] {processor.py:768} INFO - DAG(s) dict_keys(['example_external_task_marker_parent', 'example_external_task_marker_child']) retrieved from /home/airflow/.local/lib/python3.7/site-packages/airflow/example_dags/example_external_task_marker_dag.py
[2024-05-04T16:06:55.086+0000] {logging_mixin.py:117} INFO - [2024-05-04T16:06:55.086+0000] {dag.py:2573} INFO - Sync 2 DAGs
[2024-05-04T16:06:55.108+0000] {logging_mixin.py:117} INFO - [2024-05-04T16:06:55.108+0000] {dag.py:3328} INFO - Setting next_dagrun for example_external_task_marker_child to None, run_after=None
[2024-05-04T16:06:55.111+0000] {logging_mixin.py:117} INFO - [2024-05-04T16:06:55.111+0000] {dag.py:3328} INFO - Setting next_dagrun for example_external_task_marker_parent to None, run_after=None
[2024-05-04T16:06:55.131+0000] {processor.py:178} INFO - Processing /home/airflow/.local/lib/python3.7/site-packages/airflow/example_dags/example_external_task_marker_dag.py took 0.257 seconds
[2024-05-04T16:07:25.543+0000] {processor.py:156} INFO - Started process (PID=4212) to work on /home/airflow/.local/lib/python3.7/site-packages/airflow/example_dags/example_external_task_marker_dag.py
[2024-05-04T16:07:25.544+0000] {processor.py:758} INFO - Processing file /home/airflow/.local/lib/python3.7/site-packages/airflow/example_dags/example_external_task_marker_dag.py for tasks to queue
[2024-05-04T16:07:25.544+0000] {logging_mixin.py:117} INFO - [2024-05-04T16:07:25.544+0000] {dagbag.py:525} INFO - Filling up the DagBag from /home/airflow/.local/lib/python3.7/site-packages/airflow/example_dags/example_external_task_marker_dag.py
[2024-05-04T16:07:25.563+0000] {processor.py:768} INFO - DAG(s) dict_keys(['example_external_task_marker_parent', 'example_external_task_marker_child']) retrieved from /home/airflow/.local/lib/python3.7/site-packages/airflow/example_dags/example_external_task_marker_dag.py
[2024-05-04T16:07:25.770+0000] {logging_mixin.py:117} INFO - [2024-05-04T16:07:25.770+0000] {dag.py:2573} INFO - Sync 2 DAGs
[2024-05-04T16:07:25.790+0000] {logging_mixin.py:117} INFO - [2024-05-04T16:07:25.790+0000] {dag.py:3328} INFO - Setting next_dagrun for example_external_task_marker_child to None, run_after=None
[2024-05-04T16:07:25.793+0000] {logging_mixin.py:117} INFO - [2024-05-04T16:07:25.793+0000] {dag.py:3328} INFO - Setting next_dagrun for example_external_task_marker_parent to None, run_after=None
[2024-05-04T16:07:25.812+0000] {processor.py:178} INFO - Processing /home/airflow/.local/lib/python3.7/site-packages/airflow/example_dags/example_external_task_marker_dag.py took 0.272 seconds
[2024-05-04T16:07:55.983+0000] {processor.py:156} INFO - Started process (PID=4426) to work on /home/airflow/.local/lib/python3.7/site-packages/airflow/example_dags/example_external_task_marker_dag.py
[2024-05-04T16:07:55.983+0000] {processor.py:758} INFO - Processing file /home/airflow/.local/lib/python3.7/site-packages/airflow/example_dags/example_external_task_marker_dag.py for tasks to queue
[2024-05-04T16:07:55.984+0000] {logging_mixin.py:117} INFO - [2024-05-04T16:07:55.984+0000] {dagbag.py:525} INFO - Filling up the DagBag from /home/airflow/.local/lib/python3.7/site-packages/airflow/example_dags/example_external_task_marker_dag.py
[2024-05-04T16:07:56.001+0000] {processor.py:768} INFO - DAG(s) dict_keys(['example_external_task_marker_child', 'example_external_task_marker_parent']) retrieved from /home/airflow/.local/lib/python3.7/site-packages/airflow/example_dags/example_external_task_marker_dag.py
[2024-05-04T16:07:56.238+0000] {logging_mixin.py:117} INFO - [2024-05-04T16:07:56.238+0000] {dag.py:2573} INFO - Sync 2 DAGs
[2024-05-04T16:07:56.264+0000] {logging_mixin.py:117} INFO - [2024-05-04T16:07:56.264+0000] {dag.py:3328} INFO - Setting next_dagrun for example_external_task_marker_child to None, run_after=None
[2024-05-04T16:07:56.268+0000] {logging_mixin.py:117} INFO - [2024-05-04T16:07:56.267+0000] {dag.py:3328} INFO - Setting next_dagrun for example_external_task_marker_parent to None, run_after=None
[2024-05-04T16:07:56.288+0000] {processor.py:178} INFO - Processing /home/airflow/.local/lib/python3.7/site-packages/airflow/example_dags/example_external_task_marker_dag.py took 0.308 seconds
[2024-05-04T16:08:26.572+0000] {processor.py:156} INFO - Started process (PID=4639) to work on /home/airflow/.local/lib/python3.7/site-packages/airflow/example_dags/example_external_task_marker_dag.py
[2024-05-04T16:08:26.573+0000] {processor.py:758} INFO - Processing file /home/airflow/.local/lib/python3.7/site-packages/airflow/example_dags/example_external_task_marker_dag.py for tasks to queue
[2024-05-04T16:08:26.574+0000] {logging_mixin.py:117} INFO - [2024-05-04T16:08:26.574+0000] {dagbag.py:525} INFO - Filling up the DagBag from /home/airflow/.local/lib/python3.7/site-packages/airflow/example_dags/example_external_task_marker_dag.py
[2024-05-04T16:08:26.588+0000] {processor.py:768} INFO - DAG(s) dict_keys(['example_external_task_marker_parent', 'example_external_task_marker_child']) retrieved from /home/airflow/.local/lib/python3.7/site-packages/airflow/example_dags/example_external_task_marker_dag.py
[2024-05-04T16:08:26.784+0000] {logging_mixin.py:117} INFO - [2024-05-04T16:08:26.783+0000] {dag.py:2573} INFO - Sync 2 DAGs
[2024-05-04T16:08:26.813+0000] {logging_mixin.py:117} INFO - [2024-05-04T16:08:26.813+0000] {dag.py:3328} INFO - Setting next_dagrun for example_external_task_marker_child to None, run_after=None
[2024-05-04T16:08:26.817+0000] {logging_mixin.py:117} INFO - [2024-05-04T16:08:26.817+0000] {dag.py:3328} INFO - Setting next_dagrun for example_external_task_marker_parent to None, run_after=None
[2024-05-04T16:08:26.849+0000] {processor.py:178} INFO - Processing /home/airflow/.local/lib/python3.7/site-packages/airflow/example_dags/example_external_task_marker_dag.py took 0.279 seconds
[2024-05-04T16:08:57.401+0000] {processor.py:156} INFO - Started process (PID=4853) to work on /home/airflow/.local/lib/python3.7/site-packages/airflow/example_dags/example_external_task_marker_dag.py
[2024-05-04T16:08:57.402+0000] {processor.py:758} INFO - Processing file /home/airflow/.local/lib/python3.7/site-packages/airflow/example_dags/example_external_task_marker_dag.py for tasks to queue
[2024-05-04T16:08:57.402+0000] {logging_mixin.py:117} INFO - [2024-05-04T16:08:57.402+0000] {dagbag.py:525} INFO - Filling up the DagBag from /home/airflow/.local/lib/python3.7/site-packages/airflow/example_dags/example_external_task_marker_dag.py
[2024-05-04T16:08:57.420+0000] {processor.py:768} INFO - DAG(s) dict_keys(['example_external_task_marker_parent', 'example_external_task_marker_child']) retrieved from /home/airflow/.local/lib/python3.7/site-packages/airflow/example_dags/example_external_task_marker_dag.py
[2024-05-04T16:08:57.625+0000] {logging_mixin.py:117} INFO - [2024-05-04T16:08:57.625+0000] {dag.py:2573} INFO - Sync 2 DAGs
[2024-05-04T16:08:57.646+0000] {logging_mixin.py:117} INFO - [2024-05-04T16:08:57.646+0000] {dag.py:3328} INFO - Setting next_dagrun for example_external_task_marker_child to None, run_after=None
[2024-05-04T16:08:57.649+0000] {logging_mixin.py:117} INFO - [2024-05-04T16:08:57.649+0000] {dag.py:3328} INFO - Setting next_dagrun for example_external_task_marker_parent to None, run_after=None
[2024-05-04T16:08:57.671+0000] {processor.py:178} INFO - Processing /home/airflow/.local/lib/python3.7/site-packages/airflow/example_dags/example_external_task_marker_dag.py took 0.273 seconds
[2024-05-04T16:09:27.995+0000] {processor.py:156} INFO - Started process (PID=5057) to work on /home/airflow/.local/lib/python3.7/site-packages/airflow/example_dags/example_external_task_marker_dag.py
[2024-05-04T16:09:27.995+0000] {processor.py:758} INFO - Processing file /home/airflow/.local/lib/python3.7/site-packages/airflow/example_dags/example_external_task_marker_dag.py for tasks to queue
[2024-05-04T16:09:27.996+0000] {logging_mixin.py:117} INFO - [2024-05-04T16:09:27.996+0000] {dagbag.py:525} INFO - Filling up the DagBag from /home/airflow/.local/lib/python3.7/site-packages/airflow/example_dags/example_external_task_marker_dag.py
[2024-05-04T16:09:28.009+0000] {processor.py:768} INFO - DAG(s) dict_keys(['example_external_task_marker_child', 'example_external_task_marker_parent']) retrieved from /home/airflow/.local/lib/python3.7/site-packages/airflow/example_dags/example_external_task_marker_dag.py
[2024-05-04T16:09:28.228+0000] {logging_mixin.py:117} INFO - [2024-05-04T16:09:28.228+0000] {dag.py:2573} INFO - Sync 2 DAGs
[2024-05-04T16:09:28.248+0000] {logging_mixin.py:117} INFO - [2024-05-04T16:09:28.248+0000] {dag.py:3328} INFO - Setting next_dagrun for example_external_task_marker_child to None, run_after=None
[2024-05-04T16:09:28.251+0000] {logging_mixin.py:117} INFO - [2024-05-04T16:09:28.250+0000] {dag.py:3328} INFO - Setting next_dagrun for example_external_task_marker_parent to None, run_after=None
[2024-05-04T16:09:28.269+0000] {processor.py:178} INFO - Processing /home/airflow/.local/lib/python3.7/site-packages/airflow/example_dags/example_external_task_marker_dag.py took 0.277 seconds
