[2024-05-04T15:58:01.916+0000] {processor.py:156} INFO - Started process (PID=235) to work on /home/airflow/.local/lib/python3.7/site-packages/airflow/example_dags/example_latest_only.py
[2024-05-04T15:58:01.917+0000] {processor.py:758} INFO - Processing file /home/airflow/.local/lib/python3.7/site-packages/airflow/example_dags/example_latest_only.py for tasks to queue
[2024-05-04T15:58:01.917+0000] {logging_mixin.py:117} INFO - [2024-05-04T15:58:01.917+0000] {dagbag.py:525} INFO - Filling up the DagBag from /home/airflow/.local/lib/python3.7/site-packages/airflow/example_dags/example_latest_only.py
[2024-05-04T15:58:01.934+0000] {processor.py:768} INFO - DAG(s) dict_keys(['latest_only']) retrieved from /home/airflow/.local/lib/python3.7/site-packages/airflow/example_dags/example_latest_only.py
[2024-05-04T15:58:02.332+0000] {logging_mixin.py:117} INFO - [2024-05-04T15:58:02.332+0000] {manager.py:507} INFO - Created Permission View: can read on DAG:latest_only
[2024-05-04T15:58:02.344+0000] {logging_mixin.py:117} INFO - [2024-05-04T15:58:02.344+0000] {manager.py:507} INFO - Created Permission View: can edit on DAG:latest_only
[2024-05-04T15:58:02.354+0000] {logging_mixin.py:117} INFO - [2024-05-04T15:58:02.354+0000] {manager.py:507} INFO - Created Permission View: can delete on DAG:latest_only
[2024-05-04T15:58:02.355+0000] {logging_mixin.py:117} INFO - [2024-05-04T15:58:02.355+0000] {dag.py:2573} INFO - Sync 1 DAGs
[2024-05-04T15:58:02.365+0000] {logging_mixin.py:117} INFO - [2024-05-04T15:58:02.365+0000] {dag.py:2594} INFO - Creating ORM DAG for latest_only
[2024-05-04T15:58:02.376+0000] {logging_mixin.py:117} INFO - [2024-05-04T15:58:02.376+0000] {dag.py:3328} INFO - Setting next_dagrun for latest_only to 2024-05-04T11:58:02.375710+00:00, run_after=2024-05-04T15:58:02.375710+00:00
[2024-05-04T15:58:02.396+0000] {processor.py:178} INFO - Processing /home/airflow/.local/lib/python3.7/site-packages/airflow/example_dags/example_latest_only.py took 0.484 seconds
[2024-05-04T15:58:35.923+0000] {processor.py:156} INFO - Started process (PID=469) to work on /home/airflow/.local/lib/python3.7/site-packages/airflow/example_dags/example_latest_only.py
[2024-05-04T15:58:35.929+0000] {processor.py:758} INFO - Processing file /home/airflow/.local/lib/python3.7/site-packages/airflow/example_dags/example_latest_only.py for tasks to queue
[2024-05-04T15:58:35.935+0000] {logging_mixin.py:117} INFO - [2024-05-04T15:58:35.934+0000] {dagbag.py:525} INFO - Filling up the DagBag from /home/airflow/.local/lib/python3.7/site-packages/airflow/example_dags/example_latest_only.py
[2024-05-04T15:58:36.061+0000] {processor.py:768} INFO - DAG(s) dict_keys(['latest_only']) retrieved from /home/airflow/.local/lib/python3.7/site-packages/airflow/example_dags/example_latest_only.py
[2024-05-04T15:58:36.211+0000] {logging_mixin.py:117} INFO - [2024-05-04T15:58:36.211+0000] {dag.py:2573} INFO - Sync 1 DAGs
[2024-05-04T15:58:36.453+0000] {logging_mixin.py:117} INFO - [2024-05-04T15:58:36.444+0000] {dag.py:3328} INFO - Setting next_dagrun for latest_only to 2024-05-04T11:58:36.443877+00:00, run_after=2024-05-04T15:58:36.443877+00:00
[2024-05-04T15:58:36.697+0000] {processor.py:178} INFO - Processing /home/airflow/.local/lib/python3.7/site-packages/airflow/example_dags/example_latest_only.py took 0.784 seconds
[2024-05-04T15:59:07.658+0000] {processor.py:156} INFO - Started process (PID=753) to work on /home/airflow/.local/lib/python3.7/site-packages/airflow/example_dags/example_latest_only.py
[2024-05-04T15:59:07.659+0000] {processor.py:758} INFO - Processing file /home/airflow/.local/lib/python3.7/site-packages/airflow/example_dags/example_latest_only.py for tasks to queue
[2024-05-04T15:59:07.659+0000] {logging_mixin.py:117} INFO - [2024-05-04T15:59:07.659+0000] {dagbag.py:525} INFO - Filling up the DagBag from /home/airflow/.local/lib/python3.7/site-packages/airflow/example_dags/example_latest_only.py
[2024-05-04T15:59:07.671+0000] {processor.py:768} INFO - DAG(s) dict_keys(['latest_only']) retrieved from /home/airflow/.local/lib/python3.7/site-packages/airflow/example_dags/example_latest_only.py
[2024-05-04T15:59:07.710+0000] {logging_mixin.py:117} INFO - [2024-05-04T15:59:07.710+0000] {dag.py:2573} INFO - Sync 1 DAGs
[2024-05-04T15:59:07.874+0000] {logging_mixin.py:117} INFO - [2024-05-04T15:59:07.874+0000] {dag.py:3328} INFO - Setting next_dagrun for latest_only to 2024-05-04T11:59:07.874397+00:00, run_after=2024-05-04T15:59:07.874397+00:00
[2024-05-04T15:59:07.900+0000] {processor.py:178} INFO - Processing /home/airflow/.local/lib/python3.7/site-packages/airflow/example_dags/example_latest_only.py took 0.244 seconds
[2024-05-04T15:59:37.963+0000] {processor.py:156} INFO - Started process (PID=964) to work on /home/airflow/.local/lib/python3.7/site-packages/airflow/example_dags/example_latest_only.py
[2024-05-04T15:59:37.964+0000] {processor.py:758} INFO - Processing file /home/airflow/.local/lib/python3.7/site-packages/airflow/example_dags/example_latest_only.py for tasks to queue
[2024-05-04T15:59:37.964+0000] {logging_mixin.py:117} INFO - [2024-05-04T15:59:37.964+0000] {dagbag.py:525} INFO - Filling up the DagBag from /home/airflow/.local/lib/python3.7/site-packages/airflow/example_dags/example_latest_only.py
[2024-05-04T15:59:37.979+0000] {processor.py:768} INFO - DAG(s) dict_keys(['latest_only']) retrieved from /home/airflow/.local/lib/python3.7/site-packages/airflow/example_dags/example_latest_only.py
[2024-05-04T15:59:38.026+0000] {logging_mixin.py:117} INFO - [2024-05-04T15:59:38.026+0000] {dag.py:2573} INFO - Sync 1 DAGs
[2024-05-04T15:59:38.204+0000] {logging_mixin.py:117} INFO - [2024-05-04T15:59:38.204+0000] {dag.py:3328} INFO - Setting next_dagrun for latest_only to 2024-05-04T11:59:38.204541+00:00, run_after=2024-05-04T15:59:38.204541+00:00
[2024-05-04T15:59:38.229+0000] {processor.py:178} INFO - Processing /home/airflow/.local/lib/python3.7/site-packages/airflow/example_dags/example_latest_only.py took 0.270 seconds
[2024-05-04T16:00:08.295+0000] {processor.py:156} INFO - Started process (PID=1170) to work on /home/airflow/.local/lib/python3.7/site-packages/airflow/example_dags/example_latest_only.py
[2024-05-04T16:00:08.295+0000] {processor.py:758} INFO - Processing file /home/airflow/.local/lib/python3.7/site-packages/airflow/example_dags/example_latest_only.py for tasks to queue
[2024-05-04T16:00:08.296+0000] {logging_mixin.py:117} INFO - [2024-05-04T16:00:08.296+0000] {dagbag.py:525} INFO - Filling up the DagBag from /home/airflow/.local/lib/python3.7/site-packages/airflow/example_dags/example_latest_only.py
[2024-05-04T16:00:08.307+0000] {processor.py:768} INFO - DAG(s) dict_keys(['latest_only']) retrieved from /home/airflow/.local/lib/python3.7/site-packages/airflow/example_dags/example_latest_only.py
[2024-05-04T16:00:08.455+0000] {logging_mixin.py:117} INFO - [2024-05-04T16:00:08.455+0000] {dag.py:2573} INFO - Sync 1 DAGs
[2024-05-04T16:00:08.473+0000] {logging_mixin.py:117} INFO - [2024-05-04T16:00:08.473+0000] {dag.py:3328} INFO - Setting next_dagrun for latest_only to 2024-05-04T12:00:08.473613+00:00, run_after=2024-05-04T16:00:08.473613+00:00
[2024-05-04T16:00:08.498+0000] {processor.py:178} INFO - Processing /home/airflow/.local/lib/python3.7/site-packages/airflow/example_dags/example_latest_only.py took 0.205 seconds
[2024-05-04T16:00:38.866+0000] {processor.py:156} INFO - Started process (PID=1383) to work on /home/airflow/.local/lib/python3.7/site-packages/airflow/example_dags/example_latest_only.py
[2024-05-04T16:00:38.866+0000] {processor.py:758} INFO - Processing file /home/airflow/.local/lib/python3.7/site-packages/airflow/example_dags/example_latest_only.py for tasks to queue
[2024-05-04T16:00:38.867+0000] {logging_mixin.py:117} INFO - [2024-05-04T16:00:38.867+0000] {dagbag.py:525} INFO - Filling up the DagBag from /home/airflow/.local/lib/python3.7/site-packages/airflow/example_dags/example_latest_only.py
[2024-05-04T16:00:38.883+0000] {processor.py:768} INFO - DAG(s) dict_keys(['latest_only']) retrieved from /home/airflow/.local/lib/python3.7/site-packages/airflow/example_dags/example_latest_only.py
[2024-05-04T16:00:39.074+0000] {logging_mixin.py:117} INFO - [2024-05-04T16:00:39.074+0000] {dag.py:2573} INFO - Sync 1 DAGs
[2024-05-04T16:00:39.114+0000] {logging_mixin.py:117} INFO - [2024-05-04T16:00:39.114+0000] {dag.py:3328} INFO - Setting next_dagrun for latest_only to 2024-05-04T12:00:39.113969+00:00, run_after=2024-05-04T16:00:39.113969+00:00
[2024-05-04T16:00:39.138+0000] {processor.py:178} INFO - Processing /home/airflow/.local/lib/python3.7/site-packages/airflow/example_dags/example_latest_only.py took 0.276 seconds
[2024-05-04T16:01:09.435+0000] {processor.py:156} INFO - Started process (PID=1596) to work on /home/airflow/.local/lib/python3.7/site-packages/airflow/example_dags/example_latest_only.py
[2024-05-04T16:01:09.436+0000] {processor.py:758} INFO - Processing file /home/airflow/.local/lib/python3.7/site-packages/airflow/example_dags/example_latest_only.py for tasks to queue
[2024-05-04T16:01:09.436+0000] {logging_mixin.py:117} INFO - [2024-05-04T16:01:09.436+0000] {dagbag.py:525} INFO - Filling up the DagBag from /home/airflow/.local/lib/python3.7/site-packages/airflow/example_dags/example_latest_only.py
[2024-05-04T16:01:09.593+0000] {processor.py:768} INFO - DAG(s) dict_keys(['latest_only']) retrieved from /home/airflow/.local/lib/python3.7/site-packages/airflow/example_dags/example_latest_only.py
[2024-05-04T16:01:09.625+0000] {logging_mixin.py:117} INFO - [2024-05-04T16:01:09.625+0000] {dag.py:2573} INFO - Sync 1 DAGs
[2024-05-04T16:01:09.653+0000] {logging_mixin.py:117} INFO - [2024-05-04T16:01:09.653+0000] {dag.py:3328} INFO - Setting next_dagrun for latest_only to 2024-05-04T12:01:09.653463+00:00, run_after=2024-05-04T16:01:09.653463+00:00
[2024-05-04T16:01:09.685+0000] {processor.py:178} INFO - Processing /home/airflow/.local/lib/python3.7/site-packages/airflow/example_dags/example_latest_only.py took 0.253 seconds
[2024-05-04T16:01:39.720+0000] {processor.py:156} INFO - Started process (PID=1800) to work on /home/airflow/.local/lib/python3.7/site-packages/airflow/example_dags/example_latest_only.py
[2024-05-04T16:01:39.721+0000] {processor.py:758} INFO - Processing file /home/airflow/.local/lib/python3.7/site-packages/airflow/example_dags/example_latest_only.py for tasks to queue
[2024-05-04T16:01:39.722+0000] {logging_mixin.py:117} INFO - [2024-05-04T16:01:39.721+0000] {dagbag.py:525} INFO - Filling up the DagBag from /home/airflow/.local/lib/python3.7/site-packages/airflow/example_dags/example_latest_only.py
[2024-05-04T16:01:39.737+0000] {processor.py:768} INFO - DAG(s) dict_keys(['latest_only']) retrieved from /home/airflow/.local/lib/python3.7/site-packages/airflow/example_dags/example_latest_only.py
[2024-05-04T16:01:39.771+0000] {logging_mixin.py:117} INFO - [2024-05-04T16:01:39.771+0000] {dag.py:2573} INFO - Sync 1 DAGs
[2024-05-04T16:01:39.791+0000] {logging_mixin.py:117} INFO - [2024-05-04T16:01:39.791+0000] {dag.py:3328} INFO - Setting next_dagrun for latest_only to 2024-05-04T12:01:39.791426+00:00, run_after=2024-05-04T16:01:39.791426+00:00
[2024-05-04T16:01:39.821+0000] {processor.py:178} INFO - Processing /home/airflow/.local/lib/python3.7/site-packages/airflow/example_dags/example_latest_only.py took 0.104 seconds
[2024-05-04T16:02:10.392+0000] {processor.py:156} INFO - Started process (PID=2013) to work on /home/airflow/.local/lib/python3.7/site-packages/airflow/example_dags/example_latest_only.py
[2024-05-04T16:02:10.393+0000] {processor.py:758} INFO - Processing file /home/airflow/.local/lib/python3.7/site-packages/airflow/example_dags/example_latest_only.py for tasks to queue
[2024-05-04T16:02:10.393+0000] {logging_mixin.py:117} INFO - [2024-05-04T16:02:10.393+0000] {dagbag.py:525} INFO - Filling up the DagBag from /home/airflow/.local/lib/python3.7/site-packages/airflow/example_dags/example_latest_only.py
[2024-05-04T16:02:10.409+0000] {processor.py:768} INFO - DAG(s) dict_keys(['latest_only']) retrieved from /home/airflow/.local/lib/python3.7/site-packages/airflow/example_dags/example_latest_only.py
[2024-05-04T16:02:10.447+0000] {logging_mixin.py:117} INFO - [2024-05-04T16:02:10.447+0000] {dag.py:2573} INFO - Sync 1 DAGs
[2024-05-04T16:02:10.467+0000] {logging_mixin.py:117} INFO - [2024-05-04T16:02:10.467+0000] {dag.py:3328} INFO - Setting next_dagrun for latest_only to 2024-05-04T12:02:10.467013+00:00, run_after=2024-05-04T16:02:10.467013+00:00
[2024-05-04T16:02:10.488+0000] {processor.py:178} INFO - Processing /home/airflow/.local/lib/python3.7/site-packages/airflow/example_dags/example_latest_only.py took 0.099 seconds
[2024-05-04T16:02:41.092+0000] {processor.py:156} INFO - Started process (PID=2226) to work on /home/airflow/.local/lib/python3.7/site-packages/airflow/example_dags/example_latest_only.py
[2024-05-04T16:02:41.093+0000] {processor.py:758} INFO - Processing file /home/airflow/.local/lib/python3.7/site-packages/airflow/example_dags/example_latest_only.py for tasks to queue
[2024-05-04T16:02:41.093+0000] {logging_mixin.py:117} INFO - [2024-05-04T16:02:41.093+0000] {dagbag.py:525} INFO - Filling up the DagBag from /home/airflow/.local/lib/python3.7/site-packages/airflow/example_dags/example_latest_only.py
[2024-05-04T16:02:41.105+0000] {processor.py:768} INFO - DAG(s) dict_keys(['latest_only']) retrieved from /home/airflow/.local/lib/python3.7/site-packages/airflow/example_dags/example_latest_only.py
[2024-05-04T16:02:41.139+0000] {logging_mixin.py:117} INFO - [2024-05-04T16:02:41.139+0000] {dag.py:2573} INFO - Sync 1 DAGs
[2024-05-04T16:02:41.162+0000] {logging_mixin.py:117} INFO - [2024-05-04T16:02:41.162+0000] {dag.py:3328} INFO - Setting next_dagrun for latest_only to 2024-05-04T12:02:41.161888+00:00, run_after=2024-05-04T16:02:41.161888+00:00
[2024-05-04T16:02:41.185+0000] {processor.py:178} INFO - Processing /home/airflow/.local/lib/python3.7/site-packages/airflow/example_dags/example_latest_only.py took 0.096 seconds
[2024-05-04T16:03:11.886+0000] {processor.py:156} INFO - Started process (PID=2440) to work on /home/airflow/.local/lib/python3.7/site-packages/airflow/example_dags/example_latest_only.py
[2024-05-04T16:03:11.886+0000] {processor.py:758} INFO - Processing file /home/airflow/.local/lib/python3.7/site-packages/airflow/example_dags/example_latest_only.py for tasks to queue
[2024-05-04T16:03:11.887+0000] {logging_mixin.py:117} INFO - [2024-05-04T16:03:11.887+0000] {dagbag.py:525} INFO - Filling up the DagBag from /home/airflow/.local/lib/python3.7/site-packages/airflow/example_dags/example_latest_only.py
[2024-05-04T16:03:11.899+0000] {processor.py:768} INFO - DAG(s) dict_keys(['latest_only']) retrieved from /home/airflow/.local/lib/python3.7/site-packages/airflow/example_dags/example_latest_only.py
[2024-05-04T16:03:11.932+0000] {logging_mixin.py:117} INFO - [2024-05-04T16:03:11.932+0000] {dag.py:2573} INFO - Sync 1 DAGs
[2024-05-04T16:03:11.953+0000] {logging_mixin.py:117} INFO - [2024-05-04T16:03:11.952+0000] {dag.py:3328} INFO - Setting next_dagrun for latest_only to 2024-05-04T12:03:11.952646+00:00, run_after=2024-05-04T16:03:11.952646+00:00
[2024-05-04T16:03:11.979+0000] {processor.py:178} INFO - Processing /home/airflow/.local/lib/python3.7/site-packages/airflow/example_dags/example_latest_only.py took 0.096 seconds
[2024-05-04T16:03:42.621+0000] {processor.py:156} INFO - Started process (PID=2644) to work on /home/airflow/.local/lib/python3.7/site-packages/airflow/example_dags/example_latest_only.py
[2024-05-04T16:03:42.622+0000] {processor.py:758} INFO - Processing file /home/airflow/.local/lib/python3.7/site-packages/airflow/example_dags/example_latest_only.py for tasks to queue
[2024-05-04T16:03:42.623+0000] {logging_mixin.py:117} INFO - [2024-05-04T16:03:42.622+0000] {dagbag.py:525} INFO - Filling up the DagBag from /home/airflow/.local/lib/python3.7/site-packages/airflow/example_dags/example_latest_only.py
[2024-05-04T16:03:42.634+0000] {processor.py:768} INFO - DAG(s) dict_keys(['latest_only']) retrieved from /home/airflow/.local/lib/python3.7/site-packages/airflow/example_dags/example_latest_only.py
[2024-05-04T16:03:42.670+0000] {logging_mixin.py:117} INFO - [2024-05-04T16:03:42.670+0000] {dag.py:2573} INFO - Sync 1 DAGs
[2024-05-04T16:03:42.692+0000] {logging_mixin.py:117} INFO - [2024-05-04T16:03:42.692+0000] {dag.py:3328} INFO - Setting next_dagrun for latest_only to 2024-05-04T12:03:42.692373+00:00, run_after=2024-05-04T16:03:42.692373+00:00
[2024-05-04T16:03:42.713+0000] {processor.py:178} INFO - Processing /home/airflow/.local/lib/python3.7/site-packages/airflow/example_dags/example_latest_only.py took 0.094 seconds
[2024-05-04T16:04:13.159+0000] {processor.py:156} INFO - Started process (PID=2857) to work on /home/airflow/.local/lib/python3.7/site-packages/airflow/example_dags/example_latest_only.py
[2024-05-04T16:04:13.160+0000] {processor.py:758} INFO - Processing file /home/airflow/.local/lib/python3.7/site-packages/airflow/example_dags/example_latest_only.py for tasks to queue
[2024-05-04T16:04:13.161+0000] {logging_mixin.py:117} INFO - [2024-05-04T16:04:13.160+0000] {dagbag.py:525} INFO - Filling up the DagBag from /home/airflow/.local/lib/python3.7/site-packages/airflow/example_dags/example_latest_only.py
[2024-05-04T16:04:13.177+0000] {processor.py:768} INFO - DAG(s) dict_keys(['latest_only']) retrieved from /home/airflow/.local/lib/python3.7/site-packages/airflow/example_dags/example_latest_only.py
[2024-05-04T16:04:13.220+0000] {logging_mixin.py:117} INFO - [2024-05-04T16:04:13.220+0000] {dag.py:2573} INFO - Sync 1 DAGs
[2024-05-04T16:04:13.244+0000] {logging_mixin.py:117} INFO - [2024-05-04T16:04:13.244+0000] {dag.py:3328} INFO - Setting next_dagrun for latest_only to 2024-05-04T12:04:13.244066+00:00, run_after=2024-05-04T16:04:13.244066+00:00
[2024-05-04T16:04:13.271+0000] {processor.py:178} INFO - Processing /home/airflow/.local/lib/python3.7/site-packages/airflow/example_dags/example_latest_only.py took 0.114 seconds
[2024-05-04T16:04:43.782+0000] {processor.py:156} INFO - Started process (PID=3070) to work on /home/airflow/.local/lib/python3.7/site-packages/airflow/example_dags/example_latest_only.py
[2024-05-04T16:04:43.783+0000] {processor.py:758} INFO - Processing file /home/airflow/.local/lib/python3.7/site-packages/airflow/example_dags/example_latest_only.py for tasks to queue
[2024-05-04T16:04:43.783+0000] {logging_mixin.py:117} INFO - [2024-05-04T16:04:43.783+0000] {dagbag.py:525} INFO - Filling up the DagBag from /home/airflow/.local/lib/python3.7/site-packages/airflow/example_dags/example_latest_only.py
[2024-05-04T16:04:43.795+0000] {processor.py:768} INFO - DAG(s) dict_keys(['latest_only']) retrieved from /home/airflow/.local/lib/python3.7/site-packages/airflow/example_dags/example_latest_only.py
[2024-05-04T16:04:43.835+0000] {logging_mixin.py:117} INFO - [2024-05-04T16:04:43.835+0000] {dag.py:2573} INFO - Sync 1 DAGs
[2024-05-04T16:04:43.857+0000] {logging_mixin.py:117} INFO - [2024-05-04T16:04:43.857+0000] {dag.py:3328} INFO - Setting next_dagrun for latest_only to 2024-05-04T12:04:43.857399+00:00, run_after=2024-05-04T16:04:43.857399+00:00
[2024-05-04T16:04:43.880+0000] {processor.py:178} INFO - Processing /home/airflow/.local/lib/python3.7/site-packages/airflow/example_dags/example_latest_only.py took 0.101 seconds
[2024-05-04T16:05:14.369+0000] {processor.py:156} INFO - Started process (PID=3283) to work on /home/airflow/.local/lib/python3.7/site-packages/airflow/example_dags/example_latest_only.py
[2024-05-04T16:05:14.369+0000] {processor.py:758} INFO - Processing file /home/airflow/.local/lib/python3.7/site-packages/airflow/example_dags/example_latest_only.py for tasks to queue
[2024-05-04T16:05:14.370+0000] {logging_mixin.py:117} INFO - [2024-05-04T16:05:14.370+0000] {dagbag.py:525} INFO - Filling up the DagBag from /home/airflow/.local/lib/python3.7/site-packages/airflow/example_dags/example_latest_only.py
[2024-05-04T16:05:14.382+0000] {processor.py:768} INFO - DAG(s) dict_keys(['latest_only']) retrieved from /home/airflow/.local/lib/python3.7/site-packages/airflow/example_dags/example_latest_only.py
[2024-05-04T16:05:14.416+0000] {logging_mixin.py:117} INFO - [2024-05-04T16:05:14.416+0000] {dag.py:2573} INFO - Sync 1 DAGs
[2024-05-04T16:05:14.440+0000] {logging_mixin.py:117} INFO - [2024-05-04T16:05:14.440+0000] {dag.py:3328} INFO - Setting next_dagrun for latest_only to 2024-05-04T12:05:14.440112+00:00, run_after=2024-05-04T16:05:14.440112+00:00
[2024-05-04T16:05:14.466+0000] {processor.py:178} INFO - Processing /home/airflow/.local/lib/python3.7/site-packages/airflow/example_dags/example_latest_only.py took 0.100 seconds
[2024-05-04T16:05:45.033+0000] {processor.py:156} INFO - Started process (PID=3488) to work on /home/airflow/.local/lib/python3.7/site-packages/airflow/example_dags/example_latest_only.py
[2024-05-04T16:05:45.034+0000] {processor.py:758} INFO - Processing file /home/airflow/.local/lib/python3.7/site-packages/airflow/example_dags/example_latest_only.py for tasks to queue
[2024-05-04T16:05:45.035+0000] {logging_mixin.py:117} INFO - [2024-05-04T16:05:45.035+0000] {dagbag.py:525} INFO - Filling up the DagBag from /home/airflow/.local/lib/python3.7/site-packages/airflow/example_dags/example_latest_only.py
[2024-05-04T16:05:45.047+0000] {processor.py:768} INFO - DAG(s) dict_keys(['latest_only']) retrieved from /home/airflow/.local/lib/python3.7/site-packages/airflow/example_dags/example_latest_only.py
[2024-05-04T16:05:45.089+0000] {logging_mixin.py:117} INFO - [2024-05-04T16:05:45.088+0000] {dag.py:2573} INFO - Sync 1 DAGs
[2024-05-04T16:05:45.117+0000] {logging_mixin.py:117} INFO - [2024-05-04T16:05:45.117+0000] {dag.py:3328} INFO - Setting next_dagrun for latest_only to 2024-05-04T12:05:45.117545+00:00, run_after=2024-05-04T16:05:45.117545+00:00
[2024-05-04T16:05:45.139+0000] {processor.py:178} INFO - Processing /home/airflow/.local/lib/python3.7/site-packages/airflow/example_dags/example_latest_only.py took 0.108 seconds
[2024-05-04T16:06:15.772+0000] {processor.py:156} INFO - Started process (PID=3700) to work on /home/airflow/.local/lib/python3.7/site-packages/airflow/example_dags/example_latest_only.py
[2024-05-04T16:06:15.772+0000] {processor.py:758} INFO - Processing file /home/airflow/.local/lib/python3.7/site-packages/airflow/example_dags/example_latest_only.py for tasks to queue
[2024-05-04T16:06:15.773+0000] {logging_mixin.py:117} INFO - [2024-05-04T16:06:15.773+0000] {dagbag.py:525} INFO - Filling up the DagBag from /home/airflow/.local/lib/python3.7/site-packages/airflow/example_dags/example_latest_only.py
[2024-05-04T16:06:15.788+0000] {processor.py:768} INFO - DAG(s) dict_keys(['latest_only']) retrieved from /home/airflow/.local/lib/python3.7/site-packages/airflow/example_dags/example_latest_only.py
[2024-05-04T16:06:15.827+0000] {logging_mixin.py:117} INFO - [2024-05-04T16:06:15.827+0000] {dag.py:2573} INFO - Sync 1 DAGs
[2024-05-04T16:06:15.856+0000] {logging_mixin.py:117} INFO - [2024-05-04T16:06:15.856+0000] {dag.py:3328} INFO - Setting next_dagrun for latest_only to 2024-05-04T12:06:15.855825+00:00, run_after=2024-05-04T16:06:15.855825+00:00
[2024-05-04T16:06:15.882+0000] {processor.py:178} INFO - Processing /home/airflow/.local/lib/python3.7/site-packages/airflow/example_dags/example_latest_only.py took 0.113 seconds
[2024-05-04T16:06:46.793+0000] {processor.py:156} INFO - Started process (PID=3919) to work on /home/airflow/.local/lib/python3.7/site-packages/airflow/example_dags/example_latest_only.py
[2024-05-04T16:06:46.794+0000] {processor.py:758} INFO - Processing file /home/airflow/.local/lib/python3.7/site-packages/airflow/example_dags/example_latest_only.py for tasks to queue
[2024-05-04T16:06:46.794+0000] {logging_mixin.py:117} INFO - [2024-05-04T16:06:46.794+0000] {dagbag.py:525} INFO - Filling up the DagBag from /home/airflow/.local/lib/python3.7/site-packages/airflow/example_dags/example_latest_only.py
[2024-05-04T16:06:46.806+0000] {processor.py:768} INFO - DAG(s) dict_keys(['latest_only']) retrieved from /home/airflow/.local/lib/python3.7/site-packages/airflow/example_dags/example_latest_only.py
[2024-05-04T16:06:46.841+0000] {logging_mixin.py:117} INFO - [2024-05-04T16:06:46.841+0000] {dag.py:2573} INFO - Sync 1 DAGs
[2024-05-04T16:06:46.872+0000] {logging_mixin.py:117} INFO - [2024-05-04T16:06:46.872+0000] {dag.py:3328} INFO - Setting next_dagrun for latest_only to 2024-05-04T12:06:46.872074+00:00, run_after=2024-05-04T16:06:46.872074+00:00
[2024-05-04T16:06:46.898+0000] {processor.py:178} INFO - Processing /home/airflow/.local/lib/python3.7/site-packages/airflow/example_dags/example_latest_only.py took 0.108 seconds
[2024-05-04T16:07:17.475+0000] {processor.py:156} INFO - Started process (PID=4132) to work on /home/airflow/.local/lib/python3.7/site-packages/airflow/example_dags/example_latest_only.py
[2024-05-04T16:07:17.476+0000] {processor.py:758} INFO - Processing file /home/airflow/.local/lib/python3.7/site-packages/airflow/example_dags/example_latest_only.py for tasks to queue
[2024-05-04T16:07:17.477+0000] {logging_mixin.py:117} INFO - [2024-05-04T16:07:17.477+0000] {dagbag.py:525} INFO - Filling up the DagBag from /home/airflow/.local/lib/python3.7/site-packages/airflow/example_dags/example_latest_only.py
[2024-05-04T16:07:17.493+0000] {processor.py:768} INFO - DAG(s) dict_keys(['latest_only']) retrieved from /home/airflow/.local/lib/python3.7/site-packages/airflow/example_dags/example_latest_only.py
[2024-05-04T16:07:17.533+0000] {logging_mixin.py:117} INFO - [2024-05-04T16:07:17.533+0000] {dag.py:2573} INFO - Sync 1 DAGs
[2024-05-04T16:07:17.564+0000] {logging_mixin.py:117} INFO - [2024-05-04T16:07:17.563+0000] {dag.py:3328} INFO - Setting next_dagrun for latest_only to 2024-05-04T12:07:17.563714+00:00, run_after=2024-05-04T16:07:17.563714+00:00
[2024-05-04T16:07:17.589+0000] {processor.py:178} INFO - Processing /home/airflow/.local/lib/python3.7/site-packages/airflow/example_dags/example_latest_only.py took 0.116 seconds
[2024-05-04T16:07:48.080+0000] {processor.py:156} INFO - Started process (PID=4337) to work on /home/airflow/.local/lib/python3.7/site-packages/airflow/example_dags/example_latest_only.py
[2024-05-04T16:07:48.082+0000] {processor.py:758} INFO - Processing file /home/airflow/.local/lib/python3.7/site-packages/airflow/example_dags/example_latest_only.py for tasks to queue
[2024-05-04T16:07:48.082+0000] {logging_mixin.py:117} INFO - [2024-05-04T16:07:48.082+0000] {dagbag.py:525} INFO - Filling up the DagBag from /home/airflow/.local/lib/python3.7/site-packages/airflow/example_dags/example_latest_only.py
[2024-05-04T16:07:48.095+0000] {processor.py:768} INFO - DAG(s) dict_keys(['latest_only']) retrieved from /home/airflow/.local/lib/python3.7/site-packages/airflow/example_dags/example_latest_only.py
[2024-05-04T16:07:48.133+0000] {logging_mixin.py:117} INFO - [2024-05-04T16:07:48.133+0000] {dag.py:2573} INFO - Sync 1 DAGs
[2024-05-04T16:07:48.157+0000] {logging_mixin.py:117} INFO - [2024-05-04T16:07:48.157+0000] {dag.py:3328} INFO - Setting next_dagrun for latest_only to 2024-05-04T12:07:48.157039+00:00, run_after=2024-05-04T16:07:48.157039+00:00
[2024-05-04T16:07:48.183+0000] {processor.py:178} INFO - Processing /home/airflow/.local/lib/python3.7/site-packages/airflow/example_dags/example_latest_only.py took 0.106 seconds
[2024-05-04T16:08:18.503+0000] {processor.py:156} INFO - Started process (PID=4550) to work on /home/airflow/.local/lib/python3.7/site-packages/airflow/example_dags/example_latest_only.py
[2024-05-04T16:08:18.503+0000] {processor.py:758} INFO - Processing file /home/airflow/.local/lib/python3.7/site-packages/airflow/example_dags/example_latest_only.py for tasks to queue
[2024-05-04T16:08:18.504+0000] {logging_mixin.py:117} INFO - [2024-05-04T16:08:18.504+0000] {dagbag.py:525} INFO - Filling up the DagBag from /home/airflow/.local/lib/python3.7/site-packages/airflow/example_dags/example_latest_only.py
[2024-05-04T16:08:18.520+0000] {processor.py:768} INFO - DAG(s) dict_keys(['latest_only']) retrieved from /home/airflow/.local/lib/python3.7/site-packages/airflow/example_dags/example_latest_only.py
[2024-05-04T16:08:18.560+0000] {logging_mixin.py:117} INFO - [2024-05-04T16:08:18.560+0000] {dag.py:2573} INFO - Sync 1 DAGs
[2024-05-04T16:08:18.580+0000] {logging_mixin.py:117} INFO - [2024-05-04T16:08:18.579+0000] {dag.py:3328} INFO - Setting next_dagrun for latest_only to 2024-05-04T12:08:18.579772+00:00, run_after=2024-05-04T16:08:18.579772+00:00
[2024-05-04T16:08:18.607+0000] {processor.py:178} INFO - Processing /home/airflow/.local/lib/python3.7/site-packages/airflow/example_dags/example_latest_only.py took 0.106 seconds
[2024-05-04T16:08:49.288+0000] {processor.py:156} INFO - Started process (PID=4763) to work on /home/airflow/.local/lib/python3.7/site-packages/airflow/example_dags/example_latest_only.py
[2024-05-04T16:08:49.289+0000] {processor.py:758} INFO - Processing file /home/airflow/.local/lib/python3.7/site-packages/airflow/example_dags/example_latest_only.py for tasks to queue
[2024-05-04T16:08:49.289+0000] {logging_mixin.py:117} INFO - [2024-05-04T16:08:49.289+0000] {dagbag.py:525} INFO - Filling up the DagBag from /home/airflow/.local/lib/python3.7/site-packages/airflow/example_dags/example_latest_only.py
[2024-05-04T16:08:49.305+0000] {processor.py:768} INFO - DAG(s) dict_keys(['latest_only']) retrieved from /home/airflow/.local/lib/python3.7/site-packages/airflow/example_dags/example_latest_only.py
[2024-05-04T16:08:49.349+0000] {logging_mixin.py:117} INFO - [2024-05-04T16:08:49.349+0000] {dag.py:2573} INFO - Sync 1 DAGs
[2024-05-04T16:08:49.381+0000] {logging_mixin.py:117} INFO - [2024-05-04T16:08:49.381+0000] {dag.py:3328} INFO - Setting next_dagrun for latest_only to 2024-05-04T12:08:49.381215+00:00, run_after=2024-05-04T16:08:49.381215+00:00
[2024-05-04T16:08:49.406+0000] {processor.py:178} INFO - Processing /home/airflow/.local/lib/python3.7/site-packages/airflow/example_dags/example_latest_only.py took 0.121 seconds
[2024-05-04T16:09:20.046+0000] {processor.py:156} INFO - Started process (PID=4977) to work on /home/airflow/.local/lib/python3.7/site-packages/airflow/example_dags/example_latest_only.py
[2024-05-04T16:09:20.047+0000] {processor.py:758} INFO - Processing file /home/airflow/.local/lib/python3.7/site-packages/airflow/example_dags/example_latest_only.py for tasks to queue
[2024-05-04T16:09:20.047+0000] {logging_mixin.py:117} INFO - [2024-05-04T16:09:20.047+0000] {dagbag.py:525} INFO - Filling up the DagBag from /home/airflow/.local/lib/python3.7/site-packages/airflow/example_dags/example_latest_only.py
[2024-05-04T16:09:20.059+0000] {processor.py:768} INFO - DAG(s) dict_keys(['latest_only']) retrieved from /home/airflow/.local/lib/python3.7/site-packages/airflow/example_dags/example_latest_only.py
[2024-05-04T16:09:20.094+0000] {logging_mixin.py:117} INFO - [2024-05-04T16:09:20.094+0000] {dag.py:2573} INFO - Sync 1 DAGs
[2024-05-04T16:09:20.119+0000] {logging_mixin.py:117} INFO - [2024-05-04T16:09:20.119+0000] {dag.py:3328} INFO - Setting next_dagrun for latest_only to 2024-05-04T12:09:20.119596+00:00, run_after=2024-05-04T16:09:20.119596+00:00
[2024-05-04T16:09:20.149+0000] {processor.py:178} INFO - Processing /home/airflow/.local/lib/python3.7/site-packages/airflow/example_dags/example_latest_only.py took 0.106 seconds
[2024-05-04T16:09:50.616+0000] {processor.py:156} INFO - Started process (PID=5182) to work on /home/airflow/.local/lib/python3.7/site-packages/airflow/example_dags/example_latest_only.py
[2024-05-04T16:09:50.617+0000] {processor.py:758} INFO - Processing file /home/airflow/.local/lib/python3.7/site-packages/airflow/example_dags/example_latest_only.py for tasks to queue
[2024-05-04T16:09:50.617+0000] {logging_mixin.py:117} INFO - [2024-05-04T16:09:50.617+0000] {dagbag.py:525} INFO - Filling up the DagBag from /home/airflow/.local/lib/python3.7/site-packages/airflow/example_dags/example_latest_only.py
[2024-05-04T16:09:50.629+0000] {processor.py:768} INFO - DAG(s) dict_keys(['latest_only']) retrieved from /home/airflow/.local/lib/python3.7/site-packages/airflow/example_dags/example_latest_only.py
[2024-05-04T16:09:50.668+0000] {logging_mixin.py:117} INFO - [2024-05-04T16:09:50.668+0000] {dag.py:2573} INFO - Sync 1 DAGs
[2024-05-04T16:09:50.697+0000] {logging_mixin.py:117} INFO - [2024-05-04T16:09:50.697+0000] {dag.py:3328} INFO - Setting next_dagrun for latest_only to 2024-05-04T12:09:50.697209+00:00, run_after=2024-05-04T16:09:50.697209+00:00
[2024-05-04T16:09:50.729+0000] {processor.py:178} INFO - Processing /home/airflow/.local/lib/python3.7/site-packages/airflow/example_dags/example_latest_only.py took 0.116 seconds
[2024-05-04T16:10:21.411+0000] {processor.py:156} INFO - Started process (PID=5395) to work on /home/airflow/.local/lib/python3.7/site-packages/airflow/example_dags/example_latest_only.py
[2024-05-04T16:10:21.412+0000] {processor.py:758} INFO - Processing file /home/airflow/.local/lib/python3.7/site-packages/airflow/example_dags/example_latest_only.py for tasks to queue
[2024-05-04T16:10:21.413+0000] {logging_mixin.py:117} INFO - [2024-05-04T16:10:21.413+0000] {dagbag.py:525} INFO - Filling up the DagBag from /home/airflow/.local/lib/python3.7/site-packages/airflow/example_dags/example_latest_only.py
[2024-05-04T16:10:21.425+0000] {processor.py:768} INFO - DAG(s) dict_keys(['latest_only']) retrieved from /home/airflow/.local/lib/python3.7/site-packages/airflow/example_dags/example_latest_only.py
[2024-05-04T16:10:21.462+0000] {logging_mixin.py:117} INFO - [2024-05-04T16:10:21.461+0000] {dag.py:2573} INFO - Sync 1 DAGs
[2024-05-04T16:10:21.491+0000] {logging_mixin.py:117} INFO - [2024-05-04T16:10:21.491+0000] {dag.py:3328} INFO - Setting next_dagrun for latest_only to 2024-05-04T12:10:21.491116+00:00, run_after=2024-05-04T16:10:21.491116+00:00
[2024-05-04T16:10:21.513+0000] {processor.py:178} INFO - Processing /home/airflow/.local/lib/python3.7/site-packages/airflow/example_dags/example_latest_only.py took 0.104 seconds
[2024-05-04T16:10:52.004+0000] {processor.py:156} INFO - Started process (PID=5611) to work on /home/airflow/.local/lib/python3.7/site-packages/airflow/example_dags/example_latest_only.py
[2024-05-04T16:10:52.005+0000] {processor.py:758} INFO - Processing file /home/airflow/.local/lib/python3.7/site-packages/airflow/example_dags/example_latest_only.py for tasks to queue
[2024-05-04T16:10:52.005+0000] {logging_mixin.py:117} INFO - [2024-05-04T16:10:52.005+0000] {dagbag.py:525} INFO - Filling up the DagBag from /home/airflow/.local/lib/python3.7/site-packages/airflow/example_dags/example_latest_only.py
[2024-05-04T16:10:52.022+0000] {processor.py:768} INFO - DAG(s) dict_keys(['latest_only']) retrieved from /home/airflow/.local/lib/python3.7/site-packages/airflow/example_dags/example_latest_only.py
[2024-05-04T16:10:52.068+0000] {logging_mixin.py:117} INFO - [2024-05-04T16:10:52.068+0000] {dag.py:2573} INFO - Sync 1 DAGs
[2024-05-04T16:10:52.097+0000] {logging_mixin.py:117} INFO - [2024-05-04T16:10:52.097+0000] {dag.py:3328} INFO - Setting next_dagrun for latest_only to 2024-05-04T12:10:52.097494+00:00, run_after=2024-05-04T16:10:52.097494+00:00
[2024-05-04T16:10:52.127+0000] {processor.py:178} INFO - Processing /home/airflow/.local/lib/python3.7/site-packages/airflow/example_dags/example_latest_only.py took 0.126 seconds
[2024-05-04T16:11:22.623+0000] {processor.py:156} INFO - Started process (PID=5824) to work on /home/airflow/.local/lib/python3.7/site-packages/airflow/example_dags/example_latest_only.py
[2024-05-04T16:11:22.623+0000] {processor.py:758} INFO - Processing file /home/airflow/.local/lib/python3.7/site-packages/airflow/example_dags/example_latest_only.py for tasks to queue
[2024-05-04T16:11:22.624+0000] {logging_mixin.py:117} INFO - [2024-05-04T16:11:22.624+0000] {dagbag.py:525} INFO - Filling up the DagBag from /home/airflow/.local/lib/python3.7/site-packages/airflow/example_dags/example_latest_only.py
[2024-05-04T16:11:22.640+0000] {processor.py:768} INFO - DAG(s) dict_keys(['latest_only']) retrieved from /home/airflow/.local/lib/python3.7/site-packages/airflow/example_dags/example_latest_only.py
[2024-05-04T16:11:22.685+0000] {logging_mixin.py:117} INFO - [2024-05-04T16:11:22.685+0000] {dag.py:2573} INFO - Sync 1 DAGs
[2024-05-04T16:11:22.717+0000] {logging_mixin.py:117} INFO - [2024-05-04T16:11:22.716+0000] {dag.py:3328} INFO - Setting next_dagrun for latest_only to 2024-05-04T12:11:22.716780+00:00, run_after=2024-05-04T16:11:22.716780+00:00
[2024-05-04T16:11:22.738+0000] {processor.py:178} INFO - Processing /home/airflow/.local/lib/python3.7/site-packages/airflow/example_dags/example_latest_only.py took 0.118 seconds
[2024-05-04T16:11:53.264+0000] {processor.py:156} INFO - Started process (PID=6028) to work on /home/airflow/.local/lib/python3.7/site-packages/airflow/example_dags/example_latest_only.py
[2024-05-04T16:11:53.265+0000] {processor.py:758} INFO - Processing file /home/airflow/.local/lib/python3.7/site-packages/airflow/example_dags/example_latest_only.py for tasks to queue
[2024-05-04T16:11:53.266+0000] {logging_mixin.py:117} INFO - [2024-05-04T16:11:53.266+0000] {dagbag.py:525} INFO - Filling up the DagBag from /home/airflow/.local/lib/python3.7/site-packages/airflow/example_dags/example_latest_only.py
[2024-05-04T16:11:53.280+0000] {processor.py:768} INFO - DAG(s) dict_keys(['latest_only']) retrieved from /home/airflow/.local/lib/python3.7/site-packages/airflow/example_dags/example_latest_only.py
[2024-05-04T16:11:53.323+0000] {logging_mixin.py:117} INFO - [2024-05-04T16:11:53.323+0000] {dag.py:2573} INFO - Sync 1 DAGs
[2024-05-04T16:11:53.357+0000] {logging_mixin.py:117} INFO - [2024-05-04T16:11:53.357+0000] {dag.py:3328} INFO - Setting next_dagrun for latest_only to 2024-05-04T12:11:53.357122+00:00, run_after=2024-05-04T16:11:53.357122+00:00
[2024-05-04T16:11:53.380+0000] {processor.py:178} INFO - Processing /home/airflow/.local/lib/python3.7/site-packages/airflow/example_dags/example_latest_only.py took 0.118 seconds
[2024-05-04T16:12:23.820+0000] {processor.py:156} INFO - Started process (PID=6241) to work on /home/airflow/.local/lib/python3.7/site-packages/airflow/example_dags/example_latest_only.py
[2024-05-04T16:12:23.820+0000] {processor.py:758} INFO - Processing file /home/airflow/.local/lib/python3.7/site-packages/airflow/example_dags/example_latest_only.py for tasks to queue
[2024-05-04T16:12:23.821+0000] {logging_mixin.py:117} INFO - [2024-05-04T16:12:23.821+0000] {dagbag.py:525} INFO - Filling up the DagBag from /home/airflow/.local/lib/python3.7/site-packages/airflow/example_dags/example_latest_only.py
[2024-05-04T16:12:23.837+0000] {processor.py:768} INFO - DAG(s) dict_keys(['latest_only']) retrieved from /home/airflow/.local/lib/python3.7/site-packages/airflow/example_dags/example_latest_only.py
[2024-05-04T16:12:23.875+0000] {logging_mixin.py:117} INFO - [2024-05-04T16:12:23.875+0000] {dag.py:2573} INFO - Sync 1 DAGs
[2024-05-04T16:12:23.899+0000] {logging_mixin.py:117} INFO - [2024-05-04T16:12:23.899+0000] {dag.py:3328} INFO - Setting next_dagrun for latest_only to 2024-05-04T12:12:23.899377+00:00, run_after=2024-05-04T16:12:23.899377+00:00
[2024-05-04T16:12:23.928+0000] {processor.py:178} INFO - Processing /home/airflow/.local/lib/python3.7/site-packages/airflow/example_dags/example_latest_only.py took 0.110 seconds
[2024-05-04T16:12:54.520+0000] {processor.py:156} INFO - Started process (PID=6454) to work on /home/airflow/.local/lib/python3.7/site-packages/airflow/example_dags/example_latest_only.py
[2024-05-04T16:12:54.520+0000] {processor.py:758} INFO - Processing file /home/airflow/.local/lib/python3.7/site-packages/airflow/example_dags/example_latest_only.py for tasks to queue
[2024-05-04T16:12:54.521+0000] {logging_mixin.py:117} INFO - [2024-05-04T16:12:54.521+0000] {dagbag.py:525} INFO - Filling up the DagBag from /home/airflow/.local/lib/python3.7/site-packages/airflow/example_dags/example_latest_only.py
[2024-05-04T16:12:54.537+0000] {processor.py:768} INFO - DAG(s) dict_keys(['latest_only']) retrieved from /home/airflow/.local/lib/python3.7/site-packages/airflow/example_dags/example_latest_only.py
[2024-05-04T16:12:54.576+0000] {logging_mixin.py:117} INFO - [2024-05-04T16:12:54.576+0000] {dag.py:2573} INFO - Sync 1 DAGs
[2024-05-04T16:12:54.610+0000] {logging_mixin.py:117} INFO - [2024-05-04T16:12:54.610+0000] {dag.py:3328} INFO - Setting next_dagrun for latest_only to 2024-05-04T12:12:54.609691+00:00, run_after=2024-05-04T16:12:54.609691+00:00
[2024-05-04T16:12:54.633+0000] {processor.py:178} INFO - Processing /home/airflow/.local/lib/python3.7/site-packages/airflow/example_dags/example_latest_only.py took 0.117 seconds
[2024-05-04T16:13:25.150+0000] {processor.py:156} INFO - Started process (PID=6667) to work on /home/airflow/.local/lib/python3.7/site-packages/airflow/example_dags/example_latest_only.py
[2024-05-04T16:13:25.151+0000] {processor.py:758} INFO - Processing file /home/airflow/.local/lib/python3.7/site-packages/airflow/example_dags/example_latest_only.py for tasks to queue
[2024-05-04T16:13:25.151+0000] {logging_mixin.py:117} INFO - [2024-05-04T16:13:25.151+0000] {dagbag.py:525} INFO - Filling up the DagBag from /home/airflow/.local/lib/python3.7/site-packages/airflow/example_dags/example_latest_only.py
[2024-05-04T16:13:25.166+0000] {processor.py:768} INFO - DAG(s) dict_keys(['latest_only']) retrieved from /home/airflow/.local/lib/python3.7/site-packages/airflow/example_dags/example_latest_only.py
[2024-05-04T16:13:25.210+0000] {logging_mixin.py:117} INFO - [2024-05-04T16:13:25.210+0000] {dag.py:2573} INFO - Sync 1 DAGs
[2024-05-04T16:13:25.241+0000] {logging_mixin.py:117} INFO - [2024-05-04T16:13:25.240+0000] {dag.py:3328} INFO - Setting next_dagrun for latest_only to 2024-05-04T12:13:25.240711+00:00, run_after=2024-05-04T16:13:25.240711+00:00
[2024-05-04T16:13:25.261+0000] {processor.py:178} INFO - Processing /home/airflow/.local/lib/python3.7/site-packages/airflow/example_dags/example_latest_only.py took 0.114 seconds
[2024-05-04T16:13:55.878+0000] {processor.py:156} INFO - Started process (PID=6874) to work on /home/airflow/.local/lib/python3.7/site-packages/airflow/example_dags/example_latest_only.py
[2024-05-04T16:13:55.879+0000] {processor.py:758} INFO - Processing file /home/airflow/.local/lib/python3.7/site-packages/airflow/example_dags/example_latest_only.py for tasks to queue
[2024-05-04T16:13:55.879+0000] {logging_mixin.py:117} INFO - [2024-05-04T16:13:55.879+0000] {dagbag.py:525} INFO - Filling up the DagBag from /home/airflow/.local/lib/python3.7/site-packages/airflow/example_dags/example_latest_only.py
[2024-05-04T16:13:55.894+0000] {processor.py:768} INFO - DAG(s) dict_keys(['latest_only']) retrieved from /home/airflow/.local/lib/python3.7/site-packages/airflow/example_dags/example_latest_only.py
[2024-05-04T16:13:55.934+0000] {logging_mixin.py:117} INFO - [2024-05-04T16:13:55.934+0000] {dag.py:2573} INFO - Sync 1 DAGs
[2024-05-04T16:13:55.956+0000] {logging_mixin.py:117} INFO - [2024-05-04T16:13:55.956+0000] {dag.py:3328} INFO - Setting next_dagrun for latest_only to 2024-05-04T12:13:55.956176+00:00, run_after=2024-05-04T16:13:55.956176+00:00
[2024-05-04T16:13:55.981+0000] {processor.py:178} INFO - Processing /home/airflow/.local/lib/python3.7/site-packages/airflow/example_dags/example_latest_only.py took 0.105 seconds
[2024-05-04T16:14:26.557+0000] {processor.py:156} INFO - Started process (PID=7087) to work on /home/airflow/.local/lib/python3.7/site-packages/airflow/example_dags/example_latest_only.py
[2024-05-04T16:14:26.558+0000] {processor.py:758} INFO - Processing file /home/airflow/.local/lib/python3.7/site-packages/airflow/example_dags/example_latest_only.py for tasks to queue
[2024-05-04T16:14:26.558+0000] {logging_mixin.py:117} INFO - [2024-05-04T16:14:26.558+0000] {dagbag.py:525} INFO - Filling up the DagBag from /home/airflow/.local/lib/python3.7/site-packages/airflow/example_dags/example_latest_only.py
[2024-05-04T16:14:26.575+0000] {processor.py:768} INFO - DAG(s) dict_keys(['latest_only']) retrieved from /home/airflow/.local/lib/python3.7/site-packages/airflow/example_dags/example_latest_only.py
[2024-05-04T16:14:26.613+0000] {logging_mixin.py:117} INFO - [2024-05-04T16:14:26.613+0000] {dag.py:2573} INFO - Sync 1 DAGs
[2024-05-04T16:14:26.635+0000] {logging_mixin.py:117} INFO - [2024-05-04T16:14:26.635+0000] {dag.py:3328} INFO - Setting next_dagrun for latest_only to 2024-05-04T12:14:26.634857+00:00, run_after=2024-05-04T16:14:26.634857+00:00
[2024-05-04T16:14:26.659+0000] {processor.py:178} INFO - Processing /home/airflow/.local/lib/python3.7/site-packages/airflow/example_dags/example_latest_only.py took 0.104 seconds
[2024-05-04T16:14:57.226+0000] {processor.py:156} INFO - Started process (PID=7300) to work on /home/airflow/.local/lib/python3.7/site-packages/airflow/example_dags/example_latest_only.py
[2024-05-04T16:14:57.227+0000] {processor.py:758} INFO - Processing file /home/airflow/.local/lib/python3.7/site-packages/airflow/example_dags/example_latest_only.py for tasks to queue
[2024-05-04T16:14:57.228+0000] {logging_mixin.py:117} INFO - [2024-05-04T16:14:57.227+0000] {dagbag.py:525} INFO - Filling up the DagBag from /home/airflow/.local/lib/python3.7/site-packages/airflow/example_dags/example_latest_only.py
[2024-05-04T16:14:57.243+0000] {processor.py:768} INFO - DAG(s) dict_keys(['latest_only']) retrieved from /home/airflow/.local/lib/python3.7/site-packages/airflow/example_dags/example_latest_only.py
[2024-05-04T16:14:57.281+0000] {logging_mixin.py:117} INFO - [2024-05-04T16:14:57.281+0000] {dag.py:2573} INFO - Sync 1 DAGs
[2024-05-04T16:14:57.301+0000] {logging_mixin.py:117} INFO - [2024-05-04T16:14:57.301+0000] {dag.py:3328} INFO - Setting next_dagrun for latest_only to 2024-05-04T12:14:57.301083+00:00, run_after=2024-05-04T16:14:57.301083+00:00
[2024-05-04T16:14:57.328+0000] {processor.py:178} INFO - Processing /home/airflow/.local/lib/python3.7/site-packages/airflow/example_dags/example_latest_only.py took 0.104 seconds
[2024-05-04T16:15:28.013+0000] {processor.py:156} INFO - Started process (PID=7516) to work on /home/airflow/.local/lib/python3.7/site-packages/airflow/example_dags/example_latest_only.py
[2024-05-04T16:15:28.013+0000] {processor.py:758} INFO - Processing file /home/airflow/.local/lib/python3.7/site-packages/airflow/example_dags/example_latest_only.py for tasks to queue
[2024-05-04T16:15:28.014+0000] {logging_mixin.py:117} INFO - [2024-05-04T16:15:28.014+0000] {dagbag.py:525} INFO - Filling up the DagBag from /home/airflow/.local/lib/python3.7/site-packages/airflow/example_dags/example_latest_only.py
[2024-05-04T16:15:28.030+0000] {processor.py:768} INFO - DAG(s) dict_keys(['latest_only']) retrieved from /home/airflow/.local/lib/python3.7/site-packages/airflow/example_dags/example_latest_only.py
[2024-05-04T16:15:28.074+0000] {logging_mixin.py:117} INFO - [2024-05-04T16:15:28.074+0000] {dag.py:2573} INFO - Sync 1 DAGs
[2024-05-04T16:15:28.100+0000] {logging_mixin.py:117} INFO - [2024-05-04T16:15:28.100+0000] {dag.py:3328} INFO - Setting next_dagrun for latest_only to 2024-05-04T12:15:28.100358+00:00, run_after=2024-05-04T16:15:28.100358+00:00
[2024-05-04T16:15:28.121+0000] {processor.py:178} INFO - Processing /home/airflow/.local/lib/python3.7/site-packages/airflow/example_dags/example_latest_only.py took 0.112 seconds
[2024-05-04T16:15:58.193+0000] {processor.py:156} INFO - Started process (PID=7726) to work on /home/airflow/.local/lib/python3.7/site-packages/airflow/example_dags/example_latest_only.py
[2024-05-04T16:15:58.193+0000] {processor.py:758} INFO - Processing file /home/airflow/.local/lib/python3.7/site-packages/airflow/example_dags/example_latest_only.py for tasks to queue
[2024-05-04T16:15:58.194+0000] {logging_mixin.py:117} INFO - [2024-05-04T16:15:58.194+0000] {dagbag.py:525} INFO - Filling up the DagBag from /home/airflow/.local/lib/python3.7/site-packages/airflow/example_dags/example_latest_only.py
[2024-05-04T16:15:58.206+0000] {processor.py:768} INFO - DAG(s) dict_keys(['latest_only']) retrieved from /home/airflow/.local/lib/python3.7/site-packages/airflow/example_dags/example_latest_only.py
[2024-05-04T16:15:58.241+0000] {logging_mixin.py:117} INFO - [2024-05-04T16:15:58.241+0000] {dag.py:2573} INFO - Sync 1 DAGs
[2024-05-04T16:15:58.261+0000] {logging_mixin.py:117} INFO - [2024-05-04T16:15:58.261+0000] {dag.py:3328} INFO - Setting next_dagrun for latest_only to 2024-05-04T12:15:58.261426+00:00, run_after=2024-05-04T16:15:58.261426+00:00
[2024-05-04T16:15:58.281+0000] {processor.py:178} INFO - Processing /home/airflow/.local/lib/python3.7/site-packages/airflow/example_dags/example_latest_only.py took 0.091 seconds
[2024-05-04T16:16:28.443+0000] {processor.py:156} INFO - Started process (PID=7939) to work on /home/airflow/.local/lib/python3.7/site-packages/airflow/example_dags/example_latest_only.py
[2024-05-04T16:16:28.444+0000] {processor.py:758} INFO - Processing file /home/airflow/.local/lib/python3.7/site-packages/airflow/example_dags/example_latest_only.py for tasks to queue
[2024-05-04T16:16:28.445+0000] {logging_mixin.py:117} INFO - [2024-05-04T16:16:28.445+0000] {dagbag.py:525} INFO - Filling up the DagBag from /home/airflow/.local/lib/python3.7/site-packages/airflow/example_dags/example_latest_only.py
[2024-05-04T16:16:28.457+0000] {processor.py:768} INFO - DAG(s) dict_keys(['latest_only']) retrieved from /home/airflow/.local/lib/python3.7/site-packages/airflow/example_dags/example_latest_only.py
[2024-05-04T16:16:28.496+0000] {logging_mixin.py:117} INFO - [2024-05-04T16:16:28.496+0000] {dag.py:2573} INFO - Sync 1 DAGs
[2024-05-04T16:16:28.526+0000] {logging_mixin.py:117} INFO - [2024-05-04T16:16:28.526+0000] {dag.py:3328} INFO - Setting next_dagrun for latest_only to 2024-05-04T12:16:28.526065+00:00, run_after=2024-05-04T16:16:28.526065+00:00
[2024-05-04T16:16:28.555+0000] {processor.py:178} INFO - Processing /home/airflow/.local/lib/python3.7/site-packages/airflow/example_dags/example_latest_only.py took 0.115 seconds
[2024-05-04T16:16:58.704+0000] {processor.py:156} INFO - Started process (PID=8152) to work on /home/airflow/.local/lib/python3.7/site-packages/airflow/example_dags/example_latest_only.py
[2024-05-04T16:16:58.705+0000] {processor.py:758} INFO - Processing file /home/airflow/.local/lib/python3.7/site-packages/airflow/example_dags/example_latest_only.py for tasks to queue
[2024-05-04T16:16:58.706+0000] {logging_mixin.py:117} INFO - [2024-05-04T16:16:58.705+0000] {dagbag.py:525} INFO - Filling up the DagBag from /home/airflow/.local/lib/python3.7/site-packages/airflow/example_dags/example_latest_only.py
[2024-05-04T16:16:58.721+0000] {processor.py:768} INFO - DAG(s) dict_keys(['latest_only']) retrieved from /home/airflow/.local/lib/python3.7/site-packages/airflow/example_dags/example_latest_only.py
[2024-05-04T16:16:58.764+0000] {logging_mixin.py:117} INFO - [2024-05-04T16:16:58.764+0000] {dag.py:2573} INFO - Sync 1 DAGs
[2024-05-04T16:16:58.788+0000] {logging_mixin.py:117} INFO - [2024-05-04T16:16:58.788+0000] {dag.py:3328} INFO - Setting next_dagrun for latest_only to 2024-05-04T12:16:58.788510+00:00, run_after=2024-05-04T16:16:58.788510+00:00
[2024-05-04T16:16:58.815+0000] {processor.py:178} INFO - Processing /home/airflow/.local/lib/python3.7/site-packages/airflow/example_dags/example_latest_only.py took 0.115 seconds
[2024-05-04T16:17:28.941+0000] {processor.py:156} INFO - Started process (PID=8365) to work on /home/airflow/.local/lib/python3.7/site-packages/airflow/example_dags/example_latest_only.py
[2024-05-04T16:17:28.942+0000] {processor.py:758} INFO - Processing file /home/airflow/.local/lib/python3.7/site-packages/airflow/example_dags/example_latest_only.py for tasks to queue
[2024-05-04T16:17:28.943+0000] {logging_mixin.py:117} INFO - [2024-05-04T16:17:28.943+0000] {dagbag.py:525} INFO - Filling up the DagBag from /home/airflow/.local/lib/python3.7/site-packages/airflow/example_dags/example_latest_only.py
[2024-05-04T16:17:28.959+0000] {processor.py:768} INFO - DAG(s) dict_keys(['latest_only']) retrieved from /home/airflow/.local/lib/python3.7/site-packages/airflow/example_dags/example_latest_only.py
[2024-05-04T16:17:29.005+0000] {logging_mixin.py:117} INFO - [2024-05-04T16:17:29.005+0000] {dag.py:2573} INFO - Sync 1 DAGs
[2024-05-04T16:17:29.039+0000] {logging_mixin.py:117} INFO - [2024-05-04T16:17:29.039+0000] {dag.py:3328} INFO - Setting next_dagrun for latest_only to 2024-05-04T12:17:29.039110+00:00, run_after=2024-05-04T16:17:29.039110+00:00
[2024-05-04T16:17:29.064+0000] {processor.py:178} INFO - Processing /home/airflow/.local/lib/python3.7/site-packages/airflow/example_dags/example_latest_only.py took 0.127 seconds
[2024-05-04T16:17:59.926+0000] {processor.py:156} INFO - Started process (PID=8571) to work on /home/airflow/.local/lib/python3.7/site-packages/airflow/example_dags/example_latest_only.py
[2024-05-04T16:17:59.926+0000] {processor.py:758} INFO - Processing file /home/airflow/.local/lib/python3.7/site-packages/airflow/example_dags/example_latest_only.py for tasks to queue
[2024-05-04T16:17:59.927+0000] {logging_mixin.py:117} INFO - [2024-05-04T16:17:59.927+0000] {dagbag.py:525} INFO - Filling up the DagBag from /home/airflow/.local/lib/python3.7/site-packages/airflow/example_dags/example_latest_only.py
[2024-05-04T16:17:59.944+0000] {processor.py:768} INFO - DAG(s) dict_keys(['latest_only']) retrieved from /home/airflow/.local/lib/python3.7/site-packages/airflow/example_dags/example_latest_only.py
[2024-05-04T16:17:59.988+0000] {logging_mixin.py:117} INFO - [2024-05-04T16:17:59.987+0000] {dag.py:2573} INFO - Sync 1 DAGs
[2024-05-04T16:18:00.011+0000] {logging_mixin.py:117} INFO - [2024-05-04T16:18:00.011+0000] {dag.py:3328} INFO - Setting next_dagrun for latest_only to 2024-05-04T12:18:00.011142+00:00, run_after=2024-05-04T16:18:00.011142+00:00
[2024-05-04T16:18:00.033+0000] {processor.py:178} INFO - Processing /home/airflow/.local/lib/python3.7/site-packages/airflow/example_dags/example_latest_only.py took 0.111 seconds
[2024-05-04T16:18:30.305+0000] {processor.py:156} INFO - Started process (PID=8784) to work on /home/airflow/.local/lib/python3.7/site-packages/airflow/example_dags/example_latest_only.py
[2024-05-04T16:18:30.306+0000] {processor.py:758} INFO - Processing file /home/airflow/.local/lib/python3.7/site-packages/airflow/example_dags/example_latest_only.py for tasks to queue
[2024-05-04T16:18:30.306+0000] {logging_mixin.py:117} INFO - [2024-05-04T16:18:30.306+0000] {dagbag.py:525} INFO - Filling up the DagBag from /home/airflow/.local/lib/python3.7/site-packages/airflow/example_dags/example_latest_only.py
[2024-05-04T16:18:30.323+0000] {processor.py:768} INFO - DAG(s) dict_keys(['latest_only']) retrieved from /home/airflow/.local/lib/python3.7/site-packages/airflow/example_dags/example_latest_only.py
[2024-05-04T16:18:30.372+0000] {logging_mixin.py:117} INFO - [2024-05-04T16:18:30.371+0000] {dag.py:2573} INFO - Sync 1 DAGs
[2024-05-04T16:18:30.403+0000] {logging_mixin.py:117} INFO - [2024-05-04T16:18:30.403+0000] {dag.py:3328} INFO - Setting next_dagrun for latest_only to 2024-05-04T12:18:30.403448+00:00, run_after=2024-05-04T16:18:30.403448+00:00
[2024-05-04T16:18:30.430+0000] {processor.py:178} INFO - Processing /home/airflow/.local/lib/python3.7/site-packages/airflow/example_dags/example_latest_only.py took 0.129 seconds
[2024-05-04T16:19:01.554+0000] {processor.py:156} INFO - Started process (PID=9000) to work on /home/airflow/.local/lib/python3.7/site-packages/airflow/example_dags/example_latest_only.py
[2024-05-04T16:19:01.555+0000] {processor.py:758} INFO - Processing file /home/airflow/.local/lib/python3.7/site-packages/airflow/example_dags/example_latest_only.py for tasks to queue
[2024-05-04T16:19:01.555+0000] {logging_mixin.py:117} INFO - [2024-05-04T16:19:01.555+0000] {dagbag.py:525} INFO - Filling up the DagBag from /home/airflow/.local/lib/python3.7/site-packages/airflow/example_dags/example_latest_only.py
[2024-05-04T16:19:01.569+0000] {processor.py:768} INFO - DAG(s) dict_keys(['latest_only']) retrieved from /home/airflow/.local/lib/python3.7/site-packages/airflow/example_dags/example_latest_only.py
[2024-05-04T16:19:01.603+0000] {logging_mixin.py:117} INFO - [2024-05-04T16:19:01.602+0000] {dag.py:2573} INFO - Sync 1 DAGs
[2024-05-04T16:19:01.626+0000] {logging_mixin.py:117} INFO - [2024-05-04T16:19:01.626+0000] {dag.py:3328} INFO - Setting next_dagrun for latest_only to 2024-05-04T12:19:01.626038+00:00, run_after=2024-05-04T16:19:01.626038+00:00
[2024-05-04T16:19:01.647+0000] {processor.py:178} INFO - Processing /home/airflow/.local/lib/python3.7/site-packages/airflow/example_dags/example_latest_only.py took 0.097 seconds
[2024-05-04T16:19:32.795+0000] {processor.py:156} INFO - Started process (PID=9213) to work on /home/airflow/.local/lib/python3.7/site-packages/airflow/example_dags/example_latest_only.py
[2024-05-04T16:19:32.796+0000] {processor.py:758} INFO - Processing file /home/airflow/.local/lib/python3.7/site-packages/airflow/example_dags/example_latest_only.py for tasks to queue
[2024-05-04T16:19:32.796+0000] {logging_mixin.py:117} INFO - [2024-05-04T16:19:32.796+0000] {dagbag.py:525} INFO - Filling up the DagBag from /home/airflow/.local/lib/python3.7/site-packages/airflow/example_dags/example_latest_only.py
[2024-05-04T16:19:32.814+0000] {processor.py:768} INFO - DAG(s) dict_keys(['latest_only']) retrieved from /home/airflow/.local/lib/python3.7/site-packages/airflow/example_dags/example_latest_only.py
[2024-05-04T16:19:32.871+0000] {logging_mixin.py:117} INFO - [2024-05-04T16:19:32.870+0000] {dag.py:2573} INFO - Sync 1 DAGs
[2024-05-04T16:19:32.907+0000] {logging_mixin.py:117} INFO - [2024-05-04T16:19:32.907+0000] {dag.py:3328} INFO - Setting next_dagrun for latest_only to 2024-05-04T12:19:32.907283+00:00, run_after=2024-05-04T16:19:32.907283+00:00
[2024-05-04T16:19:32.936+0000] {processor.py:178} INFO - Processing /home/airflow/.local/lib/python3.7/site-packages/airflow/example_dags/example_latest_only.py took 0.145 seconds
[2024-05-04T16:20:03.190+0000] {processor.py:156} INFO - Started process (PID=9417) to work on /home/airflow/.local/lib/python3.7/site-packages/airflow/example_dags/example_latest_only.py
[2024-05-04T16:20:03.192+0000] {processor.py:758} INFO - Processing file /home/airflow/.local/lib/python3.7/site-packages/airflow/example_dags/example_latest_only.py for tasks to queue
[2024-05-04T16:20:03.193+0000] {logging_mixin.py:117} INFO - [2024-05-04T16:20:03.192+0000] {dagbag.py:525} INFO - Filling up the DagBag from /home/airflow/.local/lib/python3.7/site-packages/airflow/example_dags/example_latest_only.py
[2024-05-04T16:20:03.210+0000] {processor.py:768} INFO - DAG(s) dict_keys(['latest_only']) retrieved from /home/airflow/.local/lib/python3.7/site-packages/airflow/example_dags/example_latest_only.py
[2024-05-04T16:20:03.256+0000] {logging_mixin.py:117} INFO - [2024-05-04T16:20:03.256+0000] {dag.py:2573} INFO - Sync 1 DAGs
[2024-05-04T16:20:03.286+0000] {logging_mixin.py:117} INFO - [2024-05-04T16:20:03.286+0000] {dag.py:3328} INFO - Setting next_dagrun for latest_only to 2024-05-04T12:20:03.286388+00:00, run_after=2024-05-04T16:20:03.286388+00:00
[2024-05-04T16:20:03.315+0000] {processor.py:178} INFO - Processing /home/airflow/.local/lib/python3.7/site-packages/airflow/example_dags/example_latest_only.py took 0.130 seconds
[2024-05-04T16:20:33.646+0000] {processor.py:156} INFO - Started process (PID=9636) to work on /home/airflow/.local/lib/python3.7/site-packages/airflow/example_dags/example_latest_only.py
[2024-05-04T16:20:33.647+0000] {processor.py:758} INFO - Processing file /home/airflow/.local/lib/python3.7/site-packages/airflow/example_dags/example_latest_only.py for tasks to queue
[2024-05-04T16:20:33.648+0000] {logging_mixin.py:117} INFO - [2024-05-04T16:20:33.648+0000] {dagbag.py:525} INFO - Filling up the DagBag from /home/airflow/.local/lib/python3.7/site-packages/airflow/example_dags/example_latest_only.py
[2024-05-04T16:20:33.665+0000] {processor.py:768} INFO - DAG(s) dict_keys(['latest_only']) retrieved from /home/airflow/.local/lib/python3.7/site-packages/airflow/example_dags/example_latest_only.py
[2024-05-04T16:20:33.719+0000] {logging_mixin.py:117} INFO - [2024-05-04T16:20:33.719+0000] {dag.py:2573} INFO - Sync 1 DAGs
[2024-05-04T16:20:33.751+0000] {logging_mixin.py:117} INFO - [2024-05-04T16:20:33.751+0000] {dag.py:3328} INFO - Setting next_dagrun for latest_only to 2024-05-04T12:20:33.750804+00:00, run_after=2024-05-04T16:20:33.750804+00:00
[2024-05-04T16:20:33.777+0000] {processor.py:178} INFO - Processing /home/airflow/.local/lib/python3.7/site-packages/airflow/example_dags/example_latest_only.py took 0.134 seconds
[2024-05-04T16:21:04.039+0000] {processor.py:156} INFO - Started process (PID=9853) to work on /home/airflow/.local/lib/python3.7/site-packages/airflow/example_dags/example_latest_only.py
[2024-05-04T16:21:04.040+0000] {processor.py:758} INFO - Processing file /home/airflow/.local/lib/python3.7/site-packages/airflow/example_dags/example_latest_only.py for tasks to queue
[2024-05-04T16:21:04.040+0000] {logging_mixin.py:117} INFO - [2024-05-04T16:21:04.040+0000] {dagbag.py:525} INFO - Filling up the DagBag from /home/airflow/.local/lib/python3.7/site-packages/airflow/example_dags/example_latest_only.py
[2024-05-04T16:21:04.053+0000] {processor.py:768} INFO - DAG(s) dict_keys(['latest_only']) retrieved from /home/airflow/.local/lib/python3.7/site-packages/airflow/example_dags/example_latest_only.py
[2024-05-04T16:21:04.089+0000] {logging_mixin.py:117} INFO - [2024-05-04T16:21:04.089+0000] {dag.py:2573} INFO - Sync 1 DAGs
[2024-05-04T16:21:04.113+0000] {logging_mixin.py:117} INFO - [2024-05-04T16:21:04.113+0000] {dag.py:3328} INFO - Setting next_dagrun for latest_only to 2024-05-04T12:21:04.113560+00:00, run_after=2024-05-04T16:21:04.113560+00:00
[2024-05-04T16:21:04.137+0000] {processor.py:178} INFO - Processing /home/airflow/.local/lib/python3.7/site-packages/airflow/example_dags/example_latest_only.py took 0.102 seconds
[2024-05-04T16:21:34.333+0000] {processor.py:156} INFO - Started process (PID=10057) to work on /home/airflow/.local/lib/python3.7/site-packages/airflow/example_dags/example_latest_only.py
[2024-05-04T16:21:34.334+0000] {processor.py:758} INFO - Processing file /home/airflow/.local/lib/python3.7/site-packages/airflow/example_dags/example_latest_only.py for tasks to queue
[2024-05-04T16:21:34.334+0000] {logging_mixin.py:117} INFO - [2024-05-04T16:21:34.334+0000] {dagbag.py:525} INFO - Filling up the DagBag from /home/airflow/.local/lib/python3.7/site-packages/airflow/example_dags/example_latest_only.py
[2024-05-04T16:21:34.345+0000] {processor.py:768} INFO - DAG(s) dict_keys(['latest_only']) retrieved from /home/airflow/.local/lib/python3.7/site-packages/airflow/example_dags/example_latest_only.py
[2024-05-04T16:21:34.385+0000] {logging_mixin.py:117} INFO - [2024-05-04T16:21:34.385+0000] {dag.py:2573} INFO - Sync 1 DAGs
[2024-05-04T16:21:34.415+0000] {logging_mixin.py:117} INFO - [2024-05-04T16:21:34.415+0000] {dag.py:3328} INFO - Setting next_dagrun for latest_only to 2024-05-04T12:21:34.415093+00:00, run_after=2024-05-04T16:21:34.415093+00:00
[2024-05-04T16:21:34.436+0000] {processor.py:178} INFO - Processing /home/airflow/.local/lib/python3.7/site-packages/airflow/example_dags/example_latest_only.py took 0.106 seconds
[2024-05-04T16:22:05.267+0000] {processor.py:156} INFO - Started process (PID=10273) to work on /home/airflow/.local/lib/python3.7/site-packages/airflow/example_dags/example_latest_only.py
[2024-05-04T16:22:05.268+0000] {processor.py:758} INFO - Processing file /home/airflow/.local/lib/python3.7/site-packages/airflow/example_dags/example_latest_only.py for tasks to queue
[2024-05-04T16:22:05.268+0000] {logging_mixin.py:117} INFO - [2024-05-04T16:22:05.268+0000] {dagbag.py:525} INFO - Filling up the DagBag from /home/airflow/.local/lib/python3.7/site-packages/airflow/example_dags/example_latest_only.py
[2024-05-04T16:22:05.282+0000] {processor.py:768} INFO - DAG(s) dict_keys(['latest_only']) retrieved from /home/airflow/.local/lib/python3.7/site-packages/airflow/example_dags/example_latest_only.py
[2024-05-04T16:22:05.317+0000] {logging_mixin.py:117} INFO - [2024-05-04T16:22:05.317+0000] {dag.py:2573} INFO - Sync 1 DAGs
[2024-05-04T16:22:05.338+0000] {logging_mixin.py:117} INFO - [2024-05-04T16:22:05.338+0000] {dag.py:3328} INFO - Setting next_dagrun for latest_only to 2024-05-04T12:22:05.338131+00:00, run_after=2024-05-04T16:22:05.338131+00:00
[2024-05-04T16:22:05.359+0000] {processor.py:178} INFO - Processing /home/airflow/.local/lib/python3.7/site-packages/airflow/example_dags/example_latest_only.py took 0.096 seconds
[2024-05-04T16:22:36.135+0000] {processor.py:156} INFO - Started process (PID=10486) to work on /home/airflow/.local/lib/python3.7/site-packages/airflow/example_dags/example_latest_only.py
[2024-05-04T16:22:36.136+0000] {processor.py:758} INFO - Processing file /home/airflow/.local/lib/python3.7/site-packages/airflow/example_dags/example_latest_only.py for tasks to queue
[2024-05-04T16:22:36.137+0000] {logging_mixin.py:117} INFO - [2024-05-04T16:22:36.136+0000] {dagbag.py:525} INFO - Filling up the DagBag from /home/airflow/.local/lib/python3.7/site-packages/airflow/example_dags/example_latest_only.py
[2024-05-04T16:22:36.153+0000] {processor.py:768} INFO - DAG(s) dict_keys(['latest_only']) retrieved from /home/airflow/.local/lib/python3.7/site-packages/airflow/example_dags/example_latest_only.py
[2024-05-04T16:22:36.198+0000] {logging_mixin.py:117} INFO - [2024-05-04T16:22:36.198+0000] {dag.py:2573} INFO - Sync 1 DAGs
[2024-05-04T16:22:36.233+0000] {logging_mixin.py:117} INFO - [2024-05-04T16:22:36.233+0000] {dag.py:3328} INFO - Setting next_dagrun for latest_only to 2024-05-04T12:22:36.233599+00:00, run_after=2024-05-04T16:22:36.233599+00:00
[2024-05-04T16:22:36.259+0000] {processor.py:178} INFO - Processing /home/airflow/.local/lib/python3.7/site-packages/airflow/example_dags/example_latest_only.py took 0.127 seconds
[2024-05-04T16:23:07.046+0000] {processor.py:156} INFO - Started process (PID=10699) to work on /home/airflow/.local/lib/python3.7/site-packages/airflow/example_dags/example_latest_only.py
[2024-05-04T16:23:07.046+0000] {processor.py:758} INFO - Processing file /home/airflow/.local/lib/python3.7/site-packages/airflow/example_dags/example_latest_only.py for tasks to queue
[2024-05-04T16:23:07.047+0000] {logging_mixin.py:117} INFO - [2024-05-04T16:23:07.047+0000] {dagbag.py:525} INFO - Filling up the DagBag from /home/airflow/.local/lib/python3.7/site-packages/airflow/example_dags/example_latest_only.py
[2024-05-04T16:23:07.063+0000] {processor.py:768} INFO - DAG(s) dict_keys(['latest_only']) retrieved from /home/airflow/.local/lib/python3.7/site-packages/airflow/example_dags/example_latest_only.py
[2024-05-04T16:23:07.096+0000] {logging_mixin.py:117} INFO - [2024-05-04T16:23:07.096+0000] {dag.py:2573} INFO - Sync 1 DAGs
[2024-05-04T16:23:07.119+0000] {logging_mixin.py:117} INFO - [2024-05-04T16:23:07.119+0000] {dag.py:3328} INFO - Setting next_dagrun for latest_only to 2024-05-04T12:23:07.119147+00:00, run_after=2024-05-04T16:23:07.119147+00:00
[2024-05-04T16:23:07.144+0000] {processor.py:178} INFO - Processing /home/airflow/.local/lib/python3.7/site-packages/airflow/example_dags/example_latest_only.py took 0.102 seconds
[2024-05-04T16:23:37.836+0000] {processor.py:156} INFO - Started process (PID=10903) to work on /home/airflow/.local/lib/python3.7/site-packages/airflow/example_dags/example_latest_only.py
[2024-05-04T16:23:37.837+0000] {processor.py:758} INFO - Processing file /home/airflow/.local/lib/python3.7/site-packages/airflow/example_dags/example_latest_only.py for tasks to queue
[2024-05-04T16:23:37.837+0000] {logging_mixin.py:117} INFO - [2024-05-04T16:23:37.837+0000] {dagbag.py:525} INFO - Filling up the DagBag from /home/airflow/.local/lib/python3.7/site-packages/airflow/example_dags/example_latest_only.py
[2024-05-04T16:23:37.853+0000] {processor.py:768} INFO - DAG(s) dict_keys(['latest_only']) retrieved from /home/airflow/.local/lib/python3.7/site-packages/airflow/example_dags/example_latest_only.py
[2024-05-04T16:23:37.888+0000] {logging_mixin.py:117} INFO - [2024-05-04T16:23:37.888+0000] {dag.py:2573} INFO - Sync 1 DAGs
[2024-05-04T16:23:37.909+0000] {logging_mixin.py:117} INFO - [2024-05-04T16:23:37.909+0000] {dag.py:3328} INFO - Setting next_dagrun for latest_only to 2024-05-04T12:23:37.909143+00:00, run_after=2024-05-04T16:23:37.909143+00:00
[2024-05-04T16:23:37.933+0000] {processor.py:178} INFO - Processing /home/airflow/.local/lib/python3.7/site-packages/airflow/example_dags/example_latest_only.py took 0.099 seconds
[2024-05-04T16:24:08.963+0000] {processor.py:156} INFO - Started process (PID=11118) to work on /home/airflow/.local/lib/python3.7/site-packages/airflow/example_dags/example_latest_only.py
[2024-05-04T16:24:08.963+0000] {processor.py:758} INFO - Processing file /home/airflow/.local/lib/python3.7/site-packages/airflow/example_dags/example_latest_only.py for tasks to queue
[2024-05-04T16:24:08.964+0000] {logging_mixin.py:117} INFO - [2024-05-04T16:24:08.963+0000] {dagbag.py:525} INFO - Filling up the DagBag from /home/airflow/.local/lib/python3.7/site-packages/airflow/example_dags/example_latest_only.py
[2024-05-04T16:24:08.976+0000] {processor.py:768} INFO - DAG(s) dict_keys(['latest_only']) retrieved from /home/airflow/.local/lib/python3.7/site-packages/airflow/example_dags/example_latest_only.py
[2024-05-04T16:24:09.012+0000] {logging_mixin.py:117} INFO - [2024-05-04T16:24:09.011+0000] {dag.py:2573} INFO - Sync 1 DAGs
[2024-05-04T16:24:09.033+0000] {logging_mixin.py:117} INFO - [2024-05-04T16:24:09.033+0000] {dag.py:3328} INFO - Setting next_dagrun for latest_only to 2024-05-04T12:24:09.032864+00:00, run_after=2024-05-04T16:24:09.032864+00:00
[2024-05-04T16:24:09.053+0000] {processor.py:178} INFO - Processing /home/airflow/.local/lib/python3.7/site-packages/airflow/example_dags/example_latest_only.py took 0.093 seconds
[2024-05-04T16:24:39.486+0000] {processor.py:156} INFO - Started process (PID=11330) to work on /home/airflow/.local/lib/python3.7/site-packages/airflow/example_dags/example_latest_only.py
[2024-05-04T16:24:39.487+0000] {processor.py:758} INFO - Processing file /home/airflow/.local/lib/python3.7/site-packages/airflow/example_dags/example_latest_only.py for tasks to queue
[2024-05-04T16:24:39.488+0000] {logging_mixin.py:117} INFO - [2024-05-04T16:24:39.488+0000] {dagbag.py:525} INFO - Filling up the DagBag from /home/airflow/.local/lib/python3.7/site-packages/airflow/example_dags/example_latest_only.py
[2024-05-04T16:24:39.503+0000] {processor.py:768} INFO - DAG(s) dict_keys(['latest_only']) retrieved from /home/airflow/.local/lib/python3.7/site-packages/airflow/example_dags/example_latest_only.py
[2024-05-04T16:24:39.550+0000] {logging_mixin.py:117} INFO - [2024-05-04T16:24:39.550+0000] {dag.py:2573} INFO - Sync 1 DAGs
[2024-05-04T16:24:39.581+0000] {logging_mixin.py:117} INFO - [2024-05-04T16:24:39.581+0000] {dag.py:3328} INFO - Setting next_dagrun for latest_only to 2024-05-04T12:24:39.581354+00:00, run_after=2024-05-04T16:24:39.581354+00:00
[2024-05-04T16:24:39.608+0000] {processor.py:178} INFO - Processing /home/airflow/.local/lib/python3.7/site-packages/airflow/example_dags/example_latest_only.py took 0.125 seconds
