[2024-05-04T15:58:08.753+0000] {processor.py:156} INFO - Started process (PID=345) to work on /home/airflow/.local/lib/python3.7/site-packages/airflow/example_dags/example_datasets.py
[2024-05-04T15:58:08.754+0000] {processor.py:758} INFO - Processing file /home/airflow/.local/lib/python3.7/site-packages/airflow/example_dags/example_datasets.py for tasks to queue
[2024-05-04T15:58:08.755+0000] {logging_mixin.py:117} INFO - [2024-05-04T15:58:08.754+0000] {dagbag.py:525} INFO - Filling up the DagBag from /home/airflow/.local/lib/python3.7/site-packages/airflow/example_dags/example_datasets.py
[2024-05-04T15:58:08.792+0000] {processor.py:768} INFO - DAG(s) dict_keys(['dataset_consumes_1', 'dataset_consumes_unknown_never_scheduled', 'dataset_consumes_1_never_scheduled', 'dataset_produces_1', 'dataset_produces_2', 'dataset_consumes_1_and_2']) retrieved from /home/airflow/.local/lib/python3.7/site-packages/airflow/example_dags/example_datasets.py
[2024-05-04T15:58:09.405+0000] {logging_mixin.py:117} INFO - [2024-05-04T15:58:09.405+0000] {manager.py:507} INFO - Created Permission View: can read on DAG:dataset_consumes_1
[2024-05-04T15:58:09.422+0000] {logging_mixin.py:117} INFO - [2024-05-04T15:58:09.422+0000] {manager.py:507} INFO - Created Permission View: can edit on DAG:dataset_consumes_1
[2024-05-04T15:58:09.437+0000] {logging_mixin.py:117} INFO - [2024-05-04T15:58:09.437+0000] {manager.py:507} INFO - Created Permission View: can delete on DAG:dataset_consumes_1
[2024-05-04T15:58:09.466+0000] {logging_mixin.py:117} INFO - [2024-05-04T15:58:09.466+0000] {manager.py:507} INFO - Created Permission View: can read on DAG:dataset_consumes_unknown_never_scheduled
[2024-05-04T15:58:09.482+0000] {logging_mixin.py:117} INFO - [2024-05-04T15:58:09.482+0000] {manager.py:507} INFO - Created Permission View: can edit on DAG:dataset_consumes_unknown_never_scheduled
[2024-05-04T15:58:09.495+0000] {logging_mixin.py:117} INFO - [2024-05-04T15:58:09.495+0000] {manager.py:507} INFO - Created Permission View: can delete on DAG:dataset_consumes_unknown_never_scheduled
[2024-05-04T15:58:09.526+0000] {logging_mixin.py:117} INFO - [2024-05-04T15:58:09.526+0000] {manager.py:507} INFO - Created Permission View: can read on DAG:dataset_consumes_1_never_scheduled
[2024-05-04T15:58:09.545+0000] {logging_mixin.py:117} INFO - [2024-05-04T15:58:09.545+0000] {manager.py:507} INFO - Created Permission View: can edit on DAG:dataset_consumes_1_never_scheduled
[2024-05-04T15:58:09.564+0000] {logging_mixin.py:117} INFO - [2024-05-04T15:58:09.564+0000] {manager.py:507} INFO - Created Permission View: can delete on DAG:dataset_consumes_1_never_scheduled
[2024-05-04T15:58:09.595+0000] {logging_mixin.py:117} INFO - [2024-05-04T15:58:09.594+0000] {manager.py:507} INFO - Created Permission View: can read on DAG:dataset_produces_1
[2024-05-04T15:58:09.610+0000] {logging_mixin.py:117} INFO - [2024-05-04T15:58:09.610+0000] {manager.py:507} INFO - Created Permission View: can edit on DAG:dataset_produces_1
[2024-05-04T15:58:09.626+0000] {logging_mixin.py:117} INFO - [2024-05-04T15:58:09.626+0000] {manager.py:507} INFO - Created Permission View: can delete on DAG:dataset_produces_1
[2024-05-04T15:58:09.660+0000] {logging_mixin.py:117} INFO - [2024-05-04T15:58:09.660+0000] {manager.py:507} INFO - Created Permission View: can read on DAG:dataset_produces_2
[2024-05-04T15:58:09.678+0000] {logging_mixin.py:117} INFO - [2024-05-04T15:58:09.678+0000] {manager.py:507} INFO - Created Permission View: can edit on DAG:dataset_produces_2
[2024-05-04T15:58:09.690+0000] {logging_mixin.py:117} INFO - [2024-05-04T15:58:09.690+0000] {manager.py:507} INFO - Created Permission View: can delete on DAG:dataset_produces_2
[2024-05-04T15:58:09.722+0000] {logging_mixin.py:117} INFO - [2024-05-04T15:58:09.721+0000] {manager.py:507} INFO - Created Permission View: can read on DAG:dataset_consumes_1_and_2
[2024-05-04T15:58:09.739+0000] {logging_mixin.py:117} INFO - [2024-05-04T15:58:09.739+0000] {manager.py:507} INFO - Created Permission View: can edit on DAG:dataset_consumes_1_and_2
[2024-05-04T15:58:09.753+0000] {logging_mixin.py:117} INFO - [2024-05-04T15:58:09.752+0000] {manager.py:507} INFO - Created Permission View: can delete on DAG:dataset_consumes_1_and_2
[2024-05-04T15:58:09.753+0000] {logging_mixin.py:117} INFO - [2024-05-04T15:58:09.753+0000] {dag.py:2573} INFO - Sync 6 DAGs
[2024-05-04T15:58:09.776+0000] {logging_mixin.py:117} INFO - [2024-05-04T15:58:09.776+0000] {dag.py:2594} INFO - Creating ORM DAG for dataset_consumes_unknown_never_scheduled
[2024-05-04T15:58:09.777+0000] {logging_mixin.py:117} INFO - [2024-05-04T15:58:09.777+0000] {dag.py:2594} INFO - Creating ORM DAG for dataset_consumes_1_never_scheduled
[2024-05-04T15:58:09.779+0000] {logging_mixin.py:117} INFO - [2024-05-04T15:58:09.779+0000] {dag.py:2594} INFO - Creating ORM DAG for dataset_consumes_1_and_2
[2024-05-04T15:58:09.779+0000] {logging_mixin.py:117} INFO - [2024-05-04T15:58:09.779+0000] {dag.py:2594} INFO - Creating ORM DAG for dataset_produces_1
[2024-05-04T15:58:09.781+0000] {logging_mixin.py:117} INFO - [2024-05-04T15:58:09.781+0000] {dag.py:2594} INFO - Creating ORM DAG for dataset_produces_2
[2024-05-04T15:58:09.782+0000] {logging_mixin.py:117} INFO - [2024-05-04T15:58:09.782+0000] {dag.py:2594} INFO - Creating ORM DAG for dataset_consumes_1
[2024-05-04T15:58:09.795+0000] {logging_mixin.py:117} INFO - [2024-05-04T15:58:09.795+0000] {dag.py:3328} INFO - Setting next_dagrun for dataset_consumes_1 to None, run_after=None
[2024-05-04T15:58:09.796+0000] {logging_mixin.py:117} INFO - [2024-05-04T15:58:09.796+0000] {dag.py:3328} INFO - Setting next_dagrun for dataset_consumes_1_and_2 to None, run_after=None
[2024-05-04T15:58:09.797+0000] {logging_mixin.py:117} INFO - [2024-05-04T15:58:09.797+0000] {dag.py:3328} INFO - Setting next_dagrun for dataset_consumes_1_never_scheduled to None, run_after=None
[2024-05-04T15:58:09.797+0000] {logging_mixin.py:117} INFO - [2024-05-04T15:58:09.797+0000] {dag.py:3328} INFO - Setting next_dagrun for dataset_consumes_unknown_never_scheduled to None, run_after=None
[2024-05-04T15:58:09.801+0000] {logging_mixin.py:117} INFO - [2024-05-04T15:58:09.801+0000] {dag.py:3328} INFO - Setting next_dagrun for dataset_produces_1 to 2024-05-03T00:00:00+00:00, run_after=2024-05-04T00:00:00+00:00
[2024-05-04T15:58:09.802+0000] {logging_mixin.py:117} INFO - [2024-05-04T15:58:09.802+0000] {dag.py:3328} INFO - Setting next_dagrun for dataset_produces_2 to None, run_after=None
[2024-05-04T15:58:09.855+0000] {processor.py:178} INFO - Processing /home/airflow/.local/lib/python3.7/site-packages/airflow/example_dags/example_datasets.py took 1.105 seconds
[2024-05-04T15:58:44.573+0000] {processor.py:156} INFO - Started process (PID=608) to work on /home/airflow/.local/lib/python3.7/site-packages/airflow/example_dags/example_datasets.py
[2024-05-04T15:58:44.573+0000] {processor.py:758} INFO - Processing file /home/airflow/.local/lib/python3.7/site-packages/airflow/example_dags/example_datasets.py for tasks to queue
[2024-05-04T15:58:44.574+0000] {logging_mixin.py:117} INFO - [2024-05-04T15:58:44.574+0000] {dagbag.py:525} INFO - Filling up the DagBag from /home/airflow/.local/lib/python3.7/site-packages/airflow/example_dags/example_datasets.py
[2024-05-04T15:58:44.595+0000] {processor.py:768} INFO - DAG(s) dict_keys(['dataset_produces_2', 'dataset_produces_1', 'dataset_consumes_1', 'dataset_consumes_1_never_scheduled', 'dataset_consumes_unknown_never_scheduled', 'dataset_consumes_1_and_2']) retrieved from /home/airflow/.local/lib/python3.7/site-packages/airflow/example_dags/example_datasets.py
[2024-05-04T15:58:44.645+0000] {logging_mixin.py:117} INFO - [2024-05-04T15:58:44.644+0000] {dag.py:2573} INFO - Sync 6 DAGs
[2024-05-04T15:58:44.773+0000] {logging_mixin.py:117} INFO - [2024-05-04T15:58:44.772+0000] {dag.py:3328} INFO - Setting next_dagrun for dataset_consumes_1 to None, run_after=None
[2024-05-04T15:58:44.775+0000] {logging_mixin.py:117} INFO - [2024-05-04T15:58:44.775+0000] {dag.py:3328} INFO - Setting next_dagrun for dataset_consumes_1_and_2 to None, run_after=None
[2024-05-04T15:58:44.776+0000] {logging_mixin.py:117} INFO - [2024-05-04T15:58:44.776+0000] {dag.py:3328} INFO - Setting next_dagrun for dataset_consumes_1_never_scheduled to None, run_after=None
[2024-05-04T15:58:44.777+0000] {logging_mixin.py:117} INFO - [2024-05-04T15:58:44.777+0000] {dag.py:3328} INFO - Setting next_dagrun for dataset_consumes_unknown_never_scheduled to None, run_after=None
[2024-05-04T15:58:44.779+0000] {logging_mixin.py:117} INFO - [2024-05-04T15:58:44.779+0000] {dag.py:3328} INFO - Setting next_dagrun for dataset_produces_1 to 2024-05-03T00:00:00+00:00, run_after=2024-05-04T00:00:00+00:00
[2024-05-04T15:58:44.780+0000] {logging_mixin.py:117} INFO - [2024-05-04T15:58:44.780+0000] {dag.py:3328} INFO - Setting next_dagrun for dataset_produces_2 to None, run_after=None
[2024-05-04T15:58:44.806+0000] {processor.py:178} INFO - Processing /home/airflow/.local/lib/python3.7/site-packages/airflow/example_dags/example_datasets.py took 0.236 seconds
[2024-05-04T15:59:15.031+0000] {processor.py:156} INFO - Started process (PID=861) to work on /home/airflow/.local/lib/python3.7/site-packages/airflow/example_dags/example_datasets.py
[2024-05-04T15:59:15.032+0000] {processor.py:758} INFO - Processing file /home/airflow/.local/lib/python3.7/site-packages/airflow/example_dags/example_datasets.py for tasks to queue
[2024-05-04T15:59:15.033+0000] {logging_mixin.py:117} INFO - [2024-05-04T15:59:15.033+0000] {dagbag.py:525} INFO - Filling up the DagBag from /home/airflow/.local/lib/python3.7/site-packages/airflow/example_dags/example_datasets.py
[2024-05-04T15:59:15.054+0000] {processor.py:768} INFO - DAG(s) dict_keys(['dataset_consumes_1', 'dataset_consumes_unknown_never_scheduled', 'dataset_produces_1', 'dataset_produces_2', 'dataset_consumes_1_and_2', 'dataset_consumes_1_never_scheduled']) retrieved from /home/airflow/.local/lib/python3.7/site-packages/airflow/example_dags/example_datasets.py
[2024-05-04T15:59:15.106+0000] {logging_mixin.py:117} INFO - [2024-05-04T15:59:15.106+0000] {dag.py:2573} INFO - Sync 6 DAGs
[2024-05-04T15:59:15.268+0000] {logging_mixin.py:117} INFO - [2024-05-04T15:59:15.268+0000] {dag.py:3328} INFO - Setting next_dagrun for dataset_consumes_1 to None, run_after=None
[2024-05-04T15:59:15.272+0000] {logging_mixin.py:117} INFO - [2024-05-04T15:59:15.271+0000] {dag.py:3328} INFO - Setting next_dagrun for dataset_consumes_1_and_2 to None, run_after=None
[2024-05-04T15:59:15.273+0000] {logging_mixin.py:117} INFO - [2024-05-04T15:59:15.273+0000] {dag.py:3328} INFO - Setting next_dagrun for dataset_consumes_1_never_scheduled to None, run_after=None
[2024-05-04T15:59:15.274+0000] {logging_mixin.py:117} INFO - [2024-05-04T15:59:15.274+0000] {dag.py:3328} INFO - Setting next_dagrun for dataset_consumes_unknown_never_scheduled to None, run_after=None
[2024-05-04T15:59:15.277+0000] {logging_mixin.py:117} INFO - [2024-05-04T15:59:15.277+0000] {dag.py:3328} INFO - Setting next_dagrun for dataset_produces_1 to 2024-05-03T00:00:00+00:00, run_after=2024-05-04T00:00:00+00:00
[2024-05-04T15:59:15.278+0000] {logging_mixin.py:117} INFO - [2024-05-04T15:59:15.278+0000] {dag.py:3328} INFO - Setting next_dagrun for dataset_produces_2 to None, run_after=None
[2024-05-04T15:59:15.317+0000] {processor.py:178} INFO - Processing /home/airflow/.local/lib/python3.7/site-packages/airflow/example_dags/example_datasets.py took 0.288 seconds
[2024-05-04T15:59:45.453+0000] {processor.py:156} INFO - Started process (PID=1079) to work on /home/airflow/.local/lib/python3.7/site-packages/airflow/example_dags/example_datasets.py
[2024-05-04T15:59:45.454+0000] {processor.py:758} INFO - Processing file /home/airflow/.local/lib/python3.7/site-packages/airflow/example_dags/example_datasets.py for tasks to queue
[2024-05-04T15:59:45.455+0000] {logging_mixin.py:117} INFO - [2024-05-04T15:59:45.455+0000] {dagbag.py:525} INFO - Filling up the DagBag from /home/airflow/.local/lib/python3.7/site-packages/airflow/example_dags/example_datasets.py
[2024-05-04T15:59:45.470+0000] {processor.py:768} INFO - DAG(s) dict_keys(['dataset_consumes_1', 'dataset_produces_1', 'dataset_consumes_unknown_never_scheduled', 'dataset_consumes_1_never_scheduled', 'dataset_produces_2', 'dataset_consumes_1_and_2']) retrieved from /home/airflow/.local/lib/python3.7/site-packages/airflow/example_dags/example_datasets.py
[2024-05-04T15:59:45.636+0000] {logging_mixin.py:117} INFO - [2024-05-04T15:59:45.636+0000] {dag.py:2573} INFO - Sync 6 DAGs
[2024-05-04T15:59:45.655+0000] {logging_mixin.py:117} INFO - [2024-05-04T15:59:45.655+0000] {dag.py:3328} INFO - Setting next_dagrun for dataset_consumes_1 to None, run_after=None
[2024-05-04T15:59:45.658+0000] {logging_mixin.py:117} INFO - [2024-05-04T15:59:45.658+0000] {dag.py:3328} INFO - Setting next_dagrun for dataset_consumes_1_and_2 to None, run_after=None
[2024-05-04T15:59:45.659+0000] {logging_mixin.py:117} INFO - [2024-05-04T15:59:45.659+0000] {dag.py:3328} INFO - Setting next_dagrun for dataset_consumes_1_never_scheduled to None, run_after=None
[2024-05-04T15:59:45.659+0000] {logging_mixin.py:117} INFO - [2024-05-04T15:59:45.659+0000] {dag.py:3328} INFO - Setting next_dagrun for dataset_consumes_unknown_never_scheduled to None, run_after=None
[2024-05-04T15:59:45.661+0000] {logging_mixin.py:117} INFO - [2024-05-04T15:59:45.661+0000] {dag.py:3328} INFO - Setting next_dagrun for dataset_produces_1 to 2024-05-03T00:00:00+00:00, run_after=2024-05-04T00:00:00+00:00
[2024-05-04T15:59:45.662+0000] {logging_mixin.py:117} INFO - [2024-05-04T15:59:45.662+0000] {dag.py:3328} INFO - Setting next_dagrun for dataset_produces_2 to None, run_after=None
[2024-05-04T15:59:45.687+0000] {processor.py:178} INFO - Processing /home/airflow/.local/lib/python3.7/site-packages/airflow/example_dags/example_datasets.py took 0.237 seconds
[2024-05-04T16:00:15.908+0000] {processor.py:156} INFO - Started process (PID=1292) to work on /home/airflow/.local/lib/python3.7/site-packages/airflow/example_dags/example_datasets.py
[2024-05-04T16:00:15.909+0000] {processor.py:758} INFO - Processing file /home/airflow/.local/lib/python3.7/site-packages/airflow/example_dags/example_datasets.py for tasks to queue
[2024-05-04T16:00:15.909+0000] {logging_mixin.py:117} INFO - [2024-05-04T16:00:15.909+0000] {dagbag.py:525} INFO - Filling up the DagBag from /home/airflow/.local/lib/python3.7/site-packages/airflow/example_dags/example_datasets.py
[2024-05-04T16:00:15.929+0000] {processor.py:768} INFO - DAG(s) dict_keys(['dataset_consumes_unknown_never_scheduled', 'dataset_produces_2', 'dataset_consumes_1', 'dataset_produces_1', 'dataset_consumes_1_and_2', 'dataset_consumes_1_never_scheduled']) retrieved from /home/airflow/.local/lib/python3.7/site-packages/airflow/example_dags/example_datasets.py
[2024-05-04T16:00:16.120+0000] {logging_mixin.py:117} INFO - [2024-05-04T16:00:16.120+0000] {dag.py:2573} INFO - Sync 6 DAGs
[2024-05-04T16:00:16.140+0000] {logging_mixin.py:117} INFO - [2024-05-04T16:00:16.139+0000] {dag.py:3328} INFO - Setting next_dagrun for dataset_consumes_1 to None, run_after=None
[2024-05-04T16:00:16.142+0000] {logging_mixin.py:117} INFO - [2024-05-04T16:00:16.142+0000] {dag.py:3328} INFO - Setting next_dagrun for dataset_consumes_1_and_2 to None, run_after=None
[2024-05-04T16:00:16.143+0000] {logging_mixin.py:117} INFO - [2024-05-04T16:00:16.143+0000] {dag.py:3328} INFO - Setting next_dagrun for dataset_consumes_1_never_scheduled to None, run_after=None
[2024-05-04T16:00:16.144+0000] {logging_mixin.py:117} INFO - [2024-05-04T16:00:16.143+0000] {dag.py:3328} INFO - Setting next_dagrun for dataset_consumes_unknown_never_scheduled to None, run_after=None
[2024-05-04T16:00:16.146+0000] {logging_mixin.py:117} INFO - [2024-05-04T16:00:16.146+0000] {dag.py:3328} INFO - Setting next_dagrun for dataset_produces_1 to 2024-05-03T00:00:00+00:00, run_after=2024-05-04T00:00:00+00:00
[2024-05-04T16:00:16.147+0000] {logging_mixin.py:117} INFO - [2024-05-04T16:00:16.147+0000] {dag.py:3328} INFO - Setting next_dagrun for dataset_produces_2 to None, run_after=None
[2024-05-04T16:00:16.174+0000] {processor.py:178} INFO - Processing /home/airflow/.local/lib/python3.7/site-packages/airflow/example_dags/example_datasets.py took 0.269 seconds
[2024-05-04T16:00:46.570+0000] {processor.py:156} INFO - Started process (PID=1510) to work on /home/airflow/.local/lib/python3.7/site-packages/airflow/example_dags/example_datasets.py
[2024-05-04T16:00:46.571+0000] {processor.py:758} INFO - Processing file /home/airflow/.local/lib/python3.7/site-packages/airflow/example_dags/example_datasets.py for tasks to queue
[2024-05-04T16:00:46.572+0000] {logging_mixin.py:117} INFO - [2024-05-04T16:00:46.572+0000] {dagbag.py:525} INFO - Filling up the DagBag from /home/airflow/.local/lib/python3.7/site-packages/airflow/example_dags/example_datasets.py
[2024-05-04T16:00:46.709+0000] {processor.py:768} INFO - DAG(s) dict_keys(['dataset_consumes_1_and_2', 'dataset_produces_1', 'dataset_consumes_1_never_scheduled', 'dataset_consumes_1', 'dataset_consumes_unknown_never_scheduled', 'dataset_produces_2']) retrieved from /home/airflow/.local/lib/python3.7/site-packages/airflow/example_dags/example_datasets.py
[2024-05-04T16:00:46.748+0000] {logging_mixin.py:117} INFO - [2024-05-04T16:00:46.748+0000] {dag.py:2573} INFO - Sync 6 DAGs
[2024-05-04T16:00:46.768+0000] {logging_mixin.py:117} INFO - [2024-05-04T16:00:46.768+0000] {dag.py:3328} INFO - Setting next_dagrun for dataset_consumes_1 to None, run_after=None
[2024-05-04T16:00:46.770+0000] {logging_mixin.py:117} INFO - [2024-05-04T16:00:46.770+0000] {dag.py:3328} INFO - Setting next_dagrun for dataset_consumes_1_and_2 to None, run_after=None
[2024-05-04T16:00:46.771+0000] {logging_mixin.py:117} INFO - [2024-05-04T16:00:46.771+0000] {dag.py:3328} INFO - Setting next_dagrun for dataset_consumes_1_never_scheduled to None, run_after=None
[2024-05-04T16:00:46.772+0000] {logging_mixin.py:117} INFO - [2024-05-04T16:00:46.772+0000] {dag.py:3328} INFO - Setting next_dagrun for dataset_consumes_unknown_never_scheduled to None, run_after=None
[2024-05-04T16:00:46.774+0000] {logging_mixin.py:117} INFO - [2024-05-04T16:00:46.774+0000] {dag.py:3328} INFO - Setting next_dagrun for dataset_produces_1 to 2024-05-03T00:00:00+00:00, run_after=2024-05-04T00:00:00+00:00
[2024-05-04T16:00:46.775+0000] {logging_mixin.py:117} INFO - [2024-05-04T16:00:46.775+0000] {dag.py:3328} INFO - Setting next_dagrun for dataset_produces_2 to None, run_after=None
[2024-05-04T16:00:46.800+0000] {processor.py:178} INFO - Processing /home/airflow/.local/lib/python3.7/site-packages/airflow/example_dags/example_datasets.py took 0.232 seconds
[2024-05-04T16:01:17.414+0000] {processor.py:156} INFO - Started process (PID=1706) to work on /home/airflow/.local/lib/python3.7/site-packages/airflow/example_dags/example_datasets.py
[2024-05-04T16:01:17.415+0000] {processor.py:758} INFO - Processing file /home/airflow/.local/lib/python3.7/site-packages/airflow/example_dags/example_datasets.py for tasks to queue
[2024-05-04T16:01:17.415+0000] {logging_mixin.py:117} INFO - [2024-05-04T16:01:17.415+0000] {dagbag.py:525} INFO - Filling up the DagBag from /home/airflow/.local/lib/python3.7/site-packages/airflow/example_dags/example_datasets.py
[2024-05-04T16:01:17.431+0000] {processor.py:768} INFO - DAG(s) dict_keys(['dataset_produces_1', 'dataset_consumes_1_never_scheduled', 'dataset_consumes_1', 'dataset_produces_2', 'dataset_consumes_unknown_never_scheduled', 'dataset_consumes_1_and_2']) retrieved from /home/airflow/.local/lib/python3.7/site-packages/airflow/example_dags/example_datasets.py
[2024-05-04T16:01:17.474+0000] {logging_mixin.py:117} INFO - [2024-05-04T16:01:17.474+0000] {dag.py:2573} INFO - Sync 6 DAGs
[2024-05-04T16:01:17.496+0000] {logging_mixin.py:117} INFO - [2024-05-04T16:01:17.496+0000] {dag.py:3328} INFO - Setting next_dagrun for dataset_consumes_1 to None, run_after=None
[2024-05-04T16:01:17.498+0000] {logging_mixin.py:117} INFO - [2024-05-04T16:01:17.498+0000] {dag.py:3328} INFO - Setting next_dagrun for dataset_consumes_1_and_2 to None, run_after=None
[2024-05-04T16:01:17.499+0000] {logging_mixin.py:117} INFO - [2024-05-04T16:01:17.499+0000] {dag.py:3328} INFO - Setting next_dagrun for dataset_consumes_1_never_scheduled to None, run_after=None
[2024-05-04T16:01:17.500+0000] {logging_mixin.py:117} INFO - [2024-05-04T16:01:17.500+0000] {dag.py:3328} INFO - Setting next_dagrun for dataset_consumes_unknown_never_scheduled to None, run_after=None
[2024-05-04T16:01:17.502+0000] {logging_mixin.py:117} INFO - [2024-05-04T16:01:17.502+0000] {dag.py:3328} INFO - Setting next_dagrun for dataset_produces_1 to 2024-05-03T00:00:00+00:00, run_after=2024-05-04T00:00:00+00:00
[2024-05-04T16:01:17.503+0000] {logging_mixin.py:117} INFO - [2024-05-04T16:01:17.503+0000] {dag.py:3328} INFO - Setting next_dagrun for dataset_produces_2 to None, run_after=None
[2024-05-04T16:01:17.529+0000] {processor.py:178} INFO - Processing /home/airflow/.local/lib/python3.7/site-packages/airflow/example_dags/example_datasets.py took 0.117 seconds
[2024-05-04T16:01:48.159+0000] {processor.py:156} INFO - Started process (PID=1919) to work on /home/airflow/.local/lib/python3.7/site-packages/airflow/example_dags/example_datasets.py
[2024-05-04T16:01:48.160+0000] {processor.py:758} INFO - Processing file /home/airflow/.local/lib/python3.7/site-packages/airflow/example_dags/example_datasets.py for tasks to queue
[2024-05-04T16:01:48.160+0000] {logging_mixin.py:117} INFO - [2024-05-04T16:01:48.160+0000] {dagbag.py:525} INFO - Filling up the DagBag from /home/airflow/.local/lib/python3.7/site-packages/airflow/example_dags/example_datasets.py
[2024-05-04T16:01:48.182+0000] {processor.py:768} INFO - DAG(s) dict_keys(['dataset_consumes_unknown_never_scheduled', 'dataset_produces_1', 'dataset_consumes_1_never_scheduled', 'dataset_consumes_1_and_2', 'dataset_consumes_1', 'dataset_produces_2']) retrieved from /home/airflow/.local/lib/python3.7/site-packages/airflow/example_dags/example_datasets.py
[2024-05-04T16:01:48.243+0000] {logging_mixin.py:117} INFO - [2024-05-04T16:01:48.243+0000] {dag.py:2573} INFO - Sync 6 DAGs
[2024-05-04T16:01:48.268+0000] {logging_mixin.py:117} INFO - [2024-05-04T16:01:48.268+0000] {dag.py:3328} INFO - Setting next_dagrun for dataset_consumes_1 to None, run_after=None
[2024-05-04T16:01:48.271+0000] {logging_mixin.py:117} INFO - [2024-05-04T16:01:48.271+0000] {dag.py:3328} INFO - Setting next_dagrun for dataset_consumes_1_and_2 to None, run_after=None
[2024-05-04T16:01:48.272+0000] {logging_mixin.py:117} INFO - [2024-05-04T16:01:48.272+0000] {dag.py:3328} INFO - Setting next_dagrun for dataset_consumes_1_never_scheduled to None, run_after=None
[2024-05-04T16:01:48.273+0000] {logging_mixin.py:117} INFO - [2024-05-04T16:01:48.273+0000] {dag.py:3328} INFO - Setting next_dagrun for dataset_consumes_unknown_never_scheduled to None, run_after=None
[2024-05-04T16:01:48.275+0000] {logging_mixin.py:117} INFO - [2024-05-04T16:01:48.275+0000] {dag.py:3328} INFO - Setting next_dagrun for dataset_produces_1 to 2024-05-03T00:00:00+00:00, run_after=2024-05-04T00:00:00+00:00
[2024-05-04T16:01:48.276+0000] {logging_mixin.py:117} INFO - [2024-05-04T16:01:48.276+0000] {dag.py:3328} INFO - Setting next_dagrun for dataset_produces_2 to None, run_after=None
[2024-05-04T16:01:48.306+0000] {processor.py:178} INFO - Processing /home/airflow/.local/lib/python3.7/site-packages/airflow/example_dags/example_datasets.py took 0.150 seconds
[2024-05-04T16:02:19.001+0000] {processor.py:156} INFO - Started process (PID=2132) to work on /home/airflow/.local/lib/python3.7/site-packages/airflow/example_dags/example_datasets.py
[2024-05-04T16:02:19.002+0000] {processor.py:758} INFO - Processing file /home/airflow/.local/lib/python3.7/site-packages/airflow/example_dags/example_datasets.py for tasks to queue
[2024-05-04T16:02:19.002+0000] {logging_mixin.py:117} INFO - [2024-05-04T16:02:19.002+0000] {dagbag.py:525} INFO - Filling up the DagBag from /home/airflow/.local/lib/python3.7/site-packages/airflow/example_dags/example_datasets.py
[2024-05-04T16:02:19.021+0000] {processor.py:768} INFO - DAG(s) dict_keys(['dataset_produces_2', 'dataset_consumes_1_never_scheduled', 'dataset_consumes_1_and_2', 'dataset_consumes_unknown_never_scheduled', 'dataset_produces_1', 'dataset_consumes_1']) retrieved from /home/airflow/.local/lib/python3.7/site-packages/airflow/example_dags/example_datasets.py
[2024-05-04T16:02:19.075+0000] {logging_mixin.py:117} INFO - [2024-05-04T16:02:19.074+0000] {dag.py:2573} INFO - Sync 6 DAGs
[2024-05-04T16:02:19.101+0000] {logging_mixin.py:117} INFO - [2024-05-04T16:02:19.100+0000] {dag.py:3328} INFO - Setting next_dagrun for dataset_consumes_1 to None, run_after=None
[2024-05-04T16:02:19.104+0000] {logging_mixin.py:117} INFO - [2024-05-04T16:02:19.104+0000] {dag.py:3328} INFO - Setting next_dagrun for dataset_consumes_1_and_2 to None, run_after=None
[2024-05-04T16:02:19.105+0000] {logging_mixin.py:117} INFO - [2024-05-04T16:02:19.105+0000] {dag.py:3328} INFO - Setting next_dagrun for dataset_consumes_1_never_scheduled to None, run_after=None
[2024-05-04T16:02:19.106+0000] {logging_mixin.py:117} INFO - [2024-05-04T16:02:19.106+0000] {dag.py:3328} INFO - Setting next_dagrun for dataset_consumes_unknown_never_scheduled to None, run_after=None
[2024-05-04T16:02:19.108+0000] {logging_mixin.py:117} INFO - [2024-05-04T16:02:19.108+0000] {dag.py:3328} INFO - Setting next_dagrun for dataset_produces_1 to 2024-05-03T00:00:00+00:00, run_after=2024-05-04T00:00:00+00:00
[2024-05-04T16:02:19.109+0000] {logging_mixin.py:117} INFO - [2024-05-04T16:02:19.109+0000] {dag.py:3328} INFO - Setting next_dagrun for dataset_produces_2 to None, run_after=None
[2024-05-04T16:02:19.137+0000] {processor.py:178} INFO - Processing /home/airflow/.local/lib/python3.7/site-packages/airflow/example_dags/example_datasets.py took 0.139 seconds
[2024-05-04T16:02:49.693+0000] {processor.py:156} INFO - Started process (PID=2343) to work on /home/airflow/.local/lib/python3.7/site-packages/airflow/example_dags/example_datasets.py
[2024-05-04T16:02:49.694+0000] {processor.py:758} INFO - Processing file /home/airflow/.local/lib/python3.7/site-packages/airflow/example_dags/example_datasets.py for tasks to queue
[2024-05-04T16:02:49.695+0000] {logging_mixin.py:117} INFO - [2024-05-04T16:02:49.694+0000] {dagbag.py:525} INFO - Filling up the DagBag from /home/airflow/.local/lib/python3.7/site-packages/airflow/example_dags/example_datasets.py
[2024-05-04T16:02:49.711+0000] {processor.py:768} INFO - DAG(s) dict_keys(['dataset_consumes_unknown_never_scheduled', 'dataset_consumes_1_never_scheduled', 'dataset_consumes_1', 'dataset_consumes_1_and_2', 'dataset_produces_2', 'dataset_produces_1']) retrieved from /home/airflow/.local/lib/python3.7/site-packages/airflow/example_dags/example_datasets.py
[2024-05-04T16:02:49.754+0000] {logging_mixin.py:117} INFO - [2024-05-04T16:02:49.754+0000] {dag.py:2573} INFO - Sync 6 DAGs
[2024-05-04T16:02:49.780+0000] {logging_mixin.py:117} INFO - [2024-05-04T16:02:49.779+0000] {dag.py:3328} INFO - Setting next_dagrun for dataset_consumes_1 to None, run_after=None
[2024-05-04T16:02:49.783+0000] {logging_mixin.py:117} INFO - [2024-05-04T16:02:49.783+0000] {dag.py:3328} INFO - Setting next_dagrun for dataset_consumes_1_and_2 to None, run_after=None
[2024-05-04T16:02:49.784+0000] {logging_mixin.py:117} INFO - [2024-05-04T16:02:49.784+0000] {dag.py:3328} INFO - Setting next_dagrun for dataset_consumes_1_never_scheduled to None, run_after=None
[2024-05-04T16:02:49.786+0000] {logging_mixin.py:117} INFO - [2024-05-04T16:02:49.786+0000] {dag.py:3328} INFO - Setting next_dagrun for dataset_consumes_unknown_never_scheduled to None, run_after=None
[2024-05-04T16:02:49.789+0000] {logging_mixin.py:117} INFO - [2024-05-04T16:02:49.789+0000] {dag.py:3328} INFO - Setting next_dagrun for dataset_produces_1 to 2024-05-03T00:00:00+00:00, run_after=2024-05-04T00:00:00+00:00
[2024-05-04T16:02:49.790+0000] {logging_mixin.py:117} INFO - [2024-05-04T16:02:49.790+0000] {dag.py:3328} INFO - Setting next_dagrun for dataset_produces_2 to None, run_after=None
[2024-05-04T16:02:49.821+0000] {processor.py:178} INFO - Processing /home/airflow/.local/lib/python3.7/site-packages/airflow/example_dags/example_datasets.py took 0.131 seconds
[2024-05-04T16:03:20.508+0000] {processor.py:156} INFO - Started process (PID=2550) to work on /home/airflow/.local/lib/python3.7/site-packages/airflow/example_dags/example_datasets.py
[2024-05-04T16:03:20.508+0000] {processor.py:758} INFO - Processing file /home/airflow/.local/lib/python3.7/site-packages/airflow/example_dags/example_datasets.py for tasks to queue
[2024-05-04T16:03:20.509+0000] {logging_mixin.py:117} INFO - [2024-05-04T16:03:20.509+0000] {dagbag.py:525} INFO - Filling up the DagBag from /home/airflow/.local/lib/python3.7/site-packages/airflow/example_dags/example_datasets.py
[2024-05-04T16:03:20.530+0000] {processor.py:768} INFO - DAG(s) dict_keys(['dataset_consumes_1_and_2', 'dataset_produces_1', 'dataset_consumes_1_never_scheduled', 'dataset_produces_2', 'dataset_consumes_unknown_never_scheduled', 'dataset_consumes_1']) retrieved from /home/airflow/.local/lib/python3.7/site-packages/airflow/example_dags/example_datasets.py
[2024-05-04T16:03:20.584+0000] {logging_mixin.py:117} INFO - [2024-05-04T16:03:20.584+0000] {dag.py:2573} INFO - Sync 6 DAGs
[2024-05-04T16:03:20.605+0000] {logging_mixin.py:117} INFO - [2024-05-04T16:03:20.605+0000] {dag.py:3328} INFO - Setting next_dagrun for dataset_consumes_1 to None, run_after=None
[2024-05-04T16:03:20.607+0000] {logging_mixin.py:117} INFO - [2024-05-04T16:03:20.607+0000] {dag.py:3328} INFO - Setting next_dagrun for dataset_consumes_1_and_2 to None, run_after=None
[2024-05-04T16:03:20.608+0000] {logging_mixin.py:117} INFO - [2024-05-04T16:03:20.608+0000] {dag.py:3328} INFO - Setting next_dagrun for dataset_consumes_1_never_scheduled to None, run_after=None
[2024-05-04T16:03:20.609+0000] {logging_mixin.py:117} INFO - [2024-05-04T16:03:20.609+0000] {dag.py:3328} INFO - Setting next_dagrun for dataset_consumes_unknown_never_scheduled to None, run_after=None
[2024-05-04T16:03:20.611+0000] {logging_mixin.py:117} INFO - [2024-05-04T16:03:20.611+0000] {dag.py:3328} INFO - Setting next_dagrun for dataset_produces_1 to 2024-05-03T00:00:00+00:00, run_after=2024-05-04T00:00:00+00:00
[2024-05-04T16:03:20.612+0000] {logging_mixin.py:117} INFO - [2024-05-04T16:03:20.612+0000] {dag.py:3328} INFO - Setting next_dagrun for dataset_produces_2 to None, run_after=None
[2024-05-04T16:03:20.637+0000] {processor.py:178} INFO - Processing /home/airflow/.local/lib/python3.7/site-packages/airflow/example_dags/example_datasets.py took 0.133 seconds
[2024-05-04T16:03:51.159+0000] {processor.py:156} INFO - Started process (PID=2773) to work on /home/airflow/.local/lib/python3.7/site-packages/airflow/example_dags/example_datasets.py
[2024-05-04T16:03:51.159+0000] {processor.py:758} INFO - Processing file /home/airflow/.local/lib/python3.7/site-packages/airflow/example_dags/example_datasets.py for tasks to queue
[2024-05-04T16:03:51.160+0000] {logging_mixin.py:117} INFO - [2024-05-04T16:03:51.160+0000] {dagbag.py:525} INFO - Filling up the DagBag from /home/airflow/.local/lib/python3.7/site-packages/airflow/example_dags/example_datasets.py
[2024-05-04T16:03:51.176+0000] {processor.py:768} INFO - DAG(s) dict_keys(['dataset_consumes_unknown_never_scheduled', 'dataset_consumes_1', 'dataset_consumes_1_and_2', 'dataset_produces_1', 'dataset_consumes_1_never_scheduled', 'dataset_produces_2']) retrieved from /home/airflow/.local/lib/python3.7/site-packages/airflow/example_dags/example_datasets.py
[2024-05-04T16:03:51.221+0000] {logging_mixin.py:117} INFO - [2024-05-04T16:03:51.221+0000] {dag.py:2573} INFO - Sync 6 DAGs
[2024-05-04T16:03:51.242+0000] {logging_mixin.py:117} INFO - [2024-05-04T16:03:51.242+0000] {dag.py:3328} INFO - Setting next_dagrun for dataset_consumes_1 to None, run_after=None
[2024-05-04T16:03:51.244+0000] {logging_mixin.py:117} INFO - [2024-05-04T16:03:51.244+0000] {dag.py:3328} INFO - Setting next_dagrun for dataset_consumes_1_and_2 to None, run_after=None
[2024-05-04T16:03:51.245+0000] {logging_mixin.py:117} INFO - [2024-05-04T16:03:51.245+0000] {dag.py:3328} INFO - Setting next_dagrun for dataset_consumes_1_never_scheduled to None, run_after=None
[2024-05-04T16:03:51.246+0000] {logging_mixin.py:117} INFO - [2024-05-04T16:03:51.246+0000] {dag.py:3328} INFO - Setting next_dagrun for dataset_consumes_unknown_never_scheduled to None, run_after=None
[2024-05-04T16:03:51.248+0000] {logging_mixin.py:117} INFO - [2024-05-04T16:03:51.248+0000] {dag.py:3328} INFO - Setting next_dagrun for dataset_produces_1 to 2024-05-03T00:00:00+00:00, run_after=2024-05-04T00:00:00+00:00
[2024-05-04T16:03:51.249+0000] {logging_mixin.py:117} INFO - [2024-05-04T16:03:51.249+0000] {dag.py:3328} INFO - Setting next_dagrun for dataset_produces_2 to None, run_after=None
[2024-05-04T16:03:51.275+0000] {processor.py:178} INFO - Processing /home/airflow/.local/lib/python3.7/site-packages/airflow/example_dags/example_datasets.py took 0.118 seconds
[2024-05-04T16:04:21.685+0000] {processor.py:156} INFO - Started process (PID=2976) to work on /home/airflow/.local/lib/python3.7/site-packages/airflow/example_dags/example_datasets.py
[2024-05-04T16:04:21.685+0000] {processor.py:758} INFO - Processing file /home/airflow/.local/lib/python3.7/site-packages/airflow/example_dags/example_datasets.py for tasks to queue
[2024-05-04T16:04:21.686+0000] {logging_mixin.py:117} INFO - [2024-05-04T16:04:21.686+0000] {dagbag.py:525} INFO - Filling up the DagBag from /home/airflow/.local/lib/python3.7/site-packages/airflow/example_dags/example_datasets.py
[2024-05-04T16:04:21.702+0000] {processor.py:768} INFO - DAG(s) dict_keys(['dataset_produces_2', 'dataset_produces_1', 'dataset_consumes_1_never_scheduled', 'dataset_consumes_unknown_never_scheduled', 'dataset_consumes_1', 'dataset_consumes_1_and_2']) retrieved from /home/airflow/.local/lib/python3.7/site-packages/airflow/example_dags/example_datasets.py
[2024-05-04T16:04:21.749+0000] {logging_mixin.py:117} INFO - [2024-05-04T16:04:21.749+0000] {dag.py:2573} INFO - Sync 6 DAGs
[2024-05-04T16:04:21.771+0000] {logging_mixin.py:117} INFO - [2024-05-04T16:04:21.770+0000] {dag.py:3328} INFO - Setting next_dagrun for dataset_consumes_1 to None, run_after=None
[2024-05-04T16:04:21.773+0000] {logging_mixin.py:117} INFO - [2024-05-04T16:04:21.773+0000] {dag.py:3328} INFO - Setting next_dagrun for dataset_consumes_1_and_2 to None, run_after=None
[2024-05-04T16:04:21.774+0000] {logging_mixin.py:117} INFO - [2024-05-04T16:04:21.774+0000] {dag.py:3328} INFO - Setting next_dagrun for dataset_consumes_1_never_scheduled to None, run_after=None
[2024-05-04T16:04:21.775+0000] {logging_mixin.py:117} INFO - [2024-05-04T16:04:21.775+0000] {dag.py:3328} INFO - Setting next_dagrun for dataset_consumes_unknown_never_scheduled to None, run_after=None
[2024-05-04T16:04:21.777+0000] {logging_mixin.py:117} INFO - [2024-05-04T16:04:21.777+0000] {dag.py:3328} INFO - Setting next_dagrun for dataset_produces_1 to 2024-05-03T00:00:00+00:00, run_after=2024-05-04T00:00:00+00:00
[2024-05-04T16:04:21.778+0000] {logging_mixin.py:117} INFO - [2024-05-04T16:04:21.778+0000] {dag.py:3328} INFO - Setting next_dagrun for dataset_produces_2 to None, run_after=None
[2024-05-04T16:04:21.807+0000] {processor.py:178} INFO - Processing /home/airflow/.local/lib/python3.7/site-packages/airflow/example_dags/example_datasets.py took 0.124 seconds
[2024-05-04T16:04:52.249+0000] {processor.py:156} INFO - Started process (PID=3189) to work on /home/airflow/.local/lib/python3.7/site-packages/airflow/example_dags/example_datasets.py
[2024-05-04T16:04:52.249+0000] {processor.py:758} INFO - Processing file /home/airflow/.local/lib/python3.7/site-packages/airflow/example_dags/example_datasets.py for tasks to queue
[2024-05-04T16:04:52.249+0000] {logging_mixin.py:117} INFO - [2024-05-04T16:04:52.249+0000] {dagbag.py:525} INFO - Filling up the DagBag from /home/airflow/.local/lib/python3.7/site-packages/airflow/example_dags/example_datasets.py
[2024-05-04T16:04:52.266+0000] {processor.py:768} INFO - DAG(s) dict_keys(['dataset_consumes_unknown_never_scheduled', 'dataset_consumes_1', 'dataset_consumes_1_never_scheduled', 'dataset_produces_2', 'dataset_produces_1', 'dataset_consumes_1_and_2']) retrieved from /home/airflow/.local/lib/python3.7/site-packages/airflow/example_dags/example_datasets.py
[2024-05-04T16:04:52.309+0000] {logging_mixin.py:117} INFO - [2024-05-04T16:04:52.308+0000] {dag.py:2573} INFO - Sync 6 DAGs
[2024-05-04T16:04:52.330+0000] {logging_mixin.py:117} INFO - [2024-05-04T16:04:52.329+0000] {dag.py:3328} INFO - Setting next_dagrun for dataset_consumes_1 to None, run_after=None
[2024-05-04T16:04:52.332+0000] {logging_mixin.py:117} INFO - [2024-05-04T16:04:52.332+0000] {dag.py:3328} INFO - Setting next_dagrun for dataset_consumes_1_and_2 to None, run_after=None
[2024-05-04T16:04:52.333+0000] {logging_mixin.py:117} INFO - [2024-05-04T16:04:52.333+0000] {dag.py:3328} INFO - Setting next_dagrun for dataset_consumes_1_never_scheduled to None, run_after=None
[2024-05-04T16:04:52.334+0000] {logging_mixin.py:117} INFO - [2024-05-04T16:04:52.334+0000] {dag.py:3328} INFO - Setting next_dagrun for dataset_consumes_unknown_never_scheduled to None, run_after=None
[2024-05-04T16:04:52.336+0000] {logging_mixin.py:117} INFO - [2024-05-04T16:04:52.336+0000] {dag.py:3328} INFO - Setting next_dagrun for dataset_produces_1 to 2024-05-03T00:00:00+00:00, run_after=2024-05-04T00:00:00+00:00
[2024-05-04T16:04:52.337+0000] {logging_mixin.py:117} INFO - [2024-05-04T16:04:52.337+0000] {dag.py:3328} INFO - Setting next_dagrun for dataset_produces_2 to None, run_after=None
[2024-05-04T16:04:52.363+0000] {processor.py:178} INFO - Processing /home/airflow/.local/lib/python3.7/site-packages/airflow/example_dags/example_datasets.py took 0.117 seconds
[2024-05-04T16:05:22.978+0000] {processor.py:156} INFO - Started process (PID=3393) to work on /home/airflow/.local/lib/python3.7/site-packages/airflow/example_dags/example_datasets.py
[2024-05-04T16:05:22.978+0000] {processor.py:758} INFO - Processing file /home/airflow/.local/lib/python3.7/site-packages/airflow/example_dags/example_datasets.py for tasks to queue
[2024-05-04T16:05:22.979+0000] {logging_mixin.py:117} INFO - [2024-05-04T16:05:22.979+0000] {dagbag.py:525} INFO - Filling up the DagBag from /home/airflow/.local/lib/python3.7/site-packages/airflow/example_dags/example_datasets.py
[2024-05-04T16:05:22.996+0000] {processor.py:768} INFO - DAG(s) dict_keys(['dataset_consumes_1_never_scheduled', 'dataset_produces_1', 'dataset_produces_2', 'dataset_consumes_unknown_never_scheduled', 'dataset_consumes_1', 'dataset_consumes_1_and_2']) retrieved from /home/airflow/.local/lib/python3.7/site-packages/airflow/example_dags/example_datasets.py
[2024-05-04T16:05:23.045+0000] {logging_mixin.py:117} INFO - [2024-05-04T16:05:23.045+0000] {dag.py:2573} INFO - Sync 6 DAGs
[2024-05-04T16:05:23.066+0000] {logging_mixin.py:117} INFO - [2024-05-04T16:05:23.066+0000] {dag.py:3328} INFO - Setting next_dagrun for dataset_consumes_1 to None, run_after=None
[2024-05-04T16:05:23.069+0000] {logging_mixin.py:117} INFO - [2024-05-04T16:05:23.068+0000] {dag.py:3328} INFO - Setting next_dagrun for dataset_consumes_1_and_2 to None, run_after=None
[2024-05-04T16:05:23.069+0000] {logging_mixin.py:117} INFO - [2024-05-04T16:05:23.069+0000] {dag.py:3328} INFO - Setting next_dagrun for dataset_consumes_1_never_scheduled to None, run_after=None
[2024-05-04T16:05:23.070+0000] {logging_mixin.py:117} INFO - [2024-05-04T16:05:23.070+0000] {dag.py:3328} INFO - Setting next_dagrun for dataset_consumes_unknown_never_scheduled to None, run_after=None
[2024-05-04T16:05:23.072+0000] {logging_mixin.py:117} INFO - [2024-05-04T16:05:23.072+0000] {dag.py:3328} INFO - Setting next_dagrun for dataset_produces_1 to 2024-05-03T00:00:00+00:00, run_after=2024-05-04T00:00:00+00:00
[2024-05-04T16:05:23.073+0000] {logging_mixin.py:117} INFO - [2024-05-04T16:05:23.073+0000] {dag.py:3328} INFO - Setting next_dagrun for dataset_produces_2 to None, run_after=None
[2024-05-04T16:05:23.100+0000] {processor.py:178} INFO - Processing /home/airflow/.local/lib/python3.7/site-packages/airflow/example_dags/example_datasets.py took 0.126 seconds
[2024-05-04T16:05:53.688+0000] {processor.py:156} INFO - Started process (PID=3607) to work on /home/airflow/.local/lib/python3.7/site-packages/airflow/example_dags/example_datasets.py
[2024-05-04T16:05:53.689+0000] {processor.py:758} INFO - Processing file /home/airflow/.local/lib/python3.7/site-packages/airflow/example_dags/example_datasets.py for tasks to queue
[2024-05-04T16:05:53.689+0000] {logging_mixin.py:117} INFO - [2024-05-04T16:05:53.689+0000] {dagbag.py:525} INFO - Filling up the DagBag from /home/airflow/.local/lib/python3.7/site-packages/airflow/example_dags/example_datasets.py
[2024-05-04T16:05:53.707+0000] {processor.py:768} INFO - DAG(s) dict_keys(['dataset_consumes_unknown_never_scheduled', 'dataset_consumes_1', 'dataset_produces_1', 'dataset_consumes_1_never_scheduled', 'dataset_produces_2', 'dataset_consumes_1_and_2']) retrieved from /home/airflow/.local/lib/python3.7/site-packages/airflow/example_dags/example_datasets.py
[2024-05-04T16:05:53.765+0000] {logging_mixin.py:117} INFO - [2024-05-04T16:05:53.764+0000] {dag.py:2573} INFO - Sync 6 DAGs
[2024-05-04T16:05:53.798+0000] {logging_mixin.py:117} INFO - [2024-05-04T16:05:53.798+0000] {dag.py:3328} INFO - Setting next_dagrun for dataset_consumes_1 to None, run_after=None
[2024-05-04T16:05:53.802+0000] {logging_mixin.py:117} INFO - [2024-05-04T16:05:53.802+0000] {dag.py:3328} INFO - Setting next_dagrun for dataset_consumes_1_and_2 to None, run_after=None
[2024-05-04T16:05:53.803+0000] {logging_mixin.py:117} INFO - [2024-05-04T16:05:53.803+0000] {dag.py:3328} INFO - Setting next_dagrun for dataset_consumes_1_never_scheduled to None, run_after=None
[2024-05-04T16:05:53.804+0000] {logging_mixin.py:117} INFO - [2024-05-04T16:05:53.804+0000] {dag.py:3328} INFO - Setting next_dagrun for dataset_consumes_unknown_never_scheduled to None, run_after=None
[2024-05-04T16:05:53.808+0000] {logging_mixin.py:117} INFO - [2024-05-04T16:05:53.808+0000] {dag.py:3328} INFO - Setting next_dagrun for dataset_produces_1 to 2024-05-03T00:00:00+00:00, run_after=2024-05-04T00:00:00+00:00
[2024-05-04T16:05:53.809+0000] {logging_mixin.py:117} INFO - [2024-05-04T16:05:53.809+0000] {dag.py:3328} INFO - Setting next_dagrun for dataset_produces_2 to None, run_after=None
[2024-05-04T16:05:53.842+0000] {processor.py:178} INFO - Processing /home/airflow/.local/lib/python3.7/site-packages/airflow/example_dags/example_datasets.py took 0.157 seconds
[2024-05-04T16:06:24.474+0000] {processor.py:156} INFO - Started process (PID=3823) to work on /home/airflow/.local/lib/python3.7/site-packages/airflow/example_dags/example_datasets.py
[2024-05-04T16:06:24.474+0000] {processor.py:758} INFO - Processing file /home/airflow/.local/lib/python3.7/site-packages/airflow/example_dags/example_datasets.py for tasks to queue
[2024-05-04T16:06:24.475+0000] {logging_mixin.py:117} INFO - [2024-05-04T16:06:24.475+0000] {dagbag.py:525} INFO - Filling up the DagBag from /home/airflow/.local/lib/python3.7/site-packages/airflow/example_dags/example_datasets.py
[2024-05-04T16:06:24.496+0000] {processor.py:768} INFO - DAG(s) dict_keys(['dataset_consumes_1_never_scheduled', 'dataset_consumes_unknown_never_scheduled', 'dataset_produces_2', 'dataset_consumes_1', 'dataset_produces_1', 'dataset_consumes_1_and_2']) retrieved from /home/airflow/.local/lib/python3.7/site-packages/airflow/example_dags/example_datasets.py
[2024-05-04T16:06:24.544+0000] {logging_mixin.py:117} INFO - [2024-05-04T16:06:24.544+0000] {dag.py:2573} INFO - Sync 6 DAGs
[2024-05-04T16:06:24.569+0000] {logging_mixin.py:117} INFO - [2024-05-04T16:06:24.569+0000] {dag.py:3328} INFO - Setting next_dagrun for dataset_consumes_1 to None, run_after=None
[2024-05-04T16:06:24.572+0000] {logging_mixin.py:117} INFO - [2024-05-04T16:06:24.572+0000] {dag.py:3328} INFO - Setting next_dagrun for dataset_consumes_1_and_2 to None, run_after=None
[2024-05-04T16:06:24.573+0000] {logging_mixin.py:117} INFO - [2024-05-04T16:06:24.572+0000] {dag.py:3328} INFO - Setting next_dagrun for dataset_consumes_1_never_scheduled to None, run_after=None
[2024-05-04T16:06:24.573+0000] {logging_mixin.py:117} INFO - [2024-05-04T16:06:24.573+0000] {dag.py:3328} INFO - Setting next_dagrun for dataset_consumes_unknown_never_scheduled to None, run_after=None
[2024-05-04T16:06:24.576+0000] {logging_mixin.py:117} INFO - [2024-05-04T16:06:24.576+0000] {dag.py:3328} INFO - Setting next_dagrun for dataset_produces_1 to 2024-05-03T00:00:00+00:00, run_after=2024-05-04T00:00:00+00:00
[2024-05-04T16:06:24.578+0000] {logging_mixin.py:117} INFO - [2024-05-04T16:06:24.578+0000] {dag.py:3328} INFO - Setting next_dagrun for dataset_produces_2 to None, run_after=None
[2024-05-04T16:06:24.615+0000] {processor.py:178} INFO - Processing /home/airflow/.local/lib/python3.7/site-packages/airflow/example_dags/example_datasets.py took 0.144 seconds
[2024-05-04T16:06:55.430+0000] {processor.py:156} INFO - Started process (PID=4038) to work on /home/airflow/.local/lib/python3.7/site-packages/airflow/example_dags/example_datasets.py
[2024-05-04T16:06:55.431+0000] {processor.py:758} INFO - Processing file /home/airflow/.local/lib/python3.7/site-packages/airflow/example_dags/example_datasets.py for tasks to queue
[2024-05-04T16:06:55.431+0000] {logging_mixin.py:117} INFO - [2024-05-04T16:06:55.431+0000] {dagbag.py:525} INFO - Filling up the DagBag from /home/airflow/.local/lib/python3.7/site-packages/airflow/example_dags/example_datasets.py
[2024-05-04T16:06:55.447+0000] {processor.py:768} INFO - DAG(s) dict_keys(['dataset_consumes_unknown_never_scheduled', 'dataset_consumes_1', 'dataset_produces_1', 'dataset_consumes_1_never_scheduled', 'dataset_produces_2', 'dataset_consumes_1_and_2']) retrieved from /home/airflow/.local/lib/python3.7/site-packages/airflow/example_dags/example_datasets.py
[2024-05-04T16:06:55.499+0000] {logging_mixin.py:117} INFO - [2024-05-04T16:06:55.499+0000] {dag.py:2573} INFO - Sync 6 DAGs
[2024-05-04T16:06:55.522+0000] {logging_mixin.py:117} INFO - [2024-05-04T16:06:55.522+0000] {dag.py:3328} INFO - Setting next_dagrun for dataset_consumes_1 to None, run_after=None
[2024-05-04T16:06:55.524+0000] {logging_mixin.py:117} INFO - [2024-05-04T16:06:55.524+0000] {dag.py:3328} INFO - Setting next_dagrun for dataset_consumes_1_and_2 to None, run_after=None
[2024-05-04T16:06:55.525+0000] {logging_mixin.py:117} INFO - [2024-05-04T16:06:55.525+0000] {dag.py:3328} INFO - Setting next_dagrun for dataset_consumes_1_never_scheduled to None, run_after=None
[2024-05-04T16:06:55.526+0000] {logging_mixin.py:117} INFO - [2024-05-04T16:06:55.526+0000] {dag.py:3328} INFO - Setting next_dagrun for dataset_consumes_unknown_never_scheduled to None, run_after=None
[2024-05-04T16:06:55.528+0000] {logging_mixin.py:117} INFO - [2024-05-04T16:06:55.528+0000] {dag.py:3328} INFO - Setting next_dagrun for dataset_produces_1 to 2024-05-03T00:00:00+00:00, run_after=2024-05-04T00:00:00+00:00
[2024-05-04T16:06:55.529+0000] {logging_mixin.py:117} INFO - [2024-05-04T16:06:55.529+0000] {dag.py:3328} INFO - Setting next_dagrun for dataset_produces_2 to None, run_after=None
[2024-05-04T16:06:55.556+0000] {processor.py:178} INFO - Processing /home/airflow/.local/lib/python3.7/site-packages/airflow/example_dags/example_datasets.py took 0.128 seconds
[2024-05-04T16:07:26.051+0000] {processor.py:156} INFO - Started process (PID=4258) to work on /home/airflow/.local/lib/python3.7/site-packages/airflow/example_dags/example_datasets.py
[2024-05-04T16:07:26.052+0000] {processor.py:758} INFO - Processing file /home/airflow/.local/lib/python3.7/site-packages/airflow/example_dags/example_datasets.py for tasks to queue
[2024-05-04T16:07:26.053+0000] {logging_mixin.py:117} INFO - [2024-05-04T16:07:26.053+0000] {dagbag.py:525} INFO - Filling up the DagBag from /home/airflow/.local/lib/python3.7/site-packages/airflow/example_dags/example_datasets.py
[2024-05-04T16:07:26.074+0000] {processor.py:768} INFO - DAG(s) dict_keys(['dataset_produces_1', 'dataset_produces_2', 'dataset_consumes_unknown_never_scheduled', 'dataset_consumes_1_never_scheduled', 'dataset_consumes_1_and_2', 'dataset_consumes_1']) retrieved from /home/airflow/.local/lib/python3.7/site-packages/airflow/example_dags/example_datasets.py
[2024-05-04T16:07:26.121+0000] {logging_mixin.py:117} INFO - [2024-05-04T16:07:26.121+0000] {dag.py:2573} INFO - Sync 6 DAGs
[2024-05-04T16:07:26.148+0000] {logging_mixin.py:117} INFO - [2024-05-04T16:07:26.148+0000] {dag.py:3328} INFO - Setting next_dagrun for dataset_consumes_1 to None, run_after=None
[2024-05-04T16:07:26.151+0000] {logging_mixin.py:117} INFO - [2024-05-04T16:07:26.151+0000] {dag.py:3328} INFO - Setting next_dagrun for dataset_consumes_1_and_2 to None, run_after=None
[2024-05-04T16:07:26.153+0000] {logging_mixin.py:117} INFO - [2024-05-04T16:07:26.152+0000] {dag.py:3328} INFO - Setting next_dagrun for dataset_consumes_1_never_scheduled to None, run_after=None
[2024-05-04T16:07:26.154+0000] {logging_mixin.py:117} INFO - [2024-05-04T16:07:26.153+0000] {dag.py:3328} INFO - Setting next_dagrun for dataset_consumes_unknown_never_scheduled to None, run_after=None
[2024-05-04T16:07:26.157+0000] {logging_mixin.py:117} INFO - [2024-05-04T16:07:26.157+0000] {dag.py:3328} INFO - Setting next_dagrun for dataset_produces_1 to 2024-05-03T00:00:00+00:00, run_after=2024-05-04T00:00:00+00:00
[2024-05-04T16:07:26.158+0000] {logging_mixin.py:117} INFO - [2024-05-04T16:07:26.158+0000] {dag.py:3328} INFO - Setting next_dagrun for dataset_produces_2 to None, run_after=None
[2024-05-04T16:07:26.193+0000] {processor.py:178} INFO - Processing /home/airflow/.local/lib/python3.7/site-packages/airflow/example_dags/example_datasets.py took 0.145 seconds
[2024-05-04T16:07:56.540+0000] {processor.py:156} INFO - Started process (PID=4456) to work on /home/airflow/.local/lib/python3.7/site-packages/airflow/example_dags/example_datasets.py
[2024-05-04T16:07:56.541+0000] {processor.py:758} INFO - Processing file /home/airflow/.local/lib/python3.7/site-packages/airflow/example_dags/example_datasets.py for tasks to queue
[2024-05-04T16:07:56.542+0000] {logging_mixin.py:117} INFO - [2024-05-04T16:07:56.541+0000] {dagbag.py:525} INFO - Filling up the DagBag from /home/airflow/.local/lib/python3.7/site-packages/airflow/example_dags/example_datasets.py
[2024-05-04T16:07:56.561+0000] {processor.py:768} INFO - DAG(s) dict_keys(['dataset_consumes_1', 'dataset_produces_2', 'dataset_consumes_1_and_2', 'dataset_produces_1', 'dataset_consumes_unknown_never_scheduled', 'dataset_consumes_1_never_scheduled']) retrieved from /home/airflow/.local/lib/python3.7/site-packages/airflow/example_dags/example_datasets.py
[2024-05-04T16:07:56.612+0000] {logging_mixin.py:117} INFO - [2024-05-04T16:07:56.611+0000] {dag.py:2573} INFO - Sync 6 DAGs
[2024-05-04T16:07:56.632+0000] {logging_mixin.py:117} INFO - [2024-05-04T16:07:56.632+0000] {dag.py:3328} INFO - Setting next_dagrun for dataset_consumes_1 to None, run_after=None
[2024-05-04T16:07:56.635+0000] {logging_mixin.py:117} INFO - [2024-05-04T16:07:56.635+0000] {dag.py:3328} INFO - Setting next_dagrun for dataset_consumes_1_and_2 to None, run_after=None
[2024-05-04T16:07:56.636+0000] {logging_mixin.py:117} INFO - [2024-05-04T16:07:56.636+0000] {dag.py:3328} INFO - Setting next_dagrun for dataset_consumes_1_never_scheduled to None, run_after=None
[2024-05-04T16:07:56.637+0000] {logging_mixin.py:117} INFO - [2024-05-04T16:07:56.637+0000] {dag.py:3328} INFO - Setting next_dagrun for dataset_consumes_unknown_never_scheduled to None, run_after=None
[2024-05-04T16:07:56.639+0000] {logging_mixin.py:117} INFO - [2024-05-04T16:07:56.639+0000] {dag.py:3328} INFO - Setting next_dagrun for dataset_produces_1 to 2024-05-03T00:00:00+00:00, run_after=2024-05-04T00:00:00+00:00
[2024-05-04T16:07:56.640+0000] {logging_mixin.py:117} INFO - [2024-05-04T16:07:56.640+0000] {dag.py:3328} INFO - Setting next_dagrun for dataset_produces_2 to None, run_after=None
[2024-05-04T16:07:56.668+0000] {processor.py:178} INFO - Processing /home/airflow/.local/lib/python3.7/site-packages/airflow/example_dags/example_datasets.py took 0.131 seconds
[2024-05-04T16:08:27.236+0000] {processor.py:156} INFO - Started process (PID=4669) to work on /home/airflow/.local/lib/python3.7/site-packages/airflow/example_dags/example_datasets.py
[2024-05-04T16:08:27.238+0000] {processor.py:758} INFO - Processing file /home/airflow/.local/lib/python3.7/site-packages/airflow/example_dags/example_datasets.py for tasks to queue
[2024-05-04T16:08:27.238+0000] {logging_mixin.py:117} INFO - [2024-05-04T16:08:27.238+0000] {dagbag.py:525} INFO - Filling up the DagBag from /home/airflow/.local/lib/python3.7/site-packages/airflow/example_dags/example_datasets.py
[2024-05-04T16:08:27.258+0000] {processor.py:768} INFO - DAG(s) dict_keys(['dataset_consumes_1', 'dataset_consumes_1_never_scheduled', 'dataset_consumes_unknown_never_scheduled', 'dataset_consumes_1_and_2', 'dataset_produces_1', 'dataset_produces_2']) retrieved from /home/airflow/.local/lib/python3.7/site-packages/airflow/example_dags/example_datasets.py
[2024-05-04T16:08:27.312+0000] {logging_mixin.py:117} INFO - [2024-05-04T16:08:27.312+0000] {dag.py:2573} INFO - Sync 6 DAGs
[2024-05-04T16:08:27.345+0000] {logging_mixin.py:117} INFO - [2024-05-04T16:08:27.345+0000] {dag.py:3328} INFO - Setting next_dagrun for dataset_consumes_1 to None, run_after=None
[2024-05-04T16:08:27.349+0000] {logging_mixin.py:117} INFO - [2024-05-04T16:08:27.349+0000] {dag.py:3328} INFO - Setting next_dagrun for dataset_consumes_1_and_2 to None, run_after=None
[2024-05-04T16:08:27.350+0000] {logging_mixin.py:117} INFO - [2024-05-04T16:08:27.350+0000] {dag.py:3328} INFO - Setting next_dagrun for dataset_consumes_1_never_scheduled to None, run_after=None
[2024-05-04T16:08:27.351+0000] {logging_mixin.py:117} INFO - [2024-05-04T16:08:27.351+0000] {dag.py:3328} INFO - Setting next_dagrun for dataset_consumes_unknown_never_scheduled to None, run_after=None
[2024-05-04T16:08:27.355+0000] {logging_mixin.py:117} INFO - [2024-05-04T16:08:27.354+0000] {dag.py:3328} INFO - Setting next_dagrun for dataset_produces_1 to 2024-05-03T00:00:00+00:00, run_after=2024-05-04T00:00:00+00:00
[2024-05-04T16:08:27.356+0000] {logging_mixin.py:117} INFO - [2024-05-04T16:08:27.356+0000] {dag.py:3328} INFO - Setting next_dagrun for dataset_produces_2 to None, run_after=None
[2024-05-04T16:08:27.387+0000] {processor.py:178} INFO - Processing /home/airflow/.local/lib/python3.7/site-packages/airflow/example_dags/example_datasets.py took 0.153 seconds
[2024-05-04T16:08:57.976+0000] {processor.py:156} INFO - Started process (PID=4893) to work on /home/airflow/.local/lib/python3.7/site-packages/airflow/example_dags/example_datasets.py
[2024-05-04T16:08:57.977+0000] {processor.py:758} INFO - Processing file /home/airflow/.local/lib/python3.7/site-packages/airflow/example_dags/example_datasets.py for tasks to queue
[2024-05-04T16:08:57.977+0000] {logging_mixin.py:117} INFO - [2024-05-04T16:08:57.977+0000] {dagbag.py:525} INFO - Filling up the DagBag from /home/airflow/.local/lib/python3.7/site-packages/airflow/example_dags/example_datasets.py
[2024-05-04T16:08:57.992+0000] {processor.py:768} INFO - DAG(s) dict_keys(['dataset_consumes_unknown_never_scheduled', 'dataset_consumes_1_never_scheduled', 'dataset_consumes_1_and_2', 'dataset_produces_1', 'dataset_produces_2', 'dataset_consumes_1']) retrieved from /home/airflow/.local/lib/python3.7/site-packages/airflow/example_dags/example_datasets.py
[2024-05-04T16:08:58.034+0000] {logging_mixin.py:117} INFO - [2024-05-04T16:08:58.034+0000] {dag.py:2573} INFO - Sync 6 DAGs
[2024-05-04T16:08:58.056+0000] {logging_mixin.py:117} INFO - [2024-05-04T16:08:58.056+0000] {dag.py:3328} INFO - Setting next_dagrun for dataset_consumes_1 to None, run_after=None
[2024-05-04T16:08:58.059+0000] {logging_mixin.py:117} INFO - [2024-05-04T16:08:58.059+0000] {dag.py:3328} INFO - Setting next_dagrun for dataset_consumes_1_and_2 to None, run_after=None
[2024-05-04T16:08:58.059+0000] {logging_mixin.py:117} INFO - [2024-05-04T16:08:58.059+0000] {dag.py:3328} INFO - Setting next_dagrun for dataset_consumes_1_never_scheduled to None, run_after=None
[2024-05-04T16:08:58.060+0000] {logging_mixin.py:117} INFO - [2024-05-04T16:08:58.060+0000] {dag.py:3328} INFO - Setting next_dagrun for dataset_consumes_unknown_never_scheduled to None, run_after=None
[2024-05-04T16:08:58.062+0000] {logging_mixin.py:117} INFO - [2024-05-04T16:08:58.062+0000] {dag.py:3328} INFO - Setting next_dagrun for dataset_produces_1 to 2024-05-03T00:00:00+00:00, run_after=2024-05-04T00:00:00+00:00
[2024-05-04T16:08:58.063+0000] {logging_mixin.py:117} INFO - [2024-05-04T16:08:58.063+0000] {dag.py:3328} INFO - Setting next_dagrun for dataset_produces_2 to None, run_after=None
[2024-05-04T16:08:58.090+0000] {processor.py:178} INFO - Processing /home/airflow/.local/lib/python3.7/site-packages/airflow/example_dags/example_datasets.py took 0.116 seconds
[2024-05-04T16:09:28.575+0000] {processor.py:156} INFO - Started process (PID=5105) to work on /home/airflow/.local/lib/python3.7/site-packages/airflow/example_dags/example_datasets.py
[2024-05-04T16:09:28.576+0000] {processor.py:758} INFO - Processing file /home/airflow/.local/lib/python3.7/site-packages/airflow/example_dags/example_datasets.py for tasks to queue
[2024-05-04T16:09:28.576+0000] {logging_mixin.py:117} INFO - [2024-05-04T16:09:28.576+0000] {dagbag.py:525} INFO - Filling up the DagBag from /home/airflow/.local/lib/python3.7/site-packages/airflow/example_dags/example_datasets.py
[2024-05-04T16:09:28.592+0000] {processor.py:768} INFO - DAG(s) dict_keys(['dataset_consumes_1_never_scheduled', 'dataset_consumes_1', 'dataset_produces_2', 'dataset_consumes_1_and_2', 'dataset_consumes_unknown_never_scheduled', 'dataset_produces_1']) retrieved from /home/airflow/.local/lib/python3.7/site-packages/airflow/example_dags/example_datasets.py
[2024-05-04T16:09:28.638+0000] {logging_mixin.py:117} INFO - [2024-05-04T16:09:28.638+0000] {dag.py:2573} INFO - Sync 6 DAGs
[2024-05-04T16:09:28.659+0000] {logging_mixin.py:117} INFO - [2024-05-04T16:09:28.659+0000] {dag.py:3328} INFO - Setting next_dagrun for dataset_consumes_1 to None, run_after=None
[2024-05-04T16:09:28.661+0000] {logging_mixin.py:117} INFO - [2024-05-04T16:09:28.661+0000] {dag.py:3328} INFO - Setting next_dagrun for dataset_consumes_1_and_2 to None, run_after=None
[2024-05-04T16:09:28.662+0000] {logging_mixin.py:117} INFO - [2024-05-04T16:09:28.662+0000] {dag.py:3328} INFO - Setting next_dagrun for dataset_consumes_1_never_scheduled to None, run_after=None
[2024-05-04T16:09:28.663+0000] {logging_mixin.py:117} INFO - [2024-05-04T16:09:28.663+0000] {dag.py:3328} INFO - Setting next_dagrun for dataset_consumes_unknown_never_scheduled to None, run_after=None
[2024-05-04T16:09:28.665+0000] {logging_mixin.py:117} INFO - [2024-05-04T16:09:28.665+0000] {dag.py:3328} INFO - Setting next_dagrun for dataset_produces_1 to 2024-05-03T00:00:00+00:00, run_after=2024-05-04T00:00:00+00:00
[2024-05-04T16:09:28.666+0000] {logging_mixin.py:117} INFO - [2024-05-04T16:09:28.666+0000] {dag.py:3328} INFO - Setting next_dagrun for dataset_produces_2 to None, run_after=None
[2024-05-04T16:09:28.695+0000] {processor.py:178} INFO - Processing /home/airflow/.local/lib/python3.7/site-packages/airflow/example_dags/example_datasets.py took 0.122 seconds
[2024-05-04T16:09:59.301+0000] {processor.py:156} INFO - Started process (PID=5301) to work on /home/airflow/.local/lib/python3.7/site-packages/airflow/example_dags/example_datasets.py
[2024-05-04T16:09:59.302+0000] {processor.py:758} INFO - Processing file /home/airflow/.local/lib/python3.7/site-packages/airflow/example_dags/example_datasets.py for tasks to queue
[2024-05-04T16:09:59.303+0000] {logging_mixin.py:117} INFO - [2024-05-04T16:09:59.302+0000] {dagbag.py:525} INFO - Filling up the DagBag from /home/airflow/.local/lib/python3.7/site-packages/airflow/example_dags/example_datasets.py
[2024-05-04T16:09:59.321+0000] {processor.py:768} INFO - DAG(s) dict_keys(['dataset_produces_1', 'dataset_consumes_1', 'dataset_consumes_unknown_never_scheduled', 'dataset_consumes_1_and_2', 'dataset_produces_2', 'dataset_consumes_1_never_scheduled']) retrieved from /home/airflow/.local/lib/python3.7/site-packages/airflow/example_dags/example_datasets.py
[2024-05-04T16:09:59.381+0000] {logging_mixin.py:117} INFO - [2024-05-04T16:09:59.381+0000] {dag.py:2573} INFO - Sync 6 DAGs
[2024-05-04T16:09:59.403+0000] {logging_mixin.py:117} INFO - [2024-05-04T16:09:59.403+0000] {dag.py:3328} INFO - Setting next_dagrun for dataset_consumes_1 to None, run_after=None
[2024-05-04T16:09:59.405+0000] {logging_mixin.py:117} INFO - [2024-05-04T16:09:59.405+0000] {dag.py:3328} INFO - Setting next_dagrun for dataset_consumes_1_and_2 to None, run_after=None
[2024-05-04T16:09:59.406+0000] {logging_mixin.py:117} INFO - [2024-05-04T16:09:59.406+0000] {dag.py:3328} INFO - Setting next_dagrun for dataset_consumes_1_never_scheduled to None, run_after=None
[2024-05-04T16:09:59.407+0000] {logging_mixin.py:117} INFO - [2024-05-04T16:09:59.407+0000] {dag.py:3328} INFO - Setting next_dagrun for dataset_consumes_unknown_never_scheduled to None, run_after=None
[2024-05-04T16:09:59.409+0000] {logging_mixin.py:117} INFO - [2024-05-04T16:09:59.409+0000] {dag.py:3328} INFO - Setting next_dagrun for dataset_produces_1 to 2024-05-03T00:00:00+00:00, run_after=2024-05-04T00:00:00+00:00
[2024-05-04T16:09:59.410+0000] {logging_mixin.py:117} INFO - [2024-05-04T16:09:59.410+0000] {dag.py:3328} INFO - Setting next_dagrun for dataset_produces_2 to None, run_after=None
[2024-05-04T16:09:59.436+0000] {processor.py:178} INFO - Processing /home/airflow/.local/lib/python3.7/site-packages/airflow/example_dags/example_datasets.py took 0.137 seconds
[2024-05-04T16:10:30.008+0000] {processor.py:156} INFO - Started process (PID=5514) to work on /home/airflow/.local/lib/python3.7/site-packages/airflow/example_dags/example_datasets.py
[2024-05-04T16:10:30.008+0000] {processor.py:758} INFO - Processing file /home/airflow/.local/lib/python3.7/site-packages/airflow/example_dags/example_datasets.py for tasks to queue
[2024-05-04T16:10:30.009+0000] {logging_mixin.py:117} INFO - [2024-05-04T16:10:30.009+0000] {dagbag.py:525} INFO - Filling up the DagBag from /home/airflow/.local/lib/python3.7/site-packages/airflow/example_dags/example_datasets.py
[2024-05-04T16:10:30.028+0000] {processor.py:768} INFO - DAG(s) dict_keys(['dataset_produces_1', 'dataset_consumes_unknown_never_scheduled', 'dataset_consumes_1_and_2', 'dataset_consumes_1_never_scheduled', 'dataset_consumes_1', 'dataset_produces_2']) retrieved from /home/airflow/.local/lib/python3.7/site-packages/airflow/example_dags/example_datasets.py
[2024-05-04T16:10:30.092+0000] {logging_mixin.py:117} INFO - [2024-05-04T16:10:30.092+0000] {dag.py:2573} INFO - Sync 6 DAGs
[2024-05-04T16:10:30.119+0000] {logging_mixin.py:117} INFO - [2024-05-04T16:10:30.119+0000] {dag.py:3328} INFO - Setting next_dagrun for dataset_consumes_1 to None, run_after=None
[2024-05-04T16:10:30.123+0000] {logging_mixin.py:117} INFO - [2024-05-04T16:10:30.122+0000] {dag.py:3328} INFO - Setting next_dagrun for dataset_consumes_1_and_2 to None, run_after=None
[2024-05-04T16:10:30.124+0000] {logging_mixin.py:117} INFO - [2024-05-04T16:10:30.124+0000] {dag.py:3328} INFO - Setting next_dagrun for dataset_consumes_1_never_scheduled to None, run_after=None
[2024-05-04T16:10:30.125+0000] {logging_mixin.py:117} INFO - [2024-05-04T16:10:30.125+0000] {dag.py:3328} INFO - Setting next_dagrun for dataset_consumes_unknown_never_scheduled to None, run_after=None
[2024-05-04T16:10:30.128+0000] {logging_mixin.py:117} INFO - [2024-05-04T16:10:30.128+0000] {dag.py:3328} INFO - Setting next_dagrun for dataset_produces_1 to 2024-05-03T00:00:00+00:00, run_after=2024-05-04T00:00:00+00:00
[2024-05-04T16:10:30.129+0000] {logging_mixin.py:117} INFO - [2024-05-04T16:10:30.129+0000] {dag.py:3328} INFO - Setting next_dagrun for dataset_produces_2 to None, run_after=None
[2024-05-04T16:10:30.165+0000] {processor.py:178} INFO - Processing /home/airflow/.local/lib/python3.7/site-packages/airflow/example_dags/example_datasets.py took 0.160 seconds
[2024-05-04T16:11:00.619+0000] {processor.py:156} INFO - Started process (PID=5735) to work on /home/airflow/.local/lib/python3.7/site-packages/airflow/example_dags/example_datasets.py
[2024-05-04T16:11:00.620+0000] {processor.py:758} INFO - Processing file /home/airflow/.local/lib/python3.7/site-packages/airflow/example_dags/example_datasets.py for tasks to queue
[2024-05-04T16:11:00.620+0000] {logging_mixin.py:117} INFO - [2024-05-04T16:11:00.620+0000] {dagbag.py:525} INFO - Filling up the DagBag from /home/airflow/.local/lib/python3.7/site-packages/airflow/example_dags/example_datasets.py
[2024-05-04T16:11:00.636+0000] {processor.py:768} INFO - DAG(s) dict_keys(['dataset_consumes_1', 'dataset_produces_1', 'dataset_produces_2', 'dataset_consumes_unknown_never_scheduled', 'dataset_consumes_1_never_scheduled', 'dataset_consumes_1_and_2']) retrieved from /home/airflow/.local/lib/python3.7/site-packages/airflow/example_dags/example_datasets.py
[2024-05-04T16:11:00.682+0000] {logging_mixin.py:117} INFO - [2024-05-04T16:11:00.682+0000] {dag.py:2573} INFO - Sync 6 DAGs
[2024-05-04T16:11:00.705+0000] {logging_mixin.py:117} INFO - [2024-05-04T16:11:00.705+0000] {dag.py:3328} INFO - Setting next_dagrun for dataset_consumes_1 to None, run_after=None
[2024-05-04T16:11:00.707+0000] {logging_mixin.py:117} INFO - [2024-05-04T16:11:00.707+0000] {dag.py:3328} INFO - Setting next_dagrun for dataset_consumes_1_and_2 to None, run_after=None
[2024-05-04T16:11:00.708+0000] {logging_mixin.py:117} INFO - [2024-05-04T16:11:00.708+0000] {dag.py:3328} INFO - Setting next_dagrun for dataset_consumes_1_never_scheduled to None, run_after=None
[2024-05-04T16:11:00.709+0000] {logging_mixin.py:117} INFO - [2024-05-04T16:11:00.709+0000] {dag.py:3328} INFO - Setting next_dagrun for dataset_consumes_unknown_never_scheduled to None, run_after=None
[2024-05-04T16:11:00.711+0000] {logging_mixin.py:117} INFO - [2024-05-04T16:11:00.711+0000] {dag.py:3328} INFO - Setting next_dagrun for dataset_produces_1 to 2024-05-03T00:00:00+00:00, run_after=2024-05-04T00:00:00+00:00
[2024-05-04T16:11:00.712+0000] {logging_mixin.py:117} INFO - [2024-05-04T16:11:00.712+0000] {dag.py:3328} INFO - Setting next_dagrun for dataset_produces_2 to None, run_after=None
[2024-05-04T16:11:00.739+0000] {processor.py:178} INFO - Processing /home/airflow/.local/lib/python3.7/site-packages/airflow/example_dags/example_datasets.py took 0.123 seconds
[2024-05-04T16:11:31.281+0000] {processor.py:156} INFO - Started process (PID=5951) to work on /home/airflow/.local/lib/python3.7/site-packages/airflow/example_dags/example_datasets.py
[2024-05-04T16:11:31.282+0000] {processor.py:758} INFO - Processing file /home/airflow/.local/lib/python3.7/site-packages/airflow/example_dags/example_datasets.py for tasks to queue
[2024-05-04T16:11:31.282+0000] {logging_mixin.py:117} INFO - [2024-05-04T16:11:31.282+0000] {dagbag.py:525} INFO - Filling up the DagBag from /home/airflow/.local/lib/python3.7/site-packages/airflow/example_dags/example_datasets.py
[2024-05-04T16:11:31.306+0000] {processor.py:768} INFO - DAG(s) dict_keys(['dataset_consumes_1_and_2', 'dataset_consumes_1', 'dataset_consumes_1_never_scheduled', 'dataset_produces_2', 'dataset_produces_1', 'dataset_consumes_unknown_never_scheduled']) retrieved from /home/airflow/.local/lib/python3.7/site-packages/airflow/example_dags/example_datasets.py
[2024-05-04T16:11:31.369+0000] {logging_mixin.py:117} INFO - [2024-05-04T16:11:31.369+0000] {dag.py:2573} INFO - Sync 6 DAGs
[2024-05-04T16:11:31.400+0000] {logging_mixin.py:117} INFO - [2024-05-04T16:11:31.400+0000] {dag.py:3328} INFO - Setting next_dagrun for dataset_consumes_1 to None, run_after=None
[2024-05-04T16:11:31.403+0000] {logging_mixin.py:117} INFO - [2024-05-04T16:11:31.403+0000] {dag.py:3328} INFO - Setting next_dagrun for dataset_consumes_1_and_2 to None, run_after=None
[2024-05-04T16:11:31.405+0000] {logging_mixin.py:117} INFO - [2024-05-04T16:11:31.404+0000] {dag.py:3328} INFO - Setting next_dagrun for dataset_consumes_1_never_scheduled to None, run_after=None
[2024-05-04T16:11:31.406+0000] {logging_mixin.py:117} INFO - [2024-05-04T16:11:31.405+0000] {dag.py:3328} INFO - Setting next_dagrun for dataset_consumes_unknown_never_scheduled to None, run_after=None
[2024-05-04T16:11:31.409+0000] {logging_mixin.py:117} INFO - [2024-05-04T16:11:31.409+0000] {dag.py:3328} INFO - Setting next_dagrun for dataset_produces_1 to 2024-05-03T00:00:00+00:00, run_after=2024-05-04T00:00:00+00:00
[2024-05-04T16:11:31.410+0000] {logging_mixin.py:117} INFO - [2024-05-04T16:11:31.410+0000] {dag.py:3328} INFO - Setting next_dagrun for dataset_produces_2 to None, run_after=None
[2024-05-04T16:11:31.438+0000] {processor.py:178} INFO - Processing /home/airflow/.local/lib/python3.7/site-packages/airflow/example_dags/example_datasets.py took 0.159 seconds
[2024-05-04T16:12:01.968+0000] {processor.py:156} INFO - Started process (PID=6157) to work on /home/airflow/.local/lib/python3.7/site-packages/airflow/example_dags/example_datasets.py
[2024-05-04T16:12:01.968+0000] {processor.py:758} INFO - Processing file /home/airflow/.local/lib/python3.7/site-packages/airflow/example_dags/example_datasets.py for tasks to queue
[2024-05-04T16:12:01.969+0000] {logging_mixin.py:117} INFO - [2024-05-04T16:12:01.969+0000] {dagbag.py:525} INFO - Filling up the DagBag from /home/airflow/.local/lib/python3.7/site-packages/airflow/example_dags/example_datasets.py
[2024-05-04T16:12:01.984+0000] {processor.py:768} INFO - DAG(s) dict_keys(['dataset_produces_2', 'dataset_produces_1', 'dataset_consumes_1_never_scheduled', 'dataset_consumes_1', 'dataset_consumes_1_and_2', 'dataset_consumes_unknown_never_scheduled']) retrieved from /home/airflow/.local/lib/python3.7/site-packages/airflow/example_dags/example_datasets.py
[2024-05-04T16:12:02.028+0000] {logging_mixin.py:117} INFO - [2024-05-04T16:12:02.028+0000] {dag.py:2573} INFO - Sync 6 DAGs
[2024-05-04T16:12:02.048+0000] {logging_mixin.py:117} INFO - [2024-05-04T16:12:02.048+0000] {dag.py:3328} INFO - Setting next_dagrun for dataset_consumes_1 to None, run_after=None
[2024-05-04T16:12:02.051+0000] {logging_mixin.py:117} INFO - [2024-05-04T16:12:02.051+0000] {dag.py:3328} INFO - Setting next_dagrun for dataset_consumes_1_and_2 to None, run_after=None
[2024-05-04T16:12:02.052+0000] {logging_mixin.py:117} INFO - [2024-05-04T16:12:02.052+0000] {dag.py:3328} INFO - Setting next_dagrun for dataset_consumes_1_never_scheduled to None, run_after=None
[2024-05-04T16:12:02.053+0000] {logging_mixin.py:117} INFO - [2024-05-04T16:12:02.052+0000] {dag.py:3328} INFO - Setting next_dagrun for dataset_consumes_unknown_never_scheduled to None, run_after=None
[2024-05-04T16:12:02.055+0000] {logging_mixin.py:117} INFO - [2024-05-04T16:12:02.055+0000] {dag.py:3328} INFO - Setting next_dagrun for dataset_produces_1 to 2024-05-03T00:00:00+00:00, run_after=2024-05-04T00:00:00+00:00
[2024-05-04T16:12:02.056+0000] {logging_mixin.py:117} INFO - [2024-05-04T16:12:02.056+0000] {dag.py:3328} INFO - Setting next_dagrun for dataset_produces_2 to None, run_after=None
[2024-05-04T16:12:02.083+0000] {processor.py:178} INFO - Processing /home/airflow/.local/lib/python3.7/site-packages/airflow/example_dags/example_datasets.py took 0.118 seconds
[2024-05-04T16:12:32.494+0000] {processor.py:156} INFO - Started process (PID=6360) to work on /home/airflow/.local/lib/python3.7/site-packages/airflow/example_dags/example_datasets.py
[2024-05-04T16:12:32.495+0000] {processor.py:758} INFO - Processing file /home/airflow/.local/lib/python3.7/site-packages/airflow/example_dags/example_datasets.py for tasks to queue
[2024-05-04T16:12:32.495+0000] {logging_mixin.py:117} INFO - [2024-05-04T16:12:32.495+0000] {dagbag.py:525} INFO - Filling up the DagBag from /home/airflow/.local/lib/python3.7/site-packages/airflow/example_dags/example_datasets.py
[2024-05-04T16:12:32.520+0000] {processor.py:768} INFO - DAG(s) dict_keys(['dataset_consumes_unknown_never_scheduled', 'dataset_consumes_1', 'dataset_consumes_1_never_scheduled', 'dataset_produces_1', 'dataset_produces_2', 'dataset_consumes_1_and_2']) retrieved from /home/airflow/.local/lib/python3.7/site-packages/airflow/example_dags/example_datasets.py
[2024-05-04T16:12:32.573+0000] {logging_mixin.py:117} INFO - [2024-05-04T16:12:32.572+0000] {dag.py:2573} INFO - Sync 6 DAGs
[2024-05-04T16:12:32.593+0000] {logging_mixin.py:117} INFO - [2024-05-04T16:12:32.593+0000] {dag.py:3328} INFO - Setting next_dagrun for dataset_consumes_1 to None, run_after=None
[2024-05-04T16:12:32.596+0000] {logging_mixin.py:117} INFO - [2024-05-04T16:12:32.596+0000] {dag.py:3328} INFO - Setting next_dagrun for dataset_consumes_1_and_2 to None, run_after=None
[2024-05-04T16:12:32.597+0000] {logging_mixin.py:117} INFO - [2024-05-04T16:12:32.597+0000] {dag.py:3328} INFO - Setting next_dagrun for dataset_consumes_1_never_scheduled to None, run_after=None
[2024-05-04T16:12:32.598+0000] {logging_mixin.py:117} INFO - [2024-05-04T16:12:32.598+0000] {dag.py:3328} INFO - Setting next_dagrun for dataset_consumes_unknown_never_scheduled to None, run_after=None
[2024-05-04T16:12:32.600+0000] {logging_mixin.py:117} INFO - [2024-05-04T16:12:32.600+0000] {dag.py:3328} INFO - Setting next_dagrun for dataset_produces_1 to 2024-05-03T00:00:00+00:00, run_after=2024-05-04T00:00:00+00:00
[2024-05-04T16:12:32.601+0000] {logging_mixin.py:117} INFO - [2024-05-04T16:12:32.601+0000] {dag.py:3328} INFO - Setting next_dagrun for dataset_produces_2 to None, run_after=None
[2024-05-04T16:12:32.629+0000] {processor.py:178} INFO - Processing /home/airflow/.local/lib/python3.7/site-packages/airflow/example_dags/example_datasets.py took 0.138 seconds
[2024-05-04T16:13:03.203+0000] {processor.py:156} INFO - Started process (PID=6583) to work on /home/airflow/.local/lib/python3.7/site-packages/airflow/example_dags/example_datasets.py
[2024-05-04T16:13:03.204+0000] {processor.py:758} INFO - Processing file /home/airflow/.local/lib/python3.7/site-packages/airflow/example_dags/example_datasets.py for tasks to queue
[2024-05-04T16:13:03.204+0000] {logging_mixin.py:117} INFO - [2024-05-04T16:13:03.204+0000] {dagbag.py:525} INFO - Filling up the DagBag from /home/airflow/.local/lib/python3.7/site-packages/airflow/example_dags/example_datasets.py
[2024-05-04T16:13:03.219+0000] {processor.py:768} INFO - DAG(s) dict_keys(['dataset_consumes_1', 'dataset_produces_2', 'dataset_consumes_1_and_2', 'dataset_produces_1', 'dataset_consumes_1_never_scheduled', 'dataset_consumes_unknown_never_scheduled']) retrieved from /home/airflow/.local/lib/python3.7/site-packages/airflow/example_dags/example_datasets.py
[2024-05-04T16:13:03.261+0000] {logging_mixin.py:117} INFO - [2024-05-04T16:13:03.261+0000] {dag.py:2573} INFO - Sync 6 DAGs
[2024-05-04T16:13:03.282+0000] {logging_mixin.py:117} INFO - [2024-05-04T16:13:03.281+0000] {dag.py:3328} INFO - Setting next_dagrun for dataset_consumes_1 to None, run_after=None
[2024-05-04T16:13:03.284+0000] {logging_mixin.py:117} INFO - [2024-05-04T16:13:03.284+0000] {dag.py:3328} INFO - Setting next_dagrun for dataset_consumes_1_and_2 to None, run_after=None
[2024-05-04T16:13:03.285+0000] {logging_mixin.py:117} INFO - [2024-05-04T16:13:03.285+0000] {dag.py:3328} INFO - Setting next_dagrun for dataset_consumes_1_never_scheduled to None, run_after=None
[2024-05-04T16:13:03.286+0000] {logging_mixin.py:117} INFO - [2024-05-04T16:13:03.286+0000] {dag.py:3328} INFO - Setting next_dagrun for dataset_consumes_unknown_never_scheduled to None, run_after=None
[2024-05-04T16:13:03.288+0000] {logging_mixin.py:117} INFO - [2024-05-04T16:13:03.288+0000] {dag.py:3328} INFO - Setting next_dagrun for dataset_produces_1 to 2024-05-03T00:00:00+00:00, run_after=2024-05-04T00:00:00+00:00
[2024-05-04T16:13:03.289+0000] {logging_mixin.py:117} INFO - [2024-05-04T16:13:03.289+0000] {dag.py:3328} INFO - Setting next_dagrun for dataset_produces_2 to None, run_after=None
[2024-05-04T16:13:03.316+0000] {processor.py:178} INFO - Processing /home/airflow/.local/lib/python3.7/site-packages/airflow/example_dags/example_datasets.py took 0.116 seconds
