[2024-05-04T15:58:02.425+0000] {processor.py:156} INFO - Started process (PID=245) to work on /home/airflow/.local/lib/python3.7/site-packages/airflow/example_dags/example_trigger_controller_dag.py
[2024-05-04T15:58:02.426+0000] {processor.py:758} INFO - Processing file /home/airflow/.local/lib/python3.7/site-packages/airflow/example_dags/example_trigger_controller_dag.py for tasks to queue
[2024-05-04T15:58:02.426+0000] {logging_mixin.py:117} INFO - [2024-05-04T15:58:02.426+0000] {dagbag.py:525} INFO - Filling up the DagBag from /home/airflow/.local/lib/python3.7/site-packages/airflow/example_dags/example_trigger_controller_dag.py
[2024-05-04T15:58:02.438+0000] {processor.py:768} INFO - DAG(s) dict_keys(['example_trigger_controller_dag']) retrieved from /home/airflow/.local/lib/python3.7/site-packages/airflow/example_dags/example_trigger_controller_dag.py
[2024-05-04T15:58:02.706+0000] {logging_mixin.py:117} INFO - [2024-05-04T15:58:02.706+0000] {manager.py:507} INFO - Created Permission View: can read on DAG:example_trigger_controller_dag
[2024-05-04T15:58:02.721+0000] {logging_mixin.py:117} INFO - [2024-05-04T15:58:02.721+0000] {manager.py:507} INFO - Created Permission View: can edit on DAG:example_trigger_controller_dag
[2024-05-04T15:58:02.732+0000] {logging_mixin.py:117} INFO - [2024-05-04T15:58:02.732+0000] {manager.py:507} INFO - Created Permission View: can delete on DAG:example_trigger_controller_dag
[2024-05-04T15:58:02.733+0000] {logging_mixin.py:117} INFO - [2024-05-04T15:58:02.733+0000] {dag.py:2573} INFO - Sync 1 DAGs
[2024-05-04T15:58:02.746+0000] {logging_mixin.py:117} INFO - [2024-05-04T15:58:02.746+0000] {dag.py:2594} INFO - Creating ORM DAG for example_trigger_controller_dag
[2024-05-04T15:58:02.758+0000] {logging_mixin.py:117} INFO - [2024-05-04T15:58:02.758+0000] {dag.py:3328} INFO - Setting next_dagrun for example_trigger_controller_dag to 2021-01-01T00:00:00+00:00, run_after=2021-01-01T00:00:00+00:00
[2024-05-04T15:58:02.782+0000] {processor.py:178} INFO - Processing /home/airflow/.local/lib/python3.7/site-packages/airflow/example_dags/example_trigger_controller_dag.py took 0.358 seconds
[2024-05-04T15:58:36.808+0000] {processor.py:156} INFO - Started process (PID=488) to work on /home/airflow/.local/lib/python3.7/site-packages/airflow/example_dags/example_trigger_controller_dag.py
[2024-05-04T15:58:36.808+0000] {processor.py:758} INFO - Processing file /home/airflow/.local/lib/python3.7/site-packages/airflow/example_dags/example_trigger_controller_dag.py for tasks to queue
[2024-05-04T15:58:36.809+0000] {logging_mixin.py:117} INFO - [2024-05-04T15:58:36.809+0000] {dagbag.py:525} INFO - Filling up the DagBag from /home/airflow/.local/lib/python3.7/site-packages/airflow/example_dags/example_trigger_controller_dag.py
[2024-05-04T15:58:36.870+0000] {processor.py:768} INFO - DAG(s) dict_keys(['example_trigger_controller_dag']) retrieved from /home/airflow/.local/lib/python3.7/site-packages/airflow/example_dags/example_trigger_controller_dag.py
[2024-05-04T15:58:37.126+0000] {logging_mixin.py:117} INFO - [2024-05-04T15:58:37.125+0000] {dag.py:2573} INFO - Sync 1 DAGs
[2024-05-04T15:58:37.335+0000] {logging_mixin.py:117} INFO - [2024-05-04T15:58:37.335+0000] {dag.py:3328} INFO - Setting next_dagrun for example_trigger_controller_dag to 2021-01-01T00:00:00+00:00, run_after=2021-01-01T00:00:00+00:00
[2024-05-04T15:58:37.514+0000] {processor.py:178} INFO - Processing /home/airflow/.local/lib/python3.7/site-packages/airflow/example_dags/example_trigger_controller_dag.py took 0.710 seconds
[2024-05-04T15:59:07.663+0000] {processor.py:156} INFO - Started process (PID=756) to work on /home/airflow/.local/lib/python3.7/site-packages/airflow/example_dags/example_trigger_controller_dag.py
[2024-05-04T15:59:07.663+0000] {processor.py:758} INFO - Processing file /home/airflow/.local/lib/python3.7/site-packages/airflow/example_dags/example_trigger_controller_dag.py for tasks to queue
[2024-05-04T15:59:07.663+0000] {logging_mixin.py:117} INFO - [2024-05-04T15:59:07.663+0000] {dagbag.py:525} INFO - Filling up the DagBag from /home/airflow/.local/lib/python3.7/site-packages/airflow/example_dags/example_trigger_controller_dag.py
[2024-05-04T15:59:07.674+0000] {processor.py:768} INFO - DAG(s) dict_keys(['example_trigger_controller_dag']) retrieved from /home/airflow/.local/lib/python3.7/site-packages/airflow/example_dags/example_trigger_controller_dag.py
[2024-05-04T15:59:07.710+0000] {logging_mixin.py:117} INFO - [2024-05-04T15:59:07.710+0000] {dag.py:2573} INFO - Sync 1 DAGs
[2024-05-04T15:59:07.873+0000] {logging_mixin.py:117} INFO - [2024-05-04T15:59:07.873+0000] {dag.py:3328} INFO - Setting next_dagrun for example_trigger_controller_dag to 2021-01-01T00:00:00+00:00, run_after=2021-01-01T00:00:00+00:00
[2024-05-04T15:59:07.894+0000] {processor.py:178} INFO - Processing /home/airflow/.local/lib/python3.7/site-packages/airflow/example_dags/example_trigger_controller_dag.py took 0.233 seconds
[2024-05-04T15:59:37.970+0000] {processor.py:156} INFO - Started process (PID=967) to work on /home/airflow/.local/lib/python3.7/site-packages/airflow/example_dags/example_trigger_controller_dag.py
[2024-05-04T15:59:37.971+0000] {processor.py:758} INFO - Processing file /home/airflow/.local/lib/python3.7/site-packages/airflow/example_dags/example_trigger_controller_dag.py for tasks to queue
[2024-05-04T15:59:37.971+0000] {logging_mixin.py:117} INFO - [2024-05-04T15:59:37.971+0000] {dagbag.py:525} INFO - Filling up the DagBag from /home/airflow/.local/lib/python3.7/site-packages/airflow/example_dags/example_trigger_controller_dag.py
[2024-05-04T15:59:37.984+0000] {processor.py:768} INFO - DAG(s) dict_keys(['example_trigger_controller_dag']) retrieved from /home/airflow/.local/lib/python3.7/site-packages/airflow/example_dags/example_trigger_controller_dag.py
[2024-05-04T15:59:38.022+0000] {logging_mixin.py:117} INFO - [2024-05-04T15:59:38.022+0000] {dag.py:2573} INFO - Sync 1 DAGs
[2024-05-04T15:59:38.167+0000] {logging_mixin.py:117} INFO - [2024-05-04T15:59:38.167+0000] {dag.py:3328} INFO - Setting next_dagrun for example_trigger_controller_dag to 2021-01-01T00:00:00+00:00, run_after=2021-01-01T00:00:00+00:00
[2024-05-04T15:59:38.191+0000] {processor.py:178} INFO - Processing /home/airflow/.local/lib/python3.7/site-packages/airflow/example_dags/example_trigger_controller_dag.py took 0.224 seconds
[2024-05-04T16:00:08.299+0000] {processor.py:156} INFO - Started process (PID=1173) to work on /home/airflow/.local/lib/python3.7/site-packages/airflow/example_dags/example_trigger_controller_dag.py
[2024-05-04T16:00:08.300+0000] {processor.py:758} INFO - Processing file /home/airflow/.local/lib/python3.7/site-packages/airflow/example_dags/example_trigger_controller_dag.py for tasks to queue
[2024-05-04T16:00:08.300+0000] {logging_mixin.py:117} INFO - [2024-05-04T16:00:08.300+0000] {dagbag.py:525} INFO - Filling up the DagBag from /home/airflow/.local/lib/python3.7/site-packages/airflow/example_dags/example_trigger_controller_dag.py
[2024-05-04T16:00:08.310+0000] {processor.py:768} INFO - DAG(s) dict_keys(['example_trigger_controller_dag']) retrieved from /home/airflow/.local/lib/python3.7/site-packages/airflow/example_dags/example_trigger_controller_dag.py
[2024-05-04T16:00:08.454+0000] {logging_mixin.py:117} INFO - [2024-05-04T16:00:08.453+0000] {dag.py:2573} INFO - Sync 1 DAGs
[2024-05-04T16:00:08.471+0000] {logging_mixin.py:117} INFO - [2024-05-04T16:00:08.471+0000] {dag.py:3328} INFO - Setting next_dagrun for example_trigger_controller_dag to 2021-01-01T00:00:00+00:00, run_after=2021-01-01T00:00:00+00:00
[2024-05-04T16:00:08.492+0000] {processor.py:178} INFO - Processing /home/airflow/.local/lib/python3.7/site-packages/airflow/example_dags/example_trigger_controller_dag.py took 0.195 seconds
[2024-05-04T16:00:38.869+0000] {processor.py:156} INFO - Started process (PID=1386) to work on /home/airflow/.local/lib/python3.7/site-packages/airflow/example_dags/example_trigger_controller_dag.py
[2024-05-04T16:00:38.869+0000] {processor.py:758} INFO - Processing file /home/airflow/.local/lib/python3.7/site-packages/airflow/example_dags/example_trigger_controller_dag.py for tasks to queue
[2024-05-04T16:00:38.870+0000] {logging_mixin.py:117} INFO - [2024-05-04T16:00:38.870+0000] {dagbag.py:525} INFO - Filling up the DagBag from /home/airflow/.local/lib/python3.7/site-packages/airflow/example_dags/example_trigger_controller_dag.py
[2024-05-04T16:00:38.881+0000] {processor.py:768} INFO - DAG(s) dict_keys(['example_trigger_controller_dag']) retrieved from /home/airflow/.local/lib/python3.7/site-packages/airflow/example_dags/example_trigger_controller_dag.py
[2024-05-04T16:00:39.041+0000] {logging_mixin.py:117} INFO - [2024-05-04T16:00:39.041+0000] {dag.py:2573} INFO - Sync 1 DAGs
[2024-05-04T16:00:39.070+0000] {logging_mixin.py:117} INFO - [2024-05-04T16:00:39.070+0000] {dag.py:3328} INFO - Setting next_dagrun for example_trigger_controller_dag to 2021-01-01T00:00:00+00:00, run_after=2021-01-01T00:00:00+00:00
[2024-05-04T16:00:39.095+0000] {processor.py:178} INFO - Processing /home/airflow/.local/lib/python3.7/site-packages/airflow/example_dags/example_trigger_controller_dag.py took 0.229 seconds
[2024-05-04T16:01:09.440+0000] {processor.py:156} INFO - Started process (PID=1599) to work on /home/airflow/.local/lib/python3.7/site-packages/airflow/example_dags/example_trigger_controller_dag.py
[2024-05-04T16:01:09.441+0000] {processor.py:758} INFO - Processing file /home/airflow/.local/lib/python3.7/site-packages/airflow/example_dags/example_trigger_controller_dag.py for tasks to queue
[2024-05-04T16:01:09.441+0000] {logging_mixin.py:117} INFO - [2024-05-04T16:01:09.441+0000] {dagbag.py:525} INFO - Filling up the DagBag from /home/airflow/.local/lib/python3.7/site-packages/airflow/example_dags/example_trigger_controller_dag.py
[2024-05-04T16:01:09.592+0000] {processor.py:768} INFO - DAG(s) dict_keys(['example_trigger_controller_dag']) retrieved from /home/airflow/.local/lib/python3.7/site-packages/airflow/example_dags/example_trigger_controller_dag.py
[2024-05-04T16:01:09.625+0000] {logging_mixin.py:117} INFO - [2024-05-04T16:01:09.625+0000] {dag.py:2573} INFO - Sync 1 DAGs
[2024-05-04T16:01:09.653+0000] {logging_mixin.py:117} INFO - [2024-05-04T16:01:09.653+0000] {dag.py:3328} INFO - Setting next_dagrun for example_trigger_controller_dag to 2021-01-01T00:00:00+00:00, run_after=2021-01-01T00:00:00+00:00
[2024-05-04T16:01:09.678+0000] {processor.py:178} INFO - Processing /home/airflow/.local/lib/python3.7/site-packages/airflow/example_dags/example_trigger_controller_dag.py took 0.241 seconds
[2024-05-04T16:01:39.726+0000] {processor.py:156} INFO - Started process (PID=1803) to work on /home/airflow/.local/lib/python3.7/site-packages/airflow/example_dags/example_trigger_controller_dag.py
[2024-05-04T16:01:39.727+0000] {processor.py:758} INFO - Processing file /home/airflow/.local/lib/python3.7/site-packages/airflow/example_dags/example_trigger_controller_dag.py for tasks to queue
[2024-05-04T16:01:39.727+0000] {logging_mixin.py:117} INFO - [2024-05-04T16:01:39.727+0000] {dagbag.py:525} INFO - Filling up the DagBag from /home/airflow/.local/lib/python3.7/site-packages/airflow/example_dags/example_trigger_controller_dag.py
[2024-05-04T16:01:39.739+0000] {processor.py:768} INFO - DAG(s) dict_keys(['example_trigger_controller_dag']) retrieved from /home/airflow/.local/lib/python3.7/site-packages/airflow/example_dags/example_trigger_controller_dag.py
[2024-05-04T16:01:39.771+0000] {logging_mixin.py:117} INFO - [2024-05-04T16:01:39.771+0000] {dag.py:2573} INFO - Sync 1 DAGs
[2024-05-04T16:01:39.791+0000] {logging_mixin.py:117} INFO - [2024-05-04T16:01:39.791+0000] {dag.py:3328} INFO - Setting next_dagrun for example_trigger_controller_dag to 2021-01-01T00:00:00+00:00, run_after=2021-01-01T00:00:00+00:00
[2024-05-04T16:01:39.816+0000] {processor.py:178} INFO - Processing /home/airflow/.local/lib/python3.7/site-packages/airflow/example_dags/example_trigger_controller_dag.py took 0.093 seconds
[2024-05-04T16:02:10.397+0000] {processor.py:156} INFO - Started process (PID=2016) to work on /home/airflow/.local/lib/python3.7/site-packages/airflow/example_dags/example_trigger_controller_dag.py
[2024-05-04T16:02:10.398+0000] {processor.py:758} INFO - Processing file /home/airflow/.local/lib/python3.7/site-packages/airflow/example_dags/example_trigger_controller_dag.py for tasks to queue
[2024-05-04T16:02:10.399+0000] {logging_mixin.py:117} INFO - [2024-05-04T16:02:10.399+0000] {dagbag.py:525} INFO - Filling up the DagBag from /home/airflow/.local/lib/python3.7/site-packages/airflow/example_dags/example_trigger_controller_dag.py
[2024-05-04T16:02:10.412+0000] {processor.py:768} INFO - DAG(s) dict_keys(['example_trigger_controller_dag']) retrieved from /home/airflow/.local/lib/python3.7/site-packages/airflow/example_dags/example_trigger_controller_dag.py
[2024-05-04T16:02:10.448+0000] {logging_mixin.py:117} INFO - [2024-05-04T16:02:10.448+0000] {dag.py:2573} INFO - Sync 1 DAGs
[2024-05-04T16:02:10.467+0000] {logging_mixin.py:117} INFO - [2024-05-04T16:02:10.467+0000] {dag.py:3328} INFO - Setting next_dagrun for example_trigger_controller_dag to 2021-01-01T00:00:00+00:00, run_after=2021-01-01T00:00:00+00:00
[2024-05-04T16:02:10.493+0000] {processor.py:178} INFO - Processing /home/airflow/.local/lib/python3.7/site-packages/airflow/example_dags/example_trigger_controller_dag.py took 0.098 seconds
[2024-05-04T16:02:41.097+0000] {processor.py:156} INFO - Started process (PID=2229) to work on /home/airflow/.local/lib/python3.7/site-packages/airflow/example_dags/example_trigger_controller_dag.py
[2024-05-04T16:02:41.098+0000] {processor.py:758} INFO - Processing file /home/airflow/.local/lib/python3.7/site-packages/airflow/example_dags/example_trigger_controller_dag.py for tasks to queue
[2024-05-04T16:02:41.098+0000] {logging_mixin.py:117} INFO - [2024-05-04T16:02:41.098+0000] {dagbag.py:525} INFO - Filling up the DagBag from /home/airflow/.local/lib/python3.7/site-packages/airflow/example_dags/example_trigger_controller_dag.py
[2024-05-04T16:02:41.109+0000] {processor.py:768} INFO - DAG(s) dict_keys(['example_trigger_controller_dag']) retrieved from /home/airflow/.local/lib/python3.7/site-packages/airflow/example_dags/example_trigger_controller_dag.py
[2024-05-04T16:02:41.141+0000] {logging_mixin.py:117} INFO - [2024-05-04T16:02:41.141+0000] {dag.py:2573} INFO - Sync 1 DAGs
[2024-05-04T16:02:41.163+0000] {logging_mixin.py:117} INFO - [2024-05-04T16:02:41.163+0000] {dag.py:3328} INFO - Setting next_dagrun for example_trigger_controller_dag to 2021-01-01T00:00:00+00:00, run_after=2021-01-01T00:00:00+00:00
[2024-05-04T16:02:41.192+0000] {processor.py:178} INFO - Processing /home/airflow/.local/lib/python3.7/site-packages/airflow/example_dags/example_trigger_controller_dag.py took 0.097 seconds
[2024-05-04T16:03:11.890+0000] {processor.py:156} INFO - Started process (PID=2443) to work on /home/airflow/.local/lib/python3.7/site-packages/airflow/example_dags/example_trigger_controller_dag.py
[2024-05-04T16:03:11.891+0000] {processor.py:758} INFO - Processing file /home/airflow/.local/lib/python3.7/site-packages/airflow/example_dags/example_trigger_controller_dag.py for tasks to queue
[2024-05-04T16:03:11.891+0000] {logging_mixin.py:117} INFO - [2024-05-04T16:03:11.891+0000] {dagbag.py:525} INFO - Filling up the DagBag from /home/airflow/.local/lib/python3.7/site-packages/airflow/example_dags/example_trigger_controller_dag.py
[2024-05-04T16:03:11.901+0000] {processor.py:768} INFO - DAG(s) dict_keys(['example_trigger_controller_dag']) retrieved from /home/airflow/.local/lib/python3.7/site-packages/airflow/example_dags/example_trigger_controller_dag.py
[2024-05-04T16:03:11.932+0000] {logging_mixin.py:117} INFO - [2024-05-04T16:03:11.932+0000] {dag.py:2573} INFO - Sync 1 DAGs
[2024-05-04T16:03:11.952+0000] {logging_mixin.py:117} INFO - [2024-05-04T16:03:11.952+0000] {dag.py:3328} INFO - Setting next_dagrun for example_trigger_controller_dag to 2021-01-01T00:00:00+00:00, run_after=2021-01-01T00:00:00+00:00
[2024-05-04T16:03:11.973+0000] {processor.py:178} INFO - Processing /home/airflow/.local/lib/python3.7/site-packages/airflow/example_dags/example_trigger_controller_dag.py took 0.085 seconds
[2024-05-04T16:03:42.626+0000] {processor.py:156} INFO - Started process (PID=2647) to work on /home/airflow/.local/lib/python3.7/site-packages/airflow/example_dags/example_trigger_controller_dag.py
[2024-05-04T16:03:42.627+0000] {processor.py:758} INFO - Processing file /home/airflow/.local/lib/python3.7/site-packages/airflow/example_dags/example_trigger_controller_dag.py for tasks to queue
[2024-05-04T16:03:42.627+0000] {logging_mixin.py:117} INFO - [2024-05-04T16:03:42.627+0000] {dagbag.py:525} INFO - Filling up the DagBag from /home/airflow/.local/lib/python3.7/site-packages/airflow/example_dags/example_trigger_controller_dag.py
[2024-05-04T16:03:42.637+0000] {processor.py:768} INFO - DAG(s) dict_keys(['example_trigger_controller_dag']) retrieved from /home/airflow/.local/lib/python3.7/site-packages/airflow/example_dags/example_trigger_controller_dag.py
[2024-05-04T16:03:42.673+0000] {logging_mixin.py:117} INFO - [2024-05-04T16:03:42.673+0000] {dag.py:2573} INFO - Sync 1 DAGs
[2024-05-04T16:03:42.693+0000] {logging_mixin.py:117} INFO - [2024-05-04T16:03:42.693+0000] {dag.py:3328} INFO - Setting next_dagrun for example_trigger_controller_dag to 2021-01-01T00:00:00+00:00, run_after=2021-01-01T00:00:00+00:00
[2024-05-04T16:03:42.719+0000] {processor.py:178} INFO - Processing /home/airflow/.local/lib/python3.7/site-packages/airflow/example_dags/example_trigger_controller_dag.py took 0.095 seconds
[2024-05-04T16:04:13.165+0000] {processor.py:156} INFO - Started process (PID=2860) to work on /home/airflow/.local/lib/python3.7/site-packages/airflow/example_dags/example_trigger_controller_dag.py
[2024-05-04T16:04:13.166+0000] {processor.py:758} INFO - Processing file /home/airflow/.local/lib/python3.7/site-packages/airflow/example_dags/example_trigger_controller_dag.py for tasks to queue
[2024-05-04T16:04:13.166+0000] {logging_mixin.py:117} INFO - [2024-05-04T16:04:13.166+0000] {dagbag.py:525} INFO - Filling up the DagBag from /home/airflow/.local/lib/python3.7/site-packages/airflow/example_dags/example_trigger_controller_dag.py
[2024-05-04T16:04:13.180+0000] {processor.py:768} INFO - DAG(s) dict_keys(['example_trigger_controller_dag']) retrieved from /home/airflow/.local/lib/python3.7/site-packages/airflow/example_dags/example_trigger_controller_dag.py
[2024-05-04T16:04:13.220+0000] {logging_mixin.py:117} INFO - [2024-05-04T16:04:13.220+0000] {dag.py:2573} INFO - Sync 1 DAGs
[2024-05-04T16:04:13.244+0000] {logging_mixin.py:117} INFO - [2024-05-04T16:04:13.243+0000] {dag.py:3328} INFO - Setting next_dagrun for example_trigger_controller_dag to 2021-01-01T00:00:00+00:00, run_after=2021-01-01T00:00:00+00:00
[2024-05-04T16:04:13.264+0000] {processor.py:178} INFO - Processing /home/airflow/.local/lib/python3.7/site-packages/airflow/example_dags/example_trigger_controller_dag.py took 0.102 seconds
[2024-05-04T16:04:43.786+0000] {processor.py:156} INFO - Started process (PID=3073) to work on /home/airflow/.local/lib/python3.7/site-packages/airflow/example_dags/example_trigger_controller_dag.py
[2024-05-04T16:04:43.787+0000] {processor.py:758} INFO - Processing file /home/airflow/.local/lib/python3.7/site-packages/airflow/example_dags/example_trigger_controller_dag.py for tasks to queue
[2024-05-04T16:04:43.787+0000] {logging_mixin.py:117} INFO - [2024-05-04T16:04:43.787+0000] {dagbag.py:525} INFO - Filling up the DagBag from /home/airflow/.local/lib/python3.7/site-packages/airflow/example_dags/example_trigger_controller_dag.py
[2024-05-04T16:04:43.799+0000] {processor.py:768} INFO - DAG(s) dict_keys(['example_trigger_controller_dag']) retrieved from /home/airflow/.local/lib/python3.7/site-packages/airflow/example_dags/example_trigger_controller_dag.py
[2024-05-04T16:04:43.837+0000] {logging_mixin.py:117} INFO - [2024-05-04T16:04:43.836+0000] {dag.py:2573} INFO - Sync 1 DAGs
[2024-05-04T16:04:43.858+0000] {logging_mixin.py:117} INFO - [2024-05-04T16:04:43.858+0000] {dag.py:3328} INFO - Setting next_dagrun for example_trigger_controller_dag to 2021-01-01T00:00:00+00:00, run_after=2021-01-01T00:00:00+00:00
[2024-05-04T16:04:43.885+0000] {processor.py:178} INFO - Processing /home/airflow/.local/lib/python3.7/site-packages/airflow/example_dags/example_trigger_controller_dag.py took 0.101 seconds
[2024-05-04T16:05:14.376+0000] {processor.py:156} INFO - Started process (PID=3286) to work on /home/airflow/.local/lib/python3.7/site-packages/airflow/example_dags/example_trigger_controller_dag.py
[2024-05-04T16:05:14.377+0000] {processor.py:758} INFO - Processing file /home/airflow/.local/lib/python3.7/site-packages/airflow/example_dags/example_trigger_controller_dag.py for tasks to queue
[2024-05-04T16:05:14.377+0000] {logging_mixin.py:117} INFO - [2024-05-04T16:05:14.377+0000] {dagbag.py:525} INFO - Filling up the DagBag from /home/airflow/.local/lib/python3.7/site-packages/airflow/example_dags/example_trigger_controller_dag.py
[2024-05-04T16:05:14.389+0000] {processor.py:768} INFO - DAG(s) dict_keys(['example_trigger_controller_dag']) retrieved from /home/airflow/.local/lib/python3.7/site-packages/airflow/example_dags/example_trigger_controller_dag.py
[2024-05-04T16:05:14.421+0000] {logging_mixin.py:117} INFO - [2024-05-04T16:05:14.421+0000] {dag.py:2573} INFO - Sync 1 DAGs
[2024-05-04T16:05:14.448+0000] {logging_mixin.py:117} INFO - [2024-05-04T16:05:14.448+0000] {dag.py:3328} INFO - Setting next_dagrun for example_trigger_controller_dag to 2021-01-01T00:00:00+00:00, run_after=2021-01-01T00:00:00+00:00
[2024-05-04T16:05:14.471+0000] {processor.py:178} INFO - Processing /home/airflow/.local/lib/python3.7/site-packages/airflow/example_dags/example_trigger_controller_dag.py took 0.098 seconds
[2024-05-04T16:05:45.038+0000] {processor.py:156} INFO - Started process (PID=3491) to work on /home/airflow/.local/lib/python3.7/site-packages/airflow/example_dags/example_trigger_controller_dag.py
[2024-05-04T16:05:45.039+0000] {processor.py:758} INFO - Processing file /home/airflow/.local/lib/python3.7/site-packages/airflow/example_dags/example_trigger_controller_dag.py for tasks to queue
[2024-05-04T16:05:45.039+0000] {logging_mixin.py:117} INFO - [2024-05-04T16:05:45.039+0000] {dagbag.py:525} INFO - Filling up the DagBag from /home/airflow/.local/lib/python3.7/site-packages/airflow/example_dags/example_trigger_controller_dag.py
[2024-05-04T16:05:45.051+0000] {processor.py:768} INFO - DAG(s) dict_keys(['example_trigger_controller_dag']) retrieved from /home/airflow/.local/lib/python3.7/site-packages/airflow/example_dags/example_trigger_controller_dag.py
[2024-05-04T16:05:45.089+0000] {logging_mixin.py:117} INFO - [2024-05-04T16:05:45.089+0000] {dag.py:2573} INFO - Sync 1 DAGs
[2024-05-04T16:05:45.117+0000] {logging_mixin.py:117} INFO - [2024-05-04T16:05:45.117+0000] {dag.py:3328} INFO - Setting next_dagrun for example_trigger_controller_dag to 2021-01-01T00:00:00+00:00, run_after=2021-01-01T00:00:00+00:00
[2024-05-04T16:05:45.145+0000] {processor.py:178} INFO - Processing /home/airflow/.local/lib/python3.7/site-packages/airflow/example_dags/example_trigger_controller_dag.py took 0.109 seconds
[2024-05-04T16:06:15.777+0000] {processor.py:156} INFO - Started process (PID=3703) to work on /home/airflow/.local/lib/python3.7/site-packages/airflow/example_dags/example_trigger_controller_dag.py
[2024-05-04T16:06:15.778+0000] {processor.py:758} INFO - Processing file /home/airflow/.local/lib/python3.7/site-packages/airflow/example_dags/example_trigger_controller_dag.py for tasks to queue
[2024-05-04T16:06:15.778+0000] {logging_mixin.py:117} INFO - [2024-05-04T16:06:15.778+0000] {dagbag.py:525} INFO - Filling up the DagBag from /home/airflow/.local/lib/python3.7/site-packages/airflow/example_dags/example_trigger_controller_dag.py
[2024-05-04T16:06:15.791+0000] {processor.py:768} INFO - DAG(s) dict_keys(['example_trigger_controller_dag']) retrieved from /home/airflow/.local/lib/python3.7/site-packages/airflow/example_dags/example_trigger_controller_dag.py
[2024-05-04T16:06:15.827+0000] {logging_mixin.py:117} INFO - [2024-05-04T16:06:15.827+0000] {dag.py:2573} INFO - Sync 1 DAGs
[2024-05-04T16:06:15.863+0000] {logging_mixin.py:117} INFO - [2024-05-04T16:06:15.862+0000] {dag.py:3328} INFO - Setting next_dagrun for example_trigger_controller_dag to 2021-01-01T00:00:00+00:00, run_after=2021-01-01T00:00:00+00:00
[2024-05-04T16:06:15.896+0000] {processor.py:178} INFO - Processing /home/airflow/.local/lib/python3.7/site-packages/airflow/example_dags/example_trigger_controller_dag.py took 0.122 seconds
[2024-05-04T16:06:46.802+0000] {processor.py:156} INFO - Started process (PID=3922) to work on /home/airflow/.local/lib/python3.7/site-packages/airflow/example_dags/example_trigger_controller_dag.py
[2024-05-04T16:06:46.802+0000] {processor.py:758} INFO - Processing file /home/airflow/.local/lib/python3.7/site-packages/airflow/example_dags/example_trigger_controller_dag.py for tasks to queue
[2024-05-04T16:06:46.803+0000] {logging_mixin.py:117} INFO - [2024-05-04T16:06:46.803+0000] {dagbag.py:525} INFO - Filling up the DagBag from /home/airflow/.local/lib/python3.7/site-packages/airflow/example_dags/example_trigger_controller_dag.py
[2024-05-04T16:06:46.817+0000] {processor.py:768} INFO - DAG(s) dict_keys(['example_trigger_controller_dag']) retrieved from /home/airflow/.local/lib/python3.7/site-packages/airflow/example_dags/example_trigger_controller_dag.py
[2024-05-04T16:06:46.862+0000] {logging_mixin.py:117} INFO - [2024-05-04T16:06:46.862+0000] {dag.py:2573} INFO - Sync 1 DAGs
[2024-05-04T16:06:46.889+0000] {logging_mixin.py:117} INFO - [2024-05-04T16:06:46.889+0000] {dag.py:3328} INFO - Setting next_dagrun for example_trigger_controller_dag to 2021-01-01T00:00:00+00:00, run_after=2021-01-01T00:00:00+00:00
[2024-05-04T16:06:46.915+0000] {processor.py:178} INFO - Processing /home/airflow/.local/lib/python3.7/site-packages/airflow/example_dags/example_trigger_controller_dag.py took 0.116 seconds
[2024-05-04T16:07:17.481+0000] {processor.py:156} INFO - Started process (PID=4135) to work on /home/airflow/.local/lib/python3.7/site-packages/airflow/example_dags/example_trigger_controller_dag.py
[2024-05-04T16:07:17.482+0000] {processor.py:758} INFO - Processing file /home/airflow/.local/lib/python3.7/site-packages/airflow/example_dags/example_trigger_controller_dag.py for tasks to queue
[2024-05-04T16:07:17.482+0000] {logging_mixin.py:117} INFO - [2024-05-04T16:07:17.482+0000] {dagbag.py:525} INFO - Filling up the DagBag from /home/airflow/.local/lib/python3.7/site-packages/airflow/example_dags/example_trigger_controller_dag.py
[2024-05-04T16:07:17.496+0000] {processor.py:768} INFO - DAG(s) dict_keys(['example_trigger_controller_dag']) retrieved from /home/airflow/.local/lib/python3.7/site-packages/airflow/example_dags/example_trigger_controller_dag.py
[2024-05-04T16:07:17.533+0000] {logging_mixin.py:117} INFO - [2024-05-04T16:07:17.533+0000] {dag.py:2573} INFO - Sync 1 DAGs
[2024-05-04T16:07:17.558+0000] {logging_mixin.py:117} INFO - [2024-05-04T16:07:17.558+0000] {dag.py:3328} INFO - Setting next_dagrun for example_trigger_controller_dag to 2021-01-01T00:00:00+00:00, run_after=2021-01-01T00:00:00+00:00
[2024-05-04T16:07:17.583+0000] {processor.py:178} INFO - Processing /home/airflow/.local/lib/python3.7/site-packages/airflow/example_dags/example_trigger_controller_dag.py took 0.105 seconds
[2024-05-04T16:07:48.086+0000] {processor.py:156} INFO - Started process (PID=4340) to work on /home/airflow/.local/lib/python3.7/site-packages/airflow/example_dags/example_trigger_controller_dag.py
[2024-05-04T16:07:48.087+0000] {processor.py:758} INFO - Processing file /home/airflow/.local/lib/python3.7/site-packages/airflow/example_dags/example_trigger_controller_dag.py for tasks to queue
[2024-05-04T16:07:48.088+0000] {logging_mixin.py:117} INFO - [2024-05-04T16:07:48.087+0000] {dagbag.py:525} INFO - Filling up the DagBag from /home/airflow/.local/lib/python3.7/site-packages/airflow/example_dags/example_trigger_controller_dag.py
[2024-05-04T16:07:48.102+0000] {processor.py:768} INFO - DAG(s) dict_keys(['example_trigger_controller_dag']) retrieved from /home/airflow/.local/lib/python3.7/site-packages/airflow/example_dags/example_trigger_controller_dag.py
[2024-05-04T16:07:48.139+0000] {logging_mixin.py:117} INFO - [2024-05-04T16:07:48.139+0000] {dag.py:2573} INFO - Sync 1 DAGs
[2024-05-04T16:07:48.162+0000] {logging_mixin.py:117} INFO - [2024-05-04T16:07:48.162+0000] {dag.py:3328} INFO - Setting next_dagrun for example_trigger_controller_dag to 2021-01-01T00:00:00+00:00, run_after=2021-01-01T00:00:00+00:00
[2024-05-04T16:07:48.189+0000] {processor.py:178} INFO - Processing /home/airflow/.local/lib/python3.7/site-packages/airflow/example_dags/example_trigger_controller_dag.py took 0.106 seconds
[2024-05-04T16:08:18.509+0000] {processor.py:156} INFO - Started process (PID=4553) to work on /home/airflow/.local/lib/python3.7/site-packages/airflow/example_dags/example_trigger_controller_dag.py
[2024-05-04T16:08:18.509+0000] {processor.py:758} INFO - Processing file /home/airflow/.local/lib/python3.7/site-packages/airflow/example_dags/example_trigger_controller_dag.py for tasks to queue
[2024-05-04T16:08:18.510+0000] {logging_mixin.py:117} INFO - [2024-05-04T16:08:18.510+0000] {dagbag.py:525} INFO - Filling up the DagBag from /home/airflow/.local/lib/python3.7/site-packages/airflow/example_dags/example_trigger_controller_dag.py
[2024-05-04T16:08:18.524+0000] {processor.py:768} INFO - DAG(s) dict_keys(['example_trigger_controller_dag']) retrieved from /home/airflow/.local/lib/python3.7/site-packages/airflow/example_dags/example_trigger_controller_dag.py
[2024-05-04T16:08:18.560+0000] {logging_mixin.py:117} INFO - [2024-05-04T16:08:18.559+0000] {dag.py:2573} INFO - Sync 1 DAGs
[2024-05-04T16:08:18.580+0000] {logging_mixin.py:117} INFO - [2024-05-04T16:08:18.579+0000] {dag.py:3328} INFO - Setting next_dagrun for example_trigger_controller_dag to 2021-01-01T00:00:00+00:00, run_after=2021-01-01T00:00:00+00:00
[2024-05-04T16:08:18.601+0000] {processor.py:178} INFO - Processing /home/airflow/.local/lib/python3.7/site-packages/airflow/example_dags/example_trigger_controller_dag.py took 0.095 seconds
[2024-05-04T16:08:49.292+0000] {processor.py:156} INFO - Started process (PID=4766) to work on /home/airflow/.local/lib/python3.7/site-packages/airflow/example_dags/example_trigger_controller_dag.py
[2024-05-04T16:08:49.293+0000] {processor.py:758} INFO - Processing file /home/airflow/.local/lib/python3.7/site-packages/airflow/example_dags/example_trigger_controller_dag.py for tasks to queue
[2024-05-04T16:08:49.293+0000] {logging_mixin.py:117} INFO - [2024-05-04T16:08:49.293+0000] {dagbag.py:525} INFO - Filling up the DagBag from /home/airflow/.local/lib/python3.7/site-packages/airflow/example_dags/example_trigger_controller_dag.py
[2024-05-04T16:08:49.304+0000] {processor.py:768} INFO - DAG(s) dict_keys(['example_trigger_controller_dag']) retrieved from /home/airflow/.local/lib/python3.7/site-packages/airflow/example_dags/example_trigger_controller_dag.py
[2024-05-04T16:08:49.340+0000] {logging_mixin.py:117} INFO - [2024-05-04T16:08:49.339+0000] {dag.py:2573} INFO - Sync 1 DAGs
[2024-05-04T16:08:49.361+0000] {logging_mixin.py:117} INFO - [2024-05-04T16:08:49.361+0000] {dag.py:3328} INFO - Setting next_dagrun for example_trigger_controller_dag to 2021-01-01T00:00:00+00:00, run_after=2021-01-01T00:00:00+00:00
[2024-05-04T16:08:49.388+0000] {processor.py:178} INFO - Processing /home/airflow/.local/lib/python3.7/site-packages/airflow/example_dags/example_trigger_controller_dag.py took 0.098 seconds
[2024-05-04T16:09:20.051+0000] {processor.py:156} INFO - Started process (PID=4980) to work on /home/airflow/.local/lib/python3.7/site-packages/airflow/example_dags/example_trigger_controller_dag.py
[2024-05-04T16:09:20.052+0000] {processor.py:758} INFO - Processing file /home/airflow/.local/lib/python3.7/site-packages/airflow/example_dags/example_trigger_controller_dag.py for tasks to queue
[2024-05-04T16:09:20.052+0000] {logging_mixin.py:117} INFO - [2024-05-04T16:09:20.052+0000] {dagbag.py:525} INFO - Filling up the DagBag from /home/airflow/.local/lib/python3.7/site-packages/airflow/example_dags/example_trigger_controller_dag.py
[2024-05-04T16:09:20.062+0000] {processor.py:768} INFO - DAG(s) dict_keys(['example_trigger_controller_dag']) retrieved from /home/airflow/.local/lib/python3.7/site-packages/airflow/example_dags/example_trigger_controller_dag.py
[2024-05-04T16:09:20.095+0000] {logging_mixin.py:117} INFO - [2024-05-04T16:09:20.095+0000] {dag.py:2573} INFO - Sync 1 DAGs
[2024-05-04T16:09:20.120+0000] {logging_mixin.py:117} INFO - [2024-05-04T16:09:20.120+0000] {dag.py:3328} INFO - Setting next_dagrun for example_trigger_controller_dag to 2021-01-01T00:00:00+00:00, run_after=2021-01-01T00:00:00+00:00
[2024-05-04T16:09:20.142+0000] {processor.py:178} INFO - Processing /home/airflow/.local/lib/python3.7/site-packages/airflow/example_dags/example_trigger_controller_dag.py took 0.093 seconds
