[2024-05-04T15:58:02.498+0000] {processor.py:156} INFO - Started process (PID=250) to work on /home/airflow/.local/lib/python3.7/site-packages/airflow/example_dags/tutorial_taskflow_api.py
[2024-05-04T15:58:02.499+0000] {processor.py:758} INFO - Processing file /home/airflow/.local/lib/python3.7/site-packages/airflow/example_dags/tutorial_taskflow_api.py for tasks to queue
[2024-05-04T15:58:02.500+0000] {logging_mixin.py:117} INFO - [2024-05-04T15:58:02.499+0000] {dagbag.py:525} INFO - Filling up the DagBag from /home/airflow/.local/lib/python3.7/site-packages/airflow/example_dags/tutorial_taskflow_api.py
[2024-05-04T15:58:02.531+0000] {processor.py:768} INFO - DAG(s) dict_keys(['tutorial_taskflow_api']) retrieved from /home/airflow/.local/lib/python3.7/site-packages/airflow/example_dags/tutorial_taskflow_api.py
[2024-05-04T15:58:02.833+0000] {logging_mixin.py:117} INFO - [2024-05-04T15:58:02.833+0000] {manager.py:507} INFO - Created Permission View: can read on DAG:tutorial_taskflow_api
[2024-05-04T15:58:02.846+0000] {logging_mixin.py:117} INFO - [2024-05-04T15:58:02.846+0000] {manager.py:507} INFO - Created Permission View: can edit on DAG:tutorial_taskflow_api
[2024-05-04T15:58:02.858+0000] {logging_mixin.py:117} INFO - [2024-05-04T15:58:02.858+0000] {manager.py:507} INFO - Created Permission View: can delete on DAG:tutorial_taskflow_api
[2024-05-04T15:58:02.858+0000] {logging_mixin.py:117} INFO - [2024-05-04T15:58:02.858+0000] {dag.py:2573} INFO - Sync 1 DAGs
[2024-05-04T15:58:02.872+0000] {logging_mixin.py:117} INFO - [2024-05-04T15:58:02.872+0000] {dag.py:2594} INFO - Creating ORM DAG for tutorial_taskflow_api
[2024-05-04T15:58:02.885+0000] {logging_mixin.py:117} INFO - [2024-05-04T15:58:02.884+0000] {dag.py:3328} INFO - Setting next_dagrun for tutorial_taskflow_api to None, run_after=None
[2024-05-04T15:58:02.912+0000] {processor.py:178} INFO - Processing /home/airflow/.local/lib/python3.7/site-packages/airflow/example_dags/tutorial_taskflow_api.py took 0.417 seconds
[2024-05-04T15:58:37.711+0000] {processor.py:156} INFO - Started process (PID=497) to work on /home/airflow/.local/lib/python3.7/site-packages/airflow/example_dags/tutorial_taskflow_api.py
[2024-05-04T15:58:37.712+0000] {processor.py:758} INFO - Processing file /home/airflow/.local/lib/python3.7/site-packages/airflow/example_dags/tutorial_taskflow_api.py for tasks to queue
[2024-05-04T15:58:37.713+0000] {logging_mixin.py:117} INFO - [2024-05-04T15:58:37.713+0000] {dagbag.py:525} INFO - Filling up the DagBag from /home/airflow/.local/lib/python3.7/site-packages/airflow/example_dags/tutorial_taskflow_api.py
[2024-05-04T15:58:38.013+0000] {processor.py:768} INFO - DAG(s) dict_keys(['tutorial_taskflow_api']) retrieved from /home/airflow/.local/lib/python3.7/site-packages/airflow/example_dags/tutorial_taskflow_api.py
[2024-05-04T15:58:38.197+0000] {logging_mixin.py:117} INFO - [2024-05-04T15:58:38.197+0000] {dag.py:2573} INFO - Sync 1 DAGs
[2024-05-04T15:58:38.967+0000] {logging_mixin.py:117} INFO - [2024-05-04T15:58:38.967+0000] {dag.py:3328} INFO - Setting next_dagrun for tutorial_taskflow_api to None, run_after=None
[2024-05-04T15:58:39.086+0000] {processor.py:178} INFO - Processing /home/airflow/.local/lib/python3.7/site-packages/airflow/example_dags/tutorial_taskflow_api.py took 1.378 seconds
[2024-05-04T15:59:09.413+0000] {processor.py:156} INFO - Started process (PID=773) to work on /home/airflow/.local/lib/python3.7/site-packages/airflow/example_dags/tutorial_taskflow_api.py
[2024-05-04T15:59:09.414+0000] {processor.py:758} INFO - Processing file /home/airflow/.local/lib/python3.7/site-packages/airflow/example_dags/tutorial_taskflow_api.py for tasks to queue
[2024-05-04T15:59:09.414+0000] {logging_mixin.py:117} INFO - [2024-05-04T15:59:09.414+0000] {dagbag.py:525} INFO - Filling up the DagBag from /home/airflow/.local/lib/python3.7/site-packages/airflow/example_dags/tutorial_taskflow_api.py
[2024-05-04T15:59:09.434+0000] {processor.py:768} INFO - DAG(s) dict_keys(['tutorial_taskflow_api']) retrieved from /home/airflow/.local/lib/python3.7/site-packages/airflow/example_dags/tutorial_taskflow_api.py
[2024-05-04T15:59:09.470+0000] {logging_mixin.py:117} INFO - [2024-05-04T15:59:09.469+0000] {dag.py:2573} INFO - Sync 1 DAGs
[2024-05-04T15:59:09.595+0000] {logging_mixin.py:117} INFO - [2024-05-04T15:59:09.594+0000] {dag.py:3328} INFO - Setting next_dagrun for tutorial_taskflow_api to None, run_after=None
[2024-05-04T15:59:09.614+0000] {processor.py:178} INFO - Processing /home/airflow/.local/lib/python3.7/site-packages/airflow/example_dags/tutorial_taskflow_api.py took 0.203 seconds
[2024-05-04T15:59:39.669+0000] {processor.py:156} INFO - Started process (PID=986) to work on /home/airflow/.local/lib/python3.7/site-packages/airflow/example_dags/tutorial_taskflow_api.py
[2024-05-04T15:59:39.670+0000] {processor.py:758} INFO - Processing file /home/airflow/.local/lib/python3.7/site-packages/airflow/example_dags/tutorial_taskflow_api.py for tasks to queue
[2024-05-04T15:59:39.670+0000] {logging_mixin.py:117} INFO - [2024-05-04T15:59:39.670+0000] {dagbag.py:525} INFO - Filling up the DagBag from /home/airflow/.local/lib/python3.7/site-packages/airflow/example_dags/tutorial_taskflow_api.py
[2024-05-04T15:59:39.691+0000] {processor.py:768} INFO - DAG(s) dict_keys(['tutorial_taskflow_api']) retrieved from /home/airflow/.local/lib/python3.7/site-packages/airflow/example_dags/tutorial_taskflow_api.py
[2024-05-04T15:59:39.829+0000] {logging_mixin.py:117} INFO - [2024-05-04T15:59:39.828+0000] {dag.py:2573} INFO - Sync 1 DAGs
[2024-05-04T15:59:39.847+0000] {logging_mixin.py:117} INFO - [2024-05-04T15:59:39.847+0000] {dag.py:3328} INFO - Setting next_dagrun for tutorial_taskflow_api to None, run_after=None
[2024-05-04T15:59:39.866+0000] {processor.py:178} INFO - Processing /home/airflow/.local/lib/python3.7/site-packages/airflow/example_dags/tutorial_taskflow_api.py took 0.199 seconds
[2024-05-04T16:00:10.002+0000] {processor.py:156} INFO - Started process (PID=1190) to work on /home/airflow/.local/lib/python3.7/site-packages/airflow/example_dags/tutorial_taskflow_api.py
[2024-05-04T16:00:10.003+0000] {processor.py:758} INFO - Processing file /home/airflow/.local/lib/python3.7/site-packages/airflow/example_dags/tutorial_taskflow_api.py for tasks to queue
[2024-05-04T16:00:10.003+0000] {logging_mixin.py:117} INFO - [2024-05-04T16:00:10.003+0000] {dagbag.py:525} INFO - Filling up the DagBag from /home/airflow/.local/lib/python3.7/site-packages/airflow/example_dags/tutorial_taskflow_api.py
[2024-05-04T16:00:10.023+0000] {processor.py:768} INFO - DAG(s) dict_keys(['tutorial_taskflow_api']) retrieved from /home/airflow/.local/lib/python3.7/site-packages/airflow/example_dags/tutorial_taskflow_api.py
[2024-05-04T16:00:10.168+0000] {logging_mixin.py:117} INFO - [2024-05-04T16:00:10.168+0000] {dag.py:2573} INFO - Sync 1 DAGs
[2024-05-04T16:00:10.187+0000] {logging_mixin.py:117} INFO - [2024-05-04T16:00:10.187+0000] {dag.py:3328} INFO - Setting next_dagrun for tutorial_taskflow_api to None, run_after=None
[2024-05-04T16:00:10.206+0000] {processor.py:178} INFO - Processing /home/airflow/.local/lib/python3.7/site-packages/airflow/example_dags/tutorial_taskflow_api.py took 0.206 seconds
[2024-05-04T16:00:40.426+0000] {processor.py:156} INFO - Started process (PID=1403) to work on /home/airflow/.local/lib/python3.7/site-packages/airflow/example_dags/tutorial_taskflow_api.py
[2024-05-04T16:00:40.427+0000] {processor.py:758} INFO - Processing file /home/airflow/.local/lib/python3.7/site-packages/airflow/example_dags/tutorial_taskflow_api.py for tasks to queue
[2024-05-04T16:00:40.427+0000] {logging_mixin.py:117} INFO - [2024-05-04T16:00:40.427+0000] {dagbag.py:525} INFO - Filling up the DagBag from /home/airflow/.local/lib/python3.7/site-packages/airflow/example_dags/tutorial_taskflow_api.py
[2024-05-04T16:00:40.561+0000] {processor.py:768} INFO - DAG(s) dict_keys(['tutorial_taskflow_api']) retrieved from /home/airflow/.local/lib/python3.7/site-packages/airflow/example_dags/tutorial_taskflow_api.py
[2024-05-04T16:00:40.588+0000] {logging_mixin.py:117} INFO - [2024-05-04T16:00:40.588+0000] {dag.py:2573} INFO - Sync 1 DAGs
[2024-05-04T16:00:40.607+0000] {logging_mixin.py:117} INFO - [2024-05-04T16:00:40.607+0000] {dag.py:3328} INFO - Setting next_dagrun for tutorial_taskflow_api to None, run_after=None
[2024-05-04T16:00:40.626+0000] {processor.py:178} INFO - Processing /home/airflow/.local/lib/python3.7/site-packages/airflow/example_dags/tutorial_taskflow_api.py took 0.203 seconds
[2024-05-04T16:01:10.716+0000] {processor.py:156} INFO - Started process (PID=1609) to work on /home/airflow/.local/lib/python3.7/site-packages/airflow/example_dags/tutorial_taskflow_api.py
[2024-05-04T16:01:10.716+0000] {processor.py:758} INFO - Processing file /home/airflow/.local/lib/python3.7/site-packages/airflow/example_dags/tutorial_taskflow_api.py for tasks to queue
[2024-05-04T16:01:10.717+0000] {logging_mixin.py:117} INFO - [2024-05-04T16:01:10.717+0000] {dagbag.py:525} INFO - Filling up the DagBag from /home/airflow/.local/lib/python3.7/site-packages/airflow/example_dags/tutorial_taskflow_api.py
[2024-05-04T16:01:10.867+0000] {processor.py:768} INFO - DAG(s) dict_keys(['tutorial_taskflow_api']) retrieved from /home/airflow/.local/lib/python3.7/site-packages/airflow/example_dags/tutorial_taskflow_api.py
[2024-05-04T16:01:10.906+0000] {logging_mixin.py:117} INFO - [2024-05-04T16:01:10.906+0000] {dag.py:2573} INFO - Sync 1 DAGs
[2024-05-04T16:01:10.925+0000] {logging_mixin.py:117} INFO - [2024-05-04T16:01:10.925+0000] {dag.py:3328} INFO - Setting next_dagrun for tutorial_taskflow_api to None, run_after=None
[2024-05-04T16:01:10.945+0000] {processor.py:178} INFO - Processing /home/airflow/.local/lib/python3.7/site-packages/airflow/example_dags/tutorial_taskflow_api.py took 0.231 seconds
[2024-05-04T16:01:41.745+0000] {processor.py:156} INFO - Started process (PID=1822) to work on /home/airflow/.local/lib/python3.7/site-packages/airflow/example_dags/tutorial_taskflow_api.py
[2024-05-04T16:01:41.745+0000] {processor.py:758} INFO - Processing file /home/airflow/.local/lib/python3.7/site-packages/airflow/example_dags/tutorial_taskflow_api.py for tasks to queue
[2024-05-04T16:01:41.746+0000] {logging_mixin.py:117} INFO - [2024-05-04T16:01:41.746+0000] {dagbag.py:525} INFO - Filling up the DagBag from /home/airflow/.local/lib/python3.7/site-packages/airflow/example_dags/tutorial_taskflow_api.py
[2024-05-04T16:01:41.771+0000] {processor.py:768} INFO - DAG(s) dict_keys(['tutorial_taskflow_api']) retrieved from /home/airflow/.local/lib/python3.7/site-packages/airflow/example_dags/tutorial_taskflow_api.py
[2024-05-04T16:01:41.804+0000] {logging_mixin.py:117} INFO - [2024-05-04T16:01:41.804+0000] {dag.py:2573} INFO - Sync 1 DAGs
[2024-05-04T16:01:41.824+0000] {logging_mixin.py:117} INFO - [2024-05-04T16:01:41.824+0000] {dag.py:3328} INFO - Setting next_dagrun for tutorial_taskflow_api to None, run_after=None
[2024-05-04T16:01:41.844+0000] {processor.py:178} INFO - Processing /home/airflow/.local/lib/python3.7/site-packages/airflow/example_dags/tutorial_taskflow_api.py took 0.102 seconds
[2024-05-04T16:02:12.524+0000] {processor.py:156} INFO - Started process (PID=2026) to work on /home/airflow/.local/lib/python3.7/site-packages/airflow/example_dags/tutorial_taskflow_api.py
[2024-05-04T16:02:12.524+0000] {processor.py:758} INFO - Processing file /home/airflow/.local/lib/python3.7/site-packages/airflow/example_dags/tutorial_taskflow_api.py for tasks to queue
[2024-05-04T16:02:12.525+0000] {logging_mixin.py:117} INFO - [2024-05-04T16:02:12.525+0000] {dagbag.py:525} INFO - Filling up the DagBag from /home/airflow/.local/lib/python3.7/site-packages/airflow/example_dags/tutorial_taskflow_api.py
[2024-05-04T16:02:12.544+0000] {processor.py:768} INFO - DAG(s) dict_keys(['tutorial_taskflow_api']) retrieved from /home/airflow/.local/lib/python3.7/site-packages/airflow/example_dags/tutorial_taskflow_api.py
[2024-05-04T16:02:12.576+0000] {logging_mixin.py:117} INFO - [2024-05-04T16:02:12.576+0000] {dag.py:2573} INFO - Sync 1 DAGs
[2024-05-04T16:02:12.595+0000] {logging_mixin.py:117} INFO - [2024-05-04T16:02:12.595+0000] {dag.py:3328} INFO - Setting next_dagrun for tutorial_taskflow_api to None, run_after=None
[2024-05-04T16:02:12.616+0000] {processor.py:178} INFO - Processing /home/airflow/.local/lib/python3.7/site-packages/airflow/example_dags/tutorial_taskflow_api.py took 0.095 seconds
[2024-05-04T16:02:43.224+0000] {processor.py:156} INFO - Started process (PID=2239) to work on /home/airflow/.local/lib/python3.7/site-packages/airflow/example_dags/tutorial_taskflow_api.py
[2024-05-04T16:02:43.224+0000] {processor.py:758} INFO - Processing file /home/airflow/.local/lib/python3.7/site-packages/airflow/example_dags/tutorial_taskflow_api.py for tasks to queue
[2024-05-04T16:02:43.225+0000] {logging_mixin.py:117} INFO - [2024-05-04T16:02:43.225+0000] {dagbag.py:525} INFO - Filling up the DagBag from /home/airflow/.local/lib/python3.7/site-packages/airflow/example_dags/tutorial_taskflow_api.py
[2024-05-04T16:02:43.243+0000] {processor.py:768} INFO - DAG(s) dict_keys(['tutorial_taskflow_api']) retrieved from /home/airflow/.local/lib/python3.7/site-packages/airflow/example_dags/tutorial_taskflow_api.py
[2024-05-04T16:02:43.275+0000] {logging_mixin.py:117} INFO - [2024-05-04T16:02:43.275+0000] {dag.py:2573} INFO - Sync 1 DAGs
[2024-05-04T16:02:43.297+0000] {logging_mixin.py:117} INFO - [2024-05-04T16:02:43.297+0000] {dag.py:3328} INFO - Setting next_dagrun for tutorial_taskflow_api to None, run_after=None
[2024-05-04T16:02:43.318+0000] {processor.py:178} INFO - Processing /home/airflow/.local/lib/python3.7/site-packages/airflow/example_dags/tutorial_taskflow_api.py took 0.097 seconds
[2024-05-04T16:03:14.011+0000] {processor.py:156} INFO - Started process (PID=2453) to work on /home/airflow/.local/lib/python3.7/site-packages/airflow/example_dags/tutorial_taskflow_api.py
[2024-05-04T16:03:14.012+0000] {processor.py:758} INFO - Processing file /home/airflow/.local/lib/python3.7/site-packages/airflow/example_dags/tutorial_taskflow_api.py for tasks to queue
[2024-05-04T16:03:14.012+0000] {logging_mixin.py:117} INFO - [2024-05-04T16:03:14.012+0000] {dagbag.py:525} INFO - Filling up the DagBag from /home/airflow/.local/lib/python3.7/site-packages/airflow/example_dags/tutorial_taskflow_api.py
[2024-05-04T16:03:14.032+0000] {processor.py:768} INFO - DAG(s) dict_keys(['tutorial_taskflow_api']) retrieved from /home/airflow/.local/lib/python3.7/site-packages/airflow/example_dags/tutorial_taskflow_api.py
[2024-05-04T16:03:14.071+0000] {logging_mixin.py:117} INFO - [2024-05-04T16:03:14.071+0000] {dag.py:2573} INFO - Sync 1 DAGs
[2024-05-04T16:03:14.102+0000] {logging_mixin.py:117} INFO - [2024-05-04T16:03:14.101+0000] {dag.py:3328} INFO - Setting next_dagrun for tutorial_taskflow_api to None, run_after=None
[2024-05-04T16:03:14.128+0000] {processor.py:178} INFO - Processing /home/airflow/.local/lib/python3.7/site-packages/airflow/example_dags/tutorial_taskflow_api.py took 0.120 seconds
[2024-05-04T16:03:44.666+0000] {processor.py:156} INFO - Started process (PID=2666) to work on /home/airflow/.local/lib/python3.7/site-packages/airflow/example_dags/tutorial_taskflow_api.py
[2024-05-04T16:03:44.666+0000] {processor.py:758} INFO - Processing file /home/airflow/.local/lib/python3.7/site-packages/airflow/example_dags/tutorial_taskflow_api.py for tasks to queue
[2024-05-04T16:03:44.667+0000] {logging_mixin.py:117} INFO - [2024-05-04T16:03:44.667+0000] {dagbag.py:525} INFO - Filling up the DagBag from /home/airflow/.local/lib/python3.7/site-packages/airflow/example_dags/tutorial_taskflow_api.py
[2024-05-04T16:03:44.693+0000] {processor.py:768} INFO - DAG(s) dict_keys(['tutorial_taskflow_api']) retrieved from /home/airflow/.local/lib/python3.7/site-packages/airflow/example_dags/tutorial_taskflow_api.py
[2024-05-04T16:03:44.730+0000] {logging_mixin.py:117} INFO - [2024-05-04T16:03:44.730+0000] {dag.py:2573} INFO - Sync 1 DAGs
[2024-05-04T16:03:44.751+0000] {logging_mixin.py:117} INFO - [2024-05-04T16:03:44.751+0000] {dag.py:3328} INFO - Setting next_dagrun for tutorial_taskflow_api to None, run_after=None
[2024-05-04T16:03:44.772+0000] {processor.py:178} INFO - Processing /home/airflow/.local/lib/python3.7/site-packages/airflow/example_dags/tutorial_taskflow_api.py took 0.109 seconds
[2024-05-04T16:04:15.209+0000] {processor.py:156} INFO - Started process (PID=2870) to work on /home/airflow/.local/lib/python3.7/site-packages/airflow/example_dags/tutorial_taskflow_api.py
[2024-05-04T16:04:15.210+0000] {processor.py:758} INFO - Processing file /home/airflow/.local/lib/python3.7/site-packages/airflow/example_dags/tutorial_taskflow_api.py for tasks to queue
[2024-05-04T16:04:15.210+0000] {logging_mixin.py:117} INFO - [2024-05-04T16:04:15.210+0000] {dagbag.py:525} INFO - Filling up the DagBag from /home/airflow/.local/lib/python3.7/site-packages/airflow/example_dags/tutorial_taskflow_api.py
[2024-05-04T16:04:15.237+0000] {processor.py:768} INFO - DAG(s) dict_keys(['tutorial_taskflow_api']) retrieved from /home/airflow/.local/lib/python3.7/site-packages/airflow/example_dags/tutorial_taskflow_api.py
[2024-05-04T16:04:15.272+0000] {logging_mixin.py:117} INFO - [2024-05-04T16:04:15.272+0000] {dag.py:2573} INFO - Sync 1 DAGs
[2024-05-04T16:04:15.301+0000] {logging_mixin.py:117} INFO - [2024-05-04T16:04:15.301+0000] {dag.py:3328} INFO - Setting next_dagrun for tutorial_taskflow_api to None, run_after=None
[2024-05-04T16:04:15.330+0000] {processor.py:178} INFO - Processing /home/airflow/.local/lib/python3.7/site-packages/airflow/example_dags/tutorial_taskflow_api.py took 0.124 seconds
[2024-05-04T16:04:45.917+0000] {processor.py:156} INFO - Started process (PID=3083) to work on /home/airflow/.local/lib/python3.7/site-packages/airflow/example_dags/tutorial_taskflow_api.py
[2024-05-04T16:04:45.917+0000] {processor.py:758} INFO - Processing file /home/airflow/.local/lib/python3.7/site-packages/airflow/example_dags/tutorial_taskflow_api.py for tasks to queue
[2024-05-04T16:04:45.918+0000] {logging_mixin.py:117} INFO - [2024-05-04T16:04:45.918+0000] {dagbag.py:525} INFO - Filling up the DagBag from /home/airflow/.local/lib/python3.7/site-packages/airflow/example_dags/tutorial_taskflow_api.py
[2024-05-04T16:04:45.944+0000] {processor.py:768} INFO - DAG(s) dict_keys(['tutorial_taskflow_api']) retrieved from /home/airflow/.local/lib/python3.7/site-packages/airflow/example_dags/tutorial_taskflow_api.py
[2024-05-04T16:04:45.980+0000] {logging_mixin.py:117} INFO - [2024-05-04T16:04:45.980+0000] {dag.py:2573} INFO - Sync 1 DAGs
[2024-05-04T16:04:46.002+0000] {logging_mixin.py:117} INFO - [2024-05-04T16:04:46.002+0000] {dag.py:3328} INFO - Setting next_dagrun for tutorial_taskflow_api to None, run_after=None
[2024-05-04T16:04:46.022+0000] {processor.py:178} INFO - Processing /home/airflow/.local/lib/python3.7/site-packages/airflow/example_dags/tutorial_taskflow_api.py took 0.108 seconds
[2024-05-04T16:05:16.502+0000] {processor.py:156} INFO - Started process (PID=3296) to work on /home/airflow/.local/lib/python3.7/site-packages/airflow/example_dags/tutorial_taskflow_api.py
[2024-05-04T16:05:16.502+0000] {processor.py:758} INFO - Processing file /home/airflow/.local/lib/python3.7/site-packages/airflow/example_dags/tutorial_taskflow_api.py for tasks to queue
[2024-05-04T16:05:16.502+0000] {logging_mixin.py:117} INFO - [2024-05-04T16:05:16.502+0000] {dagbag.py:525} INFO - Filling up the DagBag from /home/airflow/.local/lib/python3.7/site-packages/airflow/example_dags/tutorial_taskflow_api.py
[2024-05-04T16:05:16.520+0000] {processor.py:768} INFO - DAG(s) dict_keys(['tutorial_taskflow_api']) retrieved from /home/airflow/.local/lib/python3.7/site-packages/airflow/example_dags/tutorial_taskflow_api.py
[2024-05-04T16:05:16.558+0000] {logging_mixin.py:117} INFO - [2024-05-04T16:05:16.558+0000] {dag.py:2573} INFO - Sync 1 DAGs
[2024-05-04T16:05:16.586+0000] {logging_mixin.py:117} INFO - [2024-05-04T16:05:16.586+0000] {dag.py:3328} INFO - Setting next_dagrun for tutorial_taskflow_api to None, run_after=None
[2024-05-04T16:05:16.608+0000] {processor.py:178} INFO - Processing /home/airflow/.local/lib/python3.7/site-packages/airflow/example_dags/tutorial_taskflow_api.py took 0.109 seconds
[2024-05-04T16:05:47.177+0000] {processor.py:156} INFO - Started process (PID=3510) to work on /home/airflow/.local/lib/python3.7/site-packages/airflow/example_dags/tutorial_taskflow_api.py
[2024-05-04T16:05:47.178+0000] {processor.py:758} INFO - Processing file /home/airflow/.local/lib/python3.7/site-packages/airflow/example_dags/tutorial_taskflow_api.py for tasks to queue
[2024-05-04T16:05:47.178+0000] {logging_mixin.py:117} INFO - [2024-05-04T16:05:47.178+0000] {dagbag.py:525} INFO - Filling up the DagBag from /home/airflow/.local/lib/python3.7/site-packages/airflow/example_dags/tutorial_taskflow_api.py
[2024-05-04T16:05:47.197+0000] {processor.py:768} INFO - DAG(s) dict_keys(['tutorial_taskflow_api']) retrieved from /home/airflow/.local/lib/python3.7/site-packages/airflow/example_dags/tutorial_taskflow_api.py
[2024-05-04T16:05:47.230+0000] {logging_mixin.py:117} INFO - [2024-05-04T16:05:47.230+0000] {dag.py:2573} INFO - Sync 1 DAGs
[2024-05-04T16:05:47.251+0000] {logging_mixin.py:117} INFO - [2024-05-04T16:05:47.251+0000] {dag.py:3328} INFO - Setting next_dagrun for tutorial_taskflow_api to None, run_after=None
[2024-05-04T16:05:47.271+0000] {processor.py:178} INFO - Processing /home/airflow/.local/lib/python3.7/site-packages/airflow/example_dags/tutorial_taskflow_api.py took 0.096 seconds
[2024-05-04T16:06:17.925+0000] {processor.py:156} INFO - Started process (PID=3713) to work on /home/airflow/.local/lib/python3.7/site-packages/airflow/example_dags/tutorial_taskflow_api.py
[2024-05-04T16:06:17.925+0000] {processor.py:758} INFO - Processing file /home/airflow/.local/lib/python3.7/site-packages/airflow/example_dags/tutorial_taskflow_api.py for tasks to queue
[2024-05-04T16:06:17.926+0000] {logging_mixin.py:117} INFO - [2024-05-04T16:06:17.926+0000] {dagbag.py:525} INFO - Filling up the DagBag from /home/airflow/.local/lib/python3.7/site-packages/airflow/example_dags/tutorial_taskflow_api.py
[2024-05-04T16:06:17.945+0000] {processor.py:768} INFO - DAG(s) dict_keys(['tutorial_taskflow_api']) retrieved from /home/airflow/.local/lib/python3.7/site-packages/airflow/example_dags/tutorial_taskflow_api.py
[2024-05-04T16:06:17.981+0000] {logging_mixin.py:117} INFO - [2024-05-04T16:06:17.981+0000] {dag.py:2573} INFO - Sync 1 DAGs
[2024-05-04T16:06:18.010+0000] {logging_mixin.py:117} INFO - [2024-05-04T16:06:18.010+0000] {dag.py:3328} INFO - Setting next_dagrun for tutorial_taskflow_api to None, run_after=None
[2024-05-04T16:06:18.034+0000] {processor.py:178} INFO - Processing /home/airflow/.local/lib/python3.7/site-packages/airflow/example_dags/tutorial_taskflow_api.py took 0.111 seconds
[2024-05-04T16:06:48.934+0000] {processor.py:156} INFO - Started process (PID=3932) to work on /home/airflow/.local/lib/python3.7/site-packages/airflow/example_dags/tutorial_taskflow_api.py
[2024-05-04T16:06:48.934+0000] {processor.py:758} INFO - Processing file /home/airflow/.local/lib/python3.7/site-packages/airflow/example_dags/tutorial_taskflow_api.py for tasks to queue
[2024-05-04T16:06:48.935+0000] {logging_mixin.py:117} INFO - [2024-05-04T16:06:48.935+0000] {dagbag.py:525} INFO - Filling up the DagBag from /home/airflow/.local/lib/python3.7/site-packages/airflow/example_dags/tutorial_taskflow_api.py
[2024-05-04T16:06:48.953+0000] {processor.py:768} INFO - DAG(s) dict_keys(['tutorial_taskflow_api']) retrieved from /home/airflow/.local/lib/python3.7/site-packages/airflow/example_dags/tutorial_taskflow_api.py
[2024-05-04T16:06:48.985+0000] {logging_mixin.py:117} INFO - [2024-05-04T16:06:48.985+0000] {dag.py:2573} INFO - Sync 1 DAGs
[2024-05-04T16:06:49.007+0000] {logging_mixin.py:117} INFO - [2024-05-04T16:06:49.007+0000] {dag.py:3328} INFO - Setting next_dagrun for tutorial_taskflow_api to None, run_after=None
[2024-05-04T16:06:49.028+0000] {processor.py:178} INFO - Processing /home/airflow/.local/lib/python3.7/site-packages/airflow/example_dags/tutorial_taskflow_api.py took 0.097 seconds
[2024-05-04T16:07:19.623+0000] {processor.py:156} INFO - Started process (PID=4145) to work on /home/airflow/.local/lib/python3.7/site-packages/airflow/example_dags/tutorial_taskflow_api.py
[2024-05-04T16:07:19.623+0000] {processor.py:758} INFO - Processing file /home/airflow/.local/lib/python3.7/site-packages/airflow/example_dags/tutorial_taskflow_api.py for tasks to queue
[2024-05-04T16:07:19.624+0000] {logging_mixin.py:117} INFO - [2024-05-04T16:07:19.623+0000] {dagbag.py:525} INFO - Filling up the DagBag from /home/airflow/.local/lib/python3.7/site-packages/airflow/example_dags/tutorial_taskflow_api.py
[2024-05-04T16:07:19.649+0000] {processor.py:768} INFO - DAG(s) dict_keys(['tutorial_taskflow_api']) retrieved from /home/airflow/.local/lib/python3.7/site-packages/airflow/example_dags/tutorial_taskflow_api.py
[2024-05-04T16:07:19.687+0000] {logging_mixin.py:117} INFO - [2024-05-04T16:07:19.687+0000] {dag.py:2573} INFO - Sync 1 DAGs
[2024-05-04T16:07:19.706+0000] {logging_mixin.py:117} INFO - [2024-05-04T16:07:19.706+0000] {dag.py:3328} INFO - Setting next_dagrun for tutorial_taskflow_api to None, run_after=None
[2024-05-04T16:07:19.729+0000] {processor.py:178} INFO - Processing /home/airflow/.local/lib/python3.7/site-packages/airflow/example_dags/tutorial_taskflow_api.py took 0.109 seconds
[2024-05-04T16:07:50.135+0000] {processor.py:156} INFO - Started process (PID=4359) to work on /home/airflow/.local/lib/python3.7/site-packages/airflow/example_dags/tutorial_taskflow_api.py
[2024-05-04T16:07:50.136+0000] {processor.py:758} INFO - Processing file /home/airflow/.local/lib/python3.7/site-packages/airflow/example_dags/tutorial_taskflow_api.py for tasks to queue
[2024-05-04T16:07:50.136+0000] {logging_mixin.py:117} INFO - [2024-05-04T16:07:50.136+0000] {dagbag.py:525} INFO - Filling up the DagBag from /home/airflow/.local/lib/python3.7/site-packages/airflow/example_dags/tutorial_taskflow_api.py
[2024-05-04T16:07:50.163+0000] {processor.py:768} INFO - DAG(s) dict_keys(['tutorial_taskflow_api']) retrieved from /home/airflow/.local/lib/python3.7/site-packages/airflow/example_dags/tutorial_taskflow_api.py
[2024-05-04T16:07:50.205+0000] {logging_mixin.py:117} INFO - [2024-05-04T16:07:50.205+0000] {dag.py:2573} INFO - Sync 1 DAGs
[2024-05-04T16:07:50.233+0000] {logging_mixin.py:117} INFO - [2024-05-04T16:07:50.233+0000] {dag.py:3328} INFO - Setting next_dagrun for tutorial_taskflow_api to None, run_after=None
[2024-05-04T16:07:50.257+0000] {processor.py:178} INFO - Processing /home/airflow/.local/lib/python3.7/site-packages/airflow/example_dags/tutorial_taskflow_api.py took 0.125 seconds
[2024-05-04T16:08:20.637+0000] {processor.py:156} INFO - Started process (PID=4563) to work on /home/airflow/.local/lib/python3.7/site-packages/airflow/example_dags/tutorial_taskflow_api.py
[2024-05-04T16:08:20.637+0000] {processor.py:758} INFO - Processing file /home/airflow/.local/lib/python3.7/site-packages/airflow/example_dags/tutorial_taskflow_api.py for tasks to queue
[2024-05-04T16:08:20.638+0000] {logging_mixin.py:117} INFO - [2024-05-04T16:08:20.638+0000] {dagbag.py:525} INFO - Filling up the DagBag from /home/airflow/.local/lib/python3.7/site-packages/airflow/example_dags/tutorial_taskflow_api.py
[2024-05-04T16:08:20.664+0000] {processor.py:768} INFO - DAG(s) dict_keys(['tutorial_taskflow_api']) retrieved from /home/airflow/.local/lib/python3.7/site-packages/airflow/example_dags/tutorial_taskflow_api.py
[2024-05-04T16:08:20.700+0000] {logging_mixin.py:117} INFO - [2024-05-04T16:08:20.700+0000] {dag.py:2573} INFO - Sync 1 DAGs
[2024-05-04T16:08:20.725+0000] {logging_mixin.py:117} INFO - [2024-05-04T16:08:20.725+0000] {dag.py:3328} INFO - Setting next_dagrun for tutorial_taskflow_api to None, run_after=None
[2024-05-04T16:08:20.747+0000] {processor.py:178} INFO - Processing /home/airflow/.local/lib/python3.7/site-packages/airflow/example_dags/tutorial_taskflow_api.py took 0.113 seconds
[2024-05-04T16:08:51.427+0000] {processor.py:156} INFO - Started process (PID=4776) to work on /home/airflow/.local/lib/python3.7/site-packages/airflow/example_dags/tutorial_taskflow_api.py
[2024-05-04T16:08:51.428+0000] {processor.py:758} INFO - Processing file /home/airflow/.local/lib/python3.7/site-packages/airflow/example_dags/tutorial_taskflow_api.py for tasks to queue
[2024-05-04T16:08:51.429+0000] {logging_mixin.py:117} INFO - [2024-05-04T16:08:51.429+0000] {dagbag.py:525} INFO - Filling up the DagBag from /home/airflow/.local/lib/python3.7/site-packages/airflow/example_dags/tutorial_taskflow_api.py
[2024-05-04T16:08:51.455+0000] {processor.py:768} INFO - DAG(s) dict_keys(['tutorial_taskflow_api']) retrieved from /home/airflow/.local/lib/python3.7/site-packages/airflow/example_dags/tutorial_taskflow_api.py
[2024-05-04T16:08:51.497+0000] {logging_mixin.py:117} INFO - [2024-05-04T16:08:51.497+0000] {dag.py:2573} INFO - Sync 1 DAGs
[2024-05-04T16:08:51.524+0000] {logging_mixin.py:117} INFO - [2024-05-04T16:08:51.524+0000] {dag.py:3328} INFO - Setting next_dagrun for tutorial_taskflow_api to None, run_after=None
[2024-05-04T16:08:51.548+0000] {processor.py:178} INFO - Processing /home/airflow/.local/lib/python3.7/site-packages/airflow/example_dags/tutorial_taskflow_api.py took 0.124 seconds
[2024-05-04T16:09:22.179+0000] {processor.py:156} INFO - Started process (PID=4990) to work on /home/airflow/.local/lib/python3.7/site-packages/airflow/example_dags/tutorial_taskflow_api.py
[2024-05-04T16:09:22.180+0000] {processor.py:758} INFO - Processing file /home/airflow/.local/lib/python3.7/site-packages/airflow/example_dags/tutorial_taskflow_api.py for tasks to queue
[2024-05-04T16:09:22.180+0000] {logging_mixin.py:117} INFO - [2024-05-04T16:09:22.180+0000] {dagbag.py:525} INFO - Filling up the DagBag from /home/airflow/.local/lib/python3.7/site-packages/airflow/example_dags/tutorial_taskflow_api.py
[2024-05-04T16:09:22.206+0000] {processor.py:768} INFO - DAG(s) dict_keys(['tutorial_taskflow_api']) retrieved from /home/airflow/.local/lib/python3.7/site-packages/airflow/example_dags/tutorial_taskflow_api.py
[2024-05-04T16:09:22.243+0000] {logging_mixin.py:117} INFO - [2024-05-04T16:09:22.243+0000] {dag.py:2573} INFO - Sync 1 DAGs
[2024-05-04T16:09:22.263+0000] {logging_mixin.py:117} INFO - [2024-05-04T16:09:22.263+0000] {dag.py:3328} INFO - Setting next_dagrun for tutorial_taskflow_api to None, run_after=None
[2024-05-04T16:09:22.289+0000] {processor.py:178} INFO - Processing /home/airflow/.local/lib/python3.7/site-packages/airflow/example_dags/tutorial_taskflow_api.py took 0.112 seconds
[2024-05-04T16:09:52.760+0000] {processor.py:156} INFO - Started process (PID=5204) to work on /home/airflow/.local/lib/python3.7/site-packages/airflow/example_dags/tutorial_taskflow_api.py
[2024-05-04T16:09:52.761+0000] {processor.py:758} INFO - Processing file /home/airflow/.local/lib/python3.7/site-packages/airflow/example_dags/tutorial_taskflow_api.py for tasks to queue
[2024-05-04T16:09:52.762+0000] {logging_mixin.py:117} INFO - [2024-05-04T16:09:52.762+0000] {dagbag.py:525} INFO - Filling up the DagBag from /home/airflow/.local/lib/python3.7/site-packages/airflow/example_dags/tutorial_taskflow_api.py
[2024-05-04T16:09:52.786+0000] {processor.py:768} INFO - DAG(s) dict_keys(['tutorial_taskflow_api']) retrieved from /home/airflow/.local/lib/python3.7/site-packages/airflow/example_dags/tutorial_taskflow_api.py
[2024-05-04T16:09:52.818+0000] {logging_mixin.py:117} INFO - [2024-05-04T16:09:52.818+0000] {dag.py:2573} INFO - Sync 1 DAGs
[2024-05-04T16:09:52.841+0000] {logging_mixin.py:117} INFO - [2024-05-04T16:09:52.841+0000] {dag.py:3328} INFO - Setting next_dagrun for tutorial_taskflow_api to None, run_after=None
[2024-05-04T16:09:52.866+0000] {processor.py:178} INFO - Processing /home/airflow/.local/lib/python3.7/site-packages/airflow/example_dags/tutorial_taskflow_api.py took 0.107 seconds
[2024-05-04T16:10:23.549+0000] {processor.py:156} INFO - Started process (PID=5408) to work on /home/airflow/.local/lib/python3.7/site-packages/airflow/example_dags/tutorial_taskflow_api.py
[2024-05-04T16:10:23.549+0000] {processor.py:758} INFO - Processing file /home/airflow/.local/lib/python3.7/site-packages/airflow/example_dags/tutorial_taskflow_api.py for tasks to queue
[2024-05-04T16:10:23.550+0000] {logging_mixin.py:117} INFO - [2024-05-04T16:10:23.550+0000] {dagbag.py:525} INFO - Filling up the DagBag from /home/airflow/.local/lib/python3.7/site-packages/airflow/example_dags/tutorial_taskflow_api.py
[2024-05-04T16:10:23.569+0000] {processor.py:768} INFO - DAG(s) dict_keys(['tutorial_taskflow_api']) retrieved from /home/airflow/.local/lib/python3.7/site-packages/airflow/example_dags/tutorial_taskflow_api.py
[2024-05-04T16:10:23.606+0000] {logging_mixin.py:117} INFO - [2024-05-04T16:10:23.606+0000] {dag.py:2573} INFO - Sync 1 DAGs
[2024-05-04T16:10:23.635+0000] {logging_mixin.py:117} INFO - [2024-05-04T16:10:23.635+0000] {dag.py:3328} INFO - Setting next_dagrun for tutorial_taskflow_api to None, run_after=None
[2024-05-04T16:10:23.660+0000] {processor.py:178} INFO - Processing /home/airflow/.local/lib/python3.7/site-packages/airflow/example_dags/tutorial_taskflow_api.py took 0.114 seconds
[2024-05-04T16:10:54.053+0000] {processor.py:156} INFO - Started process (PID=5624) to work on /home/airflow/.local/lib/python3.7/site-packages/airflow/example_dags/tutorial_taskflow_api.py
[2024-05-04T16:10:54.054+0000] {processor.py:758} INFO - Processing file /home/airflow/.local/lib/python3.7/site-packages/airflow/example_dags/tutorial_taskflow_api.py for tasks to queue
[2024-05-04T16:10:54.054+0000] {logging_mixin.py:117} INFO - [2024-05-04T16:10:54.054+0000] {dagbag.py:525} INFO - Filling up the DagBag from /home/airflow/.local/lib/python3.7/site-packages/airflow/example_dags/tutorial_taskflow_api.py
[2024-05-04T16:10:54.073+0000] {processor.py:768} INFO - DAG(s) dict_keys(['tutorial_taskflow_api']) retrieved from /home/airflow/.local/lib/python3.7/site-packages/airflow/example_dags/tutorial_taskflow_api.py
[2024-05-04T16:10:54.106+0000] {logging_mixin.py:117} INFO - [2024-05-04T16:10:54.106+0000] {dag.py:2573} INFO - Sync 1 DAGs
[2024-05-04T16:10:54.137+0000] {logging_mixin.py:117} INFO - [2024-05-04T16:10:54.137+0000] {dag.py:3328} INFO - Setting next_dagrun for tutorial_taskflow_api to None, run_after=None
[2024-05-04T16:10:54.163+0000] {processor.py:178} INFO - Processing /home/airflow/.local/lib/python3.7/site-packages/airflow/example_dags/tutorial_taskflow_api.py took 0.113 seconds
[2024-05-04T16:11:24.685+0000] {processor.py:156} INFO - Started process (PID=5837) to work on /home/airflow/.local/lib/python3.7/site-packages/airflow/example_dags/tutorial_taskflow_api.py
[2024-05-04T16:11:24.685+0000] {processor.py:758} INFO - Processing file /home/airflow/.local/lib/python3.7/site-packages/airflow/example_dags/tutorial_taskflow_api.py for tasks to queue
[2024-05-04T16:11:24.686+0000] {logging_mixin.py:117} INFO - [2024-05-04T16:11:24.686+0000] {dagbag.py:525} INFO - Filling up the DagBag from /home/airflow/.local/lib/python3.7/site-packages/airflow/example_dags/tutorial_taskflow_api.py
[2024-05-04T16:11:24.712+0000] {processor.py:768} INFO - DAG(s) dict_keys(['tutorial_taskflow_api']) retrieved from /home/airflow/.local/lib/python3.7/site-packages/airflow/example_dags/tutorial_taskflow_api.py
[2024-05-04T16:11:24.747+0000] {logging_mixin.py:117} INFO - [2024-05-04T16:11:24.747+0000] {dag.py:2573} INFO - Sync 1 DAGs
[2024-05-04T16:11:24.768+0000] {logging_mixin.py:117} INFO - [2024-05-04T16:11:24.768+0000] {dag.py:3328} INFO - Setting next_dagrun for tutorial_taskflow_api to None, run_after=None
[2024-05-04T16:11:24.796+0000] {processor.py:178} INFO - Processing /home/airflow/.local/lib/python3.7/site-packages/airflow/example_dags/tutorial_taskflow_api.py took 0.115 seconds
[2024-05-04T16:11:55.411+0000] {processor.py:156} INFO - Started process (PID=6050) to work on /home/airflow/.local/lib/python3.7/site-packages/airflow/example_dags/tutorial_taskflow_api.py
[2024-05-04T16:11:55.411+0000] {processor.py:758} INFO - Processing file /home/airflow/.local/lib/python3.7/site-packages/airflow/example_dags/tutorial_taskflow_api.py for tasks to queue
[2024-05-04T16:11:55.412+0000] {logging_mixin.py:117} INFO - [2024-05-04T16:11:55.412+0000] {dagbag.py:525} INFO - Filling up the DagBag from /home/airflow/.local/lib/python3.7/site-packages/airflow/example_dags/tutorial_taskflow_api.py
[2024-05-04T16:11:55.430+0000] {processor.py:768} INFO - DAG(s) dict_keys(['tutorial_taskflow_api']) retrieved from /home/airflow/.local/lib/python3.7/site-packages/airflow/example_dags/tutorial_taskflow_api.py
[2024-05-04T16:11:55.468+0000] {logging_mixin.py:117} INFO - [2024-05-04T16:11:55.468+0000] {dag.py:2573} INFO - Sync 1 DAGs
[2024-05-04T16:11:55.496+0000] {logging_mixin.py:117} INFO - [2024-05-04T16:11:55.496+0000] {dag.py:3328} INFO - Setting next_dagrun for tutorial_taskflow_api to None, run_after=None
[2024-05-04T16:11:55.517+0000] {processor.py:178} INFO - Processing /home/airflow/.local/lib/python3.7/site-packages/airflow/example_dags/tutorial_taskflow_api.py took 0.108 seconds
[2024-05-04T16:12:25.960+0000] {processor.py:156} INFO - Started process (PID=6254) to work on /home/airflow/.local/lib/python3.7/site-packages/airflow/example_dags/tutorial_taskflow_api.py
[2024-05-04T16:12:25.960+0000] {processor.py:758} INFO - Processing file /home/airflow/.local/lib/python3.7/site-packages/airflow/example_dags/tutorial_taskflow_api.py for tasks to queue
[2024-05-04T16:12:25.961+0000] {logging_mixin.py:117} INFO - [2024-05-04T16:12:25.961+0000] {dagbag.py:525} INFO - Filling up the DagBag from /home/airflow/.local/lib/python3.7/site-packages/airflow/example_dags/tutorial_taskflow_api.py
[2024-05-04T16:12:25.979+0000] {processor.py:768} INFO - DAG(s) dict_keys(['tutorial_taskflow_api']) retrieved from /home/airflow/.local/lib/python3.7/site-packages/airflow/example_dags/tutorial_taskflow_api.py
[2024-05-04T16:12:26.015+0000] {logging_mixin.py:117} INFO - [2024-05-04T16:12:26.015+0000] {dag.py:2573} INFO - Sync 1 DAGs
[2024-05-04T16:12:26.038+0000] {logging_mixin.py:117} INFO - [2024-05-04T16:12:26.038+0000] {dag.py:3328} INFO - Setting next_dagrun for tutorial_taskflow_api to None, run_after=None
[2024-05-04T16:12:26.061+0000] {processor.py:178} INFO - Processing /home/airflow/.local/lib/python3.7/site-packages/airflow/example_dags/tutorial_taskflow_api.py took 0.103 seconds
[2024-05-04T16:12:56.672+0000] {processor.py:156} INFO - Started process (PID=6467) to work on /home/airflow/.local/lib/python3.7/site-packages/airflow/example_dags/tutorial_taskflow_api.py
[2024-05-04T16:12:56.673+0000] {processor.py:758} INFO - Processing file /home/airflow/.local/lib/python3.7/site-packages/airflow/example_dags/tutorial_taskflow_api.py for tasks to queue
[2024-05-04T16:12:56.673+0000] {logging_mixin.py:117} INFO - [2024-05-04T16:12:56.673+0000] {dagbag.py:525} INFO - Filling up the DagBag from /home/airflow/.local/lib/python3.7/site-packages/airflow/example_dags/tutorial_taskflow_api.py
[2024-05-04T16:12:56.693+0000] {processor.py:768} INFO - DAG(s) dict_keys(['tutorial_taskflow_api']) retrieved from /home/airflow/.local/lib/python3.7/site-packages/airflow/example_dags/tutorial_taskflow_api.py
[2024-05-04T16:12:56.725+0000] {logging_mixin.py:117} INFO - [2024-05-04T16:12:56.725+0000] {dag.py:2573} INFO - Sync 1 DAGs
[2024-05-04T16:12:56.745+0000] {logging_mixin.py:117} INFO - [2024-05-04T16:12:56.745+0000] {dag.py:3328} INFO - Setting next_dagrun for tutorial_taskflow_api to None, run_after=None
[2024-05-04T16:12:56.767+0000] {processor.py:178} INFO - Processing /home/airflow/.local/lib/python3.7/site-packages/airflow/example_dags/tutorial_taskflow_api.py took 0.098 seconds
[2024-05-04T16:13:27.299+0000] {processor.py:156} INFO - Started process (PID=6680) to work on /home/airflow/.local/lib/python3.7/site-packages/airflow/example_dags/tutorial_taskflow_api.py
[2024-05-04T16:13:27.299+0000] {processor.py:758} INFO - Processing file /home/airflow/.local/lib/python3.7/site-packages/airflow/example_dags/tutorial_taskflow_api.py for tasks to queue
[2024-05-04T16:13:27.300+0000] {logging_mixin.py:117} INFO - [2024-05-04T16:13:27.300+0000] {dagbag.py:525} INFO - Filling up the DagBag from /home/airflow/.local/lib/python3.7/site-packages/airflow/example_dags/tutorial_taskflow_api.py
[2024-05-04T16:13:27.318+0000] {processor.py:768} INFO - DAG(s) dict_keys(['tutorial_taskflow_api']) retrieved from /home/airflow/.local/lib/python3.7/site-packages/airflow/example_dags/tutorial_taskflow_api.py
[2024-05-04T16:13:27.357+0000] {logging_mixin.py:117} INFO - [2024-05-04T16:13:27.356+0000] {dag.py:2573} INFO - Sync 1 DAGs
[2024-05-04T16:13:27.386+0000] {logging_mixin.py:117} INFO - [2024-05-04T16:13:27.386+0000] {dag.py:3328} INFO - Setting next_dagrun for tutorial_taskflow_api to None, run_after=None
[2024-05-04T16:13:27.410+0000] {processor.py:178} INFO - Processing /home/airflow/.local/lib/python3.7/site-packages/airflow/example_dags/tutorial_taskflow_api.py took 0.114 seconds
[2024-05-04T16:13:58.012+0000] {processor.py:156} INFO - Started process (PID=6896) to work on /home/airflow/.local/lib/python3.7/site-packages/airflow/example_dags/tutorial_taskflow_api.py
[2024-05-04T16:13:58.012+0000] {processor.py:758} INFO - Processing file /home/airflow/.local/lib/python3.7/site-packages/airflow/example_dags/tutorial_taskflow_api.py for tasks to queue
[2024-05-04T16:13:58.012+0000] {logging_mixin.py:117} INFO - [2024-05-04T16:13:58.012+0000] {dagbag.py:525} INFO - Filling up the DagBag from /home/airflow/.local/lib/python3.7/site-packages/airflow/example_dags/tutorial_taskflow_api.py
[2024-05-04T16:13:58.031+0000] {processor.py:768} INFO - DAG(s) dict_keys(['tutorial_taskflow_api']) retrieved from /home/airflow/.local/lib/python3.7/site-packages/airflow/example_dags/tutorial_taskflow_api.py
[2024-05-04T16:13:58.070+0000] {logging_mixin.py:117} INFO - [2024-05-04T16:13:58.069+0000] {dag.py:2573} INFO - Sync 1 DAGs
[2024-05-04T16:13:58.093+0000] {logging_mixin.py:117} INFO - [2024-05-04T16:13:58.093+0000] {dag.py:3328} INFO - Setting next_dagrun for tutorial_taskflow_api to None, run_after=None
[2024-05-04T16:13:58.116+0000] {processor.py:178} INFO - Processing /home/airflow/.local/lib/python3.7/site-packages/airflow/example_dags/tutorial_taskflow_api.py took 0.106 seconds
[2024-05-04T16:14:28.697+0000] {processor.py:156} INFO - Started process (PID=7100) to work on /home/airflow/.local/lib/python3.7/site-packages/airflow/example_dags/tutorial_taskflow_api.py
[2024-05-04T16:14:28.698+0000] {processor.py:758} INFO - Processing file /home/airflow/.local/lib/python3.7/site-packages/airflow/example_dags/tutorial_taskflow_api.py for tasks to queue
[2024-05-04T16:14:28.698+0000] {logging_mixin.py:117} INFO - [2024-05-04T16:14:28.698+0000] {dagbag.py:525} INFO - Filling up the DagBag from /home/airflow/.local/lib/python3.7/site-packages/airflow/example_dags/tutorial_taskflow_api.py
[2024-05-04T16:14:28.718+0000] {processor.py:768} INFO - DAG(s) dict_keys(['tutorial_taskflow_api']) retrieved from /home/airflow/.local/lib/python3.7/site-packages/airflow/example_dags/tutorial_taskflow_api.py
[2024-05-04T16:14:28.750+0000] {logging_mixin.py:117} INFO - [2024-05-04T16:14:28.750+0000] {dag.py:2573} INFO - Sync 1 DAGs
[2024-05-04T16:14:28.770+0000] {logging_mixin.py:117} INFO - [2024-05-04T16:14:28.770+0000] {dag.py:3328} INFO - Setting next_dagrun for tutorial_taskflow_api to None, run_after=None
[2024-05-04T16:14:28.800+0000] {processor.py:178} INFO - Processing /home/airflow/.local/lib/python3.7/site-packages/airflow/example_dags/tutorial_taskflow_api.py took 0.105 seconds
[2024-05-04T16:14:59.360+0000] {processor.py:156} INFO - Started process (PID=7313) to work on /home/airflow/.local/lib/python3.7/site-packages/airflow/example_dags/tutorial_taskflow_api.py
[2024-05-04T16:14:59.360+0000] {processor.py:758} INFO - Processing file /home/airflow/.local/lib/python3.7/site-packages/airflow/example_dags/tutorial_taskflow_api.py for tasks to queue
[2024-05-04T16:14:59.361+0000] {logging_mixin.py:117} INFO - [2024-05-04T16:14:59.361+0000] {dagbag.py:525} INFO - Filling up the DagBag from /home/airflow/.local/lib/python3.7/site-packages/airflow/example_dags/tutorial_taskflow_api.py
[2024-05-04T16:14:59.380+0000] {processor.py:768} INFO - DAG(s) dict_keys(['tutorial_taskflow_api']) retrieved from /home/airflow/.local/lib/python3.7/site-packages/airflow/example_dags/tutorial_taskflow_api.py
[2024-05-04T16:14:59.414+0000] {logging_mixin.py:117} INFO - [2024-05-04T16:14:59.413+0000] {dag.py:2573} INFO - Sync 1 DAGs
[2024-05-04T16:14:59.441+0000] {logging_mixin.py:117} INFO - [2024-05-04T16:14:59.440+0000] {dag.py:3328} INFO - Setting next_dagrun for tutorial_taskflow_api to None, run_after=None
[2024-05-04T16:14:59.465+0000] {processor.py:178} INFO - Processing /home/airflow/.local/lib/python3.7/site-packages/airflow/example_dags/tutorial_taskflow_api.py took 0.108 seconds
[2024-05-04T16:15:30.159+0000] {processor.py:156} INFO - Started process (PID=7529) to work on /home/airflow/.local/lib/python3.7/site-packages/airflow/example_dags/tutorial_taskflow_api.py
[2024-05-04T16:15:30.160+0000] {processor.py:758} INFO - Processing file /home/airflow/.local/lib/python3.7/site-packages/airflow/example_dags/tutorial_taskflow_api.py for tasks to queue
[2024-05-04T16:15:30.160+0000] {logging_mixin.py:117} INFO - [2024-05-04T16:15:30.160+0000] {dagbag.py:525} INFO - Filling up the DagBag from /home/airflow/.local/lib/python3.7/site-packages/airflow/example_dags/tutorial_taskflow_api.py
[2024-05-04T16:15:30.180+0000] {processor.py:768} INFO - DAG(s) dict_keys(['tutorial_taskflow_api']) retrieved from /home/airflow/.local/lib/python3.7/site-packages/airflow/example_dags/tutorial_taskflow_api.py
[2024-05-04T16:15:30.219+0000] {logging_mixin.py:117} INFO - [2024-05-04T16:15:30.219+0000] {dag.py:2573} INFO - Sync 1 DAGs
[2024-05-04T16:15:30.247+0000] {logging_mixin.py:117} INFO - [2024-05-04T16:15:30.247+0000] {dag.py:3328} INFO - Setting next_dagrun for tutorial_taskflow_api to None, run_after=None
[2024-05-04T16:15:30.270+0000] {processor.py:178} INFO - Processing /home/airflow/.local/lib/python3.7/site-packages/airflow/example_dags/tutorial_taskflow_api.py took 0.113 seconds
[2024-05-04T16:16:00.319+0000] {processor.py:156} INFO - Started process (PID=7748) to work on /home/airflow/.local/lib/python3.7/site-packages/airflow/example_dags/tutorial_taskflow_api.py
[2024-05-04T16:16:00.319+0000] {processor.py:758} INFO - Processing file /home/airflow/.local/lib/python3.7/site-packages/airflow/example_dags/tutorial_taskflow_api.py for tasks to queue
[2024-05-04T16:16:00.320+0000] {logging_mixin.py:117} INFO - [2024-05-04T16:16:00.320+0000] {dagbag.py:525} INFO - Filling up the DagBag from /home/airflow/.local/lib/python3.7/site-packages/airflow/example_dags/tutorial_taskflow_api.py
[2024-05-04T16:16:00.345+0000] {processor.py:768} INFO - DAG(s) dict_keys(['tutorial_taskflow_api']) retrieved from /home/airflow/.local/lib/python3.7/site-packages/airflow/example_dags/tutorial_taskflow_api.py
[2024-05-04T16:16:00.388+0000] {logging_mixin.py:117} INFO - [2024-05-04T16:16:00.388+0000] {dag.py:2573} INFO - Sync 1 DAGs
[2024-05-04T16:16:00.408+0000] {logging_mixin.py:117} INFO - [2024-05-04T16:16:00.408+0000] {dag.py:3328} INFO - Setting next_dagrun for tutorial_taskflow_api to None, run_after=None
[2024-05-04T16:16:00.431+0000] {processor.py:178} INFO - Processing /home/airflow/.local/lib/python3.7/site-packages/airflow/example_dags/tutorial_taskflow_api.py took 0.115 seconds
[2024-05-04T16:16:30.465+0000] {processor.py:156} INFO - Started process (PID=7952) to work on /home/airflow/.local/lib/python3.7/site-packages/airflow/example_dags/tutorial_taskflow_api.py
[2024-05-04T16:16:30.466+0000] {processor.py:758} INFO - Processing file /home/airflow/.local/lib/python3.7/site-packages/airflow/example_dags/tutorial_taskflow_api.py for tasks to queue
[2024-05-04T16:16:30.466+0000] {logging_mixin.py:117} INFO - [2024-05-04T16:16:30.466+0000] {dagbag.py:525} INFO - Filling up the DagBag from /home/airflow/.local/lib/python3.7/site-packages/airflow/example_dags/tutorial_taskflow_api.py
[2024-05-04T16:16:30.486+0000] {processor.py:768} INFO - DAG(s) dict_keys(['tutorial_taskflow_api']) retrieved from /home/airflow/.local/lib/python3.7/site-packages/airflow/example_dags/tutorial_taskflow_api.py
[2024-05-04T16:16:30.524+0000] {logging_mixin.py:117} INFO - [2024-05-04T16:16:30.523+0000] {dag.py:2573} INFO - Sync 1 DAGs
[2024-05-04T16:16:30.553+0000] {logging_mixin.py:117} INFO - [2024-05-04T16:16:30.552+0000] {dag.py:3328} INFO - Setting next_dagrun for tutorial_taskflow_api to None, run_after=None
[2024-05-04T16:16:30.577+0000] {processor.py:178} INFO - Processing /home/airflow/.local/lib/python3.7/site-packages/airflow/example_dags/tutorial_taskflow_api.py took 0.114 seconds
[2024-05-04T16:17:00.738+0000] {processor.py:156} INFO - Started process (PID=8168) to work on /home/airflow/.local/lib/python3.7/site-packages/airflow/example_dags/tutorial_taskflow_api.py
[2024-05-04T16:17:00.739+0000] {processor.py:758} INFO - Processing file /home/airflow/.local/lib/python3.7/site-packages/airflow/example_dags/tutorial_taskflow_api.py for tasks to queue
[2024-05-04T16:17:00.740+0000] {logging_mixin.py:117} INFO - [2024-05-04T16:17:00.739+0000] {dagbag.py:525} INFO - Filling up the DagBag from /home/airflow/.local/lib/python3.7/site-packages/airflow/example_dags/tutorial_taskflow_api.py
[2024-05-04T16:17:00.771+0000] {processor.py:768} INFO - DAG(s) dict_keys(['tutorial_taskflow_api']) retrieved from /home/airflow/.local/lib/python3.7/site-packages/airflow/example_dags/tutorial_taskflow_api.py
[2024-05-04T16:17:00.819+0000] {logging_mixin.py:117} INFO - [2024-05-04T16:17:00.818+0000] {dag.py:2573} INFO - Sync 1 DAGs
[2024-05-04T16:17:00.888+0000] {logging_mixin.py:117} INFO - [2024-05-04T16:17:00.888+0000] {dag.py:3328} INFO - Setting next_dagrun for tutorial_taskflow_api to None, run_after=None
[2024-05-04T16:17:00.916+0000] {processor.py:178} INFO - Processing /home/airflow/.local/lib/python3.7/site-packages/airflow/example_dags/tutorial_taskflow_api.py took 0.181 seconds
[2024-05-04T16:17:31.104+0000] {processor.py:156} INFO - Started process (PID=8382) to work on /home/airflow/.local/lib/python3.7/site-packages/airflow/example_dags/tutorial_taskflow_api.py
[2024-05-04T16:17:31.105+0000] {processor.py:758} INFO - Processing file /home/airflow/.local/lib/python3.7/site-packages/airflow/example_dags/tutorial_taskflow_api.py for tasks to queue
[2024-05-04T16:17:31.105+0000] {logging_mixin.py:117} INFO - [2024-05-04T16:17:31.105+0000] {dagbag.py:525} INFO - Filling up the DagBag from /home/airflow/.local/lib/python3.7/site-packages/airflow/example_dags/tutorial_taskflow_api.py
[2024-05-04T16:17:31.124+0000] {processor.py:768} INFO - DAG(s) dict_keys(['tutorial_taskflow_api']) retrieved from /home/airflow/.local/lib/python3.7/site-packages/airflow/example_dags/tutorial_taskflow_api.py
[2024-05-04T16:17:31.158+0000] {logging_mixin.py:117} INFO - [2024-05-04T16:17:31.158+0000] {dag.py:2573} INFO - Sync 1 DAGs
[2024-05-04T16:17:31.184+0000] {logging_mixin.py:117} INFO - [2024-05-04T16:17:31.184+0000] {dag.py:3328} INFO - Setting next_dagrun for tutorial_taskflow_api to None, run_after=None
[2024-05-04T16:17:31.208+0000] {processor.py:178} INFO - Processing /home/airflow/.local/lib/python3.7/site-packages/airflow/example_dags/tutorial_taskflow_api.py took 0.105 seconds
[2024-05-04T16:18:02.097+0000] {processor.py:156} INFO - Started process (PID=8586) to work on /home/airflow/.local/lib/python3.7/site-packages/airflow/example_dags/tutorial_taskflow_api.py
[2024-05-04T16:18:02.098+0000] {processor.py:758} INFO - Processing file /home/airflow/.local/lib/python3.7/site-packages/airflow/example_dags/tutorial_taskflow_api.py for tasks to queue
[2024-05-04T16:18:02.098+0000] {logging_mixin.py:117} INFO - [2024-05-04T16:18:02.098+0000] {dagbag.py:525} INFO - Filling up the DagBag from /home/airflow/.local/lib/python3.7/site-packages/airflow/example_dags/tutorial_taskflow_api.py
[2024-05-04T16:18:02.126+0000] {processor.py:768} INFO - DAG(s) dict_keys(['tutorial_taskflow_api']) retrieved from /home/airflow/.local/lib/python3.7/site-packages/airflow/example_dags/tutorial_taskflow_api.py
[2024-05-04T16:18:02.168+0000] {logging_mixin.py:117} INFO - [2024-05-04T16:18:02.168+0000] {dag.py:2573} INFO - Sync 1 DAGs
[2024-05-04T16:18:02.198+0000] {logging_mixin.py:117} INFO - [2024-05-04T16:18:02.198+0000] {dag.py:3328} INFO - Setting next_dagrun for tutorial_taskflow_api to None, run_after=None
[2024-05-04T16:18:02.228+0000] {processor.py:178} INFO - Processing /home/airflow/.local/lib/python3.7/site-packages/airflow/example_dags/tutorial_taskflow_api.py took 0.134 seconds
[2024-05-04T16:18:32.482+0000] {processor.py:156} INFO - Started process (PID=8800) to work on /home/airflow/.local/lib/python3.7/site-packages/airflow/example_dags/tutorial_taskflow_api.py
[2024-05-04T16:18:32.483+0000] {processor.py:758} INFO - Processing file /home/airflow/.local/lib/python3.7/site-packages/airflow/example_dags/tutorial_taskflow_api.py for tasks to queue
[2024-05-04T16:18:32.483+0000] {logging_mixin.py:117} INFO - [2024-05-04T16:18:32.483+0000] {dagbag.py:525} INFO - Filling up the DagBag from /home/airflow/.local/lib/python3.7/site-packages/airflow/example_dags/tutorial_taskflow_api.py
[2024-05-04T16:18:32.510+0000] {processor.py:768} INFO - DAG(s) dict_keys(['tutorial_taskflow_api']) retrieved from /home/airflow/.local/lib/python3.7/site-packages/airflow/example_dags/tutorial_taskflow_api.py
[2024-05-04T16:18:32.556+0000] {logging_mixin.py:117} INFO - [2024-05-04T16:18:32.556+0000] {dag.py:2573} INFO - Sync 1 DAGs
[2024-05-04T16:18:32.584+0000] {logging_mixin.py:117} INFO - [2024-05-04T16:18:32.584+0000] {dag.py:3328} INFO - Setting next_dagrun for tutorial_taskflow_api to None, run_after=None
[2024-05-04T16:18:32.615+0000] {processor.py:178} INFO - Processing /home/airflow/.local/lib/python3.7/site-packages/airflow/example_dags/tutorial_taskflow_api.py took 0.136 seconds
[2024-05-04T16:19:02.827+0000] {processor.py:156} INFO - Started process (PID=9021) to work on /home/airflow/.local/lib/python3.7/site-packages/airflow/example_dags/tutorial_taskflow_api.py
[2024-05-04T16:19:02.828+0000] {processor.py:758} INFO - Processing file /home/airflow/.local/lib/python3.7/site-packages/airflow/example_dags/tutorial_taskflow_api.py for tasks to queue
[2024-05-04T16:19:02.828+0000] {logging_mixin.py:117} INFO - [2024-05-04T16:19:02.828+0000] {dagbag.py:525} INFO - Filling up the DagBag from /home/airflow/.local/lib/python3.7/site-packages/airflow/example_dags/tutorial_taskflow_api.py
[2024-05-04T16:19:02.848+0000] {processor.py:768} INFO - DAG(s) dict_keys(['tutorial_taskflow_api']) retrieved from /home/airflow/.local/lib/python3.7/site-packages/airflow/example_dags/tutorial_taskflow_api.py
[2024-05-04T16:19:02.886+0000] {logging_mixin.py:117} INFO - [2024-05-04T16:19:02.886+0000] {dag.py:2573} INFO - Sync 1 DAGs
[2024-05-04T16:19:02.920+0000] {logging_mixin.py:117} INFO - [2024-05-04T16:19:02.920+0000] {dag.py:3328} INFO - Setting next_dagrun for tutorial_taskflow_api to None, run_after=None
[2024-05-04T16:19:02.946+0000] {processor.py:178} INFO - Processing /home/airflow/.local/lib/python3.7/site-packages/airflow/example_dags/tutorial_taskflow_api.py took 0.121 seconds
[2024-05-04T16:19:33.115+0000] {processor.py:156} INFO - Started process (PID=9228) to work on /home/airflow/.local/lib/python3.7/site-packages/airflow/example_dags/tutorial_taskflow_api.py
[2024-05-04T16:19:33.116+0000] {processor.py:758} INFO - Processing file /home/airflow/.local/lib/python3.7/site-packages/airflow/example_dags/tutorial_taskflow_api.py for tasks to queue
[2024-05-04T16:19:33.117+0000] {logging_mixin.py:117} INFO - [2024-05-04T16:19:33.116+0000] {dagbag.py:525} INFO - Filling up the DagBag from /home/airflow/.local/lib/python3.7/site-packages/airflow/example_dags/tutorial_taskflow_api.py
[2024-05-04T16:19:33.144+0000] {processor.py:768} INFO - DAG(s) dict_keys(['tutorial_taskflow_api']) retrieved from /home/airflow/.local/lib/python3.7/site-packages/airflow/example_dags/tutorial_taskflow_api.py
[2024-05-04T16:19:33.189+0000] {logging_mixin.py:117} INFO - [2024-05-04T16:19:33.189+0000] {dag.py:2573} INFO - Sync 1 DAGs
[2024-05-04T16:19:33.221+0000] {logging_mixin.py:117} INFO - [2024-05-04T16:19:33.221+0000] {dag.py:3328} INFO - Setting next_dagrun for tutorial_taskflow_api to None, run_after=None
[2024-05-04T16:19:33.244+0000] {processor.py:178} INFO - Processing /home/airflow/.local/lib/python3.7/site-packages/airflow/example_dags/tutorial_taskflow_api.py took 0.132 seconds
[2024-05-04T16:20:03.466+0000] {processor.py:156} INFO - Started process (PID=9432) to work on /home/airflow/.local/lib/python3.7/site-packages/airflow/example_dags/tutorial_taskflow_api.py
[2024-05-04T16:20:03.467+0000] {processor.py:758} INFO - Processing file /home/airflow/.local/lib/python3.7/site-packages/airflow/example_dags/tutorial_taskflow_api.py for tasks to queue
[2024-05-04T16:20:03.467+0000] {logging_mixin.py:117} INFO - [2024-05-04T16:20:03.467+0000] {dagbag.py:525} INFO - Filling up the DagBag from /home/airflow/.local/lib/python3.7/site-packages/airflow/example_dags/tutorial_taskflow_api.py
[2024-05-04T16:20:03.495+0000] {processor.py:768} INFO - DAG(s) dict_keys(['tutorial_taskflow_api']) retrieved from /home/airflow/.local/lib/python3.7/site-packages/airflow/example_dags/tutorial_taskflow_api.py
[2024-05-04T16:20:03.543+0000] {logging_mixin.py:117} INFO - [2024-05-04T16:20:03.543+0000] {dag.py:2573} INFO - Sync 1 DAGs
[2024-05-04T16:20:03.572+0000] {logging_mixin.py:117} INFO - [2024-05-04T16:20:03.572+0000] {dag.py:3328} INFO - Setting next_dagrun for tutorial_taskflow_api to None, run_after=None
[2024-05-04T16:20:03.594+0000] {processor.py:178} INFO - Processing /home/airflow/.local/lib/python3.7/site-packages/airflow/example_dags/tutorial_taskflow_api.py took 0.132 seconds
[2024-05-04T16:20:34.007+0000] {processor.py:156} INFO - Started process (PID=9651) to work on /home/airflow/.local/lib/python3.7/site-packages/airflow/example_dags/tutorial_taskflow_api.py
[2024-05-04T16:20:34.008+0000] {processor.py:758} INFO - Processing file /home/airflow/.local/lib/python3.7/site-packages/airflow/example_dags/tutorial_taskflow_api.py for tasks to queue
[2024-05-04T16:20:34.009+0000] {logging_mixin.py:117} INFO - [2024-05-04T16:20:34.008+0000] {dagbag.py:525} INFO - Filling up the DagBag from /home/airflow/.local/lib/python3.7/site-packages/airflow/example_dags/tutorial_taskflow_api.py
[2024-05-04T16:20:34.038+0000] {processor.py:768} INFO - DAG(s) dict_keys(['tutorial_taskflow_api']) retrieved from /home/airflow/.local/lib/python3.7/site-packages/airflow/example_dags/tutorial_taskflow_api.py
[2024-05-04T16:20:34.120+0000] {logging_mixin.py:117} INFO - [2024-05-04T16:20:34.119+0000] {dag.py:2573} INFO - Sync 1 DAGs
[2024-05-04T16:20:34.172+0000] {logging_mixin.py:117} INFO - [2024-05-04T16:20:34.171+0000] {dag.py:3328} INFO - Setting next_dagrun for tutorial_taskflow_api to None, run_after=None
[2024-05-04T16:20:34.211+0000] {processor.py:178} INFO - Processing /home/airflow/.local/lib/python3.7/site-packages/airflow/example_dags/tutorial_taskflow_api.py took 0.207 seconds
[2024-05-04T16:21:04.283+0000] {processor.py:156} INFO - Started process (PID=9870) to work on /home/airflow/.local/lib/python3.7/site-packages/airflow/example_dags/tutorial_taskflow_api.py
[2024-05-04T16:21:04.284+0000] {processor.py:758} INFO - Processing file /home/airflow/.local/lib/python3.7/site-packages/airflow/example_dags/tutorial_taskflow_api.py for tasks to queue
[2024-05-04T16:21:04.284+0000] {logging_mixin.py:117} INFO - [2024-05-04T16:21:04.284+0000] {dagbag.py:525} INFO - Filling up the DagBag from /home/airflow/.local/lib/python3.7/site-packages/airflow/example_dags/tutorial_taskflow_api.py
[2024-05-04T16:21:04.304+0000] {processor.py:768} INFO - DAG(s) dict_keys(['tutorial_taskflow_api']) retrieved from /home/airflow/.local/lib/python3.7/site-packages/airflow/example_dags/tutorial_taskflow_api.py
[2024-05-04T16:21:04.342+0000] {logging_mixin.py:117} INFO - [2024-05-04T16:21:04.341+0000] {dag.py:2573} INFO - Sync 1 DAGs
[2024-05-04T16:21:04.363+0000] {logging_mixin.py:117} INFO - [2024-05-04T16:21:04.363+0000] {dag.py:3328} INFO - Setting next_dagrun for tutorial_taskflow_api to None, run_after=None
[2024-05-04T16:21:04.384+0000] {processor.py:178} INFO - Processing /home/airflow/.local/lib/python3.7/site-packages/airflow/example_dags/tutorial_taskflow_api.py took 0.103 seconds
[2024-05-04T16:21:34.616+0000] {processor.py:156} INFO - Started process (PID=10072) to work on /home/airflow/.local/lib/python3.7/site-packages/airflow/example_dags/tutorial_taskflow_api.py
[2024-05-04T16:21:34.616+0000] {processor.py:758} INFO - Processing file /home/airflow/.local/lib/python3.7/site-packages/airflow/example_dags/tutorial_taskflow_api.py for tasks to queue
[2024-05-04T16:21:34.617+0000] {logging_mixin.py:117} INFO - [2024-05-04T16:21:34.617+0000] {dagbag.py:525} INFO - Filling up the DagBag from /home/airflow/.local/lib/python3.7/site-packages/airflow/example_dags/tutorial_taskflow_api.py
[2024-05-04T16:21:34.640+0000] {processor.py:768} INFO - DAG(s) dict_keys(['tutorial_taskflow_api']) retrieved from /home/airflow/.local/lib/python3.7/site-packages/airflow/example_dags/tutorial_taskflow_api.py
[2024-05-04T16:21:34.679+0000] {logging_mixin.py:117} INFO - [2024-05-04T16:21:34.679+0000] {dag.py:2573} INFO - Sync 1 DAGs
[2024-05-04T16:21:34.703+0000] {logging_mixin.py:117} INFO - [2024-05-04T16:21:34.703+0000] {dag.py:3328} INFO - Setting next_dagrun for tutorial_taskflow_api to None, run_after=None
[2024-05-04T16:21:34.724+0000] {processor.py:178} INFO - Processing /home/airflow/.local/lib/python3.7/site-packages/airflow/example_dags/tutorial_taskflow_api.py took 0.112 seconds
[2024-05-04T16:22:05.513+0000] {processor.py:156} INFO - Started process (PID=10288) to work on /home/airflow/.local/lib/python3.7/site-packages/airflow/example_dags/tutorial_taskflow_api.py
[2024-05-04T16:22:05.514+0000] {processor.py:758} INFO - Processing file /home/airflow/.local/lib/python3.7/site-packages/airflow/example_dags/tutorial_taskflow_api.py for tasks to queue
[2024-05-04T16:22:05.514+0000] {logging_mixin.py:117} INFO - [2024-05-04T16:22:05.514+0000] {dagbag.py:525} INFO - Filling up the DagBag from /home/airflow/.local/lib/python3.7/site-packages/airflow/example_dags/tutorial_taskflow_api.py
[2024-05-04T16:22:05.543+0000] {processor.py:768} INFO - DAG(s) dict_keys(['tutorial_taskflow_api']) retrieved from /home/airflow/.local/lib/python3.7/site-packages/airflow/example_dags/tutorial_taskflow_api.py
[2024-05-04T16:22:05.579+0000] {logging_mixin.py:117} INFO - [2024-05-04T16:22:05.579+0000] {dag.py:2573} INFO - Sync 1 DAGs
[2024-05-04T16:22:05.600+0000] {logging_mixin.py:117} INFO - [2024-05-04T16:22:05.600+0000] {dag.py:3328} INFO - Setting next_dagrun for tutorial_taskflow_api to None, run_after=None
[2024-05-04T16:22:05.622+0000] {processor.py:178} INFO - Processing /home/airflow/.local/lib/python3.7/site-packages/airflow/example_dags/tutorial_taskflow_api.py took 0.111 seconds
[2024-05-04T16:22:36.417+0000] {processor.py:156} INFO - Started process (PID=10503) to work on /home/airflow/.local/lib/python3.7/site-packages/airflow/example_dags/tutorial_taskflow_api.py
[2024-05-04T16:22:36.418+0000] {processor.py:758} INFO - Processing file /home/airflow/.local/lib/python3.7/site-packages/airflow/example_dags/tutorial_taskflow_api.py for tasks to queue
[2024-05-04T16:22:36.419+0000] {logging_mixin.py:117} INFO - [2024-05-04T16:22:36.418+0000] {dagbag.py:525} INFO - Filling up the DagBag from /home/airflow/.local/lib/python3.7/site-packages/airflow/example_dags/tutorial_taskflow_api.py
[2024-05-04T16:22:36.438+0000] {processor.py:768} INFO - DAG(s) dict_keys(['tutorial_taskflow_api']) retrieved from /home/airflow/.local/lib/python3.7/site-packages/airflow/example_dags/tutorial_taskflow_api.py
[2024-05-04T16:22:36.470+0000] {logging_mixin.py:117} INFO - [2024-05-04T16:22:36.470+0000] {dag.py:2573} INFO - Sync 1 DAGs
[2024-05-04T16:22:36.490+0000] {logging_mixin.py:117} INFO - [2024-05-04T16:22:36.490+0000] {dag.py:3328} INFO - Setting next_dagrun for tutorial_taskflow_api to None, run_after=None
[2024-05-04T16:22:36.508+0000] {processor.py:178} INFO - Processing /home/airflow/.local/lib/python3.7/site-packages/airflow/example_dags/tutorial_taskflow_api.py took 0.093 seconds
[2024-05-04T16:23:07.306+0000] {processor.py:156} INFO - Started process (PID=10716) to work on /home/airflow/.local/lib/python3.7/site-packages/airflow/example_dags/tutorial_taskflow_api.py
[2024-05-04T16:23:07.307+0000] {processor.py:758} INFO - Processing file /home/airflow/.local/lib/python3.7/site-packages/airflow/example_dags/tutorial_taskflow_api.py for tasks to queue
[2024-05-04T16:23:07.307+0000] {logging_mixin.py:117} INFO - [2024-05-04T16:23:07.307+0000] {dagbag.py:525} INFO - Filling up the DagBag from /home/airflow/.local/lib/python3.7/site-packages/airflow/example_dags/tutorial_taskflow_api.py
[2024-05-04T16:23:07.327+0000] {processor.py:768} INFO - DAG(s) dict_keys(['tutorial_taskflow_api']) retrieved from /home/airflow/.local/lib/python3.7/site-packages/airflow/example_dags/tutorial_taskflow_api.py
[2024-05-04T16:23:07.360+0000] {logging_mixin.py:117} INFO - [2024-05-04T16:23:07.360+0000] {dag.py:2573} INFO - Sync 1 DAGs
[2024-05-04T16:23:07.382+0000] {logging_mixin.py:117} INFO - [2024-05-04T16:23:07.382+0000] {dag.py:3328} INFO - Setting next_dagrun for tutorial_taskflow_api to None, run_after=None
[2024-05-04T16:23:07.401+0000] {processor.py:178} INFO - Processing /home/airflow/.local/lib/python3.7/site-packages/airflow/example_dags/tutorial_taskflow_api.py took 0.097 seconds
[2024-05-04T16:23:38.090+0000] {processor.py:156} INFO - Started process (PID=10920) to work on /home/airflow/.local/lib/python3.7/site-packages/airflow/example_dags/tutorial_taskflow_api.py
[2024-05-04T16:23:38.091+0000] {processor.py:758} INFO - Processing file /home/airflow/.local/lib/python3.7/site-packages/airflow/example_dags/tutorial_taskflow_api.py for tasks to queue
[2024-05-04T16:23:38.091+0000] {logging_mixin.py:117} INFO - [2024-05-04T16:23:38.091+0000] {dagbag.py:525} INFO - Filling up the DagBag from /home/airflow/.local/lib/python3.7/site-packages/airflow/example_dags/tutorial_taskflow_api.py
[2024-05-04T16:23:38.110+0000] {processor.py:768} INFO - DAG(s) dict_keys(['tutorial_taskflow_api']) retrieved from /home/airflow/.local/lib/python3.7/site-packages/airflow/example_dags/tutorial_taskflow_api.py
[2024-05-04T16:23:38.142+0000] {logging_mixin.py:117} INFO - [2024-05-04T16:23:38.142+0000] {dag.py:2573} INFO - Sync 1 DAGs
[2024-05-04T16:23:38.161+0000] {logging_mixin.py:117} INFO - [2024-05-04T16:23:38.161+0000] {dag.py:3328} INFO - Setting next_dagrun for tutorial_taskflow_api to None, run_after=None
[2024-05-04T16:23:38.182+0000] {processor.py:178} INFO - Processing /home/airflow/.local/lib/python3.7/site-packages/airflow/example_dags/tutorial_taskflow_api.py took 0.094 seconds
[2024-05-04T16:24:09.091+0000] {processor.py:156} INFO - Started process (PID=11131) to work on /home/airflow/.local/lib/python3.7/site-packages/airflow/example_dags/tutorial_taskflow_api.py
[2024-05-04T16:24:09.091+0000] {processor.py:758} INFO - Processing file /home/airflow/.local/lib/python3.7/site-packages/airflow/example_dags/tutorial_taskflow_api.py for tasks to queue
[2024-05-04T16:24:09.092+0000] {logging_mixin.py:117} INFO - [2024-05-04T16:24:09.092+0000] {dagbag.py:525} INFO - Filling up the DagBag from /home/airflow/.local/lib/python3.7/site-packages/airflow/example_dags/tutorial_taskflow_api.py
[2024-05-04T16:24:09.112+0000] {processor.py:768} INFO - DAG(s) dict_keys(['tutorial_taskflow_api']) retrieved from /home/airflow/.local/lib/python3.7/site-packages/airflow/example_dags/tutorial_taskflow_api.py
[2024-05-04T16:24:09.144+0000] {logging_mixin.py:117} INFO - [2024-05-04T16:24:09.144+0000] {dag.py:2573} INFO - Sync 1 DAGs
[2024-05-04T16:24:09.163+0000] {logging_mixin.py:117} INFO - [2024-05-04T16:24:09.163+0000] {dag.py:3328} INFO - Setting next_dagrun for tutorial_taskflow_api to None, run_after=None
[2024-05-04T16:24:09.182+0000] {processor.py:178} INFO - Processing /home/airflow/.local/lib/python3.7/site-packages/airflow/example_dags/tutorial_taskflow_api.py took 0.095 seconds
[2024-05-04T16:24:39.777+0000] {processor.py:156} INFO - Started process (PID=11345) to work on /home/airflow/.local/lib/python3.7/site-packages/airflow/example_dags/tutorial_taskflow_api.py
[2024-05-04T16:24:39.777+0000] {processor.py:758} INFO - Processing file /home/airflow/.local/lib/python3.7/site-packages/airflow/example_dags/tutorial_taskflow_api.py for tasks to queue
[2024-05-04T16:24:39.778+0000] {logging_mixin.py:117} INFO - [2024-05-04T16:24:39.778+0000] {dagbag.py:525} INFO - Filling up the DagBag from /home/airflow/.local/lib/python3.7/site-packages/airflow/example_dags/tutorial_taskflow_api.py
[2024-05-04T16:24:39.800+0000] {processor.py:768} INFO - DAG(s) dict_keys(['tutorial_taskflow_api']) retrieved from /home/airflow/.local/lib/python3.7/site-packages/airflow/example_dags/tutorial_taskflow_api.py
[2024-05-04T16:24:39.834+0000] {logging_mixin.py:117} INFO - [2024-05-04T16:24:39.834+0000] {dag.py:2573} INFO - Sync 1 DAGs
[2024-05-04T16:24:39.853+0000] {logging_mixin.py:117} INFO - [2024-05-04T16:24:39.853+0000] {dag.py:3328} INFO - Setting next_dagrun for tutorial_taskflow_api to None, run_after=None
[2024-05-04T16:24:39.878+0000] {processor.py:178} INFO - Processing /home/airflow/.local/lib/python3.7/site-packages/airflow/example_dags/tutorial_taskflow_api.py took 0.104 seconds
[2024-05-04T16:25:10.677+0000] {processor.py:156} INFO - Started process (PID=11560) to work on /home/airflow/.local/lib/python3.7/site-packages/airflow/example_dags/tutorial_taskflow_api.py
[2024-05-04T16:25:10.678+0000] {processor.py:758} INFO - Processing file /home/airflow/.local/lib/python3.7/site-packages/airflow/example_dags/tutorial_taskflow_api.py for tasks to queue
[2024-05-04T16:25:10.678+0000] {logging_mixin.py:117} INFO - [2024-05-04T16:25:10.678+0000] {dagbag.py:525} INFO - Filling up the DagBag from /home/airflow/.local/lib/python3.7/site-packages/airflow/example_dags/tutorial_taskflow_api.py
[2024-05-04T16:25:10.699+0000] {processor.py:768} INFO - DAG(s) dict_keys(['tutorial_taskflow_api']) retrieved from /home/airflow/.local/lib/python3.7/site-packages/airflow/example_dags/tutorial_taskflow_api.py
[2024-05-04T16:25:10.741+0000] {logging_mixin.py:117} INFO - [2024-05-04T16:25:10.741+0000] {dag.py:2573} INFO - Sync 1 DAGs
[2024-05-04T16:25:10.768+0000] {logging_mixin.py:117} INFO - [2024-05-04T16:25:10.768+0000] {dag.py:3328} INFO - Setting next_dagrun for tutorial_taskflow_api to None, run_after=None
[2024-05-04T16:25:10.790+0000] {processor.py:178} INFO - Processing /home/airflow/.local/lib/python3.7/site-packages/airflow/example_dags/tutorial_taskflow_api.py took 0.116 seconds
[2024-05-04T16:25:41.689+0000] {processor.py:156} INFO - Started process (PID=11762) to work on /home/airflow/.local/lib/python3.7/site-packages/airflow/example_dags/tutorial_taskflow_api.py
[2024-05-04T16:25:41.690+0000] {processor.py:758} INFO - Processing file /home/airflow/.local/lib/python3.7/site-packages/airflow/example_dags/tutorial_taskflow_api.py for tasks to queue
[2024-05-04T16:25:41.691+0000] {logging_mixin.py:117} INFO - [2024-05-04T16:25:41.690+0000] {dagbag.py:525} INFO - Filling up the DagBag from /home/airflow/.local/lib/python3.7/site-packages/airflow/example_dags/tutorial_taskflow_api.py
[2024-05-04T16:25:41.711+0000] {processor.py:768} INFO - DAG(s) dict_keys(['tutorial_taskflow_api']) retrieved from /home/airflow/.local/lib/python3.7/site-packages/airflow/example_dags/tutorial_taskflow_api.py
[2024-05-04T16:25:41.749+0000] {logging_mixin.py:117} INFO - [2024-05-04T16:25:41.749+0000] {dag.py:2573} INFO - Sync 1 DAGs
[2024-05-04T16:25:41.771+0000] {logging_mixin.py:117} INFO - [2024-05-04T16:25:41.771+0000] {dag.py:3328} INFO - Setting next_dagrun for tutorial_taskflow_api to None, run_after=None
[2024-05-04T16:25:41.794+0000] {processor.py:178} INFO - Processing /home/airflow/.local/lib/python3.7/site-packages/airflow/example_dags/tutorial_taskflow_api.py took 0.108 seconds
[2024-05-04T16:26:11.939+0000] {processor.py:156} INFO - Started process (PID=11982) to work on /home/airflow/.local/lib/python3.7/site-packages/airflow/example_dags/tutorial_taskflow_api.py
[2024-05-04T16:26:11.940+0000] {processor.py:758} INFO - Processing file /home/airflow/.local/lib/python3.7/site-packages/airflow/example_dags/tutorial_taskflow_api.py for tasks to queue
[2024-05-04T16:26:11.940+0000] {logging_mixin.py:117} INFO - [2024-05-04T16:26:11.940+0000] {dagbag.py:525} INFO - Filling up the DagBag from /home/airflow/.local/lib/python3.7/site-packages/airflow/example_dags/tutorial_taskflow_api.py
[2024-05-04T16:26:11.964+0000] {processor.py:768} INFO - DAG(s) dict_keys(['tutorial_taskflow_api']) retrieved from /home/airflow/.local/lib/python3.7/site-packages/airflow/example_dags/tutorial_taskflow_api.py
[2024-05-04T16:26:11.996+0000] {logging_mixin.py:117} INFO - [2024-05-04T16:26:11.996+0000] {dag.py:2573} INFO - Sync 1 DAGs
[2024-05-04T16:26:12.022+0000] {logging_mixin.py:117} INFO - [2024-05-04T16:26:12.022+0000] {dag.py:3328} INFO - Setting next_dagrun for tutorial_taskflow_api to None, run_after=None
[2024-05-04T16:26:12.042+0000] {processor.py:178} INFO - Processing /home/airflow/.local/lib/python3.7/site-packages/airflow/example_dags/tutorial_taskflow_api.py took 0.108 seconds
[2024-05-04T16:26:42.272+0000] {processor.py:156} INFO - Started process (PID=12195) to work on /home/airflow/.local/lib/python3.7/site-packages/airflow/example_dags/tutorial_taskflow_api.py
[2024-05-04T16:26:42.273+0000] {processor.py:758} INFO - Processing file /home/airflow/.local/lib/python3.7/site-packages/airflow/example_dags/tutorial_taskflow_api.py for tasks to queue
[2024-05-04T16:26:42.274+0000] {logging_mixin.py:117} INFO - [2024-05-04T16:26:42.273+0000] {dagbag.py:525} INFO - Filling up the DagBag from /home/airflow/.local/lib/python3.7/site-packages/airflow/example_dags/tutorial_taskflow_api.py
[2024-05-04T16:26:42.293+0000] {processor.py:768} INFO - DAG(s) dict_keys(['tutorial_taskflow_api']) retrieved from /home/airflow/.local/lib/python3.7/site-packages/airflow/example_dags/tutorial_taskflow_api.py
[2024-05-04T16:26:42.338+0000] {logging_mixin.py:117} INFO - [2024-05-04T16:26:42.338+0000] {dag.py:2573} INFO - Sync 1 DAGs
[2024-05-04T16:26:42.369+0000] {logging_mixin.py:117} INFO - [2024-05-04T16:26:42.369+0000] {dag.py:3328} INFO - Setting next_dagrun for tutorial_taskflow_api to None, run_after=None
[2024-05-04T16:26:42.398+0000] {processor.py:178} INFO - Processing /home/airflow/.local/lib/python3.7/site-packages/airflow/example_dags/tutorial_taskflow_api.py took 0.129 seconds
[2024-05-04T16:27:13.496+0000] {processor.py:156} INFO - Started process (PID=12408) to work on /home/airflow/.local/lib/python3.7/site-packages/airflow/example_dags/tutorial_taskflow_api.py
[2024-05-04T16:27:13.497+0000] {processor.py:758} INFO - Processing file /home/airflow/.local/lib/python3.7/site-packages/airflow/example_dags/tutorial_taskflow_api.py for tasks to queue
[2024-05-04T16:27:13.498+0000] {logging_mixin.py:117} INFO - [2024-05-04T16:27:13.497+0000] {dagbag.py:525} INFO - Filling up the DagBag from /home/airflow/.local/lib/python3.7/site-packages/airflow/example_dags/tutorial_taskflow_api.py
[2024-05-04T16:27:13.523+0000] {processor.py:768} INFO - DAG(s) dict_keys(['tutorial_taskflow_api']) retrieved from /home/airflow/.local/lib/python3.7/site-packages/airflow/example_dags/tutorial_taskflow_api.py
[2024-05-04T16:27:13.564+0000] {logging_mixin.py:117} INFO - [2024-05-04T16:27:13.563+0000] {dag.py:2573} INFO - Sync 1 DAGs
[2024-05-04T16:27:13.584+0000] {logging_mixin.py:117} INFO - [2024-05-04T16:27:13.584+0000] {dag.py:3328} INFO - Setting next_dagrun for tutorial_taskflow_api to None, run_after=None
[2024-05-04T16:27:13.604+0000] {processor.py:178} INFO - Processing /home/airflow/.local/lib/python3.7/site-packages/airflow/example_dags/tutorial_taskflow_api.py took 0.111 seconds
[2024-05-04T16:27:44.529+0000] {processor.py:156} INFO - Started process (PID=12620) to work on /home/airflow/.local/lib/python3.7/site-packages/airflow/example_dags/tutorial_taskflow_api.py
[2024-05-04T16:27:44.530+0000] {processor.py:758} INFO - Processing file /home/airflow/.local/lib/python3.7/site-packages/airflow/example_dags/tutorial_taskflow_api.py for tasks to queue
[2024-05-04T16:27:44.531+0000] {logging_mixin.py:117} INFO - [2024-05-04T16:27:44.530+0000] {dagbag.py:525} INFO - Filling up the DagBag from /home/airflow/.local/lib/python3.7/site-packages/airflow/example_dags/tutorial_taskflow_api.py
[2024-05-04T16:27:44.552+0000] {processor.py:768} INFO - DAG(s) dict_keys(['tutorial_taskflow_api']) retrieved from /home/airflow/.local/lib/python3.7/site-packages/airflow/example_dags/tutorial_taskflow_api.py
[2024-05-04T16:27:44.595+0000] {logging_mixin.py:117} INFO - [2024-05-04T16:27:44.595+0000] {dag.py:2573} INFO - Sync 1 DAGs
[2024-05-04T16:27:44.616+0000] {logging_mixin.py:117} INFO - [2024-05-04T16:27:44.616+0000] {dag.py:3328} INFO - Setting next_dagrun for tutorial_taskflow_api to None, run_after=None
[2024-05-04T16:27:44.636+0000] {processor.py:178} INFO - Processing /home/airflow/.local/lib/python3.7/site-packages/airflow/example_dags/tutorial_taskflow_api.py took 0.109 seconds
[2024-05-04T16:28:14.914+0000] {processor.py:156} INFO - Started process (PID=12827) to work on /home/airflow/.local/lib/python3.7/site-packages/airflow/example_dags/tutorial_taskflow_api.py
[2024-05-04T16:28:14.915+0000] {processor.py:758} INFO - Processing file /home/airflow/.local/lib/python3.7/site-packages/airflow/example_dags/tutorial_taskflow_api.py for tasks to queue
[2024-05-04T16:28:14.915+0000] {logging_mixin.py:117} INFO - [2024-05-04T16:28:14.915+0000] {dagbag.py:525} INFO - Filling up the DagBag from /home/airflow/.local/lib/python3.7/site-packages/airflow/example_dags/tutorial_taskflow_api.py
[2024-05-04T16:28:14.936+0000] {processor.py:768} INFO - DAG(s) dict_keys(['tutorial_taskflow_api']) retrieved from /home/airflow/.local/lib/python3.7/site-packages/airflow/example_dags/tutorial_taskflow_api.py
[2024-05-04T16:28:14.975+0000] {logging_mixin.py:117} INFO - [2024-05-04T16:28:14.975+0000] {dag.py:2573} INFO - Sync 1 DAGs
[2024-05-04T16:28:15.006+0000] {logging_mixin.py:117} INFO - [2024-05-04T16:28:15.006+0000] {dag.py:3328} INFO - Setting next_dagrun for tutorial_taskflow_api to None, run_after=None
[2024-05-04T16:28:15.032+0000] {processor.py:178} INFO - Processing /home/airflow/.local/lib/python3.7/site-packages/airflow/example_dags/tutorial_taskflow_api.py took 0.121 seconds
[2024-05-04T16:28:46.176+0000] {processor.py:156} INFO - Started process (PID=13038) to work on /home/airflow/.local/lib/python3.7/site-packages/airflow/example_dags/tutorial_taskflow_api.py
[2024-05-04T16:28:46.177+0000] {processor.py:758} INFO - Processing file /home/airflow/.local/lib/python3.7/site-packages/airflow/example_dags/tutorial_taskflow_api.py for tasks to queue
[2024-05-04T16:28:46.177+0000] {logging_mixin.py:117} INFO - [2024-05-04T16:28:46.177+0000] {dagbag.py:525} INFO - Filling up the DagBag from /home/airflow/.local/lib/python3.7/site-packages/airflow/example_dags/tutorial_taskflow_api.py
[2024-05-04T16:28:46.207+0000] {processor.py:768} INFO - DAG(s) dict_keys(['tutorial_taskflow_api']) retrieved from /home/airflow/.local/lib/python3.7/site-packages/airflow/example_dags/tutorial_taskflow_api.py
[2024-05-04T16:28:46.253+0000] {logging_mixin.py:117} INFO - [2024-05-04T16:28:46.253+0000] {dag.py:2573} INFO - Sync 1 DAGs
[2024-05-04T16:28:46.281+0000] {logging_mixin.py:117} INFO - [2024-05-04T16:28:46.281+0000] {dag.py:3328} INFO - Setting next_dagrun for tutorial_taskflow_api to None, run_after=None
[2024-05-04T16:28:46.308+0000] {processor.py:178} INFO - Processing /home/airflow/.local/lib/python3.7/site-packages/airflow/example_dags/tutorial_taskflow_api.py took 0.135 seconds
[2024-05-04T16:29:17.013+0000] {processor.py:156} INFO - Started process (PID=13254) to work on /home/airflow/.local/lib/python3.7/site-packages/airflow/example_dags/tutorial_taskflow_api.py
[2024-05-04T16:29:17.013+0000] {processor.py:758} INFO - Processing file /home/airflow/.local/lib/python3.7/site-packages/airflow/example_dags/tutorial_taskflow_api.py for tasks to queue
[2024-05-04T16:29:17.014+0000] {logging_mixin.py:117} INFO - [2024-05-04T16:29:17.014+0000] {dagbag.py:525} INFO - Filling up the DagBag from /home/airflow/.local/lib/python3.7/site-packages/airflow/example_dags/tutorial_taskflow_api.py
[2024-05-04T16:29:17.040+0000] {processor.py:768} INFO - DAG(s) dict_keys(['tutorial_taskflow_api']) retrieved from /home/airflow/.local/lib/python3.7/site-packages/airflow/example_dags/tutorial_taskflow_api.py
[2024-05-04T16:29:17.080+0000] {logging_mixin.py:117} INFO - [2024-05-04T16:29:17.080+0000] {dag.py:2573} INFO - Sync 1 DAGs
[2024-05-04T16:29:17.103+0000] {logging_mixin.py:117} INFO - [2024-05-04T16:29:17.103+0000] {dag.py:3328} INFO - Setting next_dagrun for tutorial_taskflow_api to None, run_after=None
[2024-05-04T16:29:17.123+0000] {processor.py:178} INFO - Processing /home/airflow/.local/lib/python3.7/site-packages/airflow/example_dags/tutorial_taskflow_api.py took 0.113 seconds
