[2024-05-04T15:58:05.277+0000] {processor.py:156} INFO - Started process (PID=295) to work on /home/airflow/.local/lib/python3.7/site-packages/airflow/example_dags/tutorial.py
[2024-05-04T15:58:05.278+0000] {processor.py:758} INFO - Processing file /home/airflow/.local/lib/python3.7/site-packages/airflow/example_dags/tutorial.py for tasks to queue
[2024-05-04T15:58:05.279+0000] {logging_mixin.py:117} INFO - [2024-05-04T15:58:05.279+0000] {dagbag.py:525} INFO - Filling up the DagBag from /home/airflow/.local/lib/python3.7/site-packages/airflow/example_dags/tutorial.py
[2024-05-04T15:58:05.316+0000] {processor.py:768} INFO - DAG(s) dict_keys(['tutorial']) retrieved from /home/airflow/.local/lib/python3.7/site-packages/airflow/example_dags/tutorial.py
[2024-05-04T15:58:05.742+0000] {logging_mixin.py:117} INFO - [2024-05-04T15:58:05.742+0000] {manager.py:507} INFO - Created Permission View: can read on DAG:tutorial
[2024-05-04T15:58:05.765+0000] {logging_mixin.py:117} INFO - [2024-05-04T15:58:05.765+0000] {manager.py:507} INFO - Created Permission View: can edit on DAG:tutorial
[2024-05-04T15:58:05.782+0000] {logging_mixin.py:117} INFO - [2024-05-04T15:58:05.782+0000] {manager.py:507} INFO - Created Permission View: can delete on DAG:tutorial
[2024-05-04T15:58:05.782+0000] {logging_mixin.py:117} INFO - [2024-05-04T15:58:05.782+0000] {dag.py:2573} INFO - Sync 1 DAGs
[2024-05-04T15:58:05.802+0000] {logging_mixin.py:117} INFO - [2024-05-04T15:58:05.802+0000] {dag.py:2594} INFO - Creating ORM DAG for tutorial
[2024-05-04T15:58:05.819+0000] {logging_mixin.py:117} INFO - [2024-05-04T15:58:05.819+0000] {dag.py:3328} INFO - Setting next_dagrun for tutorial to 2024-05-03T15:58:05.819510+00:00, run_after=2024-05-04T15:58:05.819510+00:00
[2024-05-04T15:58:05.867+0000] {processor.py:178} INFO - Processing /home/airflow/.local/lib/python3.7/site-packages/airflow/example_dags/tutorial.py took 0.597 seconds
[2024-05-04T15:58:42.868+0000] {processor.py:156} INFO - Started process (PID=556) to work on /home/airflow/.local/lib/python3.7/site-packages/airflow/example_dags/tutorial.py
[2024-05-04T15:58:42.868+0000] {processor.py:758} INFO - Processing file /home/airflow/.local/lib/python3.7/site-packages/airflow/example_dags/tutorial.py for tasks to queue
[2024-05-04T15:58:42.869+0000] {logging_mixin.py:117} INFO - [2024-05-04T15:58:42.869+0000] {dagbag.py:525} INFO - Filling up the DagBag from /home/airflow/.local/lib/python3.7/site-packages/airflow/example_dags/tutorial.py
[2024-05-04T15:58:42.897+0000] {processor.py:768} INFO - DAG(s) dict_keys(['tutorial']) retrieved from /home/airflow/.local/lib/python3.7/site-packages/airflow/example_dags/tutorial.py
[2024-05-04T15:58:42.953+0000] {logging_mixin.py:117} INFO - [2024-05-04T15:58:42.953+0000] {dag.py:2573} INFO - Sync 1 DAGs
[2024-05-04T15:58:42.983+0000] {logging_mixin.py:117} INFO - [2024-05-04T15:58:42.983+0000] {dag.py:3328} INFO - Setting next_dagrun for tutorial to 2024-05-03T15:58:42.982856+00:00, run_after=2024-05-04T15:58:42.982856+00:00
[2024-05-04T15:58:43.164+0000] {processor.py:178} INFO - Processing /home/airflow/.local/lib/python3.7/site-packages/airflow/example_dags/tutorial.py took 0.302 seconds
[2024-05-04T15:59:13.405+0000] {processor.py:156} INFO - Started process (PID=811) to work on /home/airflow/.local/lib/python3.7/site-packages/airflow/example_dags/tutorial.py
[2024-05-04T15:59:13.405+0000] {processor.py:758} INFO - Processing file /home/airflow/.local/lib/python3.7/site-packages/airflow/example_dags/tutorial.py for tasks to queue
[2024-05-04T15:59:13.406+0000] {logging_mixin.py:117} INFO - [2024-05-04T15:59:13.406+0000] {dagbag.py:525} INFO - Filling up the DagBag from /home/airflow/.local/lib/python3.7/site-packages/airflow/example_dags/tutorial.py
[2024-05-04T15:59:13.420+0000] {processor.py:768} INFO - DAG(s) dict_keys(['tutorial']) retrieved from /home/airflow/.local/lib/python3.7/site-packages/airflow/example_dags/tutorial.py
[2024-05-04T15:59:13.454+0000] {logging_mixin.py:117} INFO - [2024-05-04T15:59:13.453+0000] {dag.py:2573} INFO - Sync 1 DAGs
[2024-05-04T15:59:13.594+0000] {logging_mixin.py:117} INFO - [2024-05-04T15:59:13.594+0000] {dag.py:3328} INFO - Setting next_dagrun for tutorial to 2024-05-03T15:59:13.594081+00:00, run_after=2024-05-04T15:59:13.594081+00:00
[2024-05-04T15:59:13.617+0000] {processor.py:178} INFO - Processing /home/airflow/.local/lib/python3.7/site-packages/airflow/example_dags/tutorial.py took 0.216 seconds
[2024-05-04T15:59:43.718+0000] {processor.py:156} INFO - Started process (PID=1024) to work on /home/airflow/.local/lib/python3.7/site-packages/airflow/example_dags/tutorial.py
[2024-05-04T15:59:43.719+0000] {processor.py:758} INFO - Processing file /home/airflow/.local/lib/python3.7/site-packages/airflow/example_dags/tutorial.py for tasks to queue
[2024-05-04T15:59:43.720+0000] {logging_mixin.py:117} INFO - [2024-05-04T15:59:43.720+0000] {dagbag.py:525} INFO - Filling up the DagBag from /home/airflow/.local/lib/python3.7/site-packages/airflow/example_dags/tutorial.py
[2024-05-04T15:59:43.736+0000] {processor.py:768} INFO - DAG(s) dict_keys(['tutorial']) retrieved from /home/airflow/.local/lib/python3.7/site-packages/airflow/example_dags/tutorial.py
[2024-05-04T15:59:43.934+0000] {logging_mixin.py:117} INFO - [2024-05-04T15:59:43.934+0000] {dag.py:2573} INFO - Sync 1 DAGs
[2024-05-04T15:59:43.964+0000] {logging_mixin.py:117} INFO - [2024-05-04T15:59:43.964+0000] {dag.py:3328} INFO - Setting next_dagrun for tutorial to 2024-05-03T15:59:43.964097+00:00, run_after=2024-05-04T15:59:43.964097+00:00
[2024-05-04T15:59:43.992+0000] {processor.py:178} INFO - Processing /home/airflow/.local/lib/python3.7/site-packages/airflow/example_dags/tutorial.py took 0.276 seconds
[2024-05-04T16:00:14.220+0000] {processor.py:156} INFO - Started process (PID=1239) to work on /home/airflow/.local/lib/python3.7/site-packages/airflow/example_dags/tutorial.py
[2024-05-04T16:00:14.220+0000] {processor.py:758} INFO - Processing file /home/airflow/.local/lib/python3.7/site-packages/airflow/example_dags/tutorial.py for tasks to queue
[2024-05-04T16:00:14.221+0000] {logging_mixin.py:117} INFO - [2024-05-04T16:00:14.221+0000] {dagbag.py:525} INFO - Filling up the DagBag from /home/airflow/.local/lib/python3.7/site-packages/airflow/example_dags/tutorial.py
[2024-05-04T16:00:14.233+0000] {processor.py:768} INFO - DAG(s) dict_keys(['tutorial']) retrieved from /home/airflow/.local/lib/python3.7/site-packages/airflow/example_dags/tutorial.py
[2024-05-04T16:00:14.370+0000] {logging_mixin.py:117} INFO - [2024-05-04T16:00:14.370+0000] {dag.py:2573} INFO - Sync 1 DAGs
[2024-05-04T16:00:14.388+0000] {logging_mixin.py:117} INFO - [2024-05-04T16:00:14.388+0000] {dag.py:3328} INFO - Setting next_dagrun for tutorial to 2024-05-03T16:00:14.388250+00:00, run_after=2024-05-04T16:00:14.388250+00:00
[2024-05-04T16:00:14.406+0000] {processor.py:178} INFO - Processing /home/airflow/.local/lib/python3.7/site-packages/airflow/example_dags/tutorial.py took 0.189 seconds
[2024-05-04T16:00:44.604+0000] {processor.py:156} INFO - Started process (PID=1443) to work on /home/airflow/.local/lib/python3.7/site-packages/airflow/example_dags/tutorial.py
[2024-05-04T16:00:44.605+0000] {processor.py:758} INFO - Processing file /home/airflow/.local/lib/python3.7/site-packages/airflow/example_dags/tutorial.py for tasks to queue
[2024-05-04T16:00:44.605+0000] {logging_mixin.py:117} INFO - [2024-05-04T16:00:44.605+0000] {dagbag.py:525} INFO - Filling up the DagBag from /home/airflow/.local/lib/python3.7/site-packages/airflow/example_dags/tutorial.py
[2024-05-04T16:00:44.618+0000] {processor.py:768} INFO - DAG(s) dict_keys(['tutorial']) retrieved from /home/airflow/.local/lib/python3.7/site-packages/airflow/example_dags/tutorial.py
[2024-05-04T16:00:44.771+0000] {logging_mixin.py:117} INFO - [2024-05-04T16:00:44.771+0000] {dag.py:2573} INFO - Sync 1 DAGs
[2024-05-04T16:00:44.800+0000] {logging_mixin.py:117} INFO - [2024-05-04T16:00:44.800+0000] {dag.py:3328} INFO - Setting next_dagrun for tutorial to 2024-05-03T16:00:44.800271+00:00, run_after=2024-05-04T16:00:44.800271+00:00
[2024-05-04T16:00:44.824+0000] {processor.py:178} INFO - Processing /home/airflow/.local/lib/python3.7/site-packages/airflow/example_dags/tutorial.py took 0.221 seconds
[2024-05-04T16:01:15.649+0000] {processor.py:156} INFO - Started process (PID=1656) to work on /home/airflow/.local/lib/python3.7/site-packages/airflow/example_dags/tutorial.py
[2024-05-04T16:01:15.649+0000] {processor.py:758} INFO - Processing file /home/airflow/.local/lib/python3.7/site-packages/airflow/example_dags/tutorial.py for tasks to queue
[2024-05-04T16:01:15.650+0000] {logging_mixin.py:117} INFO - [2024-05-04T16:01:15.650+0000] {dagbag.py:525} INFO - Filling up the DagBag from /home/airflow/.local/lib/python3.7/site-packages/airflow/example_dags/tutorial.py
[2024-05-04T16:01:15.662+0000] {processor.py:768} INFO - DAG(s) dict_keys(['tutorial']) retrieved from /home/airflow/.local/lib/python3.7/site-packages/airflow/example_dags/tutorial.py
[2024-05-04T16:01:15.696+0000] {logging_mixin.py:117} INFO - [2024-05-04T16:01:15.696+0000] {dag.py:2573} INFO - Sync 1 DAGs
[2024-05-04T16:01:15.716+0000] {logging_mixin.py:117} INFO - [2024-05-04T16:01:15.716+0000] {dag.py:3328} INFO - Setting next_dagrun for tutorial to 2024-05-03T16:01:15.716230+00:00, run_after=2024-05-04T16:01:15.716230+00:00
[2024-05-04T16:01:15.736+0000] {processor.py:178} INFO - Processing /home/airflow/.local/lib/python3.7/site-packages/airflow/example_dags/tutorial.py took 0.090 seconds
[2024-05-04T16:01:46.300+0000] {processor.py:156} INFO - Started process (PID=1869) to work on /home/airflow/.local/lib/python3.7/site-packages/airflow/example_dags/tutorial.py
[2024-05-04T16:01:46.301+0000] {processor.py:758} INFO - Processing file /home/airflow/.local/lib/python3.7/site-packages/airflow/example_dags/tutorial.py for tasks to queue
[2024-05-04T16:01:46.302+0000] {logging_mixin.py:117} INFO - [2024-05-04T16:01:46.302+0000] {dagbag.py:525} INFO - Filling up the DagBag from /home/airflow/.local/lib/python3.7/site-packages/airflow/example_dags/tutorial.py
[2024-05-04T16:01:46.319+0000] {processor.py:768} INFO - DAG(s) dict_keys(['tutorial']) retrieved from /home/airflow/.local/lib/python3.7/site-packages/airflow/example_dags/tutorial.py
[2024-05-04T16:01:46.360+0000] {logging_mixin.py:117} INFO - [2024-05-04T16:01:46.360+0000] {dag.py:2573} INFO - Sync 1 DAGs
[2024-05-04T16:01:46.380+0000] {logging_mixin.py:117} INFO - [2024-05-04T16:01:46.380+0000] {dag.py:3328} INFO - Setting next_dagrun for tutorial to 2024-05-03T16:01:46.380627+00:00, run_after=2024-05-04T16:01:46.380627+00:00
[2024-05-04T16:01:46.403+0000] {processor.py:178} INFO - Processing /home/airflow/.local/lib/python3.7/site-packages/airflow/example_dags/tutorial.py took 0.106 seconds
[2024-05-04T16:02:17.164+0000] {processor.py:156} INFO - Started process (PID=2082) to work on /home/airflow/.local/lib/python3.7/site-packages/airflow/example_dags/tutorial.py
[2024-05-04T16:02:17.165+0000] {processor.py:758} INFO - Processing file /home/airflow/.local/lib/python3.7/site-packages/airflow/example_dags/tutorial.py for tasks to queue
[2024-05-04T16:02:17.166+0000] {logging_mixin.py:117} INFO - [2024-05-04T16:02:17.165+0000] {dagbag.py:525} INFO - Filling up the DagBag from /home/airflow/.local/lib/python3.7/site-packages/airflow/example_dags/tutorial.py
[2024-05-04T16:02:17.184+0000] {processor.py:768} INFO - DAG(s) dict_keys(['tutorial']) retrieved from /home/airflow/.local/lib/python3.7/site-packages/airflow/example_dags/tutorial.py
[2024-05-04T16:02:17.224+0000] {logging_mixin.py:117} INFO - [2024-05-04T16:02:17.223+0000] {dag.py:2573} INFO - Sync 1 DAGs
[2024-05-04T16:02:17.245+0000] {logging_mixin.py:117} INFO - [2024-05-04T16:02:17.244+0000] {dag.py:3328} INFO - Setting next_dagrun for tutorial to 2024-05-03T16:02:17.244718+00:00, run_after=2024-05-04T16:02:17.244718+00:00
[2024-05-04T16:02:17.266+0000] {processor.py:178} INFO - Processing /home/airflow/.local/lib/python3.7/site-packages/airflow/example_dags/tutorial.py took 0.105 seconds
[2024-05-04T16:02:47.872+0000] {processor.py:156} INFO - Started process (PID=2295) to work on /home/airflow/.local/lib/python3.7/site-packages/airflow/example_dags/tutorial.py
[2024-05-04T16:02:47.872+0000] {processor.py:758} INFO - Processing file /home/airflow/.local/lib/python3.7/site-packages/airflow/example_dags/tutorial.py for tasks to queue
[2024-05-04T16:02:47.873+0000] {logging_mixin.py:117} INFO - [2024-05-04T16:02:47.873+0000] {dagbag.py:525} INFO - Filling up the DagBag from /home/airflow/.local/lib/python3.7/site-packages/airflow/example_dags/tutorial.py
[2024-05-04T16:02:47.891+0000] {processor.py:768} INFO - DAG(s) dict_keys(['tutorial']) retrieved from /home/airflow/.local/lib/python3.7/site-packages/airflow/example_dags/tutorial.py
[2024-05-04T16:02:47.944+0000] {logging_mixin.py:117} INFO - [2024-05-04T16:02:47.944+0000] {dag.py:2573} INFO - Sync 1 DAGs
[2024-05-04T16:02:47.987+0000] {logging_mixin.py:117} INFO - [2024-05-04T16:02:47.986+0000] {dag.py:3328} INFO - Setting next_dagrun for tutorial to 2024-05-03T16:02:47.986693+00:00, run_after=2024-05-04T16:02:47.986693+00:00
[2024-05-04T16:02:48.015+0000] {processor.py:178} INFO - Processing /home/airflow/.local/lib/python3.7/site-packages/airflow/example_dags/tutorial.py took 0.147 seconds
[2024-05-04T16:03:18.697+0000] {processor.py:156} INFO - Started process (PID=2500) to work on /home/airflow/.local/lib/python3.7/site-packages/airflow/example_dags/tutorial.py
[2024-05-04T16:03:18.698+0000] {processor.py:758} INFO - Processing file /home/airflow/.local/lib/python3.7/site-packages/airflow/example_dags/tutorial.py for tasks to queue
[2024-05-04T16:03:18.698+0000] {logging_mixin.py:117} INFO - [2024-05-04T16:03:18.698+0000] {dagbag.py:525} INFO - Filling up the DagBag from /home/airflow/.local/lib/python3.7/site-packages/airflow/example_dags/tutorial.py
[2024-05-04T16:03:18.714+0000] {processor.py:768} INFO - DAG(s) dict_keys(['tutorial']) retrieved from /home/airflow/.local/lib/python3.7/site-packages/airflow/example_dags/tutorial.py
[2024-05-04T16:03:18.753+0000] {logging_mixin.py:117} INFO - [2024-05-04T16:03:18.752+0000] {dag.py:2573} INFO - Sync 1 DAGs
[2024-05-04T16:03:18.774+0000] {logging_mixin.py:117} INFO - [2024-05-04T16:03:18.773+0000] {dag.py:3328} INFO - Setting next_dagrun for tutorial to 2024-05-03T16:03:18.773748+00:00, run_after=2024-05-04T16:03:18.773748+00:00
[2024-05-04T16:03:18.794+0000] {processor.py:178} INFO - Processing /home/airflow/.local/lib/python3.7/site-packages/airflow/example_dags/tutorial.py took 0.099 seconds
[2024-05-04T16:03:49.338+0000] {processor.py:156} INFO - Started process (PID=2713) to work on /home/airflow/.local/lib/python3.7/site-packages/airflow/example_dags/tutorial.py
[2024-05-04T16:03:49.339+0000] {processor.py:758} INFO - Processing file /home/airflow/.local/lib/python3.7/site-packages/airflow/example_dags/tutorial.py for tasks to queue
[2024-05-04T16:03:49.339+0000] {logging_mixin.py:117} INFO - [2024-05-04T16:03:49.339+0000] {dagbag.py:525} INFO - Filling up the DagBag from /home/airflow/.local/lib/python3.7/site-packages/airflow/example_dags/tutorial.py
[2024-05-04T16:03:49.352+0000] {processor.py:768} INFO - DAG(s) dict_keys(['tutorial']) retrieved from /home/airflow/.local/lib/python3.7/site-packages/airflow/example_dags/tutorial.py
[2024-05-04T16:03:49.387+0000] {logging_mixin.py:117} INFO - [2024-05-04T16:03:49.387+0000] {dag.py:2573} INFO - Sync 1 DAGs
[2024-05-04T16:03:49.414+0000] {logging_mixin.py:117} INFO - [2024-05-04T16:03:49.414+0000] {dag.py:3328} INFO - Setting next_dagrun for tutorial to 2024-05-03T16:03:49.414222+00:00, run_after=2024-05-04T16:03:49.414222+00:00
[2024-05-04T16:03:49.441+0000] {processor.py:178} INFO - Processing /home/airflow/.local/lib/python3.7/site-packages/airflow/example_dags/tutorial.py took 0.106 seconds
[2024-05-04T16:04:19.896+0000] {processor.py:156} INFO - Started process (PID=2926) to work on /home/airflow/.local/lib/python3.7/site-packages/airflow/example_dags/tutorial.py
[2024-05-04T16:04:19.897+0000] {processor.py:758} INFO - Processing file /home/airflow/.local/lib/python3.7/site-packages/airflow/example_dags/tutorial.py for tasks to queue
[2024-05-04T16:04:19.897+0000] {logging_mixin.py:117} INFO - [2024-05-04T16:04:19.897+0000] {dagbag.py:525} INFO - Filling up the DagBag from /home/airflow/.local/lib/python3.7/site-packages/airflow/example_dags/tutorial.py
[2024-05-04T16:04:19.910+0000] {processor.py:768} INFO - DAG(s) dict_keys(['tutorial']) retrieved from /home/airflow/.local/lib/python3.7/site-packages/airflow/example_dags/tutorial.py
[2024-05-04T16:04:19.944+0000] {logging_mixin.py:117} INFO - [2024-05-04T16:04:19.944+0000] {dag.py:2573} INFO - Sync 1 DAGs
[2024-05-04T16:04:19.965+0000] {logging_mixin.py:117} INFO - [2024-05-04T16:04:19.965+0000] {dag.py:3328} INFO - Setting next_dagrun for tutorial to 2024-05-03T16:04:19.965047+00:00, run_after=2024-05-04T16:04:19.965047+00:00
[2024-05-04T16:04:19.985+0000] {processor.py:178} INFO - Processing /home/airflow/.local/lib/python3.7/site-packages/airflow/example_dags/tutorial.py took 0.092 seconds
[2024-05-04T16:04:50.433+0000] {processor.py:156} INFO - Started process (PID=3139) to work on /home/airflow/.local/lib/python3.7/site-packages/airflow/example_dags/tutorial.py
[2024-05-04T16:04:50.433+0000] {processor.py:758} INFO - Processing file /home/airflow/.local/lib/python3.7/site-packages/airflow/example_dags/tutorial.py for tasks to queue
[2024-05-04T16:04:50.434+0000] {logging_mixin.py:117} INFO - [2024-05-04T16:04:50.434+0000] {dagbag.py:525} INFO - Filling up the DagBag from /home/airflow/.local/lib/python3.7/site-packages/airflow/example_dags/tutorial.py
[2024-05-04T16:04:50.448+0000] {processor.py:768} INFO - DAG(s) dict_keys(['tutorial']) retrieved from /home/airflow/.local/lib/python3.7/site-packages/airflow/example_dags/tutorial.py
[2024-05-04T16:04:50.496+0000] {logging_mixin.py:117} INFO - [2024-05-04T16:04:50.496+0000] {dag.py:2573} INFO - Sync 1 DAGs
[2024-05-04T16:04:50.531+0000] {logging_mixin.py:117} INFO - [2024-05-04T16:04:50.531+0000] {dag.py:3328} INFO - Setting next_dagrun for tutorial to 2024-05-03T16:04:50.531108+00:00, run_after=2024-05-04T16:04:50.531108+00:00
[2024-05-04T16:04:50.569+0000] {processor.py:178} INFO - Processing /home/airflow/.local/lib/python3.7/site-packages/airflow/example_dags/tutorial.py took 0.139 seconds
[2024-05-04T16:05:21.163+0000] {processor.py:156} INFO - Started process (PID=3343) to work on /home/airflow/.local/lib/python3.7/site-packages/airflow/example_dags/tutorial.py
[2024-05-04T16:05:21.164+0000] {processor.py:758} INFO - Processing file /home/airflow/.local/lib/python3.7/site-packages/airflow/example_dags/tutorial.py for tasks to queue
[2024-05-04T16:05:21.165+0000] {logging_mixin.py:117} INFO - [2024-05-04T16:05:21.164+0000] {dagbag.py:525} INFO - Filling up the DagBag from /home/airflow/.local/lib/python3.7/site-packages/airflow/example_dags/tutorial.py
[2024-05-04T16:05:21.178+0000] {processor.py:768} INFO - DAG(s) dict_keys(['tutorial']) retrieved from /home/airflow/.local/lib/python3.7/site-packages/airflow/example_dags/tutorial.py
[2024-05-04T16:05:21.214+0000] {logging_mixin.py:117} INFO - [2024-05-04T16:05:21.213+0000] {dag.py:2573} INFO - Sync 1 DAGs
[2024-05-04T16:05:21.237+0000] {logging_mixin.py:117} INFO - [2024-05-04T16:05:21.237+0000] {dag.py:3328} INFO - Setting next_dagrun for tutorial to 2024-05-03T16:05:21.236863+00:00, run_after=2024-05-04T16:05:21.236863+00:00
[2024-05-04T16:05:21.259+0000] {processor.py:178} INFO - Processing /home/airflow/.local/lib/python3.7/site-packages/airflow/example_dags/tutorial.py took 0.099 seconds
[2024-05-04T16:05:51.860+0000] {processor.py:156} INFO - Started process (PID=3557) to work on /home/airflow/.local/lib/python3.7/site-packages/airflow/example_dags/tutorial.py
[2024-05-04T16:05:51.860+0000] {processor.py:758} INFO - Processing file /home/airflow/.local/lib/python3.7/site-packages/airflow/example_dags/tutorial.py for tasks to queue
[2024-05-04T16:05:51.861+0000] {logging_mixin.py:117} INFO - [2024-05-04T16:05:51.861+0000] {dagbag.py:525} INFO - Filling up the DagBag from /home/airflow/.local/lib/python3.7/site-packages/airflow/example_dags/tutorial.py
[2024-05-04T16:05:51.877+0000] {processor.py:768} INFO - DAG(s) dict_keys(['tutorial']) retrieved from /home/airflow/.local/lib/python3.7/site-packages/airflow/example_dags/tutorial.py
[2024-05-04T16:05:51.917+0000] {logging_mixin.py:117} INFO - [2024-05-04T16:05:51.917+0000] {dag.py:2573} INFO - Sync 1 DAGs
[2024-05-04T16:05:51.938+0000] {logging_mixin.py:117} INFO - [2024-05-04T16:05:51.938+0000] {dag.py:3328} INFO - Setting next_dagrun for tutorial to 2024-05-03T16:05:51.938177+00:00, run_after=2024-05-04T16:05:51.938177+00:00
[2024-05-04T16:05:51.958+0000] {processor.py:178} INFO - Processing /home/airflow/.local/lib/python3.7/site-packages/airflow/example_dags/tutorial.py took 0.102 seconds
[2024-05-04T16:06:22.641+0000] {processor.py:156} INFO - Started process (PID=3775) to work on /home/airflow/.local/lib/python3.7/site-packages/airflow/example_dags/tutorial.py
[2024-05-04T16:06:22.642+0000] {processor.py:758} INFO - Processing file /home/airflow/.local/lib/python3.7/site-packages/airflow/example_dags/tutorial.py for tasks to queue
[2024-05-04T16:06:22.643+0000] {logging_mixin.py:117} INFO - [2024-05-04T16:06:22.643+0000] {dagbag.py:525} INFO - Filling up the DagBag from /home/airflow/.local/lib/python3.7/site-packages/airflow/example_dags/tutorial.py
[2024-05-04T16:06:22.660+0000] {processor.py:768} INFO - DAG(s) dict_keys(['tutorial']) retrieved from /home/airflow/.local/lib/python3.7/site-packages/airflow/example_dags/tutorial.py
[2024-05-04T16:06:22.704+0000] {logging_mixin.py:117} INFO - [2024-05-04T16:06:22.704+0000] {dag.py:2573} INFO - Sync 1 DAGs
[2024-05-04T16:06:22.724+0000] {logging_mixin.py:117} INFO - [2024-05-04T16:06:22.724+0000] {dag.py:3328} INFO - Setting next_dagrun for tutorial to 2024-05-03T16:06:22.723863+00:00, run_after=2024-05-04T16:06:22.723863+00:00
[2024-05-04T16:06:22.748+0000] {processor.py:178} INFO - Processing /home/airflow/.local/lib/python3.7/site-packages/airflow/example_dags/tutorial.py took 0.109 seconds
[2024-05-04T16:06:53.580+0000] {processor.py:156} INFO - Started process (PID=3988) to work on /home/airflow/.local/lib/python3.7/site-packages/airflow/example_dags/tutorial.py
[2024-05-04T16:06:53.581+0000] {processor.py:758} INFO - Processing file /home/airflow/.local/lib/python3.7/site-packages/airflow/example_dags/tutorial.py for tasks to queue
[2024-05-04T16:06:53.581+0000] {logging_mixin.py:117} INFO - [2024-05-04T16:06:53.581+0000] {dagbag.py:525} INFO - Filling up the DagBag from /home/airflow/.local/lib/python3.7/site-packages/airflow/example_dags/tutorial.py
[2024-05-04T16:06:53.597+0000] {processor.py:768} INFO - DAG(s) dict_keys(['tutorial']) retrieved from /home/airflow/.local/lib/python3.7/site-packages/airflow/example_dags/tutorial.py
[2024-05-04T16:06:53.647+0000] {logging_mixin.py:117} INFO - [2024-05-04T16:06:53.647+0000] {dag.py:2573} INFO - Sync 1 DAGs
[2024-05-04T16:06:53.680+0000] {logging_mixin.py:117} INFO - [2024-05-04T16:06:53.680+0000] {dag.py:3328} INFO - Setting next_dagrun for tutorial to 2024-05-03T16:06:53.680143+00:00, run_after=2024-05-04T16:06:53.680143+00:00
[2024-05-04T16:06:53.705+0000] {processor.py:178} INFO - Processing /home/airflow/.local/lib/python3.7/site-packages/airflow/example_dags/tutorial.py took 0.128 seconds
[2024-05-04T16:07:24.288+0000] {processor.py:156} INFO - Started process (PID=4192) to work on /home/airflow/.local/lib/python3.7/site-packages/airflow/example_dags/tutorial.py
[2024-05-04T16:07:24.289+0000] {processor.py:758} INFO - Processing file /home/airflow/.local/lib/python3.7/site-packages/airflow/example_dags/tutorial.py for tasks to queue
[2024-05-04T16:07:24.289+0000] {logging_mixin.py:117} INFO - [2024-05-04T16:07:24.289+0000] {dagbag.py:525} INFO - Filling up the DagBag from /home/airflow/.local/lib/python3.7/site-packages/airflow/example_dags/tutorial.py
[2024-05-04T16:07:24.301+0000] {processor.py:768} INFO - DAG(s) dict_keys(['tutorial']) retrieved from /home/airflow/.local/lib/python3.7/site-packages/airflow/example_dags/tutorial.py
[2024-05-04T16:07:24.338+0000] {logging_mixin.py:117} INFO - [2024-05-04T16:07:24.338+0000] {dag.py:2573} INFO - Sync 1 DAGs
[2024-05-04T16:07:24.360+0000] {logging_mixin.py:117} INFO - [2024-05-04T16:07:24.360+0000] {dag.py:3328} INFO - Setting next_dagrun for tutorial to 2024-05-03T16:07:24.360275+00:00, run_after=2024-05-04T16:07:24.360275+00:00
[2024-05-04T16:07:24.381+0000] {processor.py:178} INFO - Processing /home/airflow/.local/lib/python3.7/site-packages/airflow/example_dags/tutorial.py took 0.096 seconds
[2024-05-04T16:07:54.819+0000] {processor.py:156} INFO - Started process (PID=4406) to work on /home/airflow/.local/lib/python3.7/site-packages/airflow/example_dags/tutorial.py
[2024-05-04T16:07:54.819+0000] {processor.py:758} INFO - Processing file /home/airflow/.local/lib/python3.7/site-packages/airflow/example_dags/tutorial.py for tasks to queue
[2024-05-04T16:07:54.820+0000] {logging_mixin.py:117} INFO - [2024-05-04T16:07:54.820+0000] {dagbag.py:525} INFO - Filling up the DagBag from /home/airflow/.local/lib/python3.7/site-packages/airflow/example_dags/tutorial.py
[2024-05-04T16:07:54.835+0000] {processor.py:768} INFO - DAG(s) dict_keys(['tutorial']) retrieved from /home/airflow/.local/lib/python3.7/site-packages/airflow/example_dags/tutorial.py
[2024-05-04T16:07:54.883+0000] {logging_mixin.py:117} INFO - [2024-05-04T16:07:54.882+0000] {dag.py:2573} INFO - Sync 1 DAGs
[2024-05-04T16:07:54.915+0000] {logging_mixin.py:117} INFO - [2024-05-04T16:07:54.915+0000] {dag.py:3328} INFO - Setting next_dagrun for tutorial to 2024-05-03T16:07:54.915037+00:00, run_after=2024-05-04T16:07:54.915037+00:00
[2024-05-04T16:07:54.939+0000] {processor.py:178} INFO - Processing /home/airflow/.local/lib/python3.7/site-packages/airflow/example_dags/tutorial.py took 0.124 seconds
[2024-05-04T16:08:25.326+0000] {processor.py:156} INFO - Started process (PID=4619) to work on /home/airflow/.local/lib/python3.7/site-packages/airflow/example_dags/tutorial.py
[2024-05-04T16:08:25.327+0000] {processor.py:758} INFO - Processing file /home/airflow/.local/lib/python3.7/site-packages/airflow/example_dags/tutorial.py for tasks to queue
[2024-05-04T16:08:25.327+0000] {logging_mixin.py:117} INFO - [2024-05-04T16:08:25.327+0000] {dagbag.py:525} INFO - Filling up the DagBag from /home/airflow/.local/lib/python3.7/site-packages/airflow/example_dags/tutorial.py
[2024-05-04T16:08:25.340+0000] {processor.py:768} INFO - DAG(s) dict_keys(['tutorial']) retrieved from /home/airflow/.local/lib/python3.7/site-packages/airflow/example_dags/tutorial.py
[2024-05-04T16:08:25.374+0000] {logging_mixin.py:117} INFO - [2024-05-04T16:08:25.374+0000] {dag.py:2573} INFO - Sync 1 DAGs
[2024-05-04T16:08:25.394+0000] {logging_mixin.py:117} INFO - [2024-05-04T16:08:25.394+0000] {dag.py:3328} INFO - Setting next_dagrun for tutorial to 2024-05-03T16:08:25.394347+00:00, run_after=2024-05-04T16:08:25.394347+00:00
[2024-05-04T16:08:25.417+0000] {processor.py:178} INFO - Processing /home/airflow/.local/lib/python3.7/site-packages/airflow/example_dags/tutorial.py took 0.094 seconds
[2024-05-04T16:08:56.128+0000] {processor.py:156} INFO - Started process (PID=4833) to work on /home/airflow/.local/lib/python3.7/site-packages/airflow/example_dags/tutorial.py
[2024-05-04T16:08:56.129+0000] {processor.py:758} INFO - Processing file /home/airflow/.local/lib/python3.7/site-packages/airflow/example_dags/tutorial.py for tasks to queue
[2024-05-04T16:08:56.129+0000] {logging_mixin.py:117} INFO - [2024-05-04T16:08:56.129+0000] {dagbag.py:525} INFO - Filling up the DagBag from /home/airflow/.local/lib/python3.7/site-packages/airflow/example_dags/tutorial.py
[2024-05-04T16:08:56.147+0000] {processor.py:768} INFO - DAG(s) dict_keys(['tutorial']) retrieved from /home/airflow/.local/lib/python3.7/site-packages/airflow/example_dags/tutorial.py
[2024-05-04T16:08:56.193+0000] {logging_mixin.py:117} INFO - [2024-05-04T16:08:56.193+0000] {dag.py:2573} INFO - Sync 1 DAGs
[2024-05-04T16:08:56.216+0000] {logging_mixin.py:117} INFO - [2024-05-04T16:08:56.216+0000] {dag.py:3328} INFO - Setting next_dagrun for tutorial to 2024-05-03T16:08:56.216399+00:00, run_after=2024-05-04T16:08:56.216399+00:00
[2024-05-04T16:08:56.239+0000] {processor.py:178} INFO - Processing /home/airflow/.local/lib/python3.7/site-packages/airflow/example_dags/tutorial.py took 0.114 seconds
[2024-05-04T16:09:26.710+0000] {processor.py:156} INFO - Started process (PID=5037) to work on /home/airflow/.local/lib/python3.7/site-packages/airflow/example_dags/tutorial.py
[2024-05-04T16:09:26.710+0000] {processor.py:758} INFO - Processing file /home/airflow/.local/lib/python3.7/site-packages/airflow/example_dags/tutorial.py for tasks to queue
[2024-05-04T16:09:26.711+0000] {logging_mixin.py:117} INFO - [2024-05-04T16:09:26.711+0000] {dagbag.py:525} INFO - Filling up the DagBag from /home/airflow/.local/lib/python3.7/site-packages/airflow/example_dags/tutorial.py
[2024-05-04T16:09:26.728+0000] {processor.py:768} INFO - DAG(s) dict_keys(['tutorial']) retrieved from /home/airflow/.local/lib/python3.7/site-packages/airflow/example_dags/tutorial.py
[2024-05-04T16:09:26.775+0000] {logging_mixin.py:117} INFO - [2024-05-04T16:09:26.775+0000] {dag.py:2573} INFO - Sync 1 DAGs
[2024-05-04T16:09:26.806+0000] {logging_mixin.py:117} INFO - [2024-05-04T16:09:26.805+0000] {dag.py:3328} INFO - Setting next_dagrun for tutorial to 2024-05-03T16:09:26.805740+00:00, run_after=2024-05-04T16:09:26.805740+00:00
[2024-05-04T16:09:26.833+0000] {processor.py:178} INFO - Processing /home/airflow/.local/lib/python3.7/site-packages/airflow/example_dags/tutorial.py took 0.126 seconds
