[2024-05-04T15:58:04.872+0000] {processor.py:156} INFO - Started process (PID=290) to work on /home/airflow/.local/lib/python3.7/site-packages/airflow/example_dags/tutorial_dag.py
[2024-05-04T15:58:04.872+0000] {processor.py:758} INFO - Processing file /home/airflow/.local/lib/python3.7/site-packages/airflow/example_dags/tutorial_dag.py for tasks to queue
[2024-05-04T15:58:04.873+0000] {logging_mixin.py:117} INFO - [2024-05-04T15:58:04.873+0000] {dagbag.py:525} INFO - Filling up the DagBag from /home/airflow/.local/lib/python3.7/site-packages/airflow/example_dags/tutorial_dag.py
[2024-05-04T15:58:04.892+0000] {processor.py:768} INFO - DAG(s) dict_keys(['tutorial_dag']) retrieved from /home/airflow/.local/lib/python3.7/site-packages/airflow/example_dags/tutorial_dag.py
[2024-05-04T15:58:05.282+0000] {logging_mixin.py:117} INFO - [2024-05-04T15:58:05.282+0000] {manager.py:507} INFO - Created Permission View: can read on DAG:tutorial_dag
[2024-05-04T15:58:05.306+0000] {logging_mixin.py:117} INFO - [2024-05-04T15:58:05.305+0000] {manager.py:507} INFO - Created Permission View: can edit on DAG:tutorial_dag
[2024-05-04T15:58:05.319+0000] {logging_mixin.py:117} INFO - [2024-05-04T15:58:05.319+0000] {manager.py:507} INFO - Created Permission View: can delete on DAG:tutorial_dag
[2024-05-04T15:58:05.319+0000] {logging_mixin.py:117} INFO - [2024-05-04T15:58:05.319+0000] {dag.py:2573} INFO - Sync 1 DAGs
[2024-05-04T15:58:05.347+0000] {logging_mixin.py:117} INFO - [2024-05-04T15:58:05.347+0000] {dag.py:2594} INFO - Creating ORM DAG for tutorial_dag
[2024-05-04T15:58:05.366+0000] {logging_mixin.py:117} INFO - [2024-05-04T15:58:05.366+0000] {dag.py:3328} INFO - Setting next_dagrun for tutorial_dag to None, run_after=None
[2024-05-04T15:58:05.414+0000] {processor.py:178} INFO - Processing /home/airflow/.local/lib/python3.7/site-packages/airflow/example_dags/tutorial_dag.py took 0.546 seconds
[2024-05-04T15:58:42.679+0000] {processor.py:156} INFO - Started process (PID=551) to work on /home/airflow/.local/lib/python3.7/site-packages/airflow/example_dags/tutorial_dag.py
[2024-05-04T15:58:42.679+0000] {processor.py:758} INFO - Processing file /home/airflow/.local/lib/python3.7/site-packages/airflow/example_dags/tutorial_dag.py for tasks to queue
[2024-05-04T15:58:42.680+0000] {logging_mixin.py:117} INFO - [2024-05-04T15:58:42.680+0000] {dagbag.py:525} INFO - Filling up the DagBag from /home/airflow/.local/lib/python3.7/site-packages/airflow/example_dags/tutorial_dag.py
[2024-05-04T15:58:42.699+0000] {processor.py:768} INFO - DAG(s) dict_keys(['tutorial_dag']) retrieved from /home/airflow/.local/lib/python3.7/site-packages/airflow/example_dags/tutorial_dag.py
[2024-05-04T15:58:42.754+0000] {logging_mixin.py:117} INFO - [2024-05-04T15:58:42.754+0000] {dag.py:2573} INFO - Sync 1 DAGs
[2024-05-04T15:58:42.796+0000] {logging_mixin.py:117} INFO - [2024-05-04T15:58:42.796+0000] {dag.py:3328} INFO - Setting next_dagrun for tutorial_dag to None, run_after=None
[2024-05-04T15:58:42.974+0000] {processor.py:178} INFO - Processing /home/airflow/.local/lib/python3.7/site-packages/airflow/example_dags/tutorial_dag.py took 0.300 seconds
[2024-05-04T15:59:13.400+0000] {processor.py:156} INFO - Started process (PID=808) to work on /home/airflow/.local/lib/python3.7/site-packages/airflow/example_dags/tutorial_dag.py
[2024-05-04T15:59:13.401+0000] {processor.py:758} INFO - Processing file /home/airflow/.local/lib/python3.7/site-packages/airflow/example_dags/tutorial_dag.py for tasks to queue
[2024-05-04T15:59:13.401+0000] {logging_mixin.py:117} INFO - [2024-05-04T15:59:13.401+0000] {dagbag.py:525} INFO - Filling up the DagBag from /home/airflow/.local/lib/python3.7/site-packages/airflow/example_dags/tutorial_dag.py
[2024-05-04T15:59:13.417+0000] {processor.py:768} INFO - DAG(s) dict_keys(['tutorial_dag']) retrieved from /home/airflow/.local/lib/python3.7/site-packages/airflow/example_dags/tutorial_dag.py
[2024-05-04T15:59:13.455+0000] {logging_mixin.py:117} INFO - [2024-05-04T15:59:13.455+0000] {dag.py:2573} INFO - Sync 1 DAGs
[2024-05-04T15:59:13.598+0000] {logging_mixin.py:117} INFO - [2024-05-04T15:59:13.598+0000] {dag.py:3328} INFO - Setting next_dagrun for tutorial_dag to None, run_after=None
[2024-05-04T15:59:13.621+0000] {processor.py:178} INFO - Processing /home/airflow/.local/lib/python3.7/site-packages/airflow/example_dags/tutorial_dag.py took 0.224 seconds
[2024-05-04T15:59:43.688+0000] {processor.py:156} INFO - Started process (PID=1019) to work on /home/airflow/.local/lib/python3.7/site-packages/airflow/example_dags/tutorial_dag.py
[2024-05-04T15:59:43.689+0000] {processor.py:758} INFO - Processing file /home/airflow/.local/lib/python3.7/site-packages/airflow/example_dags/tutorial_dag.py for tasks to queue
[2024-05-04T15:59:43.689+0000] {logging_mixin.py:117} INFO - [2024-05-04T15:59:43.689+0000] {dagbag.py:525} INFO - Filling up the DagBag from /home/airflow/.local/lib/python3.7/site-packages/airflow/example_dags/tutorial_dag.py
[2024-05-04T15:59:43.704+0000] {processor.py:768} INFO - DAG(s) dict_keys(['tutorial_dag']) retrieved from /home/airflow/.local/lib/python3.7/site-packages/airflow/example_dags/tutorial_dag.py
[2024-05-04T15:59:43.864+0000] {logging_mixin.py:117} INFO - [2024-05-04T15:59:43.864+0000] {dag.py:2573} INFO - Sync 1 DAGs
[2024-05-04T15:59:43.884+0000] {logging_mixin.py:117} INFO - [2024-05-04T15:59:43.884+0000] {dag.py:3328} INFO - Setting next_dagrun for tutorial_dag to None, run_after=None
[2024-05-04T15:59:43.907+0000] {processor.py:178} INFO - Processing /home/airflow/.local/lib/python3.7/site-packages/airflow/example_dags/tutorial_dag.py took 0.229 seconds
[2024-05-04T16:00:14.004+0000] {processor.py:156} INFO - Started process (PID=1234) to work on /home/airflow/.local/lib/python3.7/site-packages/airflow/example_dags/tutorial_dag.py
[2024-05-04T16:00:14.005+0000] {processor.py:758} INFO - Processing file /home/airflow/.local/lib/python3.7/site-packages/airflow/example_dags/tutorial_dag.py for tasks to queue
[2024-05-04T16:00:14.005+0000] {logging_mixin.py:117} INFO - [2024-05-04T16:00:14.005+0000] {dagbag.py:525} INFO - Filling up the DagBag from /home/airflow/.local/lib/python3.7/site-packages/airflow/example_dags/tutorial_dag.py
[2024-05-04T16:00:14.018+0000] {processor.py:768} INFO - DAG(s) dict_keys(['tutorial_dag']) retrieved from /home/airflow/.local/lib/python3.7/site-packages/airflow/example_dags/tutorial_dag.py
[2024-05-04T16:00:14.159+0000] {logging_mixin.py:117} INFO - [2024-05-04T16:00:14.159+0000] {dag.py:2573} INFO - Sync 1 DAGs
[2024-05-04T16:00:14.177+0000] {logging_mixin.py:117} INFO - [2024-05-04T16:00:14.177+0000] {dag.py:3328} INFO - Setting next_dagrun for tutorial_dag to None, run_after=None
[2024-05-04T16:00:14.196+0000] {processor.py:178} INFO - Processing /home/airflow/.local/lib/python3.7/site-packages/airflow/example_dags/tutorial_dag.py took 0.194 seconds
[2024-05-04T16:00:44.388+0000] {processor.py:156} INFO - Started process (PID=1438) to work on /home/airflow/.local/lib/python3.7/site-packages/airflow/example_dags/tutorial_dag.py
[2024-05-04T16:00:44.388+0000] {processor.py:758} INFO - Processing file /home/airflow/.local/lib/python3.7/site-packages/airflow/example_dags/tutorial_dag.py for tasks to queue
[2024-05-04T16:00:44.389+0000] {logging_mixin.py:117} INFO - [2024-05-04T16:00:44.389+0000] {dagbag.py:525} INFO - Filling up the DagBag from /home/airflow/.local/lib/python3.7/site-packages/airflow/example_dags/tutorial_dag.py
[2024-05-04T16:00:44.511+0000] {processor.py:768} INFO - DAG(s) dict_keys(['tutorial_dag']) retrieved from /home/airflow/.local/lib/python3.7/site-packages/airflow/example_dags/tutorial_dag.py
[2024-05-04T16:00:44.541+0000] {logging_mixin.py:117} INFO - [2024-05-04T16:00:44.541+0000] {dag.py:2573} INFO - Sync 1 DAGs
[2024-05-04T16:00:44.560+0000] {logging_mixin.py:117} INFO - [2024-05-04T16:00:44.560+0000] {dag.py:3328} INFO - Setting next_dagrun for tutorial_dag to None, run_after=None
[2024-05-04T16:00:44.579+0000] {processor.py:178} INFO - Processing /home/airflow/.local/lib/python3.7/site-packages/airflow/example_dags/tutorial_dag.py took 0.194 seconds
[2024-05-04T16:01:14.640+0000] {processor.py:156} INFO - Started process (PID=1651) to work on /home/airflow/.local/lib/python3.7/site-packages/airflow/example_dags/tutorial_dag.py
[2024-05-04T16:01:14.640+0000] {processor.py:758} INFO - Processing file /home/airflow/.local/lib/python3.7/site-packages/airflow/example_dags/tutorial_dag.py for tasks to queue
[2024-05-04T16:01:14.641+0000] {logging_mixin.py:117} INFO - [2024-05-04T16:01:14.641+0000] {dagbag.py:525} INFO - Filling up the DagBag from /home/airflow/.local/lib/python3.7/site-packages/airflow/example_dags/tutorial_dag.py
[2024-05-04T16:01:14.653+0000] {processor.py:768} INFO - DAG(s) dict_keys(['tutorial_dag']) retrieved from /home/airflow/.local/lib/python3.7/site-packages/airflow/example_dags/tutorial_dag.py
[2024-05-04T16:01:14.685+0000] {logging_mixin.py:117} INFO - [2024-05-04T16:01:14.685+0000] {dag.py:2573} INFO - Sync 1 DAGs
[2024-05-04T16:01:14.707+0000] {logging_mixin.py:117} INFO - [2024-05-04T16:01:14.706+0000] {dag.py:3328} INFO - Setting next_dagrun for tutorial_dag to None, run_after=None
[2024-05-04T16:01:14.729+0000] {processor.py:178} INFO - Processing /home/airflow/.local/lib/python3.7/site-packages/airflow/example_dags/tutorial_dag.py took 0.092 seconds
[2024-05-04T16:01:45.291+0000] {processor.py:156} INFO - Started process (PID=1864) to work on /home/airflow/.local/lib/python3.7/site-packages/airflow/example_dags/tutorial_dag.py
[2024-05-04T16:01:45.291+0000] {processor.py:758} INFO - Processing file /home/airflow/.local/lib/python3.7/site-packages/airflow/example_dags/tutorial_dag.py for tasks to queue
[2024-05-04T16:01:45.292+0000] {logging_mixin.py:117} INFO - [2024-05-04T16:01:45.291+0000] {dagbag.py:525} INFO - Filling up the DagBag from /home/airflow/.local/lib/python3.7/site-packages/airflow/example_dags/tutorial_dag.py
[2024-05-04T16:01:45.304+0000] {processor.py:768} INFO - DAG(s) dict_keys(['tutorial_dag']) retrieved from /home/airflow/.local/lib/python3.7/site-packages/airflow/example_dags/tutorial_dag.py
[2024-05-04T16:01:45.336+0000] {logging_mixin.py:117} INFO - [2024-05-04T16:01:45.336+0000] {dag.py:2573} INFO - Sync 1 DAGs
[2024-05-04T16:01:45.356+0000] {logging_mixin.py:117} INFO - [2024-05-04T16:01:45.356+0000] {dag.py:3328} INFO - Setting next_dagrun for tutorial_dag to None, run_after=None
[2024-05-04T16:01:45.376+0000] {processor.py:178} INFO - Processing /home/airflow/.local/lib/python3.7/site-packages/airflow/example_dags/tutorial_dag.py took 0.089 seconds
[2024-05-04T16:02:16.152+0000] {processor.py:156} INFO - Started process (PID=2077) to work on /home/airflow/.local/lib/python3.7/site-packages/airflow/example_dags/tutorial_dag.py
[2024-05-04T16:02:16.152+0000] {processor.py:758} INFO - Processing file /home/airflow/.local/lib/python3.7/site-packages/airflow/example_dags/tutorial_dag.py for tasks to queue
[2024-05-04T16:02:16.153+0000] {logging_mixin.py:117} INFO - [2024-05-04T16:02:16.153+0000] {dagbag.py:525} INFO - Filling up the DagBag from /home/airflow/.local/lib/python3.7/site-packages/airflow/example_dags/tutorial_dag.py
[2024-05-04T16:02:16.165+0000] {processor.py:768} INFO - DAG(s) dict_keys(['tutorial_dag']) retrieved from /home/airflow/.local/lib/python3.7/site-packages/airflow/example_dags/tutorial_dag.py
[2024-05-04T16:02:16.197+0000] {logging_mixin.py:117} INFO - [2024-05-04T16:02:16.197+0000] {dag.py:2573} INFO - Sync 1 DAGs
[2024-05-04T16:02:16.216+0000] {logging_mixin.py:117} INFO - [2024-05-04T16:02:16.216+0000] {dag.py:3328} INFO - Setting next_dagrun for tutorial_dag to None, run_after=None
[2024-05-04T16:02:16.235+0000] {processor.py:178} INFO - Processing /home/airflow/.local/lib/python3.7/site-packages/airflow/example_dags/tutorial_dag.py took 0.086 seconds
[2024-05-04T16:02:46.861+0000] {processor.py:156} INFO - Started process (PID=2281) to work on /home/airflow/.local/lib/python3.7/site-packages/airflow/example_dags/tutorial_dag.py
[2024-05-04T16:02:46.861+0000] {processor.py:758} INFO - Processing file /home/airflow/.local/lib/python3.7/site-packages/airflow/example_dags/tutorial_dag.py for tasks to queue
[2024-05-04T16:02:46.861+0000] {logging_mixin.py:117} INFO - [2024-05-04T16:02:46.861+0000] {dagbag.py:525} INFO - Filling up the DagBag from /home/airflow/.local/lib/python3.7/site-packages/airflow/example_dags/tutorial_dag.py
[2024-05-04T16:02:46.874+0000] {processor.py:768} INFO - DAG(s) dict_keys(['tutorial_dag']) retrieved from /home/airflow/.local/lib/python3.7/site-packages/airflow/example_dags/tutorial_dag.py
[2024-05-04T16:02:46.911+0000] {logging_mixin.py:117} INFO - [2024-05-04T16:02:46.911+0000] {dag.py:2573} INFO - Sync 1 DAGs
[2024-05-04T16:02:46.942+0000] {logging_mixin.py:117} INFO - [2024-05-04T16:02:46.942+0000] {dag.py:3328} INFO - Setting next_dagrun for tutorial_dag to None, run_after=None
[2024-05-04T16:02:46.967+0000] {processor.py:178} INFO - Processing /home/airflow/.local/lib/python3.7/site-packages/airflow/example_dags/tutorial_dag.py took 0.109 seconds
[2024-05-04T16:03:17.689+0000] {processor.py:156} INFO - Started process (PID=2495) to work on /home/airflow/.local/lib/python3.7/site-packages/airflow/example_dags/tutorial_dag.py
[2024-05-04T16:03:17.690+0000] {processor.py:758} INFO - Processing file /home/airflow/.local/lib/python3.7/site-packages/airflow/example_dags/tutorial_dag.py for tasks to queue
[2024-05-04T16:03:17.690+0000] {logging_mixin.py:117} INFO - [2024-05-04T16:03:17.690+0000] {dagbag.py:525} INFO - Filling up the DagBag from /home/airflow/.local/lib/python3.7/site-packages/airflow/example_dags/tutorial_dag.py
[2024-05-04T16:03:17.702+0000] {processor.py:768} INFO - DAG(s) dict_keys(['tutorial_dag']) retrieved from /home/airflow/.local/lib/python3.7/site-packages/airflow/example_dags/tutorial_dag.py
[2024-05-04T16:03:17.734+0000] {logging_mixin.py:117} INFO - [2024-05-04T16:03:17.734+0000] {dag.py:2573} INFO - Sync 1 DAGs
[2024-05-04T16:03:17.754+0000] {logging_mixin.py:117} INFO - [2024-05-04T16:03:17.754+0000] {dag.py:3328} INFO - Setting next_dagrun for tutorial_dag to None, run_after=None
[2024-05-04T16:03:17.775+0000] {processor.py:178} INFO - Processing /home/airflow/.local/lib/python3.7/site-packages/airflow/example_dags/tutorial_dag.py took 0.088 seconds
[2024-05-04T16:03:48.328+0000] {processor.py:156} INFO - Started process (PID=2708) to work on /home/airflow/.local/lib/python3.7/site-packages/airflow/example_dags/tutorial_dag.py
[2024-05-04T16:03:48.328+0000] {processor.py:758} INFO - Processing file /home/airflow/.local/lib/python3.7/site-packages/airflow/example_dags/tutorial_dag.py for tasks to queue
[2024-05-04T16:03:48.329+0000] {logging_mixin.py:117} INFO - [2024-05-04T16:03:48.329+0000] {dagbag.py:525} INFO - Filling up the DagBag from /home/airflow/.local/lib/python3.7/site-packages/airflow/example_dags/tutorial_dag.py
[2024-05-04T16:03:48.341+0000] {processor.py:768} INFO - DAG(s) dict_keys(['tutorial_dag']) retrieved from /home/airflow/.local/lib/python3.7/site-packages/airflow/example_dags/tutorial_dag.py
[2024-05-04T16:03:48.375+0000] {logging_mixin.py:117} INFO - [2024-05-04T16:03:48.375+0000] {dag.py:2573} INFO - Sync 1 DAGs
[2024-05-04T16:03:48.396+0000] {logging_mixin.py:117} INFO - [2024-05-04T16:03:48.396+0000] {dag.py:3328} INFO - Setting next_dagrun for tutorial_dag to None, run_after=None
[2024-05-04T16:03:48.416+0000] {processor.py:178} INFO - Processing /home/airflow/.local/lib/python3.7/site-packages/airflow/example_dags/tutorial_dag.py took 0.091 seconds
[2024-05-04T16:04:18.777+0000] {processor.py:156} INFO - Started process (PID=2919) to work on /home/airflow/.local/lib/python3.7/site-packages/airflow/example_dags/tutorial_dag.py
[2024-05-04T16:04:18.778+0000] {processor.py:758} INFO - Processing file /home/airflow/.local/lib/python3.7/site-packages/airflow/example_dags/tutorial_dag.py for tasks to queue
[2024-05-04T16:04:18.779+0000] {logging_mixin.py:117} INFO - [2024-05-04T16:04:18.778+0000] {dagbag.py:525} INFO - Filling up the DagBag from /home/airflow/.local/lib/python3.7/site-packages/airflow/example_dags/tutorial_dag.py
[2024-05-04T16:04:18.794+0000] {processor.py:768} INFO - DAG(s) dict_keys(['tutorial_dag']) retrieved from /home/airflow/.local/lib/python3.7/site-packages/airflow/example_dags/tutorial_dag.py
[2024-05-04T16:04:18.831+0000] {logging_mixin.py:117} INFO - [2024-05-04T16:04:18.831+0000] {dag.py:2573} INFO - Sync 1 DAGs
[2024-05-04T16:04:18.851+0000] {logging_mixin.py:117} INFO - [2024-05-04T16:04:18.851+0000] {dag.py:3328} INFO - Setting next_dagrun for tutorial_dag to None, run_after=None
[2024-05-04T16:04:18.874+0000] {processor.py:178} INFO - Processing /home/airflow/.local/lib/python3.7/site-packages/airflow/example_dags/tutorial_dag.py took 0.101 seconds
[2024-05-04T16:04:49.423+0000] {processor.py:156} INFO - Started process (PID=3125) to work on /home/airflow/.local/lib/python3.7/site-packages/airflow/example_dags/tutorial_dag.py
[2024-05-04T16:04:49.424+0000] {processor.py:758} INFO - Processing file /home/airflow/.local/lib/python3.7/site-packages/airflow/example_dags/tutorial_dag.py for tasks to queue
[2024-05-04T16:04:49.424+0000] {logging_mixin.py:117} INFO - [2024-05-04T16:04:49.424+0000] {dagbag.py:525} INFO - Filling up the DagBag from /home/airflow/.local/lib/python3.7/site-packages/airflow/example_dags/tutorial_dag.py
[2024-05-04T16:04:49.436+0000] {processor.py:768} INFO - DAG(s) dict_keys(['tutorial_dag']) retrieved from /home/airflow/.local/lib/python3.7/site-packages/airflow/example_dags/tutorial_dag.py
[2024-05-04T16:04:49.468+0000] {logging_mixin.py:117} INFO - [2024-05-04T16:04:49.468+0000] {dag.py:2573} INFO - Sync 1 DAGs
[2024-05-04T16:04:49.488+0000] {logging_mixin.py:117} INFO - [2024-05-04T16:04:49.488+0000] {dag.py:3328} INFO - Setting next_dagrun for tutorial_dag to None, run_after=None
[2024-05-04T16:04:49.507+0000] {processor.py:178} INFO - Processing /home/airflow/.local/lib/python3.7/site-packages/airflow/example_dags/tutorial_dag.py took 0.087 seconds
[2024-05-04T16:05:20.157+0000] {processor.py:156} INFO - Started process (PID=3338) to work on /home/airflow/.local/lib/python3.7/site-packages/airflow/example_dags/tutorial_dag.py
[2024-05-04T16:05:20.158+0000] {processor.py:758} INFO - Processing file /home/airflow/.local/lib/python3.7/site-packages/airflow/example_dags/tutorial_dag.py for tasks to queue
[2024-05-04T16:05:20.159+0000] {logging_mixin.py:117} INFO - [2024-05-04T16:05:20.158+0000] {dagbag.py:525} INFO - Filling up the DagBag from /home/airflow/.local/lib/python3.7/site-packages/airflow/example_dags/tutorial_dag.py
[2024-05-04T16:05:20.173+0000] {processor.py:768} INFO - DAG(s) dict_keys(['tutorial_dag']) retrieved from /home/airflow/.local/lib/python3.7/site-packages/airflow/example_dags/tutorial_dag.py
[2024-05-04T16:05:20.218+0000] {logging_mixin.py:117} INFO - [2024-05-04T16:05:20.218+0000] {dag.py:2573} INFO - Sync 1 DAGs
[2024-05-04T16:05:20.247+0000] {logging_mixin.py:117} INFO - [2024-05-04T16:05:20.247+0000] {dag.py:3328} INFO - Setting next_dagrun for tutorial_dag to None, run_after=None
[2024-05-04T16:05:20.266+0000] {processor.py:178} INFO - Processing /home/airflow/.local/lib/python3.7/site-packages/airflow/example_dags/tutorial_dag.py took 0.113 seconds
[2024-05-04T16:05:50.851+0000] {processor.py:156} INFO - Started process (PID=3552) to work on /home/airflow/.local/lib/python3.7/site-packages/airflow/example_dags/tutorial_dag.py
[2024-05-04T16:05:50.852+0000] {processor.py:758} INFO - Processing file /home/airflow/.local/lib/python3.7/site-packages/airflow/example_dags/tutorial_dag.py for tasks to queue
[2024-05-04T16:05:50.852+0000] {logging_mixin.py:117} INFO - [2024-05-04T16:05:50.852+0000] {dagbag.py:525} INFO - Filling up the DagBag from /home/airflow/.local/lib/python3.7/site-packages/airflow/example_dags/tutorial_dag.py
[2024-05-04T16:05:50.869+0000] {processor.py:768} INFO - DAG(s) dict_keys(['tutorial_dag']) retrieved from /home/airflow/.local/lib/python3.7/site-packages/airflow/example_dags/tutorial_dag.py
[2024-05-04T16:05:50.908+0000] {logging_mixin.py:117} INFO - [2024-05-04T16:05:50.908+0000] {dag.py:2573} INFO - Sync 1 DAGs
[2024-05-04T16:05:50.929+0000] {logging_mixin.py:117} INFO - [2024-05-04T16:05:50.929+0000] {dag.py:3328} INFO - Setting next_dagrun for tutorial_dag to None, run_after=None
[2024-05-04T16:05:50.949+0000] {processor.py:178} INFO - Processing /home/airflow/.local/lib/python3.7/site-packages/airflow/example_dags/tutorial_dag.py took 0.103 seconds
[2024-05-04T16:06:21.633+0000] {processor.py:156} INFO - Started process (PID=3770) to work on /home/airflow/.local/lib/python3.7/site-packages/airflow/example_dags/tutorial_dag.py
[2024-05-04T16:06:21.634+0000] {processor.py:758} INFO - Processing file /home/airflow/.local/lib/python3.7/site-packages/airflow/example_dags/tutorial_dag.py for tasks to queue
[2024-05-04T16:06:21.634+0000] {logging_mixin.py:117} INFO - [2024-05-04T16:06:21.634+0000] {dagbag.py:525} INFO - Filling up the DagBag from /home/airflow/.local/lib/python3.7/site-packages/airflow/example_dags/tutorial_dag.py
[2024-05-04T16:06:21.647+0000] {processor.py:768} INFO - DAG(s) dict_keys(['tutorial_dag']) retrieved from /home/airflow/.local/lib/python3.7/site-packages/airflow/example_dags/tutorial_dag.py
[2024-05-04T16:06:21.690+0000] {logging_mixin.py:117} INFO - [2024-05-04T16:06:21.690+0000] {dag.py:2573} INFO - Sync 1 DAGs
[2024-05-04T16:06:21.713+0000] {logging_mixin.py:117} INFO - [2024-05-04T16:06:21.713+0000] {dag.py:3328} INFO - Setting next_dagrun for tutorial_dag to None, run_after=None
[2024-05-04T16:06:21.738+0000] {processor.py:178} INFO - Processing /home/airflow/.local/lib/python3.7/site-packages/airflow/example_dags/tutorial_dag.py took 0.108 seconds
[2024-05-04T16:06:52.570+0000] {processor.py:156} INFO - Started process (PID=3980) to work on /home/airflow/.local/lib/python3.7/site-packages/airflow/example_dags/tutorial_dag.py
[2024-05-04T16:06:52.571+0000] {processor.py:758} INFO - Processing file /home/airflow/.local/lib/python3.7/site-packages/airflow/example_dags/tutorial_dag.py for tasks to queue
[2024-05-04T16:06:52.571+0000] {logging_mixin.py:117} INFO - [2024-05-04T16:06:52.571+0000] {dagbag.py:525} INFO - Filling up the DagBag from /home/airflow/.local/lib/python3.7/site-packages/airflow/example_dags/tutorial_dag.py
[2024-05-04T16:06:52.585+0000] {processor.py:768} INFO - DAG(s) dict_keys(['tutorial_dag']) retrieved from /home/airflow/.local/lib/python3.7/site-packages/airflow/example_dags/tutorial_dag.py
[2024-05-04T16:06:52.619+0000] {logging_mixin.py:117} INFO - [2024-05-04T16:06:52.619+0000] {dag.py:2573} INFO - Sync 1 DAGs
[2024-05-04T16:06:52.640+0000] {logging_mixin.py:117} INFO - [2024-05-04T16:06:52.640+0000] {dag.py:3328} INFO - Setting next_dagrun for tutorial_dag to None, run_after=None
[2024-05-04T16:06:52.660+0000] {processor.py:178} INFO - Processing /home/airflow/.local/lib/python3.7/site-packages/airflow/example_dags/tutorial_dag.py took 0.094 seconds
[2024-05-04T16:07:23.279+0000] {processor.py:156} INFO - Started process (PID=4187) to work on /home/airflow/.local/lib/python3.7/site-packages/airflow/example_dags/tutorial_dag.py
[2024-05-04T16:07:23.279+0000] {processor.py:758} INFO - Processing file /home/airflow/.local/lib/python3.7/site-packages/airflow/example_dags/tutorial_dag.py for tasks to queue
[2024-05-04T16:07:23.279+0000] {logging_mixin.py:117} INFO - [2024-05-04T16:07:23.279+0000] {dagbag.py:525} INFO - Filling up the DagBag from /home/airflow/.local/lib/python3.7/site-packages/airflow/example_dags/tutorial_dag.py
[2024-05-04T16:07:23.291+0000] {processor.py:768} INFO - DAG(s) dict_keys(['tutorial_dag']) retrieved from /home/airflow/.local/lib/python3.7/site-packages/airflow/example_dags/tutorial_dag.py
[2024-05-04T16:07:23.327+0000] {logging_mixin.py:117} INFO - [2024-05-04T16:07:23.327+0000] {dag.py:2573} INFO - Sync 1 DAGs
[2024-05-04T16:07:23.347+0000] {logging_mixin.py:117} INFO - [2024-05-04T16:07:23.347+0000] {dag.py:3328} INFO - Setting next_dagrun for tutorial_dag to None, run_after=None
[2024-05-04T16:07:23.366+0000] {processor.py:178} INFO - Processing /home/airflow/.local/lib/python3.7/site-packages/airflow/example_dags/tutorial_dag.py took 0.091 seconds
[2024-05-04T16:07:53.720+0000] {processor.py:156} INFO - Started process (PID=4399) to work on /home/airflow/.local/lib/python3.7/site-packages/airflow/example_dags/tutorial_dag.py
[2024-05-04T16:07:53.721+0000] {processor.py:758} INFO - Processing file /home/airflow/.local/lib/python3.7/site-packages/airflow/example_dags/tutorial_dag.py for tasks to queue
[2024-05-04T16:07:53.723+0000] {logging_mixin.py:117} INFO - [2024-05-04T16:07:53.722+0000] {dagbag.py:525} INFO - Filling up the DagBag from /home/airflow/.local/lib/python3.7/site-packages/airflow/example_dags/tutorial_dag.py
[2024-05-04T16:07:53.740+0000] {processor.py:768} INFO - DAG(s) dict_keys(['tutorial_dag']) retrieved from /home/airflow/.local/lib/python3.7/site-packages/airflow/example_dags/tutorial_dag.py
[2024-05-04T16:07:53.788+0000] {logging_mixin.py:117} INFO - [2024-05-04T16:07:53.788+0000] {dag.py:2573} INFO - Sync 1 DAGs
[2024-05-04T16:07:53.821+0000] {logging_mixin.py:117} INFO - [2024-05-04T16:07:53.820+0000] {dag.py:3328} INFO - Setting next_dagrun for tutorial_dag to None, run_after=None
[2024-05-04T16:07:53.845+0000] {processor.py:178} INFO - Processing /home/airflow/.local/lib/python3.7/site-packages/airflow/example_dags/tutorial_dag.py took 0.128 seconds
[2024-05-04T16:08:24.317+0000] {processor.py:156} INFO - Started process (PID=4614) to work on /home/airflow/.local/lib/python3.7/site-packages/airflow/example_dags/tutorial_dag.py
[2024-05-04T16:08:24.317+0000] {processor.py:758} INFO - Processing file /home/airflow/.local/lib/python3.7/site-packages/airflow/example_dags/tutorial_dag.py for tasks to queue
[2024-05-04T16:08:24.318+0000] {logging_mixin.py:117} INFO - [2024-05-04T16:08:24.318+0000] {dagbag.py:525} INFO - Filling up the DagBag from /home/airflow/.local/lib/python3.7/site-packages/airflow/example_dags/tutorial_dag.py
[2024-05-04T16:08:24.331+0000] {processor.py:768} INFO - DAG(s) dict_keys(['tutorial_dag']) retrieved from /home/airflow/.local/lib/python3.7/site-packages/airflow/example_dags/tutorial_dag.py
[2024-05-04T16:08:24.365+0000] {logging_mixin.py:117} INFO - [2024-05-04T16:08:24.365+0000] {dag.py:2573} INFO - Sync 1 DAGs
[2024-05-04T16:08:24.384+0000] {logging_mixin.py:117} INFO - [2024-05-04T16:08:24.384+0000] {dag.py:3328} INFO - Setting next_dagrun for tutorial_dag to None, run_after=None
[2024-05-04T16:08:24.403+0000] {processor.py:178} INFO - Processing /home/airflow/.local/lib/python3.7/site-packages/airflow/example_dags/tutorial_dag.py took 0.089 seconds
[2024-05-04T16:08:55.118+0000] {processor.py:156} INFO - Started process (PID=4825) to work on /home/airflow/.local/lib/python3.7/site-packages/airflow/example_dags/tutorial_dag.py
[2024-05-04T16:08:55.119+0000] {processor.py:758} INFO - Processing file /home/airflow/.local/lib/python3.7/site-packages/airflow/example_dags/tutorial_dag.py for tasks to queue
[2024-05-04T16:08:55.119+0000] {logging_mixin.py:117} INFO - [2024-05-04T16:08:55.119+0000] {dagbag.py:525} INFO - Filling up the DagBag from /home/airflow/.local/lib/python3.7/site-packages/airflow/example_dags/tutorial_dag.py
[2024-05-04T16:08:55.132+0000] {processor.py:768} INFO - DAG(s) dict_keys(['tutorial_dag']) retrieved from /home/airflow/.local/lib/python3.7/site-packages/airflow/example_dags/tutorial_dag.py
[2024-05-04T16:08:55.166+0000] {logging_mixin.py:117} INFO - [2024-05-04T16:08:55.165+0000] {dag.py:2573} INFO - Sync 1 DAGs
[2024-05-04T16:08:55.188+0000] {logging_mixin.py:117} INFO - [2024-05-04T16:08:55.188+0000] {dag.py:3328} INFO - Setting next_dagrun for tutorial_dag to None, run_after=None
[2024-05-04T16:08:55.208+0000] {processor.py:178} INFO - Processing /home/airflow/.local/lib/python3.7/site-packages/airflow/example_dags/tutorial_dag.py took 0.092 seconds
[2024-05-04T16:09:25.701+0000] {processor.py:156} INFO - Started process (PID=5032) to work on /home/airflow/.local/lib/python3.7/site-packages/airflow/example_dags/tutorial_dag.py
[2024-05-04T16:09:25.701+0000] {processor.py:758} INFO - Processing file /home/airflow/.local/lib/python3.7/site-packages/airflow/example_dags/tutorial_dag.py for tasks to queue
[2024-05-04T16:09:25.702+0000] {logging_mixin.py:117} INFO - [2024-05-04T16:09:25.702+0000] {dagbag.py:525} INFO - Filling up the DagBag from /home/airflow/.local/lib/python3.7/site-packages/airflow/example_dags/tutorial_dag.py
[2024-05-04T16:09:25.714+0000] {processor.py:768} INFO - DAG(s) dict_keys(['tutorial_dag']) retrieved from /home/airflow/.local/lib/python3.7/site-packages/airflow/example_dags/tutorial_dag.py
[2024-05-04T16:09:25.745+0000] {logging_mixin.py:117} INFO - [2024-05-04T16:09:25.745+0000] {dag.py:2573} INFO - Sync 1 DAGs
[2024-05-04T16:09:25.770+0000] {logging_mixin.py:117} INFO - [2024-05-04T16:09:25.769+0000] {dag.py:3328} INFO - Setting next_dagrun for tutorial_dag to None, run_after=None
[2024-05-04T16:09:25.793+0000] {processor.py:178} INFO - Processing /home/airflow/.local/lib/python3.7/site-packages/airflow/example_dags/tutorial_dag.py took 0.095 seconds
